ARM GAS  C:\cygwin\tmp\ccKuqDZ0.s 			page 1


   1              		.syntax unified
   2              		.cpu cortex-m3
   3              		.fpu softvfp
   4              		.eabi_attribute 20, 1
   5              		.eabi_attribute 21, 1
   6              		.eabi_attribute 23, 3
   7              		.eabi_attribute 24, 1
   8              		.eabi_attribute 25, 1
   9              		.eabi_attribute 26, 1
  10              		.eabi_attribute 30, 2
  11              		.eabi_attribute 34, 1
  12              		.eabi_attribute 18, 4
  13              		.thumb
  14              		.syntax unified
  15              		.file	"board.c"
  16              		.text
  17              	.Ltext0:
  18              		.section	.gnu.lto_.profile.2d26ef4a,"",%progbits
  19 0000 789C6361 		.ascii	"x\234ca`d`a`\000\222|\314\000\000\211\000\034"
  19      60646061 
  19      6000927C 
  19      CC000089 
  19      001C
  20              		.text
  21              		.section	.gnu.lto_.icf.2d26ef4a,"",%progbits
  22 0000 789C6361 		.ascii	"x\234ca`d\000\001\021\006\004`f\230?\363\3201.\306\365"
  22      60640001 
  22      11060460 
  22      66983FF3 
  22      D0312EC6 
  23 0015 331FB430 		.ascii	"3\037\26401\235\373?\363\0223\003\000\\L\010\323"
  23      319DFB3F 
  23      F3123303 
  23      005C4C08 
  23      D3
  24              		.text
  25              		.section	.gnu.lto_.jmpfuncs.2d26ef4a,"",%progbits
  26 0000 789C6361 		.ascii	"x\234ca`d\000\001N\006\004`\002\021 a\000\001\177\000"
  26      60640001 
  26      4E060460 
  26      02112061 
  26      00017F00 
  27 0014 12       		.ascii	"\022"
  28              		.text
  29              		.section	.gnu.lto_.inline.2d26ef4a,"",%progbits
  30 0000 789C6361 		.ascii	"x\234ca`d\000\001m\006\004`b``\341a\004Q\014l\013\344"
  30      60640001 
  30      6D060460 
  30      626060E1 
  30      6104510C 
  31 0017 41140323 		.ascii	"A\024\003#\027\210``fB\025f\000\000-\221\001\350"
  31      17886060 
  31      66421566 
  31      00002D91 
  31      01E8
  32              		.text
  33              		.section	.gnu.lto_.pureconst.2d26ef4a,"",%progbits
ARM GAS  C:\cygwin\tmp\ccKuqDZ0.s 			page 2


  34 0000 789C6361 		.ascii	"x\234ca`d`e```b\220`d\000\000\000\315\000&"
  34      60646065 
  34      60606062 
  34      90606400 
  34      0000CD00 
  35              		.text
  36              		.section	.gnu.lto___early_init.2d26ef4a,"",%progbits
  37 0000 789C258D 		.ascii	"x\234%\215\273\016\001a\020\205\347\314\357\262\015"
  37      BB0E0161 
  37      1085E7CC 
  37      EFB20D
  38 000f D16BB41A 		.ascii	"\321k\264\032<\2137p\351%^`\307eC\251\341\025\330J\024"
  38      3C8B3770 
  38      E9255E60 
  38      C76543A9 
  38      E115D84A 
  39 0024 22DB6D3C 		.ascii	"\"\333m<\200\027\320\210BD\024D\224\254\231u\2223\377"
  39      8017D088 
  39      42441444 
  39      94AC9975 
  39      9233FF
  40 0037 24E7FCDF 		.ascii	"$\347\374\337d\010d\012\325%uY\015G\340\331\201h\340"
  40      6408640A 
  40      D5257559 
  40      0D47E0D9 
  40      8168E0
  41 004a 31608B78 		.ascii	"1`\213x \237\341\343\315\037\306~r\211\270\272\024\325"
  41      209FE1E3 
  41      CD1FC67E 
  41      7289B8BA 
  41      14D5
  42 005c 29583859 		.ascii	")X8Y\305\010\034Q\302)\211\260D\225\264v\336|\347\205"
  42      C5081C51 
  42      C22989B0 
  42      4495B476 
  42      DE7CE785 
  43 0070 DCD86A95 		.ascii	"\334\330j\225\177\210\025rvn\335\214%IF\"\257\306\221"
  43      7F881572 
  43      766EDD8C 
  43      25494622 
  43      AFC691
  44 0083 F5E74343 		.ascii	"\365\347CC;\363d\266\327]1\212\267\005k\033'\212\356"
  44      3BF364B6 
  44      D75D318A 
  44      B7056B1B 
  44      278AEE
  45 0096 C7BCFF91 		.ascii	"\307\274\377\221\251H)pHX\021\010\341S\340\230n\030"
  45      A9482970 
  45      48581108 
  45      E153E098 
  45      6E18
  46 00a8 C6BB6C5A 		.ascii	"\306\273lZ5=4T\202\362\212\355^\253\337\255\247\263"
  46      353D3454 
  46      82F28AED 
  46      5EABDFAD 
  46      A7B3
  47 00ba D6A11FF6 		.ascii	"\326\241\037\366\202B\035"
ARM GAS  C:\cygwin\tmp\ccKuqDZ0.s 			page 3


  47      82421D
  48              		.text
  49              		.section	.gnu.lto_boardInit.2d26ef4a,"",%progbits
  50 0000 789C6361 		.ascii	"x\234ca`d\000\201j \026\000bi fdf`d\232p\216\201\241"
  50      60640081 
  50      6A201600 
  50      62692066 
  50      64666064 
  51 0019 91838991 		.ascii	"\221\203\211\221\021\304h\340`d\250gb\254g\374\312\364"
  51      11C468E0 
  51      6064A867 
  51      62AC67FC 
  51      CAF4
  52 002b 9789F150 		.ascii	"\227\211\361P\373\263\235L\232\313\033\200\340A\353"
  52      FBB39D4C 
  52      9ACB1B80 
  52      E041EB
  53 003a 2CE68615 		.ascii	",\346\206\025\007\030[\231\031\030\3763\201Mb`\\\316"
  53      07185B99 
  53      1918FE33 
  53      814D6260 
  53      5CCE
  54 004c A8C90054 		.ascii	"\250\311\000T\366h\343\277\251\274l- e\012\020I\306"
  54      F668E3BF 
  54      A9BC6C2D 
  54      20650A10 
  54      49C6
  55 005e 158C6C20 		.ascii	"\025\214l \353\326\007\035h\370\377\277\271\241\341"
  55      EBD6071D 
  55      68F8FFBF 
  55      B9A1E1
  56 006d AEC14B26 		.ascii	"\256\301K&\240\304\007 \006Y\363\021\310\001\322\314"
  56      A0C40720 
  56      0659F311 
  56      C801D2CC 
  57 007d AF189940 		.ascii	"\257\030\231@J\301\246}`b\004\211\001U\360%\345'\026"
  57      4AC1A67D 
  57      60620489 
  57      0155F025 
  57      E52716
  58 0090 A5E88349 		.ascii	"\245\350\203I\275d\006\000x\2011="
  58      BD640600 
  58      7881313D 
  59              		.text
  60              		.section	.gnu.lto_pal_default_config.2d26ef4a,"",%progbits
  61 0000 789C6361 		.ascii	"x\234ca`d\000\2016 \005a10\374eb<\270i\302*\346/L\255"
  61      60640081 
  61      36200561 
  61      3130FC65 
  61      623CB869 
  62 001a CC0C8C1D 		.ascii	"\314\014\214\035\023\027\035\341\000\012\335=\261r5"
  62      13171DE1 
  62      000ADD3D 
  62      B17235
  63 0029 54E83F10 		.ascii	"T\350?\020\360\003\205\276\334\277v\203\333b[C\307\202"
  63      F00385BE 
  63      DCBF7683 
ARM GAS  C:\cygwin\tmp\ccKuqDZ0.s 			page 4


  63      DB625B43 
  63      C782
  64 003b 06835666 		.ascii	"\006\203Vf\306\177L\014\214+\030e\376112.\007QL \012"
  64      C67F4C0C 
  64      8C2B1865 
  64      FE313132 
  64      2E07514C 
  65 0051 64DA9F29 		.ascii	"d\332\237)\2577q@\264\036\231\0001m\343\346\331\377"
  65      AF377140 
  65      B41E9900 
  65      316DE3E6 
  65      D9FF
  66 0063 19B16A5D 		.ascii	"\031\261j]\205\242\225X+\366\177\270\362\215\011b\305"
  66      85A29558 
  66      2BF67FB8 
  66      F28D0962 
  66      C5
  67 0074 0EA815C7 		.ascii	"\016\250\025\307\326\255y\301\005\027\372\003r\360\253"
  67      D6AD79C1 
  67      0517FA03 
  67      72F0AB
  68 0083 DF3DB798 		.ascii	"\337=\267\230\260\232\266\016b\332Z\210i?\2365\273A"
  68      B09AB60E 
  68      62DA5A88 
  68      693F9E35 
  68      BB41
  69 0095 7576420C 		.ascii	"uvB\014;\364\343\325\007^h\200L_\010\026:\372\351\366"
  69      3BF4E3D5 
  69      075E6880 
  69      4C5F0816 
  69      3AFAE9F6 
  70 00a9 53EC5ED8 		.ascii	"S\354^\330\0101l\003\304\260\3465G\367\261A\324\005"
  70      08316C03 
  70      C4B0E635 
  70      47F7B141 
  70      D405
  71 00bb B43233FD 		.ascii	"\26423\375cbf\334\304h\361\217\211\205q=\210be\\\003"
  71      636266DC 
  71      C468F18F 
  71      8985713D 
  71      8862655C 
  72 00d0 A2D81857 		.ascii	"\242\330\030W\203(v\306\225\214\026\014\214\233\201"
  72      832876C6 
  72      958C160C 
  72      8C9B81
  73 00df 04006E56 		.ascii	"\004\000nV\221\321"
  73      91D1
  74              		.text
  75              		.section	.gnu.lto_.symbol_nodes.2d26ef4a,"",%progbits
  76 0000 789C6361 		.ascii	"x\234ca`d\360`\000\002\246\313\214\365\014\014\023\316"
  76      6064F060 
  76      0002A6CB 
  76      8CF50C0C 
  76      13CE
  77 0012 313000A9 		.ascii	"10\000\251]\015\212@\221+\214\365\214(\"\254\227\030"
  77      5D0D8A40 
  77      912B8CF5 
ARM GAS  C:\cygwin\tmp\ccKuqDZ0.s 			page 5


  77      8C2822AC 
  77      9718
  78 0024 191A8580 		.ascii	"\031\032\205\200\212\031\2572\3263\201\245\030\030\032"
  78      8A19AF32 
  78      D63381A5 
  78      18181A
  79 0033 1A141818 		.ascii	"\032\024\030\030\230\201p\311\203\177\214\014\000\211"
  79      988170C9 
  79      837F8C0C 
  79      0089
  80 0041 241134   		.ascii	"$\0214"
  81              		.text
  82              		.section	.gnu.lto_.refs.2d26ef4a,"",%progbits
  83 0000 789C6361 		.ascii	"x\234ca`\004B \000\000\0009\000\007"
  83      60044220 
  83      00000039 
  83      0007
  84              		.text
  85              		.section	.gnu.lto_.decls.2d26ef4a,"",%progbits
  86 0000 789C8D55 		.ascii	"x\234\215U}LSW\024\177\347\275R\261EJ\300,\374a2cj\340"
  86      7D4C5357 
  86      147FE7BD 
  86      52B1454A 
  86      C02CFC61 
  87 0018 1F5BC125 		.ascii	"\037[\301%\313\226\375\343`:\0276It.K\2324\245ThV[B"
  87      CB96FDE3 
  87      603A1736 
  87      49742E4B 
  87      9A34A554 
  88 0030 CB2659B2 		.ascii	"\313&Y\262<\205\251#\333\012\302t2\227\030`C\344\243"
  88      3C85A923 
  88      DB0AC274 
  88      32971860 
  88      43E4A3
  89 0043 45C40F0A 		.ascii	"E\304\017\012\243\312\244\310\204\241\340G'\037\335"
  89      A3CAA4C8 
  89      84A1E047 
  89      271FDD
  90 0052 9CCE2C6E 		.ascii	"\234\316,n\031J6Q\321\235{\357k\037\024p\273\341\334"
  90      194A3651 
  90      D19D7BEF 
  90      6B1F1470 
  90      BBE1DC
  91 0065 7BCFBDE7 		.ascii	"{\317\275\347\374~\347\343\366\241\340\200#\243{\011"
  91      FC7EE7E3 
  91      F6A1E080 
  91      23A37B09 
  92 0075 C7EDC3ED 		.ascii	"\307\355\303\355(\356\237\342P\340\272\215\223\207\200"
  92      28EE9FE2 
  92      50E0BA8D 
  92      938780
  93 0084 D28CE241 		.ascii	"\322\214\342AiE!^\343\334\334\321,\331\021\277\011\224"
  93      6945215E 
  93      E3DCDCD1 
  93      2CD911BF 
  93      0994
  94 0096 26E99C97 		.ascii	"&\351\234\227\356Z\271\371\303#a\205\271@:\213\036\343"
ARM GAS  C:\cygwin\tmp\ccKuqDZ0.s 			page 6


  94      EE5AB9F9 
  94      C3236185 
  94      B9403A8B 
  94      1EE3
  95 00a8 12760ACA 		.ascii	"\022v\012\312\000\312\030J,J\000\245\027\245\037\345"
  95      00CA184A 
  95      2C4A00A5 
  95      17A51FE5 
  96 00b8 0ACA7594 		.ascii	"\012\312u\224a\224k(#\013\340\2201\303C\327\360\243"
  96      61946B28 
  96      230BE090 
  96      31C343D7 
  96      F0A3
  97 00ca 41C50D08 		.ascii	"A\305\015\010\002\306\006\011\214\031\330\014T8&T\305"
  97      02C60609 
  97      8C19D80C 
  97      54382654 
  97      C5
  98 00db 0D4F674E 		.ascii	"\015OgN>\202\260\241\244\363\341-\027\001\243\177\222"
  98      3E82B0A1 
  98      A4F3E12D 
  98      1701A37F 
  98      92
  99 00ec 3FAD291D 		.ascii	"?\255)\035\024DF\007\311\211\351\341\032\200\244\363"
  99      14444607 
  99      C989E9E1 
  99      1A80A4F3 
 100 00fc 32013035 		.ascii	"2\00105\3540\013\217\205+\301\3111Gr\202p\322\223\177"
 100      EC300B8F 
 100      852BC1C9 
 100      31477282 
 100      70D2937F 
 101 0110 B8073502 		.ascii	"\270\0075\002\017d?1}t\203\256I\304Q.\212\374\363re"
 101      0F643F31 
 101      7D7483AE 
 101      49C4512E 
 101      8AFCF372 
 102 0125 2E957A0F 		.ascii	".\225z\017\013S<$\252@A|\006\252o\306\243\272\\\005"
 102      0B533C24 
 102      AA40417C 
 102      06AA6FC6 
 102      A3BA5C05 
 103 0139 2B519DB9 		.ascii	"+Q\235\271\360U5\237|\200\372\225\210+\025\260\3559"
 103      F055359F 
 103      7C80FA95 
 103      882B15B0 
 103      ED39
 104 014b 68841570 		.ascii	"h\204\025p\014V Q\023$\343\234\243`H{\253g\016\252W"
 104      0C562051 
 104      1324E39C 
 104      A360487B 
 104      AB670EAA 
 105 0160 1D118F78 		.ascii	"\035\021\217x\305\320d(\375\220\350/E7\236X\301Q\020"
 105      C5D06428 
 105      FD90E82F 
 105      45379E58 
 105      C15110
ARM GAS  C:\cygwin\tmp\ccKuqDZ0.s 			page 7


 106 0173 A0017424 		.ascii	"\240\001t$:\334\222\245\036n`\330\315\260\012=/\336"
 106      3ADC92A5 
 106      1E6E60D8 
 106      CDB00A3D 
 106      2FDE
 107 0185 1EFB5048 		.ascii	"\036\373PH\241q\336\376\371\360\273\210\341\365\212"
 107      A171DEFE 
 107      F9F0BB88 
 107      E1F58A
 108 0194 FE218BF8 		.ascii	"\376!\213\370\011\002((@\213\014\3202\033\300C\001\304"
 108      09022828 
 108      408B0CD0 
 108      321BC043 
 108      01C4
 109 01a6 3BBE518D 		.ascii	";\276Q\215\220F\021Nz\332\356/C\210\220(\206\276\350"
 109      9046114E 
 109      7ADAEE2F 
 109      43889028 
 109      86BEE8
 110 01b9 7DA7A476 		.ascii	"}\247\244v\217\277\034h\254\340\225A\274\024\0047\255"
 110      8FBF1C68 
 110      ACE09541 
 110      BC140437 
 110      AD
 111 01ca 14A0AFA7 		.ascii	"\024\240\257\247\345o\265PD\001\334%\343\037\261\202"
 111      E56FB550 
 111      4401DC25 
 111      E31FB182 
 112 01da BC82DAA7 		.ascii	"\274\202\332\247_\326\227+YAB\002\352\276S\235\2751"
 112      5FD6972B 
 112      59414202 
 112      EABE539D 
 112      BD31
 113 01ec EC7A2DAA 		.ascii	"\354z-\252\217\356T\005\201\251q\250\356\366\005+4\222"
 113      8FEE5405 
 113      81A971A8 
 113      EEF6052B 
 113      3492
 114 01fe 3537AB9C 		.ascii	"57\253\234\211\254\234\237\273\333ZU\302>\240<\325\276"
 114      89AC9C9F 
 114      BBDB5A55 
 114      C23EA03C 
 114      D5BE
 115 0210 A97E0929 		.ascii	"\251~\011)\026\325\332\363\035\017\325\202\233\335\215"
 115      16D5DAF3 
 115      1D0FD582 
 115      9BDD8D
 116 021f F5353492 		.ascii	"\36554\222\256\244\250\2004]\203G\236\273g\246\227\261"
 116      AEA4A880 
 116      345D8347 
 116      9EBB67A6 
 116      97B1
 117 0231 236271D9 		.ascii	"#bq\331}\257n\211PI\315\371\336\317\332\216\253!U\365"
 117      7DAF6E89 
 117      5049CDF9 
 117      DECFDA8E 
 117      AB2155F5 
ARM GAS  C:\cygwin\tmp\ccKuqDZ0.s 			page 8


 118 0245 2D695468 		.ascii	"-iTh\246?\263b/\251\274\037T\360\235\234s\212\012\347"
 118      A63FB362 
 118      2FA9BC1F 
 118      54F09D9C 
 118      738A0AE7 
 119 0259 7DA2B89B 		.ascii	"}\242\270\233\3642\261/\236\213\264\022\272!\225\000"
 119      F432B12F 
 119      9E8BB412 
 119      BA219500 
 120 0269 1343E8C2 		.ascii	"\023C\350\302\303N<D\222\206\272\212\032\245p\235\221"
 120      C34E3C44 
 120      9286BA8A 
 120      1AA5709D 
 120      91
 121 027a 1C3A71EC 		.ascii	"\034:q\354\037U\204\244\322\375\002>\247\004\350A\216"
 121      1F5584A4 
 121      D2FD023E 
 121      A704E841 
 121      8E
 122 028b B3320752 		.ascii	"\2632\007R.Jrna\222_:Fw\361B9{\247O\312:\377\022\204"
 122      2E4A726E 
 122      61925F3A 
 122      4677F142 
 122      397BA74F 
 123 02a4 2AAAC48C 		.ascii	"*\252\304\2147\336?\010\240\325&\245jk\010bhr\277\275"
 123      37DE3F08 
 123      A0D526A5 
 123      6A6B0862 
 123      6872BFBD 
 124 02b8 E29B3D62 		.ascii	"\342\233=b\271\211\322\372\220\266\017\222d\002=y\224"
 124      B989D2FA 
 124      90B60F92 
 124      64023D79 
 124      94
 125 02c9 8DE46972 		.ascii	"\215\344ir\324\336\177\"\020\0276\376~A\3434b[!\375"
 125      D4DE7F22 
 125      101736FE 
 125      7E41E334 
 125      625B21FD 
 126 02dd 2C447071 		.ascii	",Dpqp\012\357O\322\327M\2541V\270\200a\007@\013\275"
 126      700AEF4F 
 126      D2D74DAC 
 126      3156B880 
 126      6107400B 
 127 02f2 28FDA0A5 		.ascii	"(\375\240\245\317\206\326\300\337\212\360b,1\344\244"
 127      CF86D6C0 
 127      DF8AF062 
 127      2C31E4A4 
 128 0302 FCB90875 		.ascii	"\374\271\010uW`9\371\005\010\224\374|4y\007D\3301\351"
 128      576039F9 
 128      050894FC 
 128      7C347907 
 128      44D831E9 
 129 0316 EE27A543 		.ascii	"\356'\245CJa\210&\315\357\3569wk)\244&1\212\356\000"
 129      4A618826 
 129      CDEFEE39 
 129      776B29A4 
ARM GAS  C:\cygwin\tmp\ccKuqDZ0.s 			page 9


 129      26318AEE 
 130 032b 108A0174 		.ascii	"\020\212\001t\376A\2562a\\$n\270\210\341>+t\344\373"
 130      FE41AE32 
 130      615C246E 
 130      B888E13E 
 130      2B74E4FB 
 131 033f B3F45648 		.ascii	"\263\364VH\315^^2\252\355\003\247\307c\204\233\254\001"
 131      CD5E5E32 
 131      AAED03A7 
 131      C763849B 
 131      AC01
 132 0351 A3F7AEEE 		.ascii	"\243\367\256\356U\013\2773\305\363\270\252^)L2\245\254"
 132      550BBF33 
 132      C5F3B8AA 
 132      5E294C32 
 132      A5AC
 133 0363 BDB25623 		.ascii	"\275\262V#<\240\312\222\233\215u\032\354\2146\025\273"
 133      3CA0CA92 
 133      9B8D751A 
 133      EC8C3615 
 133      BB
 134 0374 5343239D 		.ascii	"SC#\235\011\254\330E\023&\261\376\210\261\006q\215D"
 134      09ACD845 
 134      1326B1FE 
 134      88B10671 
 134      8D44
 135 0386 352827CC 		.ascii	"5('\314\314\017\274A:Cl/G\333\266G\333Nm\014\333^\212"
 135      CC0FBC41 
 135      3A436C2F 
 135      47DBB647 
 135      DB4E6D0C 
 136 039d B695BBC8 		.ascii	"\266\225\273\310\3525\311Z\022\234\327\022\274\253\350"
 136      EA35C95A 
 136      129CD712 
 136      BCABE8
 137 03ac 9F15E199 		.ascii	"\237\025\341\231h\244\3230\347\365\240\375\203\010\355"
 137      68A4D330 
 137      E7F5A0FD 
 137      8308ED
 138 03bb 50B471C7 		.ascii	"P\264q\307,\3439m8\201\026m\3642(\365\340*\366\340\012"
 138      2CE3396D 
 138      3881166D 
 138      F43228F5 
 138      E02AF6E0 
 139 03d0 D6FF3ACA 		.ascii	"\326\377:\3120\3125\224\021\271\027g\247\357~\254\021"
 139      30CA3594 
 139      11B91767 
 139      A7EF7EAC 
 139      11
 140 03e1 9EB2DE07 		.ascii	"\236\262\336\007\246\353\206c\"\275\367\365\323\336"
 140      A6EB8663 
 140      22BDF7F5 
 140      D3DE
 141 03ef 8F22D04F 		.ascii	"\217\"\320Or\357\203\363{\037&\305/b\352\377\345\375"
 141      72EF83F3 
 141      7B1F26C5 
 141      2F62EAFF 
ARM GAS  C:\cygwin\tmp\ccKuqDZ0.s 			page 10


 141      E5FD
 142 0401 BAE4693B 		.ascii	"\272\344i;$I0\376Ea\270ga4\217<~\250\\]+z\361k;\371"
 142      244930FE 
 142      4561B867 
 142      61348F3C 
 142      7EA85C5D 
 143 041b EBA6FDA2 		.ascii	"\353\246\375\242\370:\214\241\337q\026\355\254b\220"
 143      F83A8CA1 
 143      DF7116ED 
 143      AC6290
 144 042a 93ADF84F 		.ascii	"\223\255\370Ou\034V\223\217\346-\317oqqe\362G\202~\235"
 144      751C5693 
 144      8FE62DCF 
 144      6F717165 
 144      F247827E 
 145 043f E5FF2B13 		.ascii	"\345\377+\023\020\027\316\026\267\\\234\321h1\025\332"
 145      1017CE16 
 145      B75C9CD1 
 145      683115DA 
 146 044f 8A8D56BB 		.ascii	"\212\215V\273\325\025\273\361\255\267Wf\244\245q\361"
 146      D515BBF1 
 146      ADB75766 
 146      A4A571F1 
 147 045f 390E5361 		.ascii	"9\016Sa\256\236\316:3\267\224n6\241E\202\323\265c]\272"
 147      AE9ECE3A 
 147      33B7946E 
 147      36A14582 
 147      D3B5635D 
 148 0474 D16C7398 		.ascii	"\321ls\230\337\243.\351:\235>#\337\232c\335\274E\357"
 148      DFA32EE9 
 148      3A9D3E23 
 148      DF9A63DD 
 148      BC45EF
 149 0487 70EAF34D 		.ascii	"p\352\363M6}\201\243\320\345\324o\331\372\346\272t6"
 149      367D81A3 
 149      D0E5D46F 
 149      D9FAE6BA 
 149      7436
 150 0499 6F48DBB9 		.ascii	"oH\333\271\223\334\030m\266\\]>\227X\200\333\\\313v"
 150      93DC186D 
 150      B65C5D3E 
 150      975880DB 
 150      5CCB76
 151 04ac 5391CD65 		.ascii	"S\221\315e4;\354\333\255y\312\354\314L\223\313$\230"
 151      343BECDB 
 151      AD79CAEC 
 151      CC4C93CB 
 151      2498
 152 04be 0B6D2AA3 		.ascii	"\013m*\243\261\310jw!\211\353%\363\313\006sq\336\007"
 152      B1C86A77 
 152      2189EB25 
 152      F3CB0673 
 152      71DE07
 153 04d1 56BBC154 		.ascii	"V\273\301T\270c\215\335a\267\254\261\230r\254\006\253"
 153      B8638DDD 
 153      61B7ACB1 
 153      9872AC06 
ARM GAS  C:\cygwin\tmp\ccKuqDZ0.s 			page 11


 153      AB
 154 04e2 DD6C2BCA 		.ascii	"\335l+\312\265\030v\230\314\371V\273\305\020As\025\027"
 154      B5187698 
 154      CCF956BB 
 154      C5104173 
 154      1517
 155 04f4 589C4811 		.ascii	"X\234H\021\033\206\320\375\027\204\263\330i0:]\271h"
 155      1B86D0FD 
 155      1784B3D8 
 155      69303A5D 
 155      B968
 156 0506 8F7E8223 		.ascii	"\217~\202#\267\020\203\310\177\361\331Yeee\3527fo\332"
 156      B71083C8 
 156      7FF1D959 
 156      656565EA 
 156      37666FDA 
 157 051a FC7E1A4D 		.ascii	"\374~\032M\253@N\215\225'\257\300\3520:-\256\242\002"
 157      AB404E8D 
 157      9527AFC0 
 157      EA303A2D 
 157      AEA202
 158 052d A34B999D 		.ascii	"\243K\231\235ARSf\277\312\226\365ly\215,K\263\327ge"
 158      41525366 
 158      BFCA96F5 
 158      6C798D2C 
 158      4BB3D767 
 159 0542 D002FC0B 		.ascii	"\320\002\374\013#\307\276\265"
 159      23C7BEB5 
 160              		.text
 161              		.section	.gnu.lto_.symtab.2d26ef4a,"",%progbits
 162 0000 5F5F6561 		.ascii	"__early_init\000"
 162      726C795F 
 162      696E6974 
 162      00
 163 000d 00       		.ascii	"\000"
 164 000e 00       		.ascii	"\000"
 165 000f 00       		.ascii	"\000"
 166 0010 00000000 		.ascii	"\000\000\000\000\000\000\000\000"
 166      00000000 
 167 0018 AD000000 		.ascii	"\255\000\000\000"
 168 001c 626F6172 		.ascii	"boardInit\000"
 168      64496E69 
 168      7400
 169 0026 00       		.ascii	"\000"
 170 0027 00       		.ascii	"\000"
 171 0028 00       		.ascii	"\000"
 172 0029 00000000 		.ascii	"\000\000\000\000\000\000\000\000"
 172      00000000 
 173 0031 AF000000 		.ascii	"\257\000\000\000"
 174 0035 70616C5F 		.ascii	"pal_default_config\000"
 174      64656661 
 174      756C745F 
 174      636F6E66 
 174      696700
 175 0048 00       		.ascii	"\000"
 176 0049 00       		.ascii	"\000"
 177 004a 00       		.ascii	"\000"
ARM GAS  C:\cygwin\tmp\ccKuqDZ0.s 			page 12


 178 004b 00000000 		.ascii	"\000\000\000\000\000\000\000\000"
 178      00000000 
 179 0053 DE000000 		.ascii	"\336\000\000\000"
 180 0057 73746D33 		.ascii	"stm32_clock_init\000"
 180      325F636C 
 180      6F636B5F 
 180      696E6974 
 180      00
 181 0068 00       		.ascii	"\000"
 182 0069 02       		.ascii	"\002"
 183 006a 00       		.ascii	"\000"
 184 006b 00000000 		.ascii	"\000\000\000\000\000\000\000\000"
 184      00000000 
 185 0073 B1000000 		.ascii	"\261\000\000\000"
 186              		.text
 187              		.section	.gnu.lto_.opts,"",%progbits
 188 0000 272D666D 		.ascii	"'-fmath-errno' '-fsigned-zeros' '-ftrapping-math' '"
 188      6174682D 
 188      6572726E 
 188      6F272027 
 188      2D667369 
 189 0033 2D666E6F 		.ascii	"-fno-trapv' '-fno-openmp' '-fno-openacc' '-mcpu=cor"
 189      2D747261 
 189      70762720 
 189      272D666E 
 189      6F2D6F70 
 190 0066 7465782D 		.ascii	"tex-m3' '-mno-thumb-interwork' '-mthumb' '-ggdb' '-"
 190      6D332720 
 190      272D6D6E 
 190      6F2D7468 
 190      756D622D 
 191 0099 4F322720 		.ascii	"O2' '-fomit-frame-pointer' '-falign-functions=16' '"
 191      272D666F 
 191      6D69742D 
 191      6672616D 
 191      652D706F 
 192 00cc 2D666675 		.ascii	"-ffunction-sections' '-fdata-sections' '-fno-common"
 192      6E637469 
 192      6F6E2D73 
 192      65637469 
 192      6F6E7327 
 193 00ff 2720272D 		.ascii	"' '-flto'\000"
 193      666C746F 
 193      2700
 194              		.text
 195              		.comm	__gnu_lto_v1,1,1
 196              		.comm	__gnu_lto_slim,1,1
 197              		.ident	"GCC: (GNU Tools for ARM Embedded Processors) 5.4.1 20160919 (release) [ARM/embedded-5-bran
ARM GAS  C:\cygwin\tmp\ccKuqDZ0.s 			page 13


DEFINED SYMBOLS
                            *ABS*:00000000 board.c
                            *COM*:00000001 __gnu_lto_v1
                            *COM*:00000001 __gnu_lto_slim

NO UNDEFINED SYMBOLS
