ARM GAS  C:\cygwin\tmp\cc895Wuc.s 			page 1


   1              		.syntax unified
   2              		.cpu cortex-m3
   3              		.fpu softvfp
   4              		.eabi_attribute 20, 1
   5              		.eabi_attribute 21, 1
   6              		.eabi_attribute 23, 3
   7              		.eabi_attribute 24, 1
   8              		.eabi_attribute 25, 1
   9              		.eabi_attribute 26, 1
  10              		.eabi_attribute 30, 2
  11              		.eabi_attribute 34, 1
  12              		.eabi_attribute 18, 4
  13              		.thumb
  14              		.syntax unified
  15              		.file	"chcore_v7m.c"
  16              		.text
  17              	.Ltext0:
  18              		.section	.gnu.lto_.profile.2d26ec6c,"",%progbits
  19 0000 789C6361 		.ascii	"x\234ca`d`a`\000\222\2062\000\000\350\000X"
  19      60646061 
  19      60009286 
  19      320000E8 
  19      0058
  20              		.text
  21              		.section	.gnu.lto_.icf.2d26ec6c,"",%progbits
  22 0000 789C6361 		.ascii	"x\234ca`d\000\001\021\006\004`f\350\376\375\265\231"
  22      60640001 
  22      11060460 
  22      66E8FEFD 
  22      B599
  23 0012 85F969EF 		.ascii	"\205\371i\357\377\333|,\313\216\364?cd\000\000e\037"
  23      FFDB7C2C 
  23      CB8EF43F 
  23      63640000 
  23      651F
  24 0024 0960     		.ascii	"\011`"
  25              		.text
  26              		.section	.gnu.lto_.jmpfuncs.2d26ec6c,"",%progbits
  27 0000 789C6361 		.ascii	"x\234ca`d\000\001^\006\004`\206\022, \032\000\002\\"
  27      60640001 
  27      5E060460 
  27      86122C20 
  27      1A00025C 
  28 0014 001D     		.ascii	"\000\035"
  29              		.text
  30              		.section	.gnu.lto_.inline.2d26ec6c,"",%progbits
  31 0000 789C6361 		.ascii	"x\234ca`d\000\0017\006\004`f`\340\027cd`\022\271\320"
  31      60640001 
  31      37060460 
  31      6660E017 
  31      63646012 
  32 0016 C3C8C0B6 		.ascii	"\303\310\300\266@\236\011$\310\304\015\226\341\344\000"
  32      409E0924 
  32      C8C40D96 
  32      E1E400
  33 0025 4AF03C88 		.ascii	"J\360<\210\205\213\2630pq\203\204\346D\302\205\030\271"
  33      858BB330 
ARM GAS  C:\cygwin\tmp\cc895Wuc.s 			page 2


  33      70718384 
  33      E644C285 
  33      18B9
  34 0037 40240010 		.ascii	"@$\000\020\360\006\322"
  34      F006D2
  35              		.text
  36              		.section	.gnu.lto_.pureconst.2d26ec6c,"",%progbits
  37 0000 789C6361 		.ascii	"x\234ca`d\340b```f\330\305\310\274\213\221e\027#\000"
  37      6064E062 
  37      60606066 
  37      D8C5C8BC 
  37      8B916517 
  38 0016 0C24024B 		.ascii	"\014$\002K"
  39              		.text
  40              		.section	.gnu.lto__port_irq_epilogue.part.0.2d26ec6c,"",%progbits
  41 0000 789C9D54 		.ascii	"x\234\235TQo\024U\024\276\347\336\231\331\355v\333\362"
  41      516F1455 
  41      14BEE7DE 
  41      99D9ED76 
  41      DBF2
  42 0012 824F7DD8 		.ascii	"\202O}\330>4\204\204t\010<\360\344\203)1\361a\003\331"
  42      3E348484 
  42      74083CF0 
  42      E4832931 
  42      F16103D9 
  43 0026 FD0144C6 		.ascii	"\375\001D\306j\033Yv\263\273\230\372\324\333\335\035"
  43      6A1B5976 
  43      B3BB98FA 
  43      D4DBDD1D 
  44 0036 5B8B1212 		.ascii	"[\213\022\022\355F\020\262i\253i\001ki\021u[\305\265"
  44      ED4610B2 
  44      69AB6901 
  44      6B691175 
  44      5BC5B5
  45 0049 502A54DB 		.ascii	"P*T\3334\002/\020m\267\245\030!\246\245\305\030\222"
  45      34022F10 
  45      6DB7A518 
  45      21A6A5C5 
  45      1892
  46 005b ED7ACE9D 		.ascii	"\355z\316\235Q\260\324\3048\311\334;s\316\371\356w\356"
  46      51B0D4C4 
  46      38C9DC3B 
  46      73CEF9EE 
  46      77EE
  47 006d 77CEBD1A 		.ascii	"w\316\275\032\003FOPg\254\037\347\027\361\005\017\003"
  47      03464F50 
  47      67AC1FE7 
  47      17F1050F 
  47      03
  48 007e E3F8347E 		.ascii	"\343\3704~\030\300\325\314\271\350\334\306\244O\243"
  48      18C0D5CC 
  48      B9E8DCC6 
  48      A44FA3
  49 008d D12F4027 		.ascii	"\321/@'k\273W\373\353C\007\240\017\351\005\326fp\241"
  49      6BBB57FB 
  49      EB4307A0 
  49      0FE905D6 
ARM GAS  C:\cygwin\tmp\cc895Wuc.s 			page 3


  49      6670A1
  50 00a0 E9D0068F 		.ascii	"\351\320\006\217x\211\303x\307R\236o\357\227\370\314"
  50      7889C378 
  50      C7529E6F 
  50      EF97F8CC 
  51 00b0 4DACEF94 		.ascii	"M\254\357\224\003\005\260\005ce\256H\031\364\303v\206"
  51      0305B005 
  51      6365AE48 
  51      19F4C376 
  51      86
  52 00c1 61C5E1F5 		.ascii	"a\305\341\365\356*#Ca\001\307\011\003H\316\230@\347"
  52      EE2A2343 
  52      6101C709 
  52      0348CE98 
  52      40E7
  53 00d3 6CE6FC29 		.ascii	"l\346\374)\261\306m\001\240\341\357\312\017'\027\252"
  53      B1C66D01 
  53      A0E1EFCA 
  53      0F2717AA 
  54 00e3 E9974300 		.ascii	"\351\227C\000\177\227\216N\\\362\210]@\313\024>\276"
  54      7F978E4E 
  54      5CF2885D 
  54      40CB143E 
  54      BE
  55 00f4 780BEAFB 		.ascii	"x\013\352\373\244L\311\271\325\374\326\301\021)\337"
  55      A44CC9B9 
  55      D5FCD6C1 
  55      1129DF
  56 0103 DE6B0B01 		.ascii	"\336k\013\001\347@\340\252p\026j\341\014\324:\324\237"
  56      E740E0AA 
  56      70166AE1 
  56      0CD43AD4 
  56      9F
  57 0114 403D42DE 		.ascii	"@=B\336y\267\264VC\220.\225\340\211\201B&\200\010\366"
  57      79B7B456 
  57      43902E95 
  57      E0898142 
  57      268008F6 
  58 0128 4CF8A00A 		.ascii	"L\370\240\012\357\272\266\330[#\"\212\355\267\365;]"
  58      EFBAB6D8 
  58      5B23228A 
  58      EDB7F53B 
  58      5D
  59 0139 7E87AD50 		.ascii	"~\207\255P\232\254=!\025T\203O7!\033\202\372\241\220"
  59      9AAC3D21 
  59      1554834F 
  59      37211B82 
  59      FAA190
  60 014c 94E5725A 		.ascii	"\224\345rZ\036\037{\016\374\240\370\271r\0105j\314\026"
  60      1E1F7B0E 
  60      FCA0F8B9 
  60      7208356A 
  60      CC16
  61 015e BA8E83C1 		.ascii	"\272\216\203\301\3302*@z.s\203f\261\302\271\232\357"
  61      D8322A40 
  61      7A2E7383 
  61      66B1C2B9 
ARM GAS  C:\cygwin\tmp\cc895Wuc.s 			page 4


  61      9AEF
  62 0170 417B7175 		.ascii	"A{qu\276[lP\214\340J0\266A\313\302\321\311^\320\030"
  62      BE5B6C50 
  62      8CE04A30 
  62      B641CBC2 
  62      D1C95ED0 
  63 0185 9C07A3CC 		.ascii	"\234\007\243\314a\243\320\224\001\203a\202\301\010\216"
  63      61A3D094 
  63      01836182 
  63      C1088E
  64 0194 28771C43 		.ascii	"(w\034C\262\307\2629\255NBN~\200\333\361\020\252T\264"
  64      B2C7B239 
  64      AD4E424E 
  64      7E80DBF1 
  64      10AA54B4 
  65 01a8 172A344C 		.ascii	"\027*4L\012.@\235\"\271Z\2740j\240\005>\003--\020\011"
  65      0A2E409D 
  65      22B95ABC 
  65      306AA005 
  65      3E032D2D 
  66 01be 1791A808 		.ascii	"\027\221\250\010\2519\312\217\226\243\325\311C\266\211"
  66      A939CA8F 
  66      96A3D5C9 
  66      43B689
  67 01cd BE598D92 		.ascii	"\276Y\215\222P\214l\011R\017;n\000\031\322\202;1\\\271"
  67      508C6C09 
  67      520F3B6E 
  67      0019D282 
  67      3B315CB9 
  68 01e1 8708C231 		.ascii	"\207\010\3021 }\352\255[gv9\021\002M\310\370\343\374"
  68      207DEAAD 
  68      5B677639 
  68      11024DC8 
  68      F8E3FC
  69 01f4 95ACEE74 		.ascii	"\225\254\356t\301\\\271\\\256\201\317Q\333\177\000\005"
  69      C15CB95C 
  69      AE81CF51 
  69      DB7F0005 
  70 0204 ADBCB63C 		.ascii	"\255\274\266<\235\322\311\206\220\305\376\207\335\025"
  70      9DD2C986 
  70      90C5FE87 
  70      DD15
  71 0212 04D11C08 		.ascii	"\004\321\034\010\232n\314\314NU\346\340t;\012\260\305"
  71      9A6ECCCC 
  71      4E55E6E0 
  71      743B0AB0 
  71      C5
  72 0223 165E5C1B 		.ascii	"\026^\\\033\276\240\"\241\357A\317\310\207\2069H\332"
  72      BEA022A1 
  72      EF41CFC8 
  72      87863948 
  72      DA
  73 0234 C8DDB6A8 		.ascii	"\310\335\266\250\200/!\007\353\252S!\017&u\342\335\307"
  73      802F2107 
  73      EBAA5321 
  73      0F2675E2 
  73      DDC7
ARM GAS  C:\cygwin\tmp\cc895Wuc.s 			page 5


  74 0246 336A411F 		.ascii	"3jA\037`\214\027F\021\251v\363\323Y\237\223\254Fi\270"
  74      608C1746 
  74      11A976F3 
  74      D3599F93 
  74      AC4669B8 
  75 025a 592160F2 		.ascii	"Y!`\362\376\342i\257\310\200\322\376\376\342\312\345"
  75      FEE269AF 
  75      C880D2FE 
  75      FEE2CAE5 
  76 026a 4AB75F1E 		.ascii	"J\267_\036u\010\267_\004\214m\322/_\321\2064v\017R\305"
  76      7508B75F 
  76      048C6DD2 
  76      2F5FD186 
  76      34760F52 
  77 027f D5E1EC86 		.ascii	"\325\341\354\206\202\027\246n\206(\302-,\177\346\004"
  77      8217A66E 
  77      8628C22D 
  77      2C7FE604 
  78 028f C1D7AAA8 		.ascii	"\301\327\252\250\227\350\010\001{\017\320\337\233\033"
  78      97E80801 
  78      7B0FD0DF 
  78      9B1B
  79 029d F9C357D7 		.ascii	"\371\303W\327\343V\265\222 \203\013c\322\253\252\372"
  79      E356B592 
  79      20830B63 
  79      D2ABAAFA 
  80 02ad 8D5BD53B 		.ascii	"\215[\325;'G\337\367QU\013TU\015=\337\252#\3277\234"
  80      2747DFF7 
  80      51550B54 
  80      550D3DDF 
  80      AA23D737 
  81 02c2 FADE5FF7 		.ascii	"\372\336_\367\321\323-1},\325\343W\340q\002\303eU~\247"
  81      D1D32D31 
  81      7D2CD5E3 
  81      57E07102 
  81      C365557E 
  82 02d7 1A941AFB 		.ascii	"\032\224\032\373\005\322\205\237\257\373\035YtD\344"
  82      05D2859F 
  82      AFFB1D59 
  82      7444E4
  83 02e6 F30F6E7B 		.ascii	"\363\017n{\332J\262S)\357/s\274\007\340\012\264a\313"
  83      DA4AB253 
  83      29EF2F73 
  83      BC07E00A 
  83      B461CB
  84 02f9 57B179C8 		.ascii	"W\261y\310\334N\037|\022\234\265\307g<\2444\355`\302"
  84      DC4E1F7C 
  84      129CB5C7 
  84      673CA434 
  84      ED60C2
  85 030c 55650521 		.ascii	"Ue\005!\235\333\004*\376\270c\372\334~W\343\377Z\322"
  85      9DDB042A 
  85      FEB863FA 
  85      DC7E57E3 
  85      FF5AD2
  86 031f 3D54D2AB 		.ascii	"=T\322\253\252\244t\345\301\244*\351SY\3117mQ]\346\264"
  86      AAA474E5 
ARM GAS  C:\cygwin\tmp\cc895Wuc.s 			page 6


  86      C1A42AE9 
  86      5359C937 
  86      6D515DE6 
  87 0334 EDEF302D 		.ascii	"\355\3570-\342\323\376\346\373\375\377\361]{\302w\375"
  87      E2D3FEE6 
  87      FBFDFFF1 
  87      5D7BC277 
  87      FD
  88 0345 5FF8F0E2 		.ascii	"_\370\360\342\205)\227OW\307\374WHmq\356\307e\204\242"
  88      8529974F 
  88      57C7FC57 
  88      486D71EE 
  88      C76584A2 
  89 0359 0565361B 		.ascii	"\005e6\033\032\314\306\346\226\203-\373\302f4aZ\321"
  89      1ACCC6E6 
  89      96832DFB 
  89      C2663461 
  89      5AD1
  90 036b 48247AD8 		.ascii	"H$z\330\214E\343\311\204\371B(\330\030l5\255f+\032o"
  90      8C45E3C9 
  90      84F94228 
  90      D8186C35 
  90      AD662B1A 
  91 0380 3AF0C69E 		.ascii	":\360\306\236H\203\305\214xS\342\310\241\344\356MaM"
  91      4883C58C 
  91      7853E2C8 
  91      A1E4EE4D 
  91      614D
  92 0392 AD49B331 		.ascii	"\255I\2631\030~)l\266\034\266\016\035y\245\311\264\""
  92      187E296C 
  92      B61CB60E 
  92      1D79A5C9 
  92      B422
  93 03a4 8996C481 		.ascii	"\211\226\304\201\327,\253\241\231iV\2625V\025\014\205"
  93      D72CABA1 
  93      996956B2 
  93      3556150C 
  93      85
  94 03b5 03F53B77 		.ascii	"\003\365;w\004b\211\230\217\211\347\343\254:\031\215"
  94      04628998 
  94      8F89E7E3 
  94      AC3A198D 
  95 03c5 ED7B757F 		.ascii	"\355{u\177<j\205\223/[\257W\005\303!r\356\300(\037\343"
  95      3C6A8593 
  95      2F5BAF57 
  95      05C32172 
  95      EEC0281F 
  96 03da 71261231 		.ascii	"q&\0221\366'\025a\001\004"
  96      F6271561 
  96      0104
  97              		.text
  98              		.section	.gnu.lto_SVC_Handler.2d26ec6c,"",%progbits
  99 0000 789C9593 		.ascii	"x\234\225\223\337k\024W\024\307\317\231;\373\303\315"
  99      DF6B1457 
  99      14C7CF99 
  99      3BFBC3CD 
 100 0010 26F5A514 		.ascii	"&\365\245\024\252\340\356C\036\004\311\024\373\340S"
ARM GAS  C:\cygwin\tmp\cc895Wuc.s 			page 7


 100      AAE0EE43 
 100      1E04C914 
 100      FBE053
 101 001f 1F4AFAD2 		.ascii	"\037J\372\322\207\305\222\375\003$\216\333fi\326]f7"
 101      87C592FD 
 101      03248EDB 
 101      6669D65D 
 101      6637
 102 0031 923E79B3 		.ascii	"\222>y\263\3116h \250\255\213\221\310\342/Lk\363\273"
 102      C9366820 
 102      A8AD8B91 
 102      C8E22F4C 
 102      6BF3BB
 103 0044 694DD4ED 		.ascii	"iM\324\35541\261\001\033)\324bAJ\262\211\033\210\320"
 103      3431B101 
 103      1B29D462 
 103      414AB289 
 103      1B88D0
 104 0057 1AA9C53E 		.ascii	"\032\251\305>l\322s\356\014E7\201\322\201\235\331\271"
 104      6CD273EE 
 104      0C453781 
 104      D2819DD9 
 104      B9
 105 0068 E77BBEE7 		.ascii	"\347{\276\347\234\317\275\243\003\002_\375:\300_\364"
 105      9CCFBDA3 
 105      03025FFD 
 105      3AC05FF4 
 106 0078 DC453F14 		.ascii	"\334E?\024\200\332\251\005\200\016\277\206\310\177\244"
 106      80DAA905 
 106      800EBF86 
 106      C87FA4
 107 0087 1FE1B886 		.ascii	"\037\341\270\206\307\361\271V\321p\272\273<\251\355"
 107      C7F1B956 
 107      D170BABB 
 107      3CA9ED
 108 0096 BD26E95A 		.ascii	"\275&\351Z\234-\0109`cN\000lj\312\011\360\032\356\005"
 108      9C2D0839 
 108      60634E00 
 108      6C6ACA09 
 108      F01AEE05 
 109 00aa 92FDD435 		.ascii	"\222\375\3245\322/\376\324r\002Q\247\327\365\037\317"
 109      D22FFED4 
 109      720251A7 
 109      D7F51FCF 
 110 00ba 2FD7F1AB 		.ascii	"/\327\361\253\206!z=9\277r\3515\261\037Y\371\373\306"
 110      86217A3D 
 110      39BF72E9 
 110      35B11F59 
 110      F9FBC6
 111 00cd A393C1FA 		.ascii	"\243\223\301\372\313Rf\245}z\356\215>iw\205rB\340\227"
 111      CB5266A5 
 111      7D7AEE8D 
 111      3E697785 
 111      7242E097 
 112 00e1 28C814BF 		.ascii	"(\310\024\277\300\3358\200\273\2259\251K\243\033gk\275"
 112      C0DD3880 
 112      BB9539A9 
ARM GAS  C:\cygwin\tmp\cc895Wuc.s 			page 8


 112      4BA31B67 
 112      6BBD
 113 00f3 5D5C3E84 		.ascii	"]\\>\204\327\261\336)\214_\241\227F\321x\205D\345\236"
 113      D7B1DE29 
 113      8C5FA197 
 113      46D17885 
 113      44E59E
 114 0106 D9A24F1C 		.ascii	"\331\242O\034P\366\366\325\211_\320\261_\254L\276>8"
 114      50F6F6D5 
 114      895FD0B1 
 114      5FAC4CBE 
 114      3E38
 115 0118 26E589F7 		.ascii	"&\345\211\367rB\307\301\255\3768\204\365\303M\266\334"
 115      7242C7C1 
 115      ADFE3884 
 115      F5C34DB6 
 115      DC
 116 0129 DCECA4E1 		.ascii	"\334\354\244\341\366\334x\261\346\367\021\0162\325\325"
 116      F6DC78B1 
 116      E6F7110E 
 116      32D5D5
 117 0138 DD0339E1 		.ascii	"\335\0039\341\361*\031\300S*\314x\3265\215\237b\025"
 117      F12A19C0 
 117      532ACC78 
 117      D6358D9F 
 117      6215
 118 014a 3B4A95A5 		.ascii	";J\225\245\263\342\325&\355\236{\035\250\253\00675\334"
 118      B3E2D526 
 118      ED9E7B1D 
 118      A8AB0637 
 118      35DC
 119 015c 32013BE1 		.ascii	"2\001;\3410z\251\366\010\335i\006\213$\371\336|A\017"
 119      307AA9F6 
 119      08DD6906 
 119      8B24F9DE 
 119      7C410F
 120 016f 4B2CC873 		.ascii	"K,\310s\204\302\313Y\225Rny\207N%q\024\303\212\304\\"
 120      84C2CB59 
 120      95526E79 
 120      874E2571 
 120      14C38AC4 
 121 0184 697CCA4B 		.ascii	"i|\312K+8\206z\247`\207q*T\302\354\"w\301v\354\316\021"
 121      2B38867A 
 121      A7608771 
 121      2A54C2EC 
 121      2277C176 
 122 019b 5ECB956D 		.ascii	"^\313\225m]QR\275\2271\373\254\373\016\362B\247\020"
 122      5D5152BD 
 122      9731FBAC 
 122      FB0EF242 
 122      A710
 123 01ad 8E4653E1 		.ascii	"\216FS\341\353\234\"H\320\331\377i\271\257\316Q\220"
 123      EB9C2248 
 123      D0D9FF69 
 123      B9AFCE51 
 123      90
 124 01be BF787913 		.ascii	"\277xy\023\021C\37051{%Iw\\7\372\274N\222\207\227\\"
ARM GAS  C:\cygwin\tmp\cc895Wuc.s 			page 9


 124      1143F835 
 124      317B2549 
 124      775C37FA 
 124      BC4E9287 
 125 01d4 0525DF7D 		.ascii	"\005%\337}\262r\301/\272P1x\262\262>S\343\356y\345\327"
 125      B272C12F 
 125      BA503178 
 125      B2B23E53 
 125      E3EE79E5 
 126 01e9 A03CD5E1 		.ascii	"\240<\325\341\347-\231\330fK\276ao\017\254b\266T\031"
 126      E72D99D8 
 126      664BBE61 
 126      6F0FAC62 
 126      B65419
 127 01fc CD57D39D 		.ascii	"\315W\323\235\277\217\254p\371j\325|\001\277Ulo\360"
 127      BF8FAC70 
 127      F96AD57C 
 127      01BF556C 
 127      6FF0
 128 020e F140F80C 		.ascii	"\361@\370\014)~\2510\366\"\020\276\350\302\365q\312"
 128      297EA930 
 128      F62210BE 
 128      E8C2F571 
 128      CA
 129 021f E0F24DE9 		.ascii	"\340\362M\351Wp']\270\217\316O}\036`\270S\014\327C\221"
 129      5770275D 
 129      B88FCE4F 
 129      7D1E60B8 
 129      530CD743 
 130 0234 9BEA1C5F 		.ascii	"\233\352\034_\036\315\336\013\206\257\274\2743\013\275"
 130      1ECDDE0B 
 130      86AFBCBC 
 130      330BBD
 131 0243 D98B4195 		.ascii	"\331\213A\225|\213\223\3616\376;\266j\215\361\357d\341"
 131      7C8B93F1 
 131      36FE3BB6 
 131      6A8DF1EF 
 131      64E1
 132 0255 EAADEE9F 		.ascii	"\352\255\356\237Q\0148\004&\212\017\317\005\334cy\273"
 132      510C3804 
 132      268A0FCF 
 132      05DC6379 
 132      BB
 133 0266 27D1F770 		.ascii	"'\321\367pE\3123\022\231Bq\033\012\337\251s\235\317"
 133      45CA3312 
 133      9942711B 
 133      0ADFA973 
 133      9DCF
 134 0278 4DDFF7F1 		.ascii	"M\337\367\361\006\3504\215M1Ee\351J5\225\023\017\320"
 134      06E8348D 
 134      4D314565 
 134      E94A3595 
 134      130FD0
 135 028b 2522AA88 		.ascii	"%\"\252\210\330\177\347{\361M\300\3579\250W\005\345"
 135      D87FE77B 
 135      F14DC0EF 
 135      39A85705 
ARM GAS  C:\cygwin\tmp\cc895Wuc.s 			page 10


 135      E5
 136 029c F305E44A 		.ascii	"\363\005\344J\200\323\034\366l\2459\243h\336qh\376\366"
 136      80D31CF6 
 136      6CA539A3 
 136      68DE7168 
 136      FEF6
 137 02ae 9F34675D 		.ascii	"\2374g]\232\033\205\245b\015\323\234C]\365\015xW\341"
 137      9A1B85A5 
 137      620DD39C 
 137      435DF50D 
 137      7857E1
 138 02c1 1C28CE3C 		.ascii	"\034(\316<\016\206\377p\263\375\254}64\366\240Fe\377"
 138      0E86FF70 
 138      B3FDAC7D 
 138      3634F6A0 
 138      4665FF
 139 02d4 A070CE3B 		.ascii	"\240p\316;8\025\002\2005:\312\217\327\374<\234\002\363"
 139      38150280 
 139      353ACA8F 
 139      D7FC3C9C 
 139      02F3
 140 02e6 94BE29FA 		.ascii	"\224\276)\372\370Hn44\030\215-\361\303\361\203Q#\231"
 140      F8486E34 
 140      34188D2D 
 140      F1C3F183 
 140      512399
 141 02f9 36CC6422 		.ascii	"6\314d\"\221<j\244\222V&m\274\333\024i\214\264\033f"
 141      913C6AA4 
 141      9256266D 
 141      BCDB1469 
 141      8CB41B66 
 142 030d 8B99B462 		.ascii	"\213\231\264b\207\216\035H4\230\240\233\231\366\224"
 142      878E1D48 
 142      3498A09B 
 142      99F694
 143 031c D78AA5DB 		.ascii	"\327\212\245\333Z3oo\233\033k\317\030\215\221\350\373"
 143      5A336F6F 
 143      9B1B6BCF 
 143      188D91E8 
 143      FB
 144 032d 51237ED4 		.ascii	"Q#~\324lm;\0223\314D:\236>\364\221i6\264@m\244)\032"
 144      6C6D3B12 
 144      33CC443A 
 144      9E3EF491 
 144      6936B440 
 145 0345 AA7F6B5F 		.ascii	"\252\177k_(\225N\005@\274cA]&\231:\370\341\007V\322"
 145      28954E05 
 145      40BC6341 
 145      5D26993A 
 145      F8E10756 
 146 035a 8C669ACD 		.ascii	"\214f\232\315\217k#\321&\016\356#U\0004\013D:\005\236"
 146      8F6B23D1 
 146      260EEE23 
 146      5500340B 
 146      443A059E 
 147 036e 63CDAD6D 		.ascii	"c\315\255m\261\377\327k\013\354d\253\303\315\351X\312"
 147      B1FFD76B 
ARM GAS  C:\cygwin\tmp\cc895Wuc.s 			page 11


 147      0BEC64AB 
 147      C3CDE958 
 147      CA
 148 037f 8AB31DF8 		.ascii	"\212\263\035\370\022\261D\322\372\004\376\001\236\364"
 148      12B144D2 
 148      FA04FE01 
 148      9EF4
 149 038d D0F7     		.ascii	"\320\367"
 150              		.text
 151              		.section	.gnu.lto__port_irq_epilogue.2d26ec6c,"",%progbits
 152 0000 789C9553 		.ascii	"x\234\225S\337K\223Q\030>\3179\3377\327\314\330U\027"
 152      DF4B9351 
 152      183ECF39 
 152      DF37D7CC 
 152      D85517
 153 0013 E1C5BCF0 		.ascii	"\341\305\274\360B\010?\251\310\253.\302\253.V\340\376"
 153      42083FA9 
 153      C8AB2EC2 
 153      AB2E56E0 
 153      FE
 154 0024 00A9AF91 		.ascii	"\000\251\257\221\203\346b\323\250+\317~\265\272\353"
 154      83E662D3 
 154      A82BCF7E 
 154      B5BAEB
 155 0033 A242C218 		.ascii	"\242B\302\030\030\221Z\346\2172[\256\265\254\240\300"
 155      18915AE6 
 155      8F325BAE 
 155      B5ACA0C0 
 156 0043 8C6041E4 		.ascii	"\214`A\344M3\324\026\006\332\017(\250\255\363~\323\310"
 156      4D33D416 
 156      06DA0F28 
 156      A8ADF37E 
 156      D3C8
 157 0055 594407B6 		.ascii	"YD\007\266\263s\236\367=\317\373>\3573\215\201\321*"
 157      B3739EF7 
 157      3DCFFB3E 
 157      EF338D81 
 157      D12A
 158 0067 08C626D4 		.ascii	"\010\306&\324\276G}`c\340gg\030\013\3339\027\271\255"
 158      BE477D60 
 158      63E06767 
 158      180BDB39 
 158      17B9AD
 159 007a 4C3AB474 		.ascii	"L:\264t3\223\233\005t\272\206V\336\303v\035\240\037"
 159      33939B05 
 159      74BA8656 
 159      DEC3761D 
 159      A01F
 160 008c D20ED6CD 		.ascii	"\322\016\326\315\205\246\243\033_\370\017\216\251\304"
 160      85A6A31B 
 160      5FF80F8E 
 160      A9C4
 161 009a 428A375C 		.ascii	"B\2127\\\225j\275y\\l\222\375Y\304\025A\211[\\\014W"
 161      956ABD79 
 161      5C6C92FD 
 161      59C41541 
 161      895B5C0C 
ARM GAS  C:\cygwin\tmp\cc895Wuc.s 			page 12


 162 00af D1C054D8 		.ascii	"\321\300T\330\334h\361|\215-Fa\2562\210~\330\250\240"
 162      DC68F17C 
 162      8D2D4661 
 162      AE32887E 
 162      D8A8A0
 163 00c2 E1D6AC2C 		.ascii	"\341\326\254,\225\242R\226\232f\352\355\234\305\005"
 163      95A25296 
 163      9A66EAED 
 163      9CC505
 164 00d1 047D31B6 		.ascii	"\004}1\266\254\302\210s\205s\332\305\034\"Nz\353El\244"
 164      ACC28873 
 164      8573DAC5 
 164      1C224E7A 
 164      EB456CA4 
 165 00e5 577CE671 		.ascii	"W|\346q\301\241\251\343\312\263\213o\267\320Q\300\245"
 165      C1A1A9E3 
 165      CAB38B6F 
 165      B7D051C0 
 165      A5
 166 00f6 8E8BE944 		.ascii	"\216\213\351D\016b\007(r<\363\252\307Q\177Y\312\210"
 166      0E620728 
 166      723CF3AA 
 166      C7517F59 
 166      CA88
 167 0108 7CB332E0 		.ascii	"|\2632\340~p\345\224<\033\266\307\205\206k\020\252\012"
 167      7E70E594 
 167      3C1BB6C7 
 167      85866B10 
 167      AA0A
 168 011a 0CA21603 		.ascii	"\014\242\026\003\250-\227z\035\365*'Q\220\3674zN\203"
 168      A82D977A 
 168      1DF52A27 
 168      5190F734 
 168      7A4E83
 169 012d 0B430A5B 		.ascii	"\013C\012[Ddn41\275k}\027\3313EX=\2248*\032\314\346"
 169      44646E34 
 169      31BD6B7D 
 169      17D93345 
 169      583D9438 
 170 0145 679350E0 		.ascii	"g\223P\340\015\002y\005(\013\317@L\014\303\004\213\015"
 170      0D027905 
 170      280BCF40 
 170      4C0CC304 
 170      8B0D
 171 0157 E260440D 		.ascii	"\342`D\015\205a\224\324\001\353\205\302\373\222c_\035"
 171      856194D4 
 171      01EB85C2 
 171      FB92635F 
 171      1D
 172 0168 754348CA 		.ascii	"uCH\312\036W\\\350\2242\364vR\3325%\020\306P\307\350"
 172      1E575CE8 
 172      9432F476 
 172      52DA3525 
 172      10C650C7 
 173 017d 66792937 		.ascii	"fy)7\313\325\015n\252\241Q\335\014\267,}\3723\017\347"
 173      CBD50D6E 
 173      AAA151DD 
ARM GAS  C:\cygwin\tmp\cc895Wuc.s 			page 13


 173      0CB72C7D 
 173      FA330FE7 
 174 0191 37D78DAC 		.ascii	"7\327\215\254f\333(\366\343\215\261\227\325V\3668e\343"
 174      66DB28F6 
 174      E38DB197 
 174      D556F638 
 174      65E3
 175 01a3 36343607 		.ascii	"646\007nI\300\330\002\246\356\246\012\311\335\324]T"
 175      6E49C0D8 
 175      02A6EEA6 
 175      0AC9DDD4 
 175      5D54
 176 01b5 D0902FC4 		.ascii	"\320\220/\304\247\236W\221&UV\257\341T\372\234^>\312"
 176      A79E5791 
 176      265556AF 
 176      E154FA9C 
 176      5E3ECA
 177 01c8 D751B985 		.ascii	"\327Q\271\205f\322\023\311\333\223\270\244\206o\307"
 177      66D213C9 
 177      DB93B8A4 
 177      866FC7
 178 01d7 1DA5EA04 		.ascii	"\035\245\352\004U\240\200\245\363O\006\035\306\220\214"
 178      55A080A5 
 178      F34F061D 
 178      C6908C
 179 01e6 29641352 		.ascii	")d\023RH\242hY\003wa(\246\350\367S9^&\022e\256\017\323"
 179      48A26859 
 179      03776128 
 179      A6E8F753 
 179      395E2612 
 180 01fe F37D96FE 		.ascii	"\363}\226\376\200tbR=\223Gl6\272m5HE\014/\245\276\325"
 180      80746252 
 180      3D93476C 
 180      36BA6D35 
 180      48450C2F 
 181 0215 942318D2 		.ascii	"\224#\030\322\253\323[QR\346\266\212w\210:)\222\250"
 181      ABD35B51 
 181      52E6B68A 
 181      77883A29 
 181      92A8
 182 0227 53A9A5D9 		.ascii	"S\251\245\331\252\356\037\362\264\224\316\270p\224\270"
 182      AAEE1FF2 
 182      B494CEB8 
 182      7094B8
 183 0236 A668EFA1 		.ascii	"\246h\357\241[\271\253\332\312\320X\272\371\227\253"
 183      5BB9ABDA 
 183      CAD058BA 
 183      F997AB
 184 0245 D679A5B0 		.ascii	"\326y\245\260\377\037^\311X^\371\245\213\246*\271\377"
 184      FF1F5EC9 
 184      585EF9A5 
 184      8BA62AB9 
 184      FF
 185 0256 77AF3C5D 		.ascii	"w\257<]\340\253^\3217x\345S?\265\221%\320V\351\225/"
 185      E0AB5ED1 
 185      3778E553 
 185      3FB59125 
ARM GAS  C:\cygwin\tmp\cc895Wuc.s 			page 14


 185      D056E995 
 186 026b 33202686 		.ascii	"3 &\206\007\177\361\312\224\345\225\207\277y\245\230"
 186      077FF1CA 
 186      94E59587 
 186      BF79A598 
 187 027b CC67AAD7 		.ascii	"\314g\252\327lp\337\262\301#\313\006\2253\177\2746s"
 187      6C70DFB2 
 187      C123CB06 
 187      95337FBC 
 187      3673
 188 028d 22B0E4D0 		.ascii	"\"\260\344\320\255\177\331{\322\303Z\313\312\331\352"
 188      AD7FD97B 
 188      D2C35ACB 
 188      CAD9EA
 189 029c 46A5188D 		.ascii	"F\245\030\215\215FK\273\357\220\357\200\307\010\204"
 189      8D464BBB 
 189      EF90EF80 
 189      C70884
 190 02ab 0C33E0F7 		.ascii	"\0143\340\367\007:\214c\201`g\310\330\333\352nq\237"
 190      073A8C63 
 190      816067C8 
 190      D8DBEA6E 
 190      719F
 191 02bd 30CC7633 		.ascii	"0\314v3\020\364\266\035o\3667\232L?~\360h\227\367\377"
 191      10F4B61D 
 191      6FF6379A 
 191      4C3F7EF0 
 191      6897F7FF 
 192 02d1 B2DAD9CE 		.ascii	"\262\332\331\316?\306{Ot\032-n\317>\217\341\3530\217"
 192      3FC67B4F 
 192      741A2D6E 
 192      CF3E8FE1 
 192      EB308F
 193 02e4 761DF61A 		.ascii	"v\035\366\032\246?\344\013\265\0351M\225\343t{Z]\207"
 193      A63FE40B 
 193      B51D314D 
 193      95E3747B 
 193      5A5D87
 194 02f7 0E86BCC7 		.ascii	"\016\206\274\307\202\276\355\256\372&\306\203\254\312"
 194      82BEEDAE 
 194      FA26C683 
 194      ACCA
 195 0305 EFF50782 		.ascii	"\357\365\007\202'\331O\355m\221\332"
 195      27D94FED 
 195      6D91DA
 196              		.text
 197              		.section	.gnu.lto_.symbol_nodes.2d26ec6c,"",%progbits
 198 0000 789C6361 		.ascii	"x\234ca`d\250a\000\002\246=\214\365\014\014\023\316"
 198      6064A861 
 198      0002A63D 
 198      8CF50C0C 
 198      13CE
 199 0012 3130D433 		.ascii	"10\32430\356lY\330\240\300\300\300\270\215\261\236\021"
 199      30EE6C59 
 199      D8A0C0C0 
 199      C0B88DB1 
 199      9E11
ARM GAS  C:\cygwin\tmp\cc895Wuc.s 			page 15


 200 0024 2CC6C0D0 		.ascii	",\306\300\320\260\000$\260\235\261\236\011Y\200i3c="
 200      B00024B0 
 200      9DB19E09 
 200      59806933 
 200      633D
 201 0036 335417C3 		.ascii	"3T\027\303\256\006E\240\310\026\306z\026\024\021\306"
 201      AE0645A0 
 201      C816C67A 
 201      161411C6 
 202 0046 AD8CF5AC 		.ascii	"\255\214\365\2540M c\231\031X\031\226\264\277\221gf"
 202      304D2063 
 202      99195819 
 202      96B4BF91 
 202      6766
 203 0058 616078B4 		.ascii	"a`x\264R\215\001\000\254\310\036["
 203      528D0100 
 203      ACC81E5B 
 204              		.text
 205              		.section	.gnu.lto_.refs.2d26ec6c,"",%progbits
 206 0000 789C6361 		.ascii	"x\234ca`d\340d```b`b\344gb\022`\000\000\001x\0007"
 206      6064E064 
 206      60606062 
 206      6062E467 
 206      62126000 
 207              		.text
 208              		.section	.gnu.lto_.decls.2d26ec6c,"",%progbits
 209 0000 789CBD58 		.ascii	"x\234\275XkL\024Y\026\356[\267yt\323\200Afw&!\033\343"
 209      6B4C1459 
 209      16EE5BB7 
 209      7974D380 
 209      41667726 
 210 0017 9A48B219 		.ascii	"\232H\262\031\320q\223\235\335\314\217A\324\325\037"
 210      D071939D 
 210      DDCC8F41 
 210      D4D51F
 211 0026 EE986634 		.ascii	"\356\230f4\233\214\331\036lZ\351,\257\351nw4\331dJA"
 211      9B8CD91E 
 211      6C5AE92C 
 211      AFE96E77 
 211      34D9644A 
 212 003b 411D1514 		.ascii	"A\035\025\024\021\021\025\360\205<\004y\210\212`\373"
 212      111115F0 
 212      853C0479 
 212      888A60FB 
 213 004b E0218E0C 		.ascii	"\340!\216\014\202\202\010\312C\304\027\"\210\202\010"
 213      828208CA 
 213      43C41722 
 213      888208
 214 005a CA9EFB28 		.ascii	"\312\236\373(\252h\301u\377l\305S\364\251\372\316w\316"
 214      AA68C175 
 214      FF6CC553 
 214      F4A9FACE 
 214      77CE
 215 006c 3DF7DC53 		.ascii	"=\367\334S\367\252V!\025\271\234?U\251\276\301*U\014"
 215      F7AA5621 
 215      15B99C3F 
 215      55A9BEC1 
ARM GAS  C:\cygwin\tmp\cc895Wuc.s 			page 16


 215      2A550C
 216 007f A86370A9 		.ascii	"\250cp\251\341\331\012\225|9\203\344\202\344\203\024"
 216      E1D90A95 
 216      7C3983E4 
 216      82E48314 
 217 008f 8014819C 		.ascii	"\200\024\201\234\006)W\275\177\021\234'\267\367\002"
 217      062957BD 
 217      7F119C27 
 217      B7F702
 218 009e F106A904 		.ascii	"\361\006\251\004\351\004\231\015r\026\244\007\244\031"
 218      E904990D 
 218      7216A407 
 218      A419
 219 00ac A4066439 		.ascii	"\244\006d9\310s\220>\2202\220~\020\001\344\016\310]"
 219      C873903E 
 219      9032907E 
 219      1001E40E 
 219      C85D
 220 00be 85EF4190 		.ascii	"\205\357A\220\021\356S\212\303\361\"qi\034|wr\377\263"
 220      11EE538A 
 220      C3F12271 
 220      691C7C77 
 220      72FFB3
 221 00d1 B95FE28B 		.ascii	"\271_\342\213\017\233r\027)\270\005x\256\006qA\357s"
 221      0F9B7217 
 221      29B80578 
 221      AE067141 
 221      EF73
 222 00e3 93F1EA38 		.ascii	"\223\361\3528\367l\207\261I\234\006\220\177\200\374"
 222      F76C87B1 
 222      499C0690 
 222      7F80FC
 223 00f2 1EE47B90 		.ascii	"\036\344{\220\034\356\352;\302\3119V\301\357\020\356"
 223      1CEEEA3B 
 223      C2C93956 
 223      C1EF10EE 
 224 0102 2357E1D3 		.ascii	"#W\341\323\361z+\240\262\206\221Zu\013jF\220\0174\215"
 224      F17A2BA0 
 224      B286915A 
 224      750B6A46 
 224      900F348D 
 225 0116 3E4588DD 		.ascii	">E\210\335\021\025\025\023\252\302\017\201\336U\362"
 225      11151513 
 225      AAC20F81 
 225      DE55F2
 226 0125 232401B9 		.ascii	"#$\001\271.H?U\343d\364\037\267\247sO/J\"\263#n\304"
 226      2E483F55 
 226      E364F41F 
 226      B7A7734F 
 226      2F4A22B3 
 227 013c 746EAC42 		.ascii	"tn\254B\\\027d\007\210\251\222\201\202\217\205\313\351"
 227      5C176407 
 227      88A99281 
 227      828F85CB 
 227      E9
 228 014d E498C7C7 		.ascii	"\344\230\307\307\204\244A\217n/?\255\303\220\025\370"
 228      84A4418F 
ARM GAS  C:\cygwin\tmp\cc895Wuc.s 			page 17


 228      6E2F3FAD 
 228      C39015F8 
 229 015d DD369CB9 		.ascii	"\3356\234\271\310/G\204+^\024\205\257\344\314\334\210"
 229      C82F4784 
 229      2B5E1485 
 229      AFE4CCDC 
 229      88
 230 016e C94FC52F 		.ascii	"\311O\305/\005\344\245EjP\373\257\247\334\367\000\325"
 230      05E4A545 
 230      6A50FBAF 
 230      A7DCF700 
 230      D5
 231 017f 5B8B6680 		.ascii	"[\213f\200\372\366\352\376\024\341\323$j\027-\316P\243"
 231      FAF6EAFE 
 231      14E1D324 
 231      6A172DCE 
 231      50A3
 232 0191 15BF41D9 		.ascii	"\025\277A\331\310\007e!\037p\224\203\240\332\321*5c"
 232      C8076521 
 232      1F709483 
 232      A0DAD12A 
 232      3563
 233 01a3 1AEEED2D 		.ascii	"\032\356\355-w\231\231&\332\363\305\366\375\217=\223"
 233      77999926 
 233      DAF3C5F6 
 233      FD8F3D93 
 234 01b3 A263AAC1 		.ascii	"\242c\252\301l\016A\241L\204\321\011\344G\242\203\237"
 234      6C0E41A1 
 234      4C84D109 
 234      E447A283 
 234      9F
 235 01c4 E4CF71D4 		.ascii	"\344\317q\324\002a\347\242\231`\371\354zA\201'^N\003"
 235      0261E7A2 
 235      9960F9EC 
 235      7A418127 
 235      5E4E03
 236 01d7 FDB0C7BC 		.ascii	"\375\260\307\274\011\036\217\355\033-w\003\217\355\242"
 236      091E8FED 
 236      1B2D7703 
 236      8FEDA2
 237 01e6 D85E5215 		.ascii	"\330^R\025\021{x\263=\036Q\020:);<I\035\302\217|\352"
 237      117B78B3 
 237      3D1E5110 
 237      3A293B3C 
 237      491DC28F 
 238 01fc ACA3FDE8 		.ascii	"\254\243\375\350\0137\274\037Qo\375M\366\021w\306`?"
 238      0B37BC1F 
 238      516FFD4D 
 238      F61177C6 
 238      603F
 239 020e DFA60373 		.ascii	"\337\246\003sj}J\266>%Y\027P\353\314\212\227G1\316c"
 239      6A7D4AB6 
 239      3E255917 
 239      50EBCC8A 
 239      974731CE 
 240 0223 D6B9B76E 		.ascii	"\326\271\267n\345x\200u\032\031\361\360\274}\242=\006"
 240      E5788075 
ARM GAS  C:\cygwin\tmp\cc895Wuc.s 			page 18


 240      1A19F1F0 
 240      BC7DA23D 
 240      06
 241 0234 C2162845 		.ascii	"\302\026(E\241LQ\250\034q\021\245i\353\033\250r\303"
 241      A14C51A8 
 241      1C7111A5 
 241      69EB1BA8 
 241      72C3
 242 0246 A58CA6BC 		.ascii	"\245\214\246\274\366\\7\247\261\277\254\322\211\361"
 242      F65C37A7 
 242      B1BFACD2 
 242      89F1
 243 0254 1BC4B4AF 		.ascii	"\033\304\264\257)I\261LR\254$9MI\322\222\007\037;\343"
 243      2949B14C 
 243      52AC2439 
 243      4D49D292 
 243      071F3BE3 
 244 0268 5A4672BD 		.ascii	"ZFr\275\242!\331\005?\242\212\272\353dQ#F\032\037\004"
 244      A221D905 
 244      3FA28ABA 
 244      EB645123 
 244      461A1F04 
 245 027c 8943BEB1 		.ascii	"\211C\276\261\242\270Q\354\333\2306\343\007\025\232"
 245      A2B851EC 
 245      DB9836E3 
 245      07159A
 246 028b E783E6F8 		.ascii	"\347\203\346\370\250\320y\344\213\316\"X\340\350\034"
 246      A8D079E4 
 246      8BCE2258 
 246      E0E81C
 247 029a 404A21B7 		.ascii	"@J!\267)\242+}\222\"\306\211\3424\372\363\230T.*\242"
 247      29A22B7D 
 247      9222C689 
 247      E234FAF3 
 247      98542E2A 
 248 02af A2333C13 		.ascii	"\2423<\023,\367\015\275\367\355N\312y\"\020y\242\312"
 248      2CF70DBD 
 248      F7ED4ECA 
 248      79221079 
 248      A2CA
 249 02c1 264C54C6 		.ascii	"&LT\306\231\344z\236\346\366\262\235&i\242\000\204J"
 249      99E47A9E 
 249      E6F6B29D 
 249      2669A200 
 249      844A
 250 02d3 E4219648 		.ascii	"\344!\226H\251.\247\303\273[}\"\233T\346l-\"\205\357"
 250      A92EA7C3 
 250      BB5B7D22 
 250      9B54E66C 
 250      2D2285EF 
 251 02e7 098FF27A 		.ascii	"\011\217\362z\316\016\273\263G\204\266~\347\213#.8\201"
 251      CE0EBBB3 
 251      4784B67E 
 251      E78B232E 
 251      3881
 252 02f9 56B850B9 		.ascii	"V\270P\271\275\260\300\015\371ji\324\355\303\365\013"
 252      BDB0C00D 
ARM GAS  C:\cygwin\tmp\cc895Wuc.s 			page 19


 252      F96A69D4 
 252      EDC3F50B 
 253 0309 1262C95C 		.ascii	"\022b\311\\\\FZtQ\3661[\013\3678\222\020\210\332\253"
 253      5C465A74 
 253      51F6315B 
 253      0BF73892 
 253      1088DAAB 
 254 031d DA43351E 		.ascii	"\332C5\0363\272\0049\001b\002Dvxx\001\036\202\223\023"
 254      33BA0439 
 254      01620244 
 254      76787801 
 254      1E829313 
 255 0331 4712329C 		.ascii	"G\0222\234q#s\262\257(kH;\356d,\351\2179$Y\225\340\343"
 255      712373B2 
 255      AF286B48 
 255      3BEE642C 
 255      E98F3924 
 256 0349 8AEC035C 		.ascii	"\212\354\003\\N\351\244b\022'\304\036\034\365\306<h"
 256      4EE9A462 
 256      1227C41E 
 256      1CF5C63C 
 256      68
 257 035a 77632BF1 		.ascii	"wc+\361SP7\024\037\336\251\303;0\035\351\241\326\376"
 257      53503714 
 257      1FDEA9C3 
 257      3B301DE9 
 257      A1D6FE
 258 036d 5C17BC9B 		.ascii	"\\\027\274\233*\302\303\204c\205Z\244\363\335*{P\256"
 258      2AC2C384 
 258      63855AA4 
 258      F3DD2A7B 
 258      50AE
 259 037f 12740D7C 		.ascii	"\022t\015|,\327\361hx:\356\254\356\217&\351\250A:tU"
 259      2CD7F168 
 259      783AEEAC 
 259      EE8F26E9 
 259      A8413A74 
 260 0394 0E75B98E 		.ascii	"\016u\271\216MP\322\336\254\333\032\\\315\234\325\367"
 260      4D50D2DE 
 260      ACDB1A5C 
 260      CD9CD5F7 
 261 03a4 FD728007 		.ascii	"\375r\200\0072\015\324\247\251w\356\350\3605\366\256"
 261      320DD4A7 
 261      A977EEE8 
 261      F035F6AE 
 262 03b4 B0AABF4A 		.ascii	"\260\252\277J\203\353\231\222R\372\262\306\211\001]"
 262      83EB9992 
 262      52FAB2C6 
 262      89015D
 263 03c3 416DAECB 		.ascii	"Am\256\313\337\346\201\033\331\273\315\207/\017\273"
 263      DFE6811B 
 263      D9BBCD87 
 263      2F0FBB
 264 03d2 E366A664 		.ascii	"\343f\246d>i\033\305\270\225)#g+DW\334\306\224\343U"
 264      3E691BC5 
 264      B8952923 
 264      672B4457 
ARM GAS  C:\cygwin\tmp\cc895Wuc.s 			page 20


 264      DCC694E3 
 265 03e7 CD559EB8 		.ascii	"\315U\236\270\223)R\363\361b\315\347\344\243\013\251"
 265      932952F3 
 265      F162CDE7 
 265      E4A30BA9 
 266 03f7 5AD68B44 		.ascii	"Z\326\213D\341\255\240\335\026\377\262N\215fM\237\005"
 266      E1ADA0DD 
 266      16FFB24E 
 266      8D664D9F 
 266      05
 267 0408 972F4806 		.ascii	"\227/H\006\031?,\374\237\022\217n\026\343\203\351\330"
 267      193F2CFC 
 267      9F128F6E 
 267      16E383E9 
 267      D8
 268 0419 7E85B135 		.ascii	"~\205\2615\243\351r2\256\323r\234\0137U\002\257g\021"
 268      A3E97232 
 268      AED3729C 
 268      0B375502 
 268      AF6711
 269 042c D954A809 		.ascii	"\331T\250\011\000\215\004p\213[@F\320=\310\\\013\232"
 269      008D0470 
 269      8B5B4046 
 269      D03DC85C 
 269      0B9A
 270 043e 85DA405A 		.ascii	"\205\332@ZA:@n\203\264\203\334\005\271\203f\321\012"
 270      413A406E 
 270      83B483DC 
 270      05B98366 
 270      D10A
 271 0450 A59EED89 		.ascii	"\245\236\355\211\215:\311m\265\243\333*\3526\233\334"
 271      8D3AC96D 
 271      B5A3DB2A 
 271      EA369BDC 
 272 0460 397AB061 		.ascii	"9z\260a\034}\323\021\355?\036#\303\276\221\261\365\216"
 272      1C7DD311 
 272      ED3F1E23 
 272      C3BE91B1 
 272      F58E
 273 0472 D83AE400 		.ascii	"\330:\344\000\336%\207\361\313\344aP0-\004\373\253\335"
 273      DE2587F1 
 273      CBE46150 
 273      302D04FB 
 273      ABDD
 274 0484 3A11563A 		.ascii	":\021V:\200T\274\006\344\361\0147x\223\026\206)U\303"
 274      8054BC06 
 274      E4F10C37 
 274      78931686 
 274      2955C3
 275 0497 A4312A07 		.ascii	"\2441*\007\024/\373\255\235<\353J\364\250<\244\033\223"
 275      142FFBAD 
 275      9D3CEB4A 
 275      F4A83CA4 
 275      1B93
 276 04a9 0F89A161 		.ascii	"\017\211\241a\336/\357\330\366\255NY\334J\260\012u\""
 276      DE2FEFD8 
 276      F6AD4E59 
ARM GAS  C:\cygwin\tmp\cc895Wuc.s 			page 21


 276      DC4AB00A 
 276      7522
 277 04bb 1DED12F0 		.ascii	"\035\355\022\360\027\300\025cCvOV3P#ho_]\275V\033\307"
 277      17C01563 
 277      43764F56 
 277      33502368 
 277      6F5F5DBD 
 278 04d2 DB123186 		.ascii	"\333\0221\206\027\262m\027Y\2320\024t\237-\356K/\362"
 278      17B26D17 
 278      599A3014 
 278      749F2DEE 
 278      4B2FF2
 279 04e5 8FEB9835 		.ascii	"\217\353\2305V,Ao\266\004o\275.{\243\303\275\2648\325"
 279      562C416F 
 279      B6046FBD 
 279      2E7BA3C3 
 279      BDB438D5 
 280 04f9 851BDBD2 		.ascii	"\205\033\333\322=\220/\353\251ZEo|\012\253\377\241\334"
 280      3D902FEB 
 280      A95A456F 
 280      7C0AABFF 
 280      A1DC
 281 050b 1B6903ED 		.ascii	"\033i\003\355\373\211<\246M\225\374\245\275\240/C\204"
 281      FB893CA6 
 281      4D95FCA5 
 281      BDA02F43 
 281      84
 282 051c DDA1D481 		.ascii	"\335\241\324\201\037A\251=\245\321<\001\302\307,\234"
 282      1F41A93D 
 282      A5D13C01 
 282      C2C72C9C 
 283 052c 8C3DAF3B 		.ascii	"\214=\257;\220W<\347\376\032Q\356nx\377\200F\337\203"
 283      90573CE7 
 283      FE1A51EE 
 283      6E78FF80 
 283      46DF83
 284 053f BCA43150 		.ascii	"\274\2441P\005,\212\0174\036t\233z\274\317\244\361\316"
 284      052C8A0F 
 284      341E749B 
 284      7ABCCFA4 
 284      F1CE
 285 0551 F151AE6C 		.ascii	"\361Q\256lo\266\262o\017\265\015\271swv\311]/b\331Q"
 285      6FB6B26F 
 285      0FB50DB9 
 285      737776C9 
 285      5D2F62D9 
 286 0566 A1E7D4DD 		.ascii	"\241\347\324\3353\346\3569uw\263+\373\224n\302\334\220"
 286      33E6EE39 
 286      7577B32B 
 286      FB946EC2 
 286      DC90
 287 0578 1E2EFBEB 		.ascii	"\036.\373\353\343s\323G\347f\344A\336\303\211\350\274"
 287      E373D347 
 287      E766E441 
 287      DEC389E8 
 287      BC
 288 0589 09E87E8E 		.ascii	"\011\350~\216\356\247\350\306\326\372d\015\036`\255"
ARM GAS  C:\cygwin\tmp\cc895Wuc.s 			page 22


 288      EEA7E8C6 
 288      D6FA640D 
 288      1E60AD
 289 0598 202BF760 		.ascii	" +\367`\276\007~\313\224m\227.\247:\253!\325\0034\315"
 289      BE077ECB 
 289      946D972E 
 289      A73AAB21 
 289      D50334CD 
 290 05ac F0A474C3 		.ascii	"\360\244t\303iO\345\307\207t`\231\367\325\204\217\317"
 290      694FE5C7 
 290      87746099 
 290      F7D5848F 
 290      CF
 291 05bd DEAC0B7B 		.ascii	"\336\254\013{\334\370\276\244\244\363\373\2547\017D"
 291      DCF8BEA4 
 291      A4F3FBAC 
 291      370F44
 292 05cc 719728C6 		.ascii	"q\227(\306 o\002D/\244n\210^\"5\321\344\317\354 \375"
 292      206F0244 
 292      2FA46E88 
 292      5E2235D1 
 292      E4CFEC20 
 293 05e1 0EF51C6B 		.ascii	"\016\365\034k\232\206/\250\247\210$\266\347H\243\240"
 293      9A862FA8 
 293      A78824B6 
 293      E748A3A0 
 294 05f1 26DB4A12 		.ascii	"&\333J\022\003\370$\215\2601c\336\224[\23074\270a\304"
 294      03F8248D 
 294      B03163DE 
 294      945B9837 
 294      34B861C4 
 295 0605 A3BB3276 		.ascii	"\243\2732vw\320\231Eg\337s\355+\266\207H\327\022\030"
 295      77D09945 
 295      67DF73ED 
 295      2BB68748 
 295      D71218
 296 0618 1A1A0FED 		.ascii	"\032\032\017\3555\2046\244\014m\204\206\3265\222{\216"
 296      358436A4 
 296      0C6D8486 
 296      D635927B 
 296      8E
 297 0629 374C6750 		.ascii	"7LgP\237\337\037\352t\235\272\030\336J\3050\312\252"
 297      9FDF1FEA 
 297      749DBA18 
 297      DE4AC530 
 297      CAAA
 298 063b EDE5D64D 		.ascii	"\355\345\326MC|\353\347B\232tw\352\016\035+\216/I\003"
 298      437CEBE7 
 298      429A7477 
 298      EA0E1D2B 
 298      8E2F4903 
 299 064f 4F4B7AEE 		.ascii	"OKz\356\346X\213c@\366\216\222\211\202\227DI\025\260"
 299      E6588B63 
 299      40F68E92 
 299      89829744 
 299      4915B0
 300 0662 B8DA957B 		.ascii	"\270\332\225{\311\003_e\231\272\226>lGR\326c\027\245"
ARM GAS  C:\cygwin\tmp\cc895Wuc.s 			page 23


 300      C9035F65 
 300      99BA963E 
 300      6C4752D6 
 300      6317A5
 301 0675 DCEEE259 		.ascii	"\334\356\342YW\323\"\330 \214\177\203\340\247<\256\215"
 301      57D322D8 
 301      208C7F83 
 301      E0A73CAE 
 301      8D
 302 0686 021957FB 		.ascii	"\002\031W\373\241\207\273\335\361=\306\264e\373\323"
 302      A187BBDD 
 302      F13DC6B4 
 302      65FBD3
 303 0695 3E279EA1 		.ascii	">'\236\241\2425<Al\223\025-\263D+Yb(KS\367\245\020\374"
 303      A2353C41 
 303      6C93152D 
 303      B3442B59 
 303      62284B53 
 304 06ad 64AA896B 		.ascii	"d\252\211k\355\031x\246\031/\213\250\352\027rY\220\334"
 304      ED1978A6 
 304      192F8BA8 
 304      EA177259 
 304      90DC
 305 06bf 6F92A8D1 		.ascii	"o\222\250\321fAM4\231=\226\262\347\\\257j\345\331\213"
 305      66414D34 
 305      993D96B2 
 305      E75CAF6A 
 305      E5D98B
 306 06d2 43A08F3D 		.ascii	"C\240\217=n>\254az\037\375\230\215\036(\341\2727\331"
 306      6E3EAC61 
 306      7A1FFD98 
 306      8D1E28E1 
 306      BA37D9
 307 06e5 D7B6C5C7 		.ascii	"\327\266\305\307\273\260\354\246\021x\307\335\207[="
 307      BBB0ECA6 
 307      1178C7DD 
 307      875B3D
 308 06f4 F06B165D 		.ascii	"\360k\026][\376\251!\247\251'n\273\300'.\213M\\\346"
 308      5BFEA921 
 308      A7A9276E 
 308      BBC0272E 
 308      8B4D5CE6 
 309 0708 C6F444B5 		.ascii	"\306\364D\265<56Zz\333\004\037\264U \360\035tj\250\021"
 309      3C35365A 
 309      7ADB041F 
 309      B45520F0 
 309      1D746AA8 
 310 071d 416F2C6D 		.ascii	"Ao,mN\340\035\262\235\350\305\365M\203\032\274\321\211"
 310      4EE01DB2 
 310      9DE8C5F5 
 310      4D831ABC 
 310      D189
 311 072f 6D616F8B 		.ascii	"mao\213[4\304s4x\216\377\357{\0250Ix\327R\347\244\364"
 311      5B34C473 
 311      34788EFF 
 311      EF7B1530 
 311      4978D752 
ARM GAS  C:\cygwin\tmp\cc895Wuc.s 			page 24


 312 0746 9E207CC0 		.ascii	"\236 |\300{Cwz\014\357\260uD?\335}\265R\372\250\223"
 312      7B43777A 
 312      0CEFB075 
 312      443FDD7D 
 312      B552FAA8 
 313 075b 3C9456D6 		.ascii	"<\224V\326\303~$\226E\363|(c\313\007\0128I\312\303\003"
 313      C37E2496 
 313      45F37C28 
 313      63CB070A 
 313      3849CAC3 
 314 0770 1649EC81 		.ascii	"\026I\354\201\266B'\307<$B$\354\363\263\227F\222$ER"
 314      B64227C7 
 314      3C244224 
 314      ECF3B397 
 314      46922445 
 315 0785 BDE9C2DE 		.ascii	"\275\351\302\336\367\342\236\022\275\255\242\270\222"
 315      F7E29E12 
 315      BDADA2B8 
 315      92
 316 0792 4F6F35D1 		.ascii	"Oo5\321\273\337\025\326\270\340\237Y\234\273w\275\256"
 316      BBDF15D6 
 316      B8E09F59 
 316      9CBB77BD 
 316      AE
 317 07a3 71C5F14C 		.ascii	"q\305\361L)\351\315.qgH\273R\367\346\372@v\337Qg\234"
 317      29E9CD2E 
 317      716748BB 
 317      52F7E6FA 
 317      4076DF51 
 318 07b9 C8C0FB9B 		.ascii	"\310\300\373\233\337\345{\312-\227\205|\000\202`\337"
 318      DFE57BCA 
 318      2D97857C 
 318      008260DF 
 319 07c9 C04382DC 		.ascii	"\300C\202\334rI#"
 319      724923
 320 07d0 19A88DC5 		.ascii	"\031\250\215\305J4\011yJ\264\264\200\275\330\002N\036"
 320      4A340979 
 320      4AB4B480 
 320      BDD8024E 
 320      1E
 321 07e1 4E7FE28E 		.ascii	"N\177\342\216\223\231\337\272\343quX\232\347\217\330"
 321      9399DFBA 
 321      E3717558 
 321      9AE78FD8 
 322 07f1 93925359 		.ascii	"\223\222SY\357h\236\007>\300\354KK\316W\362\255\336"
 322      EF689E07 
 322      3EC0EC4B 
 322      4BCE57F2 
 322      ADDE
 323 0803 1C50B373 		.ascii	"\034P\263s.\326\272\341\014\366n4\376P\241\006g\362"
 323      2ED6BAE1 
 323      0CF66E34 
 323      FE50A106 
 323      67F2
 324 0815 010EDC7D 		.ascii	"\001\016\334}\314\313\336\227|`\017\037\334\245\301"
 324      CCCBDE97 
 324      7C600F1F 
ARM GAS  C:\cygwin\tmp\cc895Wuc.s 			page 25


 324      DCA5C1
 325 0824 B9ECDD58 		.ascii	"\271\354\335X|\334>\027\\\300\224\304\332\304\303n\270"
 325      7CDC3E17 
 325      5CC094C4 
 325      DAC4C36E 
 325      B8
 326 0835 8429238F 		.ascii	"\204)#\217\022\233\021\263\322)J\326\233\227\354\311"
 326      129B11B3 
 326      D2294AD6 
 326      9B97ECC9 
 327 0845 C11D7BDD 		.ascii	"\301\035{\335p\031\30365\307\234\345X7P\243[\336]\362"
 327      7019C336 
 327      35C79CE5 
 327      583750A3 
 327      5BDE5DF2 
 328 0859 9CBA66F2 		.ascii	"\234\272f\362\245\232\311\023\350\250\3626u\235p\005"
 328      A59AC913 
 328      E8A8F236 
 328      759D7005 
 329 0869 6B1FD2CC 		.ascii	"k\037\322\314\024G\012\037v\244(\262\017\344\252\361"
 329      14470A1F 
 329      76A428B2 
 329      0FE4AAF1 
 330 0879 45EA49B8 		.ascii	"E\352I\270Q\330\\\241Q\034)~w\206\354\366\213a\016\012"
 330      51D85CA1 
 330      511C297E 
 330      7786ECF6 
 330      8B610E0A 
 331 088d E5C6E333 		.ascii	"\345\306\3433\276\331\237\370\201/\022|\011)\315j\001"
 331      BED99FF8 
 331      812F127C 
 331      0929CD6A 
 331      01
 332 089e 4CD929E6 		.ascii	"L\331)\346\377\304\241\314+\356\370\032s\360,\361i\034"
 332      FFC4A1CC 
 332      2BEEF81A 
 332      73F02CF1 
 332      691C
 333 08b0 561C277C 		.ascii	"V\034'|\262\211\2033\340\340\264\354\240X\230\302C\311"
 333      B2898333 
 333      E0E0B4EC 
 333      A05898C2 
 333      43C9
 334 08c2 E41E2EC4 		.ascii	"\344\036.\304\225\246\272(\0337\341\313\205\3679t}\236"
 334      95A6BA28 
 334      1B37E1CB 
 334      85F73974 
 334      7D9E
 335 08d4 A545932F 		.ascii	"\245E\223/\325y\372\226\302x-+\214\217b\317\350l-\027"
 335      D579FA96 
 335      C2782D2B 
 335      8C8F62CF 
 335      E86C2D17 
 336 08e8 94ECE73E 		.ascii	"\224\354\347>\304^V\337\3725n`\363\366\252\266\265\003"
 336      C45E56DF 
 336      FA356E60 
 336      F3F6AAB6 
ARM GAS  C:\cygwin\tmp\cc895Wuc.s 			page 26


 336      B503
 337 08fa E126A6C4 		.ascii	"\341&\246\304\\\273z\334\005\2670\245\347\304\365jg"
 337      5CBB7ADC 
 337      05B730A5 
 337      E7C4F56A 
 337      67
 338 090b DCC194AE 		.ascii	"\334\301\224\256\3567g0\356f\312\261\236\214\355\032"
 338      EE376730 
 338      EE66CAB1 
 338      9E8CED1A 
 339 091b FC94DB74 		.ascii	"\374\224\333t\365\326\362s\311\317d\352F\372N\337\224"
 339      F5D6F273 
 339      C9CF64EA 
 339      46FA4EDF 
 339      94
 340 092c AA849C3F 		.ascii	"\252\204\234?\236\274z0\346\212\373)\370\267\355\007"
 340      9EBC7A30 
 340      E68AFB29 
 340      F8B7ED07 
 341 093c 936B7468 		.ascii	"\223kth\026\275\246\317R\\\354\344\020\023-\266\267"
 341      16BDA6CF 
 341      525CECE4 
 341      10132DB6 
 341      B7
 342 094d 3DFFFBB3 		.ascii	"=\377\373\263\233\344\263\244C\207a\020Y\220\362k\202"
 342      9BE4B3A4 
 342      43876110 
 342      5990F26B 
 342      82
 343 095e 625B9A29 		.ascii	"b[\232)(w\332\260yn\375\216la\241\301\241\2379Vj{h\213"
 343      2877DAB0 
 343      796EFD8E 
 343      6C61A1C1 
 343      A19F3956 
 344 0976 A0DCF002 		.ascii	"\240\334\360\002\273\375\\\013\335\360\022\346\343\216"
 344      BBFD5C0B 
 344      DDF012E6 
 344      E38E
 345 0984 CC4795CC 		.ascii	"\314G\225\314\004|F\006\237\230<\014%\365=\031}\305"
 345      047C4606 
 345      9F983C0C 
 345      25F53D19 
 345      7DC5
 346 0996 111DE748 		.ascii	"\021\035\347H].\203\2178\202\323e\360\204\303\321e\030"
 346      5D2E838F 
 346      3882D365 
 346      F084C3D1 
 346      6518
 347 09a8 D625FA8E 		.ascii	"\326%\372\216\300\311\311\3506T\303\015a\026j\001i\002"
 347      C0C9C9E8 
 347      3654C30D 
 347      61166A01 
 347      6902
 348 09ba F915E417 		.ascii	"\371\025\344\027\220[ 7A\032@*@\252A\252@\256\203\324"
 348      905B2037 
 348      411A402A 
 348      40AA41AA 
ARM GAS  C:\cygwin\tmp\cc895Wuc.s 			page 27


 348      40AE83D4 
 349 09ce 80D481D4 		.ascii	"\200\324\201\324\2024\203\324\2034\202\334\001\251\004"
 349      823483D4 
 349      833482DC 
 349      01A904
 350 09dd B92A48A7 		.ascii	"\271*H\247)\022\347A9\3162\3078\025\2078\006>/\203\217"
 350      2912E741 
 350      39CE32C7 
 350      38158738 
 350      063E2F83 
 351 09f2 4D9E5C29 		.ascii	"M\236\\)_\211\033D{=\235\2674\230\267\203\034,\365P"
 351      5F891B44 
 351      7B3D9DB7 
 351      3498B783 
 351      1C2CF550 
 352 0a06 94EA98AE 		.ascii	"\224\352\230\256T\231\271\334\221YyNa\350:\031\2351"
 352      5499B9DC 
 352      9159794E 
 352      61E83A19 
 352      9D31
 353 0a18 7972C7E3 		.ascii	"yr\307\343\000t\022C\223&~\321\021\255<\002\022l\243"
 353      00741243 
 353      93267ED1 
 353      11AD3C02 
 353      126CA3
 354 0a2b 8C4D71C4 		.ascii	"\214Mq\304\356{\257\"\212\3448\262\035\321\215\023\243"
 354      EE7BAF22 
 354      8AE438B2 
 354      1DD18D13 
 354      A3
 355 0a3c 867C147C 		.ascii	"\206|\024|'\346\177\217J!\037'9XZ\300\312\003#c\316"
 355      27E67F8F 
 355      4A211F27 
 355      39585AC0 
 355      CA032363 
 356 0a51 9799CF4F 		.ascii	"\227\231\317O>-\312L\337\246\231N\006\346=\034,}`\321"
 356      3E2DCA4C 
 356      DFA6994E 
 356      06E63D1C 
 356      2C7D60D1 
 357 0a65 6EC74CA7 		.ascii	"n\307L\247\310\314\027&\317\264\342\334\272\273\205"
 357      C8CC1726 
 357      CFB4E2DC 
 357      BABB85
 358 0a74 9E5B0134 		.ascii	"\236[\0014\361\334JRuk\377'\354\334J\222\265\177\362"
 358      F1DC4A52 
 358      756BFF27 
 358      ECDC4A92 
 358      B57FF2
 359 0a87 64CD9563 		.ascii	"d\315\225c\274Cc\334\0051\306;\256\342\235\2161&\313"
 359      BC4363DC 
 359      0531C63B 
 359      AEE29D8E 
 359      3126CB
 360 0a9a 31DA279D 		.ascii	"1\332'\235\261\361Ckm\333\236Z5\316r\246}\375\376\225"
 360      B1F1436B 
 360      6DDB9E5A 
ARM GAS  C:\cygwin\tmp\cc895Wuc.s 			page 28


 360      35CE72A6 
 360      7DFDFE95 
 361 0aae BC1EF8FE 		.ascii	"\274\036\370\376Mg\261\367\267 \022\373=0n\225\333:"
 361      4D67B1F7 
 361      B72012FB 
 361      3D306E95 
 361      DB3A
 362 0ac0 19CA14CB 		.ascii	"\031\312\024\313\016\335\205\325\366\377Xy\344?\021"
 362      0EDD85D5 
 362      F6FF5879 
 362      E43F11
 363 0acf 7B1FEDF6 		.ascii	"{\037\355\366\234pF\273'(O\333m\002;\243\301\337IOt"
 363      9C7046BB 
 363      27284FDB 
 363      6D023BA3 
 363      C1DF494F 
 364 0ae4 39134E74 		.ascii	"9\023Nt\355\034\335N\321\227\007\033s]p\2413\373\370"
 364      ED1CDD4E 
 364      D197071B 
 364      735D70A1 
 364      33FBF8
 365 0af7 9F3A34EA 		.ascii	"\237:4\352*\355\267\253\376\275\317\341@\320!g\246C"
 365      2AEDB7AB 
 365      FEBDCFE1 
 365      40D02167 
 365      A643
 366 0b09 B9D9EEA4 		.ascii	"\271\331\356\244\233\355cC\257\267y\340J\306\364\342"
 366      9BED6343 
 366      AFB779E0 
 366      4AC6F4E2 
 367 0b19 604D32E6 		.ascii	"`M2\346\007\202\233\253'\034\010\356\313,\367\225,]"
 367      07829BAB 
 367      271C08EE 
 367      CB2CF795 
 367      2C5D
 368 0b2b C24CD567 		.ascii	"\302L\325g\206\250H\213\315`\266\374`0E\231\303\"\327"
 368      86A8488B 
 368      CD60B6FC 
 368      60304599 
 368      C322D7
 369 0b3e AC35F945 		.ascii	"\2545\371E\005[l~s\\\377\372\267\3453\002\347\316U\371"
 369      055B6C7E 
 369      735CFFFA 
 369      B7E53302 
 369      E7CE55F9 
 370 0b52 FBF9F907 		.ascii	"\373\371\371\007\206\232W\231\277\011\362\217\264\372"
 370      869A5799 
 370      BF09F28F 
 370      B4FA
 371 0b60 1B23C3C3 		.ascii	"\033#\303\303##\374\211\231\325?@\2774p\351:\177c\250"
 371      2323FC89 
 371      99D53F40 
 371      BF3470E9 
 371      3A7F63A8 
 372 0b74 31D26232 		.ascii	"1\322b2\374\353O\341~F\325'\214\322\372\243\331f\014"
 372      FCEB4FE1 
 372      7E46D527 
ARM GAS  C:\cygwin\tmp\cc895Wuc.s 			page 29


 372      8CD2FAA3 
 372      D9660C
 373 0b87 35ACB644 		.ascii	"5\254\266D\206\033\314V\313\377\306\022\252\232\316"
 373      861BCC56 
 373      CBFFC612 
 373      AA9ACE
 374 0b96 584CEBCC 		.ascii	"XL\353\314\266q\016\267\240\025\201\206\305\301\021"
 374      B6710EB7 
 374      A0158186 
 374      C5C111
 375 0ba5 2161268B 		.ascii	"!a&\213\327\373\201\177f\014\0152\206.\261.\263\230"
 375      D7FB817F 
 375      660C0D32 
 375      862EB12E 
 375      B398
 376 0bb7 4CE15136 		.ascii	"L\341Q6sd\204\336\364\303Z\263\305\024\342d\230\037"
 376      736484DE 
 376      F4C35AB3 
 376      C514E264 
 376      981F
 377 0bc9 19193673 		.ascii	"\031\0316sb\010\026\233\2779\302\030\2666\304\004\236"
 377      6208169B 
 377      BF39C218 
 377      B636C404 
 377      9E
 378 0bda ADC6D010 		.ascii	"\255\306\320\020\360\2525\030\326\232#l\363\2760\330"
 378      F0AA3518 
 378      D69A236C 
 378      F3BE30D8 
 379 0bea FE6CFCCB 		.ascii	"\376l\374\313J\343\3725?\232#V\006[\302?\217\210\214"
 379      4AE3FA35 
 379      3F9A2356 
 379      065BC23F 
 379      8F888C
 380 0bfd 307D6E0A 		.ascii	"0}n\012^e^\311\215V\206\007\033C\315\021\246\225\206"
 380      5E655EC9 
 380      8D568607 
 380      1B43CD11 
 380      A69586
 381 0c10 10D3EAE0 		.ascii	"\020\323\352\340\265a6\203m}\224\311\012$\256\022\205"
 381      B5613683 
 381      6D7D94C9 
 381      0A24AE12 
 381      85
 382 0c21 DF7FA3B0 		.ascii	"\337\177\243\260\256\267\2564Xm!\200\007;\365\272(\253"
 382      AEB7AE34 
 382      586D2180 
 382      073BF5BA 
 382      28AB
 383 0c33 C5D5625A 		.ascii	"\305\325bZ\003`\203\355\017\037\2330\260\024\242\214"
 383      036083ED 
 383      0F1F9B30 
 383      B014A28C 
 384 0c43 CE611683 		.ascii	"\316a\026\203-4\004[\346~!X\346\011\026\270\317\025"
 384      2D34045B 
 384      E67E2158 
 384      E60916B8 
ARM GAS  C:\cygwin\tmp\cc895Wuc.s 			page 30


 384      CF15
 385 0c55 2C73DC78 		.ascii	",s\334x\026mF\333:\26514\330\2421\030\326\230l\206e"
 385      166D46DB 
 385      3AB53134 
 385      D8A23118 
 385      D6986C86 
 386 0c6a 41CBDC83 		.ascii	"A\313\334\203\303~\014^o5\230#\302`\030\363&u\007\206"
 386      C37E0C5E 
 386      6F359823 
 386      C26018F3 
 386      26750786 
 387 0c7e FE814B83 		.ascii	"\376\201K\203\226\004\311\251\012\267\232\255\2065F"
 387      9604C9A9 
 387      0AB79AAD 
 387      863546
 388 0c8d 23B8052E 		.ascii	"#\270\005.+\343\362\246n\326F\204E\032\377)O\227\342"
 388      2BE3F2A6 
 388      6ED64684 
 388      451AFF29 
 388      4F97E2
 389 0ca0 A13B83CE 		.ascii	"\241;\203\316\017\010Z\270L\277D\243_\030\264P\277b"
 389      0F085AB8 
 389      4CBF44A3 
 389      5F18B450 
 389      BF62
 390 0cb2 E18239EA 		.ascii	"\341\2029\352%A\001z\365\322\245\213\3648`\201\036/"
 390      2541017A 
 390      F5D2A58B 
 390      F4386081 
 390      1E2F
 391 0cc4 80BFCB16 		.ascii	"\200\277\313\026\351\325\001\213\202\364\352\371\213"
 391      E9D5018B 
 391      82F4EAF9 
 391      8B
 392 0cd1 02F44EF0 		.ascii	"\002\364N\360\012\000\013\210\276\230\334\002\341\346"
 392      0A000B88 
 392      BE98DC02 
 392      E1E6
 393 0cdf 14B43830 		.ascii	"\024\26480H\217\203\026/\323\260\371\372\322`s\341\177"
 393      488F8316 
 393      2FD3B0F9 
 393      FAD26073 
 393      E17F
 394 0cf1 716020BC 		.ascii	"q` \274\011\324;\005,\321\007\352\325+\276\375F\257"
 394      09D43B05 
 394      2CD107EA 
 394      D52BBEFD 
 394      46AF
 395 0d03 5E0268A7 		.ascii	"^\002h\247\300e\313\227,\200{@\240\376\213\217\035+"
 395      C065CB97 
 395      2C807B40 
 395      A0FE8B8F 
 395      1D2B
 396 0d15 294763F8 		.ascii	")Gc\370<2\247A\201\363\015\337\302\004{\321AM\030\247"
 396      3C32A741 
 396      81F30DDF 
 396      C2047BD1 
ARM GAS  C:\cygwin\tmp\cc895Wuc.s 			page 31


 396      414D18A7 
 397 0d29 66FCD17F 		.ascii	"f\374\321\177\000O\335?\325"
 397      004FDD3F 
 397      D5
 398              		.text
 399              		.section	.gnu.lto_.symtab.2d26ec6c,"",%progbits
 400 0000 5356435F 		.ascii	"SVC_Handler\000"
 400      48616E64 
 400      6C657200 
 401 000c 00       		.ascii	"\000"
 402 000d 00       		.ascii	"\000"
 403 000e 00       		.ascii	"\000"
 404 000f 00000000 		.ascii	"\000\000\000\000\000\000\000\000"
 404      00000000 
 405 0017 B4000000 		.ascii	"\264\000\000\000"
 406 001b 5F706F72 		.ascii	"_port_irq_epilogue\000"
 406      745F6972 
 406      715F6570 
 406      696C6F67 
 406      756500
 407 002e 00       		.ascii	"\000"
 408 002f 00       		.ascii	"\000"
 409 0030 00       		.ascii	"\000"
 410 0031 00000000 		.ascii	"\000\000\000\000\000\000\000\000"
 410      00000000 
 411 0039 B6000000 		.ascii	"\266\000\000\000"
 412 003d 5F706F72 		.ascii	"_port_switch_from_isr\000"
 412      745F7377 
 412      69746368 
 412      5F66726F 
 412      6D5F6973 
 413 0053 00       		.ascii	"\000"
 414 0054 02       		.ascii	"\002"
 415 0055 00       		.ascii	"\000"
 416 0056 00000000 		.ascii	"\000\000\000\000\000\000\000\000"
 416      00000000 
 417 005e B0000000 		.ascii	"\260\000\000\000"
 418 0062 5F706F72 		.ascii	"_port_exit_from_isr\000"
 418      745F6578 
 418      69745F66 
 418      726F6D5F 
 418      69737200 
 419 0076 00       		.ascii	"\000"
 420 0077 02       		.ascii	"\002"
 421 0078 00       		.ascii	"\000"
 422 0079 00000000 		.ascii	"\000\000\000\000\000\000\000\000"
 422      00000000 
 423 0081 B2000000 		.ascii	"\262\000\000\000"
 424 0085 63685363 		.ascii	"chSchIsPreemptionRequired\000"
 424      68497350 
 424      7265656D 
 424      7074696F 
 424      6E526571 
 425 009f 00       		.ascii	"\000"
 426 00a0 02       		.ascii	"\002"
 427 00a1 00       		.ascii	"\000"
 428 00a2 00000000 		.ascii	"\000\000\000\000\000\000\000\000"
ARM GAS  C:\cygwin\tmp\cc895Wuc.s 			page 32


 428      00000000 
 429 00aa BE000000 		.ascii	"\276\000\000\000"
 430              		.text
 431              		.section	.gnu.lto_.opts,"",%progbits
 432 0000 272D666D 		.ascii	"'-fmath-errno' '-fsigned-zeros' '-ftrapping-math' '"
 432      6174682D 
 432      6572726E 
 432      6F272027 
 432      2D667369 
 433 0033 2D666E6F 		.ascii	"-fno-trapv' '-fno-openmp' '-fno-openacc' '-mcpu=cor"
 433      2D747261 
 433      70762720 
 433      272D666E 
 433      6F2D6F70 
 434 0066 7465782D 		.ascii	"tex-m3' '-mno-thumb-interwork' '-mthumb' '-ggdb' '-"
 434      6D332720 
 434      272D6D6E 
 434      6F2D7468 
 434      756D622D 
 435 0099 4F322720 		.ascii	"O2' '-fomit-frame-pointer' '-falign-functions=16' '"
 435      272D666F 
 435      6D69742D 
 435      6672616D 
 435      652D706F 
 436 00cc 2D666675 		.ascii	"-ffunction-sections' '-fdata-sections' '-fno-common"
 436      6E637469 
 436      6F6E2D73 
 436      65637469 
 436      6F6E7327 
 437 00ff 2720272D 		.ascii	"' '-flto'\000"
 437      666C746F 
 437      2700
 438              		.text
 439              		.comm	__gnu_lto_v1,1,1
 440              		.comm	__gnu_lto_slim,1,1
 441              		.ident	"GCC: (GNU Tools for ARM Embedded Processors) 5.4.1 20160919 (release) [ARM/embedded-5-bran
ARM GAS  C:\cygwin\tmp\cc895Wuc.s 			page 33


DEFINED SYMBOLS
                            *ABS*:00000000 chcore_v7m.c
                            *COM*:00000001 __gnu_lto_v1
                            *COM*:00000001 __gnu_lto_slim

NO UNDEFINED SYMBOLS
