ARM GAS  C:\cygwin\tmp\cc6bCABk.s 			page 1


   1              		.syntax unified
   2              		.cpu cortex-m3
   3              		.fpu softvfp
   4              		.eabi_attribute 20, 1
   5              		.eabi_attribute 21, 1
   6              		.eabi_attribute 23, 3
   7              		.eabi_attribute 24, 1
   8              		.eabi_attribute 25, 1
   9              		.eabi_attribute 26, 1
  10              		.eabi_attribute 30, 2
  11              		.eabi_attribute 34, 1
  12              		.eabi_attribute 18, 4
  13              		.thumb
  14              		.syntax unified
  15              		.file	"chdynamic.c"
  16              		.text
  17              	.Ltext0:
  18              		.section	.gnu.lto_.profile.2d26fd28,"",%progbits
  19 0000 789C6361 		.ascii	"x\234ca`d`a`\000\222\031\006\000\001j\000\243"
  19      60646061 
  19      60009219 
  19      0600016A 
  19      00A3
  20              		.text
  21              		.section	.gnu.lto_.icf.2d26fd28,"",%progbits
  22 0000 789C6361 		.ascii	"x\234ca`d\000\001>\006\004`bX\366\342\3551.\306\025"
  22      60640001 
  22      3E060460 
  22      6258F6E2 
  22      ED312EC6 
  23 0015 F3A67CE3 		.ascii	"\363\246|\343`\000\0000\351\006:"
  23      60000030 
  23      E9063A
  24              		.text
  25              		.section	.gnu.lto_.jmpfuncs.2d26fd28,"",%progbits
  26 0000 789C6361 		.ascii	"x\234ca`d\000\201\245\014\010\300\304\300\306\010\006"
  26      60640081 
  26      A50C08C0 
  26      C4C0C608 
  26      06
  27 0011 F68CF520 		.ascii	"\366\214\365 \300\302\300\310\330\301\364\227\211q\313"
  27      C0C2C0C8 
  27      D8C1F497 
  27      8971CB
  28 0020 91E36D1C 		.ascii	"\221\343m\034_\230Z\231\201\002\214\313\031e\030\030"
  28      5F985A99 
  28      81028CCB 
  28      19651818 
  29 0030 8182EBDF 		.ascii	"\201\202\353\337\354\374\311\013\022ddd`\\\001\024\004"
  29      ECFCC90B 
  29      12646464 
  29      605C0114 
  29      04
  30 0041 EA676064 		.ascii	"\352g`da`c\252\004\231\315T\011\262\000\244p\326\356"
  30      616063AA 
  30      0499CD54 
  30      09B200A4 
ARM GAS  C:\cygwin\tmp\cc6bCABk.s 			page 2


  30      70D6EE
  31 0054 2FA75841 		.ascii	"/\247XA\012\231\0309\030W\202\0242\262\202\255\221G"
  31      0A991839 
  31      18578214 
  31      32B282AD 
  31      9147
  32 0066 B5E5E8FF 		.ascii	"\265\345\350\377\357\007\370!\26601\256\002\331\202"
  32      EF07F821 
  32      B63031AE 
  32      02D982
  33 0075 6C2C13C4 		.ascii	"l,\023\304X\006\000\206\232#y"
  33      58060086 
  33      9A2379
  34              		.text
  35              		.section	.gnu.lto_.inline.2d26fd28,"",%progbits
  36 0000 789C6361 		.ascii	"x\234ca`d\000\201p\006\004`b\220\2202bd`\222X\261\205"
  36      60640081 
  36      70060460 
  36      62909032 
  36      62646092 
  37 0017 91816D81 		.ascii	"\221\201m\201<\023H\220\231\007(1\301\017L32\260\362"
  37      3C134890 
  37      99072831 
  37      C10F4C33 
  37      32B0F2
  38 002a 014526F8 		.ascii	"\001E&\370\001\371\214\020\265\322\327N12\260\337R\303"
  38      01F98C10 
  38      B5D2D74E 
  38      3132B0DF 
  38      52C3
  39 003c A2164C02 		.ascii	"\242\026L\002y\000\373\331\012\355"
  39      7900FBD9 
  39      0AED
  40              		.text
  41              		.section	.gnu.lto_.pureconst.2d26fd28,"",%progbits
  42 0000 789C6361 		.ascii	"x\234ca`d`g```b\330\305\310\270\213\021\000\005\321"
  42      60646067 
  42      60606062 
  42      D8C5C8B8 
  42      8B110005 
  43 0015 0186     		.ascii	"\001\206"
  44              		.text
  45              		.section	.gnu.lto_chThdCreateFromHeap.2d26fd28,"",%progbits
  46 0000 789C8595 		.ascii	"x\234\205\225mLSW\030\307\317s\317\355\013-\255\270"
  46      6D4C5357 
  46      18C7CF73 
  46      CFED0B2D 
  46      ADB8
  47 0012 CDA98B1F 		.ascii	"\315\251\213\037 \031!.\223k2\227\271d\037\266\360a"
  47      2019212E 
  47      936B3297 
  47      B9641FB6 
  47      F061
  48 0024 2F095922 		.ascii	"/\011Y\"[\262o\006k'M\254mZ|[\262p\241\275(3F1\231\023"
  48      5BB26F06 
  48      6B274DAC 
  48      6D5A7C5B 
ARM GAS  C:\cygwin\tmp\cc6bCABk.s 			page 3


  48      B270A1BD 
  49 003e 64AB7321 		.ascii	"d\253s!\352\030\210N\235\010\305\316\2272\361m\250\340"
  49      EA18884E 
  49      9D08C5CE 
  49      9732F16D 
  49      A8E0
  50 0050 0BE87815 		.ascii	"\013\350x\025Ee\326\261\251\333\244{\236s+\221\202\356"
  50      4565D6B1 
  50      A9DBA47B 
  50      9E732B91 
  50      82EE
  51 0062 264D7BCF 		.ascii	"&M{\317\371\377\237\347\234\347\371\235S\231\001\243"
  51      F9FF9FE7 
  51      9CE7F99D 
  51      539901A3 
  52 0072 C76F662C 		.ascii	"\307of,\206\337\257\343\007\014\014\244\215g\030+6K"
  52      86DFAFE3 
  52      070C0CA4 
  52      8D67182B 
  52      364B
  53 0084 92DCCA99 		.ascii	"\222\334\312\231j\341\321V\306\324T\016\262>.\003\320"
  53      6AE1D156 
  53      C6D4540E 
  53      B23E2E03 
  53      D0
  54 0095 0FD50CAC 		.ascii	"\017\325\014\254H\3422\024\301\237\322#\011\332\202"
  54      48E23214 
  54      C19FD223 
  54      09DA82
  55 00a4 F5557C44 		.ascii	"\365U|D\3228\003\031_c\247+\373\354\364\012\220\216"
  55      D2380319 
  55      5F63A72B 
  55      FBECF40A 
  55      908E
  56 00b6 AF5BD573 		.ascii	"\257[\325se\246\331;T\265D\355>>\364Iy@{O\343\022\213"
  56      65A6D93B 
  56      54B544ED 
  56      3E3EF449 
  56      79407B4F 
  57 00cd 4B0C76C2 		.ascii	"K\014v\302,\330\001\263(\371.\230\215\332}\303[\356"
  57      2CD801B3 
  57      28F92E98 
  57      8DDA7DC3 
  57      5BEE
  58 00df A5F09781 		.ascii	"\245\360\227\201\341\357\312\015\003!CV5\371\324\260"
  58      E1EFCA0D 
  58      03214356 
  58      35F9D4B0 
  59 00ef 534DD138 		.ascii	"SM\3218\207\357\201?\351\303!\0065\220\205\352\355\305"
  59      87EF813F 
  59      E9C32106 
  59      359085EA 
  59      EDC5
  60 0101 ED276DFC 		.ascii	"\355'm\374\025\341\\S\033\276iO8\037\012\247\014?$;"
  60      15E15C53 
  60      1BBE694F 
  60      381F0AA7 
ARM GAS  C:\cygwin\tmp\cc6bCABk.s 			page 4


  60      0C3F243B 
  61 0115 6506B5C2 		.ascii	"e\006\265\302Y\322{\240\003\270\"\234\333\332\267\255"
  61      59D27BA0 
  61      03B8229C 
  61      DBDAB7AD 
  62 0125 D48D918B 		.ascii	"\324\215\221\213\3219\025jD\326\270\001\352\222\275"
  62      D139156A 
  62      44D6B801 
  62      EA92BD
  63 0134 58A9DDC2 		.ascii	"X\251\335\302[S2x\207\363y\302[v\342Q\237)\221\365\017"
  63      5B533278 
  63      87F379C2 
  63      5B76E251 
  63      9F2991F5 
  64 0149 91D508F5 		.ascii	"\221\325\010\365\311N#\203=\302yj\250q\277\231\277)"
  64      C94E2383 
  64      3DC2796A 
  64      A871BF99 
  64      BF29
  65 015b 9CF183D5 		.ascii	"\234\361\203\325\177Y\023i/G\263\364\264&\330\233l6"
  65      7F591369 
  65      2F47B3F4 
  65      B426D89B 
  65      6C36
  66 016d 31F85198 		.ascii	"1\370Q\230o\251\353\302\300\337\022\346\366\216]\037"
  66      6FA9EBC2 
  66      C0DF12E6 
  66      F68E5D1F 
  67 017d 25B29E17 		.ascii	"%\262\236\027Y\315\260/\331hf\260\037\262H=\034\034"
  67      59CDB02F 
  67      D96866B0 
  67      1FB2483D 
  67      1C1C
  68 018f E8B6EAAD 		.ascii	"\350\266\352\255\232\201\257\365M\301;\211VE\000\337"
  68      9A81AFF5 
  68      4DC13B89 
  68      564500DF 
  69 019f 2FF7340D 		.ascii	"/\3674\015[\370\333\"pm\177\327\362\314\357\324\210"
  69      5BF8DB22 
  69      706D7FD7 
  69      F2CCEFD4 
  69      88
  70 01b0 AA46FE89 		.ascii	"\252F\376\211N/V#\301t\215\247\300A=\370O\030\374\200"
  70      4E2F5623 
  70      C1748DA7 
  70      C0413DF8 
  70      4F18FC80 
  71 01c4 681D2371 		.ascii	"h\035#q\344V_\215\314s\204\261o\375\361\0152:i;W\243"
  71      E4565F8D 
  71      CC7384B1 
  71      6FFDF10D 
  71      323A693B 
  72 01da A915BAD3 		.ascii	"\251\025\272\323\014\207\306/+\341<6\360\3579+\177W"
  72      0C87C62F 
  72      2BE13C36 
  72      F0EF392B 
  72      7F57
ARM GAS  C:\cygwin\tmp\cc6bCABk.s 			page 5


  73 01ec 388B6BB6 		.ascii	"8\213k\266V\245&\234\235Q{\302)A\323\244\316\336=\243"
  73      56A5269C 
  73      9D517BC2 
  73      2941D3A4 
  73      CEDE3DA3 
  74 0200 5FDA8C41 		.ascii	"_\332\214A\025\237t\010C&4\342\247\0012\011-$\252\031"
  74      159F7408 
  74      432634E2 
  74      A7013209 
  74      2D24AA19 
  75 0214 8C08397F 		.ascii	"\214\0109\177rf\367\202\210\032\217\007\260\312\306"
  75      7266F782 
  75      881A8F07 
  75      B0CAC6
  76 0223 E1077F9B 		.ascii	"\341\007\177\233_\002\254\215\204P#B\006 \034\260\302"
  76      5F02AC8D 
  76      84502342 
  76      06201CB0 
  76      C2
  77 0234 283503B5 		.ascii	"(5\003\265\327\212\223\026\033P\277\246\000\025~*P\025"
  77      D78A9316 
  77      1B50BFA6 
  77      00157E2A 
  77      5015
  78 0246 A7318AC8 		.ascii	"\2471\212\310\330]LB\207!&I\364\315o@i$\026\345\224"
  78      D85D4C42 
  78      87212649 
  78      F4CD6F40 
  78      692416E5 
  79 025b 36C04DB8 		.ascii	"6\300M\270\274\206\206\333\235\246\242G\352ZUM\323\270"
  79      BC8686DB 
  79      9DA6A247 
  79      EA5A554D 
  79      D3B8
  80 026d 352EE16A 		.ascii	"5.\341j\3400\024\261\000\227\003\334@\2047\216\264\032"
  80      E03014B1 
  80      009703DC 
  80      4084378E 
  80      B41A
  81 027f A8FAA960 		.ascii	"\250\372\251`\306\372\317\322\270\215\365\202$V\216"
  81      C6FACFD2 
  81      B88DF582 
  81      24568E
  82 028e CBC030AC 		.ascii	"\313\3000\254\007\202W\002\203\353\215\211\260\220\255"
  82      07825702 
  82      83EB8D89 
  82      B090AD
  83 029d EF3E2671 		.ascii	"\357>&q\206g\223_\207\222\312\330\265\230\201\2461\340"
  83      8667935F 
  83      8792CAD8 
  83      B59881A6 
  83      31E0
  84 02af C6CDDFAC 		.ascii	"\306\315\337\2543)\265T\2214\002\027\267<J\265`\360"
  84      3329B554 
  84      91340217 
  84      B73C4AB5 
  84      60F0
ARM GAS  C:\cygwin\tmp\cc6bCABk.s 			page 6


  85 02c1 332801C4 		.ascii	"3(\001\304\000\365\233aR\261E\027\323\265\000GHlBq\240"
  85      00F59B61 
  85      52B14517 
  85      D3B50047 
  85      486C4271 
  86 02d6 AA345A65 		.ascii	"\2524Ze\321s[q\010\227-B<5e\"\212\250\377Q\212b%}\345"
  86      D1735B71 
  86      08972D42 
  86      3C356522 
  86      8AA8FF51 
  87 02ef E4298DBA 		.ascii	"\344)\215\272\230\223\370\030\211m\317\020\233t\261"
  87      9893F818 
  87      896DCF10 
  87      9B74B1
  88 02fe 4CE2E324 		.ascii	"L\342\343$\2362N<\2623\326\011cb\263.6\2208J\342\251"
  88      9E324E3C 
  88      B233D609 
  88      6362B32E 
  88      3690384A 
  89 0314 58D79234 		.ascii	"X\327\2224\202f\260i\315\005\340\037\010\334\3667_\332"
  89      8266B069 
  89      CD05E01F 
  89      08DCF637 
  89      5FDA
  90 0326 62D171EB 		.ascii	"b\321q\353n+\375\270\342R\277\252nRA\343vh\231H\034"
  90      6E2BFDB8 
  90      E252BFAA 
  90      6E5241E3 
  90      76689948 
  91 033b FC029974 		.ascii	"\374\002\231t\271\334T\30325\315\016\351p\002\347\006"
  91      B9DC54C3 
  91      3235CD0E 
  91      E97002E7 
  91      06
  92 034c F10629FF 		.ascii	"\361\006)\377\342\324\274\361DF\312\206A0\030\307j$"
  92      E2D4BCF1 
  92      4446CA86 
  92      413018C7 
  92      6A24
  93 035e 4DEDF9EA 		.ascii	"M\355\371\352\001]\266\2554\311\223'\277]\177\010fR"
  93      015DB6AD 
  93      34C99327 
  93      BF5D7F08 
  93      6652
  94 0370 2E062749 		.ascii	".\006'I '\243\316\340\024\030q9\247\211o`\035tn\267"
  94      2027A3CE 
  94      E0141871 
  94      39A7896F 
  94      601D746E 
  95 0385 87F63EB0 		.ascii	"\207\366>\260d\014BH\335\202\007f\2128\276}\215\252"
  95      640C4248 
  95      DD820766 
  95      8A38BE7D 
  95      8DAA
  96 0397 59C64EC0 		.ascii	"Y\306N\300\031\310\020\347\345\356\355\013\235\022\216"
  96      19C810E7 
  96      E5EEED0B 
ARM GAS  C:\cygwin\tmp\cc6bCABk.s 			page 7


  96      9D128E
  97 03a6 C05990C5 		.ascii	"\300Y\220\305\312\031\374*.\354\235\315G\007R3\206\022"
  97      CA19FC2A 
  97      2EEC9DCD 
  97      47075233 
  97      8612
  98 03b8 6E51A67B 		.ascii	"nQ\246{u{\333\255\302\335Fn8\0072\241)\212\300\330\015"
  98      757BDBAD 
  98      C2DD466E 
  98      380732A1 
  98      298AC0D8 
  99 03cd 087657DF 		.ascii	"\010vW\337\237\253\2031m\002\353S\343Tz8\217\254\343"
  99      9FAB8331 
  99      6D02EB53 
  99      E3547A38 
  99      8FACE3
 100 03e0 DCF5F2F2 		.ascii	"\334\365\362\3622\216s\364|\256\361\347\2507\344dp\001"
 100      328E73F4 
 100      7CAEF1E7 
 100      A837E464 
 100      7001
 101 03f2 8A34FE3C 		.ascii	"\2124\376<\265F\265\011\350\303\004\3754j\354H\375\357"
 101      B546B509 
 101      E8C304FD 
 101      346AEC48 
 101      FDEF
 102 0404 6D3CD1DB 		.ascii	"m<\321\333\315\332\221\263&\252\270$\272v\277\245um"
 102      CDDA91B3 
 102      26AAB824 
 102      BA76BFA5 
 102      756D
 103 0416 6A08BE2E 		.ascii	"j\010\276.\246\200V\215\277\200\026h\247\355\340du\177"
 103      A680568D 
 103      BF801668 
 103      A7EDE064 
 103      757F
 104 0428 499D4999 		.ascii	"I\235I\231\243\341P\007\204`T2R\347.\202B\177.\307Z"
 104      A3E15007 
 104      84605432 
 104      52E72E82 
 104      427F2EC7 
 105 043d 4ACD14E7 		.ascii	"J\315\024\347E\000\270\204\206\033\240E\016\267\010"
 105      4500B884 
 105      861BA045 
 105      0EB708
 106 044c 84D8844D 		.ascii	"\204\330\204ML\217\223\027.\213\003K{\334}\273\341\241"
 106      4C8F9317 
 106      2E8B034B 
 106      7BDC7DBB 
 106      E1A1
 107 045e 8DEC33B0 		.ascii	"\215\3543\260\354W\350\264\316\034\243j<I\356\377#\251"
 107      EC57E8B4 
 107      CE1CA36A 
 107      3C49EEFF 
 107      23A9
 108 0470 539034B6 		.ascii	"S\2204\266/;\006\354z\006I#\217I2Md\341*\2610\201\257"
 108      2F3B06EC 
ARM GAS  C:\cygwin\tmp\cc6bCABk.s 			page 8


 108      7A064923 
 108      8F49324D 
 108      64E12AB1 
 109 0487 1095F71A 		.ascii	"\020\225\367\032Y\314\023\371\272\212|u\022_\277=\205"
 109      59CC13F9 
 109      BA8A7C75 
 109      125FBF3D 
 109      85
 110 0498 AF6EC157 		.ascii	"\257n\301W\317\023|\215\206z\232\255\217\321\351\022"
 110      CF137C8D 
 110      867A9AAD 
 110      8FD1E912 
 111 04a8 E8F40A74 		.ascii	"\350\364\012t\2229\351{\314\011%\020\027\225,n\307\353"
 111      9239E97B 
 111      CC092510 
 111      17952C6E 
 111      C7EB
 112 04ba 70A44B5C 		.ascii	"p\244K\\\031\324}\364UtG6\031\346\037P\327b\215R\030"
 112      19D47DF4 
 112      55744736 
 112      19E61F50 
 112      D7628D52 
 113 04cf F4C37C36 		.ascii	"\364\303|6D\265\014p\272\201\356a\203\260\243R\335H"
 113      44B50C70 
 113      BA81EE61 
 113      83B0A352 
 113      DD48
 114 04e1 A91D8BCF 		.ascii	"\251\035\213\317\177\010\027\340}\013\024\011Sedg+9"
 114      7F0817E0 
 114      7D0B1409 
 114      53656467 
 114      2B39
 115 04f3 05AE45AE 		.ascii	"\005\256E\256\017\363\024\217_\361\025*~\237Cq\024,"
 115      0FF3148F 
 115      5FF1152A 
 115      7E9F4371 
 115      142C
 116 0505 5EBD2CDF 		.ascii	"^\275,\337\355rd;\230\241\300\231\357\365\312~\327g"
 116      ED72643B 
 116      98A1C099 
 116      EFF5CA7E 
 116      D767
 117 0517 4E19C79C 		.ascii	"N\031\307\234\262\327\347\362H\336Oy\276o\211T\270\230"
 117      B2D7E7F2 
 117      48DE4F79 
 117      BE6F8954 
 117      B898
 118 0529 AFF47BA5 		.ascii	"\257\364{\245B\257aE\376\322\345Ne|4\207\307\355\366"
 118      42AF6145 
 118      FED2E54E 
 118      657C3487 
 118      C7EDF6
 119 053c 2C53BC1E 		.ascii	",S\274\036_\241_ygAnN\356*\014\355\360\370\234\013W"
 119      5FA15F79 
 119      67416E4E 
 119      EE2A0CED 
 119      F0F89C0B 
ARM GAS  C:\cygwin\tmp\cc6bCABk.s 			page 9


 120 0551 BCE1CE2E 		.ascii	"\274\341\316.`\257M\252w\256*Trr\363\336\317S\\\313"
 120      60AF4DAA 
 120      77AE2A54 
 120      7272F3DE 
 120      CF535CCB 
 121 0565 1C4B972F 		.ascii	"\034K\227/v*\016\267\337\345_\270\304\341@\317\304\025"
 121      762A0EB7 
 121      DFE55FB8 
 121      C4E140CF 
 121      C415
 122 0577 8FA90AFC 		.ascii	"\217\251\012\374\253\375\250H\313\315[\220\276(\337"
 122      ABFDA848 
 122      CBCD5B90 
 122      BE28DF
 123 0586 EFC495BE 		.ascii	"\357\304\225\276\232\2369\227I>fr;\335\036\337j\366"
 123      9A9E3997 
 123      493E6672 
 123      3BDD1EDF 
 123      6AF6
 124 0598 1FFB1F1C 		.ascii	"\037\373\037\034="
 124      3D
 125              		.text
 126              		.section	.gnu.lto_chThdCreateFromMemoryPool.2d26fd28,"",%progbits
 127 0000 789C8595 		.ascii	"x\234\205\225mL\223W\024\307\357y\356C\237\332\226\027"
 127      6D4C9357 
 127      14C7EF79 
 127      EE439FDA 
 127      9617
 128 0012 B7317563 		.ascii	"\2671uc\011$#\304\304\361\314\314e&\373\260l~\331>\220"
 128      092423C4 
 128      C4F1CCCC 
 128      6526FBB0 
 128      6C7ED93E 
 129 0027 25B27DD8 		.ascii	"%\262}\330\247\005k'$\326\222\026\337>,\\(\217\302\334"
 129      A7056B27 
 129      24D69216 
 129      DF3E2C5C 
 129      288FC2DC 
 130 003b 32351105 		.ascii	"25\021\005\335j\266\020_\030(l\242\310\313:\025\234"
 130      DD6AB610 
 130      5F18286C 
 130      A2C8CB3A 
 130      159C
 131 004d 1571A2A8 		.ascii	"\025q\242\250\210(\357\370>kp\272l\322\235s[\210\264"
 131      8828EFF8 
 131      3E6B70BA 
 131      6CD29D73 
 131      5B88B4
 132 0060 E89A007D 		.ascii	"\350\232\000}\236\373\377\237s\3569\277{Q\0310\372t"
 132      9EFBFF9F 
 132      73EE39BF 
 132      7B511930 
 132      FA74
 133 0072 9A19BB89 		.ascii	"\232\031\273\211\177\337\306\037\210c\240l\356d\254"
 133      7FDFC61F 
 133      8863A06C 
 133      EE64AC
ARM GAS  C:\cygwin\tmp\cc6bCABk.s 			page 10


 134 0081 C8AC286A 		.ascii	"\310\254(j\2003a\341\355\001\306\204\215\203\032~\257"
 134      803361E1 
 134      ED01C684 
 134      8D831A7E 
 134      AF
 135 0092 02D01761 		.ascii	"\002\320\027a\006V\250p\025\012\341\241\362D\201s%\007"
 135      0656A870 
 135      150AE1A1 
 135      F2448173 
 135      2507
 136 00a4 77F171C5 		.ascii	"w\361q\305\340\014T|\014\236\251\034J\240G\200T|\334"
 136      E00C547C 
 136      0C9EA91C 
 136      4AA04780 
 136      547CDC
 137 00b7 29BACAB4 		.ascii	")\272\312\264\371{\204(\026\375U\373?\333\3425>4\270"
 137      F97B8428 
 137      16FD55FB 
 137      3FDBE235 
 137      3E34B8
 138 00ca C2420A83 		.ascii	"\302B\012\203\275\220\002{ \205\222\357\203\371\250"
 138      BD90027B 
 138      208592EF 
 138      83F9A8
 139 00d9 BD71A4BD 		.ascii	"\275q\244\275\324\314_\007\206\337\007\372\203\257e"
 139      D4CC5F07 
 139      86DF07FA 
 139      83AF65
 140 00e8 54914DF4 		.ascii	"T\221M\3648\304,\203s\330\017\374i\033\276bP\015\031"
 140      38C42C83 
 140      73D80FFC 
 140      691BBE62 
 140      500D19
 141 00fb 282E1E6C 		.ascii	"(.\036l\270\010<C\032ww\357^\0331V\264\333\304f0\260"
 141      B8083C43 
 141      1A7777EF 
 141      5E1B3156 
 141      B4DBC466 
 142 0111 D49FA2AD 		.ascii	"\324\237\242\255*\203\032i\255.\036\273\313\371\002"
 142      2A831A69 
 142      AD2E1EBB 
 142      CBF902
 143 0120 692D3BF5 		.ascii	"i-;\365dH\013{\375\335\201\314\012\341W\015\036\007"
 143      64480B7B 
 143      FDDD81CC 
 143      0AE1570D 
 143      1E07
 144 0132 B5D1666C 		.ascii	"\265\321fl\325\001i\356\270\325t\310\314\027Js\350H"
 144      D50169EE 
 144      B8D574C8 
 144      CC174A73 
 144      E848
 145 0144 D55FD648 		.ascii	"\325_\326H\342G\262b\023\034\214v\232\030\324I\347m"
 145      E247B262 
 145      131C8C76 
 145      9A18D449 
 145      E76D
ARM GAS  C:\cygwin\tmp\cc6bCABk.s 			page 11


 146 0156 B1A905F8 		.ascii	"\261\251\005\370\"\351\354\276\270\357\223\210qg\244"
 146      22E9ECBE 
 146      B8EF9388 
 146      7167A4
 147 0165 620DEAA3 		.ascii	"b\015\352\243\255\032\203\237!\203\364\367JF\372\255"
 147      AD1A839F 
 147      2183F4F7 
 147      4A46FAAD 
 148 0175 E186CFC5 		.ascii	"\341\206\317\305\307\203\315%w#\015\367\003>\367\014"
 148      C783CD25 
 148      77230DF7 
 148      033EF70C 
 149 0185 34DFB3F0 		.ascii	"4\337\263\360\3052t\315\360\325\325\351?\012\277\020"
 149      C53274CD 
 149      F0D5D5E9 
 149      3F0ABF10 
 150 0195 FE7F0273 		.ascii	"\376\177\002s\212\204\277$\325\340fh\010\007?\204\301"
 150      8A84BF24 
 150      D5E06668 
 150      08073F84 
 150      C1
 151 01a6 7F910360 		.ascii	"\177\221\003`$\366\337\036\252V\371\273\3228\364M\333"
 151      24F6DF1E 
 151      AA56F9BB 
 151      D238F44D 
 151      DB
 152 01b7 B72A3AA9 		.ascii	"\267*:\251\025=\001[E\330\251\301\221\351eE\234'F\376"
 152      153D015B 
 152      45D8A9C1 
 152      91E96545 
 152      9C2746FE 
 153 01cb EDB2F2F7 		.ascii	"\355\262\362\367\244\263\250z\347.[\304y)\220\020q*"
 153      A4B3A87A 
 153      E72E5BC4 
 153      79299010 
 153      712A
 154 01dd 707446E7 		.ascii	"ptF\347`\335\304\266xS\211\300O*4A:4Bz\031n\3540\244"
 154      60DDC4B6 
 154      785389C0 
 154      4F2A3441 
 154      3A34427A 
 155 01f6 13238846 		.ascii	"\023#\210F3\230\220V>\271H+\007\226\372E(\344\305!Y"
 155      33989056 
 155      3EB9482B 
 155      0796FA45 
 155      28E4C521 
 156 020b 2ABD87B7 		.ascii	"*\275\207\267\303\253\200\375Q\020O\244\001;\214*\015"
 156      C3AB80FD 
 156      51104FA4 
 156      013B8C2A 
 156      0D
 157 021c 68BC167C 		.ascii	"h\274\026|=\313\212\277,\361@\023K\004\352\376l\240"
 157      3DCB8ABF 
 157      2CF14013 
 157      4B04EAFE 
 157      6CA0
 158 022e 4626338A 		.ascii	"F&3\212\310\330}LBT\007\025\205\376\362\033P\342\017"
ARM GAS  C:\cygwin\tmp\cc6bCABk.s 			page 12


 158      C8D87D4C 
 158      42540715 
 158      85FEF21B 
 158      50E20F
 159 0241 0638A5F5 		.ascii	"\0068\245\365r\023V\330\330x\247W+|\"J\205H2\2705\244"
 159      721356D8 
 159      D878A757 
 159      2B7C224A 
 159      854832B8 
 160 0257 6035D002 		.ascii	"`5\320\002\205\314\313\221\016\033\033\004E\326\210"
 160      85CCCB91 
 160      0E1B1B04 
 160      45D688
 161 0266 59D1C006 		.ascii	"Y\321\300\006\240\344\212wl\233)\022\0002\303[\015*"
 161      A0E48A77 
 161      6C9B2912 
 161      0032C35B 
 161      0D2A
 162 0278 9CE171E2 		.ascii	"\234\341q\342\243P\\\031\274\366 \216\2261\370\346\362"
 162      A3505C19 
 162      BCF6208E 
 162      9631F8E6 
 162      F2
 163 0289 EF37697A 		.ascii	"\3577iz\015m?\2118\305\315M\320\256\031\264\202\356"
 163      0D6D3F89 
 163      38C5CD4D 
 163      D0AE19B4 
 163      82EE
 164 029b C599A3BE 		.ascii	"\305\231\243\276\034f\024[\302b:\311\360+\211M$>Z7\\"
 164      1C66145B 
 164      C2623AC9 
 164      F02B894D 
 164      243E5A37 
 165 02b0 3F2B9CDB 		.ascii	"?+\234\333\202\226r\343\330Y\215\330\340r6\217N\006"
 165      829672E3 
 165      D8598DD8 
 165      E072368F 
 165      4E06
 166 02c2 4A6D3EF8 		.ascii	"Jm>\370\256\210b\370\250k\361\270\013\304&E\016\243"
 166      AE8862F8 
 166      A86BF1B8 
 166      0BC42645 
 166      0EA3
 167 02d4 6AB8B836 		.ascii	"j\270\2706\222@lG\012\023\3407\360\301\204\"\347p\014"
 167      92406C47 
 167      0A13E037 
 167      F0C18422 
 167      E7700C
 168 02e7 744CE0DD 		.ascii	"tL\340\335\265aA8\274\0253b\022Y\3413w\024)\222S\200"
 168      B5614138 
 168      BC153362 
 168      1259E133 
 168      77142992 
 169 02fd E354A495 		.ascii	"\343T\244\225\364\2253\357(.,VI|\202\304\361\317\021"
 169      F49533EF 
 169      282E2C56 
 169      497C82C4 
ARM GAS  C:\cygwin\tmp\cc6bCABk.s 			page 13


 169      F1CF11
 170 0310 9BC2E238 		.ascii	"\233\302\3428\022\267\2218q\232x|o\260\027\246\304Z"
 170      12B79138 
 170      719A787C 
 170      6FB017A6 
 170      C45A
 171 0322 586C2271 		.ascii	"Xl\"q;\211g\343\330\212\223h\317c\315\033/\000\377@"
 171      3B8967E3 
 171      D88A9368 
 171      CF63CD1B 
 171      2F00FF40 
 172 0336 B6E750EB 		.ascii	"\266\347P\353\345\035\2260\272\375u\033>\255\270<,\304"
 172      E51D9630 
 172      BAFD751B 
 172      3EADB83C 
 172      2CC4
 173 0348 56818D48 		.ascii	"V\201\215H\204\223\261\364\302\357\220\216\246\2157"
 173      8493B1F4 
 173      C2EF908E 
 173      A68D37
 174 0357 458B4A2D 		.ascii	"E\213J-N\204T8\205kcx\035\0057v,\232N\267\377\324=E"
 174      4E845438 
 174      856B6378 
 174      1D053776 
 174      2C9A4EB7 
 175 036f C21CC276 		.ascii	"\302\034\302vF-\005\313\037\323\365\033\240E\036\275"
 175      462D05CB 
 175      1FD3F51B 
 175      A0451EBD 
 176 037f 38F0F551 		.ascii	"8\360\365Q\230G\271\030\234&\201\032}l\030t\000\356"
 176      9847B918 
 176      9C26811A 
 176      7D6C1874 
 176      00EE
 177 0391 0CCED041 		.ascii	"\014\316\320A\001\326Iw\300\017\276\372\307\226\264"
 177      01D64977 
 177      C00FBEFA 
 177      C796B4
 178 03a0 EBE0133B 		.ascii	"\353\340\023;\360\360\311\215\326\0145\011\263\212\243"
 178      F0F0C98D 
 178      D60C3509 
 178      B38AA3
 179 03af 844E4893 		.ascii	"\204NH\223\343\276\177\347B\257\202o\340,\250\262r\006"
 179      E3BE7FE7 
 179      42AF826F 
 179      E02CA8B2 
 179      7206
 180 03c1 7FC82B7C 		.ascii	"\177\310+|o\353\361\021[\332`\304=\233\264\017j\353"
 180      6FEBF111 
 180      5BDA60C4 
 180      3D9BB40F 
 180      6AEB
 181 03d3 BBADD27D 		.ascii	"\273\255\322}\216\334\320\005*\221/\233\300\030\036"
 181      8EDCD005 
 181      2A912F9B 
 181      C0181E
 182 03e2 9AFEB6C3 		.ascii	"\232\376\266\303\013\303`$\307\034\232\027B4'8\217\207"
ARM GAS  C:\cygwin\tmp\cc6bCABk.s 			page 14


 182      0BC36024 
 182      C71C9A17 
 182      42342738 
 182      8F87
 183 03f4 06D746B7 		.ascii	"\006\327F\267l)\343\270F\237/\015\376\"\315\206\234"
 183      6C29E3B8 
 183      469F2F0D 
 183      FE22CD86 
 183      9C
 184 0405 0C2E40A1 		.ascii	"\014.@\241\301_\242\321\210xy\246\232\350L%\323`\307"
 184      C15FA2D1 
 184      887879A6 
 184      9AE84C25 
 184      D360C7
 185 0418 EFFFD9C5 		.ascii	"\357\377\331\305#\263\235\202Z\211\205\332j\360d\264"
 185      23B39D82 
 185      5A8985DA 
 185      6AF064B4 
 186 0428 40F734A4 		.ascii	"@\3674\244\3370\370\313pQ\262\254\321\344.\201\216k"
 186      DF30F8CB 
 186      7051B2AC 
 186      D1E42E81 
 186      8E6B
 187 043a 6DA147FE 		.ascii	"m\241G\376D\2123\007\217\360e4\020@u\343Sy\236\033\270"
 187      448A3307 
 187      8FF06534 
 187      104075E3 
 187      53799E1B 
 188 044f AF65A881 		.ascii	"\257e\250\201S`\015zd`3\005\276Bp\251\330\017\303\177"
 188      53600D7A 
 188      64603305 
 188      BE4270A9 
 188      D80FC37F 
 189 0463 FEB46491 		.ascii	"\376\264d\221\305tcn\210@\204^y\205P\263\016\334i\374"
 189      C574636E 
 189      8840845E 
 189      798550B3 
 189      0EDC69FC 
 190 0477 3B9EEA98 		.ascii	";\236\352\230\207\363\273\012)\006\177e\012\317\351"
 190      87F3BB0A 
 190      29067F65 
 190      0ACFE9
 191 0486 483AFF0F 		.ascii	"H:\377\017\311>\211\344T\203\0221\340\265g#Y\366p\022"
 191      C93E89E4 
 191      54831231 
 191      E0B56723 
 191      59F67012 
 192 049a 492D16AA 		.ascii	"I-\026\252\353\004U\014\250>\232S?Y\314\261\240\366"
 192      EB04550C 
 192      A83E9A53 
 192      3F59CCB1 
 192      A0F6
 193 04ac 21A87D04 		.ascii	"!\250}\004\352\3003@\035\224\240\016=\005\352\204o\240"
 193      EAC03340 
 193      1D94A00E 
 193      3D05EA84 
 193      6FA0
ARM GAS  C:\cygwin\tmp\cc6bCABk.s 			page 15


 194 04be D53AC9E0 		.ascii	"\325:\311\3405\311\340\260d0\032\270\221I\340(\201\274"
 194      35C9E0B0 
 194      64301AB8 
 194      9149E028 
 194      81BC
 195 04d0 5055795F 		.ascii	"PUy_\217\302\261\253\362\356!\214\320W\321\357\337\032"
 195      8FC2B1AB 
 195      F2EE218C 
 195      D057D1EF 
 195      DF1A
 196 04e2 B7B84194 		.ascii	"\267\270A\224b\217\314\014Fa1\273E\275\364r\272)\037"
 196      628FCC0C 
 196      466131BB 
 196      45BDF472 
 196      BA291F
 197 04f5 00D00495 		.ascii	"\000\320\004\225\332\361\257\022\260\371\274\243/\027"
 197      DAF1AF12 
 197      B0F9BCA3 
 197      2F17
 198 0503 FF030045 		.ascii	"\377\003\000E\302Ti\231\231\372\222\334\274ey\037g\353"
 198      C2546999 
 198      99FA92DC 
 198      BC65791F 
 198      67EB
 199 0515 2E8FEE2E 		.ascii	".\217\356.\320=n\273n\317]\276~U\2163\317\236ig\212"
 199      D03D6EBB 
 199      6ECF5DBE 
 199      7E558E33 
 199      CF9E6967 
 200 052a 335FC5EF 		.ascii	"3_\305\357\0165\337\235\347R\362\277\3409\356\025J\301"
 200      0E35DF9D 
 200      E752F2BF 
 200      E039EE15 
 200      4AC1
 201 053c 72BED693 		.ascii	"r\276\326\223\257\024\344\307\255\311Y\271\332\241O"
 201      AF14E4C7 
 201      ADC959B9 
 201      DAA14F
 202 054b 8F627739 		.ascii	"\217bw9\235\256Uz\276\313]\340\321\337_\232\265$k\035"
 202      9DAE557A 
 202      BECB5DE0 
 202      D1DF5F9A 
 202      B5246B1D 
 203 055f 86B4BBDC 		.ascii	"\206\264\273\334\216\317\327\274\343\314\314eo\315\250"
 203      8ECFD7BC 
 203      E3CCCC65 
 203      6FCDA8
 204 056e 77AC2BD0 		.ascii	"w\254+\320\227de\177\224\255\347\255\262\257\\\275\334"
 204      9764657F 
 204      94ADE7AD 
 204      B2AF5CBD 
 204      DC
 205 057f A1DB9D9E 		.ascii	"\241\333\235\236<\317\347+\354v\364\304V:\245\312\365"
 205      3CCFE72B 
 205      EC76F4C4 
 205      563AA5CA 
 205      F5
ARM GAS  C:\cygwin\tmp\cc6bCABk.s 			page 16


 206 0590 ACF7A022 		.ascii	"\254\367\240\")+{i\352\262\034\217\003+]\220\232\376"
 206      292B7B69 
 206      EAB21C8F 
 206      032B5D90 
 206      9AFE
 207 05a2 2653DC4C 		.ascii	"&S\334Ls:\234.\367z\366\037\23379\272"
 207      733A9C2E 
 207      F77AF61F 
 207      9B3739BA 
 208              		.text
 209              		.section	.gnu.lto_.symbol_nodes.2d26fd28,"",%progbits
 210 0000 789C55C9 		.ascii	"x\234U\311\273\015\2000\020\003P;\2375\020Lz\351\220"
 210      BB0D8030 
 210      1003503B 
 210      9F35104C 
 210      7AE990
 211 0013 A8A8A9B3 		.ascii	"\250\250\251\263\001?AM\315\014\024Y\003\304\001\015"
 211      013F414D 
 211      CD0C1459 
 211      03C4010D 
 212 0023 7163EBD9 		.ascii	"qc\353\331\201\350\2401=\005hw@k\015\225\312@a&\234"
 212      81E8A031 
 212      3D056877 
 212      406B0D95 
 212      CA406126 
 213 0038 29E61520 		.ascii	")\346\025 \204Ra\242\330\014F\212\313`\241\370?X8\304"
 213      845261A2 
 213      D80C468A 
 213      CB60A1F8 
 213      3F5838C4 
 214 004c E3A2D5B5 		.ascii	"\343\242\325\265\325gaa\020\033m\372\317\365I\217\323"
 214      D5676161 
 214      101B6DFA 
 214      CFF5498F 
 214      D3
 215 005d 20A9E306 		.ascii	" \251\343\006g\274'M"
 215      67BC274D 
 216              		.text
 217              		.section	.gnu.lto_.refs.2d26fd28,"",%progbits
 218 0000 789C6361 		.ascii	"x\234ca`\004B \000\000\0009\000\007"
 218      60044220 
 218      00000039 
 218      0007
 219              		.text
 220              		.section	.gnu.lto_.decls.2d26fd28,"",%progbits
 221 0000 789CB53A 		.ascii	"x\234\265:iTT\351\225\365\275\357Q\024E\001}\320d:\031"
 221      695454E9 
 221      95F5BDEF 
 221      51144501 
 221      7DD0643A 
 222 0015 92E9E963 		.ascii	"\222\351\351c&\234\223\211\332K\3263g2\216I'=gz:\035"
 222      269C9389 
 222      DA4BD633 
 222      67328E49 
 222      273D677A 
 223 002b D39933E7 		.ascii	"\323\2313\3478\247\202E\265\320\315fU\3316\363'OD\\"
 223      38A78245 
ARM GAS  C:\cygwin\tmp\cc6bCABk.s 			page 17


 223      B5D0CD66 
 223      55D936F3 
 223      274F445C 
 224 003f 51366557 		.ascii	"Q6eWDEVAQP\026ETP\334@\004\001\025p\003\025PY\024\020"
 224      44455641 
 224      51501645 
 224      5450DC40 
 224      04011570 
 225 0059 C1B9DF52 		.ascii	"\301\271\337R\365^\025\257\320\374\010z\353\275\373"
 225      F55E15AF 
 225      D0FC087A 
 225      EBBDFB
 226 0068 BDFBDDFD 		.ascii	"\275\373\335\375\336\357{\213\250A\032\362\267n\221"
 226      DEEF7B8B 
 226      A8411AF2 
 226      B76E91
 227 0077 467358AB 		.ascii	"FsX\253\321<\000\364\025\374a\030\373\023\0009\006\000"
 227      D13C00F4 
 227      15FC6118 
 227      FB130039 
 227      0600
 228 0089 C025CDA7 		.ascii	"\300%\315\247\032\366G\316k\201\356\032@'\300\023\200"
 228      1AF647CE 
 228      6B81EE1A 
 228      4027C013 
 228      80
 229 009a 67009348 		.ascii	"g\000\223H3\353\217\320}\027\216\376\000\363\001V\001"
 229      33EB8FD0 
 229      7D178EFE 
 229      00F30156 
 229      01
 230 00ab 5E067011 		.ascii	"^\006p\021\316\033\310u\200C\000\237\003<\204\361_\000"
 230      CE1BC875 
 230      8043009F 
 230      033C84F1 
 230      5F00
 231 00bd BC404CD6 		.ascii	"\274@L\326\030\034\253\3418\015GA\000]\000D\200\307"
 231      181CABE1 
 231      380D4741 
 231      005D0044 
 231      80C7
 232 00cf 805B00DE 		.ascii	"\200[\000\336GL7\017\201\351\324\001\270'\034o\303\361"
 232      474C370F 
 232      81E9D401 
 232      B8271C6F 
 232      C3F1
 233 00e1 3EC05D80 		.ascii	">\300]\200~\200;\000\367\000R\000\274\270ND_\035\314"
 233      7E803B00 
 233      F7005200 
 233      BCB84E44 
 233      5F1DCC
 234 00f4 D303BC25 		.ascii	"\323\003\274%0\033\210-\376p>_\230m\007\261\365\357"
 234      301B882D 
 234      FE703E5F 
 234      986D07B1 
 234      F5EF
 235 0106 5DEC6841 		.ascii	"]\354hA\3526\020\335\211\035\337\002>\023p\274\302\355"
ARM GAS  C:\cygwin\tmp\cc6bCABk.s 			page 18


 235      EA3610DD 
 235      891DDF02 
 235      3E1370BC 
 235      C2ED
 236 0118 FD6B6DF1 		.ascii	"\375km\361R\330\322\344\306\236\020Nw\215\373\177.\233"
 236      52D8D2E4 
 236      C69E104E 
 236      778DFB7F 
 236      2E9B
 237 012a 4878BEEF 		.ascii	"Hx\276\357b\333\264\200j[\247.\2137P'\"$o\321Q\204\330"
 237      62DBB480 
 237      6A5BA72E 
 237      8B375027 
 237      22246FD1 
 238 0141 2FA2A061 		.ascii	"/\242\240a@Q8\021\350\257F\036BvB\216\013\366S\215\203"
 238      40513811 
 238      E8AF461E 
 238      4276428E 
 238      0BF6538D 
 239 0156 19FDCFE7 		.ascii	"\031\375\317\347\323\374\242\177\224\211\314\035\361"
 239      D3FCA27F 
 239      9489CC1D 
 239      F1
 240 0163 490CE793 		.ascii	"I\014\347\2235\210\343\202,\0001\324>A\301\217\251\313"
 240      3588E382 
 240      2C0031D4 
 240      3E41C18F 
 240      A9CB
 241 0175 D9C93A3B 		.ascii	"\331\311:;lBv\243w\217\347Oyb\001\221\363\236\311\374"
 241      6C4276A3 
 241      778FE74F 
 241      79620191 
 241      F39EC9FC 
 242 0189 8F16164B 		.ascii	"\217\026\026K\360\227 I\302B\3313\007\213\247\312\364"
 242      F0972049 
 242      C242D933 
 242      078BA7CA 
 242      F4
 243 019a 244AE873 		.ascii	"$J\350s\003Z!\222\241\226\330\262,<& \177=\022\001\035"
 243      035A2192 
 243      A196D8B2 
 243      2C3C2620 
 243      7F3D1201 
 244 01af BE9471D7 		.ascii	"\276\224q\327\027\320\371z\364\216\372\204\216\365\327"
 244      17D0F97A 
 244      F48EFA84 
 244      8EF5D7
 245 01be 76096FEF 		.ascii	"v\011o\357\244\334\327I\357\210\350O\337F\305(\000\025"
 245      A4DCD749 
 245      EF88E84F 
 245      DF46C528 
 245      0015
 246 01d0 2108373A 		.ascii	"!\0107:\210\336\206\337\022$2\201\322ni\273`\330,I1"
 246      88DE86DF 
 246      12243281 
 246      D26E69BB 
 246      60D82C49 
ARM GAS  C:\cygwin\tmp\cc6bCABk.s 			page 19


 247 01e5 84D8FF9C 		.ascii	"\204\330\377\234/!P\220\227\"\003*@\013\031qi\375\276"
 247      2F215090 
 247      9722032A 
 247      400B1971 
 247      69FDBE
 248 01f8 411DFE07 		.ascii	"A\035\376\007b\202\260\367\334\216<\214\014\201\356"
 248      6282B0F7 
 248      DC8E3C8C 
 248      0C81EE
 249 0207 A6A2C328 		.ascii	"\246\242\303(P1;\217\250\323\273{\217!_\222\336B\207"
 249      50313B8F 
 249      A8D3BB7B 
 249      8F215F92 
 249      DE4287
 250 021a 60BC0C61 		.ascii	"`\274\014a~\215\2201\001\353\313\216T{Rk\010E!\242\366"
 250      7E8D9031 
 250      01EBCB8E 
 250      547B526B 
 250      084521A2 
 251 022f DC3A5750 		.ascii	"\334:WPD\034\360C=\".\367#\212\014\036\237\364aC\204"
 251      441CF043 
 251      3D222EF7 
 251      238A0C1E 
 251      9FF46143 
 252 0244 E2EAF691 		.ascii	"\342\352\366\221}\236\370\023\252WC|\371ao\024\250g"
 252      7D9EF813 
 252      AA57437C 
 252      F9616F14 
 252      A867
 253 0256 02871B7E 		.ascii	"\002\207\033~\235\270\001\\\214\216!=\252\220%\376P"
 253      9DB8015C 
 253      8C8E213D 
 253      AA9025FE 
 253      50
 254 0267 0FBF1B65 		.ascii	"\017\277\033e\3255\262\336\225\2407\360%\204\350(\014"
 254      D535B2DE 
 254      95A037F0 
 254      2584E828 
 254      0C
 255 0278 1E814190 		.ascii	"\036\201A\220Q\260/1W\213\223\020\025\222~\244p\\\357"
 255      51B02F31 
 255      578B9310 
 255      15927EA4 
 255      705CEF
 256 028b 1032BEF9 		.ascii	"\0202\276\371\303bbU5\3108.\313\000\221n\205T\251\013"
 256      C3626255 
 256      35C8382E 
 256      CB00916E 
 256      8554A90B 
 257 029f 9152A676 		.ascii	"\221R\246v\373\340&&$3\365d\255\007\322\007\252s8\241"
 257      FBE02626 
 257      2433F564 
 257      AD07D207 
 257      AA7338A1 
 258 02b3 C281A9D3 		.ascii	"\302\201\251\323\266\355\327-\324\346Z\320\247F\326"
 258      B6EDD72D 
 258      D4E65AD0 
ARM GAS  C:\cygwin\tmp\cc6bCABk.s 			page 20


 258      A746D6
 259 02c2 A79AEA03 		.ascii	"\247\232\352\003R\216V\254\315`9C(\312\231\227\333&"
 259      528E56AC 
 259      CD603943 
 259      28CA9997 
 259      DB26
 260 02d4 6A5F1870 		.ascii	"j_\030p<\315O\261<\246g\217/\012\014@\300\0301+I\242"
 260      3CCD4FB1 
 260      3CA6678F 
 260      2F0A0C40 
 260      C018312B 
 261 02ea 6AD01998 		.ascii	"j\320\031\230P\207\260\275\2263$P\356\351_\3100\234"
 261      5087B0BD 
 261      96332450 
 261      EEE95FC8 
 261      309C
 262 02fc EBE891AA 		.ascii	"\353\350\221\252\3734W\322\276\255A\037\004\240\305"
 262      FB3457D2 
 262      BEAD411F 
 262      04A0C5
 263 030b A0EB29D0 		.ascii	"\240\353)\320\225\\\322\240\323\300\260\236\331\332"
 263      955CD2A0 
 263      D3C0B09E 
 263      D9DA
 264 0319 D5783156 		.ascii	"\325x1V\253\347\324\011\257\243\036(\352k\367u\312\323"
 264      ABE7D409 
 264      AFA31E28 
 264      EA6BF775 
 264      CAD3
 265 032b B3A08A9C 		.ascii	"\263\240\212\234\247\0154\205\010\345\376\374\323\305"
 265      A70D3485 
 265      08E5FEFC 
 265      D3C5
 266 0339 3A6A1D8C 		.ascii	":j\035\214\241\223\3169\364\351\354\034\372\224\345"
 266      A193CE39 
 266      F4E9EC1C 
 266      FA94E5
 267 0348 D0BEC927 		.ascii	"\320\276\311'\225\006\234D\355\027r\342K\036z8\342;"
 267      95069C44 
 267      ED1772E2 
 267      4B1E7A38 
 267      E23B
 268 035a 9AB47C74 		.ascii	"\232\264|t=q\350E\020\331$;\364S\367\361\275\0006|\312"
 268      3D71E845 
 268      10D9243B 
 268      F453F7F1 
 268      BD00367C 
 269 036f A3731E06 		.ascii	"\243s\036\006\3171+\366\236\254\034\022\251n\204U#\323"
 269      CF312BF6 
 269      9EAC1C12 
 269      A96E8455 
 269      23D3
 270 0381 EDEAD38B 		.ascii	"\355\352\323\213\331\336\254\300\337\002\264\242\357"
 270      D9DEACC0 
 270      DF02B4A2 
 270      EF
 271 038e 7C839E15 		.ascii	"|\203\236\025\270\204\000\317\250\036k\362`\227u\200"
ARM GAS  C:\cygwin\tmp\cc6bCABk.s 			page 21


 271      B88400CF 
 271      A81E6BF2 
 271      60977580 
 272 039e 563E2EAA 		.ascii	"V>.\252\364a\227\353\310\354\343\243\322\021\037\334"
 272      F46197EB 
 272      C8ECE3A3 
 272      D2111FDC 
 273 03ae C2FACA99 		.ascii	"\302\372\312\231\261\236<\003\356`\310Hw~\241\027\276"
 273      B19E3C03 
 273      EE60C848 
 273      777EA117 
 273      BE
 274 03bf C590849B 		.ascii	"\305\220\204\233\2235\336\370.G\246\246{=\361\003\206"
 274      9335DEF8 
 274      2E47A6A6 
 274      7B3DF103 
 274      86
 275 03d0 0CEDBF7C 		.ascii	"\014\355\277|\330\013\030\006\352\321_\024n\011dn\311"
 275      D80B1806 
 275      EAD15F14 
 275      6E09646E 
 275      C9
 276 03e1 4ABC93EA 		.ascii	"J\274\223\352\205\0373\267\354(\230\310\025\354\031"
 276      851F33B7 
 276      EC2898C8 
 276      15EC19
 277 03f0 99B34E7A 		.ascii	"\231\263Nzw\355!\260\265\005\354k&F\337\000\243\003"
 277      77ED21B0 
 277      B505EC6B 
 277      2646DF00 
 277      A303
 278 0402 B9D11D30 		.ascii	"\271\321\0350x\335\221\222\303\015\377\313\312\260\013"
 278      78DD9192 
 278      C30DFFCB 
 278      CAB00B
 279 0411 CCEE943D 		.ascii	"\314\356\224=\030\3103rCl\376vo<\311\244\354J|^\255"
 279      18C83372 
 279      436CFE76 
 279      6F3CC9A4 
 279      EC4A7C5E 
 280 0426 772FA5DB 		.ascii	"w/\245\333\255\224\361\315\377J\353\360\026\010\271"
 280      AD94F1CD 
 280      FF4AEBF0 
 280      1608B9
 281 0435 290BE9B2 		.ascii	")\013\351\262\347}w\351\2153\"\216\301TJ}E\347\260\326"
 281      E77D77E9 
 281      8D33228E 
 281      C1544A7D 
 281      45E7B0D6 
 282 0449 BD94DB6E 		.ascii	"\275\224\333n\245TwE\354\241\331\320\013bzd1\267\354"
 282      A5547745 
 282      ECA1D9D0 
 282      0B627A64 
 282      31B7EC
 283 045c 62F6C7B5 		.ascii	"b\366\307\265\365\373\342\343T\014*\256Oo\362\306g\031"
 283      F5FBE2E3 
 283      540C2AAE 
ARM GAS  C:\cygwin\tmp\cc6bCABk.s 			page 22


 283      4F6FF2C6 
 283      6719
 284 046e 92BBB6ED 		.ascii	"\222\273\266\355\002\2247Cz\246\272\217b|\205!\2053"
 284      02943743 
 284      7AA6BA8F 
 284      627C8521 
 284      8533
 285 0480 634D7EF8 		.ascii	"cM~\370\032Cn\354jxh\300w\030\"7x\310'\326\340\317g"
 285      1A436EEC 
 285      6A7868C0 
 285      77182237 
 285      78C827D6 
 286 0497 2716783A 		.ascii	"'\026x:\262\350\001\313\242\035Y\373\375\225M\037\226"
 286      B2E801CB 
 286      A21D59FB 
 286      FD954D1F 
 286      96
 287 04a8 03B93A1E 		.ascii	"\003\271:\036\321\246\377\320\336\364\263\207\257\307"
 287      D1A6FFD0 
 287      DEF4B387 
 287      AFC7
 288 04b6 199C8AE9 		.ascii	"\031\234\212\351\221S\323\037P6\375\362\356m\247}\360"
 288      9153D31F 
 288      5036FDF2 
 288      EE6DA77D 
 288      F0
 289 04c7 00F35AE2 		.ascii	"\000\363Z\342\303\324\265~(\320\300\303\332\363\333"
 289      C3D4B57E 
 289      28D0C0C3 
 289      DAF3DB
 290 04d6 44EA8AC7 		.ascii	"D\352\212\3070aPv\305\000-Fw\374\321\020\370\326ID\312"
 290      30615076 
 290      C5002D46 
 290      77FCD110 
 290      F8D64944 
 291 04eb CE8E423F 		.ascii	"\316\216B?\234/R\203\355\013\234?_\340\036\234\314\262"
 291      9C2F5283 
 291      ED0B9C3F 
 291      5FE01E9C 
 291      CCB2
 292 04fd 97830078 		.ascii	"\227\203\000x~\351\301\353\336\370\010\243-\032\217"
 292      7EE9C1EB 
 292      DEF808A3 
 292      2D1A8F
 293 050c 3DEA878F 		.ascii	"=\352\207\2171\304^\031\376\2742\362\373\262\266\031"
 293      31C45E19 
 293      FEBC32F2 
 293      FBB2B619 
 294 051c 18FE7340 		.ascii	"\030\376s@\2575w\357\307\370\004\243\275Y\036\177Z\207"
 294      AF3577EF 
 294      C7F804A3 
 294      BD591E7F 
 294      5A87
 295 052e 1B19525D 		.ascii	"\033\031R]Y\323\300+l1\240\353\356e\337\366\305W\330"
 295      59D3C02B 
 295      6C31A0EB 
 295      EE65DFF6 
ARM GAS  C:\cygwin\tmp\cc6bCABk.s 			page 23


 295      C557D8
 296 0541 B586EDB1 		.ascii	"\265\206\355\261[\365\270\203\"\302\341\276\314l/G["
 296      5BF5B883 
 296      22C2E1BE 
 296      CC6C2F47 
 296      5B
 297 0552 68BBFC1B 		.ascii	"h\273\374\033\326g_B\024^\270\366Y\365\2760\245\336"
 297      D6675F42 
 297      145EB8F6 
 297      59F5BE30 
 297      A5DE
 298 0564 F733476F 		.ascii	"\3673Go=\364b\032\004\222\265\246jt\277\026\337c\032"
 298      3DF4621A 
 298      0492B5A6 
 298      6A74BF16 
 298      DF631A
 299 0577 9CB9DB7A 		.ascii	"\234\271\333z\316\003\0171$\247\376\366\217\361\014"
 299      CE030F31 
 299      24A7FEF6 
 299      8FF10C
 300 0586 3BAFDA51 		.ascii	";\257\332Q3\244\303\353<(r\347\325\314\2278\231\235"
 300      33A4C3EB 
 300      3C2872E7 
 300      D5CC9738 
 300      999D
 301 0598 6F2ADED4 		.ascii	"o*\336\324\340\2133\031\222{\262z\320\023\0271$\377"
 301      E08B3319 
 301      927BB27A 
 301      D0131731 
 301      24FF
 302 05aa 51CF4B8C 		.ascii	"Q\317K\214\253\030r\373fc\231/\256aH\365xf\265\037>"
 302      AB1872FB 
 302      6663992F 
 302      AE6148F5 
 302      7866B51F 
 303 05bf CD904B77 		.ascii	"\315\220Kw_\215\350q\023C*3f\352D\334\302\220\365\361"
 303      5F8DE871 
 303      13432A33 
 303      66EA44DC 
 303      C290F5F1 
 304 05d3 25A9241A 		.ascii	"%\251$\032Z\326G=a\350\336\323\027\025\"\033\"n\371"
 304      5AD6473D 
 304      61E8DED3 
 304      1715221B 
 304      226EF9
 305 05e6 86E457FA 		.ascii	"\206\344W\372\315C\276\270\215N\021N\216\2276\350\024"
 305      CD43BEB8 
 305      8D4E114E 
 305      8E9736E8 
 305      14
 306 05f7 0BF2AF8E 		.ascii	"\013\362\257\216\221\032\335&\350\321V\301\3413-w\231"
 306      911ADD26 
 306      E8D156C1 
 306      E1332D77 
 306      99
 307 0608 34DB65F1 		.ascii	"4\333e\361B \341M]\266E\010@\233\005\352\262\221\311"
 307      4220E14D 
ARM GAS  C:\cygwin\tmp\cc6bCABk.s 			page 24


 307      5DB64508 
 307      409B05EA 
 307      B291C9
 308 061b A74744DC 		.ascii	"\247GD\334\303d\324n\036\254\365R\254\307\013\213\210"
 308      C364D46E 
 308      1EACF552 
 308      ACC70B8B 
 308      88
 309 062c 8C4490B1 		.ascii	"\214D\220\261]\226\001\"\335\012IP\027r[\232J7\340~"
 309      5D960122 
 309      DD0A4950 
 309      17725B9A 
 309      4A37E07E 
 310 0640 26A47AF3 		.ascii	"&\244z\363\255[\"\353\030*\034RT8\330\363\344#\226'"
 310      AD5B22EB 
 310      182A1C52 
 310      5438D8F3 
 310      E4239627 
 311 0654 C9A04F92 		.ascii	"\311\240O\222\254O\242\300\033\306\213\344\343G\275"
 311      AC4FA2C0 
 311      1BC68BE4 
 311      E347BD
 312 0663 F110F3F0 		.ascii	"\361\020\363\360\226\035Cy\276x\224!S\017R:\021\313"
 312      961D4379 
 312      BE789421 
 312      530F523A 
 312      11CB
 313 0675 0B03A031 		.ascii	"\013\003\2401\325\235\211~\254\026z\351\312\361b\343"
 313      D59D897E 
 313      AC167AE9 
 313      CAF162E3 
 314 0685 8C88252D 		.ascii	"\214\210%-\245\275\276\265\365\206\026o\324\262L\335"
 314      A5BDBEB5 
 314      F586166F 
 314      D4B24CDD 
 315 0695 D499EEE1 		.ascii	"\324\231\356\341V\327,w\272\326%iA\317L\3203CE\317\206"
 315      56D72C77 
 315      BAD62569 
 315      41CF4CD0 
 315      334345CF 
 316 06aa 2B39A33A 		.ascii	"+9\243:\274\215\211;\236\230\004\331\227\302\220\356"
 316      BC8D893B 
 316      9E9804D9 
 316      97C290EE 
 317 06ba B42DD5DE 		.ascii	"\264-\325\336\370\000CNl\0379\346\205\0172d\303\304"
 317      F800434E 
 317      6C1F39E6 
 317      850F3264 
 317      C3C4
 318 06cc 9D323F5C 		.ascii	"\2352?\\\311\020\373J7\237\255t\217\326\325\335\026"
 318      C910FB4A 
 318      379FAD74 
 318      8FD6D5DD 
 318      16
 319 06dd F10976AD 		.ascii	"\361\011v\255t\375\275\002\035\\\013\200\314B\212u("
 319      74FDBD02 
 319      1D5C0B80 
ARM GAS  C:\cygwin\tmp\cc6bCABk.s 			page 25


 319      CC428A75 
 319      28
 320 06ee 80AD4347 		.ascii	"\200\255CG\352FKD|\232Y\327R\336y\326K\221R\337\247"
 320      EA464B44 
 320      7C9A59D7 
 320      52DE79D6 
 320      4B9152DF 
 321 0703 29950F6A 		.ascii	")\225\017j\347\311j\0078\252\320y3r\000\214\017\340"
 321      E7C96A07 
 321      38AAD079 
 321      3372008C 
 321      0FE0
 322 0715 C6EF07E3 		.ascii	"\306\357\007\343\367\261P\027\354\316?\343\203/1\001"
 322      F7B15017 
 322      ECCE3FE3 
 322      832F3101 
 323 0725 4329031B 		.ascii	"C)\003\033\261\"\237\002h>\025\201\200\002Y@\276\340"
 323      B1229F02 
 323      683E1581 
 323      80025940 
 323      BEE0
 324 0737 4642A1BA 		.ascii	"FB\241\272\204\230\344\326b/\334\306$\244\224\224\024"
 324      8498E4D6 
 324      622FDCC6 
 324      24A49494 
 324      14
 325 0748 C955D1B6 		.ascii	"\311U\321\266\355W\265D\302A\220P,K(r'\241D]\302\216"
 325      ED57B544 
 325      C2419050 
 325      2C4B2872 
 325      27A1445D 
 326 075e 8CBEB7F1 		.ascii	"\214\276\267\361-\346\317-[gJ1\276\313\244\215\327\356"
 326      2DE6CF2D 
 326      5B674A31 
 326      BECBA48D 
 326      D7EE
 327 0770 3DE27058 		.ascii	"=\342pX\335\004z\013\035\006Ieo \351\220\272\244[\331"
 327      DD047A0B 
 327      1D064965 
 327      6F20E990 
 327      BAA45BD9 
 328 0784 4F46453C 		.ascii	"OFE<\300D\355;]\332\342\211\207\231\250\351\236\241"
 328      C044ED3B 
 328      5DDAE289 
 328      8799A8E9 
 328      9EA1
 329 0796 4A5F87A8 		.ascii	"J_\207\250\027 \252\002D\035y\003QG\325E=\216\275\337"
 329      1720AA02 
 329      441D7903 
 329      5147D545 
 329      3D8EBDDF 
 330 07aa CBB7476F 		.ascii	"\313\267Go\223bII\373\000\277`\202\363Z\006\223\234"
 330      93624949 
 330      FB00BF60 
 330      82F35A06 
 330      939C
 331 07bc 6F5E7A9D 		.ascii	"o^z\2356\205\307\005\373\2460\346NE;\302k=\351\264"
ARM GAS  C:\cygwin\tmp\cc6bCABk.s 			page 26


 331      3685C705 
 331      FBA630E6 
 331      4E453BC2 
 331      6B3DE9B4 
 332 07d0 5397D615 		.ascii	"S\227\326\025x\3438\206\334\231\336s\317\023oe\310D"
 332      78E33886 
 332      DC99DE73 
 332      CF136F65 
 332      C844
 333 07e2 DAF97D3E 		.ascii	"\332\371}>8\211!I\305\315\327\265x'C\272\017\316\324"
 333      38892149 
 333      C5CDD7B5 
 333      782743BA 
 333      0FCED4
 334 07f5 68713A43 		.ascii	"hq:Cv\337\034.\361\304Y\024\021\372\023\363\312\365"
 334      76DF1C2E 
 334      F1C45914 
 334      11FA13F3 
 334      CAF5
 335 0807 2E37428A 		.ascii	".7B\212;.T\017f}\356|\033T\335\365\305\360:\322\021"
 335      3B2E540F 
 335      667DEE7C 
 335      1B54DDF5 
 335      C5F03AD2 
 336 081c 4E090654 		.ascii	"N\011\006T'\273\346s~\033\324\033\323\320\252\303\373"
 336      27BBE673 
 336      7E1BD41B 
 336      D3D0AAC3 
 336      FB
 337 082d 99B0E1C7 		.ascii	"\231\260\341\307\327^\372\340\002\206H\223'\272\264"
 337      D75EFAE0 
 337      02864893 
 337      27BAB4
 338 083c B8842137 		.ascii	"\270\204!7vL\364z\3412\206\234k\333rR\304\345\0149p"
 338      764CF47A 
 338      E132869C 
 338      6BDB7252 
 338      C4E50C39 
 339 0851 A157F2C0 		.ascii	"\241W\362\300\025\014\251\331|\341\245\016\037gHF\325"
 339      150CA9D9 
 339      7CE1A50E 
 339      1F674846 
 339      D5
 340 0862 86183DAE 		.ascii	"\206\030=\256aH\321\253\321\355\006|\222\333^\323\222"
 340      6148D1AB 
 340      D1ED067C 
 340      92DB5ED3 
 340      92
 341 0873 2B303F2F 		.ascii	"+0?/ ;\222\272-\3470\253\325\034Xw\275\267\266\266\357"
 341      203B92BA 
 341      2DE730AB 
 341      D51C5877 
 341      BDB7B6B6 
 342 0888 12D002FA 		.ascii	"\022\320\002\3727/\020~r\211\275\275\2253\177\356\276"
 342      372F107E 
 342      7289BDBD 
 342      95337FEE 
ARM GAS  C:\cygwin\tmp\cc6bCABk.s 			page 27


 342      BE
 343 0899 7A4F9292 		.ascii	"zO\222\222\014\324\230\223`\3145a\236l\375S\032\210"
 343      0CD49893 
 343      60CC3561 
 343      9E6CFD53 
 343      1A88
 344 08ab F7C88306 		.ascii	"\367\310\203\006:\241\356\304u\203\224\020D\211\033"
 344      3AA1EEC4 
 344      75839410 
 344      44891B
 345 08ba 5D899B29 		.ascii	"]\211\233)q1\222\251\257\311\324g\\\251+\005\027\326"
 345      713192A9 
 345      AFC9D467 
 345      5CA92B05 
 345      17D6
 346 08cc ED32F169 		.ascii	"\3552\361iub%\353*\231\372\274+\365\"W\342\2532\361"
 346      756225EB 
 346      2A99FABC 
 346      2BF52257 
 346      E2AB32F1 
 347 08e0 5957E2CB 		.ascii	"YW\342\313\012\255\023\371\255\222\204l\032t\011\222"
 347      0AAD13F9 
 347      AD92846C 
 347      1A740992 
 348 08f0 F8A240EE 		.ascii	"\370\242@\356\006\370\024\0103j\203th\027\026\240\253"
 348      06F81408 
 348      336A8374 
 348      681716A0 
 348      AB
 349 0901 001D0057 		.ascii	"\000\035\000W\000\256\003\264\0024\003\264\000\\\026"
 349      00AE03B4 
 349      023403B4 
 349      005C16
 350 0910 16D0DB2B 		.ascii	"\026\320\333+VC\243;\015\022\334[\001\003\015O\024\215"
 350      5643A33B 
 350      0D12DC5B 
 350      01030D4F 
 350      148D
 351 0922 43AFE3D7 		.ascii	"C\257\343\327\347\247Ku\261\230j\326\244j\206\302A\315"
 351      E7A74B75 
 351      B1986AD6 
 351      A46A86C2 
 351      41CD
 352 0934 B2150DEA 		.ascii	"\262\025\015\352V(\210kd\342s\352\201\242\304\344q\316"
 352      5628886B 
 352      64E273EA 
 352      81A2C4E4 
 352      71CE
 353 0946 4446B297 		.ascii	"DF\262\227S\031*\2115\250\323Q\206\3355\271\343>x\212"
 353      53192A89 
 353      35A8D351 
 353      86DD35B9 
 353      E33E788A 
 354 095a 261C4E2F 		.ascii	"&\034N/\356y\356\205\026\004\316c\231T\235\361\311\310"
 354      EE79EE85 
 354      1604CE63 
 354      99549DF1 
ARM GAS  C:\cygwin\tmp\cc6bCABk.s 			page 28


 354      C9C8
 355 096c FE382212 		.ascii	"\3768\"\022\350\321\011\020yK\335\026\346\225\362\315"
 355      E8D10910 
 355      794BDD16 
 355      E695F2CD 
 356 097c D42BB79C 		.ascii	"\324+\267\234\275\222\310\327;\352\177\307\334.\316"
 356      BD92C8D7 
 356      3BEA7FC7 
 356      DC2ECE
 357 098b 8CF8FF26 		.ascii	"\214\370\377&\370\377\006\367/)\201\230\376!\2147\352"
 357      F8FF06F7 
 357      2F298198 
 357      FE218C37 
 357      EA
 358 099c 68090CF4 		.ascii	"h\011\014\364\025\265\0138\236!Y=\365\335|Ov\206\340"
 358      15B50B38 
 358      9E21593D 
 358      F5DD7C4F 
 358      7686E0
 359 09af 153D299B 		.ascii	"\025=)\233\014\274 \310\203\230\376\347\317\333\265"
 359      0CBC20C8 
 359      8398FEE7 
 359      CFDBB5
 360 09be 38951197 		.ascii	"8\225\021\227\277*\210\3038\233!/\367_\351\320\341<"
 360      BF2A88C3 
 360      389B212F 
 360      F75FE9D0 
 360      E13C
 361 09d0 869C9AEE 		.ascii	"\206\234\232\356\314\322\343R\212\374\313\213\207\261"
 361      CCD2E352 
 361      8AFCCB8B 
 361      87B1
 362 09de 4F7CD082 		.ascii	"O|\320\202yP>\206y\374?\371\027\030H\016\360;\237]Y"
 362      79503E86 
 362      79FC3FF9 
 362      1718480E 
 362      F03B9F5D 
 363 09f3 00056630 		.ascii	"\000\005f0\220*\013\\\340\370\203\313\201\201\314W="
 363      902A0B5C 
 363      E0F883CB 
 363      8181CC57 
 363      3D
 364 0a04 7B975C1C 		.ascii	"{\227\\\034aUG6\237\223\260\371\354W:k\302]J\336\206"
 364      61554736 
 364      9F93B0F9 
 364      EC573A6B 
 364      C25D4ADE 
 365 0a19 94EC2529 		.ascii	"\224\354%)\331#\260)\304%\3318\020e\341\005(\023 \003"
 365      D923B029 
 365      C425D938 
 365      1065E105 
 365      28132003 
 366 0a2d 201D200D 		.ascii	" \035 \015 \025`'\300\016\200\024\200d\000\011\340\005"
 366      20156027 
 366      C00E8014 
 366      80640009 
 366      E005
ARM GAS  C:\cygwin\tmp\cc6bCABk.s 			page 29


 367 0a3f A4E82840 		.ascii	"\244\350(@\037\300#\200\207\000\017\270KY\356\264%\177"
 367      1FC02380 
 367      87000FB8 
 367      4B59EEB4 
 367      257F
 368 0a51 8FA52534 		.ascii	"\217\245%4\276;\202\213rc\256\231V\331\032\300\250\311"
 368      BE3B828B 
 368      7263AE99 
 368      56D91AC0 
 368      A8C9
 369 0a63 E388E7AE 		.ascii	"\343\210\347\256\266<\233\325\024v\333\271\017@\242"
 369      B63C9BD5 
 369      1476DBB9 
 369      0F40A2
 370 0a72 8CABD353 		.ascii	"\214\253\323S\366\312\224\034tJ\311\001\226\222N\276"
 370      F6CA941C 
 370      744AC901 
 370      96924EBE 
 371 0a82 B9025749 		.ascii	"\271\002WI\025\240{\240\361 \367M\016\370f7\330\374"
 371      15A07BA0 
 371      F120F74D 
 371      0EF86637 
 371      D8FC
 372 0a94 146C1C52 		.ascii	"\024l\034R\332\330;\226\267*u\235tn1z\014Z\264!\354"
 372      DAD83B96 
 372      B72A759D 
 372      746E317A 
 372      0C5AB421 
 373 0aa9 24C1A995 		.ascii	"$\301\251\225)\325x\342\244\306\343\271\324\330\003"
 373      29D578E2 
 373      A4C6E3B9 
 373      D4D803
 374 0ab8 A25FAB46 		.ascii	"\242_\253F\335\204Y\332\244E\303\240\303\250\272\016"
 374      DD8459DA 
 374      A445C3A0 
 374      C3A8BA0E 
 375 0ac8 B33C31E2 		.ascii	"\263<1\342\244\002\231\311\352G=Qv\201\344\277Q\242"
 375      A40299C9 
 375      EA473D51 
 375      7681E4BF 
 375      51A2
 376 0ada 4824913F 		.ascii	"H$\221?\2730\022K\023y\014\204\314\360`:n\303\247\335"
 376      BB30124B 
 376      13790C84 
 376      CCF0603A 
 376      6EC3A7DD 
 377 0aee 25B28362 		.ascii	"%\262\203b\022\352\3719\327o\002\316\307A\3063'\017"
 377      12EAF939 
 377      D76F02CE 
 377      C741C633 
 377      270F
 378 0b00 B56EE6E9 		.ascii	"\265n\346\351BL\225 \266\317\335\264z&\240\316E\300"
 378      424C9520 
 378      B6CFDDB4 
 378      7A26A0CE 
 378      45C0
 379 0b12 2B845F23 		.ascii	"+\204_#\240\271\211v\312a\236\007\263\331+\332\326I"
ARM GAS  C:\cygwin\tmp\cc6bCABk.s 			page 30


 379      A0B98976 
 379      CA619E07 
 379      B3D92BDA 
 379      D649
 380 0b24 D6B69E3B 		.ascii	"\326\266\236;\267-\266-\230<\260$#i\255\364\016u\305"
 380      B72DB62D 
 380      983CB024 
 380      2369ADF4 
 380      0E75C5
 381 0b37 5A795B40 		.ascii	"Zy[@\210e\207\0055\361\312\237\002\252\030\327\342\232"
 381      88658705 
 381      35F1CA9F 
 381      02AA18D7 
 381      E29A
 382 0b49 9663AEDE 		.ascii	"\226c\256\336\013_\201\011\323\334\234\0318\177\351"
 382      0B5F8109 
 382      D3DC9C19 
 382      387FE9
 383 0b58 644AB9D2 		.ascii	"dJ\271\322W\304\230iuc\324y\257\023\260*of\372!f\372"
 383      57C49869 
 383      7563D479 
 383      AF13B02A 
 383      6F66FA21 
 384 0b6e B4BAE91F 		.ascii	"\264\272\351\037\247'\020\323\211Q\261\262\351\323N"
 384      A72710D3 
 384      8951B1B2 
 384      E9D34E
 385 0b7d A6479FE7 		.ascii	"\246G\237\347\246\257\305\363\321zW\323\237*r%IM?\015"
 385      A6AFC5F3 
 385      D17A57D3 
 385      9F2A7225 
 385      494D3F0D 
 386 0b91 9D47944B 		.ascii	"\235G\224K\202DN\204\004M\000\330\016\260\005`3@,\300"
 386      82444E84 
 386      044D00D8 
 386      0EB00560 
 386      33402CC0 
 387 0ba5 3A8018AC 		.ascii	":\200\030\254tJ\325U\032_\322i\343@(a\342v\211\315L"
 387      744AD555 
 387      1A5FD269 
 387      E3402861 
 387      E27689CD 
 388 0bba 52F4A60D 		.ascii	"R\364\246\015\257\243\236\270B9\257\307\006\264\321"
 388      AFA39EB8 
 388      4239AFC7 
 388      06B4D1
 389 0bc9 3DADB278 		.ascii	"=\255\262x\343\260\262xa\342\254\376\221\006\225\233"
 389      E3B0B278 
 389      61E2ACFE 
 389      9106959B 
 390 0bd9 4A2A7727 		.ascii	"J*w'p$\344\304\340M`\360F0l\003VV_jQ\364\316\003t\311"
 390      7024E4C4 
 390      E04D60F0 
 390      46306C03 
 390      56565F6A 
 391 0bf3 25B7A69B 		.ascii	"%\267\246\2338\275Z\377\240\364u]\036\244\327\220\354"
 391      38BD5AFF 
ARM GAS  C:\cygwin\tmp\cc6bCABk.s 			page 31


 391      A0F4755D 
 391      1EA4D790 
 391      EC
 392 0c04 DCC1691D 		.ascii	"\334\301i\035U\342\232\347\235{\020\0116\320\270lZh"
 392      55E29AE7 
 392      9D7B1009 
 392      36D0B86C 
 392      5A68
 393 0c16 20FFE704 		.ascii	" \377\347\004\017$\271\325L\177\235\227j\267s\237n\005"
 393      0F24B9D5 
 393      4C7F9D97 
 393      6AB7739F 
 393      6E05
 394 0c28 3F65BF99 		.ascii	"?e\277\231\237\342\261\362\371\327V\346'w]\020m\003"
 394      9FE2B1F2 
 394      F9D756E6 
 394      27775D10 
 394      6D03
 395 0c3a F7C88DD0 		.ascii	"\367\310\215\320\236\222Ai\035\022\244$a\265KN\311a"
 395      9E924169 
 395      1D12A424 
 395      61B54B4E 
 395      C961
 396 0c4c DAB3EDEB 		.ascii	"\332\263\355\353pt\315\030\263\004V\272\335s\032\002"
 396      7074CD18 
 396      B30456BA 
 396      DD731A02 
 397 0c5c 4E49BCC2 		.ascii	"NI\274\302\027:bv\316\353\250G.\323\344 \264{\334\323"
 397      173A6276 
 397      CEEBA847 
 397      2ED3E420 
 397      B47BDCD3 
 398 0c70 3277B75D 		.ascii	"2w\267]\246\356\006\232\331{\304\351\013\001\251R\335"
 398      A6EE069A 
 398      D97BC4E9 
 398      0B01A952 
 398      DD
 399 0c81 5A4CEF2E 		.ascii	"ZL\357.\367\362\252\341\367\\\254fr\005\331\331#\027"
 399      F7F2AAE1 
 399      F75CAC66 
 399      7205D9D9 
 399      2317
 400 0c93 BCA5B23F 		.ascii	"\274\245\262?\323\373\303R5\332\017d\322.FJ\356\357"
 400      D3FBC352 
 400      35DA0F64 
 400      D22E464A 
 400      EEEF
 401 0ca5 CAD54815 		.ascii	"\312\325H\025!l\331\302C\010\267d\350\230k\345\316\336"
 401      216CD9C2 
 401      4308B764 
 401      E8986BE5 
 401      CEDE
 402 0cb7 9CEFBA40 		.ascii	"\234\357\272@m'O\360\253\324\251\025\314\023.8\372o"
 402      6D274FF0 
 402      ABD4A915 
 402      CC132E38 
 402      FA6F
ARM GAS  C:\cygwin\tmp\cc6bCABk.s 			page 32


 403 0cc9 B52BB172 		.ascii	"\265+\261rs\316\250g\344n]\243N\255\210\301T\023\217"
 403      73CEA867 
 403      E46E5DA3 
 403      4EAD88C1 
 403      54138F
 404 0cdc 18D93ED6 		.ascii	"\030\331>\326\272\222\317\276_\231`\314\311F\246[\235"
 404      BA92CFBE 
 404      5F9960CC 
 404      C946A65B 
 404      9D
 405 0ced 5AC1FCF9 		.ascii	"Z\301\374\371\177\020Z{99\255{\256\361}\306zg\277z\357"
 405      7F105A7B 
 405      3939AD7B 
 405      AEF17DC6 
 405      7A67BF7A 
 406 0d02 8C3E409F 		.ascii	"\214>@\237/\221\224\276+'j\277\242w>\313\373,\365\200"
 406      2F9194BE 
 406      2B276ABF 
 406      A2773ECB 
 406      FB2CF580 
 407 0d16 A4143738 		.ascii	"\244\02478\227\270\321 \"mPEZ]\347}\232id\037s_\226"
 407      97B8D120 
 407      226D5045 
 407      5A5DE77D 
 407      9A69641F 
 408 0d2d 354865C1 		.ascii	"5He\301v\267\27107\323\200\317z\221\355\356\333yO\246"
 408      76B7B930 
 408      37D380CF 
 408      7A91EDEE 
 408      DB794FA6 
 409 0d41 2A10D9EE 		.ascii	"*\020\331\356\032\346\223\235m\340\274\005l\303\013"
 409      1AE6939D 
 409      6DE0BC05 
 409      6CC30B
 410 0d50 FBD840FB 		.ascii	"\373\330@\373V\266\375\340\252\214\303\022\351+\344"
 410      56B6FDE0 
 410      AA8CC312 
 410      E92BE4
 411 0d5f 61F63558 		.ascii	"a\3665Xr\366\341\277by\326Pr\322\342\252\240\206\367"
 411      72F6E1BF 
 411      6279D650 
 411      72D2E2AA 
 411      A086F7
 412 0d72 438BDBEB 		.ascii	"C\213\333\353\324\273o\304\361\304\313\303lA\233\315"
 412      D4BB6FC4 
 412      F1C4CBC3 
 412      6C419BCD 
 413 0d82 7D56EF38 		.ascii	"}V\3578\240\2504\015\231\250\261\257(9dEI\363U\354\016"
 413      A0A8340D 
 413      99A8B1AF 
 413      28396445 
 413      49F355EC 
 414 0d97 8E83D402 		.ascii	"\216\203\324\002\276\252\024\303y\021hP\010\220\257"
 414      BEAA14C3 
 414      79116850 
 414      0890AF
 415 0da6 6CB475E3 		.ascii	"l\264u\343\015\302Z\252E\011H\277K\036\025\303\024\025"
ARM GAS  C:\cygwin\tmp\cc6bCABk.s 			page 33


 415      0DC25AAA 
 415      450948BF 
 415      4B1E15C3 
 415      1415
 416 0db8 EFBB1172 		.ascii	"\357\273\021r\207\317\230[H\367G$\276\304\276V\367\022"
 416      87CF985B 
 416      48F74724 
 416      BEC4BE56 
 416      F712
 417 0dca 9857AEC7 		.ascii	"\230W\256\307\371eHui\213\351\363\222v\367\324\274\271"
 417      F9654875 
 417      698BE9F3 
 417      9276F7D4 
 417      BCB9
 418 0ddc 346012F2 		.ascii	"4`\022\362\002\347\346\342&\034%<\034\307@\317R\320"
 418      02E7E6E2 
 418      261C253C 
 418      1CC740CF 
 418      52D0
 419 0dee F1A05338 		.ascii	"\361\240S8\2365\360z\"\301\276\207\230C\334\337v\217"
 419      9E35F07A 
 419      22C1BE87 
 419      9843DCDF 
 419      768F
 420 0e00 DAA35706 		.ascii	"\332\243W\006\321\273\257J>+z\207\234V\3102\327\025"
 420      D1BBAF4A 
 420      3E2B7A87 
 420      9C56C832 
 420      D715
 421 0e12 92387618 		.ascii	"\2228v\030.?\245\255\004\224,\347\012W\300\371QP\370"
 421      2E3FA5AD 
 421      04942CE7 
 421      0A57C0F9 
 421      5150F8
 422 0e25 08C06127 		.ascii	"\010\300a'\307f7\006\260\350\221\244\037\001-\310\024"
 422      C7663706 
 422      B0E891A4 
 422      1F012DC8 
 422      14
 423 0e36 C7365DD1 		.ascii	"\3076]\3213\334Hy\302\247\314-%m\203\217\224\020g\240"
 423      33DC4879 
 423      C2A7CC2D 
 423      256D838F 
 423      941067A0 
 424 0e4a D97795CF 		.ascii	"\331w\225\317p\204\304\271w\200gR\032i\243!/^\3729\261"
 424      7084C4B9 
 424      77806752 
 424      1A69A321 
 424      2F5EFA39 
 425 0e5f DBC52179 		.ascii	"\333\305!y\003m\036\345X\245\234\017\305}\237\\#N\313"
 425      036D1EE5 
 425      58A59C0F 
 425      C57D9F5C 
 425      234ECB
 426 0e72 C58E7226 		.ascii	"\305\216r&\244v\212\341\006Z\360%j\263\253\033\276G"
 426      A4768AE1 
 426      065AF025 
ARM GAS  C:\cygwin\tmp\cc6bCABk.s 			page 34


 426      6AB3AB1B 
 426      BE47
 427 0e84 AE1195FB 		.ascii	"\256\021\225\373\344\027 $Q\034\355\202\315\336\347"
 427      E4172024 
 427      511CED82 
 427      CDDEE7
 428 0e93 3C9BBCFE 		.ascii	"<\233\274\376\232.9\304^\205\222\330^b/\261\206\343"
 428      9A2E39C4 
 428      5E8592D8 
 428      5E622FB1 
 428      86E3
 429 0ea5 5F26E894 		.ascii	"_&\350\224o\261H\227\226\203Y\203\311k\254j\314_c\025"
 429      6FB14897 
 429      96835983 
 429      C96BAC6A 
 429      CC5F6315 
 430 0eb9 4D6DBFE6 		.ascii	"Mm\277\346\375n\216\224S&\365&\036\376,\243\002Vb\177"
 430      FD6E8E94 
 430      5326F526 
 430      1EFE2CA3 
 430      0256627F 
 431 0ecd 9150A17C 		.ascii	"\221P\241|Y\233|\372\272\032\035@7\220\006\325\342w"
 431      599B7CFA 
 431      BA1A1D40 
 431      379006D5 
 431      E277
 432 0edf 61E2D9BE 		.ascii	"a\342\331\276\375\225Z\234\253wy\301\346\370\202\302"
 432      FD955A9C 
 432      AB7779C1 
 432      E6F882C2 
 433 0eef F9338493 		.ascii	"\3713\204\223\230\016:\2775\257c\203\316/\233O\261\301"
 433      980E3ABF 
 433      35AF6383 
 433      CE2F9B4F 
 433      B1C1
 434 0f01 818CEC34 		.ascii	"\201\214\3544\021\3270\366iI\305\307\021>G\021\261\257"
 434      11D730F6 
 434      6949C5C7 
 434      113E4711 
 434      B1AF
 435 0f13 EB619F08 		.ascii	"\353a\237\010\015\321\300\233_g\305\307\007\330\006"
 435      0DD1C09B 
 435      5F67C5C7 
 435      07D806
 436 0f22 AC91B7A7 		.ascii	"\254\221\267\247\006\365@\252\357\267\317`6\201$\326"
 436      06F540AA 
 436      EFB7CF60 
 436      368124D6 
 437 0f32 3948ACB3 		.ascii	"9H\254\263<\241\224\345\320\340T\016\215\254\034xdi"
 437      3CA194E5 
 437      D0E0540E 
 437      8DAC1C78 
 437      6469
 438 0f44 976F700D 		.ascii	"\227op\015\215\307\305\366\214\373~\210>\347c\311\226"
 438      8DC7C5F6 
 438      8CFB7E88 
 438      3EE763C9 
ARM GAS  C:\cygwin\tmp\cc6bCABk.s 			page 35


 438      96
 439 0f55 6C2F43BB 		.ascii	"l/C\273\226\027\325\265d\324;\2245~\032\253Q+k<\255"
 439      9617D5B5 
 439      64D43B94 
 439      357E1AAB 
 439      512B6B3C 
 440 0f6a C129932F 		.ascii	"\301)\223/\272\331\201\252\356q5\224\234\230\177\011"
 440      BAD981AA 
 440      EE713594 
 440      9C987F09 
 441 0f7a CC3F0F35 		.ascii	"\314?\0175\325\004p\001+o;\022\033h\366_\234\225\201"
 441      D5047001 
 441      2B6F3B12 
 441      1B68F65F 
 441      9C9581
 442 0f8d 57779E2D 		.ascii	"Ww\236-\362\304\353\275\351S\334\324\235\267\273}\321"
 442      F2C4EBBD 
 442      E953DCD4 
 442      9DB7BB7D 
 442      D1
 443 0f9e BC40     		.ascii	"\274@"
 444 0fa0 F5AD7433 		.ascii	"\365\255t3p\177\275\244l\226\353W\200\360\262\\K\027"
 444      707FBDA4 
 444      6C96EB57 
 444      80F0B25C 
 444      4B17
 445 0fb2 315F1A53 		.ascii	"1_\032S\273\262\276tzJv\305)4-\330\376\224,o\367\243"
 445      BBB2BE74 
 445      7A4A76C5 
 445      29342DD8 
 445      FE942C6F 
 446 0fc8 092D4D2A 		.ascii	"\011-M*\030C\365,\251Z\352\366\227h\335\227F+-\215\253"
 446      1843F52C 
 446      A95AEAF6 
 446      9768DD97 
 446      462B2D8D 
 447 0fdd F6D2888F 		.ascii	"\366\322\210\217\311\215E\216\322\370\270\220\227\006"
 447      C98D458E 
 447      D2F8B890 
 447      9706
 448 0feb 50A113B2 		.ascii	"P\241\023\262jp*\227\3065Z\032[J\213\373\3648\231:\005"
 448      6A702A97 
 448      C6355A1A 
 448      5B4A8BFB 
 448      F438993A 
 449 1000 A5DE7E32 		.ascii	"\245\336~2\300\024!\233PV\033=U\2711\036t\214(\320\316"
 449      C014219B 
 449      50561B3D 
 449      55B9311E 
 449      748C28D0 
 450 1015 943B537B 		.ascii	"\224;S{\377\256\237\333O\216:\250n\327\355\272uN\354"
 450      FFAE9FDB 
 450      4F8E3AA8 
 450      6ED7EDBA 
 450      754EEC
 451 1028 491441B7 		.ascii	"I\024A\267^z+\260\344e\331=i\243?\245Bm\262nm\230}e"
 451      5E7A2BB0 
ARM GAS  C:\cygwin\tmp\cc6bCABk.s 			page 36


 451      E465D93D 
 451      69A33FA5 
 451      426DB26E 
 452 1040 823AA95E 		.ascii	"\202:\251^I\205\355\227E\234\303\364j|^\262\333\017"
 452      4985ED97 
 452      459CC3F4 
 452      6A7C5EB2 
 452      DB0F
 453 1052 5730A43F 		.ascii	"W0\244?3>G\217k\030R4\225q\327\200O1\244\254&v\210\177"
 453      333E478F 
 453      6B185234 
 453      9571D780 
 453      4F31A4AC 
 454 106a 2A55475E 		.ascii	"*UG^)\015H[j\021n\244\027uCG[K0\232\307\236\254-p\012"
 454      290D485B 
 454      6A116EA4 
 454      17754347 
 454      5B4B309A 
 455 1084 7B370EE0 		.ascii	"{7\016\340\233\314^\036\363>\210\371m\210\367}\200\273"
 455      9BCC5E1E 
 455      F33E88F9 
 455      6D88F77D 
 455      80BB
 456 1096 00FD0077 		.ascii	"\000\375\000w\000\356)\027\267\336\335\367\015\007\331"
 456      00EE2917 
 456      B7DEDDF7 
 456      0D07D9
 457 10a5 56C6BE6F 		.ascii	"V\306\276o\355\235\253NF\033\276\315\352\2044\231\033"
 457      ED9DAB4E 
 457      461BBECD 
 457      EA843499 
 457      1B
 458 10b6 D8857AD6 		.ascii	"\330\205z\326\363\330\326\270\277\223\267\3207]\311"
 458      F3D8D6B8 
 458      BF93B7D0 
 458      375DC9
 459 10c5 672D102F 		.ascii	"g-\020/XYAO\353Qg\355\364,\234\021\023\316\267\\\251"
 459      5859414F 
 459      EB5167ED 
 459      F42C9C11 
 459      13CEB75C 
 460 10da 1505CBD2 		.ascii	"\025\005\313\322<\223\025T\357\254[;\262\335\262\333"
 460      3C931554 
 460      EFAC5B3B 
 460      B2DDB2DB 
 461 10ea 64DF01AB 		.ascii	"d\337\001\253(\311xA<\352{\372\2520\276\300\012\360"
 461      28C97841 
 461      3CEA7BFA 
 461      AA30BEC0 
 461      0AF0
 462 10fc 466ED580 		.ascii	"Fn\325\200\217k\001\332#\201\036A\000\3364\030L\313"
 462      8F6B01DA 
 462      23811E41 
 462      00DE3418 
 462      4CCB
 463 110e 69568C0F 		.ascii	"iV\214\017a\322\0039\253z\355\305x\265>\371\236\347"
 463      61D20339 
ARM GAS  C:\cygwin\tmp\cc6bCABk.s 			page 37


 463      AB7AEDC5 
 463      78B53EF9 
 463      9EE7
 464 1120 3C2EACCE 		.ascii	"<.\254\316\2550\315\234\222\200O\362\323\023\207\364"
 464      AD30CD9C 
 464      92804FF2 
 464      D31387F4 
 465 1130 4E553DE0 		.ascii	"NU=\340T\325\203\216\252~U\222\324\312\326\017\030\343"
 465      54D5838E 
 465      AA7E5592 
 465      D4CAD60F 
 465      18E3
 466 1142 C5D475F6 		.ascii	"\305\324u\366\374\217\334\327\364cZ7C\366\272i\274\321"
 466      FC8FDCD7 
 466      F4635A37 
 466      43F6BA69 
 466      BCD1
 467 1154 BCD19BD5 		.ascii	"\274\321\233\325M]\366\025\337t\251^$$\250K6\257\313"
 467      4D5DF615 
 467      DF74A95E 
 467      2424A84B 
 467      36AFCB
 468 1167 5E344F68 		.ascii	"^4Oh\321\274\332\333]\353\203{\274\337\354C\222aV\313"
 468      D1BCDADB 
 468      5DEB837B 
 468      BCDFEC43 
 468      926156CB 
 469 117b EB12F2F2 		.ascii	"\353\022\362\362\345\205y\204\0156e\354\213\323\273"
 469      E5857984 
 469      0D3665EC 
 469      8BD3BB
 470 118a FDBC648C 		.ascii	"\375\274d\214*:jW\364\374\363c\245^\274\300\257\037"
 470      2A3A6A57 
 470      F4FCF363 
 470      A55EBCC0 
 470      AF1F
 471 119c 5C927F98 		.ascii	"\\\222\177\230\0258P\241\247\262\256O\355\272>\243\272"
 471      153850A1 
 471      A7B2AE4F 
 471      EDBA3EA3 
 471      BA
 472 11ad 9E7AB629 		.ascii	"\236z\266)^\217G\230\256\323\017\232\313\275\034\035"
 472      5E8F4798 
 472      AED30F9A 
 472      CBBD1C1D 
 473 11bd 90293B75 		.ascii	"\220);uu\342\205\301\255\012\023T\205q\273\012\373\372"
 473      75E285C1 
 473      AD0A1354 
 473      8571BB0A 
 473      FBFA
 474 11cf F78EFA71 		.ascii	"\367\216\372q\025:*\202\012\017K\261^\204\006=\227\025"
 474      153A2A82 
 474      0A0F4BB1 
 474      5E84063D 
 474      9715
 475 11e1 786E5760 		.ascii	"xnW`\222*P\023\237\330\342\3742\221(,Kx\301\"I\216d"
 475      922A5013 
ARM GAS  C:\cygwin\tmp\cc6bCABk.s 			page 38


 475      9FD8E2FC 
 475      3291282C 
 475      4B78C122 
 476 11f8 3790DDBE 		.ascii	"7\220\335\276\313[\257x\275N\336\023\310\304S\230|\277"
 476      CB5BAF78 
 476      BD4EDE13 
 476      C8C45398 
 476      7CBF
 477 120a B688DE0D 		.ascii	"\266\210\336\015\223\015\307\253\361:?\366.\201|\303"
 477      930DC7AB 
 477      F13A3FF6 
 477      2E817CC3 
 478 121a D231DE33 		.ascii	"\3221\3363\356\343\237\3007\320\377\206\350gup\023\216"
 478      EEE39FC0 
 478      37D0FF86 
 478      E8677570 
 478      138E
 479 122c 5E623279 		.ascii	"^b2y\032\373\333YP\204|d1UR\305?\212\321\002\372\344"
 479      1AFBDB59 
 479      50847C64 
 479      315552C5 
 479      3F8AD102 
 480 1242 EEF81D9D 		.ascii	"\356\370\035\235{\351\257\354\322g0\025?\266y\3758\377"
 480      7BE9AFEC 
 480      D2673015 
 480      3FB679FD 
 480      38FF
 481 1254 84D453F1 		.ascii	"\204\324S\361a\314|\366aL\\\316\316'\336\\\033\311\256"
 481      61CC7CF6 
 481      614C5CCE 
 481      CE27DE5C 
 481      1BC9AE
 482 1267 CD5A3100 		.ascii	"\315Z1\000I\"a\026#\372\333YR\2044\322\215{\207E'W="
 482      49226116 
 482      23FADB59 
 482      528434D2 
 482      8D7B8745 
 483 127e 7672D53A 		.ascii	"vr\325:\221\271\012\216@\275k\240 C\353D\375\320\251"
 483      91B90A8E 
 483      40BD6BA0 
 483      2043EB44 
 483      FDD0A9
 484 1291 44623975 		.ascii	"Db9u,\245\256\271\235\371\320\231w\207\023\357\365\234"
 484      2CA5AEB9 
 484      9DF9D099 
 484      778713EF 
 484      F59C
 485 12a3 7A3DA5DE 		.ascii	"z=\245\336\272\276p\255'\236\341Ys>3\303\375\207\257"
 485      BABE70AD 
 485      279EE159 
 485      733E33C3 
 485      FD87AF
 486 12b6 1B449221 		.ascii	"\033D\222!+x\202<{\3303\346\013\011R\007\013\344\241"
 486      2B78823C 
 486      7BD833E6 
 486      0B095207 
 486      0BE4A1
ARM GAS  C:\cygwin\tmp\cc6bCABk.s 			page 39


 487 12c9 3BABBA3B 		.ascii	";\253\272;\310S\034I\212E\"!Dq\242#M\340T^$7\212$U\362"
 487      C8531C49 
 487      8A452221 
 487      4471A223 
 487      4DE0545E 
 488 12e3 C627B6F8 		.ascii	"\306'\266\370\342B\003\373\314nWS\032\346\234*f~\237"
 488      E24203FB 
 488      CC6E5753 
 488      1AE69C2A 
 488      667E9F
 489 12f6 B117F673 		.ascii	"\261\027\366sk\245\234\337Q\211h\223\314h\223\222\321"
 489      6BA59CDF 
 489      51896893 
 489      CC689392 
 489      D1
 490 1307 66CAE87A 		.ascii	"f\312\350z_}0>\302\370\024\226\354*\363\305\365\014"
 490      5F7D303E 
 490      C2F81496 
 490      EC2AF3C5 
 490      F50C
 491 1319 D9527F3A 		.ascii	"\331R\177:\213\254\274h+\235D>\244\030\334\327.\320"
 491      8BACBC68 
 491      2B9D443E 
 491      A418DCD7 
 491      2ED0
 492 132b 92209F99 		.ascii	"\222 \237\231\262\222\350l\317\375\300\255\275\333\251"
 492      B292E86C 
 492      CFFDC0AD 
 492      BDDBA9
 493 133a BDDB446E 		.ascii	"\275\333Dn\360\315\301\321!/\256fK\337\252s#\367\271"
 493      F0CDC1D1 
 493      212FAE66 
 493      4BDFAA73 
 493      23F7B9
 494 134d C1F30925 		.ascii	"\301\363\011%\332b\327\023\305\213\"\301dU\023\250\252"
 494      DA62D713 
 494      C58B22C1 
 494      645513A8 
 494      AA
 495 135e CD8FABB7 		.ascii	"\315\217\253\267z\343X\037\252^\363\364\271K\242\303"
 495      7AE3581F 
 495      AA5EF3F4 
 495      B94BA2C3 
 496 136e 7B9F3D70 		.ascii	"{\237=p\361^\242lt\242\222S\022\345\324\273\273?\331"
 496      F15EA26C 
 496      74A29253 
 496      12E5D4BB 
 496      BB3FD9
 497 1381 0727304E 		.ascii	"\007'0N\233\342\007\236z\310\336\313v\366^\262\314("
 497      9BE2079E 
 497      7AC8DECB 
 497      76F65EB2 
 497      CC28
 498 1393 59C92885 		.ascii	"Y\311(\2052\032\316\234juN\254\011\247T\331\301Se\007"
 498      321ACE9C 
 498      6A754EAC 
 498      09A754D9 
ARM GAS  C:\cygwin\tmp\cc6bCABk.s 			page 40


 498      C1536507 
 499 13a7 4D95C6C3 		.ascii	"M\225\306\303/\213}q\026\023\333\337\277'\205\177\033"
 499      2F8B7D71 
 499      1613DBDF 
 499      BF27857F 
 499      1B
 500 13b8 F65DF239 		.ascii	"\366]\3629C\362\251l-\253\210f\262S\330sit\247\036\027"
 500      43F2A96C 
 500      2DAB8866 
 500      B253D873 
 500      6974A71E 
 501 13cd 32DAB1D4 		.ascii	"2\332\261\324\213\235\274x\277\003hfL\343&\275\373\332"
 501      8B9DBC78 
 501      BF036866 
 501      4CE326BD 
 501      FBDA
 502 13df CB1479ED 		.ascii	"\313\024y\355e\210\264\366\036\325\225O\352\\\253+\015"
 502      6588B4F6 
 502      1ED5954F 
 502      EA5CAB2B 
 502      0D
 503 13f0 AA2B9556 		.ascii	"\252+\225VW\026\255.:\211~p\264\357\312vAI}v.\352\244"
 503      5716AD2E 
 503      3A897E70 
 503      B4EFCA76 
 503      41497D76 
 504 1407 F4D2535E 		.ascii	"\364\322S^?\330+5\347\220]\336\252\302<ic\031\254y\331"
 504      3FD82B35 
 504      E7905DDE 
 504      AAC23C69 
 504      6319AC79 
 505 141c A23F4A07 		.ascii	"\242?J\007\317\301\216N1w'\214\374\0212j\227\370\003"
 505      CFC18E4E 
 505      3177278C 
 505      FC11326A 
 505      97F803
 506 142f CD3C53C8 		.ascii	"\315<S\310\037C\202\227Z\314A6\363G\226\310\360\337"
 506      1F438297 
 506      5ACC4136 
 506      F34796C8 
 506      F0DF
 507 1441 9983A274 		.ascii	"\231\203\242t\277\375\257\317\337Y\372\336{\032O\333"
 507      BFFDAFCF 
 507      DF59FADE 
 507      7B1A4FDB 
 508 1451 17AB234C 		.ascii	"\027\253#LF\333\017\026.\\\2644$tE\350\247\313\026E"
 508      46DB0F16 
 508      2E5CB434 
 508      247445E8 
 508      A7CB1645 
 509 1465 5A17596C 		.ascii	"Z\027Yl\213B#La\253\203\315\213L!\266\020\230\033l]"
 509      8B42234C 
 509      61AB83CD 
 509      8B4C21B6 
 509      10981B6C 
 510 147a 18A2D11B 		.ascii	"\030\242\321\033\215\253C#l\037\274o\264\375\302\364"
 510      8DAB4323 
ARM GAS  C:\cygwin\tmp\cc6bCABk.s 			page 41


 510      6C1FBC6F 
 510      B4FDC2F4 
 511 148a CBE5A6E8 		.ascii	"\313\345\246\350\225kB#\226\007Y\302\177\034\021\031"
 511      956B4223 
 511      960759C2 
 511      7F1C1119 
 512 149a 61FEB139 		.ascii	"a\376\2619hE\350r>oyx\220)$4\302\274\334\030l\376\""
 512      6845E872 
 512      3E6F7978 
 512      90292434 
 512      C2BCDC18 
 513 14b1 687598CD 		.ascii	"hu\230\315h\213\2162\023&:;\213\205\257ca\215\266.7"
 513      688B8E32 
 513      13263A3B 
 513      8B85AF63 
 513      618DB62E 
 514 14c6 5A6DC140 		.ascii	"Zm\301@\017\363<mQ\226\320H\243\355\227\316\252\232"
 514      0FF33C6D 
 514      5196D048 
 514      A3ED97CE 
 514      AA9A
 515 14d8 22C3C323 		.ascii	"\"\303\303##\026EEZl\326EK\376\360\311\322O\276!cQ\241"
 515      23164545 
 515      5A6CD645 
 515      4BFEF0C9 
 515      D24FBE21 
 516 14ef 61668B75 		.ascii	"af\213u\321o\227.%\026p\321\242)$\310\242\265\206\376"
 516      D16F972E 
 516      251670D1 
 516      A22924C8 
 516      A2B586FE 
 517 1503 9FD968FB 		.ascii	"\237\331h\373\231,=,t\305\362\225&\223\213\026?Y\370"
 517      992C3D2C 
 517      74C5F295 
 517      26938B16 
 517      3F59F8
 518 1516 E1C2F764 		.ascii	"\341\302\367d]l\301`\010\360\320\206\2003\314\026\361"
 518      5D6CC160 
 518      08F0D086 
 518      8033CC16 
 518      F1
 519 1527 0B8BD9EC 		.ascii	"\013\213\331\354\021\025\264\322l\025#\314\337\330<"
 519      1115B4D2 
 519      6C1523CC 
 519      DFD83C
 520 1536 82C24257 		.ascii	"\202\302BWFp\007\375\364C\243Mg?\321[m_\321\213F\333"
 520      467007FD 
 520      F443A34D 
 520      673FD15B 
 520      6D5FD18B 
 521 154c 8FDE40F5 		.ascii	"\217\336@\365\020S\244\305\014r\274AN\224\221\013[m"
 521      1053A4C5 
 521      0C72BC41 
 521      4E94910B 
 521      5B6D
 522 155e 35078B44 		.ascii	"5\007\213Do\221\214\372(.\201\240(K\344\327\241pj\010"
 522      6F918CFA 
ARM GAS  C:\cygwin\tmp\cc6bCABk.s 			page 42


 522      282E81A0 
 522      284BE4D7 
 522      A1706A08 
 523 1572 3787AF34 		.ascii	"7\207\2574\363\200.R\025\025i\005[\025\241\205\031v"
 523      F3802E52 
 523      15156905 
 523      5B15A185 
 523      1976
 524 1584 71701A69 		.ascii	"qp\032i\211&\\\243p\270\355\033\217\3105\021f\213\016"
 524      89265CA3 
 524      70B8ED1B 
 524      8FC83511 
 524      668B0E
 525 1597 221F46DC 		.ascii	"\"\037F\334\356\011Ca\241V\233\316\034e\216\200\200"
 525      EE094361 
 525      A1569BCE 
 525      1C658E80 
 525      80
 526 15a8 ACF4367F 		.ascii	"\254\3646\177m\216\260\205\007Y\277\002\015\302\255"
 526      6D8EB085 
 526      0759BF02 
 526      0DC2AD
 527 15b7 2B57AD36 		.ascii	"+W\2556\2576\277e\0121\362l1\322\0011\312b\376\332\317"
 527      AF36BF65 
 527      0A31F26C 
 527      31D20131 
 527      CA62FEDA 
 528 15cc 69C868F3 		.ascii	"i\310h\363\\\023\024j\003\026~\012j\302\333W\211\030"
 528      5C13146A 
 528      03167E0A 
 528      6AC2DB57 
 528      8918
 529 15de 6D68B5D6 		.ascii	"mh\265\326\274\206\010\320\256\261\201\364(8X\315\341"
 529      BC8608D0 
 529      AEB181F4 
 529      283858CD 
 529      E1
 530 15ef 51D81461 		.ascii	"Q\330\024a\3632\032y\016y\362\243\007\214\302/\225`"
 530      F3321A79 
 530      0E79F2A3 
 530      078CC22F 
 530      9560
 531 1601 00BE4019 		.ascii	"\000\276@\031\024\025\002\246yZ\211\232\326\225\036"
 531      141502A6 
 531      795A899A 
 531      D6951E
 532 1610 0040B0C6 		.ascii	"\000@\260\306f\263D\3713AF\213\371\013\263\305\034a"
 532      66B344F9 
 532      3341468B 
 532      F90BB3C5 
 532      1C61
 533 1622 029D8079 		.ascii	"\002\235\200y\344\212/\243t\346oBm\246\310`\263\326"
 533      E48A2FA3 
 533      74E66F42 
 533      6DA6C860 
 533      B3D6
 534 1634 121C0D33 		.ascii	"\022\034\0153D \261z\261\240\376\034\244\331\21762\016"
ARM GAS  C:\cygwin\tmp\cc6bCABk.s 			page 43


 534      4420B17A 
 534      B1A0FE1C 
 534      A4D98F36 
 534      320E
 535 1646 ECBE080B 		.ascii	"\354\276\010\013Zi\365\264\205\303\014\300\2546(1\235"
 535      5A69F5B4 
 535      85C30CC0 
 535      AC362831 
 535      9D
 536 1657 8D1E08CB 		.ascii	"\215\036\010\313\240\025AV\263\030\021\024n\366\210"
 536      A0154156 
 536      B3181114 
 536      6EF688
 537 1666 0C830079 		.ascii	"\014\203\000yD\230\327\230-\330d\373F\260F\011a\304"
 537      4498D798 
 537      2DD864FB 
 537      46B04609 
 537      61C4
 538 1678 BB2B21E7 		.ascii	"\273+!\347\2146ly\357=\200\305\202\345\027\202\345\347"
 538      8C366C79 
 538      EF3D80C5 
 538      82E51782 
 538      E5E7
 539 168a 82E56782 		.ascii	"\202\345g\202\345\247\202\345'\202\345Co\222\034\304"
 539      E5A782E5 
 539      2782E543 
 539      6F921CC4 
 540 169a 5898A41E 		.ascii	"X\230\244\036R\225\3541~\375\263p\010\251\201\3165E"
 540      5295EC31 
 540      7EFDB370 
 540      08A981CE 
 540      3545
 541 16ac 46D8203F 		.ascii	"F\330 ?E\022E/\207\307=\302\243\"#\303t\334\0216\035"
 541      4512452F 
 541      87C73DC2 
 541      A32223C3 
 541      74DC1136 
 542 16c1 5C085F0D 		.ascii	"\\\010_\015t\236\364\327h{w\216~`5\205\004\003\373\177"
 542      749EF4D7 
 542      687B778E 
 542      7E603585 
 542      0403FB7F 
 543 16d5 9C8304E2 		.ascii	"\234\203\004\342\005\024\3774\027\223h\253\275*\347"
 543      0514FF34 
 543      179368AB 
 543      BD2AE7
 544 16e4 62047104 		.ascii	"b\004q\004\012\037Er\032m\377\374F\251MhU\231[-&\270"
 544      0A1F4572 
 544      1A6DFFFC 
 544      46A94D68 
 544      55995B2D 
 545 16fa 1C1C0D71 		.ascii	"\034\034\015q\0115-4i\276\343\322\037?\241\262~\017"
 545      09352D34 
 545      69BEE3D2 
 545      1F3FA1B2 
 545      7E0F
 546 170c EEF18694 		.ascii	"\356\361\206\2240\233lFRx\336\304_\274\346\026\277i"
ARM GAS  C:\cygwin\tmp\cc6bCABk.s 			page 44


 546      309B6C46 
 546      5278DEC4 
 546      5FBCE616 
 546      BF69
 547 171e 6D913956 		.ascii	"m\2219V\205\376\224\207\015\362s\231)\344\277\203\276"
 547      85FE9487 
 547      0DF27399 
 547      29E4BF83 
 547      BE
 548 172f 32AF8E5A 		.ascii	"2\257\216Z\366-\205\364e\253\255\244\272\314\301\037"
 548      F62D85F4 
 548      65ABADA4 
 548      BACCC11F 
 549 173f 7B90228E 		.ascii	"{\220\"\216\022\327\000\346\261\206d\021\016\262\254"
 549      12D700E6 
 549      B1866411 
 549      0EB2AC
 550 174e 9CC7A315 		.ascii	"\234\307\243\025l\266\232,\241Q\266H(~\177S\010\351"
 550      6CB69A2C 
 550      A151B648 
 550      287E7F53 
 550      08E9
 551 1760 E74BC2C2 		.ascii	"\347K\302\302\"MKH\2231\007{\233B\210\362t\010\002\276"
 551      224D4B48 
 551      9331077B 
 551      9B4288F2 
 551      740802BE 
 552 1774 2CDAFA9F 		.ascii	",\332\372\237\221\246\257\346tr4Q\322\213\246\013L\372"
 552      91A6AFE6 
 552      74723451 
 552      D28BA60B 
 552      4CFA
 553 1786 CAC708F5 		.ascii	"\312\307\010\365c3\376\373\222e\277\371\375\037>\366"
 553      6333FEFB 
 553      9265BFF9 
 553      FD1F3EF6 
 554 1796 090A5B13 		.ascii	"\011\012[\023\024m\205$\014\203~\376\201\252\355\220"
 554      146D8524 
 554      0C837EFE 
 554      81AAED90 
 555 17a6 608B967E 		.ascii	"`\213\226~\262\354\343e2\327pk\250\325\010]\225\364"
 555      B2ECE365 
 555      32D7706B 
 555      A8D5085D 
 555      95F4
 556 17b8 16AAC5E7 		.ascii	"\026\252\305\347\021\2047K\350\325\021\\\016mV\306\205"
 556      1184374B 
 556      E8D5115C 
 556      0E6D56C6 
 556      85
 557 17c9 3F5DFCE1 		.ascii	"?]\374\341\373:;"
 557      FB3A3B
 558 17d0 F6FF6AB3 		.ascii	"\366\377j\263&\321"
 558      26D1
 559              		.text
 560              		.section	.gnu.lto_.symtab.2d26fd28,"",%progbits
 561 0000 63685468 		.ascii	"chThdCreateFromHeap\000"
ARM GAS  C:\cygwin\tmp\cc6bCABk.s 			page 45


 561      64437265 
 561      61746546 
 561      726F6D48 
 561      65617000 
 562 0014 00       		.ascii	"\000"
 563 0015 00       		.ascii	"\000"
 564 0016 00       		.ascii	"\000"
 565 0017 00000000 		.ascii	"\000\000\000\000\000\000\000\000"
 565      00000000 
 566 001f BD010000 		.ascii	"\275\001\000\000"
 567 0023 63685468 		.ascii	"chThdCreateFromMemoryPool\000"
 567      64437265 
 567      61746546 
 567      726F6D4D 
 567      656D6F72 
 568 003d 00       		.ascii	"\000"
 569 003e 00       		.ascii	"\000"
 570 003f 00       		.ascii	"\000"
 571 0040 00000000 		.ascii	"\000\000\000\000\000\000\000\000"
 571      00000000 
 572 0048 D4010000 		.ascii	"\324\001\000\000"
 573 004c 63685363 		.ascii	"chSchWakeupS\000"
 573      6857616B 
 573      65757053 
 573      00
 574 0059 00       		.ascii	"\000"
 575 005a 02       		.ascii	"\002"
 576 005b 00       		.ascii	"\000"
 577 005c 00000000 		.ascii	"\000\000\000\000\000\000\000\000"
 577      00000000 
 578 0064 D9010000 		.ascii	"\331\001\000\000"
 579 0068 63685468 		.ascii	"chThdCreateSuspendedI\000"
 579      64437265 
 579      61746553 
 579      75737065 
 579      6E646564 
 580 007e 00       		.ascii	"\000"
 581 007f 02       		.ascii	"\002"
 582 0080 00       		.ascii	"\000"
 583 0081 00000000 		.ascii	"\000\000\000\000\000\000\000\000"
 583      00000000 
 584 0089 EF010000 		.ascii	"\357\001\000\000"
 585 008d 63684865 		.ascii	"chHeapAllocAligned\000"
 585      6170416C 
 585      6C6F6341 
 585      6C69676E 
 585      656400
 586 00a0 00       		.ascii	"\000"
 587 00a1 02       		.ascii	"\002"
 588 00a2 00       		.ascii	"\000"
 589 00a3 00000000 		.ascii	"\000\000\000\000\000\000\000\000"
 589      00000000 
 590 00ab F5010000 		.ascii	"\365\001\000\000"
 591 00af 6368506F 		.ascii	"chPoolAlloc\000"
 591      6F6C416C 
 591      6C6F6300 
 592 00bb 00       		.ascii	"\000"
ARM GAS  C:\cygwin\tmp\cc6bCABk.s 			page 46


 593 00bc 02       		.ascii	"\002"
 594 00bd 00       		.ascii	"\000"
 595 00be 00000000 		.ascii	"\000\000\000\000\000\000\000\000"
 595      00000000 
 596 00c6 F9010000 		.ascii	"\371\001\000\000"
 597              		.text
 598              		.section	.gnu.lto_.opts,"",%progbits
 599 0000 272D666D 		.ascii	"'-fmath-errno' '-fsigned-zeros' '-ftrapping-math' '"
 599      6174682D 
 599      6572726E 
 599      6F272027 
 599      2D667369 
 600 0033 2D666E6F 		.ascii	"-fno-trapv' '-fno-openmp' '-fno-openacc' '-mcpu=cor"
 600      2D747261 
 600      70762720 
 600      272D666E 
 600      6F2D6F70 
 601 0066 7465782D 		.ascii	"tex-m3' '-mno-thumb-interwork' '-mthumb' '-ggdb' '-"
 601      6D332720 
 601      272D6D6E 
 601      6F2D7468 
 601      756D622D 
 602 0099 4F322720 		.ascii	"O2' '-fomit-frame-pointer' '-falign-functions=16' '"
 602      272D666F 
 602      6D69742D 
 602      6672616D 
 602      652D706F 
 603 00cc 2D666675 		.ascii	"-ffunction-sections' '-fdata-sections' '-fno-common"
 603      6E637469 
 603      6F6E2D73 
 603      65637469 
 603      6F6E7327 
 604 00ff 2720272D 		.ascii	"' '-flto'\000"
 604      666C746F 
 604      2700
 605              		.text
 606              		.comm	__gnu_lto_v1,1,1
 607              		.comm	__gnu_lto_slim,1,1
 608              		.ident	"GCC: (GNU Tools for ARM Embedded Processors) 5.4.1 20160919 (release) [ARM/embedded-5-bran
ARM GAS  C:\cygwin\tmp\cc6bCABk.s 			page 47


DEFINED SYMBOLS
                            *ABS*:00000000 chdynamic.c
                            *COM*:00000001 __gnu_lto_v1
                            *COM*:00000001 __gnu_lto_slim

NO UNDEFINED SYMBOLS
