ARM GAS  C:\cygwin\tmp\ccTWkPbC.s 			page 1


   1              		.syntax unified
   2              		.cpu cortex-m3
   3              		.fpu softvfp
   4              		.eabi_attribute 20, 1
   5              		.eabi_attribute 21, 1
   6              		.eabi_attribute 23, 3
   7              		.eabi_attribute 24, 1
   8              		.eabi_attribute 25, 1
   9              		.eabi_attribute 26, 1
  10              		.eabi_attribute 30, 2
  11              		.eabi_attribute 34, 1
  12              		.eabi_attribute 18, 4
  13              		.thumb
  14              		.syntax unified
  15              		.file	"chmemcore.c"
  16              		.text
  17              	.Ltext0:
  18              		.section	.gnu.lto_.profile.2d26ff1f,"",%progbits
  19 0000 789C6361 		.ascii	"x\234ca`d`a`\000\222\332\352\000\000\347\000]"
  19      60646061 
  19      600092DA 
  19      EA0000E7 
  19      005D
  20              		.text
  21              		.section	.gnu.lto_.icf.2d26ff1f,"",%progbits
  22 0000 789C6361 		.ascii	"x\234ca`d\000\0015\006\004`c\230\363\371\353Wv\306\275"
  22      60640001 
  22      35060460 
  22      6398F3F9 
  22      EB5776C6 
  23 0015 0FDFB5B3 		.ascii	"\017\337\265\2632\203I\326\205\375\323;\331\331fM\235"
  23      328349D6 
  23      85FDD33B 
  23      D9D9664D 
  23      9D
  24 0026 738889FD 		.ascii	"s\210\211\375K\333\247\373\034\014\000q{\0221"
  24      4BDBA7FB 
  24      1C0C0071 
  24      7B1231
  25              		.text
  26              		.section	.gnu.lto_.jmpfuncs.2d26ff1f,"",%progbits
  27 0000 789C6361 		.ascii	"x\234ca`d\000\0011\006\004`\001bV&FF\346\372z6\010\305"
  27      60640001 
  27      31060460 
  27      01625626 
  27      4646E6FA 
  28 0018 0E140100 		.ascii	"\016\024\001\000\027w\002<"
  28      1777023C 
  29              		.text
  30              		.section	.gnu.lto_.inline.2d26ff1f,"",%progbits
  31 0000 789C6361 		.ascii	"x\234ca`d\000\201\012\006\004`a``ead`bY \317\300\266"
  31      60640081 
  31      0A060460 
  31      61606065 
  31      61646062 
  32 0019 409E0924 		.ascii	"@\236\011$\306\312 (\300\310\304\250\000R\015\"XD&\314"
  32      C6CA2028 
ARM GAS  C:\cygwin\tmp\ccTWkPbC.s 			page 2


  32      C0C8C4A8 
  32      00520D22 
  32      584426CC 
  33 002d 6484C8B2 		.ascii	"d\204\310\262}\320\343a`\272\300\317\002R\307\306 ,"
  33      7DD0E361 
  33      60BAC0CF 
  33      0252C7C6 
  33      202C
  34 003f C4C80456 		.ascii	"\304\310\004V\002V\314\"\261a\007\232:\016\220:v\006"
  34      0256CC22 
  34      B161079A 
  34      3A0E903A 
  34      7606
  35 0051 3656A015 		.ascii	"6V\240\025@1\270\025\014\000\021\267\015x"
  35      4031B815 
  35      0C0011B7 
  35      0D78
  36              		.text
  37              		.section	.gnu.lto_.pureconst.2d26ff1f,"",%progbits
  38 0000 789C6361 		.ascii	"x\234ca`d\340b```a\220`\225`\333\305\310\316\002\000"
  38      6064E062 
  38      60606061 
  38      90609560 
  38      DBC5C8CE 
  39 0016 05AC0115 		.ascii	"\005\254\001\025"
  40              		.text
  41              		.section	.gnu.lto__core_init.2d26ff1f,"",%progbits
  42 0000 789C7D91 		.ascii	"x\234}\221MK[A\024\206\317;\023b\020C\335tU\027n\262"
  42      4D4B5B41 
  42      1486CF3B 
  42      13621043 
  42      DD745517 
  43 0016 1021D795 		.ascii	"\020!\327\225\033w\012\342N\250?\340b\256\027\0220F"
  43      1B770AE2 
  43      4EA83FE0 
  43      62AE1712 
  43      3046
  44 0028 CC0FC844 		.ascii	"\314\017\310DM\375Xu\243\213\202(\270\360\333\030k\325"
  44      4DFD5875 
  44      A38B8228 
  44      B8F0DB18 
  44      6BD5
  45 003a ACBC0497 		.ascii	"\254\274\004\227\242 \004\005AD\324\202\210Z\374\200"
  45      A2200405 
  45      4144D482 
  45      885AFC80 
  46 004a 0A697AE6 		.ascii	"\012iz\346&X\301\320\201a\316\234\231\367=\317\234\361"
  46      2658C1D0 
  46      8161CE9C 
  46      99F73DCF 
  46      9CF1
  47 005c 10488F56 		.ascii	"\020H\217VA\324\301\353'\236\220\004\361u\237(\351\023"
  47      41D4C1EB 
  47      279E9004 
  47      F1759F28 
  47      E913
  48 006e 800E940F 		.ascii	"\200\016\224\017\224\020H\340I\024\004r#WY\3210\247"
ARM GAS  C:\cygwin\tmp\ccTWkPbC.s 			page 3


  48      941048E0 
  48      49140472 
  48      235759D1 
  48      30A7
  49 0080 789C5DFE 		.ascii	"x\234]\376lR\363\016R\222\250(\\'\302\034\032\210\257"
  49      6C52F30E 
  49      5292A828 
  49      5C27C21C 
  49      1A88AF
  50 0093 3D8D3F5C 		.ascii	"=\215?\\\372e\020:\236\331\311\035|\010\314\2523\245"
  50      FA65103A 
  50      9ED9C91D 
  50      7C08CCAA 
  50      33A5
  51 00a5 9CFC978F 		.ascii	"\234\374\227\217I\225K\326\247$0\017Y\226\351\220\364"
  51      49954BD6 
  51      A724300F 
  51      5996E990 
  51      F4
  52 00b6 D5A38B8D 		.ascii	"\325\243\213\215\014d\213+;\315\256f\274e\331a\273\263"
  52      0C648B2B 
  52      3BCDAE66 
  52      BC65D961 
  52      BBB3
  53 00c8 A67C5AB4 		.ascii	"\246|Z\264\370O\264X\026\235g\376L\370\275\303\032\251"
  53      F84FB458 
  53      169D67FE 
  53      4CF8BDC3 
  53      1AA9
  54 00da 1E4B0860 		.ascii	"\036K\010`\001\201\022\020\226\341\325OL\177vT\2618"
  54      01811210 
  54      96E1D54F 
  54      4C7F7654 
  54      B138
  55 00ec A49C1D6F 		.ascii	"\244\234\035o\372\370\316\347!\272\347c\375\270_B\350"
  55      FAF8CEE7 
  55      21BAE763 
  55      FDB85F42 
  55      E8
  56 00fd 555E61F0 		.ascii	"U^a\360e\344\366[\263V\260\345d*wP\365(RR\270(\331\354"
  56      65E4F65B 
  56      B356B0E5 
  56      642A7750 
  56      F5285252 
  57 0115 CD4955A2 		.ascii	"\315IU\242\240F\225\252\345\334\030\327\325\351\353"
  57      A04695AA 
  57      E5DC18D7 
  57      D5E9EB
  58 0124 BDFC6EF5 		.ascii	"\275\374n\3654\246\222\312\315K\254r\227VP\307\205\323"
  58      34A692CA 
  58      CD4BAC72 
  58      975650C7 
  58      85D3
  59 0136 98C65B1F 		.ascii	"\230\306[\037O\005\037\317\230D%\037 \303>k\332Gw\357"
  59      4F051FCF 
  59      9844251F 
  59      20C33E6B 
ARM GAS  C:\cygwin\tmp\ccTWkPbC.s 			page 4


  59      DA4777EF 
  60 014a E577BEA6 		.ascii	"\345w\276\246\244Q-\332h\235\255\271\302w$\310\245~"
  60      A4512DDA 
  60      689DADB9 
  60      C27724C8 
  60      A57E
  61 015c 7EA57E87 		.ascii	"~\245~\207)*cn\274b\376(a\276\343\222\225\2716\377\307"
  61      292A636E 
  61      BC62FE28 
  61      61BEE392 
  61      95B936FF 
  62 0171 B555E2DA 		.ascii	"\265U\342\332f\256k\014:\205vM\345\376\324=w\221\233"
  62      66AE6B0C 
  62      3A85764D 
  62      E5FED43D 
  62      77919B
  63 0184 CC348DC1 		.ascii	"\3144\215\301\240\321\026\216\204\"\235]F,nX\261h4\326"
  63      A0D1168E 
  63      84229D5D 
  63      462C6E58 
  63      B16834D6 
  64 0198 C7516F24 		.ascii	"\307Qo$d\304\007,\303\012G\355\250\025\033\260\203\026"
  64      64C4072C 
  64      C30A47ED 
  64      A8151BB0 
  64      8316
  65 01aa D59866D8 		.ascii	"\325\230f\330\356\3567\355\276\036\323\364\2277\241"
  65      EEEE37ED 
  65      BE1ED3F4 
  65      9737A1
  66 01b9 EEB86D9A 		.ascii	"\356\270m\232\177\0011\340\355S"
  66      7F0131E0 
  66      ED53
  67              		.text
  68              		.section	.gnu.lto_chCoreAllocAlignedI.2d26ff1f,"",%progbits
  69 0000 789C9553 		.ascii	"x\234\225S\317KTQ\024>\347\336\367\346M3\316\017\225"
  69      CF4B5451 
  69      143EE7DE 
  69      F7E64D33 
  69      CE0F95
  70 0013 36E1C28D 		.ascii	"6\341\302\215\210\0243\213\012\252E\233\376\200\240"
  70      8814338B 
  70      0AAA459B 
  70      FE80A0
  71 0022 FE821C86 		.ascii	"\376\202\034\206\034p\034\321]\033\357\370f\306\334"
  71      1C701CD1 
  71      5D1BEFF8 
  71      66C6DC
  72 0031 B951322C 		.ascii	"\271Q2,\261\01055\265\337\022\342\020\"AVT\030R\004"
  72      B1083535 
  72      B5DF12E2 
  72      10224156 
  72      54185204 
  73 0045 6A60292E 		.ascii	"j`).\034\311\022\032\235\316\271o\030L\334ta\356\273"
  73      1CC9121A 
  73      9DCEB96F 
  73      184CDC74 
ARM GAS  C:\cygwin\tmp\ccTWkPbC.s 			page 5


  73      61EEBB
  74 0058 F7BBE73B 		.ascii	"\367\273\347;\347\373\316\275c\000\002\2175\011p\216"
  74      E7FBCEBD 
  74      6300028F 
  74      3509708E 
  75 0068 BEA7E987 		.ascii	"\276\247\351\207&\240\350z\013\220t\013a\374\260@y\344"
  75      26A0E87A 
  75      0B90740B 
  75      61FCB040 
  75      79E4
  76 007a D01C802A 		.ascii	"\320\034\200*\223h8\270\201\310\013\345Fh\023\322\300"
  76      936838B8 
  76      81C80BE5 
  76      466813D2 
  76      C0
  77 008b 36DC16BB 		.ascii	"6\334\026\273\002\337\247&\372\344O\221\226\200\006"
  77      02DFA726 
  77      FAE44F91 
  77      968006
  78 009a 6D736F6E 		.ascii	"mson~\363\363\026\261\232O\327\277\247\274u\203J\265"
  78      7EF3F316 
  78      B19A4FD7 
  78      BFA7BC75 
  78      834AB5
  79 00ad ABA5F4EF 		.ascii	"\253\245\364\3573\275CY#-\005\024\004\340\020V\341 "
  79      33BD4359 
  79      232D0514 
  79      04E01056 
  79      E120
  80 00bf 5671F161 		.ascii	"Vq\361a\254\243\330;\311\205\327>\031B\240u\307\330"
  80      ACA3D83B 
  80      C985D73E 
  80      1942A075 
  80      C7D8
  81 00d1 F49ABFF6 		.ascii	"\364\232\277\366\036\363TwT\035IK\211\367Q\356\347\021"
  81      1EF35477 
  81      541D494B 
  81      89F751EE 
  81      E711
  82 00e3 043882B5 		.ascii	"\0048\202\265\024\335\365gw\311\222'5\323\036\370<c"
  82      14DDF567 
  82      77C99227 
  82      35D31EF8 
  82      3C63
  83 00f5 14991F35 		.ascii	"\024\231\0375\323\300\321\203L\003p\014k9|>\3339\356"
  83      D3C0D183 
  83      4C03700C 
  83      6B397C3E 
  83      DB39EE
  84 0108 91673575 		.ascii	"\221g5u\357\303\332\246Ys\227\251\331\027\035\376^\225"
  84      EFC3DAA6 
  84      597397A9 
  84      D9171DFE 
  84      5E95
  85 011a 4D55A7A5 		.ascii	"MU\247\245\211\017\376\245\363\240\350\225\311\275n"
  85      890FFEA5 
  85      F3A0E895 
ARM GAS  C:\cygwin\tmp\ccTWkPbC.s 			page 6


  85      C9BD6E
  86 0129 9F2BA568 		.ascii	"\237+\245hT\3438\326tR;)\214\354L\240\213:\214\014\216"
  86      54E338D6 
  86      74523B29 
  86      8CEC4CA0 
  86      8B3A8C0C 
  87 013e 5FCAAA42 		.ascii	"_\312\252B\301V\331)kgg\317}\024\251\270\240\336Pu\352"
  87      C156D929 
  87      6B6767CF 
  87      7D14A9B8 
  87      A0DE5075 
  88 0153 27A93759 		.ascii	"'\2517Y\215\213'\213'\267\266\344\241\245\351\345}\031"
  88      8D8B278B 
  88      27B7B6E4 
  88      A1A5E9E5 
  88      7D19
  89 0165 4F3E9EFC 		.ascii	"O>\236\374<\005\200\223\006\371\270\234\367\025<U\362"
  89      3C058093 
  89      06F9B89C 
  89      F7153C55 
  89      F2
  90 0176 1660936A 		.ascii	"\026`\223j\363\005\345\204\340\257\\E\273'\363\351\366"
  90      F305E584 
  90      E0AF5C45 
  90      BB27F3E9 
  90      F6
  91 0187 2996634B 		.ascii	")\226cK\323\226\322&\337\214\272\034\210Q\362\361\365"
  91      D396D226 
  91      DF8CBA1C 
  91      8851F2F1 
  91      F5
  92 0198 D5F088BE 		.ascii	"\325\360\210\276@\003\0134\0028I\036W\261}\261\030f"
  92      40030B34 
  92      0238491E 
  92      57B17DB1 
  92      1866
  93 01aa 119369F9 		.ascii	"\021\223i\371\314,:\210[s-XA\241\275\222b\002\231\323"
  93      CC2C3A88 
  93      5B732D58 
  93      41A1BD92 
  93      620299D3 
  94 01be 93DB1E30 		.ascii	"\223\333\0360\235 \017\245\356I\277|gqj\227\356\357"
  94      9D200FA5 
  94      EE49BF7C 
  94      67716A97 
  94      EEEF
  95 01d0 D4D4C617 		.ascii	"\324\324\306\027\253mW]W*HX\247D\335\310\365\371\205"
  95      AB6D575D 
  95      572A4858 
  95      A744DDC8 
  95      F5F985
  96 01e3 594F3FDE 		.ascii	"YO?\336J*\215\233\370\210\336\326Cn4>\306~\344\274["
  96      4A2A8D9B 
  96      F888DED6 
  96      436E343E 
  96      C67EE4BC 
  97 01f8 9693D44B 		.ascii	"\226\223\324Ky\367[(\323\256\274\373!\037\241E\013v"
ARM GAS  C:\cygwin\tmp\ccTWkPbC.s 			page 7


  97      79F75B28 
  97      D3AEBCFB 
  97      211FA145 
  97      0B76
  98 020a BE88F9B5 		.ascii	"\276\210\371\265\013\237\316\324q\302\301\002\004\227"
  98      0B9FCED4 
  98      71C2C102 
  98      0497
  99 0218 1C505309 		.ascii	"\034PS\011q\034\374JJ'\"x\230dq\270\344'%\311O\017H"
  99      711CFC4A 
  99      4A272278 
  99      986471B8 
  99      E42725C9 
 100 022f 2EA744AC 		.ascii	".\247D\254\345F&/\034\244B\203~X\306\324\242}\254\324"
 100      E546262F 
 100      1CA44283 
 100      7E58C6D4 
 100      A27DACD4 
 101 0243 D20AFDB0 		.ascii	"\322\012\375\260rB\002\375\361\370\366\3722s\375\347"
 101      724202FD 
 101      F1F8F6FA 
 101      3273FDE7 
 102 0253 9DE34AAD 		.ascii	"\235\343J\255\327i\361\262\217\261\377h\347\263\222"
 102      D769F1B2 
 102      8FB1FF68 
 102      E7B392
 103 0262 B6E7A48D 		.ascii	"\266\347\244\215\222\3512\206~$\353\330\036\004\233"
 103      92E93286 
 103      7E24EBD8 
 103      1E049B
 104 0271 99B08588 		.ascii	"\231\260\205\210\241*\2611\335L\305\344\350L\003\275"
 104      A12AB131 
 104      DD4CC5E4 
 104      E84C03BD 
 105 0281 28E420B2 		.ascii	"(\344 \262|<\024\012_h\210\325\307.^\016'Z\303\221D"
 105      7C3C140A 
 105      5F6888D5 
 105      C72E5E0E 
 105      275AC391 
 106 0296 3C9E68A2 		.ascii	"<\236h\242Uc\254>\334\332\022\011G\032\342\321x$\321"
 106      5563AC3E 
 106      DCDA1209 
 106      471AE2D1 
 106      7824D1
 107 02a9 120D45C0 		.ascii	"\022\015E\300h\215]\213\232W\032cW\233\260\371/UyJ\210"
 107      688D5D8B 
 107      9A571A63 
 107      579BB0F9 
 107      2F55794A 
 108              		.text
 109              		.section	.gnu.lto_chCoreAllocAligned.2d26ff1f,"",%progbits
 110 0000 789C9554 		.ascii	"x\234\225T_H\233W\024\277\347\273_\376jbj\205\261\341"
 110      5F489B57 
 110      14BFE7BB 
 110      5FFE6A62 
 110      6A85B1E1 
 111 0014 437C1029 		.ascii	"C|\020)+\311\240\033\243\014\006\303\247=\310@\331s"
ARM GAS  C:\cygwin\tmp\ccTWkPbC.s 			page 8


 111      2BC9A01B 
 111      A30C06C3 
 111      A73DC840 
 111      D973
 112 0026 D12CD480 		.ascii	"\321,\324\2001\222\330\322\366\305O\223\230\012{(\353"
 112      3192D8D2 
 112      F6C54F93 
 112      980A7B28 
 112      EB
 113 0037 263ABA85 		.ascii	"&:\272\205n8\255\255\265M\347Zk\325\324Z\333\252\325"
 113      6E38ADAD 
 113      B54DE75A 
 113      6BD5D45A 
 113      DBAAD5
 114 004a D9D62173 		.ascii	"\331\326!s\005\377l\265:a*\353&\314?;\347~_\254&\331"
 114      05FF6CB5 
 114      3A612AEB 
 114      26CC3F3B 
 114      E77E5FAC 
 115 0060 C62EC9FD 		.ascii	"\306.\311\375\356=\367\374\316=\347w\316=2\003F\243"
 115      EE3DF7FC 
 115      CE3DE777 
 115      CE3D3203 
 115      46A3
 116 0072 D6C0D81C 		.ascii	"\326\300\330\034~\337\302?\350\030Hg\306Ph\224$\371"
 116      7EDFC23F 
 116      E8184867 
 116      C6506894 
 116      24F9
 117 0084 B9812966 		.ascii	"\271\201)f\3366\304\230\222\311AV\3452\000-\024#\260"
 117      DE36C498 
 117      92C94156 
 117      E532002D 
 117      1423B0
 118 0097 1A89CB50 		.ascii	"\032\211\313P\003/\244M\011&BW\316\361\337\2450g \343"
 118      032FA44D 
 118      09264257 
 118      CEF1DFA5 
 118      306720E3 
 119 00ab 76F5E1E7 		.ascii	"v\365\341\347\363V\332\002\330\351ti!\224q\240UQ\352"
 119      F356DA02 
 119      D8E97469 
 119      219471A0 
 119      5551EA
 120 00be 9499966F 		.ascii	"\224\231\226o\0167\267\305\3450\227\330\266\304\240"
 120      0E37B7C5 
 120      E53097D8 
 120      B6C4A0
 121 00cd 0D72A115 		.ascii	"\015r\241\025r\351\362\013p\000u\277\252\235\034\261"
 121      72E9F20B 
 121      700075BF 
 121      AA9D1CB1 
 122 00dd 7007305C 		.ascii	"p\0070\\G:z\027\255\005-\204S\316\272\025S\230sh\007"
 122      473A7A17 
 122      AD052D84 
 122      53CEBA15 
 122      53987368 
ARM GAS  C:\cygwin\tmp\ccTWkPbC.s 			page 9


 123 00f2 BE1B8722 		.ascii	"\276\033\207\"\006\027\241\000\265\317\374\2659c\340"
 123      0617A100 
 123      B5CFFCB5 
 123      3963E0
 124 0101 87043278 		.ascii	"\207\0042x\376\307~YCN\010\244\014\227\222\2212\203"
 124      FEC77E59 
 124      434E08A4 
 124      0C979291 
 124      3283
 125 0113 0E2820F5 		.ascii	"\016( \365\321xC\247\231\037\026\320\237No]\227\363"
 125      D17843A7 
 125      991F16D0 
 125      9F4E6F5D 
 125      97F3
 126 0125 BF2668BC 		.ascii	"\277&h\274k8\263Y\211\207\354\350-\\\336\013\247\201"
 126      6B38B359 
 126      8987ECE8 
 126      2D5CDE0B 
 126      A781
 127 0137 DA7357B7 		.ascii	"\332sW\267>\263\350C\012\016;tB>\005\205\261\\\001="
 127      3EB3E843 
 127      0A0E3B74 
 127      423E0585 
 127      B15C013D 
 128 014b D24BCC34 		.ascii	"\322K\3144>_\3372h\346\256\015s\315\\J\0344\340*\344"
 128      3E5FDF32 
 128      68E6AE0D 
 128      73CD5C4A 
 128      1C34E02A 
 129 0160 2362EBD1 		.ascii	"#b\353\321\342\212NC\364D\254\032B\227\316\001\210A"
 129      E28A4E43 
 129      F444AC1A 
 129      4297CE01 
 129      8841
 130 0172 7E67715C 		.ascii	"~gq\\\331\336\016\242u\363o7\332M\257 \347\310\007\346"
 130      D9DE0EA2 
 130      75F36F37 
 130      DA4DAF20 
 130      E7C807E6 
 131 0186 0963D353 		.ascii	"\011c\323S\224\006\232\2144\231\304\025f\\\3522h\237"
 131      94069A8C 
 131      3499C415 
 131      665CEA32 
 131      689F
 132 0198 49938526 		.ascii	"I\223\205&+MY\302\236\215\216\367\321>\233\246\375\264"
 132      2B4D59C2 
 132      9E8D8EF7 
 132      D13E9BA6 
 132      FDB4
 133 01aa CD61942F 		.ascii	"\315a\224/\266\202\177\312\376\252$\321\227\317A\235"
 133      B6827FCA 
 133      FEAA24D1 
 133      97CF419D 
 134 01ba 8D4858B8 		.ascii	"\215HX\270\025y\002\374\035A_W\337T\223Y\365~\346l\375"
 134      157902FC 
 134      1D415F57 
 134      DF549359 
ARM GAS  C:\cygwin\tmp\ccTWkPbC.s 			page 10


 134      F57EE66C 
 135 01cf 87CD533F 		.ascii	"\207\315S?+\312'\012\204\271\036\256\245\011\340[\021"
 135      2BCA270A 
 135      84B91EAE 
 135      A509E05B 
 135      11
 136 01e0 726451E9 		.ascii	"rdQ\351\225\251^\364`\207.<[\200\272\271\307\221\321"
 136      95A95EF4 
 136      60872E3C 
 136      5B80BAB9 
 136      C791D1
 137 01f3 37F7321C 		.ascii	"7\3672\034o\030\223\004\267\333\022$\221\037\357j\\"
 137      6F189304 
 137      B7DB1224 
 137      911FEF6A 
 137      5C
 138 0204 A7F2FD8E 		.ascii	"\247\362\375\216\016\245\344\303\226\217o\302\253t\027"
 138      0EA5E4C3 
 138      968F6FC2 
 138      AB7417
 139 0213 83EBA4C0 		.ascii	"\203\353\244\300\223S\307\340\006\350\321\235n\312\033"
 139      9353C7E0 
 139      06E8D19D 
 139      6ECA1B
 140 0222 B07B4095 		.ascii	"\260{@\225\030\215\255\233\363\246 \2524!\377\006\202"
 140      188DAD9B 
 140      F3A620AA 
 140      3421FF06 
 140      82
 141 0233 74CCF728 		.ascii	"t\314\367(F\031Y\200\233\220'\362\277\262\374dZB\011"
 141      46195980 
 141      9B9027F2 
 141      BFB2FC64 
 141      5A4209
 142 0246 F4802C3C 		.ascii	"\364\200,<gpK<\201\266\276;\277d\346Mkh#\351\256]\216"
 142      67704B3C 
 142      81B6BE3B 
 142      BF64E64D 
 142      6B6823E9 
 143 025d 4D660874 		.ascii	"Mf\010t/\241\241\017d6\007\222 \001\037!\324\315\204"
 143      2FA1A10F 
 143      64360792 
 143      20011F21 
 143      D4CD84
 144 0270 5A41940E 		.ascii	"ZA\224\016f)\210\205\215\207\264E\350\203\371\201_\245"
 144      66298885 
 144      8D87B445 
 144      E883F981 
 144      5FA5
 145 0282 942A4AA9 		.ascii	"\224*J\251iAi?\201e\366\014\202\215\365?|\231D\241\362"
 145      6941693F 
 145      8165F60C 
 145      828DF53F 
 145      7C9944A1 
 146 0297 E7A73AD2 		.ascii	"\347\247:\322\240+4*\345\224:\216\321Y\\\020r\033\364"
 146      A02B342A 
 146      E5943A8E 
ARM GAS  C:\cygwin\tmp\ccTWkPbC.s 			page 11


 146      D1595C10 
 146      721BF4
 147 02aa 418E3FBE 		.ascii	"A\216?\276\333\244*5\340\001\"\237\336\277pQ<}\031\266"
 147      DBA42A35 
 147      E001229F 
 147      DEBF7051 
 147      3C7D19B6 
 148 02be 7164C100 		.ascii	"qd\301\000:\362\014\352\246\364\252\232QCn\324\017\202"
 148      3AF20CEA 
 148      A6F4AA9A 
 148      51436ED4 
 148      0F82
 149 02d0 2A3109AC 		.ascii	"*1\011\254Q\204w;\021\255\2110\215\253/\316\353T%3\275"
 149      5184773B 
 149      11AD8930 
 149      8DAB2FCE 
 149      EB542533 
 150 02e5 9DF0C0B8 		.ascii	"\235\360\300\270\201L\233D\272\273\273\227\247\0155"
 150      814C9B44 
 150      BABBBB97 
 150      A70D35
 151 02f4 9BCA6945 		.ascii	"\233\312iE\261\241\254\201\253Opitr\320\034\205/j\025"
 151      B1A1AC81 
 151      AB4F7069 
 151      7472D01C 
 151      852F6A15 
 152 0308 21D7C120 		.ascii	"!\327\301 v\245;\"\025w!\012dw\315\240\032\315@\273"
 152      76A53B22 
 152      1577210A 
 152      6477CDA0 
 152      1ACD40BB 
 153 031c 220ACDB7 		.ascii	"\"\012\315\267L\364\015\245\273E\026\224j!\00474\231"
 153      4CF40DA5 
 153      BB451694 
 153      6A210437 
 153      3499
 154 032e 55446111 		.ascii	"UDa\021\226\"\007UY\026\212w\"\210Q\004Yj\004\177\324"
 154      96220755 
 154      59168A77 
 154      22885104 
 154      596A047F 
 155 0343 7255C396 		.ascii	"rU\303\226\316eH\357\362\320\216\313\367\222\\\336\207"
 155      CE6548EF 
 155      F2D08ECB 
 155      F7925CDE 
 155      87
 156 0354 86C897A6 		.ascii	"\206\310\227\246\372\015I\225d\013\241\225\315Bh*\370"
 156      FA0D4995 
 156      640BA195 
 156      CD42682A 
 156      F8
 157 0365 DA0EA5D9 		.ascii	"\332\016\245\331\"\373\253X\333\330\2629\"\316\325\017"
 157      22FBAB58 
 157      DBD8B239 
 157      22CED50F 
 158 0375 45DF558F 		.ascii	"E\337U\217\367\013\177U\212g-$\373\037t\336\337\361"
 158      F70B7F55 
ARM GAS  C:\cygwin\tmp\ccTWkPbC.s 			page 12


 158      8A672D24 
 158      FB1F74DE 
 158      DFF1
 159 0387 ED01FA86 		.ascii	"\355\001\372\206\306\3045r\242\003\304{\206\245D\321"
 159      C6C43572 
 159      A203C47B 
 159      86A544D1 
 160 0397 B244C952 		.ascii	"\262D\311R\211\275\334\304vo:\265b\267\245v\013\357"
 160      89BDDCC4 
 160      766F3AB5 
 160      62B7A576 
 160      0BEF
 161 03a9 7F758B61 		.ascii	"\177u\213a\321-v\312\202\336\352\310\277t\213\361D\267"
 161      D12D76CA 
 161      82DEEAC8 
 161      BF748BF1 
 161      44B7
 162 03bb D0A5BEF7 		.ascii	"\320\245\276\367Q*\357\224\036\022E)<$\210>\265\207"
 162      512AEF94 
 162      1E124529 
 162      3C24883E 
 162      B587
 163 03cd 3CC51E32 		.ascii	"<\305\0362LOc\354\037z\310\270x2\337\357\352![\321\331"
 163      4C4F63EC 
 163      1F7AC8B8 
 163      7832DFEF 
 163      EA215BD1 
 164 03e2 BE8C447B 		.ascii	"\276\214D{\030\021$N\210\366\220\334\013\036%z\001]"
 164      1811244E 
 164      88F690DC 
 164      0B1E257A 
 164      015D
 165 03f4 C096B017 		.ascii	"\300\226\260\027\204\333'D3\010\362\034\014}\015r\300"
 165      84DB2744 
 165      3308F21C 
 165      0C7D0D72 
 165      C0
 166 0405 912B2DF7 		.ascii	"\221+-\367Va*\371\245\376rl\306@)@\023\257;\034\316"
 166      56612AF9 
 166      A5FE726C 
 166      C6402940 
 166      13AF3B1C 
 167 041a C2724F99 		.ascii	"\302rO\231\347\203\022\247/\340t\371\274^_%\256*<e\316"
 167      E78312A7 
 167      2FE074F9 
 167      BC5E5F25 
 167      AE2A3C65 
 168 042f 80DFE574 		.ascii	"\200\337\345t\225{\335^\227\317\357v\270\230\034\360"
 168      957BDD5E 
 168      97CFEF76 
 168      B8981CF0 
 169 043f 9C72EB4A 		.ascii	"\234r\353J+<G+\241Jw\274\264\342\230\333\231\026^\345"
 169      2B3C472B 
 169      A14A77BC 
 169      B4E298DB 
 169      99165EE5 
 170 0453 F357079C 		.ascii	"\363W\007\234\357\025\027\025\026\235@\013\004?r\374"
ARM GAS  C:\cygwin\tmp\ccTWkPbC.s 			page 13


 170      EF151715 
 170      169D400B 
 170      043F72FC 
 171 0463 6DAFA39C 		.ascii	"m\257\243\234\035J\253\357>Q\355,,*y\277\304\351\251"
 171      1D4AABEF 
 171      3E51ED2C 
 171      2C2A79BF 
 171      C4E9A9
 172 0476 74551CFB 		.ascii	"tU\034\373\310\355ty\003\236\300\221\243.\027b\362\366"
 172      C8ED7479 
 172      039EC091 
 172      A32E1762 
 172      F2F6
 173 0488 62FCD52F 		.ascii	"b\374\325/\265\312\003'\003\250a+*)\266\227\225\006"
 173      B5CA0327 
 173      03A8612B 
 173      2A29B697 
 173      9506
 174 049a DC557ECF 		.ascii	"\334U~\317A{\376\033L\3623\003\372\355\363\237d\177"
 174      417BFE1B 
 174      4CF23303 
 174      FAEDF39F 
 174      647F
 175 04ac 031BD8B2 		.ascii	"\003\033\330\262\341"
 175      E1
 176              		.text
 177              		.section	.gnu.lto_chCoreGetStatusX.2d26ff1f,"",%progbits
 178 0000 789C6D91 		.ascii	"x\234m\221;K\003A\020\307gv\357\021\004\305\336\024"
 178      3B4B0341 
 178      10C76776 
 178      EF1104C5 
 178      DE14
 179 0012 692C8298 		.ascii	"i,\202\230\363+\210\215\235\240\337 G \001\317\203\344"
 179      F32B888D 
 179      9DA0DF20 
 179      472001CF 
 179      83E4
 180 0024 036493CB 		.ascii	"\003d\223\313\241\351\2640\210\017\002i\3423\3212\225"
 180      A1E9B430 
 180      880F0269 
 180      E233D132 
 180      95
 181 0035 22DAF940 		.ascii	"\"\332\371@\321J\020Q\260\010\026\211h\031\317\231$"
 181      D14A1051 
 181      B0081689 
 181      6819CF99 
 181      24
 182 0046 58481676 		.ascii	"XH\026vg\376\263\303o\376{\247\001\002\257\012\205I"
 182      67FEB3C3 
 182      6FFE7BA7 
 182      0102AF0A 
 182      8549
 183 0058 8A63B451 		.ascii	"\212c\264Q\002\212\325\033\200\\H r\242B\010Y\201Y\374"
 183      028AD51B 
 183      805C4820 
 183      72A24208 
 183      598159FC 
ARM GAS  C:\cygwin\tmp\ccTWkPbC.s 			page 14


 184 006c 161D8177 		.ascii	"\026\035\201w\205\343m\371%|j\323H\266\2577\337FX\""
 184      85E36DF9 
 184      257C6AD3 
 184      48B6AF37 
 184      DF465822 
 185 0080 46486EA9 		.ascii	"FHn\251\373\242\031\255*\225W/\227\265\3515\317\237"
 185      FBA219AD 
 185      2A95572F 
 185      97B5E935 
 185      CF9F
 186 0092 F5A58040 		.ascii	"\365\245\200@\000\356b\030\253\030\346\021{\030\005"
 186      00EE6218 
 186      AB18E611 
 186      7B1805
 187 00a1 6A7E3DF9 		.ascii	"j~=\371Y\0376\012\212V\204[\350f\037\015\266T\237?S"
 187      591F360A 
 187      8A56845B 
 187      E8661F0D 
 187      B6549F3F 
 188 00b6 41E02915 		.ascii	"A\340)\025L\235\216\207\004\370RJ:4\2153\2353\203\017"
 188      4C9D8E87 
 188      04F8524A 
 188      3A348D33 
 188      9D33830F 
 189 00ca 13180E2D 		.ascii	"\023\030\016-\332l\264-\004G\371\216\371R\373\271b2"
 189      DA6CB42D 
 189      0447F98E 
 189      F952FBB9 
 189      6232
 190 00dc CD936CBA 		.ascii	"\315\223l\272\344\237\337\232\354RG\036\334h|<\231\331"
 190      E49FDF9A 
 190      EC52471E 
 190      DC687C3C 
 190      99D9
 191 00ee 8E5A516A 		.ascii	"\216ZQj\224jEI#\251\334\274z\274\030*\343NNu\353\022"
 191      946A4549 
 191      23A9DCBC 
 191      7ABC182A 
 191      E34E4E75 
 192 0104 0FE9D107 		.ascii	"\017\351\321\007l\031\217\260\214@\334\317>T\022\227"
 192      6C198FB0 
 192      8C40DCCF 
 192      3E541297 
 193 0114 75097B5A 		.ascii	"u\011{Z\033D\305\301\324\332\037\265\376\217\252\023"
 193      1B44C5C1 
 193      D4DA1FB5 
 193      FE8FAA13 
 194 0124 88B4B761 		.ascii	"\210\264\267a\364to\220\336mY~\350\2172\251\016M\024"
 194      F4746F90 
 194      DE6D597E 
 194      E88F32A9 
 194      0E4D14
 195 0137 7DC5FFAF 		.ascii	"}\305\377\257%\220\037N\237a\"\026\263f\222\251xjn\301"
 195      25901F4E 
 195      9F612216 
 195      B36692A9 
 195      786A6EC1 
ARM GAS  C:\cygwin\tmp\ccTWkPbC.s 			page 15


 196 014b 723396ED 		.ascii	"r3\226\355:\216\273D\331b*ne\322\266e'\235\204c\273"
 196      3A8EBB44 
 196      D9622A6E 
 196      65D2B665 
 196      279D8463 
 197 0160 E944CC86 		.ascii	"\351D\314\206_\001\251\225\300"
 197      5F01A995 
 197      C0
 198              		.text
 199              		.section	.gnu.lto_.symbol_nodes.2d26ff1f,"",%progbits
 200 0000 789C55CB 		.ascii	"x\234U\313[\021\2000\020C\321\233-5\200\002\360\207"
 200      5B118030 
 200      1043D19B 
 200      2D358002 
 200      F087
 201 0012 87AD04BC 		.ascii	"\207\255\004\274@yT\004\232X\206\257\346'3g\222\001"
 201      40795404 
 201      9A5886AF 
 201      E6273367 
 201      9201
 202 0024 B110B12A 		.ascii	"\261\020\261*\207\365\201\250Vf\310\233(#\244|KSL\362"
 202      87F581A8 
 202      5666C89B 
 202      2823A47C 
 202      4B534CF2 
 203 0038 2EFBA129 		.ascii	".\373\241)}`\207\\\335\307N\271\365r\311S'\274\267\305"
 203      7D60875C 
 203      DDC74EB9 
 203      F572C953 
 203      27BCB7C5 
 204 004c 169C     		.ascii	"\026\234"
 205              		.text
 206              		.section	.gnu.lto_.refs.2d26ff1f,"",%progbits
 207 0000 789C05C1 		.ascii	"x\234\005\301\261\021\2000\020\003\301;\351\261\003"
 207      B1118030 
 207      1003C13B 
 207      E9B103
 208 000f 86C40955 		.ascii	"\206\304\011U\320\177{\354\016\362\001\203\232h\223"
 208      D07F7BEC 
 208      0EF20183 
 208      9A6893
 209 001e 492F5CF4 		.ascii	"I/\\\364\321\323\2057=\372fS\261\374\026s\000\324"
 209      D1D38537 
 209      3DFA6653 
 209      B1FC1673 
 209      00D4
 210              		.text
 211              		.section	.gnu.lto_.decls.2d26ff1f,"",%progbits
 212 0000 789C8556 		.ascii	"x\234\205V}PT\327\025\177g\337\312\302\262\273q6\264"
 212      7D5054D7 
 212      157F67DF 
 212      CAC2B2BB 
 212      7136B4
 213 0013 E31FDB0E 		.ascii	"\343\037\333\016u\232\321\231Nv\265\244I\332\277bh\232"
 213      759AD199 
 213      4E76B5A4 
 213      49DABF62 
ARM GAS  C:\cygwin\tmp\ccTWkPbC.s 			page 16


 213      689A
 214 0025 38AD3513 		.ascii	"8\2555\023\212\323\231\356\314\233e\331\310N\330]\207"
 214      8AD399EE 
 214      CC9B65D9 
 214      C84ED85D 
 214      87
 215 0036 5D6AE83F 		.ascii	"]j\350?}(\020\202\037\005\215D\020tELAAPH\001\305vC"
 215      7D281082 
 215      1F058D44 
 215      1074454C 
 215      41415048 
 216 004e 942F1141 		.ascii	"\224/\021A#\212\037\201*~\240\030\226\257\" \246\347"
 216      238A1F81 
 216      2A7EA018 
 216      96AF2220 
 216      A6E7
 217 0060 DEFB96F7 		.ascii	"\336\373\226\367P\210o8\313\275\367\235\373\373\375"
 217      50886F38 
 217      CBBDF79D 
 217      FBFBFD
 218 006f EE39E7DE 		.ascii	"\3569\347\336w\325\034p\344\361Dr\334_T\034\227\215"
 218      77D51C70 
 218      E4F14472 
 218      DC5F541C 
 218      978D
 219 0081 DDEFF159 		.ascii	"\335\357\361Y\202c\0338\371Q\243U\242\325\2415\2405"
 219      82631B38 
 219      F951A355 
 219      A2D5A135 
 219      A035
 220 0093 4A632D68 		.ascii	"Jc-h\355h\035h\235\334\374\207\370\207p\332\320.\240"
 220      ED681D68 
 220      9DDCFC87 
 220      F88770DA 
 220      D02EA0
 221 00a6 35A37549 		.ascii	"5\243uI\357A\362y\021\016\341\324\240\031\321\242\320"
 221      EF41F279 
 221      110EE1D4 
 221      A019D1A2 
 221      D0
 222 00b7 E2D16AD1 		.ascii	"\342\321j\321\326Kx\027\024x\304\227G\353\2230;\236"
 222      D64B7817 
 222      1478C497 
 222      47EB9330 
 222      3B9E
 223 00c9 C122DAB5 		.ascii	"\301\"\332\265?\200u\017\355!ZP\201\253\221\346\215"
 223      3F80750F 
 223      ED215A50 
 223      81AB91E6 
 223      8D
 224 00da A28DA34D 		.ascii	"\242\215\243MK<O\320\236\242\251\026\341\"1\012Sp\325"
 224      4B3C4FD0 
 224      9EA2A916 
 224      E122310A 
 224      5370D5
 225 00ed 4A1CEF3F 		.ascii	"J\034\357?\243\271Q\302\350\220p\224\317\254\012N_\232"
 225      A3B951C2 
ARM GAS  C:\cygwin\tmp\ccTWkPbC.s 			page 17


 225      E8907094 
 225      CFAC0A4E 
 225      5F9A
 226 00ff E9545F87 		.ascii	"\351T_\207^@\037X\312f\001\373\005j\0343\332\305\206"
 226      5E401F58 
 226      CA6601FB 
 226      056A1C33 
 226      DAC586
 227 0112 8AFE72F2 		.ascii	"\212\376r\362\020\204\034\245\276*\324\344\346\300\350"
 227      10841CA5 
 227      BE2AD4E4 
 227      E6C0E8
 228 0121 9F349FE6 		.ascii	"\2374\237\346\237>\024DF\007i\022\353\207\364\203\324"
 228      9F3E1444 
 228      46076912 
 228      EB87F483 
 228      D4
 229 0132 57C904C0 		.ascii	"W\311\004\300\272\241\011\012<&W\202\2235\317\255\011"
 229      BAA1090A 
 229      3C265782 
 229      9335CFAD 
 229      09
 230 0143 428B7E70 		.ascii	"B\213~p\374\306A\003\257\002\322\356\233*\373\235\271"
 230      FCC64103 
 230      AF02D2EE 
 230      9B2AFB9D 
 230      B9
 231 0154 42C42757 		.ascii	"B\304'W\024U?\221#\323\235Q]\304\217\253\300\250\005"
 231      14553F91 
 231      23D39D51 
 231      5DC48FAB 
 231      C0A805
 232 0167 357647CE 		.ascii	"5vG\316\027\3366`7J\013\321\330\235m\333W\250Z\226O"
 232      17DE3660 
 232      374A0BD1 
 232      D89D6DDB 
 232      57A85A96 
 233 017c E76D15A3 		.ascii	"\347m\025\243\325\260\341\307p\024Lp\004LHT\001\313"
 233      D5B0E1C7 
 233      70144C70 
 233      044C4854 
 233      01CB
 234 018e F03741CD 		.ascii	"\3607A\315\220rv|\236\251[\356\027\375\325b\377\315"
 234      9072767C 
 234      9EA95BEE 
 234      17FDD562 
 234      FFCD
 235 01a0 27BAFCAD 		.ascii	"'\272\374\255b+N\213&^P\006<\224\203\231\250\303&\371"
 235      622B4E8B 
 235      265E5006 
 235      3C948399 
 235      A8C326F9 
 236 01b4 F74FB88E 		.ascii	"\367O\270\216\262+a9\316\254\276\230\335f\340\337\246"
 236      B22B6139 
 236      CEACBE98 
 236      DD66E0DF 
 236      A6
ARM GAS  C:\cygwin\tmp\ccTWkPbC.s 			page 18


 237 01c5 428F55CC 		.ascii	"B\217U\314Tk\325$M\353\265\004\032\207n\266\226\037"
 237      546BD524 
 237      4DEBB504 
 237      1A876EB6 
 237      961F
 238 01d7 25127180 		.ascii	"%\022q\200D\340%\034\252\032j\230\322\263!\342Q:5\\"
 238      44E0251C 
 238      AA1A6A98 
 238      D2B321E2 
 238      513A355C 
 239 01eb A7E33790 		.ascii	"\247\3437\220\266\312\277\243rp\011\254\324~AD\367\317"
 239      B6CABFA3 
 239      727009AC 
 239      D47E4144 
 239      F7CF
 240 01fd 6459C732 		.ascii	"dY\3072q\305P\013Z8!\253XO\0128[\024\267\220u\031[\015"
 240      71C5500B 
 240      5A3821AB 
 240      584F0A38 
 240      5B14B790 
 241 0215 DCDCB2A0 		.ascii	"\334\334\262\240\006V\022\\\342\010\307q\260\032\007"
 241      0656125C 
 241      E208C771 
 241      B01A07
 242 0224 91A3AD38 		.ascii	"\221\243\2558\257\\C\205\021\250*\240\322\366\024\035"
 242      AF5C4385 
 242      11A82AA0 
 242      D2F6141D 
 243 0234 362AC313 		.ascii	"6*\303\023\257S\204\347_4<_\202\024\237\0039\235\203"
 243      AF5384E7 
 243      5F343C5F 
 243      82149F03 
 243      399D83
 244 0247 80F1E927 		.ascii	"\200\361\351'\361\011\032>\247\361\311\215&npLVvL\031"
 244      F1091A3E 
 244      A7F1C98D 
 244      266E704C 
 244      56764C19 
 245 025b 9F3A1A9F 		.ascii	"\237:\032\237\321\234CCz~\017\320\265n\253.(\215`0\201"
 245      D19C4343 
 245      7A7E0FD0 
 245      B56EAB2E 
 245      288D6030 
 246 0270 13ED3A31 		.ascii	"\023\355:17]\024\337\242 \3652H\275\022\244\201\202"
 246      375D14DF 
 246      A220F532 
 246      48BD12A4 
 246      8182
 247 0282 548D54EF 		.ascii	"T\215T\357\323\360e\014\344AQ\301A\275R8Y\223\254\374"
 247      D3F0650C 
 247      E44151C1 
 247      41BD5238 
 247      5993ACFC 
 248 0296 D4BCC466 		.ascii	"\324\274\304ft\026\337\227\022\033\230\310\321\025\210"
 248      7416DF97 
 248      121B98C8 
 248      D11588
ARM GAS  C:\cygwin\tmp\ccTWkPbC.s 			page 19


 249 02a5 810C9C67 		.ascii	"\201\014\234g$^pR\346<\251\344l\244\234\017\266M\324"
 249      245E7052 
 249      E63CA9E4 
 249      6CA49C0F 
 249      B64DD4
 250 02b8 A8F806C6 		.ascii	"\250\370\006\306Y\2259P\036\21693a\032A\221C\023\313"
 250      59953950 
 250      1E8E3933 
 250      611A4191 
 250      4313CB
 251 02cb 616D60AC 		.ascii	"am`\254R\315\177E}U\3355\275g#\346\222X\327\371\323"
 251      52CD7F45 
 251      7D55DD35 
 251      BD6723E6 
 251      9258D7F9 
 252 02e0 7A515C0A 		.ascii	"zQ\\\012M(2 \023\232\346r\030,\021\303\226q\020c\202"
 252      4D283220 
 252      139AE672 
 252      182C11C3 
 252      96711063 
 253 02f5 5598C0AF 		.ascii	"U\230\300\2570\201&)\201\377\3015\375\233%\260\374@"
 253      30812629 
 253      81FFC135 
 253      FD9B25B0 
 253      FC40
 254 0307 D9193D9F 		.ascii	"\331\031=\237I\367\203\352\321g\017\263\3719\202S\273"
 254      49F783EA 
 254      D1670FB3 
 254      F9398253 
 254      BB
 255 0318 4C4709C1 		.ascii	"LG\011\301Y$\370Z&@\276\205\031\316,\314\360\331\375"
 255      5924F85A 
 255      2640BE85 
 255      19CE2CCC 
 255      F0D9FD
 256 032b 96085D8E 		.ascii	"\226\010]\216\\T\024O\216j3\350\244MW8X\362T\367\312"
 256      5C54144F 
 256      8E6A33E8 
 256      A44D5738 
 256      58F254F7 
 257 0340 21512C21 		.ascii	"!Q,![\345\367\273\266\212\357\221\267p\232q+\346\234"
 257      5BE5F7BB 
 257      B68AEF91 
 257      B7709A71 
 257      2BE69C
 258 0353 26418516 		.ascii	"&A\205\026x\005g]\031\250=\016|#\333\320\347\266?\035"
 258      7805675D 
 258      19A83D0E 
 258      7C23DBD0 
 258      E7B63F1D 
 259 0367 551973A5 		.ascii	"U\031s\245\035\375\026\020.z\004\264\201qns\027\336"
 259      1DFD1610 
 259      2E7A04B4 
 259      81716E73 
 259      17DE
 260 0379 3C546640 		.ascii	"<Tf@\236~Q\014\\\312\372Q\272\330\004\344=\264\322T"
 260      9E7E510C 
ARM GAS  C:\cygwin\tmp\ccTWkPbC.s 			page 20


 260      5CCAFA51 
 260      BAD804E4 
 260      3DB4D254 
 261 038d A1336D40 		.ascii	"\2413m@;\205\037\331\323\273\233\347\333\031|K}\343"
 261      3B851FD9 
 261      D3BB9BE7 
 261      DB197C4B 
 261      7DE3
 262 039f 74385318 		.ascii	"t8S\030\310k\216\302\234\253\251\302s\317)<G!:(\304"
 262      C86B8EC2 
 262      9CABA9C2 
 262      73CF293C 
 262      47213A28 
 263 03b4 44CED81D 		.ascii	"D\316\330\035=\337\315 \276l\251\332\242\227\310/+\310"
 263      3DDFCD20 
 263      BE6CA9DA 
 263      A297C82F 
 263      2BC8
 264 03c6 CF87C869 		.ascii	"\317\207\310i\003:\351\314}YU\271\372y\261#l2\313\005"
 264      033AE9CC 
 264      7D5955B9 
 264      FA79B123 
 264      6C32CB05 
 265 03da 163BF29F 		.ascii	"\026;\362\237l\210\216k\3030\317\233\000\313\336]\222"
 265      6C888E6B 
 265      C330CF9B 
 265      00CBDE5D 
 265      92
 266 03eb 7717F5EE 		.ascii	"w\027\365\356\371\346\306N5\377-S5\362\244\270.\202"
 266      F9E6C64E 
 266      35FF2D53 
 266      35F2A4B8 
 266      2E82
 267 03fd 9D7751E4 		.ascii	"\235wQ\344\200\353\313\315\325\260\363\316O\212\362"
 267      80EBCBCD 
 267      D5B0F3CE 
 267      4F8AF2
 268 040c E0F9B17C 		.ascii	"\340\371\261|-?\304|\307\033\262\246\015\314\367e\354"
 268      2D3FC47C 
 268      C71BB2A6 
 268      0DCCF765 
 268      EC
 269 041d 56D6E557 		.ascii	"V\326\345W\361\332li\323\020V\2432\275=$\001`1\301e"
 269      F1DA6C69 
 269      D31056A3 
 269      32BD3D24 
 269      016031C1 
 270 0432 560D971F 		.ascii	"V\015\227\037\237\236\326\361\023\024J]\263\245\357"
 270      9F9ED6F1 
 270      13144A5D 
 270      B3A5EF
 271 0441 A001569A 		.ascii	"\240\001V\232\000\335\201U\0359\2109\334,Z\270\"E\004"
 271      00DD8155 
 271      1D398839 
 271      DC2C5AB8 
 271      224504
 272 0454 9F4211F1 		.ascii	"\237B\021\361\203\177'\303\330\016\247\377\027(\300"
ARM GAS  C:\cygwin\tmp\ccTWkPbC.s 			page 21


 272      837F27C3 
 272      D80EA7FF 
 272      1728C0
 273 0463 AB5880D7 		.ascii	"\253X\200\327)\3375\004\354e\204\003Ww\373yeI\020\354"
 273      29DF3504 
 273      EC658403 
 273      5777FB79 
 273      654910EC 
 274 0477 4BF8FE22 		.ascii	"K\370\376\"\325w\203\024\006SI\274\257\265td\204i%\354"
 274      D5778314 
 274      065349BC 
 274      AFB57464 
 274      846925EC 
 275 048b DC1761D7 		.ascii	"\334\027a\327\217\225O\201\022\373\346\017a\037\316"
 275      8F954F81 
 275      12FBE60F 
 275      611FCE
 276 049a ABD8ABC1 		.ascii	"\253\330\253\301\324w\371\305@w\013\244\373\003\351"
 276      D477F9C5 
 276      40770BA4 
 276      FB03E9
 277 04a9 D1F02DA6 		.ascii	"\321\360-\246\350\033,\037<\323\0243\273q\344O\030\207"
 277      E81B2C1F 
 277      3CD31433 
 277      BB71E44F 
 277      1887
 278 04bb 3E5A06A1 		.ascii	">Z\006\241\243~\305\363G\375\012vL\\\374\307h\251\206"
 278      A37EC5F3 
 278      47FD0A76 
 278      4C5CFCC7 
 278      68A986
 279 04ce 9F66BBB8 		.ascii	"\237f\273\270yG\315\211H\3051\361\333\274O\310Y?\200"
 279      7947CD89 
 279      48C531F1 
 279      DBBC4FC8 
 279      593F80
 280 04e1 DA6EC9DB 		.ascii	"\332n\311\333x\305\342g\375m\\\353\012i#\377\027\007"
 280      78C5E267 
 280      FD6D5CEB 
 280      0A6923FF 
 280      1707
 281 04f3 FBA5A3A2 		.ascii	"\373\245\243\2424\257$\214\317\344)IA\355\221I\255\342"
 281      34AF248C 
 281      CFE42949 
 281      41ED9149 
 281      ADE2
 282 0505 A878AD82 		.ascii	"\250x\255\202\034\025\367\220\343\216\3141\000\213\223"
 282      1C15F790 
 282      E38ECC31 
 282      008B93
 283 0514 DC5D8084 		.ascii	"\334]\200\204\314'{\244\270g\177\344\342%u?TR\253\250"
 283      CC277BA4 
 283      B8677FE4 
 283      E225753F 
 283      5452ABA8 
 284 0528 ACB3DF4F 		.ascii	"\254\263\337O\006^b\365\250\"\241\010v\024G\262\332"
 284      065E62F5 
ARM GAS  C:\cygwin\tmp\ccTWkPbC.s 			page 22


 284      A822A108 
 284      761447B2 
 284      DA
 285 0539 5D8ADDAB 		.ascii	"]\212\335\253\223}\223z)E\201P\372\037 \326 \305zHS"
 285      937D937A 
 285      29458150 
 285      FA1F20D6 
 285      20C57A48 
 286 054e 44116987 		.ascii	"D\021i\207\024\314L\345I\251\276\303\260;|{\362V\370"
 286      14CC4CE5 
 286      49A9BEC3 
 286      B03B7C7B 
 286      F256F8
 287 0561 E2621E85 		.ascii	"\342b\036\205\304\014\261 \215\347dNJ7\007\015v\313"
 287      C40CB120 
 287      8DE7644E 
 287      4A37070D 
 287      76CB
 288 0573 EE16EDD4 		.ascii	"\356\026\355\32415ob7\313\237?\034\371l1\016#\330w\024"
 288      31356F62 
 288      37CB9F3F 
 288      1CF96C31 
 288      0E23D877 
 289 0588 2C48D53C 		.ascii	",H\325<bj\202T\315\366\314#\351\032~'\015:L\014\366"
 289      626A8254 
 289      CDF6CC23 
 289      E91A7E27 
 289      0D3A4C0C 
 290 059d 8D1BF09B 		.ascii	"\215\033\360\233\023\300\217e\260p\363\036\366\261\374"
 290      13C08F65 
 290      B070F31E 
 290      F6B1FC
 291 05ac 39BD4C8C 		.ascii	"9\275L\214\310a\037Q~sF\3517\347\213\311\307\333\014"
 291      C8611F51 
 291      7E7346E9 
 291      37E78BC9 
 291      C7DB0C
 292 05bf FC490633 		.ascii	"\374I\0063\272\277}//\301\354\335\037_pB\024?\025\305"
 292      BABF7D2F 
 292      2FC1ECDD 
 292      1F5F7042 
 292      143F15C5 
 293 05d3 2635C519 		.ascii	"&5\305\031\223q\306\2248\343\024\347\312\335\246D~\234"
 293      9371C694 
 293      38E314E7 
 293      CADDA644 
 293      7E9C
 294 05e5 C11CA9DC 		.ascii	"\301\034\251\334_m\340\267\250\331\007\270\351\353\242"
 294      5F6DE0B7 
 294      A8D907B8 
 294      E9EBA2
 295 05f4 30BC08C0 		.ascii	"0\274\010\300\377\350$\034\371d\250\264GE\257\006\244"
 295      FFE8241C 
 295      F964A8B4 
 295      4745AF06 
 295      A4
 296 0605 2AD8A5A5 		.ascii	"*\330\245\245\267\247$f\321\213\323\024\375\276>\016"
ARM GAS  C:\cygwin\tmp\ccTWkPbC.s 			page 23


 296      B7A72466 
 296      D18BD314 
 296      FDBE3E0E 
 297 0615 DD0C6E0C 		.ascii	"\335\014n\014\215=\212\220Tv\337\332\324:zG\024w\211"
 297      8D3D8A90 
 297      5476DFDA 
 297      D43A7A47 
 297      147789
 298 0628 62064411 		.ascii	"b\006D\021O\230\010\351\204IP\223\236,u\232J\355\372"
 298      4F9808E9 
 298      84495093 
 298      9E2C759A 
 298      4AEDFA
 299 063b EED4F648 		.ascii	"\356\324\366H\376\014\223\3275\333z^-\201\215\024\276"
 299      FE0C93D7 
 299      35DB7A5E 
 299      2D818D14 
 299      BE
 300 064c D37C388B 		.ascii	"\323|8\213\\\021\374\357\321\353\032\314\310k\236Q\002"
 300      5C11FCEF 
 300      D1EB1ACC 
 300      C86B9E51 
 300      02
 301 065d 3DA140FD 		.ascii	"=\241@\375\007\356\355\326\363]\014\350\323\035\017"
 301      07EEEDD6 
 301      F35D0CE8 
 301      D31D0F
 302 066c 834BE662 		.ascii	"\203K\346b\347\232\037\273Y\031gV\211\363\024\226sZ"
 302      E79A1FBB 
 302      59196756 
 302      89F31496 
 302      735A
 303 067e C1EE4971 		.ascii	"\301\356Iq\010N\267\323\027\376\356\037\343\243cW\257"
 303      084EB7D3 
 303      17FEEE1F 
 303      E3A36357 
 303      AF
 304 068f E67E6136 		.ascii	"\346~a6[b\223\234\011\316\365q\026\217\327b\367\270"
 304      5B62939C 
 304      09CEF571 
 304      168FD762 
 304      F7B8
 305 06a1 5C1E37B6 		.ascii	"\\\0367\266\222\235\011\026o\212\335bOr9\\d\232\331"
 305      929D0916 
 305      6F8ADD62 
 305      4F72395C 
 305      649AD9
 306 06b4 CEBD6C4F 		.ascii	"\316\275lO\212\305\326\232\344d\217}M\262s\243\333\221"
 306      8AC5D69A 
 306      E4648F7D 
 306      4DB273A3 
 306      DB91
 307 06c6 B836CCEB 		.ascii	"\2706\314\353\374\233C\360\275a\377\215\325\236\266"
 307      FC9B43F0 
 307      BD61FF8D 
 307      D59EB6
 308 06d5 71B3D36D 		.ascii	"q\263\323m\305\231\326\215v\273\325\226\342z\325\355"
ARM GAS  C:\cygwin\tmp\ccTWkPbC.s 			page 24


 308      C599D68D 
 308      76BBD596 
 308      E27AD5ED 
 309 06e5 713B5E75 		.ascii	"q;^u\330\022\234\326_\231_3\257\266:\335\366\344\324"
 309      D8129CD6 
 309      5F995F33 
 309      AFB63ADD 
 309      F6E4D4
 310 06f8 4487D5EB 		.ascii	"D\207\325\353KLt|hN\342\214\317C.eC\357:|q>\233/\325"
 310      4B4C747C 
 310      684EE28C 
 310      CF432E65 
 310      43EF3A7C 
 311 0711 FB678DDB 		.ascii	"\373g\215\333\361\261\017UD\010B\252\323\355{S\360\375"
 311      F1B10F55 
 311      440842AA 
 311      D3ED7B53 
 311      F0FD
 312 0723 5A669BCF 		.ascii	"Zf\233\317\022\302w\331\354IN\267\303* \213-5\331'\370"
 312      12C277D9 
 312      EC494EB7 
 312      C32A208B 
 312      2D35D927 
 313 0738 D23639BC 		.ascii	"\32269\274\310\247\221\020\314/B\360\246y\255\002\312"
 313      C8A79110 
 313      CC2F42F0 
 313      A679AD02 
 313      CA
 314 0749 44779CA6 		.ascii	"Dw\234\246\027\204$\207m\223\220`\363:\004!\314\341"
 314      17842487 
 314      6D939060 
 314      F33A0421 
 314      CCE1
 315 075b 4E443D3A 		.ascii	"ND=:i\020{\202\200\036\037\246\272\355\202`~}U\314\353"
 315      69107B82 
 315      801E1FA6 
 315      BAED8260 
 315      7E7D55CC 
 316 0770 E1A19EDA 		.ascii	"\341\241\236\332\236dK\3212\3411\277\024|\341\241F\204"
 316      9E644BD1 
 316      32E131BF 
 316      147CE1A1 
 316      4684
 317 0782 3D292ECD 		.ascii	"=).\315\373\007\217\375\243\237\315\317@\212\317\"i"
 317      FB078FFD 
 317      A39FCDCF 
 317      408ACF22 
 317      69
 318 0793 C0D8A30A 		.ascii	"\300\330\243\012d\217\330\344I\361\011\030\241\217,"
 318      648FD8E4 
 318      49F10918 
 318      A18F2C
 319 07a2 0B668BBC 		.ascii	"\013f\213\274\366Z\326|\260.v\335\3078\211&\371\257"
 319      F65AD67C 
 319      B02E76DD 
 319      C7388926 
 319      F9AF
ARM GAS  C:\cygwin\tmp\ccTWkPbC.s 			page 25


 320 07b4 6FB8986E 		.ascii	"o\270\230n\257\303'\274\275&\356\235\367?X\253\267%"
 320      AFC327BC 
 320      BD26EE9D 
 320      F73F58AB 
 320      B725
 321 07c6 6FB6A579 		.ascii	"o\266\245y\261\000\222181"
 321      B1009231 
 321      3831
 322 07d0 0B6261A8 		.ascii	"\013ba\250-\261\353\342\326\306\311*\\^\247W\300\214"
 322      2DB1EBE2 
 322      D6C6C92A 
 322      5C5EA757 
 322      C08C
 323 07e2 225E2455 		.ascii	"\"^$U\035\357&Z\"\251\252T\332\376?\027\216e;"
 323      1DEF265A 
 323      22A9AA54 
 323      DAFE3F17 
 323      8E653B
 324              		.text
 325              		.section	.gnu.lto_.symtab.2d26ff1f,"",%progbits
 326 0000 5F636F72 		.ascii	"_core_init\000"
 326      655F696E 
 326      697400
 327 000b 00       		.ascii	"\000"
 328 000c 00       		.ascii	"\000"
 329 000d 00       		.ascii	"\000"
 330 000e 00000000 		.ascii	"\000\000\000\000\000\000\000\000"
 330      00000000 
 331 0016 AD000000 		.ascii	"\255\000\000\000"
 332 001a 6368436F 		.ascii	"chCoreAllocAlignedI\000"
 332      7265416C 
 332      6C6F6341 
 332      6C69676E 
 332      65644900 
 333 002e 00       		.ascii	"\000"
 334 002f 00       		.ascii	"\000"
 335 0030 00       		.ascii	"\000"
 336 0031 00000000 		.ascii	"\000\000\000\000\000\000\000\000"
 336      00000000 
 337 0039 B7000000 		.ascii	"\267\000\000\000"
 338 003d 6368436F 		.ascii	"chCoreAllocAligned\000"
 338      7265416C 
 338      6C6F6341 
 338      6C69676E 
 338      656400
 339 0050 00       		.ascii	"\000"
 340 0051 00       		.ascii	"\000"
 341 0052 00       		.ascii	"\000"
 342 0053 00000000 		.ascii	"\000\000\000\000\000\000\000\000"
 342      00000000 
 343 005b B9000000 		.ascii	"\271\000\000\000"
 344 005f 6368436F 		.ascii	"chCoreGetStatusX\000"
 344      72654765 
 344      74537461 
 344      74757358 
 344      00
 345 0070 00       		.ascii	"\000"
ARM GAS  C:\cygwin\tmp\ccTWkPbC.s 			page 26


 346 0071 00       		.ascii	"\000"
 347 0072 00       		.ascii	"\000"
 348 0073 00000000 		.ascii	"\000\000\000\000\000\000\000\000"
 348      00000000 
 349 007b BC000000 		.ascii	"\274\000\000\000"
 350 007f 5F5F6865 		.ascii	"__heap_base__\000"
 350      61705F62 
 350      6173655F 
 350      5F00
 351 008d 00       		.ascii	"\000"
 352 008e 02       		.ascii	"\002"
 353 008f 00       		.ascii	"\000"
 354 0090 00000000 		.ascii	"\000\000\000\000\000\000\000\000"
 354      00000000 
 355 0098 CA000000 		.ascii	"\312\000\000\000"
 356 009c 5F5F6865 		.ascii	"__heap_end__\000"
 356      61705F65 
 356      6E645F5F 
 356      00
 357 00a9 00       		.ascii	"\000"
 358 00aa 02       		.ascii	"\002"
 359 00ab 00       		.ascii	"\000"
 360 00ac 00000000 		.ascii	"\000\000\000\000\000\000\000\000"
 360      00000000 
 361 00b4 CE000000 		.ascii	"\316\000\000\000"
 362              		.text
 363              		.section	.gnu.lto_.opts,"",%progbits
 364 0000 272D666D 		.ascii	"'-fmath-errno' '-fsigned-zeros' '-ftrapping-math' '"
 364      6174682D 
 364      6572726E 
 364      6F272027 
 364      2D667369 
 365 0033 2D666E6F 		.ascii	"-fno-trapv' '-fno-openmp' '-fno-openacc' '-mcpu=cor"
 365      2D747261 
 365      70762720 
 365      272D666E 
 365      6F2D6F70 
 366 0066 7465782D 		.ascii	"tex-m3' '-mno-thumb-interwork' '-mthumb' '-ggdb' '-"
 366      6D332720 
 366      272D6D6E 
 366      6F2D7468 
 366      756D622D 
 367 0099 4F322720 		.ascii	"O2' '-fomit-frame-pointer' '-falign-functions=16' '"
 367      272D666F 
 367      6D69742D 
 367      6672616D 
 367      652D706F 
 368 00cc 2D666675 		.ascii	"-ffunction-sections' '-fdata-sections' '-fno-common"
 368      6E637469 
 368      6F6E2D73 
 368      65637469 
 368      6F6E7327 
 369 00ff 2720272D 		.ascii	"' '-flto'\000"
 369      666C746F 
 369      2700
 370              		.text
 371              		.comm	__gnu_lto_v1,1,1
ARM GAS  C:\cygwin\tmp\ccTWkPbC.s 			page 27


 372              		.comm	__gnu_lto_slim,1,1
 373              		.ident	"GCC: (GNU Tools for ARM Embedded Processors) 5.4.1 20160919 (release) [ARM/embedded-5-bran
ARM GAS  C:\cygwin\tmp\ccTWkPbC.s 			page 28


DEFINED SYMBOLS
                            *ABS*:00000000 chmemcore.c
                            *COM*:00000001 __gnu_lto_v1
                            *COM*:00000001 __gnu_lto_slim

NO UNDEFINED SYMBOLS
