ARM GAS  C:\cygwin\tmp\cc2LjER8.s 			page 1


   1              		.syntax unified
   2              		.cpu cortex-m3
   3              		.fpu softvfp
   4              		.eabi_attribute 20, 1
   5              		.eabi_attribute 21, 1
   6              		.eabi_attribute 23, 3
   7              		.eabi_attribute 24, 1
   8              		.eabi_attribute 25, 1
   9              		.eabi_attribute 26, 1
  10              		.eabi_attribute 30, 2
  11              		.eabi_attribute 34, 1
  12              		.eabi_attribute 18, 4
  13              		.thumb
  14              		.syntax unified
  15              		.file	"chmsg.c"
  16              		.text
  17              	.Ltext0:
  18              		.section	.gnu.lto_.profile.2d26f088,"",%progbits
  19 0000 789C6361 		.ascii	"x\234ca`d`a`\000\222~\352\000\001-\000\200"
  19      60646061 
  19      6000927E 
  19      EA00012D 
  19      0080
  20              		.text
  21              		.section	.gnu.lto_.icf.2d26f088,"",%progbits
  22 0000 789C6361 		.ascii	"x\234ca`d\000\001\021\006\004`fx}\346\3676&\246/\023"
  22      60640001 
  22      11060460 
  22      66787DE6 
  22      F73626A6 
  23 0016 D71E6566 		.ascii	"\327\036ef\376vg\331\0366\006\000j\273\011\300"
  23      FE7667D9 
  23      1E360600 
  23      6ABB09C0 
  24              		.text
  25              		.section	.gnu.lto_.jmpfuncs.2d26f088,"",%progbits
  26 0000 789C6361 		.ascii	"x\234ca`d\000\201P\006\004`f`bdd\256\257gb\374\313\304"
  26      60640081 
  26      50060460 
  26      66606264 
  26      64AEAF67 
  27 0018 F8FBC594 		.ascii	"\370\373\305\224\233\214_\230Z\231\031\030y\030\227"
  27      9B8C5F98 
  27      5A991918 
  27      791897
  28 0027 33CA3030 		.ascii	"3\3120001U\202T1\001\021H\301\337;\215\377\230 \012"
  28      30315582 
  28      54310111 
  28      48C1DF3B 
  28      8DFF9820 
  29 003c F8185780 		.ascii	"\370\030W\200\0240\203\26432\262@\325U\202m\000\000"
  29      143083B4 
  29      3332B240 
  29      D555826D 
  29      0000
  30 004e 503C103D 		.ascii	"P<\020="
  31              		.text
ARM GAS  C:\cygwin\tmp\cc2LjER8.s 			page 2


  32              		.section	.gnu.lto_.inline.2d26f088,"",%progbits
  33 0000 789C6361 		.ascii	"x\234ca`d\000\2018\006\004`f`\020\221addP\000J1\211"
  33      60640081 
  33      38060460 
  33      66601091 
  33      61646450 
  34 0018 DFD8CCC8 		.ascii	"\337\330\314\310\300y\303\214\011$\303\304\315\000T"
  34      C079C38C 
  34      0924C3C4 
  34      CD0054
  35 0027 0F2627F8 		.ascii	"\017&'\37011\010\362\0039\022\007v32\260-\220GR\300"
  35      313108F2 
  35      03391207 
  35      763332B0 
  35      2D904752 
  36 003c CCC02100 		.ascii	"\314\300!\000\224aY \017\227`\346\001JN\360\233\340"
  36      94615920 
  36      0F9760E6 
  36      014A4EF0 
  36      9BE0
  37 004e C70000EF 		.ascii	"\307\000\000\357,\012u"
  37      2C0A75
  38              		.text
  39              		.section	.gnu.lto_.pureconst.2d26f088,"",%progbits
  40 0000 789C6361 		.ascii	"x\234ca`d\340b```f\330\305\310\264\213\221y\027#\000"
  40      6064E062 
  40      60606066 
  40      D8C5C8B4 
  40      8B917917 
  41 0016 0C1B0249 		.ascii	"\014\033\002I"
  42              		.text
  43              		.section	.gnu.lto_chMsgSend.2d26f088,"",%progbits
  44 0000 789C9555 		.ascii	"x\234\225UmLSg\024~\317}o\333\333\026(\233\177\226\305"
  44      6D4C5367 
  44      147ECF7D 
  44      6FDBDB16 
  44      289B7F96 
  45 0015 C5B28510 		.ascii	"\305\262\205\0203\307\335\242\311f\226lY\374\265\037"
  45      33C7DDA2 
  45      C966966C 
  45      59FCB51F 
  46 0025 6C892CD9 		.ascii	"l\211,\331O\243\265\021\022+\320\242\321d\013\227\217"
  46      4FA3B511 
  46      122BD0A2 
  46      D1640B97 
  46      8F
  47 0036 8A64CBA2 		.ascii	"\212d\313\242\031\032\020M\263\015\342\267\202\312\264"
  47      191A104D 
  47      B30DE2B7 
  47      82CAB4
  48 0045 A8ACA87C 		.ascii	"\250\254\250|LQDd~\300\004Q\012\210f2\267\251\233\264"
  48      4C514464 
  48      7EC00451 
  48      0A886632 
  48      B7A99BB4 
  49 0059 3BE7BD17 		.ascii	";\347\275\027\204\026t\273\011\364\336\367=\347<\347"
  49      841674BB 
ARM GAS  C:\cygwin\tmp\cc2LjER8.s 			page 3


  49      09F4DEF7 
  49      3DE73CE7 
  50 0069 3CCF79DF 		.ascii	"<\317y\337#3`\364\004\254\214=\301\337E\370\007&\006"
  50      233360F4 
  50      04AC8C3D 
  50      C1DF45F8 
  50      072606
  51 007c D2E68B8C 		.ascii	"\322\346\213\214\025*\222\304[\034L\263\311\347>`Z\002"
  51      152A92C4 
  51      5B1C4CB3 
  51      C9E73E60 
  51      5A02
  52 008e 07595F96 		.ascii	"\007Y_\226\001\350ES\200\025H\\\206\002\370S\032\227"
  52      01E84553 
  52      8015485C 
  52      8602F853 
  52      1A97
  53 00a0 A0B3A476 		.ascii	"\240\263\244v\007\377C\362s\0062~\216]\330~;\211>\001"
  53      07FF43F2 
  53      7306327E 
  53      8E5DD87E 
  53      3B893E01 
  54 00b4 9CF87927 		.ascii	"\234\370y'\270\361\276<\177\227\206O\377\340\350{\225"
  54      B8F1BE3C 
  54      7F97864F 
  54      FFE0E87B 
  54      95
  55 00c5 BB43B29F 		.ascii	"\273C\262\237K,*1\330\015sa\027\314%\354=0\037m\317"
  55      4B2C2A31 
  55      D80D7361 
  55      17CC25EC 
  55      3D301F6D 
  56 00da 0E3EBD6C 		.ascii	"\016>\275l\347N`\370\276cW\177\2655\255F\323\2124\355"
  56      E74E60F8 
  56      BE63577F 
  56      B535AD46 
  56      D38A34ED 
  57 00ee D14ACDEA 		.ascii	"\321J\315\352\347\034\366\002\237\352\207K\014\366A"
  57      E71CF602 
  57      9FEA874B 
  57      0CF641
  58 00fd 1A5AB7D7 		.ascii	"\032Z\267\327\006\257\312\374\015\341Y>:t\315A\236\370"
  58      06AFCAFC 
  58      0DE1593E 
  58      3A74CD41 
  58      9EF8
  59 010f 54B9C953 		.ascii	"T\271\311S\202\375\261\236\370q\000\322\310\274=r\264"
  59      82FDB19E 
  59      F87100D2 
  59      C8BC3D72 
  59      B4
  60 0120 C3C6D384 		.ascii	"\303\306\323\204\353\376\373\315O\315\251?\020hh\254"
  60      EBFEFBCD 
  60      4FCDA93F 
  60      106868AC 
  61 0130 25A9520B 		.ascii	"%\251R\013\2258\011\370\340twz\320z\240.\2625\321\\"
  61      953809F8 
ARM GAS  C:\cygwin\tmp\cc2LjER8.s 			page 4


  61      E074777A 
  61      D07AA02E 
  61      B235D15C 
  62 0144 42384E38 		.ascii	"B8N8\004\251e\234Q]XN-\230\221`\240\305CKCZ4Z\254\205"
  62      04A9659C 
  62      515D584E 
  62      2D989160 
  62      A0C5434B 
  63 015e FACC371E 		.ascii	"\372\3147\036?T\346`\312\270j\002\202\267\000\245\257"
  63      3F54E660 
  63      CAB86A02 
  63      82B700A5 
  63      AF
  64 016f 603AB20D 		.ascii	"`:\262\015\377\231\022ER\016Q\030{\200\221\210\3561"
  64      FF991245 
  64      520E5118 
  64      7B809188 
  64      EE31
  65 0181 49A25F1E 		.ascii	"I\242_\036\206\242\206\272\336NN\301\2139G\374m\376"
  65      86A286BA 
  65      DE4E4EC1 
  65      8B3947FC 
  65      6DFE
  66 0193 D31D1662 		.ascii	"\323\035\026b\332,\222\017\006\357\365X\012\306\265"
  66      DA2C920F 
  66      06EFF558 
  66      0AC6B5
  67 01a2 4D9A968C 		.ascii	"M\232\226\214ke\034D\226w\333\273\317\332\002\260\263"
  67      6B651C44 
  67      9677DBBB 
  67      CFDA02B0 
  67      B3
  68 01b3 5013EB16 		.ascii	"P\023\353\0268\214\302\325Q\025\270\371\315\361\332"
  68      388CC2D5 
  68      5115B8F9 
  68      CDF1DA
  69 01c2 32453D20 		.ascii	"2E= \270\372\334\317\0258\002\001\210HF\201\315_wV+"
  69      B8FADCCF 
  69      15380201 
  69      88484681 
  69      CD5F7756 
  70 01d7 EA5BC4C0 		.ascii	"\352[\304\300QP#\0225\015\324\203\312\006\240H{_T\211"
  70      51502312 
  70      350DD483 
  70      CA06A048 
  70      7B5F5489 
  71 01eb B56032B4 		.ascii	"\265`2\264\220L\036C'K\257\000\177S\344S\337x\255\302"
  71      904C1E43 
  71      274BAF00 
  71      7F53E453 
  71      DF78ADC2 
  72 01ff A693D9DF 		.ascii	"\246\223\331\337\265'\243\251f\243\266\271P\361s+\374"
  72      B527A3A9 
  72      66A3B6B9 
  72      50F1732B 
  72      FC
  73 0210 184F271C 		.ascii	"\030O'\034\203T\364)\035\321N\311T\222\025\234p\034"
ARM GAS  C:\cygwin\tmp\cc2LjER8.s 			page 5


  73      8354F429 
  73      1DD14EC9 
  73      5492159C 
  73      701C
  74 0222 F786A068 		.ascii	"\367\206\240h\340\333\322\366E\323\351\016\225\335\004"
  74      E0DBD2F6 
  74      45D3E90E 
  74      95DD04
  75 0231 C1725482 		.ascii	"\301rT\202\030%B\365[\037S+\007iS\212\335\254\351\252"
  75      182542F5 
  75      5B1F532B 
  75      0769538A 
  75      DDACE9AA 
  76 0245 02202C06 		.ascii	"\002 ,\006\015d\300cudp\002\314\230\316IR\020\3301\300"
  76      0D64C063 
  76      75647002 
  76      CC98CE49 
  76      5210D831 
  77 025a FDEF0387 		.ascii	"\375\357\003\207\037\333R\332 \240U`7\330\310\345\300"
  77      1FDB52DA 
  77      20A05560 
  77      37D8C8E5 
  77      C0
  78 026b ED139A22 		.ascii	"\355\023\232\"#Op\012R\004W\017\356]\351\221p\005\032"
  78      234F700A 
  78      5204570F 
  78      EE5DE991 
  78      70051A
  79 027e 41169933 		.ascii	"A\026\2313\370I\234\207\335\215g\006\023R\316\033\336"
  79      F8499C87 
  79      DD8D6706 
  79      1352CE1B 
  79      DE
  80 028f 76B2FDFD 		.ascii	"v\262\375\375\340\341n\273\360\016\22174\201\214\014"
  80      E0E16EBB 
  80      F00E9137 
  80      34818C0C 
  81 029f 4A8204C6 		.ascii	"J\202\004\306P\350\355\301\221\252\317\250\276\251*"
  81      50E8EDC1 
  81      91AACFA8 
  81      BEA92A
  82 02ae 7351EAA3 		.ascii	"sQ\352\243\326s\233\022\0149\265D?O@\372\341\264!g\315"
  82      D6739B12 
  82      0C39B544 
  82      3F4F40FA 
  82      E1B42167 
  83 02c3 9DA28316 		.ascii	"\235\242\203\026\022,\021\316\010!%]\310\256\315Z\005"
  83      122C11CE 
  83      0821255D 
  83      C8AECD5A 
  83      05
  84 02d4 18322FA4 		.ascii	"\0302/\244\363p\226\344\344\304{3\250\305\334D\240\177"
  84      F37096E4 
  84      E4C47B33 
  84      A8C5DC44 
  84      A07F
  85 02e6 97FE5565 		.ascii	"\227\376Ue\326\273K\231\002\004\002\303\022\217\221"
ARM GAS  C:\cygwin\tmp\cc2LjER8.s 			page 6


  85      D6BB4B99 
  85      020402C3 
  85      128F91
  86 02f5 042D0243 		.ascii	"\004-\002C\3261z\252\233\252\355\005_b/C+\266\010\203"
  86      D6317AAA 
  86      9BAAED05 
  86      5F622F43 
  86      2BB60883 
  87 0309 3628A0AA 		.ascii	"6(\240\252\2142\012\367U\355H0\216V_\013\237<Z{g\350"
  87      8C320AF7 
  87      55ED4830 
  87      8E565F0B 
  87      9F3C5A7B 
  88 031f 859F279B 		.ascii	"\205\237'\233*4\336\002F\200\336\252\233\021+\357\002"
  88      2A34DE02 
  88      4680DEAA 
  88      9B112BEF 
  88      02
  89 0330 C1C2197F 		.ascii	"\301\302\031\177S\221%.\232\014\347f\210v\236\242)\202"
  89      5391252E 
  89      9A0CE766 
  89      88769EA2 
  89      2982
  90 0342 D627578F 		.ascii	"\326'W\217\0047\316\213\351\211\257\372\336!\033B5z"
  90      0437CE8B 
  90      E989AFFA 
  90      DE211B42 
  90      357A
  91 0354 4A8EEF8A 		.ascii	"J\216\357\212v\321\025\027D&S%H\236Q\001\301t\177\337"
  91      76D11517 
  91      44265325 
  91      489E5101 
  91      C1747FDF 
  92 0368 4577A58D 		.ascii	"Ew\245\215x\272(x2\351Qb\344XL$t\220\034f}\037.\221"
  92      78BA2878 
  92      32E95162 
  92      E4584C24 
  92      74901C66 
  93 0380 2222DF86 		.ascii	"\"\"\337\206\272p\3456 \324b\356@\277pya\024\250\025"
  93      BA70E536 
  93      20D462EE 
  93      40BF7079 
  93      6114A815 
  94 0394 6458809F 		.ascii	"dX\200\237\335\035\027*\354\317\362H\"\225:\215<\206"
  94      DD1D172A 
  94      ECCFF248 
  94      22953A8D 
  94      3C86
  95 03a6 DACA87B9 		.ascii	"\332\312\207\271~t/\013t\213\021\275\013\265\301\320"
  95      7E742F0B 
  95      748B11BD 
  95      0BB5C1D0 
  96 03b6 DBBE9BF7 		.ascii	"\333\276\233\367\377\252\321\354T\311\225\027U\322M"
  96      FFAAD1EC 
  96      54C99517 
  96      55D24D
  97 03c5 954C60FD 		.ascii	"\225L`\375B\2258\004\363c\341\312/f\005t\314\010\230"
ARM GAS  C:\cygwin\tmp\cc2LjER8.s 			page 7


  97      42953804 
  97      F363E1CA 
  97      2F660574 
  97      CC0898
  98 03d8 4980579F 		.ascii	"I\200W\237\003\230G\200\327\246Rw\235\000\271\000\254"
  98      03984780 
  98      D7A65277 
  98      9D00B900 
  98      AC
  99 03e9 1B9A047C 		.ascii	"\033\232\004|1Oz\274D\212wc\032[=z@\354\304\376\346"
  99      314F7ABC 
  99      448A7763 
  99      1A5B3D7A 
  99      40ECC4FE 
 100 03fe DF5E1137 		.ascii	"\337^\0217\036\265\311D_S\337\210\003\3330\326\267\305"
 100      1EB5C944 
 100      5F53DF88 
 100      03DB30D6 
 100      B7C5
 101 0410 B8996DFF 		.ascii	"\270\231m\377\345\3548\240W\340(\324\240\277\242$\267"
 101      E5EC38A0 
 101      57E028D4 
 101      A0BFA224 
 101      B7
 102 0421 A0E446F1 		.ascii	"\240\344F\361\253\317\"\214\367\026F$\222\332\004Ip"
 102      ABCF228C 
 102      F7164624 
 102      92DA0449 
 102      70
 103 0432 D368E531 		.ascii	"\323h\3451<\262-\016>\014%\241-\255\"\201\370{?9\212"
 103      3CB22D0E 
 103      3E0C25A1 
 103      2DAD2281 
 103      F87B3F39 
 104 0447 6C31E8C3 		.ascii	"l1\350\303\303\207\310~\376\222\360\223\305\010!\307"
 104      C387C87E 
 104      FE92F093 
 104      C50821C7 
 105 0457 ADAD30B3 		.ascii	"\255\2550\263\343\313Q\211Z\274\037\035q\357\237\341"
 105      E3CB5189 
 105      5ABC1F1D 
 105      71EF9FE1 
 106 0467 F2EBA0E3 		.ascii	"\362\353\240\343'\300-\230\353\347s\364:\007\363\364"
 106      27C02D98 
 106      EBE773F4 
 106      3A07F3F4 
 107 0477 241363EF 		.ascii	"$\023c\357\242\305l\366\313h`\266\313\350C\272\214n"
 107      A2C56CF6 
 107      CB6860B6 
 107      CBE843BA 
 107      8C6E
 108 0489 93845662 		.ascii	"\223\204Vb\342\2161[\034\202\\\234\205\21039[\246\315"
 108      E28E315B 
 108      1C825C9C 
 108      85883339 
 108      5BA6CD
 109 049c 93914F5E 		.ascii	"\223\221O^0O\006\305<\231\274<\255x\233\207\2373O\302"
ARM GAS  C:\cygwin\tmp\cc2LjER8.s 			page 8


 109      304F06C5 
 109      3C99BC3C 
 109      AD789B87 
 109      9F334FC2 
 110 04b0 13F3C412 		.ascii	"\023\363\304\022\177\366\207\350\354\307M\231\000\365"
 110      7FF687E8 
 110      ECC74D99 
 110      00F5
 111 04be C730B928 		.ascii	"\3070\271(qSft'N\231A\272OFf\2312w\305}2:e\312D\002"
 111      71536674 
 111      274E9941 
 111      BA4F4666 
 111      993277C5 
 112 04d9 B71AED13 		.ascii	"\267\032\355\023\003$,\006\310=1@b\247\305\375\211i"
 112      03242C06 
 112      C83D3140 
 112      62A7C5FD 
 112      8969
 113 04eb 4100EC2E 		.ascii	"A\000\354.\265\346\303K`\250B\265?\300\241\210r\243"
 113      B5E6C34B 
 113      60A842B5 
 113      3FC0A188 
 113      72A3
 114 04fd C76BE9E9 		.ascii	"\307k\351\351\352\222\254\354\025\331\237f\2529>\325"
 114      EA92ACEC 
 114      15D99F66 
 114      AA393ED5 
 115 050d 9BAFFABC 		.ascii	"\233\257\372\274.\325\225\345\361\255Jw1)?\227\343\033"
 115      2ED595E5 
 115      F1AD4A77 
 115      31293F97 
 115      E31B
 116 051f 77E5E79A 		.ascii	"w\345\347\232\326-_\275\326\255N7w\345x<9k\324\334\034"
 116      D62D5FBD 
 116      D6AD4E37 
 116      77E5783C 
 116      396BD4DC 
 117 0534 6FBE4FFD 		.ascii	"o\276O\375hi\306\222\214\365\350\353\312\361\272\227"
 117      6869C692 
 117      8CF5E8EB 
 117      CAF1BA97 
 118 0544 AD7BD793 		.ascii	"\255{\327\223\236\305\026\316h\357^\237\257.\311\310"
 118      9EC516CE 
 118      68EF5E9F 
 118      AF2EC9C8 
 119 0554 FC3853CD 		.ascii	"\3748S\315^\343Z\275v\245[uy|\331\276e\253\\.\364I\211"
 119      5EE35ABD 
 119      76A55B75 
 119      797CD9BE 
 119      65AB5C2E 
 120 056b 4B69D22A 		.ascii	"Ki\322*\313\267\301\207\026\311\031\231K\235+\226\373"
 120      CBB7C187 
 120      16C91999 
 120      4B9D2B96 
 120      FB
 121 057c DCB9DEEC 		.ascii	"\334\271\336\354\005\316\324\267\231\344e\026\217\333"
 121      05CED4B7 
ARM GAS  C:\cygwin\tmp\cc2LjER8.s 			page 9


 121      99E46516 
 121      8FDB
 122 058a 93E3DDC0 		.ascii	"\223\343\335\300x~^\356\353\317\213\340\312Z\211!\376"
 122      787E5EEE 
 122      EBCF8BE0 
 122      CA5A8921 
 122      FE
 123 059b 05B8E28A 		.ascii	"\005\270\342\212\377"
 123      FF
 124              		.text
 125              		.section	.gnu.lto_chMsgWait.2d26f088,"",%progbits
 126 0000 789C9555 		.ascii	"x\234\225U]L\024W\024\276g\356\354\316\302.\224\244"
 126      5D4C1457 
 126      14BE67EE 
 126      ECCEC22E 
 126      94A4
 127 0012 6F0D4D96 		.ascii	"o\015M\2266<\230(\243i\233\246\351S\343K\373@\233H\232"
 127      363C9828 
 127      A3699BA6 
 127      E953E34B 
 127      FB409B48 
 128 0027 36E983D1 		.ascii	"6\351\203\321\225\010\211+\270\213F\343\003w\027V%m"
 128      9508892B 
 128      B88B46E3 
 128      03771756 
 128      256D
 129 0039 5A6DAC01 		.ascii	"Zm\254\001\321l\352O\324ZA\240V\001\305EP\254\212\026"
 129      D16CEA4F 
 129      D45A41A0 
 129      5601C545 
 129      50AC8A16 
 130 004d 845685CA 		.ascii	"\204V\205\312\217\254(\265\006ZH\265-\273=\347\316,"
 130      8FAC28B5 
 130      065A48B5 
 130      2DBB3DE7 
 130      CE2C
 131 005f CA2CA5BA 		.ascii	"\312,\245\272\017\263w\346\236s\276s\276\363\335{T\006"
 131      0FB377E6 
 131      9E73BE73 
 131      BEF3DD7B 
 131      5406
 132 0071 8C7E5FA7 		.ascii	"\214~_\2470\366\".\337\3005\330\030(\333\2572\026p("
 132      30F6222E 
 132      DFC035D8 
 132      1828DBAF 
 132      32167028 
 133 0085 0A9FD298 		.ascii	"\012\237\322\230HU\253/0&\\\034T\343\273\012@\013\341"
 133      4855AB2F 
 133      30265C1C 
 133      54E3BB0A 
 133      400BE1
 134 0098 0056AA70 		.ascii	"\000V\252p\025JaJ\231V\240\253\374\370\036>\251\204"
 134      154A614A 
 134      9956A0AB 
 134      FCF81E3E 
 134      A984
 135 00aa 3803155F 		.ascii	"8\003\025_':w\337I\247W\0007\276V\213\356\012m\301!"
ARM GAS  C:\cygwin\tmp\cc2LjER8.s 			page 10


 135      273A77DF 
 135      49A75700 
 135      37BE568B 
 135      EE0A6DC1 
 136 00bf 21826230 		.ascii	"!\202b0\372\367\307;\312B\357\206\270\302\342\012\203"
 136      FAF7C73B 
 136      CA42EF86 
 136      B8C2E20A 
 136      83
 137 00d0 C3900987 		.ascii	"\303\220\011\207 \223\300\217\300\002\206\306\355\321"
 137      2093C08F 
 137      C00286C6 
 137      EDD1
 138 00de 7FBA9DDC 		.ascii	"\177\272\235\334\015\264\016\034\255\336\343\312\336"
 138      0DB40E1C 
 138      ADDEE3CA 
 138      DE
 139 00eb 4F8E9189 		.ascii	"O\216\221\211\216\364*\021)w\243'|\003|\2663#\353\341"
 139      8EF42A11 
 139      2977A327 
 139      7C037CB6 
 139      3323EBE1 
 140 00ff BAD85769 		.ascii	"\272\330Wi\366r\201?7\034\205l\002\300\270\337\202\035"
 140      F672813F 
 140      371C856C 
 140      02C0B8DF 
 140      821D
 141 0111 EB03FA52 		.ascii	"\353\003\372R\273,\"\342\3612\021\031\320\232\037\355"
 141      BB2C22E2 
 141      F1321119 
 141      D09A1FED 
 142 0121 4BC9E00C 		.ascii	"K\311\340\014\243\251\364\260\321C\243\207\003\037\334"
 142      A3A9F4B0 
 142      D143A387 
 142      031FDC
 143 0130 C9C8DC45 		.ascii	"\311\310\334EK\306\3061\014\025=\241(\364\317\207!\230"
 143      4BC6C631 
 143      0C153DA1 
 143      28F4CF87 
 143      2198
 144 0142 4178A3A7 		.ascii	"Ax\243\247\267\366\000\177Ufz\242\345Fe\252\221\351"
 144      B7F6007F 
 144      55667AA2 
 144      E54665AA 
 144      91E9
 145 0154 60C391DC 		.ascii	"`\303\221\334\326\203[\304\366\200#\204\014\035K\316"
 145      D6835BC4 
 145      F6802384 
 145      0C1D4BCE 
 146 0164 156A201B 		.ascii	"\025j \033}\266\336\027gTbI\0057\324\342\336(\004\207"
 146      7DB6DE17 
 146      67546249 
 146      0537D4E2 
 146      DE280487 
 147 0178 FFD872E5 		.ascii	"\377\330r\345\365\331\265D*\246AV\021W\300Rfdj\347#"
 147      F5D9B544 
 147      2AA64156 
ARM GAS  C:\cygwin\tmp\cc2LjER8.s 			page 11


 147      1157C052 
 147      66646AE7 
 148 018d 6ADA71DA 		.ascii	"j\332q\332T\254\233\321\356j\000\302bPG\006\334J\022"
 148      54AC9BD1 
 148      EE6A00C2 
 148      62504706 
 148      DC4A12
 149 01a0 837AB063 		.ascii	"\203z\260c:\015\304\020\260Z\300\375}\341\372G\251Y"
 149      3A0DC410 
 149      B05AC0FD 
 149      7DE1FA47 
 149      A959
 150 01b2 11088B4A 		.ascii	"\021\010\213J\244\332F.\307\3564\013\207\212$\300w\220"
 150      A4DA462E 
 150      C7EE340B 
 150      878A24C0 
 150      7790
 151 01c4 25991E7F 		.ascii	"%\231\036\177\320\323\247\340\0278\001\252\314\234\301"
 151      D0D3A7E0 
 151      173801AA 
 151      CC9CC1
 152 01d3 F7B2F187 		.ascii	"\367\262\361\207[\332\242\256\2546\323\333N\266\277"
 152      5BDAA2AE 
 152      AC36D3DB 
 152      4EB6BF
 153 01e2 D7D4F73A 		.ascii	"\327\324\367:\245\367I\362\206S\240\262aP$\011\214\335"
 153      A5F749F2 
 153      8653A0B2 
 153      61502409 
 153      8CDD
 154 01f4 856053E3 		.ascii	"\205`S\343\315\360b\252\257\214S\210]\241s\3274bE\223"
 154      CDF062AA 
 154      AF8C5388 
 154      5DA173D7 
 154      34624593 
 155 0208 D536363E 		.ascii	"\32566>\350\323J\247\3056!2\360[\0057z=v\245\267=5\014"
 155      E8D34AA7 
 155      C5362132 
 155      F05B0537 
 155      7A3D76A5 
 156 0220 7B03427E 		.ascii	"{\003B~w@\023J\261\2212\301\315\317O\035\257p\350\307"
 156      7740134A 
 156      B19132C1 
 156      CDCF4F1D 
 156      AF70E8C7 
 157 0234 A846B12E 		.ascii	"\250F\261.\304S\240\031\302\020SL\231\234\377\254\353"
 157      C453A019 
 157      C210534C 
 157      999CFFAC 
 157      EB
 158 0245 40627709 		.ascii	"@bw\011\251\3514\3501\205N\003\234\001\235r\243d,\352"
 158      A9E934E8 
 158      31854E03 
 158      9C019D72 
 158      A3642CEA 
 159 0259 1BE8489B 		.ascii	"\033\350H\233O}\320\002\331\230\276,\347qg\303\211I"
 159      4F7DD002 
ARM GAS  C:\cygwin\tmp\cc2LjER8.s 			page 12


 159      D998BE2C 
 159      E77167C3 
 159      8949
 160 026b B0F4E2F2 		.ascii	"\260\364\342\362t\000{\321B\275\220\235T\223{qV\366"
 160      74007BD1 
 160      42BD909D 
 160      54937B71 
 160      56F6
 161 027d 22423CD8 		.ascii	"\"B<\330\236\346\301\350\372\237\035\227\266\271\236"
 161      9EE6C1E8 
 161      FA9F1D97 
 161      B6B99E
 162 028c 149C8A68 		.ascii	"\024\234\212h\320j\326{p$X\243\031\025\015\236\274\372"
 162      D06AD67B 
 162      702458A3 
 162      19150D9E 
 162      BCFA
 163 029e 619D2DC4 		.ascii	"a\235-\304\235pN\326\254\030q\321\350\372vQ\011f\331"
 163      9D704ED6 
 163      AC1871D1 
 163      E8FA7651 
 163      0966D9
 164 02b1 9B296A1B 		.ascii	"\233)j\033\225\315\215}h\307\3121\371\277\266\366\330"
 164      95CD8D7D 
 164      68C7CA31 
 164      F9BFB6F6 
 164      D8
 165 02c2 8D145CCF 		.ascii	"\215\024\\\317\216)\372\200\000\317[\000\373\016\264"
 165      8E29FA80 
 165      00CF5B00 
 165      FB0EB4
 166 02d1 1E7062E7 		.ascii	"\036pb\347\350\327\213\026\034.\200n\240u@)\362\034"
 166      E8D78B16 
 166      1C2E806E 
 166      A0754029 
 166      F21C
 167 02e3 1C8CC622 		.ascii	"\034\214\306\" \317'\021\303\206\240\374V\331K\206\022"
 167      20CF2711 
 167      C386A0FC 
 167      56D94B86 
 167      12
 168 02f4 6C988164 		.ascii	"l\230\201dv\002S\234\322\370=(\217<\356\220\235IV\205"
 168      7602539C 
 168      D2F83D28 
 168      8F3CEE90 
 168      9D495685 
 169 0308 2B8EE797 		.ascii	"+\216\347\227\301E\214\212{\323\375\201\230B\304\245"
 169      C1458C8A 
 169      7BD3FD81 
 169      9842C4A5 
 170 0318 413AFC00 		.ascii	"A:\374\000\231!\236.\343\250\362\360R\207\352\342u\232"
 170      99219E2E 
 170      E3A8F2F0 
 170      5287EAE2 
 170      759A
 171 032a 01A33D87 		.ascii	"\001\243=\207\302.%)l\021i\353r\262\266\026\021\275"
 171      C22E2529 
ARM GAS  C:\cygwin\tmp\cc2LjER8.s 			page 13


 171      6C1169EB 
 171      72B2B616 
 171      11BD
 172 033c 576654D5 		.ascii	"WfT\325\231\340\266\035\014T\207\205[\261\003\230\244"
 172      99E0B61D 
 172      0C548785 
 172      5BB10398 
 172      A4
 173 034d 57B3D0BB 		.ascii	"W\263\320\273\210x\275j\362\312\254\244.!N\257ap\006"
 173      8878BD6A 
 173      F2CAACA4 
 173      2E214EAF 
 173      617006
 174 0360 3F4A4213 		.ascii	"?JB\023\302\355\257\276\035K\341\277\201\024N[\2505"
 174      C2EDAFBE 
 174      1D4BE1BF 
 174      81144E5B 
 174      A835
 175 0372 A825A998 		.ascii	"\250%\251\230C\327\034*\356&\025;\014\025O\356o\276"
 175      43D71C2A 
 175      EE26153B 
 175      0C154FEE 
 175      6FBE
 176 0384 906E51F1 		.ascii	"\220nQ\361\247\361\025dcj\330n\271\242\007\257\177\341"
 176      A7F11564 
 176      636AD86E 
 176      B9A207AF 
 176      7FE1
 177 0396 AD6A1A11 		.ascii	"\255j\032\021\342K\001\317xK\367P\260\353R\370\275\304"
 177      E24B01CF 
 177      784BF750 
 177      B0EB52F8 
 177      BDC4
 178 03a8 8C130DEE 		.ascii	"\214\023\015\356\356\014\304\201\372\307a!\276\366^"
 178      EE0CC481 
 178      FAC76121 
 178      BEF65E
 179 03b7 EBAC743E 		.ascii	"\353\254t>\351\203\223X\372\311di\364\342\316{\334\024"
 179      E9839358 
 179      FAC96469 
 179      F4E2CE7B 
 179      DC14
 180 03c9 E12704F9 		.ascii	"\341'\004\371\263\344\212\0331\341\206<\316A\3616\005"
 180      B3E48A1B 
 180      31E1863C 
 180      CE41F136 
 180      05
 181 03da 272C0490 		.ascii	"',\004\220\305\325=\254\252\004\003\221\317\251s\347"
 181      C5D53DAC 
 181      AA040391 
 181      CFA973E7 
 182 03ea 9C3ADF4C 		.ascii	"\234:\337L\355\270)!T\003\302r\256\252d\335\267\314"
 182      EDB82921 
 182      5403C272 
 182      AEAA64DD 
 182      B7CC
 183 03fc 832573E8 		.ascii	"\203%s\3503\232\277k(\223\360\236\243\2364\012\325?"
ARM GAS  C:\cygwin\tmp\cc2LjER8.s 			page 14


 183      339ABF6B 
 183      2893F09E 
 183      A39E340A 
 183      D53F
 184 040e AB9E5F40 		.ascii	"\253\236_@\307\204)\334\356\211\207U>3`r\366|\316\354"
 184      C78429DC 
 184      EE898755 
 184      3E336072 
 184      F67CCEEC 
 185 0422 DFA2EC6F 		.ascii	"\337\242\354o\317\223\375G\2048@\311\333L\300A\002t"
 185      CF93FD47 
 185      843840C9 
 185      DB4CC041 
 185      0274
 186 0434 C8A37A3E 		.ascii	"\310\243z>.\357h\331\376\204\324d\373f^\216\232\367"
 186      2EEF68D9 
 186      FE84D464 
 186      FB665E8E 
 186      9AF7
 187 0446 F9E478BC 		.ascii	"\371\344x\274\213\233J\234\245r\347\234\324\242\306"
 187      8B9B4A9C 
 187      A572E79C 
 187      D4A2C6
 188 0455 5F802199 		.ascii	"_\200!\231\226\23548\014:\356\355\037kl\263\031\207"
 188      969D3438 
 188      0C3AEEED 
 188      1F6B6CB3 
 188      1987
 189 0467 380DEEA0 		.ascii	"8\015\356\240Cb\350\316\032\264\367\337\377\237A;\""
 189      4362E8CE 
 189      1AB4F7DF 
 189      FF9F413B 
 189      22
 190 0478 07EDCC55 		.ascii	"\007\355\314U\252\342\230\213\3163h\333\025S\332Z\362"
 190      AAE2988B 
 190      CE3368DB 
 190      1553DA5A 
 190      F2
 191 0489 F57C9754 		.ascii	"\365|\227T\2324~\303D\323(\2718\222\306\357\330^\274"
 191      9A347EC3 
 191      44D328B9 
 191      3892C6EF 
 191      D85EBC
 192 049c F24748E1 		.ascii	"\362GH\341\367\376c\374\336\227\312\037{j\374\306\302"
 192      F7FE63FC 
 192      DE97CA1F 
 192      7B6AFCC6 
 192      C2
 193 04ad 432DCEC4 		.ascii	"C-\316\304d\215\312\311\372\253\234\254\3261\372 1F"
 193      648DCAC9 
 193      FAAB9CAC 
 193      D631FA20 
 193      3146
 194 04bf 09808D51 		.ascii	"\011\200\215Q\207\366u\231\367\213\223j\037\307\313"
 194      87F67599 
 194      F78B936A 
 194      1FC7CB
ARM GAS  C:\cygwin\tmp\cc2LjER8.s 			page 15


 195 04ce 072F3CF4 		.ascii	"\007/<\364x9'G_ZP\270\262\360\203<\275\310\257\373J"
 195      78392747 
 195      5F5A50B8 
 195      B2F0833C 
 195      BDC8AFFB 
 196 04e3 74BFCFA3 		.ascii	"t\277\317\243{\012\274\376\3259\036\246\224\024\333"
 196      7B0ABCFE 
 196      D5391EA6 
 196      9414DB
 197 04f2 36AC58B3 		.ascii	"6\254X\263>_\237m\346)\362z\213\326\352\305E\276\022"
 197      3E5F9F6D 
 197      E629F27A 
 197      8BD6EAC5 
 197      45BE12
 198 0505 BFFECEB2 		.ascii	"\277\376\316\262\334\245\271\033\321\307S\344\313_\276"
 198      DCA5B91B 
 198      D1C753E4 
 198      CB5FBE
 199 0514 E14D6F4E 		.ascii	"\341MoN\001{mN\373\374\215%\372\322\334\274\367\362"
 199      017B6D4E 
 199      FBFC8D25 
 199      FAD2DCBC 
 199      F7F2
 200 0526 F4C2B59E 		.ascii	"\364\302\265\2365\353W\345\353\036\257\277\320\277|"
 200      35EB57E5 
 200      EB1EAFBF 
 200      D0BF7C
 201 0535 B5C7833E 		.ascii	"\265\307\203>YI\251\314X\025\3707\371\321\"#7o\231{"
 201      5949A9CC 
 201      5815F837 
 201      F9D12223 
 201      376F997B 
 202 0549 E50A7F7E 		.ascii	"\345\012\177~\261\257p\241;{1S|L\363\346{\213|\233\346"
 202      B1AF70A1 
 202      3B7B3153 
 202      7C4CF3E6 
 202      7B8B7C9B 
 203 055e F5A6620A 		.ascii	"\365\246b\012\030/YW\374\312|\030\236\202Uh\366/?\253"
 203      182F5957 
 203      FCCA7C18 
 203      9E825568 
 203      F62F3FAB 
 204 0572 9FFB     		.ascii	"\237\373"
 205              		.text
 206              		.section	.gnu.lto_chMsgRelease.2d26f088,"",%progbits
 207 0000 789C8553 		.ascii	"x\234\205SYO\023Q\024>\347\336\351\202\270\360.&%\246"
 207      594F1351 
 207      143EE7DE 
 207      E982B8F0 
 207      2E2625A6 
 208 0014 21268691 		.ascii	"!&\206\221h\342\263\341\311\207j\002?\300\350\330\330"
 208      68E2B3E1 
 208      C9876A02 
 208      3FC0E8D8 
 208      D8
 209 0025 26D6920E 		.ascii	"&\326\222\016\032}\342\202\014\250O>\210q\3014.\004"
 209      1A7DE282 
ARM GAS  C:\cygwin\tmp\cc2LjER8.s 			page 16


 209      0CA84F3E 
 209      8871C134 
 209      2E04
 210 0037 1451C4B5 		.ascii	"\024Q\304\265\2020 \256q\211\212K\302K\305 n\017h\304"
 210      823020AE 
 210      71898A4B 
 210      C24BC520 
 210      6E0F68C4 
 211 004b 18B77ACE 		.ascii	"\030\267z\316\205\032i]n2\231\273|\337\271\337\371\346"
 211      851A695D 
 211      6E3299BB 
 211      7CDFB9DF 
 211      F9E6
 212 005d 1B031078 		.ascii	"\033\003\020x4\033\000\023\364\236O\017J@\261\373\036"
 212      341B0013 
 212      F49E4F0F 
 212      4A40B1FB 
 212      1E
 213 006e 409D5F20 		.ascii	"@\235_ \362D\371\021j\005\326\342\244\370.p\260\351"
 213      F244F911 
 213      6A05D6E2 
 213      A4F82E70 
 213      B0E9
 214 0080 654A2C6A 		.ascii	"eJ,jS4\322cm\345\252\335EG\002d\204\256\004\330\206"
 214      5334D263 
 214      6DE5AADD 
 214      45470264 
 214      84AE04D8 
 215 0095 8B08F5A0 		.ascii	"\213\010\365\240\241\253E~\024\216D4h\371\376\356\201"
 215      A1AB457E 
 215      148E4434 
 215      68F9FEEE 
 215      81
 216 00a6 17737929 		.ascii	"\027sy)0@\313\241\261o\017\013e\000\201\346-m\351c\005"
 216      3040CBA1 
 216      B16F0F0B 
 216      650081E6 
 216      2D6DE963 
 217 00bb A5AD4AD5 		.ascii	"\245\255J\325+\365u\275*p\244\304\023(\251\036\036\307"
 217      2BF575BD 
 217      2A70A4C4 
 217      1328A91E 
 217      1EC7
 218 00cd 626CC762 		.ascii	"bl\307b\240-\300\016,%\364\235\256\324SC.\324\314=o"
 218      A02DC00E 
 218      2C25F49D 
 218      AED45343 
 218      2ED4CC3D 
 219 00e2 C79FCD63 		.ascii	"\307\237\315c&\215d\230\231\006\236\314e\032\200\235"
 219      268D6498 
 219      99069ECC 
 219      651A809D 
 220 00f2 58CAF0D1 		.ascii	"X\312\360\3213?\232\347x\033\030\035\330\231U\214\247"
 220      333F9AE7 
 220      781B181D 
 220      D899558C 
 220      A7
ARM GAS  C:\cygwin\tmp\cc2LjER8.s 			page 17


 221 0103 D0CB1E9C 		.ascii	"\320\313\036\234\256tU&\263]\251Tyg\320G\252\351:\003"
 221      AE745526 
 221      B35DA954 
 221      7967D047 
 221      AAE93A03 
 222 0117 35152608 		.ascii	"5\025&\010\310>\274\027\202\337r\024\353\213\270\340"
 222      C83EBC17 
 222      82DF7214 
 222      EB8BB8E0 
 223 0127 786FD330 		.ascii	"xo\3230\312R\255\345|\337\263}\263\202G\271\213t\317"
 223      CA52ADE5 
 223      7CDFB37D 
 223      B38247B9 
 223      8B74CF
 224 013a F1D0406B 		.ascii	"\361\320@k\243\332]\347w\244\007O\317T\244=\352\302"
 224      A3DA5DE7 
 224      77A4074F 
 224      CF54A43D 
 224      EAC2
 225 014c 20719A5E 		.ascii	" q\232^\253+\006\233\342\301\000\236\241\263q\254\037"
 225      AB2B069B 
 225      E2C1009E 
 225      A1B371AC 
 225      1F
 226 015d FDDA7867 		.ascii	"\375\332xg\331L\261\356\255a\241uf\004\346\364\341\266"
 226      D94CB1EE 
 226      AD61A175 
 226      6604E6F4 
 226      E1B6
 227 016f 367F460F 		.ascii	"6\177F\017`7\037\212\334\303\311\207\007\021\371.\300"
 227      60371F8A 
 227      DCC3C987 
 227      0711F92E 
 227      C0
 228 0180 B30C90B9 		.ascii	"\263\014\220\271.\000\236C/\3119\317\036 \234E:?\222"
 228      2E009E43 
 228      2FC939CF 
 228      1E209C45 
 228      3A3F92
 229 0193 ECFE3CAB 		.ascii	"\354\376<\253d\010\223j_\300\221^\246t\276\350Q~\203"
 229      6408936A 
 229      5FC0915E 
 229      A674BEE8 
 229      517E83
 230 01a6 4CC00B58 		.ascii	"L\300\013X\002\2743\361nxD\320\016^DC+\007\274\244\277"
 230      02BC33F1 
 230      6E7844D0 
 230      0E5E4443 
 230      2B07BCA4 
 231 01bb 737BDFD5 		.ascii	"s{\337\325\261\331%7\246\331>\306~8\325\375\270P\263"
 231      B1D92537 
 231      A6D93EC6 
 231      7E38D5FD 
 231      B850B3
 232 01ce 53CCC6CB 		.ascii	"S\314\306\313h\300(\012m\002\320\254>}\354\004r{\204"
 232      68C0280A 
 232      6D02D0AC 
ARM GAS  C:\cygwin\tmp\cc2LjER8.s 			page 18


 232      3E7DEC04 
 232      727B84
 233 01e1 ADEB38D8 		.ascii	"\255\3538\3302{\312E\267\177\227\334\257\334\206\300"
 233      327BCA45 
 233      B77F97DC 
 233      AFDC86C0 
 234 01f1 1FF2A03D 		.ascii	"\037\362\240=\354\301\340v\312\005\025p\037\335\316"
 234      ECC1E076 
 234      CA051570 
 234      1FDDCE
 235 0200 1668FEF2 		.ascii	"\026h\376\362\364p!\027P\277\027\310\213\205.\320\313"
 235      F4702117 
 235      50BF17C8 
 235      8B852ED0 
 235      CB
 236 0211 050C7885 		.ascii	"\005\014x\205N\272\377\336\247\362\\\323\037\013F\360"
 236      4EBAFFDE 
 236      A7F25CD3 
 236      1F0B46F0 
 237 0221 35D3E61B 		.ascii	"5\323\346\033\371\366]\321\366\365\241\266)\225z7\342"
 237      F9F65DD1 
 237      F6F5A1B6 
 237      29957A37 
 237      E2
 238 0232 ABFDAE76 		.ascii	"\253\375\256v(U\344H\177Fx\3649\366c-\220R\272\313\221"
 238      2855E448 
 238      7F4678F4 
 238      39F6632D 
 238      9052BACB 
 239 0247 05DCBACE 		.ascii	"\005\334\272\316\\\317T\367S\213\336i+\212\362\242\364"
 239      5CCF54F7 
 239      538BDE69 
 239      2B8AF2A2 
 239      F4
 240 0258 7AD57FA2 		.ascii	"z\325\177\242\344\352(\355u\006\357\373\246\242\004"
 240      E4EA28ED 
 240      7506EFFB 
 240      A6A204
 241 0267 38F0F728 		.ascii	"8\360\367(\355|\222\215\2227\277\233A\356&/`I\356\341"
 241      ED7C928D 
 241      9237BF9B 
 241      41EE262F 
 241      6049EEE1 
 242 027b 2A537C79 		.ascii	"*S|y\001{s\210\002\346\262CC\177\011\3305\355\320\365"
 242      017B7388 
 242      02E6B243 
 242      437F09D8 
 242      35EDD0F5 
 243 028f DF02F623 		.ascii	"\337\002\366#\371\274\2570\233\235\001\235\235\033:"
 243      F9BCAF30 
 243      9B9D019D 
 243      9D1B3A
 244 029e 3BB941B9 		.ascii	";\271A\271\231\015\012_\000o((\255\035\005,^7>A?\003"
 244      990D0A5F 
 244      006F2828 
 244      AD1D052C 
 244      5E373E41 
ARM GAS  C:\cygwin\tmp\cc2LjER8.s 			page 19


 245 02b4 FD8C045F 		.ascii	"\375\214\004_PVfVD\242\353\242\253\253\314\270m&jL;"
 245      50566656 
 245      44A2EBA2 
 245      ABABCCB8 
 245      6D266A4C 
 246 02c9 61995624 		.ascii	"a\231V$fo(\263@\324TK\232y\266\254\335\2709l\316\204"
 246      666F28B3 
 246      40D4544B 
 246      9A79B6AC 
 246      DDB8396C 
 247 02df 5AF1582C 		.ascii	"Z\361X,\276\311\254\216'jlsEe\250\"\264\225xV<\021^"
 247      BEC9AC8E 
 247      276A6C73 
 247      4565A822 
 247      B4957856 
 248 02f6 B36579AC 		.ascii	"\263ey\254,\002K\377\210\017o\2551+BU+\253\314\350&"
 248      2C024BFF 
 248      880F6FAD 
 248      312B4255 
 248      2BABCCE8 
 249 030b 6BE3E6F5 		.ascii	"k\343\346\365a\323\212\331Q{\315\006\313\"NI\236\234"
 249      61D38AD9 
 249      517BCD06 
 249      CB224E49 
 249      9E9C
 250 031d 5FA888BD 		.ascii	"_\250\210\275\315&DQ\250\2522\260n\255\035\256ND\027"
 250      CD264451 
 250      A8AA32B0 
 250      6EAD1DAE 
 250      4E4417
 251 0330 07824B40 		.ascii	"\007\202K@$\300\027\013\307\342\211m\377dsC\021\370"
 251      24C0170B 
 251      C7E2896D 
 251      FF647343 
 251      11F8
 252 0342 09ADA7D6 		.ascii	"\011\255\247\3267"
 252      37
 253              		.text
 254              		.section	.gnu.lto_.symbol_nodes.2d26f088,"",%progbits
 255 0000 789C55CB 		.ascii	"x\234U\313=\012\302@\030\204\341w\366\333\365\0321'"
 255      3D0AC240 
 255      1884E177 
 255      F6DBF51A 
 255      3127
 256 0012 FDB6B0B3 		.ascii	"\375\266\260\263\021r\224\370\023B\312\240`\341\035"
 256      117294F8 
 256      1342CAA0 
 256      60E11D
 257 0021 04499533 		.ascii	"\004I\2253\210\253\225;\315\3003LDt\224\204^\016\207"
 257      88AB953B 
 257      CDC0334C 
 257      44749484 
 257      5E0E87
 258 0034 07941A73 		.ascii	"\007\224\032s\013\351,\266\337\345(W\265\204\223<T\242"
 258      0BE92CB6 
 258      DFE52857 
 258      B584933C 
ARM GAS  C:\cygwin\tmp\cc2LjER8.s 			page 20


 258      54A2
 259 0046 416E3F81 		.ascii	"An?\201\234\313K\027y\254`\222\247\1770\022\257\373"
 259      9CCB4B17 
 259      79AC6092 
 259      A77F3012 
 259      AFFB
 260 0058 CD8CC86E 		.ascii	"\315\214\310n\2776\026\"\363u\221\331\206\371\371\026"
 260      BF361622 
 260      F37591D9 
 260      86F9F916 
 261 0068 1FF96A23 		.ascii	"\037\371j#\301"
 261      C1
 262              		.text
 263              		.section	.gnu.lto_.refs.2d26f088,"",%progbits
 264 0000 789C6361 		.ascii	"x\234ca`d\340c`\000\222\014\214\214LL\014\214,\014\214"
 264      6064E063 
 264      6000920C 
 264      8C8C4C4C 
 264      0C8C2C0C 
 265 0015 DC0C0001 		.ascii	"\334\014\000\001\366\000,"
 265      F6002C
 266              		.text
 267              		.section	.gnu.lto_.decls.2d26f088,"",%progbits
 268 0000 789CB55A 		.ascii	"x\234\265ZyTT\331\231\257\373\356\243\250*\012p\324"
 268      795454D9 
 268      99AFFBEE 
 268      A3A82A0A 
 268      70D4
 269 0012 64FA0F72 		.ascii	"d\372\017rN\247\307\030\316\314\211\2661\323Y\316\234"
 269      4EA7C718 
 269      CECC89B6 
 269      31D359CE 
 269      9C
 270 0023 19136726 		.ascii	"\031\023g&\3359\323\211i\323I\346L\317\320\210\325B"
 270      DD39D389 
 270      69D349E6 
 270      4CCFD088 
 270      D542
 271 0035 9AADABCA 		.ascii	"\232\255\253\312\355\257<\026E\026\005\004\021\020\020"
 271      EDAF3C16 
 271      45160504 
 271      111010
 272 0044 71C10514 		.ascii	"q\301\005\024EEY\244DE\026A\024\005\001\331\004q\003"
 272      454559A4 
 272      44451641 
 272      140501D9 
 272      047103
 273 0057 45404016 		.ascii	"E@@\026\231\357.U\357UQ\245\375OJ?\336\273\357}\367"
 273      99EF2E55 
 273      EF5551A5 
 273      FD4F4A3F 
 273      DEBBEF7D 
 274 006c FB7DEB7D 		.ascii	"\373}\353}\367\336\367D\025R\221\337\227+T\252\217\325"
 274      F7DEF744 
 274      155291DF 
 274      972B54AA 
 274      8FD5
ARM GAS  C:\cygwin\tmp\cc2LjER8.s 			page 21


 275 007e 2AD57B82 		.ascii	"*\325{\202J5\007?\021\256\375\021\210\334\365Q\261\037"
 275      4A35073F 
 275      11AEFD11 
 275      88DCF551 
 275      B11F
 276 0090 DC5645C0 		.ascii	"\334VE\300\205h\240X\240\235@\311@)\210\361=C*\273\037"
 276      8568A058 
 276      A09D40C9 
 276      402988F1 
 276      3D432ABB 
 277 00a5 E15D0CC7 		.ascii	"\341]\014\307\205*v<\007\364[\2706\210\230\314!8>\005"
 277      852A763C 
 277      07F45BB8 
 277      368898CC 
 277      21383E05 
 278 00b9 EA06AA82 		.ascii	"\352\006\252\202\366\0138\216\001\375\016\350\377\200"
 278      F60B388E 
 278      01FD0EE8 
 278      FF80
 279 00c7 7E0F8481 		.ascii	"~\017\204\201^\001%\001\215\003%\000\351\200\267\017"
 279      5E012501 
 279      8D032500 
 279      E980B70F 
 280 00d7 8E7781FE 		.ascii	"\216w\201\376\027h\003\320\032\240\255@\177\000\372"
 280      176803D0 
 280      1AA0AD40 
 280      7F00FA
 281 00e6 0CC80814 		.ascii	"\014\310\010\024\012\244\345z\274\006\232&z\202}j\201"
 281      0AA4E57A 
 281      BC069A26 
 281      7A827D6A 
 281      81
 282 00f7 E94DF4D7 		.ascii	"\351M\364\327\300\271\016\010\376\253\026\011\363m "
 282      C0B90E08 
 282      FEAB1609 
 282      F36D20
 283 0106 B62E50D8 		.ascii	"\266.P\330`\325_\251\257\322\216\337q\275\307\271\215"
 283      60D55FA9 
 283      AFD28EDF 
 283      71BDC7B9 
 283      8D
 284 0117 09DC0677 		.ascii	"\011\334\006w\205\316k\270\236[\025\272j9\226RO\037"
 284      85CE6BB8 
 284      9E5B15BA 
 284      6A399652 
 284      4F1F
 285 0129 81E9F8BE 		.ascii	"\201\351\370\276 \353\351\314\317\261\334'\177t\320"
 285      20EBE9CC 
 285      CFB1DC27 
 285      7F74D0
 286 0138 93F85BA9 		.ascii	"\223\370[\251\347\367\241\377\016\336W\303\373)\361"
 286      E7F7A1FF 
 286      0EDE57C3 
 286      FB29F1
 287 0147 FE4160B1 		.ascii	"\376A`\261Tb\375\243`\2175+\240\212\346\351F\261\003"
 287      5462FDA3 
 287      608F352B 
ARM GAS  C:\cygwin\tmp\cc2LjER8.s 			page 22


 287      A08AE6E9 
 287      46B103
 288 015a B5912E68 		.ascii	"\265\221.h\001\275\212\020\373\213(\251\030\321&\225"
 288      01BD8A10 
 288      FB8B28A9 
 288      18D12695 
 289 016a CCF3C37A 		.ascii	"\314\363\303z\011Y\031y[\260\236\252l\302\350\177\336"
 289      09591979 
 289      5BB09EAA 
 289      6CC2E87F 
 289      DE
 290 017b 9FE623FD 		.ascii	"\237\346#\375Q!\262t\304;\2616\357\254B\274-\310\000"
 290      5121B274 
 290      C43BB136 
 290      EFAC42BC 
 290      2DC800
 291 018e 8835AD1D 		.ascii	"\2105\255\035\024\362\230\272\\\234\254\263\315&d5\272"
 291      14F298BA 
 291      5C9CACB3 
 291      CD266435 
 291      BA
 292 019f B7A4EFA2 		.ascii	"\267\244\357\242;\026\0209\357~}\364?\227\025H\360K"
 292      3B161039 
 292      EF7E7DF4 
 292      3F971548 
 292      F04B
 293 01b1 9224C147 		.ascii	"\222$\301G\366\314\266\235\205{uc\002R\353\020\021\357"
 293      F6CCB69D 
 293      857B7563 
 293      0252EB10 
 293      11EF
 294 01c3 0E97FA87 		.ascii	"\016\227\372\207\247\316\213\354\022\351\260\005.eg"
 294      A7CE8BEC 
 294      12E9B005 
 294      2E6567
 295 01d2 DC3FED85 		.ascii	"\334?\355\205\277CE\335\212.\312\302p{\241\016\211\320"
 295      BF4345DD 
 295      8A2ECAC2 
 295      707BA10E 
 295      89D0
 296 01e4 7CD990D9 		.ascii	"|\331\220\331\347\005\315\305:\364\376\254 TN\234\252"
 296      E705CDC5 
 296      3AF4FEAC 
 296      20544E9C 
 296      AA
 297 01f5 D6205FDD 		.ascii	"\326 _\335\021\322\265gnfu\224$!T\204t\250\000at\014"
 297      11D2B567 
 297      6E667594 
 297      24215484 
 297      74A80061 
 298 020b 2D231AAA 		.ascii	"-#\032\252I\350wPm\242\244\2055^*t\022\371\240B\344"
 298      49E87750 
 298      6DA2A485 
 298      355E2A74 
 298      12F9A042 
 299 0220 A342A790 		.ascii	"\243B\247\220/\001&\214\350\004\\<\016\027\001e\344"
 299      2F01268C 
ARM GAS  C:\cygwin\tmp\cc2LjER8.s 			page 23


 299      E8045C3C 
 299      0E170165 
 299      E4
 300 0231 F5F05911 		.ascii	"\365\360Y\021\3777Q@\250\210\033\254\320\332 Rb\226"
 300      FF375140 
 300      A8881BAC 
 300      D0DA2052 
 300      6296
 301 0243 9D90A405 		.ascii	"\235\220\244\005\250\030 N\313\020\200\350\022\343\214"
 301      A818204E 
 301      CB1080E8 
 301      12E38C
 302 0252 738CD684 		.ascii	"s\214\326\204\346\0165NB\024\344Ll[\206\033\322\371"
 302      E60E354E 
 302      4214E44C 
 302      6C5B861B 
 302      D2F9
 303 0264 3A9770DE 		.ascii	":\227p\336\211\004\246Ng\335\277\337\212\001\027\243"
 303      8904A64E 
 303      67DDBFDF 
 303      8A0117A3 
 304 0274 73A0CF59 		.ascii	"s\240\317YY\237b\252\017\240\354\355}\361L-\222<$\034"
 304      599F62AA 
 304      0FA0ECED 
 304      7DF14C2D 
 304      923C241C 
 305 0288 EB4472AD 		.ascii	"\353Dr\255\344\371\211\022O\346R\013i\037\035\310\332"
 305      E4F98912 
 305      4FE6520B 
 305      691F1DC8 
 305      DA
 306 0299 A567ED9F 		.ascii	"\245g\355\237A\363NS\327a\214oQ\305Pg\315\261\023\304"
 306      41F34E53 
 306      D7618C6F 
 306      51C55067 
 306      CDB113C4 
 307 02ad FD3F6401 		.ascii	"\375?d\001\363\206K\247\006/\276\366d\227\010\307\355"
 307      F3864BA7 
 307      062FBEF6 
 307      649708C7 
 307      ED
 308 02be C49143EE 		.ascii	"\304\221C\356\270\235\331Q\275\263\370\214\207\325Y"
 308      B89DD951 
 308      BDB3F88C 
 308      87D559
 309 02cd B973FD10 		.ascii	"\271s\375\020R\015\252\004\344\012Y\267\037rWE\3167"
 309      520DAA04 
 309      E40A59B7 
 309      1F725745 
 309      CE37
 310 02df F41218FA 		.ascii	"\364\022\030\372Cnh9\\,c\256:v(9O\215\0372\210\214\263"
 310      436E6839 
 310      5C2C63AE 
 310      3A762839 
 310      4F8D1F32 
 311 02f6 C727748A 		.ascii	"\307't\212x\374\244\200\304\243\0120,2F%r\015r\3319"
 311      78FCA480 
ARM GAS  C:\cygwin\tmp\cc2LjER8.s 			page 24


 311      C4A30A30 
 311      2C324625 
 311      720D72D9 
 312 030b 88943ABD 		.ascii	"\210\224:\275\337\023?g \373\366VV\360x8\221p\315\211"
 312      DF133F67 
 312      20FBF656 
 312      56F07838 
 312      9170CD89 
 313 031f 041E8F38 		.ascii	"\004\036\2178\036\217\253\240\317\025Y\237*k<\356\027"
 313      1E8FABA0 
 313      CF15599F 
 313      2A6B3CEE 
 313      17
 314 0330 EFBCA2C1 		.ascii	"\357\274\242\301\343\314\271\231ecun\314\361\032h&\335"
 314      E3CCB999 
 314      6563756E 
 314      CCF11A68 
 314      26DD
 315 0342 7F5DEE81 		.ascii	"\177]\356\201\337\260{'&\242\317y\343(VO\326\210-\346"
 315      DFB07B27 
 315      26A2CF79 
 315      E328564F 
 315      D6882DE6 
 316 0356 119B4AB9 		.ascii	"\021\233J\271x\316\003\307\262\233W\373\232k\334p\""
 316      78CE03C7 
 316      B29B57FB 
 316      9A6BDC70 
 316      22
 317 0367 6BE456F5 		.ascii	"k\344V\365\376\010\347\262\363\322=\345C\032|\2305."
 317      FE08E7B2 
 317      F3D23DE5 
 317      431A7C98 
 317      352E
 318 0379 CFB665E9 		.ascii	"\317\266e\351\3609\326\270=|#\333\203\001/\200\346\371"
 318      F039D6B8 
 318      3D7C23DB 
 318      83012F80 
 318      E6F9
 319 038b 81DA6A1D 		.ascii	"\201\332j\035\023/!h\317\034\276yO\203+\030oYIy5W\362"
 319      132F2168 
 319      CF1CBE79 
 319      4F832B18 
 319      6F594979 
 320 03a2 436846F5 		.ascii	"ChF\365g\367z\341jv\257:1:A\207o\012,\207\007\366e\333"
 320      67F77AE1 
 320      6A76AF3A 
 320      313A4187 
 320      6F0A2C87 
 321 03ba 0AC592A6 		.ascii	"\012\305\222\246\006/\264\202\027\356:z\301\271O[\234"
 321      062FB482 
 321      17EE3A7A 
 321      C1B94F5B 
 321      9C
 322 03cb 4765DF68 		.ascii	"Ge\337h\347\023-C\367%\231P:zX\215;\030\372\203\271"
 322      E7132D43 
 322      F7259950 
 322      3A7A588D 
ARM GAS  C:\cygwin\tmp\cc2LjER8.s 			page 25


 322      3B18FA83 
 323 03e0 377FC1FD 		.ascii	"7\177\301\375\354<\266 \266\332\013\017\262F^e\331\240"
 323      EC3CB620 
 323      B6DA0B0F 
 323      B2465E65 
 323      D9A0
 324 03f2 3B9E610D 		.ascii	";\236a\015\353\210\261\220\216\030\350\350\323\356\031"
 324      EB88B190 
 324      8E18E8E8 
 324      D3EE19
 325 0401 8CE331BD 		.ascii	"\214\3431\275\327{\377z\221\027\336\311\032e\023\373"
 325      D77BFF7A 
 325      9117DEC9 
 325      1A6513FB 
 326 0411 CABC712A 		.ascii	"\312\274q*k4\364\315\215\350\360>\326(\311|c\021q\036"
 326      6B34F4CD 
 326      8DE8F03E 
 326      D628C97C 
 326      6311711E 
 327 0425 EF234D67 		.ascii	"\357#Mg\350\361\021\332\020\312\342:;E\227u\373\320"
 327      E8F111DA 
 327      10CAE23A 
 327      3B459775 
 327      FBD0
 328 0437 55DD5A32 		.ascii	"U\335Z2\211w\372\301;}Nj6~\317\320\021/\\\300\340\246"
 328      8977FAC1 
 328      3B7D4E6A 
 328      367ECFD0 
 328      112F5CC0 
 329 044d 1FA7B621 		.ascii	"\037\247\266!\246\276\036\232\221em\311\336,T=4\222"
 329      A6BE1E9A 
 329      91656DC9 
 329      DE2C543D 
 329      3492
 330 045f 533BDE88 		.ascii	"S;\336\210\370\"\343\255\276\231;\252\301\227Y\343b"
 330      F822E3AD 
 330      BE993BAA 
 330      C19759E3 
 330      62
 331 0470 F26E88FE 		.ascii	"\362n\210\376u\326\350J\217/\363\300\355\254q)q\344"
 331      75D6E84A 
 331      8F2FF3C0 
 331      EDAC7129 
 331      71E4
 332 0482 8216F7B2 		.ascii	"\202\026\367\262F\314\344\203\"o\374\024\333\345\305"
 332      46CCE483 
 332      226FFC14 
 332      DBE5C5
 333 0491 6296174F 		.ascii	"b\226\027O\243,\275\"~\311\356\235\332\326\177L\003"
 333      A32CBD22 
 333      7EC9EE9D 
 333      DAD67F4C 
 333      03
 334 04a2 F77C6024 		.ascii	"\367|`$@\212a\300\207\015\003g-\243\205\"\036gn\271"
 334      408A61C0 
 334      870D0367 
 334      2DA38522 
ARM GAS  C:\cygwin\tmp\cc2LjER8.s 			page 26


 334      1E676EB9 
 335 04b6 55DC764D 		.ascii	"U\334vM\0363\347\306~I\207\345W`\357\250l\257\217-\031"
 335      1E33E7C6 
 335      7E4987E5 
 335      5760EFA8 
 335      6CAF8F2D 
 336 04cb 86F324F5 		.ascii	"\206\363$\365{*\264\322\007}\010^\033\003\257\371p\257"
 336      7B2AB4D2 
 336      077D085E 
 336      1B03AFF9 
 336      70AF
 337 04dd 8D80D75E 		.ascii	"\215\200\327^\362A`\377\321\253\236X\022)\300P\352\263"
 337      F24160FF 
 337      D1AB9E58 
 337      1229C050 
 337      EAB3
 338 04ef 1D583108 		.ascii	"\035X1\010\370\320Ay\022\000\306e\200W\310\005\302\204"
 338      F8D04179 
 338      1200C665 
 338      8057C805 
 338      C284
 339 0501 7384C894 		.ascii	"s\204\310\224\346\002-\336\301\020R\013\013O\310O\226"
 339      E6022DDE 
 339      C110520B 
 339      0B4FC84F 
 339      96
 340 0512 CEB87FAB 		.ascii	"\316\270\177\253 \010\323\200\360ZF\230t\2050\345\034"
 340      2008D380 
 340      F05A4698 
 340      748530E5 
 340      1C
 341 0523 614FE6C0 		.ascii	"aO\346\300{8\211\002\240\370\2047\2470Nch\023\025\007"
 341      7B388902 
 341      A0F88437 
 341      A7304E63 
 341      68131507 
 342 0537 CFCAB533 		.ascii	"\317\312\2653\211\026\200\217uh\366[ \275q\216\324\231"
 342      8916808F 
 342      7568F65B 
 342      20BD718E 
 342      D499
 343 0549 FD6254C4 		.ascii	"\375bT\3049\014\352\320\225S\267\334\361!\0065\333="
 343      390CEAD0 
 343      9553B7DC 
 343      F1210635 
 343      DB3D
 344 055b 54E26583 		.ascii	"T\342e\203\232\002\250(A\207\"\204wCE\012N\241\236G"
 344      9A02A828 
 344      41872284 
 344      7743450A 
 344      4EA19E47 
 345 056f 3FECE183 		.ascii	"?\354\341\203\311{dlJM_\211\013\031\360\320\341\306"
 345      C97B646C 
 345      4A4D5F89 
 345      0B19F0D0 
 345      E1C6
 346 0581 33A47A7D 		.ascii	"3\244z}u\350\257\212\224\361e)\223\225\374`\257\026"
ARM GAS  C:\cygwin\tmp\cc2LjER8.s 			page 27


 346      75E8AF8A 
 346      94F16529 
 346      9395FC60 
 346      AF16
 347 0593 9F656AED 		.ascii	"\237ej\35596\231'XG\334\334(\351\203\210\323\000Y\007"
 347      39369927 
 347      5847DCDC 
 347      28E98388 
 347      D3005907 
 348 05a7 30D74929 		.ascii	"0\327I)\305\001\266/\307\216\021|\320v\301:\344\316"
 348      C501B62F 
 348      C78E117C 
 348      D076C13A 
 348      E4CE
 349 05b9 0D7A5E24 		.ascii	"\015z^$\241\211\005+v\310V\370\362b\212\211>\232\350"
 349      A189052B 
 349      76C856F8 
 349      F2628A89 
 349      3E9AE8
 350 05cc 812B1948 		.ascii	"\201+\031HN\362x\231\3165\310N\227 )1\377J\0373\011"
 350      4EF27899 
 350      CE35C84E 
 350      97202931 
 350      FF4A1F33 
 351 05e1 00122F83 		.ascii	"\000\022/\203\000&C\351:\325qU\3045\014\245\352|\333"
 351      002643E9 
 351      3AD57155 
 351      C4350CA5 
 351      EA7CDB
 352 05f4 4BB56B94 		.ascii	"K\265k\224$\227(\255\003\201\331w$\351}\224\0100\273"
 352      249728AD 
 352      0381D977 
 352      24E97D94 
 352      0830BB
 353 0607 6498042B 		.ascii	"d\230\004+\314\221[\203\273\005}\234<\200RN\353x\243"
 353      CC915B83 
 353      BB057D9C 
 353      3C80524E 
 353      EB78A3
 354 061a 42C9829E 		.ascii	"B\311\202\236O\264\"\037\234oAx\216\205\341\356d\305"
 354      4FB4221F 
 354      9C6F4178 
 354      8E85E1EE 
 354      64C5
 355 062c 941E47BB 		.ascii	"\224\036G\273\221\206X\034\331}\000\342\357\203\240"
 355      9186581C 
 355      D97D00E2 
 355      EF83A0
 356 063b 17625940 		.ascii	"\027bY@&i*\264\027D\245\010\330:\217\315\224@\377\341"
 356      26692AB4 
 356      1744A508 
 356      D83A8FCD 
 356      9440FFE1 
 357 064f BF92CB70 		.ascii	"\277\222\313p\256\241G'I\221\012\326\220[*\224\006\266"
 357      AEA14727 
 357      49910AD6 
 357      905B2A94 
ARM GAS  C:\cygwin\tmp\cc2LjER8.s 			page 28


 357      06B6
 358 0661 EC11684A 		.ascii	"\354\021hJ\264_\277\021\255\326q\356\244wq?;1\320\342"
 358      B45FBF11 
 358      ADD671EE 
 358      A477713F 
 358      3B31D0E2 
 359 0675 656755BA 		.ascii	"egU\272\235U\0316\253.7D\035\203\347\236\033\033\376"
 359      9D551936 
 359      AB2E3744 
 359      1D83E79E 
 359      1B1BFE
 360 0688 670FF4BB 		.ascii	"g\017\364\273\343D\326\230L\257=\344\211\367\260\306"
 360      E344D698 
 360      4CAF3DE4 
 360      89F7B0C6 
 361 0698 EE82A656 		.ascii	"\356\202\246V5\316`\215\256\223o\312\3258\2135\366\337"
 361      35CE608D 
 361      AE936FCA 
 361      D5388B35 
 361      F6DF
 362 06aa 7F59E88E 		.ascii	"\177Y\350\216\367\323\206\360(\371H1\214\252\276J\344"
 362      F7D386F0 
 362      28F94831 
 362      8CAABE4A 
 362      E4
 363 06bb 3F7E571E 		.ascii	"?~W\036\276\017\200\262\237\353y\020X\271\354\273\356"
 363      BE0F80B2 
 363      9FEB7910 
 363      58B9ECBB 
 363      EE
 364 06cc 4D6634B9 		.ascii	"Mf4\271\202\036\355\227\343\363\271\236\251\327\023"
 364      821EED97 
 364      E3F3B99E 
 364      A9D713
 365 06db 59DDACC1 		.ascii	"Y\335\254\301G\031\324\313\347wf<q\001kH\257/\265\253"
 365      4719D4CB 
 365      E777663C 
 365      71016B48 
 365      AF2FB5AB 
 366 06ef 71116B74 		.ascii	"q\021kt\354\231\354\321\342b\326\250\271\033_)\342\363"
 366      EC99ECD1 
 366      E262D6A8 
 366      B91B5F29 
 366      E2F3
 367 0701 AC915FDF 		.ascii	"\254\221_\337#\271\341\213\254Q\036W?\243\301\345\254"
 367      23B9E18B 
 367      AC511E57 
 367      3FA3C1E5 
 367      AC
 368 0712 91591A13 		.ascii	"\221Y\032\023\251\303\225\254qbn4Q\217\253\270\345\345"
 368      A9C395AC 
 368      71626E34 
 368      518FABB8 
 368      E5E5
 369 0724 B7F20456 		.ascii	"\267\362\004V~K\240y\334\022_\203\331\020\236+\314\012"
 369      7E4BA079 
 369      DC125F83 
ARM GAS  C:\cygwin\tmp\cc2LjER8.s 			page 29


 369      D9109E2B 
 369      CC0A
 370 0736 1E09CD2D 		.ascii	"\036\011\315-9\002ZB\177\213|\341O\036\261\266\247\342"
 370      39025A42 
 370      7F8B7CE1 
 370      4F1EB1B6 
 370      A7E2
 371 0748 F9975DB7 		.ascii	"\371\227]\267\373%i\267\236\032\223\003\306\024\013"
 371      FB2569B7 
 371      9E1A9303 
 371      C6140B
 372 0757 8B64DB3B 		.ascii	"\213d\333;\251\347W\220\251;\355`\271\324\252\227\222"
 372      A9E75790 
 372      A93BED60 
 372      B9D4AA97 
 372      92
 373 0768 FC29F311 		.ascii	"\374)\363\021G\346\353\224\371$\222\271\357\310\334"
 373      47E6EB94 
 373      F92492B9 
 373      EFC8DC
 374 0777 071DB9A3 		.ascii	"\007\035\271\243\005\007\321-2s\236sf\245\350R\231\373"
 374      0507D12D 
 374      32739E73 
 374      66A5E852 
 374      99FB
 375 0789 A823F772 		.ascii	"\250#\367rG\346\3332\363!G\346&\205\326\311\274\014"
 375      47E6DB32 
 375      F32147E6 
 375      2685D6C9 
 375      BC0C
 376 079b 246456A1 		.ascii	"$dV\241\002H\315\023\200\213\216\363.\020ft\026\222"
 376      0248CD13 
 376      808B8EF3 
 376      2E106674 
 376      1692
 377 07ad E19CB004 		.ascii	"\341\234\260\004\235\006*\001:\011t\036\350\014\320"
 377      9D062A01 
 377      3A09741E 
 377      E80CD0
 378 07bc 29A022A0 		.ascii	")\240\"\240Ba\011-\035\226+\243iz\222+ @\305\023"
 378      4261092D 
 378      1D962BA3 
 378      697A922B 
 378      2040C513 
 379 07d0 4565D3EB 		.ascii	"Ee\323\353b\353\342\014\311\022\215\251f\307\234\232"
 379      62EBE20C 
 379      C9128DA9 
 379      66C79C9A 
 380 07e0 A1705093 		.ascii	"\241pP\223l\305a\347V(\230\313e\346|\347\201\242\314"
 380      6CC561E7 
 380      562898CB 
 380      65E67CE7 
 380      81A2CC
 381 07f3 64993A99 		.ascii	"d\231:\231\231\242\265\253;%\263\012]\260\325]Wy\336"
 381      99A2B5AB 
 381      3B25B30A 
 381      5DB0D55D 
ARM GAS  C:\cygwin\tmp\cc2LjER8.s 			page 30


 381      5779DE
 382 0806 84277E43 		.ascii	"\204'~C\023\016g\024t\217k\321\022\337E,\223Z\007\326"
 382      130E6714 
 382      748F6BD1 
 382      12DF452C 
 382      935A07D6 
 383 081a 1CEB6299 		.ascii	"\034\353b\231\004\035P6`\226;7\206\271\2458\216\272"
 383      041D5036 
 383      60963B37 
 383      86B9A538 
 383      8EBA
 384 082c A5DCDE2D 		.ascii	"\245\334\336-\311|\002E\003`\353{\221\013#\001(\203"
 384      C97C0245 
 384      0360EB7B 
 384      910B2301 
 384      2883
 385 083e 00947207 		.ascii	"\000\224r\007\223\032\210|4\004\36385\255\201g\003'"
 385      931A887C 
 385      3404F338 
 385      35AD8167 
 385      0327
 386 0850 5A049CC4 		.ascii	"Z\004\234\304\032Y\335U]|\312x\225\264\317w\247\306"
 386      1A59DD55 
 386      5D7CCA78 
 386      95B4CF77 
 386      A7C6
 387 0862 EA794590 		.ascii	"\352yE\220%\344\243\361\361\0265\316d\314\305s\307\266"
 387      25E4A3F1 
 387      F11635CE 
 387      64CCC573 
 387      C7B6
 388 0874 639C4B1B 		.ascii	"c\234K\033\3772\365$\372\205'Z\262\010\252D\277\210"
 388      FF32F524 
 388      FA85275A 
 388      B208AA44 
 388      BF88
 389 0886 FF27FF7C 		.ascii	"\377'\377|}\311\001\376.fw\226@\035\351\365\244\230"
 389      7DC901FE 
 389      2E667796 
 389      401DE9F5 
 389      A498
 390 0898 7C97D87E 		.ascii	"|\227\330~p\333\327\227\271\244xt\325\215\021\346\022"
 390      70DBD797 
 390      B9A47874 
 390      D58D11E6 
 390      12
 391 08a9 3203BE03 		.ascii	"2\003\276\003\217\361\253J\2274\273\312<\013d^%\311"
 391      8FF1AB4A 
 391      9734BBCA 
 391      3C0B645E 
 391      25C9
 392 08bb BC4B02EB 		.ascii	"\274K\002\353B\014\237\002\303_CvM\002M\000\215\003"
 392      420C9F02 
 392      C35F4376 
 392      4D024D00 
 392      8D03
 393 08cd BD021A03 		.ascii	"\275\002\032\003\032\005\032\001z\0114\014\324\011\324"
ARM GAS  C:\cygwin\tmp\cc2LjER8.s 			page 31


 393      1A051A01 
 393      7A09340C 
 393      D409D4
 394 08dc 0AD40474 		.ascii	"\012\324\004t\005\350:P5\3205\3568\226\"wS\276\307\262"
 394      05E83A50 
 394      35D035EE 
 394      38962277 
 394      53BEC7B2 
 395 08f0 0F46B7CB 		.ascii	"\017F\267\313\202\203r\027\034\023\252\244\331\207q"
 395      82837217 
 395      1C13AAA4 
 395      D98771
 396 08ff 93354DA9 		.ascii	"\2235M\251\243-\027\347\325\376~\253\364\032H\207j\347"
 396      A32D17E7 
 396      D5FE7EAB 
 396      F41A4887 
 396      6AE7
 397 0911 FC54BC32 		.ascii	"\374T\2742\363j\3552\257\206e\236\235on\301]\222\354"
 397      F36AED32 
 397      AF86659E 
 397      9D6F6EC1 
 397      5D92EC
 398 0924 E83688AC 		.ascii	"\3506\210\254\345\276\231\005\337\314\200}\015@uJ\033"
 398      E5BE9905 
 398      DFCC807D 
 398      0D40754A 
 398      1B
 399 0935 7B2E8C87 		.ascii	"{.\214\207\357\215\222j>D\365\240E\015\357\342t\304"
 399      EF8D926A 
 399      3E44F5A0 
 399      450DEFE2 
 399      74C4
 400 0947 52AA71C3 		.ascii	"R\252q\303N\215\372\267\251\361\006\240\337\251\206"
 400      4E8DFAB7 
 400      A9F106A0 
 400      DFA986
 401 0956 65D220C5 		.ascii	"e\322 \305\252Q#\350P\353\\\207y\236\270i\247\002\351"
 401      AA5123E8 
 401      50EB5C87 
 401      799EB869 
 401      A702E9
 402 0969 C9AAC479 		.ascii	"\311\252\304y\242L\003\362\337(Q$\222\310k\352G\242"
 402      A24C03F2 
 402      DF285124 
 402      92C86BEA 
 402      47A2
 403 097b 6922DF02 		.ascii	"i\"\337\002\2206\036L\333T\346\236\253D\266q\264\200"
 403      90361E4C 
 403      DB54E69E 
 403      AB44B671 
 403      B480
 404 098d 4ECD5CBF 		.ascii	"N\315\\\277\273p~\0070n\333y\2509\216\247\0131\265\001"
 404      BB707E07 
 404      306EDB79 
 404      A8398EA7 
 404      0B31B501 
 405 09a1 109A5D8C 		.ascii	"\020\232]\214\350\014\300\342\000p\203\367p\015\320"
ARM GAS  C:\cygwin\tmp\cc2LjER8.s 			page 32


 405      E80CC0E2 
 405      007083F7 
 405      700DD0
 406 09b0 544707C4 		.ascii	"TG\007\304F\236\007\363\305+\006\247J685\333\017Nlv"
 406      469E07F3 
 406      C52B06A7 
 406      4A363835 
 406      DB0F4E6C 
 407 09c5 5631B12A 		.ascii	"V1\261*sw\004\314\316\210+\032\345\2519a\226\035\366"
 407      737704CC 
 407      CE882B1A 
 407      E5A93961 
 407      961DF6
 408 09d8 651DAFFC 		.ascii	"e\035\257\374{\300\325\356\230\375\367\344\230;\037"
 408      7BC0D5EE 
 408      98FDF7E4 
 408      983B1F
 409 09e7 F1EE8309 		.ascii	"\361\356\203\011\355\334\234\0168o\2633\245X\351+bL"
 409      EDDC9C0E 
 409      386FB333 
 409      A558E92B 
 409      624C
 410 09f9 BB73639C 		.ascii	"\273sc\234\313\356\340\035\034e3\323O3\323\333\235\233"
 410      CBEEE01D 
 410      1C6533D3 
 410      4F33D3DB 
 410      9D9B
 411 0a0b FE714612 		.ascii	"\376qF\0221\235\030u_6\275\335\316\364-\265\334\364"
 411      319D1875 
 411      5F36BDDD 
 411      CEF42DB5 
 411      DCF4
 412 0a1d 2E6131EA 		.ascii	".a1\352r4\275S\221+\273\235\351\247\242\375\210r/@\271"
 412      7234BD53 
 412      912BBB9D 
 412      E9A7A2FD 
 412      88722F40 
 413 0a32 E710C721 		.ascii	"\347\020\307!\240A\240\307@\217\200z\201z\200\272\355"
 413      A041A0C7 
 413      408F807A 
 413      817A80BA 
 413      ED
 414 0a43 9C527A9B 		.ascii	"\234Rz\233\306\227\214\264\335\000J\204\270|\222\356"
 414      C6978CB4 
 414      DD004A84 
 414      B87C92EE 
 415 0a53 DBAD189B 		.ascii	"\333\255\030\233z\336\305=y\223J~\000\274\275\256y\225"
 415      7ADEC53D 
 415      79934A7E 
 415      00BCBDAE 
 415      7995
 416 0a65 C5DB6757 		.ascii	"\305\333gW\274\017\234\214\037\217\341\356#\"`\000$"
 416      BC0F9C8C 
 416      1F8FE1EE 
 416      23226000 
 416      24
 417 0a76 F6F1680C 		.ascii	"\366\361h\014\200\301\017\301\260~\273\352\353\230\332"
ARM GAS  C:\cygwin\tmp\cc2LjER8.s 			page 33


 417      80C10FC1 
 417      B07EBBEA 
 417      EB98DA
 418 0a85 9296BF9D 		.ascii	"\222\226\277\235h@v\012\036p~g\343\007\345\267\264\273"
 418      6840760A 
 418      1E707E67 
 418      E307E5B7 
 418      B4BB
 419 0a97 91B18664 		.ascii	"\221\261\206dg=\347\265U\211c\236\267\035\240;s}\363"
 419      673DE7B5 
 419      5589639E 
 419      B71DA03B 
 419      737DF3
 420 0aaa E6263490 		.ascii	"\346&4\220\177\276\304\003I\366\014\237\274\313K\025"
 420      7FBEC403 
 420      49F60C9F 
 420      BCCB4B15 
 421 0aba 89DCA74F 		.ascii	"\211\334\247O\300OO\277\235\237\236\002\253\354\247"
 421      C04F4FBF 
 421      9D9F9E02 
 421      ABECA7
 422 0ac9 27CC4FAE 		.ascii	"'\314O\256FA\364\014\334#\017\204\326\224\3742\375\036"
 422      4641F40C 
 422      DC230F84 
 422      D694FC32 
 422      FD1E
 423 0adb 592B1151 		.ascii	"Y+\021Q\317\344\224l\244\262\254\317\341-\345c\314\022"
 423      CFE4946C 
 423      A4B2ACCF 
 423      E12DE563 
 423      CC12
 424 0aed 78D20DBE 		.ascii	"x\322\015\276\325\020pJ\362M\376\240#f\017\275\213{"
 424      D510704A 
 424      F24DFEA0 
 424      23660FBD 
 424      8B7B
 425 0aff A4912607 		.ascii	"\244\221&\007\341}\356\232\227\271\373n#u7\360\314\237"
 425      E17DEE9A 
 425      97B9FB6E 
 425      237537F0 
 425      CC9F
 426 0b11 0ACED6FB 		.ascii	"\012\316\326\373\354\225,\021\230\356-\014\363\252\341"
 426      EC952C11 
 426      98EE2D0C 
 426      F3AAE1
 427 0b20 CB255633 		.ascii	"\313%V3/\024\017\327\221z\017\251\350K\272;0\343\214"
 427      2F140FD7 
 427      917A0FA9 
 427      E84BBA3B 
 427      30E38C
 428 0b33 77A5CCDA 		.ascii	"w\245\314\332\316X\311\352^\022\234\260*Bx+\236\207"
 428      CE58C9EA 
 428      5E129CB0 
 428      2A42782B 
 428      9E87
 429 0b45 10169068 		.ascii	"\020\026\220h\233\343\214`\376\034<\247\236\332\016"
 429      9BE38C60 
ARM GAS  C:\cygwin\tmp\cc2LjER8.s 			page 34


 429      FE1C3CA7 
 429      9EDA0E
 430 0b54 0B33B4DB 		.ascii	"\0133\264\3339\267BxR\275m\374\315tdV\316\301\031\367"
 430      39B74278 
 430      52BD6DFC 
 430      CD746456 
 430      CEC119F7 
 431 0b68 1B79B4DE 		.ascii	"\033y\264\336\347\234[\021\203\351:\03612I\314rd\237"
 431      E79C5B11 
 431      83E93A1E 
 431      313249CC 
 431      72649F
 432 0b7b BF2C9964 		.ascii	"\277,\231d\302\311D\246\3029\267B\370\370o\010\257\265"
 432      C2C944A6 
 432      C239B742 
 432      F8F86F08 
 432      AFB5
 433 0b8d 9CAEBEAD 		.ascii	"\234\256\276\255\234^\261\261\363\252\363\261sK>\335"
 433      9C5EB1B1 
 433      F3AAF3B1 
 433      734B3EDD 
 434 0b9d 1226295D 		.ascii	"\022&)]%/\032\257*\306\316\213\343k\366\346KJ\270\332"
 434      252F1AAF 
 434      2AC6CE8B 
 434      E36BF6E6 
 434      4B4AB8DA 
 435 0bb1 B7C18DFA 		.ascii	"\267\301\215\372\023\264Z'h\226\266\2074\323\310<\346"
 435      13B45A27 
 435      6896B687 
 435      34D3C83C 
 435      E6
 436 0bc2 A65C14B5 		.ascii	"\246\\\024\265\024\213\274\230)\315\213t\243\257\003"
 436      148BBC98 
 436      29CD8B74 
 436      A3AF03
 437 0bd1 88834B10 		.ascii	"\210\203K\020}\037\220z3!\335\343\2754>&\277/\322\234"
 437      7D1F907A 
 437      3321DDE3 
 437      BD343E26 
 437      BF2FD29C 
 438 0be5 96AB53C2 		.ascii	"\226\253S\302\357\301\3379Ad\"\206\207\033\016\352>"
 438      EFC1DF39 
 438      41642286 
 438      871B0EEA 
 438      3E
 439 0bf6 C895728B 		.ascii	"\310\225r\213\244\236\356\351-\231'a\204\212\220\244"
 439      A49EEEE9 
 439      2D992761 
 439      848A90A4 
 440 0c06 5594111D 		.ascii	"U\224\021\035\225A\341\224\034\362\341\271\243B\021"
 440      9541E194 
 440      1CF2E1B9 
 440      A34211
 441 0c15 F803E81B 		.ascii	"\370\003\350\033WX\023\253\306w\335\351\324;\272j\262"
 441      575813AB 
 441      C677DDE9 
 441      D43BBA6A 
ARM GAS  C:\cygwin\tmp\cc2LjER8.s 			page 35


 441      B2
 442 0c26 5AA3846D 		.ascii	"Z\243\204m\264\033\024\242(\354:\216:T[wH\317P-\335"
 442      B41B14A2 
 442      28EC3A8E 
 442      3A545B77 
 442      48CF502D 
 443 0c3b D73D49D4 		.ascii	"\327=I\324%\342T\340B\221\330\206\011\2472f4\305,>u"
 443      25E254E0 
 443      4291D886 
 443      09A73266 
 443      34C52C3E 
 444 0c50 7B4CC0DD 		.ascii	"{L\300\335\014\323\331\353\020{\237l\307\364\342\325"
 444      0CD3D9EB 
 444      107B9F6C 
 444      C7F4E2D5 
 445 0c60 8A877DDE 		.ascii	"\212\207}\336J\345\024\033\003*\264\203\352\026\203"
 445      4AE5141B 
 445      032AB483 
 445      EA1683
 446 0c6f B97235D9 		.ascii	"\271r5\331\307\007\335\270r\225q\330\246\034\260\241"
 446      C707DDB8 
 446      729571D8 
 446      A61CB0A1 
 447 0c7f 6DB272DB 		.ascii	"m\262r\333\224\312\305R\345n\015U\224{\340A\246\\}\334"
 447      94CAC552 
 447      E56E0D55 
 447      947BE041 
 447      A65C7DDC 
 448 0c93 8547882A 		.ascii	"\205G\210*Bj\226)7\220\023\323\343\351R\217\004\252"
 448      426A9629 
 448      379013D3 
 448      E3E9528F 
 448      04AA
 449 0ca5 47BC558F 		.ascii	"G\274U\217\236\322\304\355\036\240G\017\035\305\303"
 449      9ED2C4ED 
 449      1EA0470F 
 449      1DC5C3
 450 0cb4 A78BFAA5 		.ascii	"\247\213\372\245\035\013)\027\212\223\325\210\303l\217"
 450      1D0B2917 
 450      8A93D588 
 450      C36C8F
 451 0cc3 07ED642A 		.ascii	"\007\355d*H\2269\214\247\230\0121\231\217\012E\233/"
 451      4896398C 
 451      A7980A31 
 451      998F0A45 
 451      9B2F
 452 0cd5 980A374A 		.ascii	"\230\0127J\337\\\323\272\216S\022\325!\321\252Ciro\257"
 452      DF5CD3BA 
 452      8E5312D5 
 452      21D1AA43 
 452      69726FAF 
 453 0ce9 17D3C1F2 		.ascii	"\027\323\301\362\272\313+C\252\022\011\013\332%+\260"
 453      BACB2B43 
 453      AA12090B 
 453      DA252BB0 
 454 0cf9 CBAA4032 		.ascii	"\313\252@2U \376T\301\200\016o\327P\005\332&\017$\213"
 454      5520FE54 
ARM GAS  C:\cygwin\tmp\cc2LjER8.s 			page 36


 454      C1800E6F 
 454      D75005DA 
 454      260F248B 
 455 0d0d BC7BF27E 		.ascii	"\274{\362~=\355N\334\270[\356\276\333\332=\205vo\035"
 455      3DED4EDC 
 455      B85BEEBE 
 455      DBDA3D85 
 455      766F1D
 456 0d20 9BA8D2E1 		.ascii	"\233\250\322\341\024\326}\356I\333A\276\366\033&\355"
 456      14D67DEE 
 456      49DB41BE 
 456      F61B26ED 
 457 0d30 EDF9ED3B 		.ascii	"\355\371\355;\371n\210D^6\276\350\215:\344\215\323\030"
 457      F96E8844 
 457      5E36BEE8 
 457      8D3AE48D 
 457      D318
 458 0d42 736EFD8E 		.ascii	"sn\375\216F-\316d\215\242\244\210\010\214\217\263F\244"
 458      462DCE64 
 458      8DA2A488 
 458      088C8FB3 
 458      46A4
 459 0d54 F42CD18D 		.ascii	"\364,\321\215\254\214\243\336\261#\205_4\035\322\241"
 459      AC8CA3DE 
 459      B123855F 
 459      341DD2A1 
 460 0d64 45BE4B9C 		.ascii	"E\276K\234\317\270\322A\353}\230=\343\263\260/\312\306"
 460      CFB8D241 
 460      EB7D983D 
 460      E3B3B02F 
 460      CAC6
 461 0d76 CA19D7E4 		.ascii	"\312\031\327\344\337C\216\300m\373gBt\224d\311\310\\"
 461      DF438EC0 
 461      6DFB6742 
 461      749464C9 
 461      C85C
 462 0d88 CAC6B54C 		.ascii	"\312\306\265L\254G\031\\\210\223\247\013y\035\021\373"
 462      AC47195C 
 462      8893A70B 
 462      791D11FB 
 463 0d98 EA9488CF 		.ascii	"\352\224\210\317R\275\205\353#S3\032\344\273\310:\362"
 463      52BD85EB 
 463      2353331A 
 463      E4BBC83A 
 463      F2
 464 0da9 FC399BCE 		.ascii	"\3749\233\316\332r\241w\216\354@\002\351j\216\270\037"
 464      DA72A177 
 464      8EEC4002 
 464      E96A8EB8 
 464      1F
 465 0dba B474A631 		.ascii	"\264t\2461 \275N\177\022\353\211\2570\017]\233\233\260"
 465      20BD4E7F 
 465      12EB89AF 
 465      300F5D9B 
 465      9BB0
 466 0dcc 7833470B 		.ascii	"x3G\013\320|\\3\376P\203\353\330\275\303S\323\303\304"
 466      D07C5C33 
ARM GAS  C:\cygwin\tmp\cc2LjER8.s 			page 37


 466      FE5083EB 
 466      D8BDC353 
 466      D3C3C4
 467 0ddf E94BC93B 		.ascii	"\351K\311;C\254\330\367]\312\366}+\353k\217\350q\023"
 467      43ACD8F7 
 467      5DCAF67D 
 467      2BEB6B8F 
 467      E87113
 468 0df2 53F99025 		.ascii	"S\371\220%r\033\262n\226\202\277uG\275\350\023\017\345"
 468      721BB26E 
 468      9682BF75 
 468      47BDE813 
 468      0FE5
 469 0e04 6150E728 		.ascii	"aP\347(\250\260\224\357\225\036\306>\350\020\226\267"
 469      A8B094EF 
 469      951EC63E 
 469      E81096B7 
 470 0e14 7D7F435F 		.ascii	"}\177C_*\344c\035:\"\333\266\224\357\224^J\356\200\244"
 470      2AE4631D 
 470      3A22DBB6 
 470      94EF945E 
 470      4AEE80A4 
 471 0e28 EA6018C7 		.ascii	"\352`\030\307\206o\024x\273\3048\341\022#%f)\335\365"
 471      866F1478 
 471      BBC438E1 
 471      12232566 
 471      29DDF5
 472 0e3b 3D0E18C7 		.ascii	"=\016\030\307d\014\200d \211\347:f\274q?\003I\356\332"
 472      640C8064 
 472      2089E73A 
 472      66BC713F 
 472      0349EEDA 
 473 0e4f 312DBF92 		.ascii	"1-\277\222\250\230\010<\262\215\214\001'\241o\201\334"
 473      A898083C 
 473      B28D8C01 
 473      27A16F81 
 473      DC
 474 0e60 F738B66D 		.ascii	"\3678\266m\256\317S\244\320\211\"$\302\005U0h>g\276"
 474      AECF53A4 
 474      D0892224 
 474      C2055530 
 474      683E67BE 
 475 0e74 3D59305D 		.ascii	"=Y0]\244\243\005\372\271\265>\357m\273\223#\270\034"
 475      A4A305FA 
 475      B9B53EEF 
 475      6DBB9323 
 475      B81C
 476 0e86 224ED3F2 		.ascii	"\"N\323\362,\262\226\247\264_J\264\337A\006\006\005"
 476      2CB296A7 
 476      B45F4AB4 
 476      DF410606 
 476      05
 477 0e97 FB196C9D 		.ascii	"\373\031l\235f\221we%\251'<\360(\263oWY\356e-\362\325"
 477      66917765 
 477      25A9273C 
 477      F028B36F 
 477      5759EE65 
ARM GAS  C:\cygwin\tmp\cc2LjER8.s 			page 38


 478 0eae B3DC7DBD 		.ascii	"\263\334}\275}1y\316\234\003\366b\331:\350\3550\217"
 478      7D3179CE 
 478      9C03F662 
 478      D93AE8ED 
 478      308F
 479 0ec0 534A4767 		.ascii	"SJGg\301@;\000\313\331\322b=\236a\246\275\234\311.\341"
 479      C1403B00 
 479      CBD9D262 
 479      3D9E61A6 
 479      BD9CC92E 
 480 0ed5 B5BB189A 		.ascii	"\265\273\030\232\263\335II\356|\333\206\274o*\314\035"
 480      B3DD4949 
 480      EE7CDB86 
 480      BC6F2ACC 
 480      1D
 481 0ee6 CDC678A7 		.ascii	"\315\306x\247\226\362Z\246/t\350q2m\350v\315\264\247"
 481      96F25AA6 
 481      2F74E871 
 481      326DE876 
 481      CDB4A7
 482 0ef9 B823B2BB 		.ascii	"\270#\262\273\251'\2335Kl\2330m#0\214\304\351i\014\016"
 482      A9279B35 
 482      4B6C9B30 
 482      6D23308C 
 482      C4E9690C 
 483 0f0e 8296E590 		.ascii	"\202\226\345\220\3306o+\236\367v\023\364\013\340\371"
 483      D8366F2B 
 483      9EF77613 
 483      F40BE0F9 
 484 0f1e 12C2709E 		.ascii	"\022\302p\236\367 \245p\0054\277\204\227\240*\2402\240"
 484      F720A570 
 484      0534BF84 
 484      97A02AA0 
 484      32A0
 485 0f30 AB401665 		.ascii	"\253@\026e1\223%R\026]\035^\206.\245\262K\312\361\""
 485      31932552 
 485      165D1D5E 
 485      862EA5B2 
 485      4BCAF122 
 486 0f44 C57C34FC 		.ascii	"\305|4\374\036\237\217Vb\266\200+w^\330J\027^\306\312"
 486      1E9F8F56 
 486      62B6802B 
 486      775ED84A 
 486      175EC6CA 
 487 0f58 35452575 		.ascii	"5E%u1\237\317\234o\241\363\031H\205\213\330AV\323\273"
 487      319FCF9C 
 487      6FA1F319 
 487      48858BD8 
 487      4156D3BB 
 488 0f6c CCAB0093 		.ascii	"\314\253\000\223\276\215y|\306\307\220\210\332\015N"
 488      BE8D797C 
 488      C6C79088 
 488      DA0D4E
 489 0f7b D566D32C 		.ascii	"\325f\323,\276K\316v>\313\035\2076\272\204m\261N\262"
 489      BE4BCE76 
 489      3ECB1D87 
 489      36BA846D 
ARM GAS  C:\cygwin\tmp\cc2LjER8.s 			page 39


 489      B14EB2
 490 0f8e 41D42947 		.ascii	"A\324)G\255\225S62\222\\\036\267\350\360\001\026\363"
 490      AD955336 
 490      32925C1E 
 490      B7E8F001 
 490      16F3
 491 0fa0 99338533 		.ascii	"\2313\2053j|\2016\324QQ\311]\030\261Mm&x\014@\233\276"
 491      6A7C8136 
 491      D45151C9 
 491      5D18B14D 
 491      6D26780C 
 492 0fb7 B4C5BADE 		.ascii	"\264\305\272\336E\254\031\363\3134>\341\265\032T\357"
 492      45AC19F3 
 492      CB343EE1 
 492      B51A54EF 
 493 0fc7 C220C67E 		.ascii	"\302 \306~_\266\276\306)\263B\364\236V\237t\311\022"
 493      5FB6BEC6 
 493      29B342F4 
 493      9E569F74 
 493      C912
 494 0fd9 89A926D5 		.ascii	"\211\251&\325\3165y1\177\307\304\266.\274\306\273\220"
 494      CE357931 
 494      7FC7C4B6 
 494      2EBCC6BB 
 494      90
 495 0fea B8DC80B8 		.ascii	"\270\334\200\270\324B,j\200\256\003\325\331=?:\230\233"
 495      D4422C6A 
 495      80AE03D5 
 495      D93D3F3A 
 495      989B
 496 0ffc EBEDDD0C 		.ascii	"\353\355\335\014"
 497 1000 9E4AA93B 		.ascii	"\236J\251;\363\324\035_\246\236\022n\337\215/\326)\236"
 497      F3D41D5F 
 497      A69E126E 
 497      DF8D2FD6 
 497      299E
 498 1012 09E15945 		.ascii	"\011\341YE$Mo\002D\203\234\246\365\212g\202\243F\215"
 498      244D6F02 
 498      44839CA6 
 498      F58A6782 
 498      A3468D
 499 1025 A0C5BB34 		.ascii	"\240\305\2734\002\324\013\025C?f\345\353C\346\001\235"
 499      02D40B15 
 499      433F66E5 
 499      EB43E601 
 499      9D
 500 1036 2F2DFC55 		.ascii	"/-\374Ur\017)\337\242\306]Y\236\270\225\205\26209\""
 500      720F29DF 
 500      A2C65D59 
 500      9EB89585 
 500      B2303922 
 501 104a 45C09DAC 		.ascii	"E\300\235\254\321\0263V\347\206\237\321\206&?\373Z\203"
 501      D1163356 
 501      E7869FD1 
 501      86263FFB 
 501      5A83
 502 105c 16595F56 		.ascii	"\026Y_VX\313&\260\213\227\015\231z\334\001\255\333\260"
ARM GAS  C:\cygwin\tmp\cc2LjER8.s 			page 40


 502      58CB26B0 
 502      8B970D99 
 502      7ADC01AD 
 502      DBB0
 503 106e CB150738 		.ascii	"\313\025\0078\246\244\325'\202F\327:\233&\354Nf\323"
 503      A6A4D527 
 503      8246D73A 
 503      9B26EC4E 
 503      66D3
 504 1080 8C9B6F98 		.ascii	"\214\233o\230[\227\020m\256\362\221\205\367B\253\335"
 504      5B97106D 
 504      AEF29185 
 504      F742ABDD 
 505 1090 12C209F7 		.ascii	"\022\302\011\367\374\232\273\0055\327D\242\337\314U"
 505      FC9ABB05 
 505      35D744A2 
 505      DFCC55
 506 109f 279E6C07 		.ascii	"'\236l\007O\266\200\007\357\001\265\002\335\007\352"
 506      4FB68007 
 506      EF01B502 
 506      DD07EA
 507 10ae 00BA6B17 		.ascii	"\000\272k\027\343s{i\214\333\234\225\322\335\275\212"
 507      E3737B69 
 507      8CDB9C95 
 507      D2DDBD8A 
 508 10be DDA04C47 		.ascii	"\335\240LGe\346/\255\370\313\020\353\322\312\011\267"
 508      65E62FAD 
 508      F8CB10EB 
 508      D2CA09B7 
 509 10ce 7552D1FF 		.ascii	"uR\321\377\"\355\211\210GY\002]{\324\370\221\"\177\266"
 509      22ED8988 
 509      4759025D 
 509      7BD4F891 
 509      227FB6
 510 10e1 64CE9065 		.ascii	"d\316\220ew7\364\356\224\363\247m~\376\330\254\356\002"
 510      7737F4EE 
 510      94F3A76D 
 510      7EFED8AC 
 510      EE02
 511 10f3 4BBFADD5 		.ascii	"K\277\255\325\000\3364v\020\236w\022\233+\244\0154\214"
 511      00DE3476 
 511      109E7712 
 511      9B2BA40D 
 511      348C
 512 1105 68711C6D 		.ascii	"hq\034m\250S\366\346\034\321\240Et\337\335\016*\015"
 512      A853F6E6 
 512      1CD1A045 
 512      74DFDD0E 
 512      2A0D
 513 1117 A0F610A8 		.ascii	"\240\366\020\250\036\320\350\001\207\032\000\250>\020"
 513      1ED0E801 
 513      871A00A8 
 513      3E10
 514 1125 FD08A81F 		.ascii	"\375\010\250\037\350!\266\337\332\\5\310\2676\211)\267"
 514      E821B6DF 
 514      DA5C35C8 
 514      B7368929 
ARM GAS  C:\cygwin\tmp\cc2LjER8.s 			page 41


 514      B7
 515 1136 79479BD2 		.ascii	"yG\233\322\216YR\324\301^\253\000\317^\316\353lW\217"
 515      8E5952D4 
 515      C15EAB00 
 515      CF5ECEEB 
 515      6C578F
 516 1149 315FF81F 		.ascii	"1_\370\037\302K\026|\275\234\327\266a\253\3342\345\217"
 516      C24B167C 
 516      BD9CD7B6 
 516      61ABDC32 
 516      E58F
 517 115b D24C1AE2 		.ascii	"\322L\032\342\007\363B\014\3672:x&\223r=\300e\331\012"
 517      07F3420C 
 517      F7323A78 
 517      2693723D 
 517      C065D90A 
 518 116f 53B93027 		.ascii	"S\2710'\357s\266E\217{\342=\324W\302\201\244\275\265"
 518      EF73B645 
 518      8F7BE23D 
 518      D457C281 
 518      A4BDB5
 519 1182 A2226CAB 		.ascii	"\242\"l\253r\306\350n\011\351/\207\355\301\374\260\331"
 519      72C6E86E 
 519      09E92F87 
 519      EDC1FCB0 
 519      D9
 520 1193 7CF904FC 		.ascii	"|\371\004\374\367._\222)vU\352)\341\007\007\371\242"
 520      F72E5F92 
 520      297655EA 
 520      29E10707 
 520      F9A2
 521 11a5 63CDD4BD 		.ascii	"c\315\324\275hXtP\234T\206c\223\250\"W\340\3573\374"
 521      68587450 
 521      9C548663 
 521      93A82257 
 521      E0EF33FC 
 522 11b9 03F28EF8 		.ascii	"\003\362\216\370i\337\204\375L\344\226\335\346\331 "
 522      69DF84FD 
 522      4CE496DD 
 522      E6D920
 523 11c8 7BD09123 		.ascii	"{\320\221#\231\344\314\226\344\253\355\270\237\332="
 523      99E4CC96 
 523      E4ABEDB8 
 523      9FDA3D
 524 11d7 168738F7 		.ascii	"\026\2078\367\020\345>\227\335\222\343\241S|\224CF%"
 524      10E53E97 
 524      DD92E3A1 
 524      537C9443 
 524      4625
 525 11e9 99F93999 		.ascii	"\231\3719\231\204A\204\311f\010\221=\321=\341\2710\211"
 525      844184C9 
 525      6608913D 
 525      D13DE1B9 
 525      3089
 526 11fb 725BA455 		.ascii	"r[\244U\210\276\011\267\216\3300X\343\205\326>\264A"
 526      88BE09B7 
 526      8ED83058 
ARM GAS  C:\cygwin\tmp\cc2LjER8.s 			page 42


 526      E385D63E 
 526      B441
 527 120d EA63BAB0 		.ascii	"\352c\272\260\224\177S\244&\253\212\276\211\007\032"
 527      947F53A4 
 527      26AB8ABE 
 527      89071A
 528 121c D7702FAD 		.ascii	"\327p/\255p\303lB7\026\267m\202\177\322H\326$\326\317"
 528      70C36C42 
 528      3716B76D 
 528      827FD248 
 528      D624D6CF 
 529 1230 EF16B3CF 		.ascii	"\357\026\263\317\357\266\347\246\275\360\340\332HVm"
 529      EFB6E7A6 
 529      BDF0E0DA 
 529      48566D
 530 123f 46C18523 		.ascii	"F\301\205#T\2331\252\315K\246\315\030\325\346\371Hc"
 530      549B31AA 
 530      CD4BA6CD 
 530      18D5E6F9 
 530      4863
 531 1251 8D68E79B 		.ascii	"\215h\347\233$\2739\335+\356\233W\3247\027:\267\307"
 531      24BB39DD 
 531      2BEE9B57 
 531      D437173A 
 531      B7C7
 532 1263 DAFB3DC1 		.ascii	"\332\373=\301\216{\234s\217S\356\204m\307#\334\361\001"
 532      8E7B9C73 
 532      8F53EE84 
 532      6DC723DC 
 532      F101
 533 1275 568CB3B5 		.ascii	"V\214\263\265\3732]\3174'\355\026\354\257\236t\217\221"
 533      FB325DCF 
 533      3427ED16 
 533      ECAF9E74 
 533      8F91
 534 1287 75A0A548 		.ascii	"u\240\245H\3529_\374M\327\031I\212\225\310j\016\330"
 534      EA395FFC 
 534      4DD71949 
 534      8A95C86A 
 534      0ED8
 535 1299 D0849C81 		.ascii	"\320\204\234\201\023\312E\361k\272\242;21\031\357\205"
 535      13CA45F1 
 535      6BBAA23B 
 535      323119EF 
 535      85
 536 12aa 1B18E648 		.ascii	"\033\030\346HN]:\346r\312\237\257\311<H\267\033r?\246"
 536      4E5D3AE6 
 536      72CA9FAF 
 536      C93C48B7 
 536      1B723FA6 
 537 12be 78684A16 		.ascii	"xhJ\0264\245\0244\315\226\206\003U\353q+\223s\2740\247"
 537      34A51434 
 537      CD968603 
 537      55EB712B 
 537      9373BC30 
 538 12d3 C80B3F64 		.ascii	"\310\013?d\215\370\252+Yd\033\000\315\322Nd\341;x\250"
 538      8DF8AA2B 
ARM GAS  C:\cygwin\tmp\cc2LjER8.s 			page 43


 538      59641B00 
 538      CDD24E64 
 538      E13B78A8 
 539 12e7 45A0F3EA 		.ascii	"E\240\363\352*\333\306@[K\336J\227\326J\"\335\025\261"
 539      2ADBC640 
 539      5B4BDE4A 
 539      97D64A22 
 539      DD15B1
 540 12fa CEABEF0F 		.ascii	"\316\253\357\017\216\016i\271\232\255%\337\324\214<"
 540      8E0E69B9 
 540      9AAD25DF 
 540      D48C3C
 541 1309 84A14592 		.ascii	"\204\241E\222\242\321b\302\211f\254z\2427X$-Y\325\010"
 541      A2D162C2 
 541      8966AC7A 
 541      A2375824 
 541      2D59D508 
 542 131d 91A87AB5 		.ascii	"\221\250z\265n\364\210\006\347{\260O\255Z3S\330F\000"
 542      6EF48806 
 542      E77BB04F 
 542      AD5A3353 
 542      D84600
 543 1330 243F5726 		.ascii	"$?W&/\342h\223\306\2662\217\022\351\305\352gU\037\270"
 543      2FE26893 
 543      C6B6328F 
 543      12E9C5EA 
 543      67551FB8 
 544 1344 D4701BD5 		.ascii	"\324p\033\3250Z\344\0326\265&\367\350\271\206\305\243"
 544      305AE41A 
 544      36B526F7 
 544      E8B986C5 
 544      A3
 545 1355 1F6745D5 		.ascii	"\037gE\325'H\271\221\322\252\217\011#\212\024\345=\024"
 545      2748B991 
 545      D2AA8F09 
 545      238A14E5 
 545      3D14
 546 1367 51A1DD76 		.ascii	"Q\241\335v\252]\323\363\262\004\017|\226i\3274[\323"
 546      AA5DD3F3 
 546      B2040F7C 
 546      9669D734 
 546      5BD3
 547 1379 20DA22FB 		.ascii	" \332\"\373\373\307v\221\215\221\345\304(\345\354\240"
 547      FBC77691 
 547      8D91E5C4 
 547      28E5ECA0 
 548 1389 727AF63F 		.ascii	"rz\366?J\361\304\026&'v\347\263a79\262\331\366\221\215"
 548      4AF1C416 
 548      262776E7 
 548      B3613739 
 548      B2D9F691 
 549 139e 9505C52A 		.ascii	"\225\005\305*\005\305QA\2157/\235\026\360\015&hv\270"
 549      05C55141 
 549      8D372F9D 
 549      16F00D26 
 549      6876B8
 550 13b1 69967FBF 		.ascii	"i\226\177\277\252\203f\363\300\201h^OM\344\366\201\206"
ARM GAS  C:\cygwin\tmp\cc2LjER8.s 			page 44


 550      AA8366F3 
 550      C081685E 
 550      4F4DE4F6 
 550      8186
 551 13c3 D1341D6E 		.ascii	"\3214\035ng\274'\316\037.\345\237\323iI\210g\363r\337"
 551      67BC27CE 
 551      1F2EE59F 
 551      D3694988 
 551      67F372DF 
 552 13d7 32502489 		.ascii	"2P$\211\274r\023E\366\205X\372\331\011\301\2616w\212"
 552      BC721345 
 552      F68558FA 
 552      D909C1B1 
 552      36778A
 553 13ea 3E284124 		.ascii	">(A$\354\311\342Bk'\302\375$\373U\253\250\344N\177\033"
 553      ECC9E242 
 553      6B27C2FD 
 553      24FB55AB 
 553      A8E44E7F 
 554 13ff 77F981C3 		.ascii	"w\371\201\303\335\3560\2166\345\222}\2655\373\216H;"
 554      DDEE308E 
 554      36E5927D 
 554      B535FB8E 
 554      483B
 555 1411 8AE0B1B0 		.ascii	"\212\340\261\260[\\\210v\201/\"\360\007\212\276\361"
 555      5B5C8876 
 555      812F22F0 
 555      078ABEF1 
 556 1421 70E50F90 		.ascii	"p\345\017\220\277)\"\031J\257\337h\217\325\341>\017"
 556      BF292219 
 556      4AAFDF68 
 556      8FD5E13E 
 556      0F
 557 1432 975B380D 		.ascii	"\227[8\015\327\232\323\335\361(e\020\373O\236m\301H"
 557      D79AD3DD 
 557      F1286510 
 557      FB4F9E6D 
 557      C148
 558 1444 CB3E00F2 		.ascii	"\313>\000\362\215\241\037\351D\346\276\377\215\355#"
 558      8DA11FE9 
 558      44E6BEFF 
 558      8DED23
 559 1453 9D4CD117 		.ascii	"\235L\321\027\355\025\265 !\035\0003\000\220~\377\003"
 559      ED15B520 
 559      211D0033 
 559      00907EFF 
 559      03
 560 1464 57E83741 		.ascii	"W\3507A\013\350\251\362\303!Q\213\322D\333\207C\200"
 560      0BE8A9F2 
 560      C321518B 
 560      D244DB87 
 560      4380
 561 1476 373AF9FC 		.ascii	"7:\371\374\260Z\231\230\204Ev\353>\232\231{\254\231"
 561      B05A9998 
 561      844576EB 
 561      3E9A997B 
 561      AC99
ARM GAS  C:\cygwin\tmp\cc2LjER8.s 			page 45


 562 1488 B9AB37BF 		.ascii	"\271\2537\277\301\235'\302h\345\326\214{\375\274v\226"
 562      C19D27C2 
 562      68E5D68C 
 562      7BFDBC76 
 562      96
 563 1499 104E942A 		.ascii	"\020N\224*gB\2522\023\262h&DT\347G\271\343}z\227\205"
 563      6742AA32 
 563      13B26826 
 563      4454E747 
 563      B9E37D7A 
 564 14af 53F1B269 		.ascii	"S\361\262i\233\332\365\366\325~\252K\216U\227c\261\007"
 564      9BDAF5F6 
 564      D57EAA4B 
 564      8E559763 
 564      B107
 565 14c1 6605B94A 		.ascii	"f\005\271J\262\0176Z\253\004\030Q\266\254J\266R\225"
 565      B20F365A 
 565      AB041851 
 565      B6AC4AB6 
 565      5295
 566 14d3 5CAA4A79 		.ascii	"\\\252Jy\357\276'\366\343\360\016\273\221\365\200\310"
 566      EFBE27F6 
 566      E3F00EBB 
 566      91F580C8 
 567 14e3 46563892 		.ascii	"FV8\222\021\243\2443\312\033\0272\305\263/<.\021l.\370"
 567      11A3A433 
 567      CA1B1732 
 567      C5B32F3C 
 567      2E116C2E 
 568 14f8 24C7E602 		.ascii	"$\307\346\002\266\373\225'\343\346)q\017R\334\226;\367"
 568      B6FB9527 
 568      E3E62971 
 568      0F52DC96 
 568      3BF7
 569 150a 2143CA98 		.ascii	"!C\312\230\244\203O/^\341\237\353z\022\224\274\324\303"
 569      A4834F2F 
 569      5EE19FEB 
 569      7A1294BC 
 569      D4C3
 570 151c 222B86C7 		.ascii	"\"+\206\307\364i\235^]\242u\235\360\371\326\204'\363"
 570      F4699D5E 
 570      5DA2759D 
 570      F0F9D684 
 570      27F3
 571 152e 0BF2A8EA 		.ascii	"\013\362\250\352z\270\3041\337\217@R\034\246Yx\224f"
 571      7AB8C431 
 571      DF8F4052 
 571      1CA65978 
 571      9466
 572 1540 70BE3583 		.ascii	"p\2765\203\313J\357\267\2719\346\273K\356\271\254\251"
 572      CB4AEFB7 
 572      B939E6BB 
 572      4BEEB9AC 
 572      A9
 573 1551 4B6A39DF 		.ascii	"Kj9\337\217\363|?\306\363=\026\362]\356{\210\347\373"
 573      8FF37C3F 
 573      C6F33D16 
ARM GAS  C:\cygwin\tmp\cc2LjER8.s 			page 46


 573      F25DEE7B 
 573      88E7FB
 574 1564 71F1072A 		.ascii	"q\361\007*m@\340\247\246\015k\015\241\3535\277\376\355"
 574      6D40E0A7 
 574      A60D6B0D 
 574      A1EB35BF 
 574      FEED
 575 1576 E7EFAF5E 		.ascii	"\347\357\257^\261B\245\365\363\013\0125\257\374\261"
 575      B142A5F5 
 575      F30B0A35 
 575      AFFCB1
 576 1585 9FF9E701 		.ascii	"\237\371\347\001\277\370\"`\353\206\315A\241_\370\033"
 576      BFF82260 
 576      EB86CD41 
 576      A15FF81B 
 577 1595 437E141A 		.ascii	"C~\024\032\026j\370\221\301\177]\320\027A\241\001\301"
 577      166AF891 
 577      C17F5DD0 
 577      1741A101 
 577      C1
 578 15a6 1BD71BBE 		.ascii	"\033\327\033\276\010\361\017\010\014\0125|\341\267\336"
 578      08F10F08 
 578      0C0A357C 
 578      E1B7DE
 579 15b5 F095FFC6 		.ascii	"\360\225\377\306`\263\237yk\270\301\264,P\345\316%,"
 579      60B39F79 
 579      6BB8C1B4 
 579      2C50E5CE 
 579      252C
 580 15c7 7B9704D3 		.ascii	"{\227\004\323V\323\027~&\363z\340\207nn!\246\015~\346"
 580      56D3177E 
 580      26F37AE0 
 580      876E6E21 
 580      A60D7EE6 
 581 15db 5F2C5BB6 		.ascii	"_,[\266|u`\320\272\240\337\255]\036fZ\036\020\026\022"
 581      7C7560D0 
 581      BAA0DFAD 
 581      5D1E665A 
 581      1E101612 
 582 15ef 1216BA3C 		.ascii	"\022\026\272<<\314h6-\377\345g\237\256\376t\013\271"
 582      3CCC6836 
 582      2DFFE567 
 582      9FAEFE74 
 582      0BB9
 583 1601 161E146C 		.ascii	"\026\036\024l0\232\226\377z\365\352\345\001\201V\\\215"
 583      309A96FF 
 583      7AF5EAE5 
 583      0181565C 
 583      8D
 584 1612 D1E01F1C 		.ascii	"\321\340\037\034n\014\012\323\371\371m\344:h\254'\356"
 584      6E0C0AD3 
 584      F9F96DE4 
 584      3A68AC27 
 584      EE
 585 1623 6672078E 		.ascii	"fr\007\216!\346-\301A&\263\030j\330bv\013\333\034j0"
 585      21E62DC1 
 585      4126B318 
ARM GAS  C:\cygwin\tmp\cc2LjER8.s 			page 47


 585      6AD86276 
 585      0BDB1C6A 
 586 1638 BA7DB3D1 		.ascii	"\272}\263\321\260\321\260  \320\317\034\010\"\326\233"
 586      B0D1B020 
 586      20D0CF1C 
 586      0822D69B 
 587 1648 FCE80531 		.ascii	"\374\350\0051\334h\330\344mw\211t\337h6l\001\271\300"
 587      DC68D8E4 
 587      6D778974 
 587      DF68366C 
 587      01B9C0
 588 165b 4D4F3586 		.ascii	"MO5\206p\360_P\350\006\017\303&C\2509\304\337\3645\334"
 588      70F05F50 
 588      E8060FC3 
 588      2643A839 
 588      C4DFF435 
 589 1670 05536807 		.ascii	"\005Sh\007\367\315\376Af\270\351\255\020N\320\275\224"
 589      F7CDFE41 
 589      66B8E9AD 
 589      104ED0BD 
 589      94
 590 1681 0D3F33DA 		.ascii	"\015?3\332\2506l&]\325\233\315\240_8\034L\206\220p\034"
 590      A8366C26 
 590      5DD59BCD 
 590      A05F381C 
 590      4C869070 
 591 1696 106A7603 		.ascii	"\020jv\003\3623\353\241?\\\361\017\017\0143\032\334"
 591      F233EBA1 
 591      3F5CF10F 
 591      0F0C331A 
 591      DC
 592 16a7 4D04C8B4 		.ascii	"M\004\310\264\301m\263\331l\014_\310D\371\031\015_\031"
 592      C16DB3D9 
 592      6C0C5FC8 
 592      44F9190D 
 592      5F19
 593 16b9 8C86D000 		.ascii	"\214\206\320\000P\022\272\207\255\373K\270\306\260%"
 593      5012BA87 
 593      ADFB4BB8 
 593      C6B025
 594 16c8 C81C10B6 		.ascii	"\310\034\020\266\336\2406\256\337\012\374\"\260\230"
 594      DEA036AE 
 594      DF0AFC22 
 594      B098
 595 16d6 B4CC373F 		.ascii	"\264\3147?\003S\254G3\271\356gv\373*\330\177\203\311"
 595      0353AC47 
 595      33B9EE67 
 595      76FB2AD8 
 595      7F83C9
 596 16e9 DD1C023D 		.ascii	"\335\034\002=\240e2\373\233\015\0323=\020\221\376\353"
 596      A06532FB 
 596      9B0D1A33 
 596      3D1091FE 
 596      EB
 597 16fa FC4D06EE 		.ascii	"\374M\006\356\331\217~\302=KNt&\363\327\376\301A\033"
 597      D98F7EC2 
 597      3D4B4E74 
ARM GAS  C:\cygwin\tmp\cc2LjER8.s 			page 48


 597      26F3D7FE 
 597      C1411B
 598 170d 42FDCCFF 		.ascii	"B\375\314\377\364-\202\027\030\000&@\264\304P\377\020"
 598      F42D8217 
 598      18002640 
 598      B4C450FF 
 598      10
 599 171e 831810E8 		.ascii	"\203\030\020\350ot\013\013^\017Q\0105l6\030q\200y\213"
 599      6F740B0B 
 599      5E0F5108 
 599      356C3618 
 599      7180798B 
 600 1732 600A1782 		.ascii	"`\012\027\202\215\020\315\015\2206~fl\\\261\002\350"
 600      8D10CD0D 
 600      90367E66 
 600      6C5CB102 
 600      E8
 601 1743 43C1F873 		.ascii	"C\301\370s\301\3703\301\370S\301\370\221`\374g\301\370"
 601      C1F833C1 
 601      F853C1F8 
 601      9160FC67 
 601      C1F8
 602 1755 130F2299 		.ascii	"\023\017\"\231\344+tZ\376m\241\3756\3754\004\340\365"
 602      E42B745A 
 602      FE6DA1FD 
 602      36FD3404 
 602      E0F5
 603 1767 B46F4058 		.ascii	"\264o@X(\304\320,\222\334\320\332b\344\026\022\036\026"
 603      28C4D02C 
 603      92DCD0DA 
 603      62E41612 
 603      1E16
 604 1779 16ACE18E 		.ascii	"\026\254\341\2165\177`/\332h^\316\023\030$\232\002\002"
 604      357F602F 
 604      DA685ECE 
 604      1318249A 
 604      0202
 605 178b D783B4EF 		.ascii	"\327\203\264\357\277\205\005\002\012\034K\337&d\253"
 605      BF850502 
 605      0A1C4BDF 
 605      2664AB
 606 179a C99AC36F 		.ascii	"\311\232\303o\023\004\011\000\034\337\233\307a2\006"
 606      13040900 
 606      1CDF9BC7 
 606      613206
 607 17a9 1018D386 		.ascii	"\020\030\323\206e\001\274\244\377\004Y\247\247g\237"
 607      6501BCA4 
 607      FF0459A7 
 607      A7679F
 608 17b8 19820D10 		.ascii	"\031\202\015\0207\317\200\300\265\001\201\277\016[\033"
 608      37CF80C0 
 608      B50181BF 
 608      0E5B1B
 609 17c7 6C3084AF 		.ascii	"l0\204\257\365\240\255\317\300"
 609      F5A0ADCF 
 609      C0
 610 17d0 B8AD9FE8 		.ascii	"\270\255\237\350\351\371\237\374\2776l\014_+\004\004"
ARM GAS  C:\cygwin\tmp\cc2LjER8.s 			page 49


 610      E9F99FFC 
 610      BF366C0C 
 610      5F2B0404 
 611 17e0 E2F5EB68 		.ascii	"\342\365\353h\266\022\235\014!P\333\3536n\320\206\373"
 611      B6129D0C 
 611      2150DBEB 
 611      366ED086 
 611      FB
 612 17f1 870605F8 		.ascii	"\207\006\005\370\001\202\227\3622d\305&3I`\267\365\206"
 612      018297F2 
 612      3264C526 
 612      334960B7 
 612      F586
 613 1803 60B33FCF 		.ascii	"`\263?\317\215\025\037\361\334 'Z\302\037\024\002\011"
 613      8D151FF1 
 613      DC20275A 
 613      C21F1402 
 613      09
 614 1814 247EB531 		.ascii	"$~\26514@\263\311L\016~fRl\233\202\214\346\215\376\301"
 614      3440B3C9 
 614      4C0E7E66 
 614      526C9B82 
 614      8CE68DFE 
 615 1829 7EE4BE11 		.ascii	"~\344\276\021\207\373\033\275\355\256\370\231\277\353"
 615      87FB1BBD 
 615      EDAEF899 
 615      BFEB
 616 1837 C8C4CA45 		.ascii	"\310\304\312E\023\354o2\223\366w\234\334\204\3045\222"
 616      13EC6F32 
 616      93F6779C 
 616      DC84C435 
 616      92
 617 1848 2318EC47 		.ascii	"#\030\354G\242\267\225^u\017\330h\204\3320\353\345K"
 617      A2B7955E 
 617      750FD868 
 617      84DA30EB 
 617      E54B
 618 185a A09BCD4A 		.ascii	"\240\233\315J]\210?\350K\243\355!\233N\030\326n5\375"
 618      5D883FE8 
 618      4BA3ED21 
 618      9B4E18D6 
 618      6E35FD
 619 186d 5758C0D7 		.ascii	"WX\300\327o\215\312V\0227-M\247`\340\365\364\203J5\373"
 619      6F8DCA56 
 619      12372D4D 
 619      A760E0F5 
 619      F4834A35 
 620 1882 FDEA976B 		.ascii	"\375\352\227k\377c\315g\237x\372\007o\366\337j\202$"
 620      FF63CD67 
 620      9F78FA07 
 620      6FF6DF6A 
 620      8224
 621 1894 0D86B172 		.ascii	"\015\206\261r\245\323$\205\004\\\276\372\323\265\237"
 621      A5D32485 
 621      045CBEFA 
 621      D3B59F
 622 18a3 AC95A586 		.ascii	"\254\225\245\206\230\202L~\033\002\002H\242\262\221"
ARM GAS  C:\cygwin\tmp\cc2LjER8.s 			page 50


 622      98824C7E 
 622      1B020248 
 622      A2B291
 623 18b2 2728D464 		.ascii	"'(\324d0\232=\250J\237\207\022 \226\375\033C9(u\254"
 623      309A3DA8 
 623      4A9F8712 
 623      2096FD1B 
 623      43392875 
 624 18c7 DFB28F3E 		.ascii	"\337\262\217>\374\361O5\326\2267\315\201OLk\330\020"
 624      FCF14F35 
 624      D69637CD 
 624      814F4C6B 
 624      D810
 625 18d9 F5899BDF 		.ascii	"\365\211\233\337\257 \261\337\232\254\220E\201\252\277"
 625      AF20B1DF 
 625      9AAC9045 
 625      81AABF
 626 18e8 63985F05 		.ascii	"c\230_\005}\025\006^\014\011\333D\022H\316\246\265J"
 626      7D15065E 
 626      0C09DB44 
 626      1248CEA6 
 626      B54A
 627 18fa B8951FFD 		.ascii	"\270\225\037\375?\316O\266/"
 627      3FCE4FB6 
 627      2F
 628              		.text
 629              		.section	.gnu.lto_.symtab.2d26f088,"",%progbits
 630 0000 63684D73 		.ascii	"chMsgSend\000"
 630      6753656E 
 630      6400
 631 000a 00       		.ascii	"\000"
 632 000b 00       		.ascii	"\000"
 633 000c 00       		.ascii	"\000"
 634 000d 00000000 		.ascii	"\000\000\000\000\000\000\000\000"
 634      00000000 
 635 0015 81010000 		.ascii	"\201\001\000\000"
 636 0019 63684D73 		.ascii	"chMsgWait\000"
 636      67576169 
 636      7400
 637 0023 00       		.ascii	"\000"
 638 0024 00       		.ascii	"\000"
 639 0025 00       		.ascii	"\000"
 640 0026 00000000 		.ascii	"\000\000\000\000\000\000\000\000"
 640      00000000 
 641 002e 84010000 		.ascii	"\204\001\000\000"
 642 0032 63684D73 		.ascii	"chMsgRelease\000"
 642      6752656C 
 642      65617365 
 642      00
 643 003f 00       		.ascii	"\000"
 644 0040 00       		.ascii	"\000"
 645 0041 00       		.ascii	"\000"
 646 0042 00000000 		.ascii	"\000\000\000\000\000\000\000\000"
 646      00000000 
 647 004a 89010000 		.ascii	"\211\001\000\000"
 648 004e 636800   		.ascii	"ch\000"
 649 0051 00       		.ascii	"\000"
ARM GAS  C:\cygwin\tmp\cc2LjER8.s 			page 51


 650 0052 02       		.ascii	"\002"
 651 0053 00       		.ascii	"\000"
 652 0054 00000000 		.ascii	"\000\000\000\000\000\000\000\000"
 652      00000000 
 653 005c EB010000 		.ascii	"\353\001\000\000"
 654 0060 63685363 		.ascii	"chSchGoSleepS\000"
 654      68476F53 
 654      6C656570 
 654      5300
 655 006e 00       		.ascii	"\000"
 656 006f 02       		.ascii	"\002"
 657 0070 00       		.ascii	"\000"
 658 0071 00000000 		.ascii	"\000\000\000\000\000\000\000\000"
 658      00000000 
 659 0079 8D010000 		.ascii	"\215\001\000\000"
 660 007d 63685363 		.ascii	"chSchReadyI\000"
 660      68526561 
 660      64794900 
 661 0089 00       		.ascii	"\000"
 662 008a 02       		.ascii	"\002"
 663 008b 00       		.ascii	"\000"
 664 008c 00000000 		.ascii	"\000\000\000\000\000\000\000\000"
 664      00000000 
 665 0094 91010000 		.ascii	"\221\001\000\000"
 666 0098 63685363 		.ascii	"chSchWakeupS\000"
 666      6857616B 
 666      65757053 
 666      00
 667 00a5 00       		.ascii	"\000"
 668 00a6 02       		.ascii	"\002"
 669 00a7 00       		.ascii	"\000"
 670 00a8 00000000 		.ascii	"\000\000\000\000\000\000\000\000"
 670      00000000 
 671 00b0 93010000 		.ascii	"\223\001\000\000"
 672              		.text
 673              		.section	.gnu.lto_.opts,"",%progbits
 674 0000 272D666D 		.ascii	"'-fmath-errno' '-fsigned-zeros' '-ftrapping-math' '"
 674      6174682D 
 674      6572726E 
 674      6F272027 
 674      2D667369 
 675 0033 2D666E6F 		.ascii	"-fno-trapv' '-fno-openmp' '-fno-openacc' '-mcpu=cor"
 675      2D747261 
 675      70762720 
 675      272D666E 
 675      6F2D6F70 
 676 0066 7465782D 		.ascii	"tex-m3' '-mno-thumb-interwork' '-mthumb' '-ggdb' '-"
 676      6D332720 
 676      272D6D6E 
 676      6F2D7468 
 676      756D622D 
 677 0099 4F322720 		.ascii	"O2' '-fomit-frame-pointer' '-falign-functions=16' '"
 677      272D666F 
 677      6D69742D 
 677      6672616D 
 677      652D706F 
 678 00cc 2D666675 		.ascii	"-ffunction-sections' '-fdata-sections' '-fno-common"
ARM GAS  C:\cygwin\tmp\cc2LjER8.s 			page 52


 678      6E637469 
 678      6F6E2D73 
 678      65637469 
 678      6F6E7327 
 679 00ff 2720272D 		.ascii	"' '-flto'\000"
 679      666C746F 
 679      2700
 680              		.text
 681              		.comm	__gnu_lto_v1,1,1
 682              		.comm	__gnu_lto_slim,1,1
 683              		.ident	"GCC: (GNU Tools for ARM Embedded Processors) 5.4.1 20160919 (release) [ARM/embedded-5-bran
ARM GAS  C:\cygwin\tmp\cc2LjER8.s 			page 53


DEFINED SYMBOLS
                            *ABS*:00000000 chmsg.c
                            *COM*:00000001 __gnu_lto_v1
                            *COM*:00000001 __gnu_lto_slim

NO UNDEFINED SYMBOLS
