ARM GAS  C:\cygwin\tmp\ccmjDLge.s 			page 1


   1              		.syntax unified
   2              		.cpu cortex-m3
   3              		.fpu softvfp
   4              		.eabi_attribute 20, 1
   5              		.eabi_attribute 21, 1
   6              		.eabi_attribute 23, 3
   7              		.eabi_attribute 24, 1
   8              		.eabi_attribute 25, 1
   9              		.eabi_attribute 26, 1
  10              		.eabi_attribute 30, 2
  11              		.eabi_attribute 34, 1
  12              		.eabi_attribute 18, 4
  13              		.thumb
  14              		.syntax unified
  15              		.file	"crt1.c"
  16              		.text
  17              	.Ltext0:
  18              		.section	.gnu.lto_.profile.2d26d6de,"",%progbits
  19 0000 789C6361 		.ascii	"x\234ca`d`a`\000\222\222\242\000\000\261\0009"
  19      60646061 
  19      60009292 
  19      A20000B1 
  19      0039
  20              		.text
  21              		.section	.gnu.lto_.icf.2d26d6de,"",%progbits
  22 0000 789C6361 		.ascii	"x\234ca`d\000\0015\006\004`cX?\363A\013\023#\230d\002"
  22      60640001 
  22      35060460 
  22      63583FF3 
  22      410B1323 
  23 0017 93CC8DB7 		.ascii	"\223\314\215\267O\375\344g9\362d\372[\026\326\213\337"
  23      4FFDE467 
  23      39F264FA 
  23      5B16D68B 
  23      DF
  24 0028 36F6F031 		.ascii	"6\366\3601\000\000S4\021\273"
  24      00005334 
  24      11BB
  25              		.text
  26              		.section	.gnu.lto_.jmpfuncs.2d26d6de,"",%progbits
  27 0000 789C6361 		.ascii	"x\234ca`d\000\001A\006\004`\005b\240(\023\003\0033\003"
  27      60640001 
  27      41060460 
  27      0562A028 
  27      13030333 
  28 0015 030B9003 		.ascii	"\003\013\220\003\000\003d\000&"
  28      00036400 
  28      26
  29              		.text
  30              		.section	.gnu.lto_.inline.2d26d6de,"",%progbits
  31 0000 789C6361 		.ascii	"x\234ca`d\000\201x\006\004`e``fbd`\0022\331\026\310"
  31      60640081 
  31      78060460 
  31      65606066 
  31      62646002 
  32 0018 8328A022 		.ascii	"\203(\240\"t\021&\014\021f \017\"\302\002&\201\224\310"
  32      7411260C 
ARM GAS  C:\cygwin\tmp\ccmjDLge.s 			page 2


  32      1166200F 
  32      22C20226 
  32      8194C8
  33 002b 4A0EA088 		.ascii	"J\016\240\210\322\246\347\215\214pe\014\000\000\232"
  33      D2A6E78D 
  33      8C70650C 
  33      00009A
  34 003a 06B8     		.ascii	"\006\270"
  35              		.text
  36              		.section	.gnu.lto_.pureconst.2d26d6de,"",%progbits
  37 0000 789C6361 		.ascii	"x\234ca`d\340f```e\220`\224`\222`6a\221\002\000\004"
  37      6064E066 
  37      60606065 
  37      90609460 
  37      92603661 
  38 0018 2200B6   		.ascii	"\"\000\266"
  39              		.text
  40              		.section	.gnu.lto___core_init.2d26d6de,"",%progbits
  41 0000 789C6361 		.ascii	"x\234ca`d\000\201j \266\006bi fdf`d\232p\216\201\241"
  41      60640081 
  41      6A20B606 
  41      62692066 
  41      64666064 
  42 0019 91838991 		.ascii	"\221\203\211\221\021\304h\340`d\250gb\254g\374\312\364"
  42      11C468E0 
  42      6064A867 
  42      62AC67FC 
  42      CAF4
  43 002b 9789F150 		.ascii	"\227\211\361P\373\263\235L\232\313\033\200\340A\353"
  43      FBB39D4C 
  43      9ACB1B80 
  43      E041EB
  44 003a 32C38615 		.ascii	"2\303\206\025\007\030[\231\031\030\3763\201Mb`\\\316"
  44      07185B99 
  44      1918FE33 
  44      814D6260 
  44      5CCE
  45 004c A8C90054 		.ascii	"\250\311\000T\366h\343\277\251\274l- e\012\020I\306"
  45      F668E3BF 
  45      A9BC6C2D 
  45      20650A10 
  45      49C6
  46 005e 158C6C20 		.ascii	"\025\214l \353\326\007\035h\370\377\277\271\241\341"
  46      EBD6071D 
  46      68F8FFBF 
  46      B9A1E1
  47 006d A3C13C55 		.ascii	"\243\301<U\240\304\007 \006Y\363\221\211\011D3\277b"
  47      A0C40720 
  47      0659F391 
  47      89094433 
  47      BF62
  48 007f 64022905 		.ascii	"d\002)\005\233\366\201\211\021$\006Ta\251\247\247\357"
  48      9BF68189 
  48      11240654 
  48      61A9A7A7 
  48      EF
  49 0090 9C919994 		.ascii	"\234\221\231\224\351\037\254\237_\254\237\234\237\233"
ARM GAS  C:\cygwin\tmp\ccmjDLge.s 			page 3


  49      E91FAC9F 
  49      5FAC9F9C 
  49      9F9B
  50 009e 9B9FA75F 		.ascii	"\233\237\247_\\\222XTRZ\240\357\030\344\353\354[\001"
  50      5C925854 
  50      525AA0EF 
  50      18E4EBEC 
  50      5B01
  51 00b0 122DC8CC 		.ascii	"\022-\310\314I-*\326wwv\326O.*1\324Kf\000\000LV@J"
  51      492D2AD6 
  51      777776D6 
  51      4F2E2A31 
  51      D44B6600 
  52              		.text
  53              		.section	.gnu.lto___early_init.2d26d6de,"",%progbits
  54 0000 789C6361 		.ascii	"x\234ca`d\000\201* \266\006bi fdf`d\232p\216\201\241"
  54      60640081 
  54      2A20B606 
  54      62692066 
  54      64666064 
  55 0019 91838991 		.ascii	"\221\203\211\221\021\304h\340`d\250gb\254g\374\312\364"
  55      11C468E0 
  55      6064A867 
  55      62AC67FC 
  55      CAF4
  56 002b 9789F150 		.ascii	"\227\211\361P\373\263\235L\232\313\033\200\340\301\323"
  56      FBB39D4C 
  56      9ACB1B80 
  56      E0C1D3
  57 003a 75860D2B 		.ascii	"u\206\015+\0160\266230\374g\002\233\304\300\270\234"
  57      0E30B632 
  57      3330FC67 
  57      029BC4C0 
  57      B89C
  58 004c 519301A8 		.ascii	"Q\223\001\250\354\321\306\177Sy\331Z@\312\024 \222\214"
  58      ECD1C67F 
  58      5379D95A 
  58      40CA1420 
  58      928C
  59 005e 2B18D940 		.ascii	"+\030\331@\326\255\017:\320\360\377\177sC\303g\005F"
  59      D6AD0F3A 
  59      D0F0FF7F 
  59      7343C367 
  59      0546
  60 0070 A0F80720 		.ascii	"\240\370\007 \006\331\362\221\211\011D3\277bd\002\251"
  60      06D9F291 
  60      89094433 
  60      BF626402 
  60      A9
  61 0081 041BF681 		.ascii	"\004\033\366\201\211\021$\006Ta\251\247\247\357\234"
  61      89112406 
  61      5461A9A7 
  61      A7EF9C
  62 0090 919994E9 		.ascii	"\221\231\224\351\037\254\237_\254\237\234\237\233\233"
  62      1FAC9F5F 
  62      AC9F9C9F 
  62      9B9B
ARM GAS  C:\cygwin\tmp\ccmjDLge.s 			page 4


  63 009e 9FA75F5C 		.ascii	"\237\247_\\\222XTRZ\240\357\030\344\353\354[\001\022"
  63      92585452 
  63      5AA0EF18 
  63      E4EBEC5B 
  63      0112
  64 00b0 2DC8CC49 		.ascii	"-\310\314I-*\326wwv\326O.*1\324Kf\000\000\030\323?\341"
  64      2D2AD677 
  64      7776D64F 
  64      2E2A31D4 
  64      4B660000 
  65              		.text
  66              		.section	.gnu.lto___late_init.2d26d6de,"",%progbits
  67 0000 789C6361 		.ascii	"x\234ca`d\000\201* \266\006bi fdf`d\232p\216\201\241"
  67      60640081 
  67      2A20B606 
  67      62692066 
  67      64666064 
  68 0019 91838991 		.ascii	"\221\203\211\221\021\304h\340`d\250gb\254g\374\312\364"
  68      11C468E0 
  68      6064A867 
  68      62AC67FC 
  68      CAF4
  69 002b 9789F150 		.ascii	"\227\211\361P\373\263\235L\232\313\033\200\340\301\322"
  69      FBB39D4C 
  69      9ACB1B80 
  69      E0C1D2
  70 003a 6D860D2B 		.ascii	"m\206\015+\0160\266230\374g\002\233\304\300\270\234"
  70      0E30B632 
  70      3330FC67 
  70      029BC4C0 
  70      B89C
  71 004c 519301A8 		.ascii	"Q\223\001\250\354\321\306\177Sy\331Z@\312\024 \222\214"
  71      ECD1C67F 
  71      5379D95A 
  71      40CA1420 
  71      928C
  72 005e 2B18D940 		.ascii	"+\030\331@\326\255\017:\320\360\377\177sC\303G\005F"
  72      D6AD0F3A 
  72      D0F0FF7F 
  72      7343C347 
  72      0546
  73 0070 A0F80720 		.ascii	"\240\370\007 \006\331\362\221\211\011D3\277bd\002\251"
  73      06D9F291 
  73      89094433 
  73      BF626402 
  73      A9
  74 0081 041BF681 		.ascii	"\004\033\366\201\211\021$\006Ta\251\247\247\357\234"
  74      89112406 
  74      5461A9A7 
  74      A7EF9C
  75 0090 919994E9 		.ascii	"\221\231\224\351\037\254\237_\254\237\234\237\233\233"
  75      1FAC9F5F 
  75      AC9F9C9F 
  75      9B9B
  76 009e 9FA75F5C 		.ascii	"\237\247_\\\222XTRZ\240\357\030\344\353\354[\001\022"
  76      92585452 
  76      5AA0EF18 
ARM GAS  C:\cygwin\tmp\ccmjDLge.s 			page 5


  76      E4EBEC5B 
  76      0112
  77 00b0 2DC8CC49 		.ascii	"-\310\314I-*\326wwv\326O.*1\324Kf\000\000\364\020?\247"
  77      2D2AD677 
  77      7776D64F 
  77      2E2A31D4 
  77      4B660000 
  78              		.text
  79              		.section	.gnu.lto___default_exit.2d26d6de,"",%progbits
  80 0000 789C6361 		.ascii	"x\234ca`d\000\201J \266\006bS fde`d\232p\216\201\241"
  80      60640081 
  80      4A20B606 
  80      62532066 
  80      64656064 
  81 0019 91838991 		.ascii	"\221\203\211\221\031\304`dfd\201\010\260@\004\034\031"
  81      19C46064 
  81      66648108 
  81      B040041C 
  81      19
  82 002a 19EA9998 		.ascii	"\031\352\231\230Y\030\201\004\003\004|e\372\313\304"
  82      59188104 
  82      03047C65 
  82      FACBC4
  83 0039 78A8FDD9 		.ascii	"x\250\375\331N&\315\345\015@\360\340\350n\303\206\025"
  83      4E26CDE5 
  83      0D40F0E0 
  83      E86EC386 
  83      15
  84 004a 07185B81 		.ascii	"\007\030[\201\012\3763A\3240.g\324d\000*{\264\361\337"
  84      0AFE3341 
  84      D4302E67 
  84      D464002A 
  84      7BB4F1DF 
  85 005e 545EB616 		.ascii	"T^\266\026\2202\005\210$\343\012F6\220C\326\007\035"
  85      90320588 
  85      24E30A46 
  85      369043D6 
  85      071D
  86 0070 68F8FFBF 		.ascii	"h\370\377\277\271\241\341\273\301oU\240\300\007\240"
  86      B9A1E1BB 
  86      C16F55A0 
  86      C007A0
  87 007f 24239064 		.ascii	"$#\220d\002:\341\003\320.\240\335\214\037\230X\2404"
  87      023AE103 
  87      D02EA0DD 
  87      8C1F9858 
  87      A034
  88 0091 C4E9967A 		.ascii	"\304\351\226zz\372\316\031\231I\231\376\301\372\371"
  88      7AFACE19 
  88      994999FE 
  88      C1FAF9
  89 00a0 C5FAC9F9 		.ascii	"\305\372\311\371\271\271\371y\372\305%\211E%\245\005"
  89      B9B9F979 
  89      FAC52589 
  89      4525A505 
  90 00b0 FA8E41BE 		.ascii	"\372\216A\276\316\276\025 \321\202\314\234\324\242b"
  90      CEBE1520 
ARM GAS  C:\cygwin\tmp\ccmjDLge.s 			page 6


  90      D182CC9C 
  90      D4A262
  91 00bf 7D776767 		.ascii	"}wgg\375\344\242\022C\275d\006\000\013\302C("
  91      FDE4A212 
  91      43BD6406 
  91      000BC243 
  91      28
  92              		.text
  93              		.section	.gnu.lto___init_ram_areas.2d26d6de,"",%progbits
  94 0000 789C8D54 		.ascii	"x\234\215T]h\\E\024\2363s\377\366\336MvK\342[\205<\230"
  94      5D685C45 
  94      149E3373 
  94      FFF6DE4D 
  94      764BE25B 
  95 0017 87BE648D 		.ascii	"\207\276d\215O*B-+\370T\305\372,Z\243`\3206K\222B\037"
  95      4F2A422D 
  95      2BF854C5 
  95      FA2C5AA3 
  95      60D0364B 
  96 002e 0A7B93DD 		.ascii	"\012{\223\335U[E\022\244%\346\307 E\032\2336\233\264"
  96      555B4512 
  96      A425E6C7 
  96      20451A9B 
  96      369BB4
  97 0041 FE7493D6 		.ascii	"\376t\223\326n\322\330\330\260\215m(}\022\321-\006\032"
  97      6ED2D8D8 
  97      B08D6D28 
  97      7D12D12D 
  97      061A
  98 0053 4576B329 		.ascii	"Ev\263)b\261\211\347\234\271\301Mj\245\013{g\346\314"
  98      62B189E7 
  98      9CB9C14D 
  98      6AA50B7B 
  98      67E6CC
  99 0066 39DFF9CE 		.ascii	"9\337\371\31673\307\020 \350\327m\011\361\034\216\237"
  99      3733C710 
  99      20E8D76D 
  99      09F11C8E 
  99      9F
 100 0077 E31FC202 		.ascii	"\343\037\302\002d\317\202\020]\216\004\245'\012L=1\364"
 100      64CF8210 
 100      5D8E04A5 
 100      270A4C3D 
 100      31F4
 101 0089 64DA31A5 		.ascii	"d\3321\245\361\341\234\020\276k\245m\341\207-p\310\016"
 101      F1E19C10 
 101      BE6BA56D 
 101      E1872D70 
 101      C80E
 102 009b B61EA71D 		.ascii	"\266\036\247\035G\332z?\304\373!\351\215\315\322\322"
 102      47DA7A3F 
 102      C4FB21E9 
 102      8DCDD2D2 
 103 00ab 2D8670E9 		.ascii	"-\206p\351i\340].\000\215\276\003\")\225aZ\266\023\362"
 103      69E05D2E 
 103      008DBE03 
 103      22299561 
ARM GAS  C:\cygwin\tmp\ccmjDLge.s 			page 7


 103      5AB613F2 
 104 00bf 5C481A4A 		.ascii	"\\H\032J@\336@4\372\020AS\350\237\023\214w\344=\011"
 104      40DE4034 
 104      FA104153 
 104      E89F138C 
 104      77E43D09 
 105 00d3 33EF2DE5 		.ascii	"3\357-\345\344\216\023>\376~\316\024\233\375\221<d\224"
 105      E48E133E 
 105      FE7ECE14 
 105      9BFD913C 
 105      6494
 106 00e5 10EB52FB 		.ascii	"\020\353R\373\300\011\330!\320\355zz|P\255\312\214\002"
 106      C009D821 
 106      D0ED7A7A 
 106      7C50ADCA 
 106      8C02
 107 00f7 307059BE 		.ascii	"0pY\276\332\177\253\226\226\022\032p\231\036\036\311"
 107      DA7FAB96 
 107      96121A70 
 107      991E1EC9 
 108 0107 1AEA1920 		.ascii	"\032\352\031 \317\223\177]?\242\032\217\373~\267\237"
 108      CF937F5D 
 108      3FA21A8F 
 108      FB7EB79F 
 109 0117 3FFAD1A3 		.ascii	"?\372\321\243\237\370\371tCF)8\011\012A\341\013\330"
 109      9FF8F974 
 109      43462938 
 109      090A41E1 
 109      0BD8
 110 0129 0E23B09D 		.ascii	"\016#\260\235\301\321\2738\261v\264\306JS\372\006\030"
 110      C1D1BB38 
 110      B176B4C6 
 110      4A53FA06 
 110      18
 111 013a 85469D18 		.ascii	"\205F\235\030N\201\205\242*\262\240\323\354\257\177"
 111      4E8185A2 
 111      2AB2A0D3 
 111      ECAF7F
 112 0149 2F7AEA59 		.ascii	"/z\352Y\206\357\032\035\030\014\007\360\003\013\221"
 112      86EF1A1D 
 112      180C07F0 
 112      030B91
 113 0158 00DE80D3 		.ascii	"\000\336\200\323\367\303\303\030G\027\362\207\263\256"
 113      F7C3C318 
 113      4717F287 
 113      B3AE
 114 0166 8A73F4DA 		.ascii	"\212s\364\332\342\355\222\031D\017.\204\375\236.\207"
 114      E2ED9219 
 114      440F2E84 
 114      FD9E2E87 
 115 0176 82B3FF11 		.ascii	"\202\263\377\021<\016\215\331=y\177}=\345\347{k/\364"
 115      3C0E8DD9 
 115      3D797F7D 
 115      3DE5E77B 
 115      6B2FF4
 116 0189 FD117A04 		.ascii	"\375\021z\004\004\021\222\014\254\330\303\340\257\303"
 116      0411920C 
ARM GAS  C:\cygwin\tmp\ccmjDLge.s 			page 8


 116      ACD8C3E0 
 116      AFC3
 117 0197 5F97ED1E 		.ascii	"_\227\355\036\317\303\002ak\360cFx\035\345\275md\255"
 117      CFC30261 
 117      6BF06346 
 117      781DE5BD 
 117      6D64AD
 118 01aa 63433D43 		.ascii	"cC=C\011Q\302rKB\224\245\304A\025\241\2334\343\362u"
 118      0951C272 
 118      4B4294A5 
 118      C44115A1 
 118      9B34E3F2 
 119 01bf E9C73233 		.ascii	"\351\30723?\330$\264\305\374Sw/Vj\223\367\374>\337\217"
 119      3FD824B4 
 119      C5FC5377 
 119      2F566A93 
 119      F7FC3EDF 
 120 01d4 A2EDB0D2 		.ascii	"\242\355\260\322*^\351\037}{\030\206\272z\330l\303\031"
 120      2A5EE91F 
 120      7D7B1886 
 120      BA7AD86C 
 120      C319
 121 01e6 48C20415 		.ascii	"H\302\004\025\202{\353\313g\306B:\304\357\005\002:\013"
 121      827BEBCB 
 121      67C6423A 
 121      C4EF0502 
 121      3A0B
 122 01f8 C3282E7C 		.ascii	"\303(.|\011IA\231\225H\333\2249\312\224R\012\304\022"
 122      09494199 
 122      9548DB94 
 122      39CA9452 
 122      0AC412
 123 020b 744F962F 		.ascii	"tO\226/W\324\326\363\301\022\210;\037\017\002|\005V"
 123      57D4D6F3 
 123      C112883B 
 123      1F0F027C 
 123      0556
 124 021d 4AB9D524 		.ascii	"J\271\325$\025\223\374sn\376\3750\321\241\250W\261f"
 124      1593FC73 
 124      6EFEFD30 
 124      D1A1A857 
 124      B166
 125 022f 0741E1EB 		.ascii	"\007A\341\353\200\317\247}\347*\265\261\323D4\004\337"
 125      80CFA77D 
 125      E72AB5B1 
 125      D3443404 
 125      DF
 126 0240 209535BE 		.ascii	" \2255\276jp\016b\002Y\370;\011\227R!63\351\235S:\225"
 126      6A700E62 
 126      0259F83B 
 126      09975221 
 126      3633E99D 
 127 0257 B715FB95 		.ascii	"\267\025\373\225\377\305\31616\275M\230\334\204=N\330"
 127      FFC5CE31 
 127      36BD4D98 
 127      DC843D4E 
 127      D8
ARM GAS  C:\cygwin\tmp\ccmjDLge.s 			page 9


 128 0268 9E102B00 		.ascii	"\236\020+\000\233%E\355\037\333P\025\246 )G\354\224"
 128      9B2545ED 
 128      1FDB5015 
 128      A6202947 
 128      EC94
 129 027a AAF70A77 		.ascii	"\252\367\012w^C\231\014\201oQ!\241\273Gn\346\236\324"
 129      5E43990C 
 129      816F5121 
 129      A1BB476E 
 129      E69ED4
 130 028d 8C6AAA8B 		.ascii	"\214j\252\21376\025\217J\273)|\036\347\211\032\\ \311"
 130      3736158F 
 130      4ABB297C 
 130      1EE7891A 
 130      5C20C9
 131 02a0 31F6D867 		.ascii	"1\366\330g5\024\271\265\220\010;\253\300\371[tFl\364"
 131      3514B9B5 
 131      90083BAB 
 131      C0F95B74 
 131      466CF4
 132 02b3 4F0DBEFB 		.ascii	"O\015\276\373S\356q\235+B\016t;\213 \377-#\242\275\226"
 132      53EE719D 
 132      2B420E74 
 132      3B8B20FF 
 132      2D23A2BD 
 133 02c8 724F68AF 		.ascii	"rOh\257(\345\254\366b!\243|\320\246\300>\021\2344\007"
 133      28E5ACF6 
 133      6221A37C 
 133      D0A6C03E 
 133      119C3407 
 134 02dc 2BA117EC 		.ascii	"+\241\027\354#\365\261\027\316\232\032)\274\271\230"
 134      23F5B117 
 134      CE9A1A29 
 134      BCB998
 135 02eb 07EB7C91 		.ascii	"\007\353|\221u\346g\233G\235\177\201\364Bj\277\306P"
 135      75E6679B 
 135      479D7F81 
 135      F4426ABF 
 135      C650
 136 02fd 084387BB 		.ascii	"\010C\207\273\002\022OS\375X>\204\\\214B\345\215\025"
 136      02124F53 
 136      FD583E84 
 136      5C8C42E5 
 136      8D15
 137 030f C02D4FFD 		.ascii	"\300-O\375N\206\210q\276B\002[t\017\321\0253)\023\320"
 137      4E868871 
 137      BE42025B 
 137      740FD115 
 137      332913D0 
 138 0323 606F28BE 		.ascii	"`o(\276Z\272q\\=X7#\320m\032\211T\037\210\213\357u\006"
 138      5ABA715C 
 138      3D583723 
 138      D06D1A89 
 138      541F888B 
 139 033a 7758A19B 		.ascii	"wX\241\233\223\201\216u\024p\237\216u\254\220C\012A"
 139      93818E75 
 139      14709F8E 
ARM GAS  C:\cygwin\tmp\ccmjDLge.s 			page 10


 139      75AC9043 
 139      0A41
 140 034c 9542068B 		.ascii	"\225B\006\2132qcC\224m\017+\312%\026\205/\322\354\026"
 140      32716343 
 140      946D0F2B 
 140      CA251685 
 140      2FD2EC16 
 141 0360 510C84D1 		.ascii	"Q\014\204\321\242\340\314\261\360\250\353\354S|\305"
 141      A2E0CCB1 
 141      F0A8EBEC 
 141      537CC5
 142 036f 42A400B3 		.ascii	"B\244\000\263->\255}\3531\001B/\226\012C\236\356\276"
 142      2D3EAD7D 
 142      EB310142 
 142      2F960A43 
 142      9EEEBE
 143 0382 51F8AE8A 		.ascii	"Q\370\256\212;?\330z\015?5\244\350a\342\032#\372\247"
 143      3B3FD87A 
 143      0D3F35A4 
 143      E861E21A 
 143      23FAA7
 144 0395 56E74D8A 		.ascii	"V\347M\212\360\300y\370\2761W\3257z\347\007\226\315"
 144      F0C079F8 
 144      BE3157D5 
 144      377AE707 
 144      96CD
 145 03a7 E6AC8F7B 		.ascii	"\346\254\217{\376\001,\025\276\307\222\340\262n\217"
 145      FE012C15 
 145      BEC792E0 
 145      B26E8F
 146 03b6 B8FFC16F 		.ascii	"\270\377\301o\267\257E\202\276\362\022=\375+\320\214"
 146      B7AF4582 
 146      BEF2123D 
 146      FD2BD08C 
 147 03c6 D5CE7357 		.ascii	"\325\316sW\241\306\346\211\217-(K\227\032\33326\266"
 147      A1C6E689 
 147      8F2D284B 
 147      971ADB32 
 147      36B6
 148 03d8 F20BBA6F 		.ascii	"\362\013\272o\360&\240\025\257\314SMM\261\370[\255\257"
 148      F026A015 
 148      AFCC534D 
 148      4DB1F85B 
 148      ADAF
 149 03ea B7BEF872 		.ascii	"\267\276\370r\254\255#\326\322\266o_\333\376XG\347\336"
 149      ACAD23D6 
 149      D2B66F5F 
 149      DBFE5847 
 149      E7DE
 150 03fc F6CE0389 		.ascii	"\366\316\003\211\330\256=\273\343\273\017\2225\321\372"
 150      D8AE3DBB 
 150      E3BB0F92 
 150      35D1FA
 151 040b CE9BED1D 		.ascii	"\316\233\355\035\261\347\343\361XK{gsS\213P\355{\023"
 151      B1E7E3F1 
 151      584B7B67 
 151      73538B50 
ARM GAS  C:\cygwin\tmp\ccmjDLge.s 			page 11


 151      ED7B13
 152 041e B2330189 		.ascii	"\2623\001\211\177\000\300y3\250"
 152      7F00C079 
 152      33A8
 153              		.text
 154              		.section	.gnu.lto_ram_areas.2d26d6de,"",%progbits
 155 0000 789C75D1 		.ascii	"x\234u\321KO\023Q\030\306\361\363\316i\031P\356r\361"
 155      4B4F1351 
 155      18C6F1F3 
 155      CE691950 
 155      EE72F1
 156 0013 52F51B74 		.ascii	"R\365\033t\202\253\032c\002\351\302\025\221\310'\320"
 156      82AB1A63 
 156      02E9C215 
 156      91C827D0 
 157 0023 C6842642 		.ascii	"\306\204&BI[\023w\235\005\303\305=+X\270\220 r\261\334"
 157      495B1377 
 157      9D05C3C5 
 157      3D2B58B8 
 157      902072B1 
 158 0038 6911A948 		.ascii	"i\021\251HU\024T\274\254\334\270 \256\\\021\010\011"
 158      551454BC 
 158      ACDCB820 
 158      AE5C1108 
 158      09
 159 0049 F733F3CC 		.ascii	"\3673\363\314B\246y\317b\376\311{NN~9\343\023$\354\325"
 159      42A679CF 
 159      62FEC97B 
 159      4E4E7E39 
 159      E31324EC 
 160 005e E417E296 		.ascii	"\344\027\342\226\300:\322(\223\371\367[O\035\231\275"
 160      C03AD228 
 160      93F9F75B 
 160      4F1D99BD 
 161 006e A6F96768 		.ascii	"\246\371gh\277E\267\244\350\223\005[\34649\033T\260"
 161      BF45B7A4 
 161      E893055B 
 161      E634391B 
 161      54B0
 162 0080 9170E65A 		.ascii	"\221p\346Z\301\274\304\231Kg\276\373wk\27184g\366>3"
 162      C1BCC499 
 162      4B67BEFB 
 162      776BB938 
 162      3467F63E 
 163 0095 1B2D49C7 		.ascii	"\033-I\307\232\240\227\224:\326\210F\354h\364\302\216"
 163      9AA09794 
 163      3AD68846 
 163      EC68F4C2 
 163      8E
 164 00a6 A4614AD9 		.ascii	"\244aJ\331\307w\236Z{rG\263\244F\372\331[sK=\267\235"
 164      C7779E5A 
 164      7B7247B3 
 164      A446FAD9 
 164      5B734B3D 
 165 00bc 7B7D1CD0 		.ascii	"{}\034\320\317\000\213\030\240\316\001\323\000\276\002"
 165      CF008B18 
 165      A0CE01D3 
ARM GAS  C:\cygwin\tmp\ccmjDLge.s 			page 12


 165      00BE02
 166 00cb 7002C071 		.ascii	"p\002\300q\000\267\016\306\263\345\000\026y\200\363"
 166      00B70EC6 
 166      B3E50016 
 166      7980F3
 167 00da 2EB09803 		.ascii	".\260\230\003\2260\300s\014\360<\007\234\003p\026\300"
 167      9630C073 
 167      0CF03C07 
 167      9C037016 
 167      C0
 168 00eb 1900A701 		.ascii	"\031\000\247\001\\{\236=,\005\320\357\001N\272\300R"
 168      5C7B9E3D 
 168      2C05D0EF 
 168      014EBAC0 
 168      52
 169 00fc 0E58C600 		.ascii	"\016X\306\000\313\031`\005\007|\015\340\"\200Y\0003"
 169      CB196005 
 169      077C0DE0 
 169      22805900 
 169      33
 170 010d 006E76A5 		.ascii	"\000nv\245\007\335_\354\363\000\007\\`%\007\254b\200"
 170      07DD5FEC 
 170      F300075C 
 170      602507AC 
 170      6280
 171 011f D50CF002 		.ascii	"\325\014\360\002\007\\\001\360-\2009\000\227\001\\\331"
 171      075C01F0 
 171      2D803900 
 171      97015CD9 
 172 012f 4E0FBB2F 		.ascii	"N\017\273/(=\300~\027X\303\001k\031`\035\003\254\347"
 172      283DC07E 
 172      1758C301 
 172      6B19601D 
 172      03ACE7
 173 0142 801F01FC 		.ascii	"\200\037\001\374\000\340{\000\363\000\346O\366r\025"
 173      00E07B00 
 173      F300E64F 
 173      F67215
 174 0151 006A1EE0 		.ascii	"\000j\036\340I7\200\0279\340%\006x\231\001^\341\200"
 174      49378017 
 174      39E02506 
 174      7899015E 
 174      E180
 175 0163 5F00DC00 		.ascii	"_\000\334\000p\035\300\317\000\376/:pE\001Nt\225\021"
 175      701DC0CF 
 175      00FE2F3A 
 175      7045014E 
 175      749511
 176 0176 5D6344D7 		.ascii	"]cD\3279\321\017\210\276C\264\011\3217\210\272\006\362"
 176      39D10F88 
 176      BE43B409 
 176      D13788BA 
 176      06F2
 177 0188 FB3A8E9B 		.ascii	"\373:\216\233\322\222\222\032\002\364\223Bt#@_U>Q\200"
 177      D292921A 
 177      02F49342 
 177      7423405F 
ARM GAS  C:\cygwin\tmp\ccmjDLge.s 			page 13


 177      553E5180 
 178 019c D6545755 		.ascii	"\326TWU\337\251\276Q]R]P\235W\235R\235T\035S\035\245"
 178      DFA9BE51 
 178      5D525D50 
 178      9D579D52 
 178      9D541D53 
 179 01b2 90A05FEA 		.ascii	"\220\240_\352s3\0304\302m\321\007\321\273\255F,aDb\355"
 179      73331834 
 179      C26DD107 
 179      D1BBAD46 
 179      2C614462 
 180 01c7 EDB10E23 		.ascii	"\355\261\016#\221\274\037O>\3564\232\3565\207\233\237"
 180      91BC1F4F 
 180      3EEE349A 
 180      EE35879B 
 180      9F
 181 01d8 D8D3CEE8 		.ascii	"\330\323\316\350\243\207\361\204q'\0346\"\361dC0\"N"
 181      A387F184 
 181      71271C36 
 181      22F16443 
 181      30224E
 182 01eb 01E35F1D 		.ascii	"\001\343_\035\022"
 182      12
 183              		.text
 184              		.section	.gnu.lto_.symbol_nodes.2d26d6de,"",%progbits
 185 0000 789C55CD 		.ascii	"x\234U\315IR\302`\000D\341\227I\031\234\022QP@\302I"
 185      4952C260 
 185      0044E197 
 185      49199C12 
 185      515040C2 
 186 0015 B80CF7F8 		.ascii	"\270\014\367\3709\002\347a%\203\003\240\021\020EeP\304"
 186      3902E761 
 186      258303A0 
 186      11104565 
 186      50C4
 187 0027 8390F4C6 		.ascii	"\203\220\364\306\312\352\253z\325U\355b\321\264\000"
 187      CAEAAB7A 
 187      D555ED62 
 187      D1B400
 188 0036 FB1603ED 		.ascii	"\373\026\003\355\210\204N\253\036\227.\306J\227\036"
 188      88844EAB 
 188      1E972EC6 
 188      4A971E
 189 0045 C64E973E 		.ascii	"\306N\227>\306\371/~\\\006\0307\265\361\032\264\002"
 189      C6F92F7E 
 189      5C061837 
 189      B5F11AB4 
 189      02
 190 0056 70BC3BAC 		.ascii	"p\274;\2540~\362\356\261\345\003\216|\304\225C<9\342"
 190      307EF2EE 
 190      B1E5038E 
 190      7CC49543 
 190      3C39E2
 191 0069 408E3994 		.ascii	"@\2169\224Od\3443Y\031\221\223/\344\345\204#9\345X\316"
 191      4F64E433 
 191      59199193 
 191      2FE4E584 
ARM GAS  C:\cygwin\tmp\ccmjDLge.s 			page 14


 191      2339E558 
 192 007e 3891AF9C 		.ascii	"8\221\257\234\3129g\362\015_\276\023\310\005\347\362"
 192      CA3967F2 
 192      0D5FBE13 
 192      C805E7F2 
 193 008e 8382FCE4 		.ascii	"\203\202\374\344B~q)\227\024\345\212\222\\s%7\\\313"
 193      427E7129 
 193      9714E58A 
 193      925C7325 
 193      375CCB
 194 00a1 6FCAF287 		.ascii	"o\312\362\207\212\334R\225\277\334\310\0355\371G\230"
 194      8ADC5295 
 194      BFDCC81D 
 194      35F94798 
 195 00b1 C81E191C 		.ascii	"\310\036\031\0348\345"
 195      38E5
 196              		.text
 197              		.section	.gnu.lto_.refs.2d26d6de,"",%progbits
 198 0000 789C05C1 		.ascii	"x\234\005\301\013\026BP\024\000\300\333\034O\037*\351"
 198      0B164250 
 198      1400C0DB 
 198      1C4F1F2A 
 198      E9
 199 0011 23858456 		.ascii	"#\205\204V\323\376\367c&\213M\374#B&\221\2061\311m\355"
 199      D3FEF763 
 199      268B4DFC 
 199      23422691 
 199      8631C96D 
 200 0026 EC1D144A 		.ascii	"\354\035\024JG'g\225\213\332\325\315\335C\343\251\365"
 200      47276795 
 200      8BDAD5CD 
 200      DD43E3A9 
 200      F5
 201 0037 F2D6E90D 		.ascii	"\362\326\351\015>F_\223\331\342\027+|\302\003\232"
 201      3E465F93 
 201      D9E2172B 
 201      7CC2039A 
 202              		.text
 203              		.section	.gnu.lto_.decls.2d26d6de,"",%progbits
 204 0000 789C8596 		.ascii	"x\234\205\226kP\024W\026\307\373\316\035a\030\306\201"
 204      6B501457 
 204      16C7FBCE 
 204      1D6118C6 
 204      81
 205 0011 422A656D 		.ascii	"B*em\221\015I\231\322\252\335@\360Y\331O\331rk\363)"
 205      910D4999 
 205      D2AADD40 
 205      F059D94F 
 205      D9726BF3 
 206 0026 BB5B9B5D 		.ascii	"\273[\233]?Q\325\2058\273R\213\203\005cE\277l5  *a\210"
 206      3F51D585 
 206      38BB528B 
 206      83056345 
 206      BF6C3520 
 207 003e 0F9E2AA0 		.ascii	"\017\236*\240Q!(\310Ky\250\243\022\202\274\034\304\027"
 207      512128C8 
 207      4B79A8A3 
ARM GAS  C:\cygwin\tmp\ccmjDLge.s 			page 15


 207      1282BC1C 
 207      C417
 208 0050 F21A408D 		.ascii	"\362\032@\215 (/EDe\317=\267\347\331\303\246\213\177"
 208      20282F45 
 208      4465CF3D 
 208      B7E7D9C3 
 208      A68B7F
 209 0063 4FDF9EF3 		.ascii	"O\337\236\363\373\237{\317=\335\214Z \002;B\002\005"
 209      FB9F7BCF 
 209      3DDD8C5A 
 209      20023B42 
 209      0205
 210 0075 41A482B0 		.ascii	"A\244\202\260W%\010\213p\370\302\275-\202\363X\006*"
 210      5725088B 
 210      70F8C2BD 
 210      2D82F358 
 210      062A
 211 0087 0755826A 		.ascii	"\007U\202j@\365\240F\320\307\240\001\220\0154\014z\004"
 211      40F5A046 
 211      D0C7A001 
 211      900D340C 
 211      7A04
 212 0099 7A027A0A 		.ascii	"z\002z\012\032\003\215\203\236\203&A\323\240Y\320+\320"
 212      1A038D83 
 212      9E832641 
 212      D3A059D0 
 212      2BD0
 213 00ab 6BD01BD0 		.ascii	"k\320\033\320[\320{\226\000\246\241\002\251A> \015H"
 213      5BD07B96 
 213      00A6A102 
 213      A9413E20 
 213      0D48
 214 00bd 0BD281F4 		.ascii	"\013\322\201\364\240@P\020(\030\364\001h%\3507\240\020"
 214      A0405010 
 214      2818F401 
 214      6825E837 
 214      A010
 215 00cf D06F89E0 		.ascii	"\320o\211\340v\224s;\307\374\211|\317\363\250\364\022"
 215      7694733B 
 215      C7FC897C 
 215      CFF3A8F4 
 215      12
 216 00e0 57E925AE 		.ascii	"W\351%\256\306K\\\215\227\270z/q\365^\342X\335tr\\\020"
 216      C64B5C8D 
 216      97B87A2F 
 216      71F55EE2 
 216      58DD7472 
 217 00f6 2818F411 		.ascii	"(\030\364\021\004\267\303\347jP(\\\367\303g\037\350"
 217      04B7C3E7 
 217      6A50285C 
 217      F7C3671F 
 217      E8
 218 0107 63B86E83 		.ascii	"c\270n\203\317\277\201\324\240\373\240n\320\035\320"
 218      CFBF81D4 
 218      A0FBA06E 
 218      D01DD0
 219 0116 6D3947A3 		.ascii	"m9G\243\3749\340\221g@f\332e/\226\247\177\011\037v\204"
ARM GAS  C:\cygwin\tmp\ccmjDLge.s 			page 16


 219      FC39E091 
 219      674066DA 
 219      652F96A7 
 219      7F091F76 
 220 012b 0ABC9621 		.ascii	"\012\274\226!rmW\312\265\016\226k\037(\357\205N\336"
 220      726D57CA 
 220      B50E966B 
 220      1F28EF85 
 220      4EDE
 221 013d 1B8DBC57 		.ascii	"\033\215\274Wjy\357\330$\330^\262=e{\313\366\230\355"
 221      6A79EFD8 
 221      24D85EB2 
 221      3D657BCB 
 221      F698ED
 222 0150 35DB73B6 		.ascii	"5\333s\266\367\254\007X/\260\236`\275\301z\204\365\012"
 222      F7AC0758 
 222      2FB09E60 
 222      BDC17A84 
 222      F50A
 223 0162 EB19D63B 		.ascii	"\353\031\326;6\217\371\277S\221\313\335\013\235\352"
 223      368FF9BF 
 223      5391CBDD 
 223      0B9DEA
 224 0171 5ED243A0 		.ascii	"^\322C\240-I \257*\341g\202\022\270p\010\027*<\013\316"
 224      2D4920AF 
 224      2AE16782 
 224      12B87008 
 224      172A3C0B 
 225 0186 5BC41E28 		.ascii	"[\304\036(\217U\366K\301a\206\1772\217\275\217\007_"
 225      8F55F64B 
 225      C161867F 
 225      328FBD8F 
 225      075F
 226 0198 8FC39DC8 		.ascii	"\217\303\235\310\020\037\333\367\227\310c\2253\001\341"
 226      101FDBF7 
 226      97C86395 
 226      3301E1
 227 01a7 433BE0E2 		.ascii	"C;\340\342\307\247+\3339\347\354X\023\261/\372\342\303"
 227      C7A72BDB 
 227      39E7EC58 
 227      13B12FFA 
 227      E2C3
 228 01b9 CC9F7D28 		.ascii	"\314\237}(T\024\256;\372&\312\226Q=^W\024\274\355\322"
 228      5414AE3B 
 228      FA26CA96 
 228      513D5E57 
 228      14BCEDD2 
 229 01cd A8618925 		.ascii	"\250a\211%\204\362\310\301\371\263\177\016+\223\340"
 229      84F2C8C1 
 229      F9B37F0E 
 229      2B93E0
 230 01dc 304B92EA 		.ascii	"0K\222\352w\316\272u\355\255(\240\263*\022\244%j\030"
 230      77CEBA75 
 230      EDAD28A0 
 230      B32A12A4 
 230      256A18
 231 01ef 4E75E48D 		.ascii	"Nu\344\215\350a\030\254%\2410|w3?O\265\362(r\311R\250"
ARM GAS  C:\cygwin\tmp\ccmjDLge.s 			page 17


 231      E86118AC 
 231      25A1307C 
 231      77333F4F 
 231      B5F22872 
 232 0206 9A6CF980 		.ascii	"\232l\371\200\234#!\244\214\204\3004\316\223\225p\336"
 232      9C2321A4 
 232      8C84C034 
 232      CE939570 
 232      DE
 233 0217 AAE64E4D 		.ascii	"\252\346NM\017z\036k?)\224\012\013%\333\274-\370h\262"
 233      0F7A1E6B 
 233      3F29940A 
 233      0B25DBBC 
 233      2DF868B2 
 234 022b D402B942 		.ascii	"\324\002\271BY\0249K(\371\221\204At)Q\263\021[\305\031"
 234      5914394B 
 234      28F99184 
 234      41742951 
 234      B3115BC5 
 235 0240 D20BEB2A 		.ascii	"\322\013\353*'\237\260\274\023\231\235\001t\313\022"
 235      279FB0BC 
 235      13999D01 
 235      74CB12
 236 024f B3BF7FEF 		.ascii	"\263\277\177\357H\207\037\267\266\274j\325I\346\"I\372"
 236      48871FB7 
 236      B6BC6AD5 
 236      49E62249 
 236      FA
 237 0260 128D2B1C 		.ascii	"\022\215+\034\306\027\300\270\302\325\270\022\215_\334"
 237      C617C0B8 
 237      C2D5B812 
 237      8D5FDC
 238 026f 991CA034 		.ascii	"\231\034\2404z\011cK\352;\275\354[\331\346\352[\345"
 238      7A09634B 
 238      EA3BBDEC 
 238      5BD9E6EA 
 238      5BE5
 239 0281 F0AD06DF 		.ascii	"\360\255\006\337*W\337\032\364-\351yy\335\237\306\241"
 239      2A57DF1A 
 239      F42DE979 
 239      79DD9FC6 
 239      A1
 240 0292 EF899BC3 		.ascii	"\357\211\233\303E:\372_\274\036}z\2477\200\345\270h"
 240      453AFA5F 
 240      BC1E7D7A 
 240      A73780E5 
 240      B868
 241 02a4 CF3192DE 		.ascii	"\3171\222\336\325\350g\317J.\0215\273y\370\365\302d"
 241      D5E867CF 
 241      4A2E1135 
 241      BB79F8F5 
 241      C264
 242 02b6 00CB5C24 		.ascii	"\000\313\\$Y\372\3342\327:2\327A\346Z\327\314\365\230"
 242      59FADC32 
 242      D73A32D7 
 242      41E65AD7 
 242      CCF598
ARM GAS  C:\cygwin\tmp\ccmjDLge.s 			page 18


 243 02c9 D99A7320 		.ascii	"\331\232s \225\3204\202\351\206Go\331\010\363\251\220"
 243      95D03482 
 243      E986476F 
 243      D908F3A9 
 243      90
 244 02da 2CE64EF0 		.ascii	",\346N\360I\264\3734\330}\004v\3514iD\223\272\316C7"
 244      49B4FB34 
 244      D87D0476 
 244      E9346944 
 244      93BACE43 
 245 02ef F434879B 		.ascii	"\3644\207\233\324>\271\331\254\345= \021\266\353\367"
 245      D43EB9D9 
 245      ACE53D20 
 245      11B6EBF7 
 246 02ff 9E3511DE 		.ascii	"\2365\021\336\004\222\006\306\263\373S\346\344\036\361"
 246      049206C6 
 246      B3FB53E6 
 246      E41EF1
 247 030e 8561C3B0 		.ascii	"\205a\303\2605I\247\335'7EP\213\236}\341\354\212kD\013"
 247      3549A7DD 
 247      27374550 
 247      8B9E7DE1 
 247      EC8A6B44 
 248 0323 E7F01062 		.ascii	"\347\360\020b\201!\204\3475\314\266.\34343K\233iJR\323"
 248      812184E7 
 248      35CCB62E 
 248      E334334B 
 248      9B694A52 
 249 0338 629EB9BF 		.ascii	"b\236\271\277\245\344G\346\274ZKX\353\007\300\255\362"
 249      A5E447E6 
 249      BC5A4B58 
 249      EB07C0AD 
 249      F2
 250 0349 F1BAF9E5 		.ascii	"\361\272\371\345\374\026\213\270\2359}\312\227\236\303"
 250      FC168BB8 
 250      9D397DCA 
 250      979EC3
 251 0358 70557346 		.ascii	"pUsFU\245?Y\243=\315r\333\246\332\376\224\225\006\335"
 251      55A53F59 
 251      A33DCD72 
 251      DBA6DAFE 
 251      949506DD 
 252 036c 4C5A8896 		.ascii	"LZ\210\2264;\227\273\032\362\0130\275$yz\202cr\344g"
 252      343B97BB 
 252      1AF20B30 
 252      BD24797A 
 252      826372E4 
 253 0381 B28619B3 		.ascii	"\262\206\031\263@\362\023\334l\342S,9\225U\354C\247"
 253      40F213DC 
 253      6CE2532C 
 253      399555EC 
 253      43A7
 254 0393 7992DCEA 		.ascii	"y\222\334\352\3229\255#\311\\\346zxl\002I\033\344\270"
 254      D239AD23 
 254      C95CE67A 
 254      786C0249 
 254      1BE4B8
ARM GAS  C:\cygwin\tmp\ccmjDLge.s 			page 19


 255 03a6 E9CCD142 		.ascii	"\351\314\321B\226N\322\352=\211t\367x\260n\277\223@"
 255      964ED2EA 
 255      3D8974F7 
 255      78B06EBF 
 255      9340
 256 03b8 4B67D9DA 		.ascii	"Kg\331\332\211N~$\333\3323\256\370\322R\376X\233\237"
 256      894E7E24 
 256      DBDA33AE 
 256      F8D252FE 
 256      589B9F
 257 03cb 175CF6A7 		.ascii	"\027\\\366\247\325|p{\262\375\230?/e\240\313\276\005"
 257      D57C707B 
 257      B2FD983F 
 257      2F65A0CB 
 257      BE05
 258 03dd CBFB766B 		.ascii	"\313\373vk|\356\222\226\336\300X\237S\211\211VJV\255"
 258      7CEE9296 
 258      DEC0589F 
 258      53898956 
 258      4A56AD
 259 03f0 5AB566C5 		.ascii	"Z\265f\305\252b\226\025\036\312o\016\301C\3719KE\272"
 259      AA629615 
 259      1ECA6F0E 
 259      C143F939 
 259      4B45BA
 260 0403 602DF7C8 		.ascii	"`-\367\310\012\347\254\257\343,\316\261\263\200\361"
 260      0AE7ACAF 
 260      E32CCEB1 
 260      B380F1
 261 0412 963E8394 		.ascii	"\226>\203\224\356\203\301\035\236\301\341\236\261\003"
 261      EE83C11D 
 261      9EC1E19E 
 261      B103
 262 0420 8ED81BDE 		.ascii	"\216\330\033\336\215#X,\226\324\322c\220$\015\213\021"
 262      8D23582C 
 262      96D4D263 
 262      90240D8B 
 262      11
 263 0431 E46AB223 		.ascii	"\344j\262#K~7I\304$\020+\260\267\020cN\020D\356BM\357"
 263      4B7E3749 
 263      C424102B 
 263      B0B71063 
 263      4E1044EE 
 264 0448 9355A41B 		.ascii	"\223U\244\033t\007t\233\254B\214g\357\035%\271\222e"
 264      7407749B 
 264      AC428C67 
 264      EF1D25B9 
 264      9265
 265 045a 2FC50974 		.ascii	"/\305\011tz\235,\346\207\032\335{\320\325\354G\255X"
 265      7A9D2CE6 
 265      871ADD7B 
 265      D0D5EC47 
 265      AD58
 266 046c 23D5F4AB 		.ascii	"#\325\364\253\362Gj\262b\215\327\344\344!\344\374\265"
 266      F2476AB2 
 266      628DD7E4 
 266      E421E4FC 
ARM GAS  C:\cygwin\tmp\ccmjDLge.s 			page 20


 266      B5
 267 047d FC7C4533 		.ascii	"\374|E3\313\241\013{ \364\201\263C\330\3720c\301\225"
 267      CBA10B7B 
 267      20F481B3 
 267      43D8FA30 
 267      63C195
 268 0490 B6D3FA20 		.ascii	"\266\323\372 \263\234\342K\023\006^\205$Wp\205\275$"
 268      B39CE24B 
 268      13065E85 
 268      24577085 
 268      BD24
 269 04a2 C8FED0B0 		.ascii	"\310\376\320\260\350\241\331\361n\325\012yB\226%'$x"
 269      E8A1D9F1 
 269      6ED50A79 
 269      42962527 
 269      2478
 270 04b4 9D0DFB97 		.ascii	"\235\015\373\227\260ot\314\3075[\337\377\313\366\352"
 270      B06F74CC 
 270      C7355BDF 
 270      FFCBF6EA 
 271 04c4 CC7015F9 		.ascii	"\314p\025\371\364\244d\205\027\340|\352G\211\222EM\372"
 271      F4A46485 
 271      17E07CEA 
 271      47899245 
 271      4DFA
 272 04d6 4910B9CC 		.ascii	"I\020\271\314\327\341\002\262;\377\200\227\330\000\371"
 272      D7E102B2 
 272      3BFF8097 
 272      D800F9
 273 04e5 14B8E9D9 		.ascii	"\024\270\351\331\214\352\000j\343]y\252\370\247#Z0\261"
 273      8CEA006A 
 273      E35D79AA 
 273      F8A7235A 
 273      30B1
 274 04f7 C14E6435 		.ascii	"\301Nd5\007\347J\327\325\330\333\203\262\211\263\307"
 274      07E74AD7 
 274      D5D8DB83 
 274      B289B3C7 
 275 0507 07D98B88 		.ascii	"\007\331\213\210\330\320b,\343\356b\000\235\341\026"
 275      D8D0622C 
 275      E3EE6200 
 275      9DE116
 276 0516 0DD9597D 		.ascii	"\015\331Y}\204[H\371\206\275~\310\017)\370!\344\207"
 276      845B48F9 
 276      86BD7EC8 
 276      0F29F821 
 276      E487
 277 0528 913FFDFE 		.ascii	"\221?\375\376N\255\017M\244\310\317\344\336\252\240"
 277      4EAD0F4D 
 277      A4C8CFE4 
 277      DEAAA0
 278 0537 32DF63E7 		.ascii	"2\337c\347G\024\374\010\362\217\220\317-\235\310\325"
 278      4714FC08 
 278      F28F90CF 
 278      2D9DC8D5 
 279 0547 5233E74F 		.ascii	"R3\347OK#\373\355|n\263\316b&\350\360X\341\360\030\035"
 279      4B23FBED 
ARM GAS  C:\cygwin\tmp\ccmjDLge.s 			page 21


 279      7C6EB3CE 
 279      6226E8F0 
 279      58E1F018 
 280 055c 9EA0C3E3 		.ascii	"\236\240\303\343\033-C\032Z\310\035\006\223\233\222"
 280      1B2D431A 
 280      5AC81D06 
 280      939B92
 281 056b F47211B2 		.ascii	"\364r\021\262]\212\360\213\302\342\027\264x\212\026"
 281      5D8AF08B 
 281      C2E217B4 
 281      788A16
 282 057a 4993D917 		.ascii	"I\223\331\027\374i\025\2678PSf\241\236E\030U\360\243"
 282      FC6915B7 
 282      38505366 
 282      A19E4518 
 282      55F0A3
 283 058d C88F21DF 		.ascii	"\310\217!\337e\251)\365\245\3278\177v\342\367\236%x"
 283      65A929F5 
 283      A5D7387F 
 283      76E2F79E 
 283      2578
 284 059f A6A09F21 		.ascii	"\246\240\237!=\216\364\223\221\203\027|\250\225\323"
 284      3D8EF493 
 284      9183177C 
 284      A895D3
 285 05ae 3947AFDC 		.ascii	"9G\257\334\325+K0\241p\230@\207\347\350\320w\342\314"
 285      D52B4B30 
 285      A1709840 
 285      87E7E8D0 
 285      77E2CC
 286 05c1 BC8EDAB8 		.ascii	"\274\216\332\270C\313\345\347\207}\345\022\034s)\301"
 286      43CBE5E7 
 286      877DE512 
 286      1C7329C1 
 287 05d1 0B85C50B 		.ascii	"\013\205\305\013\264\230D\213\354\372\366\213\276t\206"
 287      B498448B 
 287      ECFAF68B 
 287      BE7486
 288 05e0 5B14A7D7 		.ascii	"[\024\247\327\335\326z\226`J\301O!?\215\374b\347\211"
 288      DDD67A96 
 288      604AC14F 
 288      213F8DFC 
 288      62E789
 289 05f3 0E154D54 		.ascii	"\016\025MT\363]X\274\\\342\343Y\204\031\005?\203\374"
 289      F35D58BC 
 289      5CE2E359 
 289      8419053F 
 289      83FC
 290 0605 2CF2AD8D 		.ascii	",\362\255\215\3377@\037p\276\265\251?\323K\037\274T"
 290      DF37401F 
 290      70BEB5A9 
 290      3FD34B1F 
 290      BC54
 291 0617 38BC4487 		.ascii	"8\274D\207W\350\220s0\375CZ\310\015\016\327\366\226"
 291      57E89073 
 291      30FD435A 
 291      C80D0ED7 
ARM GAS  C:\cygwin\tmp\ccmjDLge.s 			page 22


 291      F696
 292 0629 06C835A8 		.ascii	"\006\3105\250r\251\301\234\302a\016\035^\363g\341|]"
 292      72A9C19C 
 292      C2610E1D 
 292      5EF367E1 
 292      7C5D
 293 063b 8D1FADE2 		.ascii	"\215\037\255\342\026s\355S9\212\032\314+\370y\344\337"
 293      1673ED53 
 293      398A1ACC 
 293      2BF879E4 
 293      DF
 294 064c 20BF5034 		.ascii	" \277P4_\252\246\3278_VW{F\343Y\203\005\005\277\200"
 294      5FAAA6D7 
 294      385F5657 
 294      7B46E359 
 294      830505BF 
 295 0661 FC5BE4F3 		.ascii	"\374[\344\363\013\2167\350\250\225\363\335\203\375\003"
 295      0B8E37E8 
 295      A895F3DD 
 295      83FD03
 296 0670 2A650DDE 		.ascii	"*e\015\336)\034\336\241\303{t8\177\245\277\336\217\332"
 296      291CDEA1 
 296      C37B7438 
 296      7FA5BFDE 
 296      8FDA
 297 0682 B8C37463 		.ascii	"\270\303tcy\322r\271\010u.EXTX,\242\205\244b\026)\257"
 297      79D272B9 
 297      08752E45 
 297      5854582C 
 297      A285A462 
 298 0699 53F33574 		.ascii	"S\3635t\206[\3644g\326(\212\220\250\362\344\341\016"
 298      865BF434 
 298      67D6288A 
 298      90A8F2E4 
 298      E10E
 299 06ab 9C93906F 		.ascii	"\234\223\220o\316\316\250\366\247\211\313\220?rQz\260"
 299      CECEA8F6 
 299      A789CB90 
 299      3F72517A 
 299      B0
 300 06bc CCB308C9 		.ascii	"\314\263\010\311\012>\031\371\275\310\3770k\276\251"
 300      0A3E19F9 
 300      BDC8FF30 
 300      6BBEA9
 301 06cb A666CEE7 		.ascii	"\246f\316\347\375\320\326J\224EHQ8\244\240C*:\244_;"
 301      FDD0D64A 
 301      94454851 
 301      38A4A043 
 301      2A3AA45F 
 302 06e0 5DA2A585 		.ascii	"]\242\245\205\334\241\243\275\246Hn%\313U\227\"\244"
 302      DCA1A3BD 
 302      A6486E25 
 302      CB559722 
 302      A4
 303 06f1 292CD2D0 		.ascii	"),\322\320b\037Z\324\237-\237\206\027\002\267875f\366"
 303      621F5AD4 
 303      9F2D9F86 
ARM GAS  C:\cygwin\tmp\ccmjDLge.s 			page 23


 303      1702B738 
 303      373566F6 
 304 0705 F32C42BA 		.ascii	"\363,B\272\202OG~?\362\227&\036\276\366\241\3278\337"
 304      824F477E 
 304      3FF29726 
 304      1EBEF6A1 
 304      D738DF
 305 0718 F066EC86 		.ascii	"\360f\354\206\342\255x@\301\037@\376 \3623mfx\032\254"
 305      E2AD7840 
 305      C11F40FE 
 305      20F2336D 
 305      66781AAC 
 306 072c 9C3F78D5 		.ascii	"\234?x\325zL\253,B\206\302!\003\035\276C\207\206\306"
 306      7A4CAB2C 
 306      4286C221 
 306      031DBE43 
 306      8786C6
 307 073f 850FA98D 		.ascii	"\205\017\251\215\033\014=\035)\226w\301r\327\245\006"
 307      1B0C3D1D 
 307      299677C1 
 307      72D7A506 
 308 074f 990A874C 		.ascii	"\231\012\207Lt0\243\203\271\274\350-4\002\267\230\377"
 308      7430A383 
 308      B9BCE82D 
 308      3402B798 
 308      FF
 309 0760 EEC021C5 		.ascii	"\356\300!\305\177\206,\005\237\205\374\367|\015\335"
 309      7F862C05 
 309      9F85FCF7 
 309      7C0DDD
 310 076f 65F797D3 		.ascii	"e\367\227\323D\037\344\317\014\235|\254\365\254\301"
 310      441FE4CF 
 310      0C9D7CAC 
 310      F5ACC1
 311 077e 21057F08 		.ascii	"!\005\177\010\371\303\310\333jj\313\365\324\314\371"
 311      F9C3C8DB 
 311      6A6ACBF5 
 311      D4CCF9
 312 078d 7BBDC956 		.ascii	"{\275\311V/\257\305#\012\207#\350p\024\035\316\231G"
 312      2FAFC523 
 312      0A8723E8 
 312      70141DCE 
 312      9947
 313 079f B27D6921 		.ascii	"\262}i!wH)x8\355/\027\241\327\245\010\331\012\213l\264"
 313      77482978 
 313      38ED2F17 
 313      A1D7A508 
 313      D90A8B6C 
 314 07b4 C8418BBC 		.ascii	"\310A\213\274\356\303\360\263\275\212[d_O>\251\366,"
 314      EEC3F0B3 
 314      BD8A5B64 
 314      5F4F3EA9 
 314      F62C
 315 07c6 42AE82CF 		.ascii	"B\256\202\317E>\017\371\361\264"
 315      453E0FF9 
 315      F1B4
 316 07d0 C1016804 		.ascii	"\301\001h\004\316\247.\326v)^\011\371\012>\037\371\002"
ARM GAS  C:\cygwin\tmp\ccmjDLge.s 			page 24


 316      CEA72ED6 
 316      76295E09 
 316      F90A3E1F 
 316      F902
 317 07e2 E4B367DE 		.ascii	"\344\263g\336$C#p\376IMu\235\227\327\3421\205\3031t"
 317      24432370 
 317      FE494D75 
 317      9D97D7E2 
 317      3185C331 
 318 07f7 388E0E9D 		.ascii	"8\216\016\235-\265\017\324n?x\373\\~\225\011\344\204"
 318      2DB50FD4 
 318      6E3F78FB 
 318      5C7E9509 
 318      E484
 319 0809 0A7FF0B2 		.ascii	"\012\177\360\262OVg\353\311\363\304-\232\375\016qF\027"
 319      4F5667EB 
 319      C9F3C42D 
 319      9AFD0E71 
 319      4617
 320 081b CAD18518 		.ascii	"\312\321\205\030\235R\227U\242\261G\233\227\3741M\212"
 320      9D529755 
 320      A2B1479B 
 320      97FC314D 
 320      8A
 321 082c 80F217C5 		.ascii	"\200\362\027\305\350\270x\203\030c\2141\251\2775D\375"
 321      E8B87883 
 321      18638C31 
 321      A9BF3544 
 321      FD
 322 083d 47F3D55F 		.ascii	"G\363\325_\376\031\2729\"B\370\",,|\363\366\230\255"
 322      FE19BA39 
 322      2242F822 
 322      2C2C7CF3 
 322      F698AD
 323 0850 317FFD26 		.ascii	"1\177\375&<.!<:n\307\2168cx\202)*\336\264kg\370\037"
 323      3C2E213C 
 323      3A6EC78E 
 323      38637882 
 323      292ADEB4 
 324 0868 FFFEF5E6 		.ascii	"\377\376\365\346\257w\263\273;cb\015\361\011\341_m\336"
 324      AF77B3BB 
 324      3B63620D 
 324      F109E15F 
 324      6DDE
 325 087a 1C1E1D6F 		.ascii	"\034\036\035o\212\010\213\026t\242h\210\212\217\335"
 325      8A088B16 
 325      74A26888 
 325      8A8FDD
 326 0889 83A69020 		.ascii	"\203\246\220 6\312\304\023\350Eq\233\341_Q\273bM\242"
 326      36CAC413 
 326      E845719B 
 326      E15F51BB 
 326      624DA2
 327 089c 61778C49 		.ascii	"aw\214Ic\204\314\246]\361\306@\021\277\026\343\243v"
 327      6384CCA6 
 327      5DF1C640 
 327      11BF16E3 
ARM GAS  C:\cygwin\tmp\ccmjDLge.s 			page 25


 327      A376
 328 08ae 8851F186 		.ascii	"\210Q\361\206\250\004?\307\2256:\026\274\360Z+\212\273"
 328      A8043FC7 
 328      95363A16 
 328      BCF05A2B 
 328      8ABB
 329 08c0 628CA675 		.ascii	"b\214\246ukE\323\027\321\177\210\214\336\363\357oc\214"
 329      6B45D317 
 329      D17F888C 
 329      DEF3EF6F 
 329      638C
 330 08d2 9151F13B 		.ascii	"\221Q\361;>3\306\031\015\237\031\242\266\306D\306\030"
 330      3E33C619 
 330      0D9F19A2 
 330      B6C644C6 
 330      18
 331 08e3 A363776D 		.ascii	"\243cwm3D\356\210\212\336\036c4D:\362\231\366\3544$"
 331      3344EE88 
 331      8ADE1E63 
 331      34443AF2 
 331      99F6EC34 
 332 08f8 846D1734 		.ascii	"\204m\0274v\213\260_\263H\330\223\020)&\230\266A<p~"
 332      768BB05F 
 332      B348D893 
 332      10292698 
 332      B6413C70 
 333 090d 3841360D 		.ascii	"8A6\015=^\231\014\273\371Pg\214\023\035\337\005\260"
 333      3D5E990C 
 333      BBF95067 
 333      8C131DDF 
 333      05B0
 334 091f 793B46A2 		.ascii	"y;F\242)Hdk\372\\t\"\342r\327[\242^\036\361U\212\001"
 334      2948646B 
 334      FA5C7422 
 334      E272D75B 
 334      A25E1EF1 
 335 0936 F2D018C7 		.ascii	"\362\320\030\307\277\346|\204\222\217p\343#\334\371"
 335      BFE67C84 
 335      928F70E3 
 335      23DCF9
 336 0945 080F7EAD 		.ascii	"\010\017~\255\222_\353\306\257u\347\327z\360\353\224"
 336      925FEBC6 
 336      AF75E7D7 
 336      7AF0EB94 
 337 0955 FC3A377E 		.ascii	"\374:7~\235;\277\316\203_\257\344\327\273\361\353\335"
 337      9D3BBFCE 
 337      835FAFE4 
 337      D7BBF1EB 
 337      DD
 338 0966 F9F51EFC 		.ascii	"\371\365\036\374\006%\277\301\215\337\340\316o\360\340"
 338      0625BFC1 
 338      8DDFE0CE 
 338      6FF0E0
 339 0975 372AF98D 		.ascii	"7*\371\215n\374Fw~\243\007\277I\311or\3437\271\363\233"
 339      6EFC4677 
 339      7EA307BF 
 339      49C96F72 
ARM GAS  C:\cygwin\tmp\ccmjDLge.s 			page 26


 339      E337B9F3 
 340 098a 1CFCFF00 		.ascii	"\034\374\377\000!\377E\215"
 340      21FF458D 
 341              		.text
 342              		.section	.gnu.lto_.symtab.2d26d6de,"",%progbits
 343 0000 5F5F636F 		.ascii	"__core_init\000"
 343      72655F69 
 343      6E697400 
 344 000c 00       		.ascii	"\000"
 345 000d 01       		.ascii	"\001"
 346 000e 00       		.ascii	"\000"
 347 000f 00000000 		.ascii	"\000\000\000\000\000\000\000\000"
 347      00000000 
 348 0017 AF000000 		.ascii	"\257\000\000\000"
 349 001b 5F5F6561 		.ascii	"__early_init\000"
 349      726C795F 
 349      696E6974 
 349      00
 350 0028 00       		.ascii	"\000"
 351 0029 01       		.ascii	"\001"
 352 002a 00       		.ascii	"\000"
 353 002b 00000000 		.ascii	"\000\000\000\000\000\000\000\000"
 353      00000000 
 354 0033 B2000000 		.ascii	"\262\000\000\000"
 355 0037 5F5F6C61 		.ascii	"__late_init\000"
 355      74655F69 
 355      6E697400 
 356 0043 00       		.ascii	"\000"
 357 0044 01       		.ascii	"\001"
 358 0045 00       		.ascii	"\000"
 359 0046 00000000 		.ascii	"\000\000\000\000\000\000\000\000"
 359      00000000 
 360 004e B5000000 		.ascii	"\265\000\000\000"
 361 0052 5F5F6465 		.ascii	"__default_exit\000"
 361      6661756C 
 361      745F6578 
 361      697400
 362 0061 00       		.ascii	"\000"
 363 0062 01       		.ascii	"\001"
 364 0063 00       		.ascii	"\000"
 365 0064 00000000 		.ascii	"\000\000\000\000\000\000\000\000"
 365      00000000 
 366 006c BA000000 		.ascii	"\272\000\000\000"
 367 0070 5F5F696E 		.ascii	"__init_ram_areas\000"
 367      69745F72 
 367      616D5F61 
 367      72656173 
 367      00
 368 0081 00       		.ascii	"\000"
 369 0082 00       		.ascii	"\000"
 370 0083 00       		.ascii	"\000"
 371 0084 00000000 		.ascii	"\000\000\000\000\000\000\000\000"
 371      00000000 
 372 008c BC000000 		.ascii	"\274\000\000\000"
 373 0090 5F5F7261 		.ascii	"__ram0_init_text__\000"
 373      6D305F69 
 373      6E69745F 
ARM GAS  C:\cygwin\tmp\ccmjDLge.s 			page 27


 373      74657874 
 373      5F5F00
 374 00a3 00       		.ascii	"\000"
 375 00a4 02       		.ascii	"\002"
 376 00a5 00       		.ascii	"\000"
 377 00a6 00000000 		.ascii	"\000\000\000\000\000\000\000\000"
 377      00000000 
 378 00ae E0000000 		.ascii	"\340\000\000\000"
 379 00b2 5F5F7261 		.ascii	"__ram0_init__\000"
 379      6D305F69 
 379      6E69745F 
 379      5F00
 380 00c0 00       		.ascii	"\000"
 381 00c1 02       		.ascii	"\002"
 382 00c2 00       		.ascii	"\000"
 383 00c3 00000000 		.ascii	"\000\000\000\000\000\000\000\000"
 383      00000000 
 384 00cb E2000000 		.ascii	"\342\000\000\000"
 385 00cf 5F5F7261 		.ascii	"__ram0_clear__\000"
 385      6D305F63 
 385      6C656172 
 385      5F5F00
 386 00de 00       		.ascii	"\000"
 387 00df 02       		.ascii	"\002"
 388 00e0 00       		.ascii	"\000"
 389 00e1 00000000 		.ascii	"\000\000\000\000\000\000\000\000"
 389      00000000 
 390 00e9 E4000000 		.ascii	"\344\000\000\000"
 391 00ed 5F5F7261 		.ascii	"__ram0_noinit__\000"
 391      6D305F6E 
 391      6F696E69 
 391      745F5F00 
 392 00fd 00       		.ascii	"\000"
 393 00fe 02       		.ascii	"\002"
 394 00ff 00       		.ascii	"\000"
 395 0100 00000000 		.ascii	"\000\000\000\000\000\000\000\000"
 395      00000000 
 396 0108 E6000000 		.ascii	"\346\000\000\000"
 397 010c 5F5F7261 		.ascii	"__ram1_init_text__\000"
 397      6D315F69 
 397      6E69745F 
 397      74657874 
 397      5F5F00
 398 011f 00       		.ascii	"\000"
 399 0120 02       		.ascii	"\002"
 400 0121 00       		.ascii	"\000"
 401 0122 00000000 		.ascii	"\000\000\000\000\000\000\000\000"
 401      00000000 
 402 012a E8000000 		.ascii	"\350\000\000\000"
 403 012e 5F5F7261 		.ascii	"__ram1_init__\000"
 403      6D315F69 
 403      6E69745F 
 403      5F00
 404 013c 00       		.ascii	"\000"
 405 013d 02       		.ascii	"\002"
 406 013e 00       		.ascii	"\000"
 407 013f 00000000 		.ascii	"\000\000\000\000\000\000\000\000"
ARM GAS  C:\cygwin\tmp\ccmjDLge.s 			page 28


 407      00000000 
 408 0147 EA000000 		.ascii	"\352\000\000\000"
 409 014b 5F5F7261 		.ascii	"__ram1_clear__\000"
 409      6D315F63 
 409      6C656172 
 409      5F5F00
 410 015a 00       		.ascii	"\000"
 411 015b 02       		.ascii	"\002"
 412 015c 00       		.ascii	"\000"
 413 015d 00000000 		.ascii	"\000\000\000\000\000\000\000\000"
 413      00000000 
 414 0165 EC000000 		.ascii	"\354\000\000\000"
 415 0169 5F5F7261 		.ascii	"__ram1_noinit__\000"
 415      6D315F6E 
 415      6F696E69 
 415      745F5F00 
 416 0179 00       		.ascii	"\000"
 417 017a 02       		.ascii	"\002"
 418 017b 00       		.ascii	"\000"
 419 017c 00000000 		.ascii	"\000\000\000\000\000\000\000\000"
 419      00000000 
 420 0184 EE000000 		.ascii	"\356\000\000\000"
 421 0188 5F5F7261 		.ascii	"__ram2_init_text__\000"
 421      6D325F69 
 421      6E69745F 
 421      74657874 
 421      5F5F00
 422 019b 00       		.ascii	"\000"
 423 019c 02       		.ascii	"\002"
 424 019d 00       		.ascii	"\000"
 425 019e 00000000 		.ascii	"\000\000\000\000\000\000\000\000"
 425      00000000 
 426 01a6 F0000000 		.ascii	"\360\000\000\000"
 427 01aa 5F5F7261 		.ascii	"__ram2_init__\000"
 427      6D325F69 
 427      6E69745F 
 427      5F00
 428 01b8 00       		.ascii	"\000"
 429 01b9 02       		.ascii	"\002"
 430 01ba 00       		.ascii	"\000"
 431 01bb 00000000 		.ascii	"\000\000\000\000\000\000\000\000"
 431      00000000 
 432 01c3 F2000000 		.ascii	"\362\000\000\000"
 433 01c7 5F5F7261 		.ascii	"__ram2_clear__\000"
 433      6D325F63 
 433      6C656172 
 433      5F5F00
 434 01d6 00       		.ascii	"\000"
 435 01d7 02       		.ascii	"\002"
 436 01d8 00       		.ascii	"\000"
 437 01d9 00000000 		.ascii	"\000\000\000\000\000\000\000\000"
 437      00000000 
 438 01e1 F4000000 		.ascii	"\364\000\000\000"
 439 01e5 5F5F7261 		.ascii	"__ram2_noinit__\000"
 439      6D325F6E 
 439      6F696E69 
 439      745F5F00 
ARM GAS  C:\cygwin\tmp\ccmjDLge.s 			page 29


 440 01f5 00       		.ascii	"\000"
 441 01f6 02       		.ascii	"\002"
 442 01f7 00       		.ascii	"\000"
 443 01f8 00000000 		.ascii	"\000\000\000\000\000\000\000\000"
 443      00000000 
 444 0200 F6000000 		.ascii	"\366\000\000\000"
 445 0204 5F5F7261 		.ascii	"__ram3_init_text__\000"
 445      6D335F69 
 445      6E69745F 
 445      74657874 
 445      5F5F00
 446 0217 00       		.ascii	"\000"
 447 0218 02       		.ascii	"\002"
 448 0219 00       		.ascii	"\000"
 449 021a 00000000 		.ascii	"\000\000\000\000\000\000\000\000"
 449      00000000 
 450 0222 F8000000 		.ascii	"\370\000\000\000"
 451 0226 5F5F7261 		.ascii	"__ram3_init__\000"
 451      6D335F69 
 451      6E69745F 
 451      5F00
 452 0234 00       		.ascii	"\000"
 453 0235 02       		.ascii	"\002"
 454 0236 00       		.ascii	"\000"
 455 0237 00000000 		.ascii	"\000\000\000\000\000\000\000\000"
 455      00000000 
 456 023f FA000000 		.ascii	"\372\000\000\000"
 457 0243 5F5F7261 		.ascii	"__ram3_clear__\000"
 457      6D335F63 
 457      6C656172 
 457      5F5F00
 458 0252 00       		.ascii	"\000"
 459 0253 02       		.ascii	"\002"
 460 0254 00       		.ascii	"\000"
 461 0255 00000000 		.ascii	"\000\000\000\000\000\000\000\000"
 461      00000000 
 462 025d FC000000 		.ascii	"\374\000\000\000"
 463 0261 5F5F7261 		.ascii	"__ram3_noinit__\000"
 463      6D335F6E 
 463      6F696E69 
 463      745F5F00 
 464 0271 00       		.ascii	"\000"
 465 0272 02       		.ascii	"\002"
 466 0273 00       		.ascii	"\000"
 467 0274 00000000 		.ascii	"\000\000\000\000\000\000\000\000"
 467      00000000 
 468 027c FE000000 		.ascii	"\376\000\000\000"
 469 0280 5F5F7261 		.ascii	"__ram4_init_text__\000"
 469      6D345F69 
 469      6E69745F 
 469      74657874 
 469      5F5F00
 470 0293 00       		.ascii	"\000"
 471 0294 02       		.ascii	"\002"
 472 0295 00       		.ascii	"\000"
 473 0296 00000000 		.ascii	"\000\000\000\000\000\000\000\000"
 473      00000000 
ARM GAS  C:\cygwin\tmp\ccmjDLge.s 			page 30


 474 029e 00010000 		.ascii	"\000\001\000\000"
 475 02a2 5F5F7261 		.ascii	"__ram4_init__\000"
 475      6D345F69 
 475      6E69745F 
 475      5F00
 476 02b0 00       		.ascii	"\000"
 477 02b1 02       		.ascii	"\002"
 478 02b2 00       		.ascii	"\000"
 479 02b3 00000000 		.ascii	"\000\000\000\000\000\000\000\000"
 479      00000000 
 480 02bb 02010000 		.ascii	"\002\001\000\000"
 481 02bf 5F5F7261 		.ascii	"__ram4_clear__\000"
 481      6D345F63 
 481      6C656172 
 481      5F5F00
 482 02ce 00       		.ascii	"\000"
 483 02cf 02       		.ascii	"\002"
 484 02d0 00       		.ascii	"\000"
 485 02d1 00000000 		.ascii	"\000\000\000\000\000\000\000\000"
 485      00000000 
 486 02d9 04010000 		.ascii	"\004\001\000\000"
 487 02dd 5F5F7261 		.ascii	"__ram4_noinit__\000"
 487      6D345F6E 
 487      6F696E69 
 487      745F5F00 
 488 02ed 00       		.ascii	"\000"
 489 02ee 02       		.ascii	"\002"
 490 02ef 00       		.ascii	"\000"
 491 02f0 00000000 		.ascii	"\000\000\000\000\000\000\000\000"
 491      00000000 
 492 02f8 06010000 		.ascii	"\006\001\000\000"
 493 02fc 5F5F7261 		.ascii	"__ram5_init_text__\000"
 493      6D355F69 
 493      6E69745F 
 493      74657874 
 493      5F5F00
 494 030f 00       		.ascii	"\000"
 495 0310 02       		.ascii	"\002"
 496 0311 00       		.ascii	"\000"
 497 0312 00000000 		.ascii	"\000\000\000\000\000\000\000\000"
 497      00000000 
 498 031a 08010000 		.ascii	"\010\001\000\000"
 499 031e 5F5F7261 		.ascii	"__ram5_init__\000"
 499      6D355F69 
 499      6E69745F 
 499      5F00
 500 032c 00       		.ascii	"\000"
 501 032d 02       		.ascii	"\002"
 502 032e 00       		.ascii	"\000"
 503 032f 00000000 		.ascii	"\000\000\000\000\000\000\000\000"
 503      00000000 
 504 0337 0A010000 		.ascii	"\012\001\000\000"
 505 033b 5F5F7261 		.ascii	"__ram5_clear__\000"
 505      6D355F63 
 505      6C656172 
 505      5F5F00
 506 034a 00       		.ascii	"\000"
ARM GAS  C:\cygwin\tmp\ccmjDLge.s 			page 31


 507 034b 02       		.ascii	"\002"
 508 034c 00       		.ascii	"\000"
 509 034d 00000000 		.ascii	"\000\000\000\000\000\000\000\000"
 509      00000000 
 510 0355 0C010000 		.ascii	"\014\001\000\000"
 511 0359 5F5F7261 		.ascii	"__ram5_noinit__\000"
 511      6D355F6E 
 511      6F696E69 
 511      745F5F00 
 512 0369 00       		.ascii	"\000"
 513 036a 02       		.ascii	"\002"
 514 036b 00       		.ascii	"\000"
 515 036c 00000000 		.ascii	"\000\000\000\000\000\000\000\000"
 515      00000000 
 516 0374 0E010000 		.ascii	"\016\001\000\000"
 517 0378 5F5F7261 		.ascii	"__ram6_init_text__\000"
 517      6D365F69 
 517      6E69745F 
 517      74657874 
 517      5F5F00
 518 038b 00       		.ascii	"\000"
 519 038c 02       		.ascii	"\002"
 520 038d 00       		.ascii	"\000"
 521 038e 00000000 		.ascii	"\000\000\000\000\000\000\000\000"
 521      00000000 
 522 0396 10010000 		.ascii	"\020\001\000\000"
 523 039a 5F5F7261 		.ascii	"__ram6_init__\000"
 523      6D365F69 
 523      6E69745F 
 523      5F00
 524 03a8 00       		.ascii	"\000"
 525 03a9 02       		.ascii	"\002"
 526 03aa 00       		.ascii	"\000"
 527 03ab 00000000 		.ascii	"\000\000\000\000\000\000\000\000"
 527      00000000 
 528 03b3 12010000 		.ascii	"\022\001\000\000"
 529 03b7 5F5F7261 		.ascii	"__ram6_clear__\000"
 529      6D365F63 
 529      6C656172 
 529      5F5F00
 530 03c6 00       		.ascii	"\000"
 531 03c7 02       		.ascii	"\002"
 532 03c8 00       		.ascii	"\000"
 533 03c9 00000000 		.ascii	"\000\000\000\000\000\000\000\000"
 533      00000000 
 534 03d1 14010000 		.ascii	"\024\001\000\000"
 535 03d5 5F5F7261 		.ascii	"__ram6_noinit__\000"
 535      6D365F6E 
 535      6F696E69 
 535      745F5F00 
 536 03e5 00       		.ascii	"\000"
 537 03e6 02       		.ascii	"\002"
 538 03e7 00       		.ascii	"\000"
 539 03e8 00000000 		.ascii	"\000\000\000\000\000\000\000\000"
 539      00000000 
 540 03f0 16010000 		.ascii	"\026\001\000\000"
 541 03f4 5F5F7261 		.ascii	"__ram7_init_text__\000"
ARM GAS  C:\cygwin\tmp\ccmjDLge.s 			page 32


 541      6D375F69 
 541      6E69745F 
 541      74657874 
 541      5F5F00
 542 0407 00       		.ascii	"\000"
 543 0408 02       		.ascii	"\002"
 544 0409 00       		.ascii	"\000"
 545 040a 00000000 		.ascii	"\000\000\000\000\000\000\000\000"
 545      00000000 
 546 0412 18010000 		.ascii	"\030\001\000\000"
 547 0416 5F5F7261 		.ascii	"__ram7_init__\000"
 547      6D375F69 
 547      6E69745F 
 547      5F00
 548 0424 00       		.ascii	"\000"
 549 0425 02       		.ascii	"\002"
 550 0426 00       		.ascii	"\000"
 551 0427 00000000 		.ascii	"\000\000\000\000\000\000\000\000"
 551      00000000 
 552 042f 1A010000 		.ascii	"\032\001\000\000"
 553 0433 5F5F7261 		.ascii	"__ram7_clear__\000"
 553      6D375F63 
 553      6C656172 
 553      5F5F00
 554 0442 00       		.ascii	"\000"
 555 0443 02       		.ascii	"\002"
 556 0444 00       		.ascii	"\000"
 557 0445 00000000 		.ascii	"\000\000\000\000\000\000\000\000"
 557      00000000 
 558 044d 1C010000 		.ascii	"\034\001\000\000"
 559 0451 5F5F7261 		.ascii	"__ram7_noinit__\000"
 559      6D375F6E 
 559      6F696E69 
 559      745F5F00 
 560 0461 00       		.ascii	"\000"
 561 0462 02       		.ascii	"\002"
 562 0463 00       		.ascii	"\000"
 563 0464 00000000 		.ascii	"\000\000\000\000\000\000\000\000"
 563      00000000 
 564 046c 1E010000 		.ascii	"\036\001\000\000"
 565              		.text
 566              		.section	.gnu.lto_.opts,"",%progbits
 567 0000 272D666D 		.ascii	"'-fmath-errno' '-fsigned-zeros' '-ftrapping-math' '"
 567      6174682D 
 567      6572726E 
 567      6F272027 
 567      2D667369 
 568 0033 2D666E6F 		.ascii	"-fno-trapv' '-fno-openmp' '-fno-openacc' '-mcpu=cor"
 568      2D747261 
 568      70762720 
 568      272D666E 
 568      6F2D6F70 
 569 0066 7465782D 		.ascii	"tex-m3' '-mno-thumb-interwork' '-mthumb' '-ggdb' '-"
 569      6D332720 
 569      272D6D6E 
 569      6F2D7468 
 569      756D622D 
ARM GAS  C:\cygwin\tmp\ccmjDLge.s 			page 33


 570 0099 4F322720 		.ascii	"O2' '-fomit-frame-pointer' '-falign-functions=16' '"
 570      272D666F 
 570      6D69742D 
 570      6672616D 
 570      652D706F 
 571 00cc 2D666675 		.ascii	"-ffunction-sections' '-fdata-sections' '-fno-common"
 571      6E637469 
 571      6F6E2D73 
 571      65637469 
 571      6F6E7327 
 572 00ff 2720272D 		.ascii	"' '-flto'\000"
 572      666C746F 
 572      2700
 573              		.text
 574              		.comm	__gnu_lto_v1,1,1
 575              		.comm	__gnu_lto_slim,1,1
 576              		.ident	"GCC: (GNU Tools for ARM Embedded Processors) 5.4.1 20160919 (release) [ARM/embedded-5-bran
ARM GAS  C:\cygwin\tmp\ccmjDLge.s 			page 34


DEFINED SYMBOLS
                            *ABS*:00000000 crt1.c
                            *COM*:00000001 __gnu_lto_v1
                            *COM*:00000001 __gnu_lto_slim

NO UNDEFINED SYMBOLS
