ARM GAS  C:\cygwin\tmp\ccWKPEog.s 			page 1


   1              		.syntax unified
   2              		.cpu cortex-m3
   3              		.fpu softvfp
   4              		.eabi_attribute 20, 1
   5              		.eabi_attribute 21, 1
   6              		.eabi_attribute 23, 3
   7              		.eabi_attribute 24, 1
   8              		.eabi_attribute 25, 1
   9              		.eabi_attribute 26, 1
  10              		.eabi_attribute 30, 2
  11              		.eabi_attribute 34, 1
  12              		.eabi_attribute 18, 4
  13              		.thumb
  14              		.syntax unified
  15              		.file	"gfx.c"
  16              		.text
  17              	.Ltext0:
  18              		.section	.gnu.lto_.profile.2d26e305,"",%progbits
  19 0000 789C6361 		.ascii	"x\234ca`d`a`\000\222\011\"\000\001>\000\177"
  19      60646061 
  19      60009209 
  19      2200013E 
  19      007F
  20              		.text
  21              		.section	.gnu.lto_.icf.2d26e305,"",%progbits
  22 0000 789C6361 		.ascii	"x\234ca`d\000\001\005\006\004`e8\377\360\313<\016\306"
  22      60640001 
  22      05060460 
  22      6538FFF0 
  22      CB3C0EC6 
  23 0014 357F6F5C 		.ascii	"5\177o\\gcz\334;{-\017\363\364\305\037\247s\260\200"
  23      67637ADC 
  23      3B7B2D0F 
  23      F3F4C51F 
  23      A773B080 
  24 0028 49060008 		.ascii	"I\006\000\010\204\0175"
  24      840F35
  25              		.text
  26              		.section	.gnu.lto_.jmpfuncs.2d26e305,"",%progbits
  27 0000 789C6361 		.ascii	"x\234ca`d\000\0011\006\004`\201PL`\222\031&\000\000"
  27      60640001 
  27      31060460 
  27      81504C60 
  27      92192600 
  28 0015 048B0029 		.ascii	"\004\213\000)"
  29              		.text
  30              		.section	.gnu.lto_.inline.2d26e305,"",%progbits
  31 0000 789C6361 		.ascii	"x\234ca`d\000\2012\006\004`a``Wdd`b\272\300\317\300"
  31      60640081 
  31      32060460 
  31      61606057 
  31      64646062 
  32 0018 B6409E09 		.ascii	"\266@\236\011$\306\310\205B0\021T\301\314\300\316\011"
  32      24C6C885 
  32      42301154 
  32      C1CCC0CE 
  32      09
ARM GAS  C:\cygwin\tmp\ccWKPEog.s 			page 2


  33 0029 54C1F641 		.ascii	"T\301\366A\017U\005\013\016q\006\000\017\337\010\203"
  33      0F55050B 
  33      0E710600 
  33      0FDF0883 
  34              		.text
  35              		.section	.gnu.lto_.pureconst.2d26e305,"",%progbits
  36 0000 789C6361 		.ascii	"x\234ca`d\340d```a\220`\222`\226`\221\000\000\002\235"
  36      6064E064 
  36      60606061 
  36      90609260 
  36      96609100 
  37 0017 007C     		.ascii	"\000|"
  38              		.text
  39              		.section	.gnu.lto_gfxInit.part.0.2d26e305,"",%progbits
  40 0000 789C7550 		.ascii	"x\234uP\277KBQ\024>\337\271/\025!\220plhu\350\331_Q"
  40      BF4B4251 
  40      143EDFB9 
  40      2F152190 
  40      706C6875 
  41 0018 7B53BB50 		.ascii	"{S\273P{!\264\275\253\366\2626\227\332\302)\264\237"
  41      7B21B4BD 
  41      ABF6B236 
  41      97DAC229 
  41      B49F
  42 002a E610E126 		.ascii	"\346\020\341&\022\264H\015\021\015AT\203\304\243A\301"
  42      12B4480D 
  42      110D4154 
  42      83C4A341 
  42      C1
  43 003b A6B0D739 		.ascii	"\246\260\3279\317\206 <p\371\316=\347\273\337\371\316"
  43      CF86203C 
  43      70F9CE3D 
  43      E7BBDFF9 
  43      CE
  44 004c 7508A491 		.ascii	"u\010\244\221\027H\013\316\313\301\024\301\251\334J"
  44      17480BCE 
  44      CBC114C1 
  44      A9DC4A
  45 005b E2802364 		.ascii	"\342\200#d\030\305B\302\000\232\330\004\310s\330\300"
  45      18C542C2 
  45      009AD804 
  45      C873D8C0 
  46 006b C3278F18 		.ascii	"\303'\217\030\235r\257\305\231\232\225x9\014\026l\275"
  46      9D72AFC5 
  46      999A9578 
  46      390C166C 
  46      BD
  47 007c 0DDF1085 		.ascii	"\015\337\020\205\034i\023j\310\220\320\336\232\337{"
  47      1C69136A 
  47      C890D0DE 
  47      9ADF7B
  48 008b D3B12DA5 		.ascii	"\323\261-\245\315\215\233\250#\246\006\032\313\326\206"
  48      CD8D9BA8 
  48      23A6061A 
  48      CBD686
  49 009a 61C956AE 		.ascii	"a\311V\256\322\210\021\365\245\247s\372\354(\232\001"
  49      D28811F5 
ARM GAS  C:\cygwin\tmp\ccWKPEog.s 			page 3


  49      A5A773FA 
  49      EC289A01 
  50 00aa 73843D14 		.ascii	"s\204=\024\207\027\217\257F\237\211\336\276\337\271"
  50      87178FAF 
  50      469F89DE 
  50      BEDFB9
  51 00b9 8B0FD917 		.ascii	"\213\017\331\027W*\337j}<\305\275\221\335\2616%\265"
  51      572ADF6A 
  51      7D3CC5BD 
  51      91DDB136 
  51      25B5
  52 00cb 5D71A0E5 		.ascii	"]q\240\345\240\373p\235\254\342\240`\243:\343Xl\037"
  52      A0FB709D 
  52      ACE2A060 
  52      A33AE358 
  52      6C1F
  53 00dd 6156A69F 		.ascii	"aV\246\237\240\012a\\\226\273\315\244\3520\200S\351"
  53      A00A615C 
  53      96BBCDA4 
  53      EA308053 
  53      E9
  54 00ee BCA3D4FE 		.ascii	"\274\243\324\376\332\206\216\371/lB\026\3138\203G\276"
  54      DA868EF9 
  54      2F6C4216 
  54      CB388347 
  54      BE
  55 00ff 7122EEFD 		.ascii	"q\"\356\375\315d\256\254\202\363?\334\347\370D\252\030"
  55      CD64AEAC 
  55      82F33FDC 
  55      E7F844AA 
  55      18
  56 0110 46E3974A 		.ascii	"F\343\227J4\220\273.\035\240\230\032\377c_\006KE\024"
  56      3490BB2E 
  56      1DA0981A 
  56      FF635F06 
  56      4B4514
  57 0123 675C379B 		.ascii	"g\\7\233_Z\\\311n\254\347\262k\253\233n\216~\000\336"
  57      5F5A5CC9 
  57      6EACE7B2 
  57      6BAB9B6E 
  57      8E7E00DE 
  58 0137 EB8B8D   		.ascii	"\353\213\215"
  59              		.text
  60              		.section	.gnu.lto_gfxDeinit.part.1.2d26e305,"",%progbits
  61 0000 789C7550 		.ascii	"x\234uP=K\003A\020\2357\273^\202\"\004\021l,lSx\207"
  61      3D4B0341 
  61      109D37BB 
  61      5E822204 
  61      116C2C6C 
  62 0017 7F427B2B 		.ascii	"\177B{+\373\200\366J\300\3566\211\207\212M\020\264\223"
  62      FB80F64A 
  62      C0EE3689 
  62      878A4D10 
  62      B493
  63 0029 1416899F 		.ascii	"\024\026\211\237\301\362H\023\202\225\370QY\245\221"
  63      C1F24813 
  63      8295F851 
ARM GAS  C:\cygwin\tmp\ccWKPEog.s 			page 4


  63      59A591
  64 0038 804182C5 		.ascii	"\200A\202\305\005\"V\361\234\275X\004$\003\313\233\235"
  64      052256F1 
  64      9CBD5804 
  64      2403CB9B 
  64      9D
  65 0049 79FBE6CD 		.ascii	"y\373\346\315j\002\331\310\013\314\013.\313\301\024"
  65      6A02D9C8 
  65      0BCC0B2E 
  65      CBC114
  66 0058 41979F25 		.ascii	"A\227\237%\321\340\004\031\312b!\255\000\233\2304\310"
  66      D1E00419 
  66      CA6221AD 
  66      009B9834 
  66      C8
  67 0069 D7ACE0E3 		.ascii	"\327\254\340\343\213\207\214\326~7\344l\325H\274\275"
  67      8B878CD6 
  67      7E37E46C 
  67      D548BCBD 
  68 0079 9FAF985A 		.ascii	"\237\257\230Z\023\201\"\2129\321&T\221%\241u\356~Nf"
  68      1381228A 
  68      39D12654 
  68      9125A175 
  68      EE7E4E66 
  69 008d 9D3D4B5B 		.ascii	"\235=K[\0325Q\203c\015\324\327\215\211\343\222)7\026"
  69      1A355183 
  69      630DD4D7 
  69      8D89E392 
  69      293716
  70 00a0 E01045D2 		.ascii	"\340\020E\322\263s\"\326\026U\2379\301.\212\203\350"
  70      B37322D6 
  70      16559F39 
  70      C12E8A83 
  70      E8
  71 00b1 A9A3EC33 		.ascii	"\251\243\3543\321;\015Z/\251\001\007\342\312\312\207"
  71      D13B0D5A 
  71      2FA90107 
  71      E2CACA87 
  72 00c1 E1673BE5 		.ascii	"\341g;\345\017\315\2011\031\251\035\212\003[\356=\276"
  72      0FCD8131 
  72      19A91D8A 
  72      035BEE3D 
  72      BE
  73 00d2 DE4F5770 		.ascii	"\336OWpV0I\235q)\266/\260(\323\257P\301\270\016\203"
  73      5630499D 
  73      7129B62F 
  73      B028D3AF 
  73      50C1B80E 
  74 00e7 702D9D0F 		.ascii	"p-\235\017\224\232\337\017\260c\376\013\253Xh\204\033"
  74      949ADF0F 
  74      B063FE0B 
  74      AB586884 
  74      1B
  75 00f8 F814289D 		.ascii	"\370\024(\235p\217g&Re\023\334\216Q\333G\223e\3050\352"
  75      708F6726 
  75      526513DC 
  75      8E51DB47 
ARM GAS  C:\cygwin\tmp\ccWKPEog.s 			page 5


  75      9365C530 
  76 010d 7F5CA2BE 		.ascii	"\177\\\242\276\334\355\322=\0243\243\177\214d\260TD"
  76      DCEDD23D 
  76      1433A37F 
  76      8C64B054 
  76      44
  77 011e 72CE75BD 		.ascii	"r\316u\275\374\332\352\206\267\263\235\363\2666w\335"
  77      FCDAEA86 
  77      B7B39DF3 
  77      B63677DD 
  78 012e 1CFD02F2 		.ascii	"\034\375\002\362\355\213x"
  78      ED8B78
  79              		.text
  80              		.section	.gnu.lto_gfxInit.2d26e305,"",%progbits
  81 0000 789C6550 		.ascii	"x\234eP\277KBQ\030\375\316\275\327\247H\202D4\205\264"
  81      BF4B4251 
  81      18FDCEBD 
  81      D7A74882 
  81      443485B4 
  82 0014 BAF882E8 		.ascii	"\272\370\202\350_\250\275\2515\204\332\213\240\355]"
  82      5FA8BDA9 
  82      3584DA8B 
  82      A0ED5D
  83 0023 7D3EAAAD 		.ascii	"}>\252\255%\207 \234B\373\2058>'\223\306\250I\027\227"
  83      2587209C 
  83      42FB8538 
  83      3E2793C6 
  83      A8491797 
  84 0037 6A901007 		.ascii	"j\220\020\007\203\032\032\354\365}\317\241\241\017."
  84      831A1AEC 
  84      F57DCFA1 
  84      A10F2E
  85 0046 07CE3DDF 		.ascii	"\007\316=\3379\347^C \2315\206\005\306U>H\020\324\351"
  85      39E75E43 
  85      20993586 
  85      05C6553E 
  85      4810D4E9 
  86 005a 135129A5 		.ascii	"\023Q)\245\224\351\273d\323\272\235#;\247a\204\206\001"
  86      94E9BB64 
  86      D3BA9D23 
  86      3BA76184 
  86      8601
  87 006c 046D0AE4 		.ascii	"\004m\012\344)m\340\341KM\025\272G\303P\345\353\226"
  87      296DE0E1 
  87      4B4D15BA 
  87      47C350E5 
  87      EB96
  88 007e E7E572B4 		.ascii	"\347\345r\264b\033\035\004\232(Rq\002\241\216<\261\354"
  88      621B1D04 
  88      9A285271 
  88      02A18E3C 
  88      B1EC
  89 0090 ADF57396 		.ascii	"\255\365s\226q*\"[\236]\242\001Gj47;6\212|\333\3519"
  89      712A225B 
  89      9E5DA201 
  89      476A3437 
  89      3B368A7C 
ARM GAS  C:\cygwin\tmp\ccWKPEog.s 			page 6


  90 00a7 F7E7E984 		.ascii	"\367\347\351\204\242@3=a\211\304}(%\250\207(W[\375m"
  90      A240333D 
  90      6189C47D 
  90      2825A887 
  90      28575BFD 
  91 00bc 59F2B5E4 		.ascii	"Y\362\265\344V\203\356s\362S\005ZA\374\303p<HzS{lm\226"
  91      5683EE73 
  91      F253055A 
  91      41FCC370 
  91      3C487A53 
  92 00d4 B913AE20 		.ascii	"\271\023\256 \364\350\261\367\220\256\341\242dc^\343"
  92      F4E8B1F7 
  92      90AEE1A2 
  92      64635EE3 
  93 00e4 9A7B5F61 		.ascii	"\232{_a\211\343oP\003\275\2422\360\027\377\\\233\343"
  93      89E36F50 
  93      03BDA232 
  93      F017FF5C 
  93      9BE3
  94 00f6 F03B23AE 		.ascii	"\360;#\256\006\204[\321\221t\320\324\316\351w\370YQ"
  94      06845BD1 
  94      9174D0D4 
  94      CEE977F8 
  94      5951
  95 0108 FE8F4B44 		.ascii	"\376\217KD\\\202p\007\217\313;\361\206\211[\217P\316"
  95      5C827007 
  95      8FCB3BF1 
  95      86895B8F 
  95      50CE
  96 011a CEFE61C2 		.ascii	"\316\376a\302\012f\370U\363\205\202{\260\261\276\345"
  96      0A66F855 
  96      F385827B 
  96      B0B1BEE5 
  97 012a EEEF15DD 		.ascii	"\356\357\025\335\335\235\303B\221~\0019\273r\207"
  97      DD9DC342 
  97      917E0139 
  97      BB7287
  98              		.text
  99              		.section	.gnu.lto_gfxDeinit.2d26e305,"",%progbits
 100 0000 789C6550 		.ascii	"x\234eP=K\003A\024|\263\273\371 \032\010\"V\022l\323"
 100      3D4B0341 
 100      147CB3BB 
 100      F9201A08 
 100      2256126C 
 101 0015 E410F12F 		.ascii	"\344\020\361/hoem@{E\260\273M.\207\332\331\230NRX$~"
 101      686F656D 
 101      407B45B0 
 101      BB4D2E87 
 101      DAD9984E 
 102 002d 11525EAA 		.ascii	"\021R^\252\030,\203VZ\250\205\012\006\011)\022\320\302"
 102      182C8356 
 102      5AA8850A 
 102      06092912 
 102      D0C2
 103 003f 229EEF5D 		.ascii	"\"\236\357]\012\013\037,\003\263\363ff\327\020Hf\231"
 103      0A0B1F2C 
 103      03B3F366 
ARM GAS  C:\cygwin\tmp\ccWKPEog.s 			page 7


 103      66D71048 
 103      6699
 104 0051 61967189 		.ascii	"a\226q\211\017b\004utKTL*e\036\034\262)\335\312\222"
 104      0F620475 
 104      744B544C 
 104      2A651E1C 
 104      B229DDCA 
 105 0066 9DD63042 		.ascii	"\235\3260B\303\000\2026\011r\2256p\361\245\306\012\235"
 105      C3008236 
 105      09729536 
 105      70F1A5C6 
 105      0A9D
 106 0078 FD5EA072 		.ascii	"\375^\240r5\313\363\362~\272h\353m\370\232(TQ\002\241"
 106      35CBF3F2 
 106      7EBA68EB 
 106      6DF89A28 
 106      545102A1 
 107 008c 861CB1EC 		.ascii	"\206\034\261\354\255\371s\234\216\227E\2660\271D\035"
 107      ADF9739C 
 107      8E9745B6 
 107      30B9441D 
 108 009c 71A9D158 		.ascii	"q\251\321Xk\3330\364l\273\231\272~\236\212)\3625\323"
 108      6BDB30F4 
 108      6CBB99BA 
 108      7E9E8A29 
 108      F235D3
 109 00af 439648DC 		.ascii	"C\226H\334H)A\335C\2512\352n\310\222\247%\267\342w\356"
 109      482941DD 
 109      43A932EA 
 109      6EC892A7 
 109      25B7E277 
 110 00c4 129FCAD7 		.ascii	"\022\237\312\327\012\342\037\004\203\247\204;\266\007"
 110      0AE21F04 
 110      83A7843B 
 110      B607
 111 00d2 D666983B 		.ascii	"\326f\230;\344\012B\367\273\3677\251*N\2126\3425\316"
 111      E40A42F7 
 111      BBF737A9 
 111      2A4E8A36 
 111      E235CE
 112 00e5 B9F719E6 		.ascii	"\271\367\031\3469\376\002U\320+\312\217\336\334\237"
 112      39FE0255 
 112      D02BCA8F 
 112      DEDC9F
 113 00f4 6B63107C 		.ascii	"kc\020|\247\305\325\200p):\222\016\232ZY\375\001/#\312"
 113      A7C5D580 
 113      70293A92 
 113      0E9A5A59 
 113      FD012F23 
 114 0109 FF71B190 		.ascii	"\377q\261\220K\020\256\340r\371x\264a\242\326}\2242"
 114      4B10AEE0 
 114      72F978B4 
 114      61A2D67D 
 114      9432
 115 011b 937F18B2 		.ascii	"\223\177\030\262\202\031~\325L>\357\354\256\256\254"
 115      82197ED5 
 115      4C3EEFEC 
ARM GAS  C:\cygwin\tmp\ccWKPEog.s 			page 8


 115      AEAEAC
 116 012a 3B3BDB05 		.ascii	";;\333\005gks/_\240_\2024r\332"
 116      676B732F 
 116      5FA05F82 
 116      3472DA
 117              		.text
 118              		.section	.gnu.lto_.symbol_nodes.2d26e305,"",%progbits
 119 0000 789C5DCB 		.ascii	"x\234]\313\271\015\0021\020\205\341\367f\354=\010\251"
 119      B90D0231 
 119      1085E1F7 
 119      66EC3D08 
 119      A9
 120 0011 007AA0BF 		.ascii	"\000z\240\277q\260\005\320\002=\220@LL\300}l\260 \272"
 120      71B005D0 
 120      023D9040 
 120      4C4CC07D 
 120      6CB020BA 
 121 0025 4042AC31 		.ascii	"@B\2541\001f\222_\372\236\306\201x\242?\271\322\200"
 121      0166925F 
 121      FA9EC681 
 121      78A23FB9 
 121      D280
 122 0037 E91A3070 		.ascii	"\351\0320p\321\314\302\010\360\033\"\014\001\225\226"
 122      D1CCC208 
 122      F01B220C 
 122      019596
 123 0046 C6BF51B6 		.ascii	"\306\277Q\2664\371\032\226a\334\313\216\246\231pOs\037"
 123      34F91A96 
 123      61DCCB8E 
 123      A699704F 
 123      731F
 124 0058 01427CE2 		.ascii	"\001B|\342\201\34638\322\212\014N\2642\2033\255\312"
 124      81E63338 
 124      D28A0C4E 
 124      B4328333 
 124      ADCA
 125 006a E042AB7F 		.ascii	"\340B\253\177AQ\242\271\275\250(\360\350b=V\2612H.u"
 125      4151A2B9 
 125      BDA828F0 
 125      E8623D56 
 125      B132482E 
 126 007f 72A9922B 		.ascii	"r\251\222+p\237O\324I\014\336\342JA\254"
 126      709F4FD4 
 126      490CDEE2 
 126      4A41AC
 127              		.text
 128              		.section	.gnu.lto_.refs.2d26e305,"",%progbits
 129 0000 789C6361 		.ascii	"x\234ca`d\020e`\000\222\214@\300\004\"\230AL\026 \301"
 129      60641065 
 129      6000928C 
 129      40C00422 
 129      98414C16 
 130 0016 000003B0 		.ascii	"\000\000\003\260\0002"
 130      0032
 131              		.text
 132              		.section	.gnu.lto_.decls.2d26e305,"",%progbits
 133 0000 789C8D93 		.ascii	"x\234\215\223]L\034U\024\307\357\231\031\330e\035\266"
ARM GAS  C:\cygwin\tmp\ccWKPEog.s 			page 9


 133      5D4C1C55 
 133      14C7EF99 
 133      19D8651D 
 133      B6
 134 0011 8418C3C3 		.ascii	"\204\030\303\303>\220&$\370\320\005\354\2731\261\241"
 134      3E902624 
 134      F8D005EC 
 134      BB31B1A1 
 135 0021 F1C5F862 		.ascii	"\361\305\370b\243\361\001\013R\330\304tq\027\215\276"
 135      A3F1010B 
 135      52D8C474 
 135      71178DBE 
 136 0031 E8B525D2 		.ascii	"\350\265%\322\030\011\030H-T)ET\260P\266\300n\241|t"
 136      18091848 
 136      2D542945 
 136      54B050B6 
 136      C06EA17C 
 137 0046 A91561B7 		.ascii	"\251\025a\267@\013m\322\206\326\"Fm\252\246\324\342"
 137      400B6DD2 
 137      86D62246 
 137      6DAAA6D4 
 137      E2
 138 0057 47DB907A 		.ascii	"G\333\220z\356\231;{g\023h\270\331\263\367\234\273\347"
 138      EE993B7B 
 138      671368B8 
 138      D9B3F79C 
 138      BBE7
 139 0069 F7FF9F99 		.ascii	"\367\377\237\231\3311\0300\261\2623\031\273\202{\015"
 139      D9311830 
 139      B1B23319 
 139      BB827B0D 
 140 0079 968F7065 		.ascii	"\226\217pe`\276\207\251\345\301\350\303\210`\014bD1"
 140      60BE87A9 
 140      E5C1E8C3 
 140      88600C62 
 140      4431
 141 008b 4E638C60 		.ascii	"Nc\214`\214b\214c\234\305\230\304\020\212\027X\372\022"
 141      8C628C63 
 141      9CC598C4 
 141      108A1758 
 141      FA12
 142 009d ACAD398B 		.ascii	"\254\2559\2131\2031\2071 \1777d\217Ss#\235\310\026t"
 142      31833187 
 142      31207F37 
 142      648F5373 
 142      239DC816 
 143 00b2 225B9847 		.ascii	"\"[\230G\\\203K\352L9\264|\030\363\030\275\262O\223"
 143      5C834BEA 
 143      4C39B47C 
 143      18F318BD 
 143      B24F93
 144 00c5 BD7D9BE8 		.ascii	"\275}\233\350D\037\243s\021\243\337\241\023\225\263"
 144      441FA373 
 144      11A3DFA1 
 144      1395B3
 145 00d4 6DA4B3AE 		.ascii	"m\244\263\256\301\370\342\3039c\011\256\001\366B\016"
 145      C1F8E2C3 
ARM GAS  C:\cygwin\tmp\ccWKPEog.s 			page 10


 145      396309AE 
 145      01F6420E 
 146 00e4 9D0258DF 		.ascii	"\235\002X\337@\301\254\240\022\023\215\276\231:\002"
 146      40C1ACA0 
 146      12138DBE 
 146      993A02
 147 00f3 BB51D69A 		.ascii	"\273Q\326\232\235\262\224\030}$O\317\231\026\211(u\220"
 147      9DB29418 
 147      7D244FCF 
 147      99168928 
 147      7590
 148 0105 90554B98 		.ascii	"\220UK\230\201\2545e\000Vi\003\016=k\\)\247fN]\023\330"
 148      81AC3565 
 148      00566903 
 148      0E3D6B5C 
 148      29A7664E 
 149 011c 179D6C5C 		.ascii	"\027\235l\\\271\343\3225\020\371\315\373\335\245\376"
 149      B9E3D235 
 149      10F9CDFB 
 149      DDA5FE
 150 012b 5E8EAB89 		.ascii	"^\216\253\211s\355iug.\325E>\327\3274\310\365\200\201"
 150      73ED6975 
 150      672ED545 
 150      3ED7D734 
 150      C8F58081 
 151 013f E5DDD9B6 		.ascii	"\345\335\331\266\237\275X>\351\201|,\327g\216\266iy"
 151      9FBD583E 
 151      E9817C2C 
 151      D7678EB6 
 151      6979
 152 0151 87893BC8 		.ascii	"\207\211;\310\363\015\330\363\024\234\000\037|\013\370"
 152      F30DD8F3 
 152      149C001F 
 152      7C0BF8
 153 0160 10A017F2 		.ascii	"\020\240\027\362\360\273\334\260\224>\251\373\275x{"
 153      F0BBDCB0 
 153      943EA9FB 
 153      BD787B
 154 016f 078F47F8 		.ascii	"\007\217G\370\362\337]\331\207\017\326M#U,\232\240\033"
 154      F2DF5DD9 
 154      870FD64D 
 154      23552C9A 
 154      A01B
 155 0181 74E801BF 		.ascii	"t\350\001\277\030\016S\261}\003K8u\037lGp\345\332\312"
 155      180E53B1 
 155      7D034B38 
 155      751F6C47 
 155      70E5DACA 
 156 0195 DD2C7D07 		.ascii	"\335,}\007\315\371x\303\3764\303\363\243m;-\303x{\302"
 156      CDF978C3 
 156      FE34C3F3 
 156      A36D3B2D 
 156      C3787BC2 
 157 01a9 3CD4F421 		.ascii	"<\324\364!\347\257\213\0268\251\354N:\355\"d\327\320"
 157      E7AF8B16 
 157      38A9EC4E 
 157      3AED2264 
ARM GAS  C:\cygwin\tmp\ccWKPEog.s 			page 11


 157      D7D0
 158 01bb 78BCD5AD 		.ascii	"x\274\325\255?\273\005\273\2014\273\177o]Z\317B\277"
 158      3FBB05BB 
 158      8134BB7F 
 158      6F5D5ACF 
 158      42BF
 159 01cd 0EF45B98 		.ascii	"\016\364[\23029\372u<'z\340\224\362;\345\364\033$\277"
 159      3239FA75 
 159      3C277AE0 
 159      94F23BE5 
 159      F41B24BF 
 160 01e1 C43F7D7F 		.ascii	"\304?}\177\271\365R\362k\036Y8\272Mj\340\314\016\215"
 160      B9F552F2 
 160      6B1E5938 
 160      BA4D6AE0 
 160      CC0E8D
 161 01f4 21A531E4 		.ascii	"!\2451\344\324\210\222Fc\373R\314\245\277D\032w\306"
 161      D4889246 
 161      63FB52CC 
 161      A5BF441A 
 161      77C6
 162 0206 1662066A 		.ascii	"\026b\006j,s\036_\252m\345\347\014\022\210)\201\030"
 162      2C731E5F 
 162      AA6DE5E7 
 162      0C128829 
 162      8118
 163 0218 0960729A 		.ascii	"\011`r\232\340O\357_\376C\327_%\370v$\032\313\220p\363"
 163      E04FEF5F 
 163      FE43D75F 
 163      25F87624 
 163      1ACB9070 
 164 022d 7B297858 		.ascii	"{)xX\301\3036<B\360\325dr\330\243\357#x\370F}\3036\011"
 164      C1C3363C 
 164      42F0D564 
 164      72D8A3EF 
 164      2378F846 
 165 0245 0F54D665 		.ascii	"\017T\326e\021zF\241glt\224\320\256\372\217ZL\375-B"
 165      117A46A1 
 165      676C7494 
 165      D0AEFA8F 
 165      5A4CFD2D 
 166 025a 7FEC5A6B 		.ascii	"\177\354Zk\002\211\016\331\350\230B\307lt\234\320?;"
 166      02890ED9 
 166      E89842C7 
 166      6C749CD0 
 166      3F3B
 167 026c 13CD9AFE 		.ascii	"\023\315\232\376>\241\267b\017\276rI\264\305F'\024:"
 167      3EA1B762 
 167      0FBE7249 
 167      B4C54627 
 167      143A
 168 027e 61A36709 		.ascii	"a\243g\011m\217]=\342\326\033\200\330\216\311\313S\366"
 168      6D8F5D3D 
 168      E2D61B80 
 168      D88EC9CB 
 168      53F6
 169 0290 C437D4BD 		.ascii	"\3047\324\275\212+:n\323\223D_\371o\374\201\251\037"
ARM GAS  C:\cygwin\tmp\ccWKPEog.s 			page 12


 169      8A2B3A6E 
 169      D393445F 
 169      F96FFC81 
 169      A91F
 170 02a2 21DA183C 		.ascii	"!\332\030<p\363\270\027\012}\200\377\010\360|m\277="
 170      70F3B817 
 170      0A7D80FF 
 170      08F07C6D 
 170      BF3D
 171 02b4 0CA6C003 		.ascii	"\014\246\300\003\347$\210\253\215\037\342|\365\003q"
 171      E72488AB 
 171      8D1FE27C 
 171      F50371
 172 02c3 8CB99B76 		.ascii	"\214\271\233v<9\300W;yf\036\203\235>(\3661\370\016\012"
 172      3C39C057 
 172      3B79661E 
 172      839D3E28 
 172      F631F80E 
 173 02d8 8914CEF0 		.ascii	"\211\024\316\360=j\236\307\177\031z\336\353\351\034"
 173      3D6A9EC7 
 173      7F197ADE 
 173      EBE91C
 174 02e7 33F42FC8 		.ascii	"3\364/\310S[<\261z/\003\012-\267\345\326\344\216c\234"
 174      535B3CB1 
 174      7A2F030A 
 174      2DB7E5D6 
 174      E48E639C 
 175 02fb E7C00C62 		.ascii	"\347\300\014b?\250\241\205\001\333\310bz\023\213\226"
 175      3FA8A185 
 175      01DBC862 
 175      7A138B96 
 176 030b C547AFE1 		.ascii	"\305G\257\341[-dD9q\375\330\355l=a\335\243\236_\353"
 176      5B2D6444 
 176      3971FDD8 
 176      ED6C3D61 
 176      DDA39E5F 
 177 0320 1B320ABE 		.ascii	"\0332\012\276\344\274\223/\257u\303g<\016\324\230\264"
 177      E4BC932F 
 177      AF75C367 
 177      3C0ED498 
 177      B4
 178 0331 FCA434A3 		.ascii	"\374\2444\243:\201rp\001\012\020\273\376\323\3023\346"
 178      3A817270 
 178      010A10BB 
 178      FED3C233 
 178      E6
 179 0342 C762047C 		.ascii	"\307b\004|sr\247\275\304\250wg\026L\272\255\270c\363"
 179      7372A7BD 
 179      C4A87767 
 179      164CBAAD 
 179      B863F3
 180 0355 C35FFA7F 		.ascii	"\303_\372\1773\323\272\305cP\335s`\332\3276\267\011"
 180      33D3BAC5 
 180      6350DD73 
 180      60DAD736 
 180      B709
 181 0367 D09B06CC 		.ascii	"\320\233\006\314K\371\371M\272\373\323\272/\312n\261"
ARM GAS  C:\cygwin\tmp\ccWKPEog.s 			page 13


 181      4BF9F94D 
 181      BAFBD3BA 
 181      2FCA6EB1 
 182 0377 7BABF6BD 		.ascii	"{\253\366\275\373\302\376@\255\277fo\250\326_\354\336"
 182      FBC2FE40 
 182      ADBF666F 
 182      A8D65FEC 
 182      DE
 183 0388 FDE2CBF9 		.ascii	"\375\342\313\371\317\227\224\260\\\277\277\350\355\335"
 183      CF9794B0 
 183      5CBFBFE8 
 183      EDDD
 184 0396 A5AF1485 		.ascii	"\245\257\024\205C\025E\330\343\257`9\270\355\252\014"
 184      431545D8 
 184      E3AF6039 
 184      B8EDAA0C 
 185 03a6 A49A4B5C 		.ascii	"\244\232K\\\222\315J\375\340.\253\012\206\305\221YV"
 185      92CD4AFD 
 185      E02EAB0A 
 185      86C59159 
 185      56
 186 03b7 F54628F0 		.ascii	"\365F(\360NeH\024\036,\002\341\032\373\034S\253\333"
 186      4E654814 
 186      1E2C02E1 
 186      1AFB1C53 
 186      ABDB
 187 03c9 6B3759A5 		.ascii	"k7Y\245G\300VjTT\357\015e\226\007\203o\226\325\0268"
 187      47C0566A 
 187      5454EF0D 
 187      65960783 
 187      6F96D516 
 188 03de 27C19C06 		.ascii	"'\301\234\006\012\206E\224UT\007\312\003\301\260\277"
 188      0A864594 
 188      555407CA 
 188      03C1B0BF 
 189 03ee 9A3D2167 		.ascii	"\232=!g\331\025\334_\371?\323F\031\211"
 189      D915DC5F 
 189      F93FD346 
 189      1989
 190              		.text
 191              		.section	.gnu.lto_.symtab.2d26e305,"",%progbits
 192 0000 67667849 		.ascii	"gfxInit\000"
 192      6E697400 
 193 0008 00       		.ascii	"\000"
 194 0009 00       		.ascii	"\000"
 195 000a 00       		.ascii	"\000"
 196 000b 00000000 		.ascii	"\000\000\000\000\000\000\000\000"
 196      00000000 
 197 0013 B3000000 		.ascii	"\263\000\000\000"
 198 0017 67667844 		.ascii	"gfxDeinit\000"
 198      65696E69 
 198      7400
 199 0021 00       		.ascii	"\000"
 200 0022 00       		.ascii	"\000"
 201 0023 00       		.ascii	"\000"
 202 0024 00000000 		.ascii	"\000\000\000\000\000\000\000\000"
 202      00000000 
ARM GAS  C:\cygwin\tmp\ccWKPEog.s 			page 14


 203 002c B5000000 		.ascii	"\265\000\000\000"
 204 0030 5F676F73 		.ascii	"_gosInit\000"
 204      496E6974 
 204      00
 205 0039 00       		.ascii	"\000"
 206 003a 02       		.ascii	"\002"
 207 003b 00       		.ascii	"\000"
 208 003c 00000000 		.ascii	"\000\000\000\000\000\000\000\000"
 208      00000000 
 209 0044 B7000000 		.ascii	"\267\000\000\000"
 210 0048 5F676472 		.ascii	"_gdriverInit\000"
 210      69766572 
 210      496E6974 
 210      00
 211 0055 00       		.ascii	"\000"
 212 0056 02       		.ascii	"\002"
 213 0057 00       		.ascii	"\000"
 214 0058 00000000 		.ascii	"\000\000\000\000\000\000\000\000"
 214      00000000 
 215 0060 B9000000 		.ascii	"\271\000\000\000"
 216 0064 5F676469 		.ascii	"_gdispInit\000"
 216      7370496E 
 216      697400
 217 006f 00       		.ascii	"\000"
 218 0070 02       		.ascii	"\002"
 219 0071 00       		.ascii	"\000"
 220 0072 00000000 		.ascii	"\000\000\000\000\000\000\000\000"
 220      00000000 
 221 007a BB000000 		.ascii	"\273\000\000\000"
 222 007e 5F676469 		.ascii	"_gdispDeinit\000"
 222      73704465 
 222      696E6974 
 222      00
 223 008b 00       		.ascii	"\000"
 224 008c 02       		.ascii	"\002"
 225 008d 00       		.ascii	"\000"
 226 008e 00000000 		.ascii	"\000\000\000\000\000\000\000\000"
 226      00000000 
 227 0096 BD000000 		.ascii	"\275\000\000\000"
 228 009a 5F676472 		.ascii	"_gdriverDeinit\000"
 228      69766572 
 228      4465696E 
 228      697400
 229 00a9 00       		.ascii	"\000"
 230 00aa 02       		.ascii	"\002"
 231 00ab 00       		.ascii	"\000"
 232 00ac 00000000 		.ascii	"\000\000\000\000\000\000\000\000"
 232      00000000 
 233 00b4 BF000000 		.ascii	"\277\000\000\000"
 234 00b8 5F676F73 		.ascii	"_gosDeinit\000"
 234      4465696E 
 234      697400
 235 00c3 00       		.ascii	"\000"
 236 00c4 02       		.ascii	"\002"
 237 00c5 00       		.ascii	"\000"
 238 00c6 00000000 		.ascii	"\000\000\000\000\000\000\000\000"
 238      00000000 
ARM GAS  C:\cygwin\tmp\ccWKPEog.s 			page 15


 239 00ce C1000000 		.ascii	"\301\000\000\000"
 240              		.text
 241              		.section	.gnu.lto_.opts,"",%progbits
 242 0000 272D666D 		.ascii	"'-fmath-errno' '-fsigned-zeros' '-ftrapping-math' '"
 242      6174682D 
 242      6572726E 
 242      6F272027 
 242      2D667369 
 243 0033 2D666E6F 		.ascii	"-fno-trapv' '-fno-openmp' '-fno-openacc' '-mcpu=cor"
 243      2D747261 
 243      70762720 
 243      272D666E 
 243      6F2D6F70 
 244 0066 7465782D 		.ascii	"tex-m3' '-mno-thumb-interwork' '-mthumb' '-ggdb' '-"
 244      6D332720 
 244      272D6D6E 
 244      6F2D7468 
 244      756D622D 
 245 0099 4F322720 		.ascii	"O2' '-fomit-frame-pointer' '-falign-functions=16' '"
 245      272D666F 
 245      6D69742D 
 245      6672616D 
 245      652D706F 
 246 00cc 2D666675 		.ascii	"-ffunction-sections' '-fdata-sections' '-fno-common"
 246      6E637469 
 246      6F6E2D73 
 246      65637469 
 246      6F6E7327 
 247 00ff 2720272D 		.ascii	"' '-flto'\000"
 247      666C746F 
 247      2700
 248              		.text
 249              		.comm	__gnu_lto_v1,1,1
 250              		.comm	__gnu_lto_slim,1,1
 251              		.ident	"GCC: (GNU Tools for ARM Embedded Processors) 5.4.1 20160919 (release) [ARM/embedded-5-bran
ARM GAS  C:\cygwin\tmp\ccWKPEog.s 			page 16


DEFINED SYMBOLS
                            *ABS*:00000000 gfx.c
                            *COM*:00000001 __gnu_lto_v1
                            *COM*:00000001 __gnu_lto_slim

NO UNDEFINED SYMBOLS
