ARM GAS  C:\cygwin\tmp\ccwCEr6v.s 			page 1


   1              		.syntax unified
   2              		.cpu cortex-m3
   3              		.fpu softvfp
   4              		.eabi_attribute 20, 1
   5              		.eabi_attribute 21, 1
   6              		.eabi_attribute 23, 3
   7              		.eabi_attribute 24, 1
   8              		.eabi_attribute 25, 1
   9              		.eabi_attribute 26, 1
  10              		.eabi_attribute 30, 2
  11              		.eabi_attribute 34, 1
  12              		.eabi_attribute 18, 4
  13              		.thumb
  14              		.syntax unified
  15              		.file	"hal.c"
  16              		.text
  17              	.Ltext0:
  18              		.section	.gnu.lto_.profile.2d26e1b2,"",%progbits
  19 0000 789C6361 		.ascii	"x\234ca`d`a`\000\222\246\354\000\000\333\000G"
  19      60646061 
  19      600092A6 
  19      EC0000DB 
  19      0047
  20              		.text
  21              		.section	.gnu.lto_.icf.2d26e1b2,"",%progbits
  22 0000 789C6361 		.ascii	"x\234ca`d\000\001\016\006\004`d\330x{\321\0026\006\000"
  22      60640001 
  22      0E060460 
  22      64D8787B 
  22      D1023606 
  23 0015 0E2F02E3 		.ascii	"\016/\002\343"
  24              		.text
  25              		.section	.gnu.lto_.jmpfuncs.2d26e1b2,"",%progbits
  26 0000 789C6361 		.ascii	"x\234ca`d\000\001-\006\004\200\210001\376ebl\376\265"
  26      60640001 
  26      2D060480 
  26      88303031 
  26      FE65626C 
  27 0016 FF335FFD 		.ascii	"\3773_\375\337\206\031\015\015\002\255\314\014\235\314"
  27      DF86190D 
  27      0D02ADCC 
  27      0C9DCC
  28 0025 20F9E58C 		.ascii	" \371\345\214\365\014\214,@\026\000\365\025\012V"
  28      F50C8C2C 
  28      401600F5 
  28      150A56
  29              		.text
  30              		.section	.gnu.lto_.inline.2d26e1b2,"",%progbits
  31 0000 789C6361 		.ascii	"x\234ca`d\000\001=\006\004\000\212p\232220\001\231l"
  31      60640001 
  31      3D060400 
  31      8A709A32 
  31      32300199 
  32 0015 0BE499C0 		.ascii	"\013\344\231\300B\\(\004\0237H\025\230\311\000\0004"
  32      425C2804 
  32      13374815 
  32      98C90000 
ARM GAS  C:\cygwin\tmp\ccwCEr6v.s 			page 2


  32      34
  33 0026 AA0177   		.ascii	"\252\001w"
  34              		.text
  35              		.section	.gnu.lto_.pureconst.2d26e1b2,"",%progbits
  36 0000 789C6361 		.ascii	"x\234ca`d`f`\000\222\022\000\000p\000\""
  36      60646066 
  36      60009212 
  36      00007000 
  36      22
  37              		.text
  38              		.section	.gnu.lto_halInit.2d26e1b2,"",%progbits
  39 0000 789C7590 		.ascii	"x\234u\220=K\003A\020\206\347\335\275\334E!b)\030\304"
  39      3D4B0341 
  39      1086E7DD 
  39      BDDC4521 
  39      622918C4 
  40 0014 C6224DCE 		.ascii	"\306\"M\316\377`g#\350/\3204\011\012\202\371\001\267"
  40      FF606723 
  40      E82FD034 
  40      090A82F9 
  40      01B7
  41 0026 F172A85D 		.ascii	"\361r\250]\020\024\0214e\022\243\371\020\2334z\244\263"
  41      10141134 
  41      6512A3F9 
  41      109B347A 
  41      A4B3
  42 0038 D14210C4 		.ascii	"\321B\020\304F,$\004\213\210\332\010\361\234=E,\314"
  42      462C2404 
  42      8B88DA08 
  42      F19C3D45 
  42      2CCC
  43 004a C032BB33 		.ascii	"\3002\2733\317\276\363a\020H\333\031\273\011\366\343"
  43      CFBEF361 
  43      1048DB19 
  43      BB09F6E3 
  44 005a 7C2009A2 		.ascii	"| \011\242pE\224\213\012@_T\024\344\0108x\027}\201\366"
  44      7045948B 
  44      0A405F54 
  44      14E40838 
  44      78177D81 
  45 006f C6534B24 		.ascii	"\306SK$J\212\355\301;\224\252\354\303\223D\201\010\225"
  45      4A8AEDC1 
  45      3B94AAEC 
  45      C3934481 
  45      0895
  46 0081 08252488 		.ascii	"\010%$\210\261\307\346\347N\314\314kl\362;\2112L]\256"
  46      B1C7E6E7 
  46      4ECCCC6B 
  46      6CF23B89 
  46      324C5DAE 
  47 0095 3EEFAB20 		.ascii	">\357\253 p\225\272\233\256LYD=N\3522/Bh/;p\375~L\323"
  47      7095BA9B 
  47      AE4C5944 
  47      3D4EEA32 
  47      2F42682F 
  48 00af 5AA7D57A 		.ascii	"Z\247\325z\276\267\234\276\332Tj\324\223\010\004K\240"
  48      BEB79CBE 
ARM GAS  C:\cygwin\tmp\ccwCEr6v.s 			page 3


  48      DA546AD4 
  48      9308044B 
  48      A0
  49 00c0 02873C29 		.ascii	"\002\207<)\250\203\274\277m\376\217\312\200\365\010"
  49      A883BCBF 
  49      6DFE8FCA 
  49      80F508
  50 00cf 478C726E 		.ascii	"G\214rn\327k_[o\302\223\006\364\323\375\270x\035at/"
  50      D76B5F5B 
  50      6FC29306 
  50      F4D3FDB8 
  50      781D6174 
  51 00e4 448D2D1E 		.ascii	"D\215-\036@\207/\367\253\313E\034\344\012a8\202c\036"
  51      40872FF7 
  51      ABCB451C 
  51      E40A6138 
  51      82631E
  52 00f7 BA8A7898 		.ascii	"\272\212x\230\013\272\247\265!\3762\2465NPDX\02658\236"
  52      0BBAA7B5 
  52      21FE32A6 
  52      354E5044 
  52      58163538 
  53 010c 3449377D 		.ascii	"4I7};\240\023n\232\365Q\377m\332\365\033\303\003Q\203"
  53      3BA0136E 
  53      9AF551FF 
  53      6DDAF51B 
  53      C3035183 
  54 0120 D1C61FF4 		.ascii	"\321\306\037\364|0\032a\264\371\203v\261\356\337\314"
  54      7C301A61 
  54      B4F98376 
  54      B1EEDFCC 
  55 0130 86A8B61E 		.ascii	"\206\250\266\036\357\211\227\311\033\210'\223\366L:"
  55      EF8997C9 
  55      1B882793 
  55      F64C3A
  56 013f B394995B 		.ascii	"\263\224\231[\260W\263vzq\305\316\256\245\264O\246\350"
  56      B057B376 
  56      7A71C5CE 
  56      AEA5B44F 
  56      A6E8
  57 0151 0B8F0EA3 		.ascii	"\013\217\016\243p"
  57      70
  58              		.text
  59              		.section	.gnu.lto_.symbol_nodes.2d26e1b2,"",%progbits
  60 0000 789C55C9 		.ascii	"x\234U\311\273\015\203@\024D\321;\373\241\016S\351\333"
  60      BB0D8340 
  60      1444D13B 
  60      FBA10E53 
  60      E9DB
  61 0012 80029C92 		.ascii	"\200\002\234\222S\005\261c\007\306\037B[\242\016\304"
  61      5305B163 
  61      07C61F42 
  61      5BA20EC4 
  62 0022 F346EC24 		.ascii	"\363F\354$G\272\223\020#\276\360\220\301\365\016\316"
  62      47BA9310 
  62      23BEF090 
  62      C1F50ECE 
ARM GAS  C:\cygwin\tmp\ccwCEr6v.s 			page 4


  63 0032 5C7AC82F 		.ascii	"\\z\310/q\361G\253L\365\201R\274\350#\013Mx\313b\023"
  63      71F147AB 
  63      4CF58152 
  63      BCE8230B 
  63      4D78CB62 
  64 0047 9EB2D484 		.ascii	"\236\262\324\204E\226\317!\3221}wE2\267jb\253F\206\337"
  64      4596CF21 
  64      D2317D77 
  64      4532B76A 
  64      62AB4686 
  65 005c DFC0E472 		.ascii	"\337\300\344r\000\340a&P"
  65      00E06126 
  65      50
  66              		.text
  67              		.section	.gnu.lto_.refs.2d26e1b2,"",%progbits
  68 0000 789C6361 		.ascii	"x\234ca`d`c`\000\222L\214L\014\000\000\243\000\022"
  68      60646063 
  68      6000924C 
  68      8C4C0C00 
  68      00A30012 
  69              		.text
  70              		.section	.gnu.lto_.decls.2d26e1b2,"",%progbits
  71 0000 789C8D56 		.ascii	"x\234\215VkL\024W\024\2363\027\026XV1`\214?hB\354\032"
  71      6B4C1457 
  71      149E3317 
  71      16585631 
  71      608C3F68 
  72 0017 F9235BB0 		.ascii	"\371#[\260I\323\306?\026\253\265\321Jb\253?$\331,\313"
  72      49D3C63F 
  72      16ABB5D1 
  72      4A62AB3F 
  72      24D92CCB 
  73 002b 0A9BE042 		.ascii	"\012\233\340B\330\245\3254m\206\207\322\020[@\254\025"
  73      D8A5D534 
  73      6D8687D2 
  73      105B40AC 
  73      15
  74 003c B50D012C 		.ascii	"\265\015\001,*( \340\003\264\242VY\251X\024E\221\327"
  74      2A2820E0 
  74      03B4A256 
  74      59A95814 
  74      4591D7
  75 004f 1604A155 		.ascii	"\026\004\241U\203\226\212@\325\236{\357\314\316\262"
  75      83968A40 
  75      D59E7BEF 
  75      CCCEB2
  76 005e 08ED8433 		.ascii	"\010\355\20433g\356\3678\367\334;\263\370\010 \320#"
  76      3367EEF7 
  76      38F7DC3B 
  76      B3F80820 
  76      D023
  77 0070 24401044 		.ascii	"$@\020DQ\020\016\342\375+<\360V\330\210AGo\013\374\320"
  77      51100EE2 
  77      FD2B3CF0 
  77      56D88841 
  77      476F0BFC 
  78 0085 60746074 		.ascii	"`t`tbtc\364b\364c\014\310\270\007\302\324\203b\375d"
ARM GAS  C:\cygwin\tmp\ccwCEr6v.s 			page 5


  78      627463F4 
  78      62F4630C 
  78      C8B807C2 
  78      D48362FD 
  79 009a 9D218CBB 		.ascii	"\235!\214\273\030\303\262\336-\214>/\335\001Y\257W\326"
  79      18C3B2DE 
  79      2D8C3E2F 
  79      DD0159AF 
  79      57D6
  80 00ac EF9C41F7 		.ascii	"\357\234A\367\205\0107\262\252\016\222Q\021\202\265"
  80      850837B2 
  80      AA0E9251 
  80      1182B5
  81 00bb E083E993 		.ascii	"\340\203\351\223\226\375\375s1\235\257\2050L\033N\235"
  81      96FDFD73 
  81      319DAF85 
  81      304C1B4E 
  81      9D
  82 00cc BDE2CB47 		.ascii	"\275\342\313G\337\302trhO\007\360T\207iFCG~\020\007"
  82      DFC27472 
  82      684F07F0 
  82      54876946 
  82      43477E10 
  83 00e1 BB040F72 		.ascii	"\273\004\017r0'\177\233[S\255%\"\320\241\375\015\243"
  83      30277F9B 
  83      5B53AD25 
  83      22D0A1FD 
  83      0DA3
  84 00f3 CDB2903F 		.ascii	"\315\262\220?\246%\227\353'\002I\000\033\352v\036)\247"
  84      A62597EB 
  84      27024900 
  84      1BEA761E 
  84      29A7
  85 0105 152CD102 		.ascii	"\025,\321\002\355W\020>\252|xf|\016\177D\021\275\343"
  85      ED57103E 
  85      AA7C7866 
  85      7C0E7F44 
  85      11BDE3
  86 0118 87574554 		.ascii	"\207WETHx\344I\222\370\206Z\374\315\334\247\245~d\001"
  86      4878E449 
  86      92F8865A 
  86      FCCDDCA7 
  86      A57E6401 
  87 012c 058957BE 		.ascii	"\005\211W\276\2519\021\010\341\332\237(\316UpHwF\222"
  87      A9391108 
  87      E1DA9F28 
  87      CE557048 
  87      774692
  88 013f E6411D68 		.ascii	"\346A\035h\241\006\010\234\200\010\332\203%Z<\177-I"
  88      A106089C 
  88      8008DA83 
  88      255A3C7F 
  88      2D49
  89 0151 19525EA6 		.ascii	"\031R^\246\024\354\234+\300a\010\2052\010\025\240\026"
  89      14EC9C2B 
  89      C0610885 
  89      320815A0 
ARM GAS  C:\cygwin\tmp\ccwCEr6v.s 			page 6


  89      16
  90 0162 C2A91F05 		.ascii	"\302\251\037\005B5>\254\302\207hq\2444\277XC63\213\302"
  90      42353EAC 
  90      C2876871 
  90      A434BF58 
  90      4336338B 
  91 0177 DAA3635A 		.ascii	"\332\243cZ\267Ea\366\333\025\324\3424Z\234T-\320qF\217"
  91      B74561F6 
  91      DB15D4E2 
  91      345A9C54 
  91      2DD07146 
  92 018c 53AFF7E8 		.ascii	"S\257\367\350\253\357J\027I\001\260\311\276\3149;B\310"
  92      ABEF4A17 
  92      4901B0C9 
  92      BECC393B 
  92      42C8
  93 019e F72CF1ED 		.ascii	"\367,\361\355)\377\013\357\364\372\220p}1Ut\215\345"
  93      29FF0BEF 
  93      F4FA9070 
  93      7D315574 
  93      8DE5
  94 01b0 D8F20FED 		.ascii	"\330\362\017\355\224\362L\314\266\022m\317A\210j`\010"
  94      94F24CCC 
  94      B6126DCF 
  94      41886A60 
  94      08
  95 01c1 15981D56 		.ascii	"\025\230\035V\300\360\215\265M:\005|\346\265\340H\212"
  95      C0F08DB5 
  95      4D3A057C 
  95      E6B5E048 
  95      8A
  96 01d2 CD977B2B 		.ascii	"\315\227{+\201C\200r\034?J%\030\032k\205\237\261\354"
  96      81438072 
  96      1C3F4A25 
  96      181A6B85 
  96      9FB1EC
  97 01e5 B3A08706 		.ascii	"\263\240\207\006\214\363\240g\335g=h\254Fy\311\237\002"
  97      8CF3A067 
  97      DD673D68 
  97      AC4679C9 
  97      9F02
  98 01f7 0579FE82 		.ascii	"\005y\376\202\333\372\\\323\374B\2511\2130\363zo\363"
  98      DBFA5CD3 
  98      FC42A931 
  98      8B30F37A 
  98      6FF3
  99 0209 E3E076C7 		.ascii	"\343\340v\307I\237\177\231\325\252!ml\322b\306\245\213"
  99      499F7F99 
  99      D5AA216D 
  99      6CD262C6 
  99      A58B
 100 021b 0301101E 		.ascii	"\003\001\020\036\302-\3167\001\265\270\210\344F\265"
 100      C22DCE37 
 100      01B5B888 
 100      E446B5
 101 022a CBD47186 		.ascii	"\313\324q\206\272\341\002\226;[\351\350\3678k\300\025"
 101      BAE10296 
ARM GAS  C:\cygwin\tmp\ccwCEr6v.s 			page 7


 101      3B5BE9E8 
 101      F7386BC0 
 101      15
 102 023b C8B7E342 		.ascii	"\310\267\343BL\353ZN\367\370\222A\276\000]O\333\263"
 102      4CEB5A4E 
 102      F7F89241 
 102      BE005D4F 
 102      DBB3
 103 024d 03C9239E 		.ascii	"\003\311#\236T\376\263\247LCFy\222\233\331\363\025'"
 103      54FEB3A7 
 103      4C434679 
 103      929BD9F3 
 103      1527
 104 025f 2DC76CD7 		.ascii	"-\307l\327\276\262<\215\274\373\011\3469u\005%Ad\222"
 104      BEB23C8D 
 104      BCFB09E6 
 104      39750525 
 104      416492
 105 0272 41FDFACB 		.ascii	"A\375\372\313K\203p\335\364\341\270v\305l\036/\232B"
 105      4B8370DD 
 105      F4E1B876 
 105      C56C1E2F 
 105      9A42
 106 0284 D3593BE8 		.ascii	"\323Y;\350L~\301\231\264\342\325]\363%\265\035\034\276"
 106      4C7EC199 
 106      B4E2D55D 
 106      F325B51D 
 106      1CBE
 107 0296 F723BA6E 		.ascii	"\367#\272n\024{\325\033{\304\033;\272Z\301^\361\306"
 107      147BD51B 
 107      7BC41B3B 
 107      BA5AC15E 
 107      F1C6
 108 02a8 AA6BCCBB 		.ascii	"\252k\314\273\371\204/X\353\264\005\303\261\374f\217"
 108      F9842F58 
 108      EBB405C3 
 108      B1FC668F 
 109 02b8 0A8F792B 		.ascii	"\012\217y+U\300\224\275\205\370\347n\333\313\336\340"
 109      55C094BD 
 109      85F8E76E 
 109      DBCBDEE0 
 110 02c8 E31EE029 		.ascii	"\343\036\340)\213\344DD\023\033l\225W\250\005W\350\032"
 110      8BE44444 
 110      131B6C95 
 110      57A80557 
 110      E81A
 111 02da AECE6F18 		.ascii	"\256\316o\030\315\030\3271~UW\352\302\370\303\035A$"
 111      CD18D731 
 111      7E5557EA 
 111      C2F8C31D 
 111      4124
 112 02ec 837D45C4 		.ascii	"\203}E\304\246\361\3226_\367\316hhf;\243\015\205n\250"
 112      A6F1D236 
 112      5FF7CE68 
 112      68663BA3 
 112      0D856EA8 
 113 0300 3BA375FA 		.ascii	";\243u\372\316PL\341&z\375O\337\0372_\325A\210,\323"
ARM GAS  C:\cygwin\tmp\ccwCEr6v.s 			page 8


 113      CE504CE1 
 113      267AFD4F 
 113      DF1F325F 
 113      D541882C 
 114 0315 38A38C30 		.ascii	"8\243\2140\233\306\243\347\207\372\211.G\375\024\300"
 114      9BC6A3E7 
 114      87FA892E 
 114      47FD14C0 
 115 0325 2D8F5740 		.ascii	"-\217W@\200\333\240\243HzE\364\271\266\311\353>\235"
 115      80DBA0A3 
 115      487A45F4 
 115      B9B6C9EB 
 115      3E9D
 116 0337 D001F88B 		.ascii	"\320\001\370\213\001\363\230\006\000?\003\013\201\007"
 116      01F39806 
 116      003F030B 
 116      8107
 117 0345 4BF14664 		.ascii	"K\361FdgA}\004\012P\316E\345Vp\213\261?\231\317~\235"
 117      67417D04 
 117      0A50CE45 
 117      E556708B 
 117      B13F99CF 
 118 035b D8C14454 		.ascii	"\330\301DTu\220I<\227\311\002\310\271\250\032\000O\025"
 118      7590493C 
 118      97C902C8 
 118      B9A81A00 
 118      4F15
 119 036d 82871E2F 		.ascii	"\202\207\036/W\226Skv\317\011\224\026\215\324H}Z\262"
 119      5796536B 
 119      76CF0994 
 119      168DD448 
 119      7D5AB2
 120 0380 8BFF48BC 		.ascii	"\213\377H\274\270z`\277\270p/\353y\246\024\346\003\033"
 120      B87A60BF 
 120      B8702FEB 
 120      79A614E6 
 120      031B
 121 0392 177874EB 		.ascii	"\027xt\353.,\304s\234\017'\266d]\276\352\273\250H*\252"
 121      2E2CC473 
 121      9C0F27B6 
 121      645DBEEA 
 121      BBA8482A 
 122 03a7 925C1DBB 		.ascii	"\222\\\035\273\227\357\315\224\234H\013\243(\270\243"
 122      97EFCD94 
 122      9C480BA3 
 122      28B8A3
 123 03b6 EE06BCA5 		.ascii	"\356\006\274\245\227v\350\304\002:`\0212\263O<\356\365"
 123      9776E8C4 
 123      023A6011 
 123      32B34F3C 
 123      EEF5
 124 03c8 25D5DC72 		.ascii	"%\325\334rx\327\375z\015\312\270\360\203\376\244`Sz"
 124      78D7FD7A 
 124      0DCAB8F0 
 124      83FEA460 
 124      537A
 125 03da C9CEC63C 		.ascii	"\311\316\306<`^pOU\271\307T\360\246\223)\\\033\354\376"
ARM GAS  C:\cygwin\tmp\ccwCEr6v.s 			page 9


 125      605E704F 
 125      55B9C754 
 125      F0A69329 
 125      5C1BECFE 
 126 03ee 82747181 		.ascii	"\202tq\201?']\355:Y\340\340\235/wg\026}\310\330]*\273"
 126      3F275DED 
 126      3A59E0E0 
 126      9D2F7767 
 126      167DC8D8 
 127 0405 4B617733 		.ascii	"Kaw3vC\373\365\315\344o\316\276\231\276/\333_fO\334"
 127      7643FBF5 
 127      CDE46FCE 
 127      BE99BE2F 
 127      DB5F664F 
 128 041a 59E766F7 		.ascii	"Y\347f\367\250\354\036\205\335\313\330G+\012\007\002"
 128      A8EC1E85 
 128      DDCBD847 
 128      2B0A0702 
 129 042a 483161F4 		.ascii	"H1a\364\302\256\3339\201>\"\337B\2645\370l\242\271\346"
 129      C2AEDB39 
 129      813E22DF 
 129      42B435F8 
 129      6CA2B9E6 
 130 043e 98EF8C4D 		.ascii	"\230\357\214M\354cM\374\035\344.v\026\015\237T\252\177"
 130      EC634DFC 
 130      1DE42E76 
 130      160D9F54 
 130      AA7F
 131 0450 9663FB8E 		.ascii	"\226c\373\216\372#\004\\\252\277K\361\357g\376\205?"
 131      FA23045C 
 131      AABF4BF1 
 131      EF67FE85 
 131      3F
 132 0461 E6561152 		.ascii	"\346V\021R\305\375\263\352\307\206\025\372\304\201M"
 132      C5FDB3EA 
 132      C78615FA 
 132      C4814D
 133 0470 054AF9F7 		.ascii	"\005J\371\367U\372}\205>\300\350\316K\307\237\005\222"
 133      55FA7D85 
 133      3EC0E8CE 
 133      4BC79F05 
 133      92
 134 0481 114E77D6 		.ascii	"\021Nw\3269\377\010X\\\"\215 }\2549aG\231\204\315g\357"
 134      39FF0858 
 134      5C228D20 
 134      7DAC3961 
 134      479984CD 
 135 0497 C82017F0 		.ascii	"\310 \027\360\370\\\014R\035x\000\213\351\277!\003\225"
 135      F85C0C52 
 135      1D78008B 
 135      E9BF2103 
 135      95
 136 04a8 0F7453DE 		.ascii	"\017tS\336+j\252Nr\010\233!\333\017\261W\253\255\266"
 136      2B6AAA4E 
 136      72089B21 
 136      DB0FB157 
 136      ABADB6
ARM GAS  C:\cygwin\tmp\ccwCEr6v.s 			page 10


 137 04bb E8A2660A 		.ascii	"\350\242f\012\241o\012aX~\021\351U\023\263r\245\311"
 137      A16F0A61 
 137      587E11E9 
 137      5513B372 
 137      A5C9
 138 04cd 6122E6D4 		.ascii	"a\"\346\324$\377\325\037\177\032\026\035\031)h\215\306"
 138      24FFD51F 
 138      7F1A161D 
 138      1929688D 
 138      C6
 139 04de 34ABCDB1 		.ascii	"4\253\315\261,\312\350x\327\374^\254y{\302\347V[\254"
 139      2CCAE878 
 139      D7FC5EAC 
 139      797BC2E7 
 139      565BAC
 140 04f1 2975EB52 		.ascii	")u\353R[\262\315\262\324b\212\263\306Zm\346\244\264"
 140      5BB2CDB2 
 140      D4628AB3 
 140      C65A6DE6 
 140      A4B4
 141 0503 784BEC56 		.ascii	"xK\354V\2239\321j\263\304\032\343-[LiI\016\243c{\212"
 141      9339D16A 
 141      B3C41AE3 
 141      2D5B4C69 
 141      490EA363 
 142 0519 C51E9128 		.ascii	"\305\036\221(\370+\022\021\377%a\337n\2175\332\035\361"
 142      F82B1211 
 142      FF2561DF 
 142      6E8F35DA 
 142      1DF1
 143 052b 88471E49 		.ascii	"\210G\036I\216O\305j\022\337\211\2100D'Z\343\254\353"
 143      8E4FC56A 
 143      12DF8988 
 143      3044275A 
 143      E3ACEB
 144 053e 371892ED 		.ascii	"7\030\222\355\206DS\222!%9\325a7l\370d\335\262(\303"
 144      86445392 
 144      212539D5 
 144      61376CF8 
 144      64DDB228 
 145 0553 DAB52B0D 		.ascii	"\332\265+\015\253c\326\254\377,\222\016\031S0\222\222"
 145      AB63D6AC 
 145      FF2C920E 
 145      19533092 
 145      92
 146 0564 E2911F6C 		.ascii	"\342\221\037lwlE\333\204\024k\262\321nq\244\245\030"
 146      776C45DB 
 146      84146BB2 
 146      D16E71A4 
 146      A518
 147 0576 1D9A9868 		.ascii	"\035\232\230h:GM\314\373\374\262\202_>\240\227\200\230"
 147      3A474DCC 
 147      FBFCB282 
 147      5F3EA097 
 147      8098
 148 0588 156BA393 		.ascii	"\025k\243\223m[\254\011~\250\263\306fu\204N7\266\247"
 148      6D5BAC09 
ARM GAS  C:\cygwin\tmp\ccwCEr6v.s 			page 11


 148      7EA8B3C6 
 148      6675844E 
 148      37B6A7
 149 059b 9AE935C2 		.ascii	"\232\3515\302,h\354\016\212ys:F\236\015\253\306N'\022"
 149      2C68EC0E 
 149      8A79733A 
 149      469E0DAB 
 149      C64E2712 
 150 05af 10976C4A 		.ascii	"\020\227lJ\215\247\350\271\354\316\300\3168\340g\215"
 150      8DA7E8B9 
 150      ECCEC0CE 
 150      38E0678D 
 151 05bf 32D3C7FA 		.ascii	"2\323\307\372\331E\020\205\3409\312\324\214V\244\350"
 151      D9451085 
 151      E039CAD4 
 151      8C56A4E8 
 152 05cf 123D92A8 		.ascii	"\022=\222\250\331;\304\316\253\"\267m3$\252\315\241"
 152      D93BC4CE 
 152      AB22B76D 
 152      3324AACD 
 152      A1
 153 05e0 62CA4A99 		.ascii	"b\312J\231\331\264\377\005\277\354R!"
 153      D9B4FF05 
 153      BFEC5221 
 154              		.text
 155              		.section	.gnu.lto_.symtab.2d26e1b2,"",%progbits
 156 0000 68616C49 		.ascii	"halInit\000"
 156      6E697400 
 157 0008 00       		.ascii	"\000"
 158 0009 00       		.ascii	"\000"
 159 000a 00       		.ascii	"\000"
 160 000b 00000000 		.ascii	"\000\000\000\000\000\000\000\000"
 160      00000000 
 161 0013 D9000000 		.ascii	"\331\000\000\000"
 162 0017 70616C5F 		.ascii	"pal_default_config\000"
 162      64656661 
 162      756C745F 
 162      636F6E66 
 162      696700
 163 002a 00       		.ascii	"\000"
 164 002b 02       		.ascii	"\002"
 165 002c 00       		.ascii	"\000"
 166 002d 00000000 		.ascii	"\000\000\000\000\000\000\000\000"
 166      00000000 
 167 0035 E7000000 		.ascii	"\347\000\000\000"
 168 0039 7374496E 		.ascii	"stInit\000"
 168      697400
 169 0040 00       		.ascii	"\000"
 170 0041 02       		.ascii	"\002"
 171 0042 00       		.ascii	"\000"
 172 0043 00000000 		.ascii	"\000\000\000\000\000\000\000\000"
 172      00000000 
 173 004b DB000000 		.ascii	"\333\000\000\000"
 174 004f 626F6172 		.ascii	"boardInit\000"
 174      64496E69 
 174      7400
 175 0059 00       		.ascii	"\000"
ARM GAS  C:\cygwin\tmp\ccwCEr6v.s 			page 12


 176 005a 02       		.ascii	"\002"
 177 005b 00       		.ascii	"\000"
 178 005c 00000000 		.ascii	"\000\000\000\000\000\000\000\000"
 178      00000000 
 179 0064 DD000000 		.ascii	"\335\000\000\000"
 180 0068 69326349 		.ascii	"i2cInit\000"
 180      6E697400 
 181 0070 00       		.ascii	"\000"
 182 0071 02       		.ascii	"\002"
 183 0072 00       		.ascii	"\000"
 184 0073 00000000 		.ascii	"\000\000\000\000\000\000\000\000"
 184      00000000 
 185 007b DF000000 		.ascii	"\337\000\000\000"
 186 007f 5F70616C 		.ascii	"_pal_lld_init\000"
 186      5F6C6C64 
 186      5F696E69 
 186      7400
 187 008d 00       		.ascii	"\000"
 188 008e 02       		.ascii	"\002"
 189 008f 00       		.ascii	"\000"
 190 0090 00000000 		.ascii	"\000\000\000\000\000\000\000\000"
 190      00000000 
 191 0098 E3000000 		.ascii	"\343\000\000\000"
 192 009c 68616C5F 		.ascii	"hal_lld_init\000"
 192      6C6C645F 
 192      696E6974 
 192      00
 193 00a9 00       		.ascii	"\000"
 194 00aa 02       		.ascii	"\002"
 195 00ab 00       		.ascii	"\000"
 196 00ac 00000000 		.ascii	"\000\000\000\000\000\000\000\000"
 196      00000000 
 197 00b4 E5000000 		.ascii	"\345\000\000\000"
 198              		.text
 199              		.section	.gnu.lto_.opts,"",%progbits
 200 0000 272D666D 		.ascii	"'-fmath-errno' '-fsigned-zeros' '-ftrapping-math' '"
 200      6174682D 
 200      6572726E 
 200      6F272027 
 200      2D667369 
 201 0033 2D666E6F 		.ascii	"-fno-trapv' '-fno-openmp' '-fno-openacc' '-mcpu=cor"
 201      2D747261 
 201      70762720 
 201      272D666E 
 201      6F2D6F70 
 202 0066 7465782D 		.ascii	"tex-m3' '-mno-thumb-interwork' '-mthumb' '-ggdb' '-"
 202      6D332720 
 202      272D6D6E 
 202      6F2D7468 
 202      756D622D 
 203 0099 4F322720 		.ascii	"O2' '-fomit-frame-pointer' '-falign-functions=16' '"
 203      272D666F 
 203      6D69742D 
 203      6672616D 
 203      652D706F 
 204 00cc 2D666675 		.ascii	"-ffunction-sections' '-fdata-sections' '-fno-common"
 204      6E637469 
ARM GAS  C:\cygwin\tmp\ccwCEr6v.s 			page 13


 204      6F6E2D73 
 204      65637469 
 204      6F6E7327 
 205 00ff 2720272D 		.ascii	"' '-flto'\000"
 205      666C746F 
 205      2700
 206              		.text
 207              		.comm	__gnu_lto_v1,1,1
 208              		.comm	__gnu_lto_slim,1,1
 209              		.ident	"GCC: (GNU Tools for ARM Embedded Processors) 5.4.1 20160919 (release) [ARM/embedded-5-bran
ARM GAS  C:\cygwin\tmp\ccwCEr6v.s 			page 14


DEFINED SYMBOLS
                            *ABS*:00000000 hal.c
                            *COM*:00000001 __gnu_lto_v1
                            *COM*:00000001 __gnu_lto_slim

NO UNDEFINED SYMBOLS
