ARM GAS  C:\cygwin\tmp\ccAl1PBu.s 			page 1


   1              		.syntax unified
   2              		.cpu cortex-m3
   3              		.fpu softvfp
   4              		.eabi_attribute 20, 1
   5              		.eabi_attribute 21, 1
   6              		.eabi_attribute 23, 3
   7              		.eabi_attribute 24, 1
   8              		.eabi_attribute 25, 1
   9              		.eabi_attribute 26, 1
  10              		.eabi_attribute 30, 2
  11              		.eabi_attribute 34, 1
  12              		.eabi_attribute 18, 4
  13              		.thumb
  14              		.syntax unified
  15              		.file	"hal_pal_lld.c"
  16              		.text
  17              	.Ltext0:
  18              		.section	.gnu.lto_.profile.2d26e702,"",%progbits
  19 0000 789C6361 		.ascii	"x\234ca`d`a`\000\222n.\000\001:\000\225"
  19      60646061 
  19      6000926E 
  19      2E00013A 
  19      0095
  20              		.text
  21              		.section	.gnu.lto_.icf.2d26e702,"",%progbits
  22 0000 789C6361 		.ascii	"x\234ca`d\000\001\021\006\004`f\330\376\360\322\012"
  22      60640001 
  22      11060460 
  22      66D8FEF0 
  22      D20A
  23 0012 4EC60FFD 		.ascii	"N\306\017\375\035\177\330\230^.\177~\231\205\001\000"
  23      1D7FD898 
  23      5E2E7F7E 
  23      99850100 
  24 0022 65A10992 		.ascii	"e\241\011\222"
  25              		.text
  26              		.section	.gnu.lto_.jmpfuncs.2d26e702,"",%progbits
  27 0000 789C6361 		.ascii	"x\234ca`d\000\001\001\006\004`b`dd\254gd\006\222\354"
  27      60640001 
  27      01060460 
  27      62606464 
  27      AC676406 
  28 0016 F5F5F50C 		.ascii	"\365\365\365\014\000\015&\002%"
  28      000D2602 
  28      25
  29              		.text
  30              		.section	.gnu.lto_.inline.2d26e702,"",%progbits
  31 0000 789C3591 		.ascii	"x\2345\2211NC1\014\206m'\205\247\252R\337\304\204\324"
  31      314E4331 
  31      0C866D27 
  31      85A7AA52 
  31      DFC484D4 
  32 0014 48BC1370 		.ascii	"H\274\023p\200*G\351\014\227\360\320\036\200\011!u\310"
  32      802A47E9 
  32      0C97F0D0 
  32      1E800921 
  32      75C8
ARM GAS  C:\cygwin\tmp\ccAl1PBu.s 			page 2


  33 0026 56C62EEC 		.ascii	"V\306.\354Ollt\357\320\2613bE\"\366\237\347\341\373"
  33      4F6C6C74 
  33      EFD0B133 
  33      624522F6 
  33      9FE7E1FB 
  34 003a 6D59FA92 		.ascii	"mY\372\222(\221\230\254>\020^B4<\360\222\022S gv&\347"
  34      289198AC 
  34      3E105E42 
  34      343CF092 
  34      12532067 
  35 0051 C659D843 		.ascii	"\306Y\330C\021c\233\304\343\202\251\264\0111\"4`B\224"
  35      11639BC4 
  35      E382A9B4 
  35      09312234 
  35      604294
  36 0064 9086F226 		.ascii	"\220\206\362&tSVB|\275\215\240\241\363\2663\364\336"
  36      74535642 
  36      7CBD8DA0 
  36      A1F3B633 
  36      F4DE
  37 0076 F686E46D 		.ascii	"\366\206\344m2do\263AY\020N\301\000\306\026N8\325\245"
  37      32646FB3 
  37      4159104E 
  37      C100C616 
  37      4E38D5A5 
  38 008a 0AABBA56 		.ascii	"\012\253\272V\341U\027+\314\012\365\344n\362\311\336"
  38      E155172B 
  38      CC0AF5E4 
  38      6EF2C9DE 
  39 009a F493BF1E 		.ascii	"\364\223\277\036P\213ixa\236Iz\372\023\376\3749\036"
  39      508B6978 
  39      619E497A 
  39      FA13FEFC 
  39      391E
  40 00ac 16BFB20B 		.ascii	"\026\277\262\013\304\201\017|O\222\236[\332\372\264"
  40      C4810F7C 
  40      4F929E5B 
  40      DAFAB4
  41 00bb 3DEE03D6 		.ascii	"=\356\003\326\221\337\333\032Y\277\242{\374>\3674\037"
  41      91DFDB1A 
  41      59BFA27B 
  41      FC3EF734 
  41      1F
  42 00cc D742B1AC 		.ascii	"\327B\261\2542\305\361.\327k\177qoo\260 ~\025;\274\322"
  42      32C5F12E 
  42      D76B7F71 
  42      6F6FB020 
  42      7E153BBC 
  43 00e1 3FED1F84 		.ascii	"?\355\037\204YR\001"
  43      595201
  44              		.text
  45              		.section	.gnu.lto_.pureconst.2d26e702,"",%progbits
  46 0000 789C6361 		.ascii	"x\234ca`d`e```b\220b\224\002\000\000\355\000B"
  46      60646065 
  46      60606062 
  46      90629402 
  46      0000ED00 
ARM GAS  C:\cygwin\tmp\ccAl1PBu.s 			page 3


  47              		.text
  48              		.section	.gnu.lto__pal_lld_init.2d26e702,"",%progbits
  49 0000 789CA597 		.ascii	"x\234\245\227\177l\023e\030\307\337\347\256\275\335"
  49      7F6C1365 
  49      18C7DFE7 
  49      AEBDDD
  50 000f BAAE2ECB 		.ascii	"\272\256.\313\262\314\271,\3150!\374\263s\372\207\211"
  50      B2CCB92C 
  50      CD3021FC 
  50      B373FA87 
  50      89
  51 0020 7F996842 		.ascii	"\177\231hBL0\250\370\2571\212?X\2628\"\306\377\014\327"
  51      4C30A8F8 
  51      AF318A3F 
  51      58B23822 
  51      C6FF0CD7 
  52 0034 B50D4C13 		.ascii	"\265\015L\023Y\242,\004P\266\030\334`\216n\376\002\206"
  52      59A22C04 
  52      50B618DC 
  52      608E6EFE 
  52      0286
  53 0046 B0529401 		.ascii	"\260R\224\001:pv:p\277\330\200\216\015&+\353\004\321"
  53      3A70763A 
  53      70BFD880 
  53      8E0D262B 
  53      EB04D1
  54 0059 B5BECFBD 		.ascii	"\265\276\317\275\275\367\272Kv\311\2336\351\323\336"
  54      BDF7BA4B 
  54      76C99B36 
  54      E9D3DE
  55 0068 EEFA3C9F 		.ascii	"\356\372<\237\317s\3374\235\213\000\301\307\303\305"
  55      CF73DF34 
  55      9D8B00C1 
  55      C7C3C5
  56 0077 843C4D5F 		.ascii	"\204<M_\037\241O\220\011H-\027\011\011\250\022\000\276"
  56      1FA14F90 
  56      09482D17 
  56      0909A812 
  56      00BE
  57 0089 D15520DB 		.ascii	"\321U \333%\330\016K\322\262\004\261\035\211\343\322"
  57      25D80E4B 
  57      D2B204B1 
  57      1D89E3D2 
  58 0099 BA0E9D3E 		.ascii	"\272\016\235>\256\206g\036\323;\243\020\226\011\311"
  58      AE86671E 
  58      D33BA310 
  58      9609C9
  59 00a8 48462702 		.ascii	"HF'\002\035\260\216^5\024\352\331/\247\244\260\014\340"
  59      1DB08E5E 
  59      3514EAD9 
  59      2FA7A4B0 
  59      0CE0
  60 00ba A287C9C1 		.ascii	"\242\207\311\301\275\327|x(\201\237\036\316\246#3.\371"
  60      BDD77C78 
  60      28819F1E 
  60      CEA62333 
  60      2EF9
ARM GAS  C:\cygwin\tmp\ccAl1PBu.s 			page 4


  61 00cc 2920F4FD 		.ascii	") \364\375\241\211}/\256=\250\353M\272\276\357M\275"
  61      A1897D2F 
  61      AE3DA8EB 
  61      4DBABEEF 
  61      4DBD
  62 00de 302CCB70 		.ascii	"0,\313p\030d\332\016\016A\025tB\025\241\177\"\320\005"
  62      1864DA0E 
  62      0E411574 
  62      4215A17F 
  62      22D005
  63 00f1 6BF1EAE9 		.ascii	"k\361\352\351\336\364\356b%\204\323\375l&|\005\012Z"
  63      DEF4EE62 
  63      2584D3FD 
  63      6C267C05 
  63      0A5A
  64 0103 445E8AEA 		.ascii	"D^\212\352\231LP\327O\324\315\256yT\242\237r\311X\334"
  64      994C50D7 
  64      4FD4CDAE 
  64      7954A29F 
  64      72C958DC 
  65 0117 809F55F0 		.ascii	"\200\237U\360\255\212\305\203\305\213\305\207\245\004"
  65      AD8AC583 
  65      C58BC587 
  65      A504
  66 0125 4B299632 		.ascii	"K)\2262,\345X*\260Tb\301\341\256j,~,5X\010Y\240sq1I"
  66      2CE5582A 
  66      B05462C1 
  66      E1AE6A2C 
  66      7E2C3558 
  67 0140 49C25739 		.ascii	"I\302W9\001\261\276\344p\035\222\004e\334Qk8v\251\000"
  67      01B1BEE4 
  67      701D9204 
  67      65DC516B 
  67      3876A900 
  68 0154 75DD86E2 		.ascii	"u\335\206\342hd\360\226\312\016\365\266\235:.d\372\334"
  68      6864F096 
  68      CA0EF5B6 
  68      9D3A2E64 
  68      FADC
  69 0166 87C507E0 		.ascii	"\207\305\007\3403\272:\005\216P\317n\352\211\227\236"
  69      33BA3A05 
  69      8E50CF6E 
  69      EA89979E 
  70 0176 FEF8E697 		.ascii	"\376\370\346\227\305Z\267\036\012\350%a\271\000\"p\000"
  70      C55AB71E 
  70      0AE82561 
  70      B9002270 
  70      00
  71 0187 D2C66AA1 		.ascii	"\322\306j\241\0074\222\200\340}\205\315\221\331\250"
  71      07349280 
  71      E07D85CD 
  71      91D9A8
  72 0196 F8914CD4 		.ascii	"\370\221L\324X\264\013\226\011\364\3226\224\246\025"
  72      58B40B96 
  72      09F4D236 
  72      94A615
  73 01a5 F01A8131 		.ascii	"\360\032\2011_[c\276\001\2156\247]\232\372zG\246\012"
ARM GAS  C:\cygwin\tmp\ccAl1PBu.s 			page 5


  73      5F5B63BE 
  73      018D36A7 
  73      5D9AFA7A 
  73      47A60A
  74 01b8 D8302557 		.ascii	"\3300%WJ6\244\356\015\\\330\351\245\275\003x/^\241\213"
  74      4A36A4EE 
  74      0D5CD8E9 
  74      A5BD0378 
  74      2F5EA18B 
  75 01cc 5183D4EF 		.ascii	"Q\203\324\357\333\354\200\317\367\034[\364\321\001\264"
  75      DBEC80CF 
  75      F71C5BF4 
  75      D101B4
  76 01db 7B217C67 		.ascii	"{!|gt\307\233D\317\234\3518|\307C\317\264\320\217}\020"
  76      74C79B44 
  76      CF9CE938 
  76      7CC743CF 
  76      B4D08F7D 
  77 01f0 963DF03D 		.ascii	"\226=\360=hi\311\270\223G\015\303Xk\373CY|>\262\310"
  77      6869C9B8 
  77      93470DC3 
  77      586BFB43 
  77      597C3EB2 
  78 0205 1899383B 		.ascii	"\030\2318;\322\354f\207zK\310\330\343@\307\345\224\313"
  78      D2EC6687 
  78      7A4BC8D8 
  78      E340C7E5 
  78      94CB
  79 0217 A4A8A314 		.ascii	"\244\250\243\024^8N=\217e1\322s\355\273\020#\004h\331"
  79      5E384E3D 
  79      8F6531D2 
  79      73EDBB10 
  79      230468D9 
  80 022b 6770C838 		.ascii	"gp\3108\352\004Z*\206e\222[\252bZ?8j\235D-\027\316:"
  80      EA045A2A 
  80      8665925B 
  80      AA625A3F 
  80      386A9D44 
  81 0243 65D71282 		.ascii	"e\327\022\202\3567\246\270\261Q\024\241Uvk\306Lh\217"
  81      EE37A6B8 
  81      B15114A1 
  81      55766BC6 
  81      4C688F
  82 0256 18F46947 		.ascii	"\030\364iG\350\030B+8\353L^\320?\032S\012\260\321O\010"
  82      E818422B 
  82      38EB4C5E 
  82      D03F1A53 
  82      0AB0D14F 
  83 026b ED619BE6 		.ascii	"\355a\233\346\320^1\350\263F;u\025\350\001\036\240s"
  83      D05E31E8 
  83      B3463B75 
  83      15E8011E 
  83      A073
  84 027d 76E8D1A1 		.ascii	"v\350\321\241\251\256\302lb\366\260\304t\267\235\\\263"
  84      A9AEC26C 
  84      62F6B0C4 
  84      74B79D5C 
ARM GAS  C:\cygwin\tmp\ccAl1PBu.s 			page 6


  84      B3
  85 028e 52E37C8E 		.ascii	"R\343|\216\306\360\322\256\243*\327\270`\005\346g\324"
  85      C6F0D2AE 
  85      A32AD7B8 
  85      6005E667 
  85      D4
  86 029f F0B2DD8F 		.ascii	"\360\262\335\217\233\032>1\215_\0345\006y`.\3325D\230"
  86      9B1A3E31 
  86      8D5F1C35 
  86      0679602E 
  86      DA354498 
  87 02b3 2F5979F9 		.ascii	"/Yy\371\025\231}l\365\234\271D\214y\310\221\3717\236"
  87      15997D6C 
  87      F59CB944 
  87      8C79C891 
  87      F9379E
  88 02c6 97783ECC 		.ascii	"\227x>\314\303V\\~G\346\022\266\347\011\223\271T\214"
  88      C3565C7E 
  88      47E612B6 
  88      E70993B9 
  88      548C
  89 02d8 F90FA35D 		.ascii	"\371\017\243]\341*\314#<.\227\355\314K\237^\211C6.m"
  89      E12ACC23 
  89      3C2E97ED 
  89      CC4B9F5E 
  89      8943362E 
  90 02ed 2C2E7727 		.ascii	",.w'\273\232=+=\256\344x\314'\366\216\027q\217?\255"
  90      BB9A3D2B 
  90      3DAEE478 
  90      CC27F68E 
  90      17718F3F 
  91 0302 BC8CA247 		.ascii	"\274\214\242G)\333=\367(\023\363\030s\364\030\347y\231"
  91      29DB3DF7 
  91      2813F318 
  91      73F418E7 
  91      7999
  92 0314 B07B0841 		.ascii	"\260{\010AOZ\201\271\212\320el\371\223&t\271\030\364"
  92      4F5A81B9 
  92      8AD0656C 
  92      F9932674 
  92      B918F4
  93 0327 9423F434 		.ascii	"\224#\3644\017\314\265\274\240\257[\211\271\201\320"
  93      0FCCB5BC 
  93      A0AF5B89 
  93      B981D0
  94 0336 E56CD31C 		.ascii	"\345l\323\034\272B\014:a\264\363\254\002=\303\023s\323"
  94      BA420C3A 
  94      61B4F3AC 
  94      023DC313 
  94      73D3
  95 0348 0EFD49F3 		.ascii	"\016\375I\363|\300\374\202\351d\211\351\277\035\327"
  95      7CC0FC82 
  95      E96489E9 
  95      BF1DD7
  96 0357 A5951EB3 		.ascii	"\245\225\036\2639\036\213\273\317\357ws\2179+1\267\320"
  96      391E8BBB 
  96      CFEF7773 
ARM GAS  C:\cygwin\tmp\ccAl1PBu.s 			page 7


  96      8F392B31 
  96      B7D0
  97 0369 A3822DFF 		.ascii	"\243\202-\377\272\351Q)\346q\333\321c\236'\346/\273"
  97      BAE95129 
  97      E671DBD1 
  97      639E27E6 
  97      2FBB
  98 037b 8710F41D 		.ascii	"\207\020\364\035+1\013\010]\311\226\317\241\253\304"
  98      2B310B08 
  98      5DC996CF 
  98      A1ABC4
  99 038a A0938ED0 		.ascii	"\240\223\216\320wyb\026\363\202NY\211YB\350*\006}\303"
  99      77796216 
  99      F3824E59 
  99      895942E8 
  99      2A067DC3 
 100 039e 84AE1683 		.ascii	"\204\256\026\203\376\333hW\264\012\364=\236\230\373"
 100      FEDB6857 
 100      B40AF43D 
 100      9E98FB
 101 03ad 76E8D483 		.ascii	"v\350\324\203/RJ61=,1c\007[\332m\311\377'\307#\362\321"
 101      2F524A36 
 101      313D2C31 
 101      63075BDA 
 101      6DC9FF27 
 102 03c5 8E7ECBE3 		.ascii	"\216~\313\343\201\225\230\177\321\243\232%&az\370\305"
 102      8195987F 
 102      D1A39A25 
 102      26617AF8 
 102      C5
 103 03d6 3CFE73F4 		.ascii	"<\376s\364X\346\211I\333=\204\2403Vbt\211B\373\331\362"
 103      58E68949 
 103      DB3D84A0 
 103      33566274 
 103      8942FBD9 
 104 03eb 39748D18 		.ascii	"9t\215\030t@r\202n\222\314\304\004\245|\240C\022OL\030"
 104      74407282 
 104      6E92CCC4 
 104      04A57CA0 
 104      43124F4C 
 105 0400 A16BC81C 		.ascii	"\241k\310\0344E\343\353\261\227\361\277\316\002\375"
 105      3445E3EB 
 105      B197F1BF 
 105      CE02FD
 106 040f 1D457FFF 		.ascii	"\035E\177\377\323\373\374dm\255\366\314\226\372\327"
 106      D3FBFC64 
 106      6DADF6CC 
 106      96FAD7
 107 041e EB376ED2 		.ascii	"\3537n\322\032\267i[^k\320\2666\276\373\3366m\323\313"
 107      1AB7695B 
 107      5E6BD0B6 
 107      36BEFBDE 
 107      366DD3CB 
 108 0432 CF3FF1B8 		.ascii	"\317?\361\270\266a\303\263\332\372\027\236\333\370~"
 108      B661C3B3 
 108      DAFA179E 
 108      DBF87E
ARM GAS  C:\cygwin\tmp\ccAl1PBu.s 			page 8


 109 0441 1D9E7A75 		.ascii	"\035\236zu+}64\274Q\273\231(\233\033\337y\253\376\355"
 109      2B7D3634 
 109      BC51BB99 
 109      289B1BDF 
 109      79ABFEED 
 110 0455 FF011434 		.ascii	"\377\001\0244n:"
 110      6E3A
 111              		.text
 112              		.section	.gnu.lto__pal_lld_setgroupmode.2d26e702,"",%progbits
 113 0000 789C9D56 		.ascii	"x\234\235V}L\225U\030?\317{\336\373\336\367~;\025P\001"
 113      7D4C9555 
 113      183FCF7B 
 113      DEFBDEF7 
 113      7E3B1550 
 114 0015 412690CB 		.ascii	"A&\220\313yC[\266\326\252-\267\346\264\331\242\255\326"
 114      79435BB6 
 114      D6AA2DB7 
 114      E6B4D9A2 
 114      ADD6
 115 0027 5AE557E1 		.ascii	"Z\345W\341\204\351\264\365/\257\274\200\202\315\334"
 115      84E9B4F5 
 115      2FAFBC80 
 115      82CDDC
 116 0036 0C52A7D3 		.ascii	"\014R\247\323\311L\313\213\200_\010*^\276\025\374,\222"
 116      C94CCB8B 
 116      805F082A 
 116      5EBE15FC 
 116      2C92
 117 0048 90C28F92 		.ascii	"\220\302\217\222\255\346\032\\0\321\004z\316s\336\013"
 117      ADE61A5C 
 117      30D1047A 
 117      CE73DE0B 
 118 0058 17C65C75 		.ascii	"\027\306\\u\267\367\271\357y\316\357w\236\347w\236\347"
 118      B7F7B9EF 
 118      79CEEF77 
 118      9EE7779E 
 118      E7
 119 0069 9C7B5506 		.ascii	"\234{U\006L|\3569\031\373\000\277\233\361\201I\014\224"
 119      4C7CEE39 
 119      19FB00BF 
 119      9BF18149 
 119      0C94
 120 007b ED5718DB 		.ascii	"\355W\030\333\244+\012\357\211b\206S\335\377\"3\334"
 120      A42B0AEF 
 120      89628653 
 120      DDFF2233 
 120      DC
 121 008c 1C34E956 		.ascii	"\0344\351V\025\033\2715r\333\302n\015\274\362\305\256"
 121      151BB935 
 121      72DBC26E 
 121      0DBCF2C5 
 121      AE
 122 009d E85B5271 		.ascii	"\350[Rq\336!\254[\007\247t;\302/N\305E\363n\232w\201"
 122      DE21AC5B 
 122      07A7743B 
 122      C22F4EC5 
 122      45F36E9A 
ARM GAS  C:\cygwin\tmp\ccAl1PBu.s 			page 9


 123 00b3 47BADDE1 		.ascii	"G\272\335\341\027\217\\\250V\367*\366\252F\206H_\273"
 123      178F5CA8 
 123      56F72AF6 
 123      AA468648 
 123      5FBB
 124 00c5 8E481F80 		.ascii	"\216H\037\200\360\033:\260l\205\2536\315\256;\234.\267"
 124      F01B3AB0 
 124      6C85AB36 
 124      CDAE3B9C 
 124      2EB7
 125 00d7 C7EB836C 		.ascii	"\307\353\203l\305\313 \250\202NFHz\240\014*P\267\271"
 125      C5CB20A8 
 125      824E4648 
 125      7AA00C2A 
 125      50B7B9
 126 00ea BB4A9973 		.ascii	"\273J\231s\310\300\317\355\306\003i\306\341 \344q\306"
 126      C8C0CFED 
 126      C60369C6 
 126      E120E471 
 126      C6
 127 00fb 861552CD 		.ascii	"\206\025R\315\340\020\314A\324\365\334\362=\274_\311"
 127      E010CC41 
 127      D4F5DCF2 
 127      3DBC5FC9 
 128 010b E3002A0E 		.ascii	"\343\000*\016{/\357\376\325+\206\012$\342\260\376\312"
 128      7B2FEFFE 
 128      D52B860A 
 128      24E2B0FE 
 128      CA
 129 011c F069277F 		.ascii	"\360i'\177\011\030\276\347\034\330\325\340I=h\0309\206"
 129      0918BEE7 
 129      1CD8D5E0 
 129      493D6818 
 129      3986
 130 012e B16FB5E1 		.ascii	"\261o\265\341\310\343\034\276\003\216\353\301\267\020"
 130      C8E31CBE 
 130      038EEBC1 
 130      B710
 131 013c 0787218E 		.ascii	"\007\207!\216\241\213\301\021HE\364\3607\345\005:\177"
 131      A18BC111 
 131      4845F4F0 
 131      37E5053A 
 131      7F
 132 014d 95988F8A 		.ascii	"\225\230\217\212.\354\005\311\014~\3352w\227\021T\363"
 132      2EEC05C9 
 132      0C7EDD32 
 132      77971154 
 132      F3
 133 015e B80A81F1 		.ascii	"\270\012\201\361d\225A)\221\373\216\037\334\341\342"
 133      64954129 
 133      91FB8E1F 
 133      DCE1E2
 134 016d 8B88DCBA 		.ascii	"\213\210\334\272\355\334{\026wWK\212\344\332\340\350"
 134      EDDC7B16 
 134      77574B8A 
 134      E4DAE0E8 
 135 017d 78AE8D41 		.ascii	"x\256\215A\031\244\012\302\301\326\372\032/_L\3446\343"
ARM GAS  C:\cygwin\tmp\ccAl1PBu.s 			page 10


 135      19A40AC2 
 135      C1D6FA1A 
 135      2F5F4CE4 
 135      36E3
 136 018f C4302497 		.ascii	"\3040$\227\020\373A\241\027\331\271\211y\\\203\362\261"
 136      10FB41A1 
 136      17D9B989 
 136      795C83F2 
 136      B1
 137 01a0 74F14174 		.ascii	"t\361At\327\275\246k\300\227\020\363\326\357\201/\355"
 137      D7BDA66B 
 137      C09710F3 
 137      D6EF812F 
 137      ED
 138 01b1 16B3AF30 		.ascii	"\026\263\2570\301b\332\341\330\204\314\222\306\352\307"
 138      C162DAE1 
 138      D884CC92 
 138      C6EAC7
 139 01c0 2EBE8C98 		.ascii	".\276\214\230%]f\207W2\215\276UF\301k\202vbB\332P\341"
 139      255D6687 
 139      57328DBE 
 139      5546C16B 
 139      82766242 
 140 01d7 D91ECED3 		.ascii	"\331\036\316\323\211f\024\364~\345\260h\035a\332\251"
 140      896614F4 
 140      7EE5B068 
 140      1D61DAA9 
 141 01e7 0969C76A 		.ascii	"\011i\307j{5\376.\261N\034()sY\254\353a\326\351\011"
 141      7B35FE2E 
 141      B14E1C28 
 141      297359AC 
 141      EB61D6E9 
 142 01fc 590FB755 		.ascii	"Y\017\267U\266\003\177\237h\305\027\332\266\272-ZU\230"
 142      B6037F9F 
 142      68C517DA 
 142      B6BA2D5A 
 142      5598
 143 020e 563D21ED 		.ascii	"V=!\355n\305P\221G\313\025m\224X\200\345=\003\311P\205"
 143      6EC55091 
 143      47CB156D 
 143      945880E5 
 143      3D03C950 
 144 0223 4F253E27 		.ascii	"O%>'\3619\216O\005$\313\276\202\263\240\341\251R\005"
 144      F1398E4F 
 144      0524CBBE 
 144      82B3A0E1 
 144      A95205
 145 0236 3062B2EC 		.ascii	"0b\262\354\355\2401<lb\005\235\235\003\325\216g\200"
 145      EDA0313C 
 145      6C62059D 
 145      9D03D58E 
 145      6780
 146 0248 0AAD1046 		.ascii	"\012\255\020F\"U\2626\262\032Y;Y\235\254\203\254\223"
 146      2255B236 
 146      B21A593B 
 146      599DAC83 
 146      AC93
ARM GAS  C:\cygwin\tmp\ccAl1PBu.s 			page 11


 147 025a 89B5DC20 		.ascii	"\211\265\334 \012\355\005\321gx(p\235\311X~}\012\023"
 147      0AED05D1 
 147      67782870 
 147      9DC9587E 
 147      7D0A13
 148 026d C1A61230 		.ascii	"\301\246\0220\212l4\331\030\262\323\020\342\230N\257"
 148      8A6C34D9 
 148      18B2D310 
 148      E2984EAF 
 149 027d 33C8C60A 		.ascii	"3\310\306\012G\034\275\306\223\235I)%P\210D19K\230$"
 149      471CBDC6 
 149      939D4929 
 149      25508844 
 149      31394B98 
 150 0292 61660B93 		.ascii	"af\013\223,L\2120\214\365\240T<\224\275\212\202_\374"
 150      2C4C8A30 
 150      8CF5A054 
 150      3C94BD8A 
 150      825FFC
 151 02a5 0EE4DE34 		.ascii	"\016\344\3364\373\2124\241\335\344nq\362B\345\207\334"
 151      FB8A34A1 
 151      DDE46E71 
 151      F242E587 
 151      DC
 152 02b6 E2103980 		.ascii	"\342\0209\200\3039k+{\025\316*\025\336\015u\273{\273"
 152      C3396B2B 
 152      7B15CE2A 
 152      15DE0D75 
 152      BB7BBB
 153 02c9 726C022D 		.ascii	"rl\002-\012\221Ww\325.\240\234\352\362\260\271e\213"
 153      0A915777 
 153      D52EA09C 
 153      EAF2B0B9 
 153      658B
 154 02db 7B1FECDD 		.ascii	"{\037\354\335$\266{\001Fs\232\334\0135b\011\234m\017"
 154      24B67B01 
 154      46739ADC 
 154      0B356209 
 154      9C6D0F
 155 02ee 85EADDFE 		.ascii	"\205\352\335\376R#\027\017\262\013\316\303>\030\242"
 155      5223170F 
 155      B20BCEC3 
 155      3E18A2
 156 02fd C30C41F0 		.ascii	"\303\014A\360\233\334GAT\266_\223)\375]\024;\232\322"
 156      9BDC4741 
 156      54B65F93 
 156      29FD5D14 
 156      3B9AD2
 157 0310 C8317780 		.ascii	"\3101w\200\012\265#)\331\330m\220)\335\012q+\245\377"
 157      0AB52329 
 157      D9D86D90 
 157      29DD0A71 
 157      2BA5FF
 158 0323 92431DE5 		.ascii	"\222C\035\345 \356Q\250\037\315A\023\333\322\01595\025"
 158      20EE51A8 
 158      1FCD4113 
 158      DBD20D39 
ARM GAS  C:\cygwin\tmp\ccAl1PBu.s 			page 12


 158      3515
 159 0335 BFC9554D 		.ascii	"\277\311UM>9R\253\233\264\232\217\317\367y\263\007\215"
 159      3E3952AB 
 159      9BB49A8F 
 159      CFF779B3 
 159      078D
 160 0347 9D863109 		.ascii	"\235\2061\011}\3302\024\340\342\356#kE\364\355\344\366"
 160      7DD83214 
 160      E0E2EE23 
 160      6B45F4ED 
 160      E4F6
 161 0359 40236443 		.ascii	"@#dC\203\025\374\316\223\332\032=\255LLx\241\011c\243"
 161      8315FCCE 
 161      93DA1A3D 
 161      AD4C4C78 
 161      A10963A3 
 162 036d 38DA8066 		.ascii	"8\332\200fHc\0300\264\371e\031n\012FdwA\241~\304\276"
 162      48631830 
 162      B4F96519 
 162      6E0A4664 
 162      7741A17E 
 163 0383 400F0E73 		.ascii	"@\017\016s\202;Zc\310\205\005\217L\310\216\015y\001"
 163      823B5A63 
 163      C885058F 
 163      4CC88E0D 
 163      7901
 164 0395 6320C448 		.ascii	"c \304H'\200\350\356\260g!y\252\"<\036\362\234\031\365"
 164      2780E8EE 
 164      B0672179 
 164      AA223C1E 
 164      F29C19F5 
 165 03a9 048BB64A 		.ascii	"\004\213\266J_\005-\\v\277\352\221G,\214\207\001.\322"
 165      5F052D5C 
 165      76BFEA91 
 165      472C8C87 
 165      012ED2
 166 03bc 6EF72A76 		.ascii	"n\367*v\206\3679n\213\331\223\337\025xN\3469\325\344"
 166      86F7396E 
 166      8BD993DF 
 166      15784EE6 
 166      39D5E4
 167 03cf B6C8EAF8 		.ascii	"\266\310\352\370\260:-\264\244\022\016\212 F\244\273"
 167      B03A2DB4 
 167      A4120E8A 
 167      2046A4BB 
 168 03df 732527CA 		.ascii	"s%'\312\304f\211\004\235\021\240(\011\37230_\242\242"
 168      C4668904 
 168      9D11A028 
 168      09FA3330 
 168      5FA2A2
 169 03f2 4D2C7524 		.ascii	"M,u$\352\244@EKT\310Z*\306D\351\221\240J\001\212\021"
 169      EAA44045 
 169      4B54C85A 
 169      2AC644E9 
 169      91A04A01 
 170 0408 A027F943 		.ascii	"\240'\371C\201W$j\232\311\001\223<\325}\261\311)[\310"
 170      8157246A 
ARM GAS  C:\cygwin\tmp\ccAl1PBu.s 			page 13


 170      9AC90193 
 170      3CD57DB1 
 170      C9295BC8 
 171 041c 00684516 		.ascii	"\000hE\026\265\331\012\013\024)\333\201\262/\2154\231"
 171      B5D90A0B 
 171      1429DB81 
 171      B22F8D34 
 171      99
 172 042d CE7E4912 		.ascii	"\316~I\022\272\007\362\233J\237\227\350\351\250\012"
 172      BA07F29B 
 172      4A9F97E8 
 172      E9A80A
 173 043c 094743FD 		.ascii	"\011GC\375G5I\360\301\345\361\272\247\023\3331\302\276"
 173      473549F0 
 173      C1E5F1BA 
 173      A713DB31 
 173      C2BE
 174 044e 51FA8264 		.ascii	"Q\372\202d\317\240\002G\217\2256\203\320N\332d\254\310"
 174      CFA00247 
 174      8F953683 
 174      D04EDA64 
 174      ACC8
 175 0460 2426DD3A 		.ascii	"$&\335:\223\003ZQ\225\312\272J-e\261R\331\340\376\233"
 175      93035A51 
 175      95CABA4A 
 175      2D65B152 
 175      D9E0FE9B 
 176 0474 83364B99 		.ascii	"\2036K\231\241\300\225q\322b\303ZB\240bV\372\027\235"
 176      A1C09571 
 176      D262C35A 
 176      42A06256 
 176      FA179D
 177 0487 1998BEE3 		.ascii	"\031\230\276\343l\307\307!\3201\017\375\347\216U\030"
 177      6CC7C721 
 177      D0310FFD 
 177      E78E5518 
 178 0497 DF11E8CC 		.ascii	"\337\021\350\314\304\014\\#\371v\207\325\306ay\306\310"
 178      C40C5C23 
 178      F97687D5 
 178      C66179C6 
 178      C8
 179 04a8 A38AC9AE 		.ascii	"\243\212\311\256p\217\300\377\012\313\213'y1c\213\022"
 179      708FC0FF 
 179      0ACB8B27 
 179      7931638B 
 179      12
 180 04b9 4F684F84 		.ascii	"OhO\204<rk\226<ZQ\221\325\035\012\307\235\211\362\340"
 180      3C726B96 
 180      3C5A5191 
 180      D51D0AC7 
 180      9D89F2E0 
 181 04cd D9D1B078 		.ascii	"\331\321\260x\301\241S\200\212\363o\004>\224\240\004"
 181      C1A15380 
 181      8AF36F04 
 181      3E94A004 
 182 04dd 933BC50F 		.ascii	"\223;\305\017ICs\276.[\026\340jD\256\025b\345\004!^"
 182      494373BE 
ARM GAS  C:\cygwin\tmp\ccAl1PBu.s 			page 14


 182      2E5B16E0 
 182      6A44AE15 
 182      62E50421 
 183 04f2 C19C5D97 		.ascii	"\301\234]\227\204\370(\367%!^t\220\353\276\020\037\357"
 183      84F828F7 
 183      25215E74 
 183      90EBBE10 
 183      1FEF
 184 0504 BE4FE2BD 		.ascii	"\276O\342\275\014\377\244X\371\021\321\311\"j\341`\021"
 184      0CFFA458 
 184      F911D1C9 
 184      226AE160 
 184      11
 185 0515 99DB230B 		.ascii	"\231\333#\013c\213\224\301\255\001\245\013\242\024W"
 185      638B94C1 
 185      AD01A50B 
 185      A21457
 186 0524 CD23C5D6 		.ascii	"\315#\305\326E\"r\355/\314{\310e\256v\270\026\256\015"
 186      452272ED 
 186      2FCC7BC8 
 186      65AE76B8 
 186      16AE0D
 187 0537 5E063E0D 		.ascii	"^\006>\015\315L\317\223\316\214\020\336\274x6\265=\035"
 187      CD4CCF93 
 187      CE8C10DE 
 187      BC7836B5 
 187      3D1D
 188 0549 D8BD8A07 		.ascii	"\330\275\212\007B`\243\361i\216] \206v\032\356\264\341"
 188      4260A3F1 
 188      698E5D20 
 188      86761AEE 
 188      B4E1
 189 055b 168AA183 		.ascii	"\026\212\241\203\206\0038\324\305\320)N\255\026\350"
 189      860338D4 
 189      C5D0294E 
 189      AD16E8
 190 056a 40AD099E 		.ascii	"@\255\011\236\001\033*\363\311;\255\256\272\267\277"
 190      011B2AF3 
 190      C93BADAE 
 190      BAB7BF
 191 0579 CE265349 		.ascii	"\316&SI\214\270,\341\251\327\344u\272&\351\007\362{"
 191      8CB82CE1 
 191      A9D7E475 
 191      BA26E907 
 191      F27B
 192 058b F0CB266C 		.ascii	"\360\313&l\263\004\315B\301\270\026\243\036hP\2453\011"
 192      B304CD42 
 192      C1B816A3 
 192      1E6850A5 
 192      3309
 193 059d F707A7D0 		.ascii	"\367\007\247\320YW|\307;\321\305\354{j\300\037F\003"
 193      59577CC7 
 193      3BD1C5EC 
 193      7B6AC01F 
 193      4603
 194 05af B6897B39 		.ascii	"\266\211{9I\254T]\361 \234\372\354\177\235\372\217\264"
 194      49AC545D 
ARM GAS  C:\cygwin\tmp\ccAl1PBu.s 			page 15


 194      F1209CFA 
 194      EC7F9DFA 
 194      8FB4
 195 05c1 92B89BE1 		.ascii	"\222\270\233\341\306\370\324E\341p\255\261\251\247`"
 195      C6F8D445 
 195      E170ADB1 
 195      A9A760
 196 05d0 9D71EA7F 		.ascii	"\235q\352\177\247\336>\032\360'\221z\012\373\003\357"
 196      A7DE3E1A 
 196      F027917A 
 196      0AFB03EF 
 197 05e0 D7F62562 		.ascii	"\327\366%b%\272Pz\360\367\246]Gm\013\347\315\363\277"
 197      25BA507A 
 197      F0F7A65D 
 197      476D0BE7 
 197      CDF3BF
 198 05f3 9EB166C5 		.ascii	"\236\261f\305\232e\351\376u\033\375\031\3133\375\353"
 198      9A65E9FE 
 198      751BFD19 
 198      CB33FDEB 
 199 0603 D76DF86C 		.ascii	"\327m\370l\243?\375\2357\027\314\367/]\272\310\377\306"
 199      A33FFD9D 
 199      3717CCF7 
 199      2F5DBAC8 
 199      FFC6
 200 0615 5B8B977D 		.ascii	"[\213\227}\236&\246>Z\217Of\346\252y+\231*Pj\326\362"
 200      9E26A63E 
 200      5A8F4F66 
 200      E6AA792B 
 200      992A506A 
 201 062b 8D6BD5AC 		.ascii	"\215k\325\254u\253V\303\032\276\362\223O\371\312\015"
 201      75AB56C3 
 201      1ABEF293 
 201      4FF9CA0D 
 202 063b 99F86428 		.ascii	"\231\370d(Y\231JV\306?\177)\204s"
 202      59994A56 
 202      C63F7F29 
 202      8473
 203              		.text
 204              		.section	.gnu.lto_cfgtab.6602.2d26e702,"",%progbits
 205 0000 789C4D8F 		.ascii	"x\234M\217\317K\302p\030\306\277\357\346\264rj\335\367"
 205      CF4BC270 
 205      18C6BFEF 
 205      E6B4726A 
 205      DDF7
 206 0012 4F5417FF 		.ascii	"OT\027\377<\003\007\322\251C\247(\020*,\227\272~\255"
 206      3C0307D2 
 206      A943A728 
 206      102A2C97 
 206      BA7EAD
 207 0025 362BA288 		.ascii	"6+\242\210(:T\020!D\247\016\021\035D\006\"6\353\331"
 207      283A5410 
 207      2144A70E 
 207      111D4406 
 207      2236EBD9 
 208 0039 DE97D8E0 		.ascii	"\336\227\330\340\303\263\017\317x\037\226Q\244\342g"
 208      C3B30FCF 
ARM GAS  C:\cygwin\tmp\ccAl1PBu.s 			page 16


 208      781F9651 
 208      A4E267
 209 0048 82E037A5 		.ascii	"\202\3407\245\"\215\332\203\260\235\0155[WT\202\326"
 209      228DDA83 
 209      B09D0D35 
 209      5B575482 
 209      D6
 210 0059 6EDF5F28 		.ascii	"n\337_(V\2429\350k\257\352\023\267y\350s\377a#\317\355"
 210      56A239E8 
 210      6BAFEA13 
 210      B779E873 
 210      FF6123CF 
 211 006e 2C74AD1B 		.ascii	",t\255\033\336\033\334N\245OQr*z[\232h\254E\350\346"
 211      DE1BDC4E 
 211      A54F5172 
 211      2A7A5B9A 
 211      68AC45E8 
 212 0083 977F6DB0 		.ascii	"\227\177m\260\026\240\343\317\325\236\014\231\351!J"
 212      16A0E3CF 
 212      D59E0C99 
 212      E9214A
 213 0092 86A2FE63 		.ascii	"\206\242\376cd\262\316@\035o;\220v\032\032.\333C\235"
 213      64B2CE40 
 213      1D6F3B90 
 213      761A1A2E 
 213      DB439D
 214 00a5 777369A5 		.ascii	"wsi\245D\257\006n\303\344V\207~\214[A\221\333,\264\363"
 214      44AF066E 
 214      C3E45687 
 214      7E8C5B41 
 214      91DB2CB4 
 215 00ba ED8F0ADC 		.ascii	"\355\217\012\334\306\277\177\267\025\374\310\220\001"
 215      C6BF7FB7 
 215      15FCC890 
 215      01
 216 00c7 7DAABAEB 		.ascii	"}\252\272\353r*\223>E\311\251\377V%\355\315\357\360"
 216      722A933E 
 216      45C9A9FF 
 216      5625EDCD 
 216      EFF0
 217 00d9 B2C4AD96 		.ascii	"\262\304\255\226V\225hse\344\344\312^\245V\257\324\015"
 217      56956873 
 217      65E4E4CA 
 217      5EA556AF 
 217      D40D
 218 00eb 5BD768DE 		.ascii	"[\327h\336\242.Y\264`\3219\342\214X\003\340\000_\362"
 218      A22E59B4 
 218      60D139E2 
 218      8C5803E0 
 218      005FF2
 219 00fe 149C000F 		.ascii	"\024\234\000\017\034\203#p\010\026\271>\220\317\366"
 219      1C832370 
 219      0816B93E 
 219      90CFF6
 220 010d 255DC98E 		.ascii	"%]\311\216d[\262%\271'\331\004\273`\0074\310RtAe\365"
 220      645BB225 
 220      B927D904 
ARM GAS  C:\cygwin\tmp\ccAl1PBu.s 			page 17


 220      BB600734 
 220      C8527441 
 221 0123 079524A8 		.ascii	"\007\225$\250G"
 221      47
 222              		.text
 223              		.section	.gnu.lto_.symbol_nodes.2d26e702,"",%progbits
 224 0000 789C6361 		.ascii	"x\234ca`d\320g\000\002\246K\214\365\014\014\023\316"
 224      6064D067 
 224      0002A64B 
 224      8CF50C0C 
 224      13CE
 225 0012 313000A9 		.ascii	"10\000\251]\015\212@\221\313\214\365\214(\"\254W\030"
 225      5D0D8A40 
 225      91CB8CF5 
 225      8C2822AC 
 225      5718
 226 0024 191A8418 		.ascii	"\031\032\204\030\030\230\031\000!\031\012\276"
 226      18981900 
 226      21190ABE 
 227              		.text
 228              		.section	.gnu.lto_.refs.2d26e702,"",%progbits
 229 0000 789C6361 		.ascii	"x\234ca`d`c```dd`be\000\000\000\251\000\025"
 229      60646063 
 229      60606064 
 229      64606265 
 229      000000A9 
 230              		.text
 231              		.section	.gnu.lto_.decls.2d26e702,"",%progbits
 232 0000 789CA557 		.ascii	"x\234\245WkPT\311\025\276}{\200af\020\027L\312T\361"
 232      6B5054C9 
 232      15BE7D7B 
 232      80616610 
 232      174CCA54 
 233 0015 C3DA62E3 		.ascii	"\303\332b\343\374YF0\265I\266\362#2\250k\342\256\324"
 233      FC594630 
 233      B549B6F2 
 233      2332A86B 
 233      E2AED4
 234 0028 E06EFE90 		.ascii	"\340n\376\220\232 \017\235\0120\224\214\211\376I]\001"
 234      9A200F9D 
 234      0A30948C 
 234      89FE495D 
 234      01
 235 0039 E5A5EB80 		.ascii	"\345\245\353\200\010\342cU\220\005\004D@T\036\256\210"
 235      08E26355 
 235      90050444 
 235      40541EAE 
 235      88
 236 004a 0F7CE122 		.ascii	"\017|\341\"\212\004\020\344)\356\252+O\021A\315\351"
 236      8A0410E4 
 236      29EEAA2B 
 236      4F1141CD 
 236      E9
 237 005b EE3B7387 		.ascii	"\356;s\207aF7\311-\016}\317\355\357\234\357\364\351"
 237      614637C9 
 237      2D0E7DCF 
 237      EDEF9CEF 
ARM GAS  C:\cygwin\tmp\ccAl1PBu.s 			page 18


 237      F4E9
 238 006d EED33D32 		.ascii	"\356\323=2\016q\344\211\360\342\270\277\362\034\367"
 238      0E71E489 
 238      F0E2B8BF 
 238      F21CF7
 239 007c 3750DFC2 		.ascii	"7P\337\302#\203o_\201\220\336\245\034{\240\233\353$"
 239      23836F5F 
 239      8190DEA5 
 239      1C7BA09B 
 239      EB24
 240 008e DF10FBEE 		.ascii	"\337\020\373\356\215\2709\017\351\363\020\355\300\035"
 240      8DB8390F 
 240      E9F310ED 
 240      C01D
 241 009c B708A45D 		.ascii	"\267\010\244]\264\327\000\326\017\344\021\274\337\007"
 241      B4D700D6 
 241      0FE411BC 
 241      DF07
 242 00aa 5906EFFE 		.ascii	"Y\006\357\376 3\360>\015\242\002\3715\350\267\241\375"
 242      2033F03E 
 242      0DA202F9 
 242      35E8B7A1 
 242      FD
 243 00bb 0E640CE4 		.ascii	"\016d\014\344\"\310\010\310y\220I\220; \267@Z@\232\305"
 243      22C808C8 
 243      79904990 
 243      3B20B740 
 243      5A409AC5 
 244 00cf D83AB9F9 		.ascii	"\330:\271\371\017\211o\241]\034\257A\372@\272A\326\201"
 244      0F896FA1 
 244      5D1CAF41 
 244      FA40BA41 
 244      D681
 245 00e1 D482F888 		.ascii	"\324\202\370\210\261\021~\022W\000\330y\201|\000\022"
 245      B1117E12 
 245      5700D879 
 245      817C0012 
 246 00f1 0C3AC9C1 		.ascii	"\014:\311\301\024\310s1\216I\221\323\331\370\211\216"
 246      14C87331 
 246      8E4991D3 
 246      D9F8898E 
 247 0101 45BF84D3 		.ascii	"E\277\204\323\313\256\337\366y\315\243\363wgn\313\272"
 247      CBAEDFF6 
 247      79CDA3F3 
 247      77676ECB 
 247      BA
 248 0112 500782BC 		.ascii	"P\007\202\274\242\205\326\310\311\177D\205\021!\252"
 248      A285D6C8 
 248      C97F4485 
 248      1121AA
 249 0121 C20BCF21 		.ascii	"\302\013\317!\013?\373\204,@Q\347-\257R\032\350\237"
 249      0B3FFB84 
 249      2C4051E7 
 249      2DAF521A 
 249      E89F
 250 0133 684FE795 		.ascii	"hO\347\225>\324\211\344\035\211FL\027\2159$\352\274"
 250      3ED489E4 
ARM GAS  C:\cygwin\tmp\ccAl1PBu.s 			page 19


 250      1D89464C 
 250      178D3924 
 250      EABC
 251 0145 4480986A 		.ascii	"D\200\230j1\260\361\307\302\025\335I1[\307\204,\203"
 251      31B0F1C7 
 251      C215DD49 
 251      315BC784 
 251      2C83
 252 0157 3E519A3B 		.ascii	">Q\232;\344\216yD\336\037N\027\255\362+\025\3401\013"
 252      E48E7944 
 252      DE1F4E17 
 252      ADF22B15 
 252      E0310B
 253 016a 02AF9632 		.ascii	"\002\257\2262s'\351\324!<\301#/\005\222\201:\332|``"
 253      7327E9D4 
 253      213CC123 
 253      2F059281 
 253      3ADA7C60 
 254 017f 01A88B14 		.ascii	"\001\250\213\024h\011\250ug\353\257\272\260\336e\240"
 254      6809A875 
 254      67EBAFBA 
 254      B0DE65A0 
 255 018f CE3CCEEA 		.ascii	"\316<\316\352@LU\201\232P\327\221\341\311\300\275\234"
 255      404C5581 
 255      9A50D791 
 255      E1C9C0BD 
 255      9C
 256 01a0 8DB11733 		.ascii	"\215\261\0273\376zOU\205\002\377\212\362\037\250\233"
 256      FE7A4F55 
 256      8502FF8A 
 256      F21FA89B 
 257 01b0 B8213A92 		.ascii	"\270!:\222\203\232\177\245\366\225\022/\241]\335\327"
 257      839A7FA5 
 257      F695122F 
 257      A15DDDD7 
 258 01c0 8A4B4804 		.ascii	"\212KH\004K\025\210\014\320\023>\225?\255\231\366`\237"
 258      4B15880C 
 258      D0133E95 
 258      3FAD99F6 
 258      609F
 259 01d2 08A275CF 		.ascii	"\010\242u\317\330q7\354K\336\371\253\273\253*\225H\255"
 259      D87137EC 
 259      4BDEF9AB 
 259      BBAB2A95 
 259      48AD
 260 01e4 F8968CA5 		.ascii	"\370\226\214\245\367B\201\252F\020\026\242\263H\201"
 260      F74281AA 
 260      461016A2 
 260      B34881
 261 01f3 AA1146C5 		.ascii	"\252\021F\305\310\217d`\251\002\376\247\010B\202`N\024"
 261      C88F6460 
 261      A902FEA7 
 261      08428260 
 261      4E14
 262 0205 BCAE2DE0 		.ascii	"\274\256-\340P\011\362A'\220\017\207\316 5qK\200\350"
 262      5009F241 
 262      27900F87 
ARM GAS  C:\cygwin\tmp\ccAl1PBu.s 			page 20


 262      CE203571 
 262      4B80E8
 263 0218 347CAC82 		.ascii	"4|\254\202\217@Q|<#\317\025\033(E\356\351\023S\012+"
 263      8F40517C 
 263      3C23CF15 
 263      1B2845EE 
 263      E913530A 
 264 022d 455BF26F 		.ascii	"E[\362oJ\011E-P\234\223(\200\321)G\215c\216\376\332"
 264      4A09452D 
 264      509C9328 
 264      80D12947 
 264      8D638EFE 
 265 0242 07DB797C 		.ascii	"\007\333y|\014\3211\275I\253\037\301\270\200*.=%\343"
 265      0CD131BD 
 265      49AB1FC1 
 265      B8802A2E 
 265      3D25E3
 266 0255 3908F9FA 		.ascii	"9\010\371\372z\253}\363\210\307\336\252\364\330\214"
 266      7AAB7DF3 
 266      88C7DEAA 
 266      F4D88C
 267 0264 829D8239 		.ascii	"\202\235\2029\214\322V\002\355\005\344-\021h`\331\023"
 267      8CD25602 
 267      ED05E42D 
 267      116860D9 
 267      13
 268 0275 0D22A0F8 		.ascii	"\015\"\240\370\206\323M*\013\270\316!\330\237`3\304"
 268      86D34D2A 
 268      0BB8CE21 
 268      D89F6033 
 268      C4
 269 0286 F9179089 		.ascii	"\371\027\220\211C'\241\277\214\270\240h\210\0255@\330"
 269      4327A1BF 
 269      8CB8A068 
 269      88153540 
 269      D8
 270 0297 DF215F74 		.ascii	"\337!_t\036\344\"\362\245+\204\346\240\241\002\334\013"
 270      1EE422F2 
 270      A52B84E6 
 270      A0A102DC 
 270      0B
 271 02a8 7202E4C4 		.ascii	"r\002\344\304\361sV\352\363M\213r\205\206$L\311\353"
 271      F17356EA 
 271      F34D8B72 
 271      8586244C 
 271      C9EB
 272 02ba EDC92B90 		.ascii	"\355\311+\220\225\035\006}\341MR\213+\356\243\203\346"
 272      951D067D 
 272      E14D528B 
 272      2BEEA383 
 272      E6
 273 02cb 132E350E 		.ascii	"\023.5\016\271#\2657\243\270\320\204\010\305e0n\224"
 273      B923B537 
 273      A3B8D084 
 273      08C56530 
 273      6E94
 274 02dd B24C189D 		.ascii	"\262L\030\235\304\215.A\270\357\012\035\370~J\032\352"
ARM GAS  C:\cygwin\tmp\ccAl1PBu.s 			page 21


 274      C48D2E41 
 274      B8EF0A1D 
 274      F87E4A1A 
 274      EA
 275 02ee 55B255B7 		.ascii	"U\262U\267\030\324\352\346s=.x\202M\300\203\261\373"
 275      18D4EAE6 
 275      733D2E78 
 275      824DC083 
 275      B1FB
 276 0300 C94A3CC3 		.ascii	"\311J<\303\224\362\331\254BW\234\300\366\312\236\304"
 276      94F2D9AC 
 276      42579CC0 
 276      F6CA9EC4 
 277 0310 9E7F31A3 		.ascii	"\236\1771\243?\200\266k\177\241\331U\\\344\030\364\264"
 277      3F80B66B 
 277      7FA1D955 
 277      5CE418F4 
 277      B4
 278 0321 EABDF99E 		.ascii	"\352\275\371\2368\225B\335\006J\216{\302\274\371\252"
 278      389542DD 
 278      064A8E7B 
 278      C2BCF9AA 
 279 0331 61EEF2E8 		.ascii	"a\356\362\3508^7\371l\247\351 #\271\012#i\205\326\032"
 279      385E37F9 
 279      6CA7E920 
 279      23B90A23 
 279      6985D61A 
 280 0345 F315291D 		.ascii	"\363\025)\035\014\236\375'2o\004{\323\036[j\217\235"
 280      0C9EFD27 
 280      326F047B 
 280      D31E5B6A 
 280      8F9D
 281 0357 586DC15E 		.ascii	"Xm\301^\263\307Js\314\2629\312&\254u\336\204A_\306\015"
 281      B3C74A73 
 281      CCB239CA 
 281      26AC75DE 
 281      84415FC6 
 282 036c 9B084FD9 		.ascii	"\233\010O\331{*Gs\326\026\340_Zi\233\354\301\0256\340"
 282      7B2A4773 
 282      D616E05F 
 282      5A699BEC 
 282      C11536E0 
 283 0380 39937403 		.ascii	"9\223t\003\020\327ig\2538C\337\303\014\335\206\331\271"
 283      10D76967 
 283      AB3843DF 
 283      C30CDD86 
 283      D9B9
 284 0392 03720BA4 		.ascii	"\003r\013\244\005\244Y\232\251\213\323Owxb3\315*\337"
 284      05A4599A 
 284      A98BD34F 
 284      77786233 
 284      CD2ADF
 285 03a5 347DFCAE 		.ascii	"4}\374\256\213ue\324\335\240+\243\015\034\335\225VF"
 285      8B7565D4 
 285      DDA02BA3 
 285      0D1CDD95 
 285      5646
ARM GAS  C:\cygwin\tmp\ccAl1PBu.s 			page 22


 286 03b7 EBFC9561 		.ascii	"\353\374\225a!E\367\200\353g\362\036N|[\215\274E7\015"
 286      2145F780 
 286      EB67F21E 
 286      4E7C5B8D 
 286      BC45370D 
 287 03cb 4EDD70EF 		.ascii	"N\335p\357\362\361\354e\301\000V\245I\245\000\335\267"
 287      F2F1EC65 
 287      C10056A5 
 287      49A500DD 
 287      B7
 288 03dc D9021C6A 		.ascii	"\331\002\034jG*\021\231\373\240-M)\343\3317\264AF\276"
 288      472A1199 
 288      FBA02D4D 
 288      29E3D937 
 288      B44146BE 
 289 03f0 BDBA5155 		.ascii	"\275\272QU\346\2628\233F\220(,\221\241\257~ic\333\201"
 289      E6B2389B 
 289      4690282C 
 289      91A1AF7E 
 289      6963DB81 
 290 0404 16C3FF7F 		.ascii	"\026\303\377\177#\031s\320\376\375P\201\353\207G\205"
 290      231973D0 
 290      FEFD5081 
 290      EB874785 
 291 0414 A3A784DE 		.ascii	"\243\247\204\336\311\314/\372*\005!\025\014e\004\207"
 291      C9CC2FFA 
 291      2A052115 
 291      0C650487 
 292 0424 8AA4ECC0 		.ascii	"\212\244\354\300+i\012Q\027\234\015\235\350C\022eA\342"
 292      2B690A51 
 292      179C0D9D 
 292      E8431265 
 292      41E2
 293 0436 5E4FDCCA 		.ascii	"^O\334\312\226\370\211\346\342Y\031~\314\322\235\360"
 293      96F889E6 
 293      E259197E 
 293      CCD29DF0 
 294 0446 2ABD5A8E 		.ascii	"*\275Z\216\024j\307\305\254\307A1c\225\261\352\346_"
 294      146AC7C5 
 294      ACC74131 
 294      6395B1EA 
 294      E65F
 295 0458 F276C069 		.ascii	"\362v\300i\202\272a\347?\220\310kii\004\226\251\276"
 295      82BA61E7 
 295      3F90C86B 
 295      69690496 
 295      A9BE
 296 046a E4EB980E 		.ascii	"\344\353\230\016\227 \330p\223.\277\310\360\300\243"
 296      9720D870 
 296      932EBFC8 
 296      F0C0A3
 297 0479 8C39FB5E 		.ascii	"\2149\373^\316\270\322)s\2773\346\206{\012`\355\003"
 297      CEB8D229 
 297      73BF33E6 
 297      867B0A60 
 297      ED03
 298 048b 9FBD0E58 		.ascii	"\237\275\016Xg\016M\014{PV\202x\210(m\353\310\255\303"
ARM GAS  C:\cygwin\tmp\ccAl1PBu.s 			page 23


 298      670E4D0C 
 298      7B505682 
 298      7888286D 
 298      EBC8ADC3 
 299 049f 62255808 		.ascii	"b%X\010j\345\375\242:9~\303\222\321R\230\322\202\025"
 299      6AE5FDA2 
 299      3A397EC3 
 299      92D15298 
 299      D28215
 300 04b2 1043E2CF 		.ascii	"\020C\342\317.\345\273\263\032\033e8\001S\373\244Km"
 300      2EE5BBB3 
 300      1A1B6538 
 300      0153FBA4 
 300      4B6D
 301 04c4 D52A9CCC 		.ascii	"\325*\234\314\224\241\233\345\011r\234\316\224G%\273"
 301      94A19BE5 
 301      09729CCE 
 301      944725BB 
 302 04d4 9E2EC07B 		.ascii	"\236.\300{\230R\222y\247\000\343\275L9w\376Y\000\013"
 302      98529279 
 302      A700E3BD 
 302      4C3977FE 
 302      59000B
 303 04e7 C707B4DA 		.ascii	"\307\007\264\332\356\321\006\245Xc\020\350e/\037\236"
 303      EED106A5 
 303      586310E8 
 303      652F1F9E 
 304 04f7 71C13914 		.ascii	"q\3019\024\352\336(|SF\212\214\267/-4yBR\242\320;} "
 304      EADE287C 
 304      53468A8C 
 304      B72F2D34 
 304      794252A2 
 305 050f 289B1D10 		.ascii	"(\233\035\020\217`\220C\220\206Q\333\262;8g\027\203"
 305      8F609043 
 305      908651DB 
 305      B23B3867 
 305      1783
 306 0521 41C3CB76 		.ascii	"A\303\313v\225\005\375\243=Z\343d\027?\003\300S\352"
 306      9505FDA3 
 306      3D5AE364 
 306      173F03C0 
 306      53EA
 307 0533 6954DC4D 		.ascii	"iT\334M/ \035\223\260\372G@&@\306@\246@\236\203\214"
 307      2F201D93 
 307      B0FA4740 
 307      2640C640 
 307      A6409E83 
 308 0548 8B3B82F1 		.ascii	"\213;\202\361\315J|\217\355\371*\346E\227\331iE\377"
 308      CD4A7C8F 
 308      EDF92AE6 
 308      4597D969 
 308      45FF
 309 055a 648F9E53 		.ascii	"d\217\236S3\011\370\225\344\372\007\307\256m\300/$\360"
 309      3309F895 
 309      E4FA07C7 
 309      AE6DC02F 
 309      24F0
ARM GAS  C:\cygwin\tmp\ccAl1PBu.s 			page 24


 310 056c 1387E3B6 		.ascii	"\023\207\343\266\251\232\343\355\264j\216\332WM\342"
 310      A99AE3ED 
 310      B46A8EDA 
 310      574DE2
 311 057b E76DBB78 		.ascii	"\347m\273x\314\021O\303\216\363m9\346\006\246\206\317"
 311      CC114FC3 
 311      8EF36D39 
 311      E606A686 
 311      CF
 312 058c 7AE2763A 		.ascii	"z\342v:}\374\304\325\226A\025\362V;\314,z\005\011\375"
 312      7DFCC4D5 
 312      964115F2 
 312      563BCC2C 
 312      7A0509FD 
 313 05a0 6F92CB02 		.ascii	"o\222\313\002\335\327IK\3424\030\276\224v\300(-\211"
 313      DDD7494B 
 313      E23418BE 
 313      9476C028 
 313      2D89
 314 05b2 C03F5172 		.ascii	"\300?Qr\340\262bNA\232\236S\220f\240\3700\033\000\237"
 314      E0B2624E 
 314      419A9E53 
 314      9066A0F8 
 314      301B009F 
 315 05c6 4DDD3FEC 		.ascii	"M\335?\354\201\007Y\260?\356\230\234\342\221J\355\314"
 315      810759B0 
 315      3FEE989C 
 315      E2914AED 
 315      CC
 316 05d7 16BD8118 		.ascii	"\026\275\201\030%s\261\016\244G%$\223:\360\032:f\245"
 316      2573B10E 
 316      A4472524 
 316      933AF01A 
 316      3A66A5
 317 05ea 786668DD 		.ascii	"xfh\335\003\212\314\316\242'ntG\022\304\000\333\221"
 317      038ACCCE 
 317      A2276E74 
 317      4712C400 
 317      DB91
 318 05fc 276FE50F 		.ascii	"'o\345\017{8\255{\002O\352\336[K\335\313L\277\373\030"
 318      7B38AD7B 
 318      024FEADE 
 318      5B4BDDCB 
 318      4CBFFB18 
 319 0610 59EBDECA 		.ascii	"Y\353\336\312~k\335\003\034\3248+e\227m\335\333\316"
 319      7E6BDD03 
 319      1CD4382B 
 319      65976DDD 
 319      DBCE
 320 0622 93BA37D6 		.ascii	"\223\2727\326\323\177\021\341\347l\333U\364\316\326"
 320      D37F11E1 
 320      E76CDB55 
 320      F4CED6
 321 0631 CBD8BEF3 		.ascii	"\313\330\276\363\002u\374r\321\270x\2015\223}\227\320"
 321      0275FC72 
 321      D1B87881 
 321      35937D97 
ARM GAS  C:\cygwin\tmp\ccAl1PBu.s 			page 25


 321      D0
 322 0642 3C510B77 		.ascii	"<Q\013w\002\206Mi\352i\023/\273\037\200z\375V}\267'"
 322      02864D69 
 322      EA69132F 
 322      BB1F807A 
 322      FD567DB7 
 323 0657 A9128225 		.ascii	"\251\022\202%1\320!\005\234\314C\371\201\025\205v\362"
 323      31D02105 
 323      9CCC43F9 
 323      81158576 
 323      F2
 324 0668 B44294EF 		.ascii	"\264B\224\357\030,\226\203\265\017\334j\221\315\225"
 324      182C9683 
 324      B50FDC6A 
 324      91CD95
 325 0677 D6875D69 		.ascii	"\326\207]iO7\214\227A\001\221\321\254\337\251\352\270"
 325      4F378C97 
 325      410191D1 
 325      ACDFA9EA 
 325      B8
 326 0688 E22EDD69 		.ascii	"\342.\335i'W$\302*A\273x\005J\343\255C\363\261\3367"
 326      275724C2 
 326      2A41BB78 
 326      054AE3AD 
 326      43F3B1DE 
 327 069d 47F204D7 		.ascii	"G\362\004\327\305\034Z\356\203\226\301\214\244\363j"
 327      C51C5AEE 
 327      8396C18C 
 327      A4F36A
 328 06ac E29456A8 		.ascii	"\342\224V\250T\336\007\2450\376\342#E\227=\360.F\360"
 328      54DE07A5 
 328      30FEE223 
 328      45973DF0 
 328      2E46F0
 329 06bf 2CEB490A 		.ascii	",\353I\012\266\271\321\372\224\220\033\355\036 \330"
 329      B6B9D1FA 
 329      94901BED 
 329      1E20D8
 330 06ce 2D11ECE2 		.ascii	"-\021\354\342\2350|\355\230!\355B\333\010\3622\213\313"
 330      9D307CED 
 330      9821ED42 
 330      DB08F232 
 330      8BCB
 331 06e0 FA8F88FA 		.ascii	"\372\217\210\372K\202\376D\236$\304\314{Y\322B\017\332"
 331      4B82FE44 
 331      9E24C4CC 
 331      7B59D242 
 331      0FDA
 332 06f2 B67EB3BB 		.ascii	"\266~\263\273B\364n~\277\367\242\2723\271r[\357\031"
 332      42F46E7E 
 332      BFF7A2BA 
 332      33B9725B 
 332      EF19
 333 0704 EFF23E56 		.ascii	"\357\362>Vi\036D\037\345\013-Ga}\264\256J(\004\253\355"
 333      691E441F 
 333      E50B2D47 
 333      617DB4AE 
ARM GAS  C:\cygwin\tmp\ccAl1PBu.s 			page 26


 333      4A2804AB 
 334 0719 7294C97B 		.ascii	"r\224\311{\241\0350BX\0116\266\011\360e=\374\302\333"
 334      A11D3042 
 334      580936B6 
 334      09F0653D 
 334      FCC2DB
 335 072c CB7F04A6 		.ascii	"\313\177\004\246\031\227&\307\2258\213&\0125\247f\356"
 335      199726C7 
 335      95388B26 
 335      0A35A766 
 335      EE
 336 073d E3712E53 		.ascii	"\343q.SF[.\245\271\343cLI\273\330\261\323\035\0273\345"
 336      465B2EA5 
 336      B9E3634C 
 336      49BBD8B1 
 336      D31D1733 
 337 0752 D8E31A38 		.ascii	"\330\343\0328KO1\245\276\253Z\203k\330{q\315\356>\027"
 337      4B4F31A5 
 337      BEAB5A83 
 337      6BD87B71 
 337      CDEE3E17 
 338 0766 DCC89481 		.ascii	"\334\310\224\201\263I/d\370*SZj{\207\026\340\233L98"
 338      B3492F64 
 338      F82A535A 
 338      6A7B8716 
 338      E09B4C39 
 339 077b DEFD833B 		.ascii	"\336\375\203;[Zjr\341l9\322%g\313\260\201\007=\247\246"
 339      5B5A6A72 
 339      E16C39D2 
 339      2567CBB0 
 339      81073DA7 
 340 0790 7F6401BE 		.ascii	"\177d\001\276M\261\252\314\322\374g\230\3341Y\371\247"
 340      4DB1AACC 
 340      D2FC6798 
 340      DC3159F9 
 340      A7
 341 07a1 174D7602 		.ascii	"\027Mv\002\254\316\221N\200#0\246\022\336f\243\226\317"
 341      ACCE914E 
 341      802330A6 
 341      12DE66A3 
 341      96CF
 342 07b3 AFB13DD6 		.ascii	"\257\261=\326J\270\337\036=h_6\367K\340}\366\340+\363"
 342      4AB8DF1E 
 342      3D685F36 
 342      F74BE07D 
 342      F6E02BF3 
 343 07c7 5CCF7659 		.ascii	"\\\317vY\321\007\355\321\032"
 343      D107EDD1 
 343      1A
 344 07d0 7B7096E4 		.ascii	"{p\226\344:\307q\034\266h\263\204\316\265G\317?G\262"
 344      3AC7711C 
 344      B668B384 
 344      CEB547CF 
 344      3F47B2
 345 07e3 2574B6E3 		.ascii	"%t\266\343\260m\312\375T\027-\367\000\232_\356\017\366"
 345      B06DCAFD 
 345      54172DF7 
ARM GAS  C:\cygwin\tmp\ccAl1PBu.s 			page 27


 345      009A5FEE 
 345      0FF6
 346 07f5 D894FB2C 		.ascii	"\330\224\373,\307\311\265I\327\033)\001\007\034Gi{~"
 346      C7C9B549 
 346      D71B2901 
 346      071C4769 
 346      7B7E
 347 0807 49E0430E 		.ascii	"I\340C\016\2635\377\307\3327\260x\017\323\305K\320\344"
 347      B335FFC7 
 347      DA37B078 
 347      0FD3C54B 
 347      D0E4
 348 0819 B028846D 		.ascii	"\260(\204ms\202\367E\371 \305 \005 \307@\216\203|\013"
 348      7382F745 
 348      F920C520 
 348      0520C740 
 348      8E837C0B 
 349 082d 92075204 		.ascii	"\222\007R\004r\224\267\336S'KK\273\225\270\225\225\204"
 349      7294B7DE 
 349      53274B4B 
 349      BB95B895 
 349      9584
 350 083f 8329C366 		.ascii	"\203)\303fl\275cW\365\320\003\345$8/\225*\002\311\214"
 350      6CBD6357 
 350      F5D003E5 
 350      24382F95 
 350      2A02C98C 
 351 0853 93405019 		.ascii	"\223@P\031\360\377\037\261t\247\216\035u\231sD\235\344"
 351      F0FF1FB1 
 351      74A78E1D 
 351      75997344 
 351      9DE4
 352 0865 6D8FA872 		.ascii	"m\217\250r\236\336\231I\013\350Cwwnw\233{Kw\3643\220"
 352      9EDE9949 
 352      0BE84377 
 352      776E779B 
 352      7B4B77F4 
 353 087b 9BF71B10 		.ascii	"\233\367\033\020\235\342\275\301\376Z\333\300~\271B"
 353      9DE2BDC1 
 353      FE5ADBC0 
 353      7EB942
 354 088a BC659ADF 		.ascii	"\274e\232\337\177\303C\025\274\202\034Q\267\257\324"
 354      7FC34315 
 354      BC821C51 
 354      B7AFD4
 355 0899 CD3D4749 		.ascii	"\315=GIA\221\202\254\024\203$\255\207>.,Z\037\035\035"
 355      419182AC 
 355      148324AD 
 355      873E2E2C 
 355      5A1F1D1D 
 356 08ad A137C41A 		.ascii	"\2417\304\032L\362\325_|\271D\353\357\317\271\006\007"
 356      4CF2D55F 
 356      7CB944EB 
 356      EFCFB906 
 356      07
 357 08be 058599C2 		.ascii	"\005\205\231\302p\370\346h\205^\277\305\020kZ\036\240"
 357      70F8E668 
ARM GAS  C:\cygwin\tmp\ccAl1PBu.s 			page 28


 357      855EBFC5 
 357      106B5A1E 
 357      A0
 358 08cf 37FD3EFC 		.ascii	"7\375>\374\323\320\360m\033\377i\210\015\015\333\034"
 358      D3D0F06D 
 358      1BFF6988 
 358      0D0DDB1C 
 359 08df F371AC31 		.ascii	"\363q\25416\362\343\310\260\015\206PClx\364\226\210"
 359      36F2E3C8 
 359      B00D8650 
 359      436C78F4 
 359      9688
 360 08f1 C8D098B0 		.ascii	"\310\320\230\260\360M\206\330\310P}DdT\330\226h\223"
 360      F04D86D8 
 360      C8507D44 
 360      6454D896 
 360      6893
 361 0903 DEB42D2E 		.ascii	"\336\264-.2\336o\023'\267\270\360{\237\213\370m\361"
 361      32DE6F13 
 361      27B7B8F0 
 361      7B9F8BF8 
 361      6DF1
 362 0915 A1FA7853 		.ascii	"\241\372xS\004\340\301\016\033#6C\020\233~\353\347\247"
 362      04E0C10E 
 362      1B233643 
 362      109B7EEB 
 362      E7A7
 363 0927 D16E326C 		.ascii	"\321n2l0\254\013\321\030\3435\233\302\2425q\306\315"
 363      30AC0BD1 
 363      18E3359B 
 363      C2A23571 
 363      C6CD
 364 0939 A6784DC8 		.ascii	"\246xM\310\372\317\227\007h\326\256\015\322\254\016"
 364      FACF9707 
 364      68D6AE0D 
 364      D2AC0E
 365 0948 5EB3EE1F 		.ascii	"^\263\356\037\376\244\3132$\260\367\2127\305\000\355"
 365      FEA4CB32 
 365      24B0F78A 
 365      37C500ED 
 366 0958 C6388351 		.ascii	"\3068\203Q\037\037i\332\022\2477\271\006k\311\320\\"
 366      1F1F69DA 
 366      12A737B9 
 366      066BC9D0 
 366      5C
 367 0969 830359B3 		.ascii	"\203\003Y\263\2025+I\343\036\274b\255\326\030\033e\330"
 367      82352B49 
 367      E31EBC62 
 367      ADD6181B 
 367      65D8
 368 097b F8BF1186 		.ascii	"\370\277\021\206s\277\260\346\023\3506n6n\211\2131F"
 368      73BFB0E6 
 368      13E8366E 
 368      366E898B 
 368      3146
 369 098d 44CA0D46 		.ascii	"D\312\015F\322\350M*\203\221\270\211\011\213\377\273"
 369      D2E84D2A 
ARM GAS  C:\cygwin\tmp\ccAl1PBu.s 			page 29


 369      8391B889 
 369      098BFFBB 
 370 099d DE840375 		.ascii	"\336\204\003u:Y`\210N\207\327\005\351\360\032\020\255"
 370      3A596088 
 370      4E87D705 
 370      E9F01A10 
 370      AD
 371 09ae EE3390B5 		.ascii	"\3563\220\265\262\265\332?\353>\235\033A\2701&\306\030"
 371      B2B5DA3F 
 371      EB3E9D1B 
 371      41B83126 
 371      C618
 372 09c0 AB89DC6A 		.ascii	"\253\211\334j\322h?\017Y\023\002\201\260XV\371o\335"
 372      D2683F0F 
 372      59130281 
 372      B05856F9 
 372      6FDD
 373 09d2 AAA1C38C 		.ascii	"\252\241\303\214\362_\266|\353\006\030\265\212\204\246"
 373      F25FB67C 
 373      EB0618B5 
 373      8A84A6
 374 09e1 5F0FB90F 		.ascii	"_\017\271\017\212\214R0JC\204\336\244\014\217\332h\012"
 374      8A8C5230 
 374      4A4384DE 
 374      A40C8FDA 
 374      680A
 375 09f3 DBE0F7C9 		.ascii	"\333\340\367\311'\313\002\\\331\273;\233\335\337\351"
 375      27CB025C 
 375      D9BB3B9B 
 375      DDDFE9
 376 0a02 4D6E622B 		.ascii	"Mnb+\013\014\322\352\334V\004\007\372\257\374\202\266"
 376      0B0CD2EA 
 376      DC560407 
 376      FAAFFC82 
 376      B6
 377 0a13 01D0BAAE 		.ascii	"\001\320\272\256\370,\020\0329\371\254\013YO_\002\310"
 377      F82C101A 
 377      39F9AC0B 
 377      594F5F02 
 377      C8
 378 0a24 0BD6AED1 		.ascii	"\013\326\256\321\311\264\253V\353x-\274\207\350\224"
 378      C9B4AB56 
 378      EB782DBC 
 378      87E894
 379 0a33 3AADD6C2 		.ascii	":\255\326\302\374\037\332X\011\377"
 379      FC1FDA58 
 379      09FF
 380              		.text
 381              		.section	.gnu.lto_.symtab.2d26e702,"",%progbits
 382 0000 5F70616C 		.ascii	"_pal_lld_init\000"
 382      5F6C6C64 
 382      5F696E69 
 382      7400
 383 000e 00       		.ascii	"\000"
 384 000f 00       		.ascii	"\000"
 385 0010 00       		.ascii	"\000"
 386 0011 00000000 		.ascii	"\000\000\000\000\000\000\000\000"
ARM GAS  C:\cygwin\tmp\ccAl1PBu.s 			page 30


 386      00000000 
 387 0019 DA000000 		.ascii	"\332\000\000\000"
 388 001d 5F70616C 		.ascii	"_pal_lld_setgroupmode\000"
 388      5F6C6C64 
 388      5F736574 
 388      67726F75 
 388      706D6F64 
 389 0033 00       		.ascii	"\000"
 390 0034 00       		.ascii	"\000"
 391 0035 00       		.ascii	"\000"
 392 0036 00000000 		.ascii	"\000\000\000\000\000\000\000\000"
 392      00000000 
 393 003e 01010000 		.ascii	"\001\001\000\000"
 394              		.text
 395              		.section	.gnu.lto_.opts,"",%progbits
 396 0000 272D666D 		.ascii	"'-fmath-errno' '-fsigned-zeros' '-ftrapping-math' '"
 396      6174682D 
 396      6572726E 
 396      6F272027 
 396      2D667369 
 397 0033 2D666E6F 		.ascii	"-fno-trapv' '-fno-openmp' '-fno-openacc' '-mcpu=cor"
 397      2D747261 
 397      70762720 
 397      272D666E 
 397      6F2D6F70 
 398 0066 7465782D 		.ascii	"tex-m3' '-mno-thumb-interwork' '-mthumb' '-ggdb' '-"
 398      6D332720 
 398      272D6D6E 
 398      6F2D7468 
 398      756D622D 
 399 0099 4F322720 		.ascii	"O2' '-fomit-frame-pointer' '-falign-functions=16' '"
 399      272D666F 
 399      6D69742D 
 399      6672616D 
 399      652D706F 
 400 00cc 2D666675 		.ascii	"-ffunction-sections' '-fdata-sections' '-fno-common"
 400      6E637469 
 400      6F6E2D73 
 400      65637469 
 400      6F6E7327 
 401 00ff 2720272D 		.ascii	"' '-flto'\000"
 401      666C746F 
 401      2700
 402              		.text
 403              		.comm	__gnu_lto_v1,1,1
 404              		.comm	__gnu_lto_slim,1,1
 405              		.ident	"GCC: (GNU Tools for ARM Embedded Processors) 5.4.1 20160919 (release) [ARM/embedded-5-bran
ARM GAS  C:\cygwin\tmp\ccAl1PBu.s 			page 31


DEFINED SYMBOLS
                            *ABS*:00000000 hal_pal_lld.c
                            *COM*:00000001 __gnu_lto_v1
                            *COM*:00000001 __gnu_lto_slim

NO UNDEFINED SYMBOLS
