ARM GAS  C:\cygwin\tmp\ccVAgoYI.s 			page 1


   1              		.syntax unified
   2              		.cpu cortex-m3
   3              		.fpu softvfp
   4              		.eabi_attribute 20, 1
   5              		.eabi_attribute 21, 1
   6              		.eabi_attribute 23, 3
   7              		.eabi_attribute 24, 1
   8              		.eabi_attribute 25, 1
   9              		.eabi_attribute 26, 1
  10              		.eabi_attribute 30, 2
  11              		.eabi_attribute 34, 1
  12              		.eabi_attribute 18, 4
  13              		.thumb
  14              		.syntax unified
  15              		.file	"hal_pal.c"
  16              		.text
  17              	.Ltext0:
  18              		.section	.gnu.lto_.profile.2d26f80e,"",%progbits
  19 0000 789C6361 		.ascii	"x\234ca`d`a`\000\222\0322\000\000\326\000O"
  19      60646061 
  19      6000921A 
  19      320000D6 
  19      004F
  20              		.text
  21              		.section	.gnu.lto_.icf.2d26f80e,"",%progbits
  22 0000 789C6361 		.ascii	"x\234ca`d\000\001\021\006\004`fX\377\346\325RV\306\331"
  22      60640001 
  22      11060460 
  22      6658FFE6 
  22      D55256C6 
  23 0015 4B676DE2 		.ascii	"Kgm\342dZ\276\360\320uN\006\000_\347\010\316"
  23      645ABEF0 
  23      D0754E06 
  23      005FE708 
  23      CE
  24              		.text
  25              		.section	.gnu.lto_.jmpfuncs.2d26f80e,"",%progbits
  26 0000 789C6361 		.ascii	"x\234ca`d\000\001%\006\004`f`dd\254gdbdd\256\257g\002"
  26      60640001 
  26      25060460 
  26      66606464 
  26      AC676462 
  27 001a 538C6C10 		.ascii	"S\214l\020)\246J\260r\0009\212\002\276"
  27      29A64AB0 
  27      7200398A 
  27      02BE
  28              		.text
  29              		.section	.gnu.lto_.inline.2d26f80e,"",%progbits
  30 0000 789C6361 		.ascii	"x\234ca`d\000\201\357\014\010\300\314\300\300\311\301"
  30      60640081 
  30      EF0C08C0 
  30      CCC0C0C9 
  30      C1
  31 0011 C8CCA0C0 		.ascii	"\310\314\240\300\010b\202H\0070\251\300\301\366A\217"
  31      08628248 
  31      0730A9C0 
  31      C1F6418F 
ARM GAS  C:\cygwin\tmp\ccVAgoYI.s 			page 2


  32 0021 816D813C 		.ascii	"\201m\201<\023\003\343\013v\026\010\011\"8\300L\016"
  32      1303E30B 
  32      76160809 
  32      2238C04C 
  32      0E
  33 0032 10210066 		.ascii	"\020!\000f\012\200\214ad\340\343ed\201\230\302\250\000"
  33      0A808C61 
  33      64E0E365 
  33      648198C2 
  33      A800
  34 0044 B2066C08 		.ascii	"\262\006l\010\304@n\246\013\374\030F\001\305P\014aY"
  34      C4406EA6 
  34      0BFC1846 
  34      01C5500C 
  34      6159
  35 0056 202F0162 		.ascii	" /\001b)010\357\020W`\000Zo\0012\231\211\201[\030\305"
  35      29303130 
  35      EF105760 
  35      005A6F01 
  35      32998981 
  36 006d 7D504339 		.ascii	"}PC9\201r\3049\017h\223\004\310$\026^\240w'\370\201"
  36      8172C439 
  36      0F689304 
  36      C824165E 
  36      A07727F8 
  37 0082 20030004 		.ascii	" \003\000\004\024 \311"
  37      1420C9
  38              		.text
  39              		.section	.gnu.lto_.pureconst.2d26f80e,"",%progbits
  40 0000 789C6361 		.ascii	"x\234ca`d`g```f\220b\224b\222\004\000\001\253\000`"
  40      60646067 
  40      60606066 
  40      90629462 
  40      92040001 
  41              		.text
  42              		.section	.gnu.lto_palReadBus.2d26f80e,"",%progbits
  43 0000 789C8D90 		.ascii	"x\234\215\220=K\\Q\020\206\347=s\367\336\273j\362\007"
  43      3D4B5C51 
  43      1086E73D 
  43      73F7DEBB 
  43      6AF207
  44 0013 B4581022 		.ascii	"\264X\020\"\026\356\305\337`\223.!\376\200\240\022P"
  44      16EEC5DF 
  44      60932E21 
  44      FE80A012 
  44      50
  45 0024 10222ED6 		.ascii	"\020\".\326\236\354\335+\332H,L *\222b\361+~%ja%\012"
  45      9EECDD2B 
  45      DA482C4C 
  45      202A9262 
  45      F12B7E25 
  46 003c 0A828A36 		.ascii	"\012\202\2126\251BD\305\302\312]\024\033u\235\271\273"
  46      A94244C5 
  46      C2CA5D14 
  46      1B759DB9 
  46      BB
  47 004d 81259507 		.ascii	"\201%\225\007\316\2319\037\363\314\373\036\207@:\336"
ARM GAS  C:\cygwin\tmp\ccVAgoYI.s 			page 3


  47      CE99391F 
  47      F3CCFB1E 
  47      87403ADE 
  48 005d 1AA25712 		.ascii	"\032\242W\022\353e\202\011\346\363!\321'\337\000\232"
  48      EB658209 
  48      E6F321D1 
  48      27DF009A 
  49 006d 581F3468 		.ascii	"X\0374h0\210[\363`p\234[\231\344\033\023\3113G\266\205"
  49      30885BF3 
  49      60709C5B 
  49      99E41B13 
  49      C93347B6 
  50 0082 836FE72F 		.ascii	"\203o\347/u\013\244d;aOF\274\346\031k\263\3664\177\326"
  50      750BA464 
  50      3B614F46 
  50      BCE6196B 
  50      B3F6347F 
  51 0097 371646AF 		.ascii	"7\026F\257#6T2\204Y4`\006\015\332b\016\315\3626:\376"
  51      23365432 
  51      84593460 
  51      060DDA62 
  51      0ECDF236 
  52 00ad 3AC4DC08 		.ascii	":\304\334\010\222\374\317\337\3239\277)\257uv\354\203"
  52      92FCCFDF 
  52      D339BF29 
  52      AF7576EC 
  52      83
  53 00be 4D46CC98 		.ascii	"MF\314\230\007W\327\311\021a\001M\372\374l\365q\374"
  53      0757D7C9 
  53      1161014D 
  53      FAFC6CF5 
  53      71FC
  54 00d0 859BB332 		.ascii	"\205\233\2632R#L\312\027\354\017\270\352g\371\335\226"
  54      52234CCA 
  54      17EC0FB8 
  54      EA67F9DD 
  54      96
  55 00e1 2D95426B 		.ascii	"-\225Bk'ZG\033\223bB\212X\312\035G\226DB\026\327\325"
  55      275A471B 
  55      9362428A 
  55      58CA1D47 
  55      96444216 
  56 00f7 CCD3C527 		.ascii	"\314\323\305'\325G\3272\325k\301\030\215|\211\354fa"
  56      D547D732 
  56      D56BC118 
  56      8D7C89EC 
  56      6661
  57 0109 F73B2B33 		.ascii	"\367;+3d\226\226_\242\355#O\215r,\370no\177\270n\032"
  57      6496965F 
  57      A2ED234F 
  57      8D722CF8 
  57      6E6F7FB8 
  58 011f 5388D80B 		.ascii	"S\210\330\013\331`Q\235\311y\376\"\273\344\005-\021"
  58      D960519D 
  58      C979FE22 
  58      BBE4052D 
  58      11
ARM GAS  C:\cygwin\tmp\ccVAgoYI.s 			page 4


  59 0130 FB58C234 		.ascii	"\373X\3024\036U\030a\031\001]b{\023e\236S\315\363\377"
  59      1E551861 
  59      19015D62 
  59      7B13659E 
  59      53CDF3FF 
  60 0144 E725A521 		.ascii	"\347%\245!V*\274\337\305\342N]\260hsrQ\203\325\030\251"
  60      562ABCDF 
  60      C5E24E5D 
  60      B0687372 
  60      5183D518 
  61 0159 26F13346 		.ascii	"&\3613Ff\377!\023\317\321T\213_1 \376\255\265\030\020"
  61      66FF2113 
  61      CFD1548B 
  61      5F3120FE 
  61      ADB51810 
  62 016d 16DD3240 		.ascii	"\026\3352@e\011\246\232\351=\207i\260\0363Y\231\033"
  62      6509A69A 
  62      E93D8769 
  62      B01E3359 
  62      991B
  63 017f 65E67D85 		.ascii	"e\346}\205\351\307X\217\256`*\007\372\033\327b@\376"
  63      E9C7588F 
  63      AE602A07 
  63      FA1BD762 
  63      40FE
  64 0191 5844A4D2 		.ascii	"XD\244\322\351\240\255\273\247\263\347M{\3601\023tw"
  64      E9A0ADBB 
  64      A7B3E74D 
  64      7BF03113 
  64      7477
  65 01a3 F40699FE 		.ascii	"\364\006\231\376.\215\357\373:z\323]\304\235\003\231"
  65      2E8DEFFB 
  65      3A7AD35D 
  65      C49D0399 
  66 01b3 277B9CBE 		.ascii	"'{\234\276\372"
  66      FA
  67              		.text
  68              		.section	.gnu.lto_palWriteBus.2d26f80e,"",%progbits
  69 0000 789C8D92 		.ascii	"x\234\215\222\313kSA\024\306\347\233\271\271\257\334"
  69      CB6B5341 
  69      14C6E79B 
  69      B9B9AFDC 
  70 0010 A87BBB08 		.ascii	"\250{\273\010t\021\212\230k\377\006\301\255`\377\000"
  70      74118A98 
  70      6BFF06C1 
  70      AD60FF00 
  71 0020 69AAD040 		.ascii	"i\252\320@A1\272\356\230\344\372\330\2711\005i\011\024"
  71      4131BAEE 
  71      98E4FAD8 
  71      B9310569 
  71      0914
  72 0032 4A1BB58F 		.ascii	"J\033\265\217\370\252\321\205!\"\005E\245\270p%-*]\270"
  72      F8AAD185 
  72      21220545 
  72      A5B87025 
  72      2D2A5DB8 
  73 0046 90B45574 		.ascii	"\220\264UtQ\023\317\231\\%t\325\013\367\314\314\271"
ARM GAS  C:\cygwin\tmp\ccVAgoYI.s 			page 5


  73      5113CF99 
  73      5C2574D5 
  73      0BF7CCCC 
  73      B9
  74 0057 E7FCE63B 		.ascii	"\347\374\346;_b\011\010~|%\3041Z\217\322\013% o\275"
  74      5F620908 
  74      7E7C25C4 
  74      315A8FD2 
  74      0B25206F 
  75 006c 13E2AA2B 		.ascii	"\023\342\252+\001\336h\027bRb\022?\345\037\211\326\365"
  75      01DE6817 
  75      62526212 
  75      3FE51F89 
  75      D6F5
  76 007e AD861C9A 		.ascii	"\255\206\034\232\327\364l\276\372~B/4\021Q{W\032\222"
  76      D7F46CBE 
  76      FA7E422F 
  76      3411517B 
  76      571A92
  77 0091 C03C86A8 		.ascii	"\300<\206\250j\275\2742\255~\310H\001\026\035\267\337"
  77      6ABDBC32 
  77      AD7EC848 
  77      01161DB7 
  77      DF
  78 00a2 DEF97288 		.ascii	"\336\371r\210\217\022i:F\353S\327\224\032\204\240\375"
  78      8F12693A 
  78      46EB53D7 
  78      941A84A0 
  78      FD
  79 00b3 A78DCD9A 		.ascii	"\247\215\315\232\233\231\323\272\250\365\3569\355EJ"
  79      9B99D3BA 
  79      A8F5EE39 
  79      ED454A
  80 00c2 E12E14F1 		.ascii	"\341.\024\361P\303\000\0260 (%p\017\031\252\236\351"
  80      50C30016 
  80      30202825 
  80      700F19AA 
  80      9EE9
  81 00d4 CCAE2555 		.ascii	"\314\256%U\306t6\252\3235;\356\\=\317\235\026\356\357"
  81      C67436AA 
  81      D3353BEE 
  81      5C3DCF9D 
  81      16EEEF
  82 00e7 EFB40416 		.ascii	"\357\264\004\026\221\341\362\317\365\316\355\224]f\341"
  82      91E1F2CF 
  82      F5CEED94 
  82      5D66E1
  83 00f6 E99BFF14 		.ascii	"\351\233\377\024c\0116{\260|\246\251\273\335\222\326"
  83      6309367B 
  83      B07CA6A9 
  83      BBDD92D6 
  84 0106 1F865F0C 		.ascii	"\037\206_\014\036\246\301\351:E\355\011\013\334\237"
  84      1EA6C1E9 
  84      3A45ED09 
  84      0BDC9F
  85 0115 A0AD6D73 		.ascii	"\240\255msp8\270\024\034\217\203\317\307$\207\200C\212"
  85      7038B814 
ARM GAS  C:\cygwin\tmp\ccVAgoYI.s 			page 6


  85      1C8F83CF 
  85      C7248780 
  85      438A
  86 0127 83106D42 		.ascii	"\203\020mB\263s\333R\362\252\266P|V\337\030\346\313"
  86      B373DB52 
  86      F2AAB650 
  86      7C56DF18 
  86      E6CB
  87 0139 4A4A9196 		.ascii	"JJ\221\226J\324z\357\260\037\312L\362k\355\365\215\240"
  87      4AD47AEF 
  87      B01FCA4C 
  87      F26BEDF5 
  87      8DA0
  88 014b 8A1972D2 		.ascii	"\212\031r\322-\221G\313$\235\363s_\213KNx<R\036VPE\307"
  88      2D9147CB 
  88      249DF373 
  88      5F8B4B4E 
  88      783C521E 
  89 0163 788C3A42 		.ascii	"x\214:BA\304\216\335\343%J4$\337\200\336\331>\010\320"
  89      41C48EDD 
  89      E3254A34 
  89      24DF80DE 
  89      D93E08D0 
  90 0177 C20303E4 		.ascii	"\302\003\003\344\331\361\320\000K{1\3201L\273\237\351"
  90      D9F1D000 
  90      4B7B31D0 
  90      314CBB9F 
  90      E9
  91 0188 1E84E9E3 		.ascii	"\036\204\351\343\221a\032_\037\367\230\225\230\351\365"
  91      91611A5F 
  91      1FF79895 
  91      98E9F5
  92 0197 18CF77F7 		.ascii	"\030\317w\367\336H\236\333\307\021<!\000\225\264\343"
  92      DE489EDB 
  92      C7113C21 
  92      0095B4E3 
  93 01a7 12DFDCEC 		.ascii	"\022\337\334\354\365+I\322h=%\377\253\002\223u9\365"
  93      F52B49D2 
  93      683D25FF 
  93      AB029375 
  93      39F5
  94 01b9 3B4EA54C 		.ascii	";N\245Lo@\251V\305\350\3557\330\333o0u+\254\306\332"
  94      6F40A956 
  94      C5E8ED37 
  94      D8DB6F30 
  94      752BACC6 
  95 01ce 3FEEECBC 		.ascii	"?\356\354\274\014\302E]\246\017\001\236\032\371\212"
  95      0CC2455D 
  95      A60F019E 
  95      1AF98A
  96 01dd E5371012 		.ascii	"\3457\020\022X|C\261\331=\305L\363\347n\223_\364{\322"
  96      587C43B1 
  96      D93DC54C 
  96      F3E76E93 
  96      5FF47BD2 
  97 01f1 80E96C36 		.ascii	"\200\351l6<9\236\317\345O\217\204\027\012\341\370\350"
  97      3C399ECF 
ARM GAS  C:\cygwin\tmp\ccVAgoYI.s 			page 7


  97      E54F8F84 
  97      170AE1F8 
  97      E8
  98 0202 4458B834 		.ascii	"DX\2704\306\353\331\213\243\023\3311\241rW\012V.\177"
  98      C6EBD98B 
  98      A313D931 
  98      A172570A 
  98      562E7F
  99 0215 B9F0172E 		.ascii	"\271\360\027.[\3648"
  99      5BF438
 100              		.text
 101              		.section	.gnu.lto_palSetBusMode.2d26f80e,"",%progbits
 102 0000 789C8D90 		.ascii	"x\234\215\220\315K\224Q\024\306\317s\317;\357;\343\027"
 102      CD4B9451 
 102      14C6CF73 
 102      CF3BEF3B 
 102      E317
 103 0012 ED7331E0 		.ascii	"\355s1\340b\020i\336\374\033Z\010n\202\332\264\013\277"
 103      621069DE 
 103      FC1B5A08 
 103      6E82DAB4 
 103      0BBF
 104 0024 40C1501A 		.ascii	"@\301P\032Z\317m\306\267t\023\202X\020\205\253A-\277"
 104      5ACF6DC6 
 104      B7741382 
 104      581085AB 
 104      412DBF
 105 0037 478509A2 		.ascii	"G\205\011\242\301\215PT\270\016I*$\"b\206RA\320\361"
 105      C18D5054 
 105      B80E492A 
 105      24226286 
 105      5241D0F1 
 106 004b 9CAB2E72 		.ascii	"\234\253.r\345\205{\317\275\227\363\374\3169\217G ]"
 106      E5857BCF 
 106      BD97F3FC 
 106      CE398F47 
 106      205D
 107 005d 9D86A84D 		.ascii	"\235\206\250M\342U\331`\202\031\377D\3640n\000\275\330"
 107      E255D960 
 107      8219FF44 
 107      F4306E00 
 107      BDD8
 108 006f 38286B90 		.ascii	"8(k\220\305\23692\330x\274[2\255\323V\326N\341\360\272"
 108      C59E3932 
 108      D878BC5B 
 108      32ADD356 
 108      D64EE1F0 
 109 0084 9D292362 		.ascii	"\235)#b\242\232q$\3024Z%kkd\351\005\3773\021\003\236"
 109      A29A7124 
 109      C2345A25 
 109      6B6B64E9 
 109      05FF3311 
 110 009a 3CAB1F9F 		.ascii	"<\253\037\237\177o\322\247AR\236\321\326\263G\314- "
 110      7F6FD2A7 
 110      41529ED1 
 110      D6B347CC 
 110      2D20
ARM GAS  C:\cygwin\tmp\ccVAgoYI.s 			page 8


 111 00ac B96F7FDD 		.ascii	"\271o\177\335\231\215\247\012\326\346\254=\350\265\211"
 111      998DA70A 
 111      D6E6AC3D 
 111      E8B589
 112 00bb 8819AFC0 		.ascii	"\210\031\257\300\302\303,\2321\203f\222/\302k\244$\373"
 112      C2C32C9A 
 112      31836692 
 112      2FC26BA4 
 112      24FB
 113 00cd 6FB13051 		.ascii	"o\2610Q\317)\247\374\360\344\355\2353a\261O\205\036"
 113      CF29A7FC 
 113      F0E4ED9D 
 113      3361B14F 
 113      851E
 114 00df E62E0A3D 		.ascii	"\346.\012=\302<R\232\375m\371x\262\321\037\321\276\223"
 114      C23C529A 
 114      FD6DF978 
 114      B2D11FD1 
 114      BE93
 115 00f1 63E70D63 		.ascii	"c\347\015c\001\276Z\260x\253lk\265\274\265\357\332\377"
 115      01BE5AB0 
 115      78AB6C6B 
 115      B5BCB5EF 
 115      DAFF
 116 0103 B424646E 		.ascii	"\264$dn\251\306\"\217yr\37019\002_o\001\034\216*\"V"
 116      A9C6228F 
 116      7972F831 
 116      39025F6F 
 116      011C8E2A 
 117 0119 6BAAC668 		.ascii	"k\252\306h\344]\344\336T\367\333\025\227g\226jO\243"
 117      E45DE4DE 
 117      54F7DB15 
 117      9767966A 
 117      4FA3
 118 012b 8DCF810E 		.ascii	"\215\317\201\016\314\256\325\203\315\367\243\015Sx)"
 118      CCAED583 
 118      CDF7A30D 
 118      537829
 119 013a 56C5F362 		.ascii	"V\305\363b\302\2424\247\377\205\037\271\205 \274\026"
 119      C2A234A7 
 119      FF851FB9 
 119      8520BC16 
 120 014a 71024B98 		.ascii	"q\002K\230\302\2613\021\313\010I\2118\345y\227\001\324"
 120      C2B13311 
 120      CB084989 
 120      38E57997 
 120      01D4
 121 015c 61C50174 		.ascii	"a\305\001t\032\024\377\007\304.\003\250\307\252\003"
 121      1A14FF07 
 121      C42E03A8 
 121      C7AA03
 122 016b 385BD61C 		.ascii	"8[\326\034 _\361O\001\332\204`\350'\334\207\352J\245"
 122      205FF14F 
 122      01DA8460 
 122      E827DC87 
 122      EA4AA5
 123 017e DF5F82EC 		.ascii	"\337_\202\354\221\035\265\366J\304\0155-\214udI\346"
ARM GAS  C:\cygwin\tmp\ccVAgoYI.s 			page 9


 123      911DB5F6 
 123      4AC40D35 
 123      2D8C7564 
 123      49E6
 124 0190 778220E2 		.ascii	"w\202 \342F\372\205\\y\273\303itU$K\354\222\022\311"
 124      46FA855C 
 124      79BBC369 
 124      7455244B 
 124      EC9212C9 
 125 01a4 743ABCD1 		.ascii	"t:\274\321?\320=p\363v8\224\011\373\273\006\303\314"
 125      3FD03D70 
 125      F3763894 
 125      09FBBB06 
 125      C3CC
 126 01b6 FD1E8D77 		.ascii	"\375\036\215w\207\273\006\323=\304\335\0172\336\275"
 126      87BB06D3 
 126      3DC4DD0F 
 126      32DEBD
 127 01c5 A1DEBE13 		.ascii	"\241\336\276\023\256U\302\263"
 127      AE55C2B3 
 128              		.text
 129              		.section	.gnu.lto_.symbol_nodes.2d26f80e,"",%progbits
 130 0000 789C6361 		.ascii	"x\234ca`d\010d\000\002\246K\214\365\014\014\023\316"
 130      60640864 
 130      0002A64B 
 130      8CF50C0C 
 130      13CE
 131 0012 313000A9 		.ascii	"10\000\251]\015\212@\221\313\214\365\214\250\"W\030"
 131      5D0D8A40 
 131      91CB8CF5 
 131      8CA82257 
 131      18
 132 0023 EB995044 		.ascii	"\353\231PD\030\2573\3263\203E\030\030\032\032\024\030"
 132      18AF33D6 
 132      33834518 
 132      181A1A14 
 132      18
 133 0034 18989998 		.ascii	"\030\230\231\230\031\226<\374\307\310\000\000XW\024"
 133      19963CFC 
 133      C7C80000 
 133      585714
 134 0043 66       		.ascii	"f"
 135              		.text
 136              		.section	.gnu.lto_.refs.2d26f80e,"",%progbits
 137 0000 789C6361 		.ascii	"x\234ca`\004B \000\000\0009\000\007"
 137      60044220 
 137      00000039 
 137      0007
 138              		.text
 139              		.section	.gnu.lto_.decls.2d26f80e,"",%progbits
 140 0000 789C9557 		.ascii	"x\234\225WkP\024\331\025\356\323w\300q\030\006\203f"
 140      6B5014D9 
 140      15EED377 
 140      C0711806 
 140      8366
 141 0012 CB544895 		.ascii	"\313TH\225\265\205%\371\261\214h\242\331\375e\251\321"
 141      B58525F9 
ARM GAS  C:\cygwin\tmp\ccVAgoYI.s 			page 10


 141      B18C68A2 
 141      D9FD65A9 
 141      D1
 142 0023 58D19002 		.ascii	"X\321\220\002w\367\017U\223\021\206ujyX\314\220\350"
 142      77F70F55 
 142      93118675 
 142      6A7958CC 
 142      90E8
 143 0035 AFB40C0A 		.ascii	"\257\264\014\012\250d\001\005\361\261)W|!\272*\210\340"
 143      A8640105 
 143      F1B12957 
 143      7C21BA2A 
 143      88E0
 144 0047 2A2BC1E7 		.ascii	"*+\301\347\002\272\240\242\362\020\006E\361\001.\010"
 144      02BAA0A2 
 144      F2100645 
 144      F1012E08 
 145 0057 0A8848CE 		.ascii	"\012\210H\316\275\267{z\030f\326\244\213\323\335\347"
 145      BDB77B7A 
 145      1866D6A4 
 145      8BD3DDE7 
 146 0067 DEEF9CF3 		.ascii	"\336\357\234\363\235s\317\275\323h\004\020\350\325n"
 146      9D73CFBD 
 146      D3680410 
 146      E8D56E
 147 0076 10844851 		.ascii	"\020\204HQ\020\326\243:\216\227\006\307>\023\324\213"
 147      10D6A33A 
 147      8E9706C7 
 147      3E13D48B 
 148 0086 EA4F515E 		.ascii	"\352OQ^\240\274Fy+L\276\350\274\036%\030e\006J\005\312"
 148      A0BC4679 
 148      2B4CBEE8 
 148      BC1E2518 
 148      65064A05 
 149 009b 63949B28 		.ascii	"c\224\233(sP\"Q\272Pn\2434\240T\241\264\311\276\037"
 149      73502251 
 149      BA506EA3 
 149      34A054A1 
 149      B4C9BE1F 
 150 00af A0D4511E 		.ascii	"\240\324Q\036(N\024\220\375\321g\000L\214C9\004\312"
 150      284E1490 
 150      FDD16700 
 150      4C8C4339 
 150      04CA
 151 00c1 FC94588F 		.ascii	"\374\224X\217\345x\336b\265\271\305Sb9\345X7\344\030"
 151      E578DE62 
 151      B5B9C553 
 151      6239E558 
 151      37E418
 152 00d4 2FE4E734 		.ascii	"/\344\3474\217X4W\203\227X\375>bU\310\361~\201~F\361"
 152      8F583457 
 152      839758FD 
 152      3E6255C8 
 152      F17E817E 
 153 00ea 493CE289 		.ascii	"I<\342\211n\365\243\241~\345\021oL\204\252[\24374\255"
 153      6EF5A3A1 
 153      7EE5116F 
ARM GAS  C:\cygwin\tmp\ccVAgoYI.s 			page 11


 153      4C84AA5B 
 153      A33734AD 
 154 00fe D00C8885 		.ascii	"\320\014\210\205il\024\200\337\201\211\300\205\251\370"
 154      696C1480 
 154      DF8189C0 
 154      85A9F8
 155 010d 22B2BBA0 		.ascii	"\"\262\273\240\016\201\002\224uQy\025\\\316\330\237"
 155      0E810294 
 155      75517915 
 155      5CCED89F 
 156 011d 6CCFD69B 		.ascii	"l\317\326\233]\314\211\352\035d#\256\313\306\002\310"
 156      5DCC89EA 
 156      1D6423AE 
 156      CBC602C8 
 157 012d BAA80600 		.ascii	"\272\250\006\000\256*\006n\3768]\331\235\312\331\225"
 157      AE2A066E 
 157      FE385DD9 
 157      9DCAD995 
 158 013d 13284977 		.ascii	"\023(Iw\336<?\246%\"\320\367\216\221#\313\302\217Ix"
 158      DE3C3FA6 
 158      2522D0F7 
 158      8E9123CB 
 158      C28F4978 
 159 0151 E54892F8 		.ascii	"\345H\222\370\033\2652\215\351'\367\222A\021\202u\240"
 159      1BB5328D 
 159      E927F792 
 159      41118275 
 159      A0
 160 0162 41B5FFFA 		.ascii	"A\265\377\372\356\207\006Tg\350`\026\252\273\317\015"
 160      EE870654 
 160      67E86016 
 160      AABBCF0D 
 161 0172 D6FAF159 		.ascii	"\326\372\361Y-\252\343\207Nfi\311\007\314\343\375k\305"
 161      2DAAE387 
 161      4E6669C9 
 161      07CCE3FD 
 161      6BC5
 162 0184 25D4708E 		.ascii	"%\324p\216\016(\257 \034:\321sv$\220\017Q\304\315\257"
 162      0E28AF20 
 162      1C3AD173 
 162      7624900F 
 162      51C4CDAF 
 163 0198 5E1E9842 		.ascii	"^\036\230B~M\337\305+\331e\245\001\020\246;D)8\277>"
 163      7E4DDFC5 
 163      2BD965A5 
 163      0110A63B 
 163      442938BF 
 164 01ad A83F2B49 		.ascii	"\250?+I\323\240\024tp\022\010\024C8%>G\207\367LIJ\223"
 164      D3A01474 
 164      70120814 
 164      4338253E 
 164      4787F74C 
 165 01c4 721C52F0 		.ascii	"r\034R\3605\203\000%\020\002G!D\200S\020F\335R \234"
 165      35830025 
 165      10024721 
 165      44805310 
 165      46DD5220 
ARM GAS  C:\cygwin\tmp\ccVAgoYI.s 			page 12


 166 01d9 C0C16F71 		.ascii	"\300\301oq\020C\024\037\310\335\357O\376\306B\354:}"
 166      1043141F 
 166      C8DDEF4F 
 166      FEC642EC 
 166      3A7D
 167 01eb 7448E70A 		.ascii	"tH\347\012Q\226\361\273c4D9\206(SC`D\2371N{\217\221"
 167      5196F1BB 
 167      63344439 
 167      86285343 
 167      60449F31 
 168 0203 7EE9756E 		.ascii	"~\351un )\004\026\244\340\366\316\201\000\320\205y\367"
 168      20290416 
 168      A4E0F6CE 
 168      8100D085 
 168      79F7
 169 0215 50E9C503 		.ascii	"P\351\305\003\247\263g\353\247\3737a\345\241\002\371"
 169      A7B367EB 
 169      A7FB3761 
 169      E5A102F9 
 170 0225 9C51F994 		.ascii	"\234Q\371\2243>\030\245\251\377e\201\201\334gQ\340E"
 170      333E18A5 
 170      A9FF6581 
 170      81DC6751 
 170      E045
 171 0237 FA236700 		.ascii	"\372#g\000/\373LZ\310\276\372\257eu\032\252\245w\216"
 171      2FFB4C5A 
 171      C8BEFAAF 
 171      65751AAA 
 171      A5778E
 172 024a 9CD3922E 		.ascii	"\234\323\222.\016m8\234\331@tH\307\361?'\224\275\243"
 172      0E6D389C 
 172      D9407448 
 172      C7F13F27 
 172      94BDA3
 173 025d A646439E 		.ascii	"\246FC\236p\373\364\213M\345z\322\313\225Gu'\322\264"
 173      70FBF48B 
 173      4DE57AD2 
 173      CB954775 
 173      27D2B4
 174 0270 A49F2B8F 		.ascii	"\244\237+\217K\266\365\030\310+\256\224\3445\036$d\204"
 174      4BB6F518 
 174      C82BAE94 
 174      E4351E24 
 174      6484
 175 0282 2B9555BD 		.ascii	"+\225U\275\3638\235\020\324\276\273\337_\035\300[\306"
 175      F3389D10 
 175      D4BEBBDF 
 175      5F1DC05B 
 175      C6
 176 0293 09A81F1F 		.ascii	"\011\250\037\037\3568\343G\306\030tj\215\364\357\343"
 176      EE38E347 
 176      C618746A 
 176      8DF4EFE3 
 177 02a3 41101A3A 		.ascii	"A\020\032:=\024\257\260\320\375R\272Cr\346\347--8\270"
 177      3D14AFB0 
 177      D0FD52BA 
 177      4372E6E7 
ARM GAS  C:\cygwin\tmp\ccVAgoYI.s 			page 13


 177      2D2D38B8 
 178 02b7 59CA3143 		.ascii	"Y\3121C\025V\343<V\343\032LWi\237\303\033\313\002+\303"
 178      1556E33C 
 178      56E31A4C 
 178      57699FC3 
 178      1BCB022B 
 179 02cc 0CAA87EF 		.ascii	"\014\252\207\357\352\025\364\177<\321F\025\234+\367"
 179      EA15F47F 
 179      3CD14615 
 179      9C2BF7
 180 02db B7047601 		.ascii	"\267\004v\001.!\340\"\363D\341X\003\270\216\345\250"
 180      2E21E022 
 180      F344E158 
 180      03B88EE5 
 180      A8
 181 02ec 8750B88A 		.ascii	"\207P\270\212R\207\362\003\312\015\224+(\265\020\312"
 181      5287F203 
 181      CA0D942B 
 181      28B510CA 
 182 02fc 76048FF7 		.ascii	"v\004\217\367V\215w\3013\336\261I\354\362Z\\\350\313"
 182      568D77C1 
 182      33DEB149 
 182      ECF25A5C 
 182      E8CB
 183 030e 9EE8EF18 		.ascii	"\236\350\357\030:B\005\277Q]W{w\355\006~\255\202k\274"
 183      3A4205BF 
 183      515D577B 
 183      77ED067E 
 183      AD826BBC 
 184 0322 E6CDB0AC 		.ascii	"\346\315\260\254\303\252\007\020+i)F\220\233K\315g\374"
 184      C3AA0710 
 184      2B692946 
 184      909B4BCD 
 184      67FC
 185 0334 EE8C5D52 		.ascii	"\356\214]Ru:a\236\276\367^o\346\012\227\357\341PwE\020"
 185      753A619E 
 185      BEF75E6F 
 185      E60A97EF 
 185      E1507745 
 186 0349 A962C786 		.ascii	"\251b\307\2068x\245\241K\017\323\303\274V\026\032\261"
 186      3878A5A1 
 186      4B0FD3C3 
 186      BC56161A 
 186      B1
 187 035a A0FF4F71 		.ascii	"\240\377Oq9\321\374\026\240D\033\320\360Gu#P\336,\376"
 187      39D1FC16 
 187      A0441BD0 
 187      F0477523 
 187      50DE2CFE 
 188 036e 60C9EE4B 		.ascii	"`\311\356K:\375\026u\1771\244BV\200\233\240\227m\020"
 188      3AFD1675 
 188      7F31A442 
 188      56809BA0 
 188      976D10
 189 0381 5C9155D8 		.ascii	"\\\221U\330\035Hj9\331g\233^\015\211\240\017\363e\013"
 189      1D486A39 
 189      D9679B5E 
ARM GAS  C:\cygwin\tmp\ccVAgoYI.s 			page 14


 189      0D89A00F 
 189      F3650B
 190 0394 4DC85135 		.ascii	"M\310Q5W6f|Z\006\335\230\267q\342\226\312\007q<\304"
 190      5736667C 
 190      5A06DD98 
 190      B771E296 
 190      CA07713C 
 191 03a9 E8931DCD 		.ascii	"\350\223\035\315\300\273]\217j\332\271\346\334 \271"
 191      C0BB5D8F 
 191      6ADAB9E6 
 191      DC20B9
 192 03b8 DB19DDED 		.ascii	"\333\031\335\355-\035\006\322$N8\023#'\237\211\221\374"
 192      2D1D06D2 
 192      244E3813 
 192      23279F89 
 192      91FC
 193 03ca 4CEC69F8 		.ascii	"L\354i\370\021\203\264q\302\205\235G\2075>\017\223\373"
 193      1183B471 
 193      C2859D47 
 193      87353E0F 
 193      93FB
 194 03dc C83652DE 		.ascii	"\3106R\336\275-8\330\354:L\312v.\270@\317\2666\\\315"
 194      BD2D38D8 
 194      EC3A4CCA 
 194      762EB840 
 194      CFB6365C 
 195 03f1 56957224 		.ascii	"V\225r$?J\374\266u9\253\010\340\226\243\373\015=;\357"
 195      3F4AFCB6 
 195      7539AB08 
 195      E096A3FB 
 195      0D3D3BEF 
 196 0405 EE8EC93B 		.ascii	"\356\216\311;\314\366\033\265\270\207\026\035>\332n"
 196      CCF61BB5 
 196      B887161D 
 196      3EDA6E
 197 0414 C23ADF45 		.ascii	"\302:\337E\300\0356\327!/r'Rz\200\013\352Diw\355\030"
 197      C01D36D7 
 197      212F7227 
 197      527A800B 
 197      EA446977 
 198 042a 0C517DAF 		.ascii	"\014Q}\257\226u*=\335\216{\372w\333\241\274\003\312"
 198      96752A3D 
 198      DD8E7BFA 
 198      77DBA1BC 
 198      03CA
 199 043c 6B59AB76 		.ascii	"kY\253vx\266*uTU\033\302[\225\256\307Y\257\256\224N"
 199      78B62A75 
 199      54551BC2 
 199      5B95AEC7 
 199      59AFAE94 
 200 0451 1D291E18 		.ascii	"\035)\036\030$\244\222\260Z\326W\366?5xv\252\222\001"
 200      24A492B0 
 200      5AD657F6 
 200      3F357876 
 200      AA9201
 201 0464 3C42E23F 		.ascii	"<B\342?\227\204\274\205jYgv!\360\241Z\326\016\2453K"
 201      9784BC85 
ARM GAS  C:\cygwin\tmp\ccVAgoYI.s 			page 15


 201      6A596776 
 201      21F0A15A 
 201      D60EA533 
 202 0479 2E5F3EEF 		.ascii	"._>\3577\2413\273&t\346c\3262\024\371\354TE\233\250"
 202      37A133BB 
 202      2674E663 
 202      D63214F9 
 202      EC54459B 
 203 048e 11F918AC 		.ascii	"\021\371\030\254\321\320\261\255\371MO\247\316,`\364"
 203      D1D0B1AD 
 203      F94D4FA7 
 203      CE2C60F4 
 204 049e 1CD22C0D 		.ascii	"\034\322,\015\253\225j\374\004f\342\275\0334\334\303"
 204      AB956AFC 
 204      0466E2BD 
 204      1B34DCC3 
 205 04ae 83E70395 		.ascii	"\203\347\003\225S?\334'\355;)9\307Z\227v\026\341\362"
 205      533FDC27 
 205      ED3B2939 
 205      C75A9776 
 205      16E1F2
 206 04c1 6D94A445 		.ascii	"m\224\244E\014\010GTv\370J\037\207\261\021\004x\012"
 206      0C084754 
 206      76F84A1F 
 206      87B11104 
 206      780A
 207 04d3 1FA2EDE1 		.ascii	"\037\242\355\341BG]\000\351`u\201\343\2473\207\003\031"
 207      42475D00 
 207      E9607581 
 207      E3A73387 
 207      0319
 208 04e5 151A8F53 		.ascii	"\025\032\217S\031joMr\261{\016l\254\335\261\261}\002"
 208      196A6F4D 
 208      72B17B0E 
 208      6CACDDB1 
 208      B17D02
 209 04f8 BDCF3E70 		.ascii	"\275\317>pc\327\313\330\365(\354Z3{o\000gW\375j3\241"
 209      63D7CBD8 
 209      F528EC5A 
 209      337B6F00 
 209      6757FD6A 
 210 050e 0B26D13D 		.ascii	"\013&\321=\2040x\246r{\346\316\355\005\3436\326\376"
 210      843078A6 
 210      727BE6CE 
 210      ED05E336 
 210      D6FE
 211 0520 F0A5489E 		.ascii	"\360\245H\236snG\257\027\277\325\220\021\276\200io\266"
 211      736E47AF 
 211      17BFD590 
 211      11BE8069 
 211      6FB6
 212 0532 966B7D6E 		.ascii	"\226k}n\206\227\276\177Y\353>\347\277\254\375\230_\237"
 212      8697BE7F 
 212      59EB3EE7 
 212      BFACFD98 
 212      5F9F
 213 0544 975FD6A1 		.ascii	"\227_\326\241\316\214\037\010K\267\337U\201\236\262"
ARM GAS  C:\cygwin\tmp\ccVAgoYI.s 			page 16


 213      CE8C1F08 
 213      4BB7DF55 
 213      819EB2
 214 0553 AB4581AE 		.ascii	"\253E\201\256\022\014\360\022\224\356\335W\340\357\263"
 214      120CF012 
 214      94EEDD57 
 214      E0EFB3
 215 0562 04AF5809 		.ascii	"\004\257X\011\006\225\022\344\037-\313\236\342Z {g\251"
 215      069512E4 
 215      1F2DCB9E 
 215      E25A207B 
 215      67A9
 216 0574 2465A1A1 		.ascii	"$e\241\241\206\342\340'\225\306O\3565x\315j\320{\320"
 216      86E2E027 
 216      95C64FEE 
 216      3578CD6A 
 216      D07BD0
 217 0587 B13D88A4 		.ascii	"\261=\210\244i\300\027\273\321\275\203\335\352\232\015"
 217      69C017BB 
 217      D1BD83DD 
 217      EA9A0D
 218 0596 7376792D 		.ascii	"svy-G\236Oa\203tg\214\360\301o\353\213\272\003}R\036"
 218      479E4F61 
 218      8374678C 
 218      F0C16FEB 
 218      8BBA037D 
 219 05ac 6594DF28 		.ascii	"e\224\337(\224\337\344>\271m@\312NV\265\244ME\233\253"
 219      94DFE43E 
 219      B96D40CA 
 219      4E56B5A4 
 219      4D459BAB 
 220 05c0 7380A160 		.ascii	"s\200\241`H%<\304\010\343\313[F\266$\277t\217\037)\344"
 220      48253CC4 
 220      08E3CB5B 
 220      46B624BF 
 220      748F1F29 
 221 05d5 64EF36A7 		.ascii	"d\3576\247\237\225\317\302\000z\372v\346_\230\312\317"
 221      9F95CFC2 
 221      007AFA76 
 221      E65F98CA 
 221      CF
 222 05e6 C27B74FA 		.ascii	"\302{t\372\233\353\003\005:r\210c\307\372\032\306\364"
 222      9BEB0305 
 222      3A728863 
 222      C7FA1AC6 
 222      F4
 223 05f7 1CAB43B5 		.ascii	"\034\253C\265\245d\374\214?\375N\221\224\315\023\354"
 223      A564FC8C 
 223      3FFD4E91 
 223      94CD13EC 
 224 0607 DEFE6922 		.ascii	"\336\376i\"\256\026no\330(\262o\224\246\341\2527zr\202"
 224      AE166E6F 
 224      D828B26F 
 224      94A6E1AA 
 224      377A7282 
 225 061b B9D294A5 		.ascii	"\271\322\224\245u|c\200\260\020@8\360\357;\372\025+"
 225      757C6380 
ARM GAS  C:\cygwin\tmp\ccVAgoYI.s 			page 17


 225      B0104038 
 225      F0EF3BFA 
 225      152B
 226 062d 4086A803 		.ascii	"@\206\250\003\207H\224\017\375\335\022\372\357\373'"
 226      8748940F 
 226      FDDD12FA 
 226      EFFB27
 227 063c 1DC6772D 		.ascii	"\035\306w-{\262v\352\333/\371\317\024`~\010\314\305"
 227      7BB276EA 
 227      DB2FF9CF 
 227      14607E08 
 227      CCC5
 228 064e 5E4A17C3 		.ascii	"^J\027\303\330\224\000\233\305\020\330\304\003\336\351"
 228      D894009B 
 228      C510D8C4 
 228      03DEE9
 229 065d D99901C1 		.ascii	"\331\231\001\3019\262\357E\300|\217c\300w\214_\246\030"
 229      39B2EF45 
 229      C07C8F63 
 229      C0778C5F 
 229      A618
 230 066f ACB0A4E8 		.ascii	"\254\260\244\350\226\253\365\351,\033\352;\347}\276"
 230      96ABF5E9 
 230      2C1BEA3B 
 230      E77DBE
 231 067e 878A0FF6 		.ascii	"\207\212\017\366\033\334}g\375\234\357'\345\343kf\027"
 231      1BDC7D67 
 231      FD9CEF27 
 231      E5E36B66 
 231      17
 232 068f 490DFB68 		.ascii	"I\015\373hc\375\361TZ\265\344X\004[\304`\220DBw\270"
 232      63FDF154 
 232      5AB5E458 
 232      045BC460 
 232      90444277 
 233 06a4 9BE5182E 		.ascii	"\233\345\030.\333j\254\303Vq6\375'\347\334\360\367Z"
 233      DB6AACC3 
 233      567136FD 
 233      27E7DCF0 
 233      F75A
 234 06b6 729A97DF 		.ascii	"r\232\227\337\321\372\256&\310w\275\263\225z\277\343"
 234      D1FAAE26 
 234      C877BDB3 
 234      957ABFE3 
 235 06c6 DF840E29 		.ascii	"\337\204\016)clR\372\352\017\300\277\030\305l\205be"
 235      636C52FA 
 235      EA0FC0BF 
 235      18C56C85 
 235      6265
 236 06d8 F6B12A7F 		.ascii	"\366\261*\177\317\204|\242\033G{\277\344\011U\017/\313"
 236      CF847CA2 
 236      1B477BBF 
 236      E409550F 
 236      2FCB
 237 06ea 3C890BF3 		.ascii	"<\211\013\363\225\234\015\236\011nf\333D\236M\016\313"
 237      959C0D9E 
 237      096E66DB 
ARM GAS  C:\cygwin\tmp\ccVAgoYI.s 			page 18


 237      449E4D0E 
 237      CB
 238 06fb E6FC68DD 		.ascii	"\346\374h\335-2\341\264\245\215\252f\220+\262\323\226"
 238      2D32E1B4 
 238      A58DAA66 
 238      902BB2D3 
 238      96
 239 070c 3E117D60 		.ascii	">\021}`\254\336a 5r\353\265m|'\362\3263\320\377Z\236"
 239      ACDE6120 
 239      3572EBB5 
 239      6D7C27F2 
 239      D633D0FF 
 240 0722 3617C96D 		.ascii	"6\027\311m\332G\247\213\236\235\275(\377S\023\210jV"
 240      DA47A78B 
 240      9E9DBD28 
 240      FF531388 
 240      6A56
 241 0734 5DFDA8D6 		.ascii	"]\375\250\326w\245\012\224J\345\363\305\354\336\223"
 241      77A50A94 
 241      4AE5F3C5 
 241      ECDE93
 242 0743 55ABF1AC 		.ascii	"U\253\361\254\324\016\\\354\355\"\205\357d\271\027("
 242      D40E5CEC 
 242      ED2285EF 
 242      64B91728 
 243 0753 B9A73736 		.ascii	"\271\24776\027\023\317J\371Do\031\332\332\250\223Ku"
 243      1713CF4A 
 243      F9446F19 
 243      DADAA893 
 243      4B75
 244 0765 67392B55 		.ascii	"g9+U\241\\*<:\334\354\362\344R\355\022g\013\272u\346"
 244      A15C2A3C 
 244      3ADCECF2 
 244      E452ED12 
 244      670BBA75 
 245 077a 84288B39 		.ascii	"\204(\2139nq\252M\273\374/\237\316Z\022\021!h\022\315"
 245      6E71AA4D 
 245      BBFC2F9F 
 245      CE5A1211 
 245      216812CD 
 246 078e B62F7526 		.ascii	"\266/u&S\2525\311>\177\236\311\376q\354'1\261\033\276"
 246      53AA35C9 
 246      3E7F9EC9 
 246      FE71EC27 
 246      31B11BBE 
 247 07a2 F8873529 		.ascii	"\370\2075)\306\234\222\370QRr\222\345#\213y\2155\306"
 247      C69C92F8 
 247      51527292 
 247      E5238B79 
 247      8D35C6
 248 07b5 9A149B90 		.ascii	"\232\024\233\220\032g\211I4\307\256\265&YbLq\226xsj"
 248      1A678949 
 248      34C7AEB5 
 248      2659624C 
 248      71967873 
 249 07ca 82DD64DF 		.ascii	"\202\335d\337\260\316"
 249      B0CE
ARM GAS  C:\cygwin\tmp\ccVAgoYI.s 			page 19


 250 07d0 620B5F2B 		.ascii	"b\013_+h\025\027\341\357sa\333`\2131\331\354q\210G;"
 250      681517E1 
 250      EF7361DB 
 250      608B31D9 
 250      EC718847 
 251 07e5 BD35795D 		.ascii	"\2755y]r\212\235\3620\331\027\206\207\033\227\254\265"
 251      728A9DF2 
 251      30D91786 
 251      871B97AC 
 251      B5
 252 07f6 AEB14646 		.ascii	"\256\261FF\033\223m\306\265\346\004#\235\264\031\243"
 252      1B936DC6 
 252      B5E60423 
 252      9DB419A3 
 253 0806 57AF9A3F 		.ascii	"W\257\232?\317\270r\345R\343\362\277\256\210\374{\004"
 253      CFB872E5 
 253      52E3F2BF 
 253      AE88FC7B 
 253      04
 254 0817 9D32613E 		.ascii	"\2352a>\246\204\2048t\342OQ\3268\2628*J\2638:*\212D"
 254      A6848438 
 254      74E24F51 
 254      D638B238 
 254      2A4AB338 
 255 082f 2E8D222B 		.ascii	".\215\"+P\226D\375\011e\245f\345\222?G}2\321ylrbbr\222"
 255      509644FD 
 255      0965A566 
 255      E5923F47 
 255      7D32D179 
 256 0849 D1B2DE6E 		.ascii	"\321\262\336n\\\262*zE4\306\340a\226E\254_o\264\331"
 256      5CB22A7A 
 256      4534C6E0 
 256      619645AC 
 256      5F6FB4D9 
 257 085d 13E7CF8B 		.ascii	"\023\347\317\213\217\230;\177\375\032J\222F5\255\306"
 257      8F983B7F 
 257      FD1A4A92 
 257      4635ADC6 
 258 086d 54975AE2 		.ascii	"T\227Z\342u\234\2615\316d\367O\216\217\267Y\354z\232"
 258      759CB135 
 258      CE64F74F 
 258      8E8FB759 
 258      EC7A9A
 259 0880 BB29DE6C 		.ascii	"\273)\336l\263\377\301d\377\355{\363WR\017\235\234\255"
 259      B3FFC164 
 259      FFED7BF3 
 259      57520F9D 
 259      9CAD
 260 0892 8C51D243 		.ascii	"\214Q\322C\220\337\212H\\\260Y\223\241\266\224X\027"
 260      90DF8A48 
 260      5CB05993 
 260      A1B69458 
 260      17
 261 08a3 2C5608C0 		.ascii	",V\010\300\307\347)V\273\005\301\201\370\036m\261\343"
 261      C7E72956 
 261      BB05C181 
 261      F81E6DB1 
ARM GAS  C:\cygwin\tmp\ccVAgoYI.s 			page 20


 261      E3
 262 08b4 DBAAE438 		.ascii	"\333\252\3448\213\326\232\234\210\017\223\375\227J\301"
 262      8BD69A9C 
 262      880F93FD 
 262      974AC1
 263 08c3 4C48F98B 		.ascii	"LH\371\213\224\344\324ut<\320d\212OM\2125\231\302\027"
 263      94E4D475 
 263      743CD064 
 263      8A4F4D8A 
 263      3599C217 
 264 08d7 FCFEE385 		.ascii	"\374\376\343\205ZE\323\304\2565\247\270\315-\230;o\202"
 264      5A45D3C4 
 264      AE35A7B8 
 264      CD2D983B 
 264      6F82
 265 08e9 B6F0BF6C 		.ascii	"\266\360\277lL6\236"
 265      4C369E
 266              		.text
 267              		.section	.gnu.lto_.symtab.2d26f80e,"",%progbits
 268 0000 70616C52 		.ascii	"palReadBus\000"
 268      65616442 
 268      757300
 269 000b 00       		.ascii	"\000"
 270 000c 00       		.ascii	"\000"
 271 000d 00       		.ascii	"\000"
 272 000e 00000000 		.ascii	"\000\000\000\000\000\000\000\000"
 272      00000000 
 273 0016 E9000000 		.ascii	"\351\000\000\000"
 274 001a 70616C57 		.ascii	"palWriteBus\000"
 274      72697465 
 274      42757300 
 275 0026 00       		.ascii	"\000"
 276 0027 00       		.ascii	"\000"
 277 0028 00       		.ascii	"\000"
 278 0029 00000000 		.ascii	"\000\000\000\000\000\000\000\000"
 278      00000000 
 279 0031 EE000000 		.ascii	"\356\000\000\000"
 280 0035 70616C53 		.ascii	"palSetBusMode\000"
 280      65744275 
 280      734D6F64 
 280      6500
 281 0043 00       		.ascii	"\000"
 282 0044 00       		.ascii	"\000"
 283 0045 00       		.ascii	"\000"
 284 0046 00000000 		.ascii	"\000\000\000\000\000\000\000\000"
 284      00000000 
 285 004e F6000000 		.ascii	"\366\000\000\000"
 286 0052 5F70616C 		.ascii	"_pal_lld_setgroupmode\000"
 286      5F6C6C64 
 286      5F736574 
 286      67726F75 
 286      706D6F64 
 287 0068 00       		.ascii	"\000"
 288 0069 02       		.ascii	"\002"
 289 006a 00       		.ascii	"\000"
 290 006b 00000000 		.ascii	"\000\000\000\000\000\000\000\000"
 290      00000000 
ARM GAS  C:\cygwin\tmp\ccVAgoYI.s 			page 21


 291 0073 FC000000 		.ascii	"\374\000\000\000"
 292              		.text
 293              		.section	.gnu.lto_.opts,"",%progbits
 294 0000 272D666D 		.ascii	"'-fmath-errno' '-fsigned-zeros' '-ftrapping-math' '"
 294      6174682D 
 294      6572726E 
 294      6F272027 
 294      2D667369 
 295 0033 2D666E6F 		.ascii	"-fno-trapv' '-fno-openmp' '-fno-openacc' '-mcpu=cor"
 295      2D747261 
 295      70762720 
 295      272D666E 
 295      6F2D6F70 
 296 0066 7465782D 		.ascii	"tex-m3' '-mno-thumb-interwork' '-mthumb' '-ggdb' '-"
 296      6D332720 
 296      272D6D6E 
 296      6F2D7468 
 296      756D622D 
 297 0099 4F322720 		.ascii	"O2' '-fomit-frame-pointer' '-falign-functions=16' '"
 297      272D666F 
 297      6D69742D 
 297      6672616D 
 297      652D706F 
 298 00cc 2D666675 		.ascii	"-ffunction-sections' '-fdata-sections' '-fno-common"
 298      6E637469 
 298      6F6E2D73 
 298      65637469 
 298      6F6E7327 
 299 00ff 2720272D 		.ascii	"' '-flto'\000"
 299      666C746F 
 299      2700
 300              		.text
 301              		.comm	__gnu_lto_v1,1,1
 302              		.comm	__gnu_lto_slim,1,1
 303              		.ident	"GCC: (GNU Tools for ARM Embedded Processors) 5.4.1 20160919 (release) [ARM/embedded-5-bran
ARM GAS  C:\cygwin\tmp\ccVAgoYI.s 			page 22


DEFINED SYMBOLS
                            *ABS*:00000000 hal_pal.c
                            *COM*:00000001 __gnu_lto_v1
                            *COM*:00000001 __gnu_lto_slim

NO UNDEFINED SYMBOLS
