ARM GAS  C:\cygwin\tmp\ccHJYb51.s 			page 1


   1              		.syntax unified
   2              		.cpu cortex-m3
   3              		.fpu softvfp
   4              		.eabi_attribute 20, 1
   5              		.eabi_attribute 21, 1
   6              		.eabi_attribute 23, 3
   7              		.eabi_attribute 24, 1
   8              		.eabi_attribute 25, 1
   9              		.eabi_attribute 26, 1
  10              		.eabi_attribute 30, 2
  11              		.eabi_attribute 34, 1
  12              		.eabi_attribute 18, 4
  13              		.thumb
  14              		.syntax unified
  15              		.file	"hal_lld.c"
  16              		.text
  17              	.Ltext0:
  18              		.section	.gnu.lto_.profile.2d26e816,"",%progbits
  19 0000 789C6361 		.ascii	"x\234ca`d`a`\000\222n\326\000\0011\000\214"
  19      60646061 
  19      6000926E 
  19      D6000131 
  19      008C
  20              		.text
  21              		.section	.gnu.lto_.icf.2d26e816,"",%progbits
  22 0000 789C6361 		.ascii	"x\234ca`d\000\001a\006\004`f\370{\364\323\015~\306\247"
  22      60640001 
  22      61060460 
  22      66F87BF4 
  22      D30D7EC6 
  23 0015 BFD69F60 		.ascii	"\277\326\237`gj[:\263\230\001\000cz\011N"
  23      676A5B3A 
  23      B3980100 
  23      637A094E 
  24              		.text
  25              		.section	.gnu.lto_.jmpfuncs.2d26e816,"",%progbits
  26 0000 789C6361 		.ascii	"x\234ca`d\000\001N\006\004`\002\021 a\000\001\177\000"
  26      60640001 
  26      4E060460 
  26      02112061 
  26      00017F00 
  27 0014 12       		.ascii	"\022"
  28              		.text
  29              		.section	.gnu.lto_.inline.2d26e816,"",%progbits
  30 0000 789C6361 		.ascii	"x\234ca`d\000\001\003\006\004`b`\020\226fd`\222\333"
  30      60640001 
  30      03060460 
  30      62601096 
  30      66646092 
  31 0015 F08A9181 		.ascii	"\360\212\221\201m\201<\023H\220\221\013D0\350|e\004"
  31      6D813C13 
  31      4890910B 
  31      4430E87C 
  31      6504
  32 0027 CA04ADB8 		.ascii	"\312\004\255\270!\013\227a\000\000\247\363\006\320"
  32      210B9761 
  32      0000A7F3 
ARM GAS  C:\cygwin\tmp\ccHJYb51.s 			page 2


  32      06D0
  33              		.text
  34              		.section	.gnu.lto_.pureconst.2d26e816,"",%progbits
  35 0000 789C6361 		.ascii	"x\234ca`d`e```b\220b\224\002\000\000\355\000B"
  35      60646065 
  35      60606062 
  35      90629402 
  35      0000ED00 
  36              		.text
  37              		.section	.gnu.lto_hal_lld_init.2d26e816,"",%progbits
  38 0000 789C9D94 		.ascii	"x\234\235\224ML\023A\024\307\347?\333\217-\224H\275"
  38      4D4C1341 
  38      14C7E73F 
  38      DB8F2D94 
  38      48BD
  39 0012 C2C18B07 		.ascii	"\302\301\213\007.]\254\036\275\231x01&\342\335\370q"
  39      2E5DAC1E 
  39      BD997830 
  39      3126E2DD 
  39      F871
  40 0024 80A40946 		.ascii	"\200\244\011F8p\353\324R%\034\214&\312IE/\002\"\255"
  40      3870EBD4 
  40      52251C8C 
  40      26CA4945 
  40      2F0222AD 
  41 0038 F885AD28 		.ascii	"\370\205\255(\245\224R\021!\236<\240\011\361\200\215"
  41      A5945211 
  41      219E3CA0 
  41      09F1808D 
  42 0048 7AA0018D 		.ascii	"z\240\001\2151\201u\336L\355\322\3432\311\276\335\315"
  42      318175DE 
  42      4CEDD2E3 
  42      32C9BEDD 
  42      CD
  43 0059 BEF9FDFF 		.ascii	"\276\371\375\377\357\315\314z\030\030\215\243^\306\216"
  43      EFCDCC7A 
  43      18188DA3 
  43      5EC68E
  44 0068 C87B8BBC 		.ascii	"\310{\213\274`0\360\033\313\214\305M\016\320\2030\301"
  44      6030F01B 
  44      CB8CC54D 
  44      0ED08330 
  44      C1
  45 0079 621C31FC 		.ascii	"b\0341\374\342\333\034\371k\353\031\3366\"\344X\233"
  45      E2DB1CF9 
  45      6BEB19DE 
  45      3622E458 
  45      9B
  46 008a B7DBC568 		.ascii	"\267\333\305h\016I\2031\233+\022\303\010\332\230L\373"
  46      0E498331 
  46      9B2B12C3 
  46      08DA984C 
  46      FB
  47 009b 3AB973BB 		.ascii	":\271s\273\311\327Oi\007\364G\214\302Gr\351\3239a\333"
  47      C9D74F69 
  47      07F4478C 
  47      C24772E9 
ARM GAS  C:\cygwin\tmp\ccHJYb51.s 			page 3


  47      D33961DB 
  48 00af 092136DB 		.ascii	"\011!6\333\307\017\356\347,i\300K\301\244\020\240\320"
  48      C70FEEE7 
  48      2C69C04B 
  48      C1A410A0 
  48      D0
  49 00c0 482148A1 		.ascii	"H!H\241\231B\210\002c\033\022Bv*\234\323\335XG>[)D\010"
  49      99428802 
  49      631B1242 
  49      762A9CD3 
  49      DD58473E 
  50 00d8 9B30C8D9 		.ascii	"\2330\310\331P2\277\342\337\342I\203\203\034\254\246"
  50      5032BFE2 
  50      DFE24983 
  50      831CACA6 
  51 00e8 3FFC30F5 		.ascii	"?\3740\365\253\270? <d\2524\3304\214\273\322\260\201"
  51      ABB83F20 
  51      3C64AA34 
  51      D8348CBB 
  51      D2B081
  52 00fb 4768C518 		.ascii	"Gh\305\030Z\031\245\316^/?l\262&D\177\\4'\015\017\306"
  52      5A19A5CE 
  52      5E2F3F6C 
  52      B226447F 
  52      5C34270D 
  53 0111 318C1D55 		.ascii	"1\214\035U\020\036\303bR\251\227d\\\020&\034B\012\226"
  53      101EC362 
  53      52A99764 
  53      5C10261C 
  53      420A96
  54 0124 4CF8521A 		.ascii	"L\370R\032\0337\310\015`\313\261\017i9\323\015\030\204"
  54      1B37C80D 
  54      60CBB10F 
  54      6939D30D 
  54      1884
  55 0136 7DE26027 		.ascii	"}\342`'\025\266V\263\007\014O52{s\236\353\256x]8~\246"
  55      15B656B3 
  55      070C4F35 
  55      327B739E 
  55      EBAE785D 
  56 014d D0B44078 		.ascii	"\320\264@x\276\267\232_8\204\227\260\366V\340\224\303"
  56      BEB79A5F 
  56      388497B0 
  56      F656E094 
  56      C3
  57 015e 782519FF 		.ascii	"x%\031\377+\372X\254Vd\272\360\223Q,\265\365\262\252"
  57      2BFA58AC 
  57      5664BAF0 
  57      93512CB5 
  57      F5B2AA
  58 0171 A2C41F9F 		.ascii	"\242\304\037\237\246\0044\250\230\375\273\031\324kB"
  58      A60434A8 
  58      98FDBB19 
  58      D46B42
  59 0180 FB1478AD 		.ascii	"\373\024x\255\345\206\340\262\362iG\351\015,\311\327"
  59      E586E0B2 
  59      F26947E9 
ARM GAS  C:\cygwin\tmp\ccHJYb51.s 			page 4


  59      0D2CC9D7 
  60 0190 CBB05035 		.ascii	"\313\260P5\335\350\002\365\326A\315\324\233\016jP\352"
  60      DDE802F5 
  60      D641CDD4 
  60      9B0E6A50 
  60      EA
  61 01a1 F7DC98B7 		.ascii	"\367\334\230\267f:\307\220\333\243\351YG)O\246\203\312"
  61      663AC790 
  61      DBA3E959 
  61      47294FA6 
  61      83CA
  62 01b3 7465BAA5 		.ascii	"te\272\245\376\364\212o\267\014uvm}\254\352\0166\346"
  62      FEF48A6F 
  62      B70C7576 
  62      6D7DACEA 
  62      0E36E6
  63 01c6 E093F30B 		.ascii	"\340\223\363\013\344\257y\367v\364\252\334\007\333\375"
  63      E4AF79F7 
  63      76F4AADC 
  63      07DBFD
  64 01d5 A9807E15 		.ascii	"\251\200~\025kqu\004\357-}.4H{q9_\332\360\241(-\316"
  64      6B717504 
  64      EF2D7D2E 
  64      34487B71 
  64      395FDAF0 
  65 01ed 572D2EAF 		.ascii	"W-.\257\014n\371wY\\P\026\015-\203R\265\037W\227\247"
  65      0C6EF977 
  65      595C5016 
  65      0D2D8352 
  65      B51F5797 
  66 0202 0C2D19D2 		.ascii	"\014-\031\322\252\251\362\314\235\206jK8\336\325\372"
  66      AAA9F2CC 
  66      9D866A4B 
  66      38DED5FA 
  67 0212 5150FD70 		.ascii	"QP\375p\245\270X\247\370\236\372\022be$r\231E\325_\232"
  67      A5B858A7 
  67      F89EFA12 
  67      62652472 
  67      9945D55F 
  68 0227 93C9FC5C 		.ascii	"\223\311\374\\\365\307\266\305\200\342\371m\352!\226"
  68      F5C7B6C5 
  68      80E2F96D 
  68      EA2196
  69 0236 1093BF29 		.ascii	"\020\223\277)\223}\307\225\334\247\023*\225\306\206"
  69      937DC795 
  69      DCA7132A 
  69      95C686
  70 0245 6C9AFC59 		.ascii	"l\232\374Y\311\214H8l\035\353\354:\337u\252\303\352"
  70      C98C4838 
  70      6C1DEBEC 
  70      3ADF75AA 
  70      C3EA
  71 0257 EEB13ACF 		.ascii	"\356\261:\317E\255K\335\227{{\254\2163'\017Gt<~\250"
  71      45AD4BDD 
  71      977B7BAC 
  71      8E33270F 
  71      47743C7E 
ARM GAS  C:\cygwin\tmp\ccHJYb51.s 			page 5


  72 026c AF8FBE9C 		.ascii	"\257\217\276\234\215F/\206/\260\177<\271\276\365"
  72      8D462F86 
  72      2FB07F3C 
  72      B9BEF5
  73              		.text
  74              		.section	.gnu.lto_stm32_clock_init.2d26e816,"",%progbits
  75 0000 789C9D55 		.ascii	"x\234\235U[oTU\024\336k\2379\227\271\234\271\264\241"
  75      5B6F5455 
  75      14DE6B9F 
  75      3997B99C 
  75      B9B4A1
  76 0013 A1491BEA 		.ascii	"\241I\033\352\223\341\245\307\242\177`b\342\233!\021"
  76      93E1A5C7 
  76      A27F6062 
  76      E29B2111 
  77 0023 DF8D9718 		.ascii	"\337\215\227\030H\232`\304\007\3368\2453\225hc\214\261"
  77      489A60C4 
  77      07DE38A5 
  77      33956863 
  77      8CB1
  78 0035 249A083E 		.ascii	"$\232\010>\011\0108m\305K\213\340Ph\247\\\332Z\252r"
  78      0908386D 
  78      C54B8BE0 
  78      5068A75C 
  78      DA5AAA72 
  79 0049 A96029B4 		.ascii	"\251`)\264\022\255\325\301!\265\024\031\367:k\237\331"
  79      12ADD5C1 
  79      21B51419 
  79      F73A6B9F 
  79      D9
  80 005a 9D313133 		.ascii	"\235113s\222Y{f\257=\337\372\366\267\276\275O\200\001"
  80      7392597B 
  80      66AF3DDF 
  80      FAF6B7BE 
  80      BD4F8001 
  81 006e C3A727C8 		.ascii	"\303\247'\310\330Sb\274'>\320\300\200\277;\311X\227"
  81      D85362BC 
  81      273ED0C0 
  81      80BF3BC9 
  81      5897
  82 0080 C541A32F 		.ascii	"\305A\243/\032O\364\346\030sC\201\224\311\334H\202\346"
  82      1A4FF4E6 
  82      18734381 
  82      94C9DC48 
  82      82E6
  83 0092 9301D029 		.ascii	"\223\001\320)\257\3638\345\015/\037\247\371\244\001"
  83      AFF338E5 
  83      0D2F1FA7 
  83      F9A401
  84 00a1 26E54D1E 		.ascii	"&\345M\036\243\274\345\345c4\237\264 H\371 \217R>\344"
  84      A3BCE5E5 
  84      63349FB4 
  84      2048F920 
  84      8F523EE4 
  85 00b5 E5A3349F 		.ascii	"\345\2434\237\014A\230\362anS>\342\345m\232OF\000pt"
  85      0C4198F2 
  85      616E533E 
ARM GAS  C:\cygwin\tmp\ccHJYb51.s 			page 6


  85      E2E56D9A 
  85      4F460070 
  86 00ca 2D607BB8 		.ascii	"-`{\270\226\010\350q\303\214Y\301h(lG`\217\2411zt9\232"
  86      9608E871 
  86      C38C59C1 
  86      68286C47 
  86      608FA131 
  87 00e2 720CCA31 		.ascii	"r\014\3121,\307\373\374\037\016#o.\016\361\315\207\\"
  87      2CC7FBFC 
  87      1F0E236F 
  87      2E0EF1CD 
  87      875C
  88 00f4 F1CC2D0C 		.ascii	"\361\314-\014v\270\207\263\220\026\000ENk\340\020lf"
  88      76B887B3 
  88      90160045 
  88      4E6BE010 
  88      6C66
  89 0106 62D9FCC0 		.ascii	"b\331\374\300\243>\333H\341\2626J\302a0P\305\314sY\267"
  89      A33EDB48 
  89      E1B2364A 
  89      C2613050 
  89      C5CC7359 
  90 011b 58EC76DD 		.ascii	"X\354v\335\265'.=\376\030gi\0154\014:\006\003\203\211"
  90      B5272E3D 
  90      FE186769 
  90      0D340C3A 
  90      06038389 
  91 012f C1C210C6 		.ascii	"\301\302\020\306\020\301`c\210b\210cH`h\300\320\210"
  91      10C16063 
  91      88628863 
  91      486068C0 
  91      D088
  92 0141 61038626 		.ascii	"a\003\206&\014\03314ch\301\320\212a\023\2066\014\214"
  92      0C1B3134 
  92      6368C1D0 
  92      8A611386 
  92      360C8C
  93 0154 FD29A808 		.ascii	"\375)\250\010m\362\234\213A[\204\221\341\201\245A\015"
  93      6DF29C8B 
  93      415B8491 
  93      E181A541 
  93      0D
  94 0165 B9756BB8 		.ascii	"\271uk\270\275\375\351\221)\263\300\323\032\007\334"
  94      BDFDE991 
  94      29B3C0D3 
  94      1A07DC
  95 0174 C66C66E2 		.ascii	"\306lf\3427\213~\272\037\357s\003\270\263\361\267\354"
  95      378B7EBA 
  95      1FEF7303 
  95      B8B3F1B7 
  95      EC
  96 0185 83F091D8 		.ascii	"\203\360\221\330\265\006\237B\013\034\021\225p\351\231"
  96      B5069F42 
  96      0B1C1195 
  96      70E999
  97 0194 77EE7E62 		.ascii	"w\356~b;\307\335T\227\033Ok\0018\012\007\341\221\247"
  97      3BC7DD54 
ARM GAS  C:\cygwin\tmp\ccHJYb51.s 			page 7


  97      971B4F6B 
  97      01380A07 
  97      E191A7
  98 01a7 0A1C0387 		.ascii	"\012\034\003\207-B\367\337\006\325\321\250\324\211s"
  98      2D42F7DF 
  98      06D5D1A8 
  98      D48973
  99 01b6 B91E0F1B 		.ascii	"\271\036\017\033\304s\\\240\0106\373\001\227\324P\345"
  99      C4735CA0 
  99      0836FB01 
  99      97D450E5 
 100 01c6 33552503 		.ascii	"3U%\003\216\300\026\337\362\\c\242\337\336\356\362K"
 100      8EC016DF 
 100      F25C63A2 
 100      DFDEEEF2 
 100      4B
 101 01d7 F7E4EEF4 		.ascii	"\367\344\356\364jP\0011\373\025\346\0001\177\330s\207"
 101      6A500131 
 101      FB15E600 
 101      317FD873 
 101      87
 102 01e8 138A041A 		.ascii	"\023\212\004\032-\256dc\304\235\303\240@\271\005\251"
 102      2DAE6463 
 102      C49DC3A0 
 102      40B905A9 
 103 01f8 EBDDAFCA 		.ascii	"\353\335\257\3125bAfih\325\246\005\014>\3072\014\305"
 103      35624166 
 103      6968D5A6 
 103      050C3EC7 
 103      320CC5
 104 020b 4F30E14F 		.ascii	"O0\341O\310\363\200\257~\376w_}\263\206]\237P\014\277"
 104      C8F380AF 
 104      7EFE775F 
 104      7DB3865D 
 104      9F500CBF 
 105 021f 900CA5B6 		.ascii	"\220\014\245\266\026\001e\316\247s@\345W\001\276\254"
 105      160165CE 
 105      A77340E5 
 105      5701BEAC 
 106 022f 53DCAF54 		.ascii	"S\334\257T\231\257Q\\\013Q\012\375\313\227\265r\240"
 106      99AF515C 
 106      0B510AFD 
 106      CB97B572 
 106      A0
 107 0240 2EB4B9FD 		.ascii	".\264\271\375\377\242\016yXx\000`\030\234\365N\013\010"
 107      FFA20E79 
 107      58780060 
 107      189CF54E 
 107      0B08
 108 0252 854E7A0A 		.ascii	"\205Nz\012\345\271\256\032\267</\205\011W\335\270oT"
 108      E5B9AE1A 
 108      B73C2F85 
 108      0957DDB8 
 108      6F54
 109 0264 8D537EE3 		.ascii	"\215S~\343\226d\343\"\004\264v\367\375kR\230\010\234"
 109      9664E322 
 109      04B476F7 
ARM GAS  C:\cygwin\tmp\ccHJYb51.s 			page 8


 109      FD6B5298 
 109      089C
 110 0276 A6C6CDFA 		.ascii	"\246\306\315\372\215\213\254\353T\\v\312(\235\223\025"
 110      8D8BACEB 
 110      545C76CA 
 110      289D9315 
 111 0286 BF53760D 		.ascii	"\277Sv\015\022~\253$\314\226\237\202(\001\375\262|\254"
 111      127EAB24 
 111      CC969F82 
 111      2801FDB2 
 111      7CAC
 112 0298 D72442AE 		.ascii	"\327$B\256\033\2003u\266jD\3259\213\255\212zr\232J\316"
 112      1B803375 
 112      B66A44D5 
 112      398BAD8A 
 112      7A729A4A 
 113 02ad 15FF1CC4 		.ascii	"\025\377\034\304\253\226\363\234\302\034\255<\007\011"
 113      AB96F39C 
 113      C21CAD3C 
 113      0709
 114 02bb 023A7BE0 		.ascii	"\002:{\340@\212\373\354-\030\2538\011\211u\202\306\244"
 114      408AFBEC 
 114      2D18AB38 
 114      09897582 
 114      C6A4
 115 02cd A05649D0 		.ascii	"\240VI\320\261\031I\251\241\206\215\346T\217\307\313"
 115      B11949A9 
 115      A1868DE6 
 115      548FC7CB 
 116 02dd 056D24A0 		.ascii	"\005m$\240\243\357\245\213%A\013\014\316\327\251\350"
 116      A3EFA58B 
 116      25410B0C 
 116      CED7A9E8 
 117 02ed 0555E822 		.ascii	"\005U\350\"*\332\210(\303\323c\222\363\206\032\240."
 117      2ADA8828 
 117      C3D36392 
 117      F3861AA0 
 117      2E
 118 02fe 292127CA 		.ascii	")!'\31297\021\320\364\302\203\251\240\317Y\3508Y'\347"
 118      393711D0 
 118      F4C283A9 
 118      A0CF59E8 
 118      385927E7 
 119 0312 2955E83B 		.ascii	")U\350;\344\334\344\271 Xr\301@\356/I\177c\325.\230"
 119      E4DCE4B9 
 119      205872C1 
 119      40EE2F49 
 119      7F63D52E 
 120 0327 5698972B 		.ascii	"V\230\227+]\320L@\027\213\275\177\350%\372q\230\251"
 120      5DD04C40 
 120      178BBD7F 
 120      E825FA71 
 120      98A9
 121 0339 B041F33A 		.ascii	"\260A\363:\033D\245\015B\322\006\205\376\311\231:\256"
 121      1B44A50D 
 121      42D20685 
 121      FEC9993A 
ARM GAS  C:\cygwin\tmp\ccHJYb51.s 			page 9


 121      AE
 122 034a 93EF5577 		.ascii	"\223\357Uw~\360\256\223#\247W\367\332t\235\270\343\367"
 122      7EF0AE93 
 122      23A757F7 
 122      DA749DB8 
 122      E3F7
 123 035c 19FC4812 		.ascii	"\031\374H\022\026\372\257\334\366\341K7\216\356\275"
 123      16FAAFDC 
 123      F6E14B37 
 123      8EEEBD
 124 036b DB1E2C8C 		.ascii	"\333\036,\214\276m\321O7K\357\266\276\207w\362\334g"
 124      BE6DD14F 
 124      374BEFB6 
 124      BE8777F2 
 124      DC67
 125 037d D021DE98 		.ascii	"\320!\336\230\006\\\025\024\256H\012k\373\346RV\211"
 125      065C1514 
 125      AE480A6B 
 125      FBE65256 
 125      89
 126 038e C2358F82 		.ascii	"\3025\217\202\367j\277\356Q\350\2338uU#\012\0150K\365"
 126      F76ABFEE 
 126      51E89B38 
 126      7555230A 
 126      0D304BF5 
 127 03a2 87F3377C 		.ascii	"\207\3637|\227\267\324\320\310\237\324\366n\224;\246"
 127      97B7D4D0 
 127      C89FD4F6 
 127      6E943BA6 
 128 03b2 5500796F 		.ascii	"U\000yo\234z\374qS\301\376\214\376h\365\374\021V\376"
 128      9C7AFC71 
 128      53C1FE8C 
 128      FE68F5FC 
 128      1156FE
 129 03c5 B8795B92 		.ascii	"\270y[\222\335T\265?\346\024\346\255\312K\267M\000\375"
 129      DD54B53F 
 129      E614E6AD 
 129      CA4BB74D 
 129      00FD
 130 03d7 E7966D13 		.ascii	"\347\226m\023\020\037\236,\\\220\216\261`\276d\016["
 130      101F9E2C 
 130      5C908EB1 
 130      60BE640E 
 130      5B
 131 03e8 9A2382E6 		.ascii	"\232#\202\346\370\025\366f?\330\212\377\221Y\020\263"
 131      F815F666 
 131      3FD88AFF 
 131      915910B3 
 132 03f8 42EE2DED 		.ascii	"B\356-\355\355\316\323\333w\274\264c\3536g\347.g\373"
 132      EDCED3DB 
 132      77BCB463 
 132      EB3667E7 
 132      2E67FB
 133 040b 8B9DCE6B 		.ascii	"\213\235\316k;_\177c\227\263\355\371g\237\334B\361\231"
 133      3B5F7F63 
 133      97B3EDF9 
 133      679FDC42 
ARM GAS  C:\cygwin\tmp\ccHJYb51.s 			page 10


 133      F199
 134 041d 8EDDBB31 		.ascii	"\216\335\2731\363Bg\347+\355/\263\177\001\344U\"\244"
 134      F34267E7 
 134      2BED2FB3 
 134      7F01E455 
 134      22A4
 135              		.text
 136              		.section	.gnu.lto_.symbol_nodes.2d26e816,"",%progbits
 137 0000 789C6361 		.ascii	"x\234ca`d\360`\000\002\246+\214\365\014\014\023\316"
 137      6064F060 
 137      0002A62B 
 137      8CF50C0C 
 137      13CE
 138 0012 313000A9 		.ascii	"10\000\251]\015\212@\221\253\214\365\214(\"\254\227"
 138      5D0D8A40 
 138      91AB8CF5 
 138      8C2822AC 
 138      97
 139 0023 18191A85 		.ascii	"\030\031\032\205\200\212\031\2571\3263\201\245\030\030"
 139      808A19AF 
 139      31D63381 
 139      A51818
 140 0032 1A1A1418 		.ascii	"\032\032\024\030\030\230\201\260\245\353\215<\003\000"
 140      189881B0 
 140      A5EB8D3C 
 140      0300
 141 0040 87C510CD 		.ascii	"\207\305\020\315"
 142              		.text
 143              		.section	.gnu.lto_.refs.2d26e816,"",%progbits
 144 0000 789C6361 		.ascii	"x\234ca`\004B \000\000\0009\000\007"
 144      60044220 
 144      00000039 
 144      0007
 145              		.text
 146              		.section	.gnu.lto_.decls.2d26e816,"",%progbits
 147 0000 789CA555 		.ascii	"x\234\245UiPSW\024~\367\335(\020\"8\342t\234\2163u\254"
 147      69505357 
 147      147EF7DD 
 147      28102238 
 147      E2749C8E 
 148 0017 8EFC9114 		.ascii	"\216\374\221\024\364O\375U\014\270\214\353\274X\235"
 148      F44FFD55 
 148      0CB88CEB 
 148      BC589D
 149 0026 CE30CD84 		.ascii	"\3160\315\204\020kF\010\216\204\026\377=\205A\245c\011"
 149      106B4608 
 149      8E8416FF 
 149      3D8541A5 
 149      6309
 150 0038 2E58A416 		.ascii	".X\244\026\012\024eQ\020\027DQ\343R\213;\213e\021\201"
 150      0A146551 
 150      10174451 
 150      E3528B3B 
 150      8B651181 
 151 004c 80B2B8A1 		.ascii	"\200\262\270\241 \"\342\326s\357}\311KB\264\235\366"
 151      2022E2D6 
 151      73EF7DC9 
ARM GAS  C:\cygwin\tmp\ccHJYb51.s 			page 11


 151      4B42B49D 
 151      F6
 152 005d 4DCE7BF7 		.ascii	"M\316{\367\274|\367;\347~\367\236\363\024\034\342\310"
 152      BC7CF73B 
 152      E77EF79E 
 152      F3141CE2 
 152      C8
 153 006e 95A7E238 		.ascii	"\225\247\3428_\236\343\3540~\017\027\206\347jN\276\210"
 153      5F9EE3EC 
 153      307E0F17 
 153      86E76A4E 
 153      BE88
 154 0080 7F08AC0C 		.ascii	"\177\010\254\014\354\010\030\231U\315\271_\344\177?"
 154      EC081899 
 154      55CDB95F 
 154      E47F3F
 155 008f 69DE2CB0 		.ascii	"i\336,\2606\260\273`\347\300z\300\272\301z\301J\301"
 155      36B0BB60 
 155      E7C07AC0 
 155      BAC17AC1 
 155      4AC1
 156 00a1 1460B7C0 		.ascii	"\024`\267\300\032\300j\301\272\\b<\220bx^$\266\317\007"
 156      1AC06AC1 
 156      BA5C623C 
 156      9062785E 
 156      24B6CF07 
 157 00b5 F8794808 		.ascii	"\370yH\010!\306\321\014V\0076,\345Y\346\205\353-\217"
 157      21C6D10C 
 157      5607362C 
 157      E559E685 
 157      EB2D8F
 158 00c8 CE34BCBE 		.ascii	"\3164\274\276\251hE-\010\226\215&\322\267\010\261;\242"
 158      A968452D 
 158      08968D26 
 158      D2B708B1 
 158      3BA2
 159 00da C631A32E 		.ascii	"\3061\243.\014xz\347\344W\310\001\224|\3361\344\234"
 159      0C787AE7 
 159      E457C801 
 159      947CDE31 
 159      E49C
 160 00ec 64F427CD 		.ascii	"d\364'\315\247\272\322\213\222\310\354H\232\304|i2\207"
 160      A7BAD28B 
 160      92C8EC48 
 160      9AC47C69 
 160      3287
 161 00fe 249F9703 		.ascii	"$\237\227\003 \346:&\270\360\261t%:9g\347\232\220c\321"
 161      20E63A26 
 161      B8F0B174 
 161      253A3967 
 161      E79A9063 
 162 0113 59BFA697 		.ascii	"Y\277\246\227c\014j\301\270\343\325\301\005!\245\"\\"
 162      630C6AC1 
 162      B8E3D5C1 
 162      0521A522 
 162      5C
 163 0124 5651E43F 		.ascii	"VQ\344?\223\225\251K)\377\005\017\361h\222\022)\300"
ARM GAS  C:\cygwin\tmp\ccHJYb51.s 			page 12


 163      9395A94B 
 163      29FF050F 
 163      F1689212 
 163      29C0
 164 0136 1DB8B1EF 		.ascii	"\035\270\261\357^\000\270\223\225h\032\270o\257d\357"
 164      5E00B893 
 164      95681AB8 
 164      6FAF64EF 
 165 0146 E3A764D2 		.ascii	"\343\247d\322y\311\3424\005Z\375\011*ASQ1\232\012\201"
 165      79C9E234 
 165      055AFD09 
 165      2A415351 
 165      319A0A81 
 166 015a 4AD114B8 		.ascii	"J\321\024\270G+\030S_[}\341\204\351\271bn\271h\037\030"
 166      472B1853 
 166      5F5B7DE1 
 166      84E9B962 
 166      6EB9681F 
 167 016f 09CC4C16 		.ascii	"\011\314L\026k`\3324\202B\007\021FE(\204d\007C\3628"
 167      6B60DA34 
 167      82420711 
 167      46452884 
 167      640743F2 
 168 0184 805A21ED 		.ascii	"\200Z!\355Ch:\314\024\373N\337\015\304Kh\242\342\226"
 168      43683ACC 
 168      14FB4EDF 
 168      0DC44B68 
 168      A2E296
 169 0197 82211563 		.ascii	"\202!\025c\261e^S\211\326\315\242\370\025\3458,s\034"
 169      B1655E53 
 169      89D6CDA2 
 169      F815E538 
 169      2C731C
 170 01aa 76E528A3 		.ascii	"v\345(\243\034Wz/\264c\034E9\216\337|\361\022\003\207"
 170      1C577A2F 
 170      B4631C45 
 170      398EDF7C 
 170      F1120387 
 171 01be 5D14ED59 		.ascii	"]\024\355Y[Wo\315O\265Y\021M\027\225\313$\345\224\004"
 171      5B576FCD 
 171      4FB55911 
 171      4D1795CB 
 171      24E59404 
 172 01d2 06472841 		.ascii	"\006G(A[MQ\011\021b\226\022\021\235\003\341U\331\343"
 172      5B4D5109 
 172      11629612 
 172      119D03E1 
 172      55D9E3
 173 01e5 AA5713D8 		.ascii	"\252W\023\330+B[\237>X\340\203\263\020q\370\313;\216"
 173      2B425B9F 
 173      3E58E083 
 173      B31071F8 
 173      CB3B8E
 174 01f8 56F8A360 		.ascii	"V\370\243`e!\321\306\236u-\"c+\010\213N %:&\307\230"
 174      6521D1C6 
 174      9E752D22 
 174      632B088B 
ARM GAS  C:\cygwin\tmp\ccHJYb51.s 			page 13


 174      4E20253A 
 175 020f A584FB36 		.ascii	"\245\204\3736Q\334B\344\233T\023\3009\325C\307Q0!&@"
 175      51DC42E4 
 175      9B5413C0 
 175      39D543C7 
 175      51302126 
 176 0224 74145E56 		.ascii	"t\024^V\300K\010RT\220\2217\036\267\263 Y\307\212_*"
 176      C04B0852 
 176      54909137 
 176      1EB7B320 
 176      59C78A5F 
 177 0239 9D4172D2 		.ascii	"\235Ar\322\347\302\016NDU\020\243R\216\001!?\030\344"
 177      E7C20E4E 
 177      445510A3 
 177      528E0121 
 177      3F18E4
 178 024c A4F720C3 		.ascii	"\244\367 \303\342\211\343da\204I\274TL\226_^\320\375"
 178      E289E364 
 178      618449BC 
 178      544C965F 
 178      5ED0FD
 179 025f 39CE6487 		.ascii	"9\316d\207\345\352H\332\323\300\231\371bn\036\354d\265"
 179      E5EA48DA 
 179      D3C099F9 
 179      626E1EEC 
 179      64B5
 180 0271 90912C2E 		.ascii	"\220\221,.\242\320\323,\250\313\011 oN\221@\325h\246"
 180      A2D0D32C 
 180      A8CB0920 
 180      6F4E9140 
 180      D568A6
 181 0284 CBE999C4 		.ascii	"\313\351\231\304NO\306\305\027\317\375q!#\255=\260\255"
 181      4E4FC6C5 
 181      17CFFD71 
 181      2123AD3D 
 181      B0AD
 182 0296 162B21CD 		.ascii	"\026+!\315\344\177\235f\177J\267\335\237\321M\001\367"
 182      E47F9D66 
 182      7F4AB7DD 
 182      9FD14D01 
 182      F7
 183 02a7 C6F69D7B 		.ascii	"\306\366\235{x\\\302\350\006j/\246\371\341\243\314\251"
 183      785CC2E8 
 183      066A2FA6 
 183      F9E1A3CC 
 183      A9
 184 02b8 7F767DBF 		.ascii	"\177v}\277\004\234\010n\332\371\226T?|\232\375\367["
 184      049C086E 
 184      DAF99654 
 184      3F7C9AFD 
 184      F75B
 185 02ca 5FD5AE40 		.ascii	"_\325\256@|\2019\373N\017]\035\307\200\276\340V\267"
 185      7C8139FB 
 185      4E0F5D1D 
 185      C780BEE0 
 185      56B7
 186 02dc 1E57E36B 		.ascii	"\036W\343k\354\257\242\252\035\235\343\360m\346\334"
ARM GAS  C:\cygwin\tmp\ccHJYb51.s 			page 14


 186      ECAFA2AA 
 186      1D9DE3F0 
 186      6DE6DC
 187 02eb AB4C1956 		.ascii	"\253L\031V\340f)\363S\366\356\000\334\306\234\354\347"
 187      E06629F3 
 187      53F6EE00 
 187      DCC69CEC 
 187      E7
 188 02fc 6D0FFC18 		.ascii	"m\017\374\030C0\270\351\2659\255\276\254^l<\370{\253"
 188      4330B8E9 
 188      B539ADBE 
 188      AC5E6C3C 
 188      F87BAB
 189 030f BA9E0560 		.ascii	"\272\236\005`;\305\252v\226\346?\301h\006\273\202\301"
 189      3BC5AA76 
 189      96E63FC1 
 189      6806BB82 
 189      C1
 190 0320 82F2C494 		.ascii	"\202\362\304\224d8-{\027\356\375=U\264\352\3219P\365"
 190      64382D7B 
 190      17EEFD3D 
 190      55B4EAD1 
 190      3950F5
 191 0333 0668D882 		.ascii	"\006h\330\202\202d5\316PiK\310\235\243\023l;\333U\016"
 191      826435CE 
 191      50694BC8 
 191      9DA3136C 
 191      3BDB550E 
 192 0347 F41F9EE8 		.ascii	"\364\037\236\350\213\024\035*\203\177\226\301\347=\301"
 192      8B141D2A 
 192      837F96C1 
 192      E73DC1
 193 0356 B631D46F 		.ascii	"\2661\324oZ\235\350+\236h\265'x\267L}\311{\036\256h"
 193      5A9DE82B 
 193      9E68B527 
 193      78B74C7D 
 193      C97B1EAE 
 194 036b AB8CFED3 		.ascii	"\253\214\376\323\023}y\014:SF_\360\2366]#-\005\333K"
 194      137D790C 
 194      3A53465F 
 194      F09E365D 
 194      232D05DB 
 195 0380 C85AF425 		.ascii	"\310Z\364% N*\003\316I\224\335>9K\264\245`Ju\326\273"
 195      204E2A03 
 195      CE4994DD 
 195      3E394BB4 
 195      A5604A75 
 196 0396 B82E72BD 		.ascii	"\270.r\275\223\005\250\361\236\245\013xT\006_\365\252"
 196      9305A8F1 
 196      9EA50B78 
 196      54065FF5 
 196      AA
 197 03a7 16C56648 		.ascii	"\026\305fH}VD\026\016]\207\377\257Q\036\202&\345\363"
 197      7D564416 
 197      0E5D87FF 
 197      AF511E82 
 197      26E5F3
ARM GAS  C:\cygwin\tmp\ccHJYb51.s 			page 15


 198 03ba 179CF666 		.ascii	"\027\234\366f4\003\325\2015\2015\200\335\002\253\007"
 198      3403D581 
 198      35813580 
 198      DD02AB07 
 199 03ca BB0D560B 		.ascii	"\273\015V\013\326\010v\023\315pt\351\027\245\245m\376"
 199      D6087613 
 199      CD7074E9 
 199      17A5A56D 
 199      FE
 200 03db 3807D3AE 		.ascii	"8\007\323\256\220\275\255\327\212Qp\020\223\342h;\""
 200      90BDADD7 
 200      8A517010 
 200      93E2683B 
 200      22
 201 03ec 52DC05F2 		.ascii	"R\334\005\362;rS \312| \021h\232\301\377'\227\266\355"
 201      3B725320 
 201      CA7C2011 
 201      689AC1FF 
 201      2797B6ED 
 202 0400 83B9E354 		.ascii	"\203\271\343Tir\277\241\261\345\236\320\206T\264\255"
 202      6972BFA1 
 202      B1E59ED0 
 202      8654B4AD 
 203 0410 C213D095 		.ascii	"\302\023\320\225\375%\225\023\244\002\201\331\212\237"
 203      FD259513 
 203      A40281D9 
 203      8A9F
 204 041e 8AF2FB79 		.ascii	"\212\362\373y\024\004\325\300\222\263\261\344\332a:"
 204      1404D5C0 
 204      92B3B1E4 
 204      DA613A
 205 042d 53BB43CA 		.ascii	"S\273C\312\314\016\231uA\344N)2[m\003\333\370\016o\033"
 205      CC0E9975 
 205      41E44E29 
 205      325B6D03 
 205      DBF80E6F 
 206 0442 DFD2EAB2 		.ascii	"\337\322\352\262\361\244\252:>z\230\033\335\367r,\230"
 206      F1A4AA3A 
 206      3E7A981B 
 206      DDF7722C 
 206      98
 207 0453 EE25691A 		.ascii	"\356%i\032\025\227\316\371\340\022&\376\251\212\247"
 207      1597CEF9 
 207      E01226FE 
 207      A98AA7
 208 0462 47FC9CE2 		.ascii	"G\374\234\342\267\266R\361\273a\356=Y\374\016\027\361"
 208      B7B652F1 
 208      BB61EE3D 
 208      59FC0E17 
 208      F1
 209 0473 3DD687EE 		.ascii	"=\326\207\356\303\262>\264D\210\265#?o\227\312M\334"
 209      C3B23EB4 
 209      4488B523 
 209      3F6F97CA 
 209      4DDC
 210 0485 6E37717B 		.ascii	"n7q{$q{\250\270\257\273\313z\335\321\344\033'\243{\221"
 210      24717BA8 
ARM GAS  C:\cygwin\tmp\ccHJYb51.s 			page 16


 210      B8AFBBCB 
 210      7ADDD1E4 
 210      1B27A37B 
 211 049a CA91532F 		.ascii	"\312\221S/\235\260\2779\357,\217+\351RPZj\2725\000>"
 211      9DB0BF39 
 211      EF2C8F2B 
 211      E952505A 
 211      6ABA3500 
 212 04af 9336F2C1 		.ascii	"\2236\362\301>\271>\203~\260\255\354\203\335'\257\246"
 212      3EB93E83 
 212      7EB0ADEC 
 212      83DD27AF 
 212      A6
 213 04c0 CFF563FB 		.ascii	"\317\365c\373\200~+{\012\252n\362\270\236\321\364_\330"
 213      807E2B7B 
 213      0AAA6EF2 
 213      B89ED1F4 
 213      5FD8
 214 04d2 69C28D6C 		.ascii	"i\302\215l|\247\242\263s<\356`\316\340\276\313\217\224"
 214      7CA7A2B3 
 214      733CEE60 
 214      CEE0BECB 
 214      8F94
 215 04e4 B88B39D9 		.ascii	"\270\2139\331\207\213S0\356f\316\335\352\315\227\002"
 215      878B5330 
 215      EE66CEDD 
 215      EACD9702 
 216 04f4 F013E674 		.ascii	"\360\023\346t\346l\271?\016\0172g\244\272.\217g\355"
 216      E66CB93F 
 216      0E0F3267 
 216      A4BA2E8F 
 216      67ED
 217 0506 7506B8C5 		.ascii	"u\006\270\305\266\037k0;=\271\244\275\026\336z\265\033"
 217      B61F6B30 
 217      3B3DB9A4 
 217      BD16DE7A 
 217      B51B
 218 0518 E1618AF5 		.ascii	"\341a\212\365\357\251o\276=^j\257A\244\301J\335\265"
 218      EFA96FBE 
 218      3D5E6AAF 
 218      41A4C14A 
 218      DDB5
 219 052a E9DB3D72 		.ascii	"\351\333=rw}\002\013\031\375x\347\331\335\344<\010\317"
 219      777D020B 
 219      19FD78E7 
 219      D9DDE43C 
 219      08CF
 220 053c 3DD163DA 		.ascii	"=\321c\332\305P\243\023\374\314\023\254\366l-2\366\261"
 220      C550A313 
 220      FCCC13AC 
 220      F66C2D32 
 220      F6B1
 221 054e 27766CBB 		.ascii	"'vl\273\034\221\321\375\336\223v\241\266\3129?\362\004"
 221      1C91D1FD 
 221      DE9376A1 
 221      B6CA393F 
 221      F204
ARM GAS  C:\cygwin\tmp\ccHJYb51.s 			page 17


 222 0560 BB744BB7 		.ascii	"\273tK\267\0060\010\200\001\372\337\250t\000\337\302"
 222      06300880 
 222      01FADFA8 
 222      7400DFC2 
 223 0570 011C8603 		.ascii	"\001\034\206\003\370\032l\004l\010\354\035\330K\260"
 223      F81A6C04 
 223      6C08EC1D 
 223      D84BB0
 224 057f 57606FC0 		.ascii	"W`o\300^H\207\223\305\035\226\223|\352u\371n\237-9\311"
 224      5E488793 
 224      C51D9693 
 224      7CEA75F9 
 224      6E9F2D39 
 225 0594 87DE9364 		.ascii	"\207\336\223dhVK\003\215\264\264G\275\225\366\333F\227"
 225      68564B03 
 225      8DB4B447 
 225      BD95F6DB 
 225      4697
 226 05a6 D2BEEA5D 		.ascii	"\322\276\352]KG\271\246\266\210\315\376\3705+\327{u"
 226      4B47B9A6 
 226      B688CDFE 
 226      F8352BD7 
 226      7B75
 227 05b8 0F73029D 		.ascii	"\017s\002\235\345\272\267\211\226\353f>\010\275\227"
 227      E5BAB789 
 227      96EB663E 
 227      08BD97
 228 05c7 0FF8E8D8 		.ascii	"\017\370\350\330^\351\220\012\211|\360\177R\013\362"
 228      5EE9900A 
 228      897CF07F 
 228      520BF2
 229 05d6 38B9EB7E 		.ascii	"8\271\353~\227\302\2558I\\\2718\267\360\254\224\311"
 229      97C2AD38 
 229      495CB938 
 229      B7F0AC94 
 229      C9
 230 05e7 53B54E1F 		.ascii	"S\265N\037\253\213\215\215\321\231\314&\213\357\302"
 230      AB8B8D8D 
 230      D199CC26 
 230      8BEFC2
 231 05f6 E55F4FD3 		.ascii	"\345_O\323\204\206ra!!j\315:S\264i\205V\035\237\240"
 231      84867261 
 231      21216ACD 
 231      3A53B469 
 231      85561D9F 
 232 060b 068C7A43 		.ascii	"\006\214zC\374FK\202Z\273j\331\2340v_\020\232\224\244"
 232      FC464B82 
 232      5ABB6AD9 
 232      9C30765F 
 232      109A94A4 
 233 061f 96668718 		.ascii	"\226f\207\030\270\211\011\226\2709a:Cl\274a=%\363\211"
 233      B8890996 
 233      B839613A 
 233      436CBC61 
 233      3D25F389 
 234 0633 89D32F86 		.ascii	"\211\323/\206\347\334\217s-]\032\241\216X\026\376}\250"
 234      E7DC8F73 
ARM GAS  C:\cygwin\tmp\ccHJYb51.s 			page 18


 234      2D5D1AA1 
 234      8E5816FE 
 234      7DA8
 235 0645 9A11C0AC 		.ascii	"\232\021\300\254\220u\234R\247K4\231-\340[\2764\314"
 235      90759C52 
 235      A74B3499 
 235      2DE05BBE 
 235      34CC
 236 0657 8B326CFA 		.ascii	"\2132l\372\356\007\2239J\2771n\2669\336l\234m\324G\233"
 236      EE079339 
 236      4ABF316E 
 236      B639DE6C 
 236      9C6DD447 
 237 066c A24C6643 		.ascii	"\242LfClb\2141*NoXg2\033\243t1\306\265\372\304X\213"
 237      6C628C31 
 237      2A4E6F58 
 237      67321BA3 
 237      7431C6B5 
 238 0684 CEB26983 		.ascii	"\316\262i\2031\001H|\035\024!\377D\221\260)!J\227`\211"
 238      3101487C 
 238      1D1421FF 
 238      4491B029 
 238      214A9760 
 239 0699 013CCC0B 		.ascii	"\001<\314\013\324nJ\260\030\3434\361\033\215\032\262"
 239      D46E4AB0 
 239      18E334F1 
 239      1B8D1AB2 
 240 06a9 1CC5FC08 		.ascii	"\034\305\374\010\215\340\023\276r~h\344r\372\014\203"
 240      8DE013BE 
 240      727E68E4 
 240      72FA0C83 
 241 06b9 E7F8F045 		.ascii	"\347\370\360E\363\341\341K^\013\332Ut\020F\006X\263"
 241      F3E1E14B 
 241      5E0BDA55 
 241      74104606 
 241      58B3
 242 06cb 58506816 		.ascii	"XPh\026,\024x\015\214\265\302<\367\365\033\342\343\342"
 242      2C14780D 
 242      8CB5C23C 
 242      F7F51BE2 
 242      E3E2
 243 06dd E2CD6A63 		.ascii	"\342\315jc\222E\255Y\246]\254\005\031\\\364\244\032"
 243      9245AD59 
 243      A65DAC05 
 243      195CF4A4 
 243      1A
 244 06ee AC0DFD62 		.ascii	"\254\015\375bNR4$\342/h4\272U\260\232\010\343Z\377\225"
 244      4E523424 
 244      E22F6834 
 244      BA55B09A 
 244      08E35AFF 
 245 0703 6B04C7F8 		.ascii	"k\004\307\370S\307\246E\353\015\353\0237\350b\342\343"
 245      53C7A645 
 245      EB0DEB13 
 245      37E862E2 
 245      E3
 246 0714 F4263355 		.ascii	"\364&3U\035\257\230/\370\012\221\332Haud\004\037.\360"
ARM GAS  C:\cygwin\tmp\ccHJYb51.s 			page 19


 246      1DAF982F 
 246      F80A91DA 
 246      48617564 
 246      041F2EF0 
 247 0728 5AC167C5 		.ascii	"Z\301g\305\312UK\"\277\021\024\344\206\3035\202b\215"
 247      CA554B22 
 247      BF1114E4 
 247      86C33582 
 247      628D
 248 073a B05298B0 		.ascii	"\260R\230\260`i\270v\221\203\361o\333\324R="
 248      6069B876 
 248      9183F16F 
 248      DBD4523D 
 249              		.text
 250              		.section	.gnu.lto_.symtab.2d26e816,"",%progbits
 251 0000 68616C5F 		.ascii	"hal_lld_init\000"
 251      6C6C645F 
 251      696E6974 
 251      00
 252 000d 00       		.ascii	"\000"
 253 000e 00       		.ascii	"\000"
 254 000f 00       		.ascii	"\000"
 255 0010 00000000 		.ascii	"\000\000\000\000\000\000\000\000"
 255      00000000 
 256 0018 AD000000 		.ascii	"\255\000\000\000"
 257 001c 73746D33 		.ascii	"stm32_clock_init\000"
 257      325F636C 
 257      6F636B5F 
 257      696E6974 
 257      00
 258 002d 00       		.ascii	"\000"
 259 002e 00       		.ascii	"\000"
 260 002f 00       		.ascii	"\000"
 261 0030 00000000 		.ascii	"\000\000\000\000\000\000\000\000"
 261      00000000 
 262 0038 AF000000 		.ascii	"\257\000\000\000"
 263 003c 53797374 		.ascii	"SystemCoreClock\000"
 263      656D436F 
 263      7265436C 
 263      6F636B00 
 264 004c 00       		.ascii	"\000"
 265 004d 00       		.ascii	"\000"
 266 004e 00       		.ascii	"\000"
 267 004f 00000000 		.ascii	"\000\000\000\000\000\000\000\000"
 267      00000000 
 268 0057 BC000000 		.ascii	"\274\000\000\000"
 269 005b 646D6149 		.ascii	"dmaInit\000"
 269      6E697400 
 270 0063 00       		.ascii	"\000"
 271 0064 02       		.ascii	"\002"
 272 0065 00       		.ascii	"\000"
 273 0066 00000000 		.ascii	"\000\000\000\000\000\000\000\000"
 273      00000000 
 274 006e B1000000 		.ascii	"\261\000\000\000"
 275              		.text
 276              		.section	.gnu.lto_.opts,"",%progbits
 277 0000 272D666D 		.ascii	"'-fmath-errno' '-fsigned-zeros' '-ftrapping-math' '"
ARM GAS  C:\cygwin\tmp\ccHJYb51.s 			page 20


 277      6174682D 
 277      6572726E 
 277      6F272027 
 277      2D667369 
 278 0033 2D666E6F 		.ascii	"-fno-trapv' '-fno-openmp' '-fno-openacc' '-mcpu=cor"
 278      2D747261 
 278      70762720 
 278      272D666E 
 278      6F2D6F70 
 279 0066 7465782D 		.ascii	"tex-m3' '-mno-thumb-interwork' '-mthumb' '-ggdb' '-"
 279      6D332720 
 279      272D6D6E 
 279      6F2D7468 
 279      756D622D 
 280 0099 4F322720 		.ascii	"O2' '-fomit-frame-pointer' '-falign-functions=16' '"
 280      272D666F 
 280      6D69742D 
 280      6672616D 
 280      652D706F 
 281 00cc 2D666675 		.ascii	"-ffunction-sections' '-fdata-sections' '-fno-common"
 281      6E637469 
 281      6F6E2D73 
 281      65637469 
 281      6F6E7327 
 282 00ff 2720272D 		.ascii	"' '-flto'\000"
 282      666C746F 
 282      2700
 283              		.text
 284              		.comm	__gnu_lto_v1,1,1
 285              		.comm	__gnu_lto_slim,1,1
 286              		.ident	"GCC: (GNU Tools for ARM Embedded Processors) 5.4.1 20160919 (release) [ARM/embedded-5-bran
ARM GAS  C:\cygwin\tmp\ccHJYb51.s 			page 21


DEFINED SYMBOLS
                            *ABS*:00000000 hal_lld.c
                            *COM*:00000001 __gnu_lto_v1
                            *COM*:00000001 __gnu_lto_slim

NO UNDEFINED SYMBOLS
