ARM GAS  C:\cygwin\tmp\ccI2cloI.s 			page 1


   1              		.syntax unified
   2              		.cpu cortex-m3
   3              		.fpu softvfp
   4              		.eabi_attribute 20, 1
   5              		.eabi_attribute 21, 1
   6              		.eabi_attribute 23, 3
   7              		.eabi_attribute 24, 1
   8              		.eabi_attribute 25, 1
   9              		.eabi_attribute 26, 1
  10              		.eabi_attribute 30, 2
  11              		.eabi_attribute 34, 1
  12              		.eabi_attribute 18, 4
  13              		.thumb
  14              		.syntax unified
  15              		.file	"hal_st.c"
  16              		.text
  17              	.Ltext0:
  18              		.section	.gnu.lto_.profile.2d26fbfa,"",%progbits
  19 0000 789C6361 		.ascii	"x\234ca`d`a`\000\222R<\000\000\252\0001"
  19      60646061 
  19      60009252 
  19      3C0000AA 
  19      0031
  20              		.text
  21              		.section	.gnu.lto_.icf.2d26fbfa,"",%progbits
  22 0000 789C6361 		.ascii	"x\234ca`d\000\001\005\006\004`e\230?\363\3201.\306\263"
  22      60640001 
  22      05060460 
  22      65983FF3 
  22      D0312EC6 
  23 0015 6B1B8EB2 		.ascii	"k\033\216\2622\335\357<=\205\231y\312\347\207\253XY"
  23      32DDEF3C 
  23      3D859979 
  23      CAE787AB 
  23      5859
  24 0027 66DF6DFA 		.ascii	"f\337m\372\313\312\000\000\360\323\016\240"
  24      CBCA0000 
  24      F0D30EA0 
  25              		.text
  26              		.section	.gnu.lto_.jmpfuncs.2d26fbfa,"",%progbits
  27 0000 789C6361 		.ascii	"x\234ca`d\000\0011\006\004`\005\021\214@P\317\304\300"
  27      60640001 
  27      31060460 
  27      05118C40 
  27      50CFC4C0 
  28 0014 C00CA259 		.ascii	"\300\014\242Y\200\002\000\015\330\001/"
  28      8002000D 
  28      D8012F
  29              		.text
  30              		.section	.gnu.lto_.inline.2d26fbfa,"",%progbits
  31 0000 789C6361 		.ascii	"x\234ca`d\000\201|\006\004`e``\341ad`\0022\331\026\310"
  31      60640081 
  31      7C060460 
  31      656060E1 
  31      61646002 
  32 0018 83280646 		.ascii	"\203(\006F.\020\301\300\306\312\310\310 \000\324\301"
  32      2E10C1C0 
ARM GAS  C:\cygwin\tmp\ccI2cloI.s 			page 2


  32      C6CAC8C8 
  32      2000D4C1 
  33 0028 C4F6410F 		.ascii	"\304\366A\017.\311\304\300\302\014T\316t\201\037.\304"
  33      2EC9C4C0 
  33      C20C54CE 
  33      74811F2E 
  33      C4
  34 0039 0C12822A 		.ascii	"\014\022\202*E\026g\301T\312\000\000\311U\010\234"
  34      451667C1 
  34      54CA0000 
  34      C955089C 
  35              		.text
  36              		.section	.gnu.lto_.pureconst.2d26fbfa,"",%progbits
  37 0000 789C6361 		.ascii	"x\234ca`d\340f```e\220`\224b\222b\226b\221\002\000\003"
  37      6064E066 
  37      60606065 
  37      90609462 
  37      92629662 
  38 0018 EC00A0   		.ascii	"\354\000\240"
  39              		.text
  40              		.section	.gnu.lto_stInit.2d26fbfa,"",%progbits
  41 0000 789C6361 		.ascii	"x\234ca`d\000\201\225@\254\010\304\322@\314\310\314"
  41      60640081 
  41      9540AC08 
  41      C4D240CC 
  41      C8CC
  42 0012 C0C834E1 		.ascii	"\300\3104\341\034\003C#\007\023##\210\321\300\301\310"
  42      1C034323 
  42      07132323 
  42      88D1C0C1 
  42      C8
  43 0023 50CFC458 		.ascii	"P\317\304X\317\370\225\351/\023\343\241\366g;\2314\227"
  43      CFF895E9 
  43      2F13E3A1 
  43      F6673B99 
  43      3497
  44 0035 3700C183 		.ascii	"7\000\301\203\326\371\314\015+\0160\266230\374g\002"
  44      D6F9CC0D 
  44      2B0E30B6 
  44      323330FC 
  44      6702
  45 0047 9BC4C0B8 		.ascii	"\233\304\300\270\234Q\223\001\250\354\321\306\177Sy"
  45      9C519301 
  45      A8ECD1C6 
  45      7F5379
  46 0056 D95A40CA 		.ascii	"\331Z@\312\024 \222\214+\030\331@\326\255\017:\320\360"
  46      1420928C 
  46      2B18D940 
  46      D6AD0F3A 
  46      D0F0
  47 0068 FF7F7343 		.ascii	"\377\177sC\303u\203\377L@\235\037\200\222 k>21\201h"
  47      C37583FF 
  47      4C409D1F 
  47      8092206B 
  47      3E323181 
  48 007d E6178CCD 		.ascii	"\346\027\214\315\007\376\362\202T\203\314\331\271\363"
  48      07FEF282 
ARM GAS  C:\cygwin\tmp\ccI2cloI.s 			page 3


  48      5483CCD9 
  48      B9F3
  49 008b CD6DF6FA 		.ascii	"\315m\366\372\277\015\035\015\015\002\255\314\214\377"
  49      BF0D1D0D 
  49      0D02ADCC 
  49      8CFF
  50 0099 99804630 		.ascii	"\231\200F0\256d\254ghefbx\305\330t\340?+X)\010|\000"
  50      AE64AC67 
  50      68656662 
  50      78C5D874 
  50      E03F2B58 
  51 00b1 4A024D00 		.ascii	"J\002M\000\232'\257\247\247\357\234\221\231\224\351"
  51      9A27AFA7 
  51      A7EF9C91 
  51      9994E9
  52 00c0 1FAC9F5F 		.ascii	"\037\254\237_\254\237\221\230\243_\\\224\014\242\343"
  52      AC9F9198 
  52      A35F5C94 
  52      0CA2E3
  53 00cf 8B4BF492 		.ascii	"\213K\364\222\031\000\306\341HC"
  53      1900C6E1 
  53      4843
  54              		.text
  55              		.section	.gnu.lto_stStartAlarm.2d26fbfa,"",%progbits
  56 0000 789C9D52 		.ascii	"x\234\235RMh\023A\030\2357\263\335\015\021m\216\202"
  56      4D681341 
  56      189D37B3 
  56      DD0D116D 
  56      8E82
  57 0012 014BA594 		.ascii	"\001K\245\224\366\2205\212g\017\212 \264\010\266\027"
  57      F690358A 
  57      670F8A20 
  57      B408B617 
  58 0022 4FB53F42 		.ascii	"O\265?B\002\221J\023\274v\272\351Z*\036\274\030\275"
  58      02914A13 
  58      BC76BAE9 
  58      5A2A1EBC 
  58      18BD
  59 0034 C41C4A68 		.ascii	"\304\034Jh\033M\223\250Uk<,A\361\240V\020\245\007\377"
  59      1B4D93A8 
  59      556B3C2C 
  59      41F1A056 
  59      10A507FF 
  60 0048 4A0F557A 		.ascii	"J\017Uz\2125Z\244\330\365\233M\004\253'\035\330\375"
  60      8A355AA4 
  60      D8F59B4D 
  60      04AB271D 
  60      D8FD
  61 005a E69B79EF 		.ascii	"\346\233y\357{\357\233\031\215\201\251\361\20136Dq\017"
  61      7BEF9B19 
  61      8D81A9F1 
  61      81333644 
  61      710F
  62 006c 7D100CFC 		.ascii	"}\020\014\374\362\"cc>\016\250\211\364\201\215r\214"
  62      F2226363 
  62      3E0EA889 
  62      F4818D72 
ARM GAS  C:\cygwin\tmp\ccI2cloI.s 			page 4


  62      8C
  63 007d E22BFFC1 		.ascii	"\342+\377\301Q\231X]\340\035\323\222\306r\366\343~9"
  63      5199585D 
  63      E01DD392 
  63      C672F6E3 
  63      7E39
  64 008f E3C0168C 		.ascii	"\343\300\026\214\271\334\253\3040\215\016B=v7\234\346"
  64      B9DCABC4 
  64      308D0E42 
  64      3D76379C 
  64      E6
  65 00a0 1AB705A0 		.ascii	"\032\267\005\240H/\253\317\322;T\312\021\240t3W|\333"
  65      482FABCF 
  65      D23B54CA 
  65      11A07433 
  65      577CDB
  66 00b3 2C5AC168 		.ascii	",Z\301h\276~\335im\317JiI\271yZ6\331B \007A\3450\213"
  66      BE7EDD69 
  66      6DCF4A69 
  66      49B9795A 
  66      36D94220 
  67 00cc 20661064 		.ascii	" f\020d\264\304p\003\355\012\275R\332\272\262S\037W"
  67      B4C47003 
  67      ED0ABD52 
  67      DABAB253 
  67      1F57
  68 00de EA2D93BF 		.ascii	"\352-\223\277dq\023\272j\244p\322\221\256\233\2242\035"
  68      647113BA 
  68      6AA470D2 
  68      91AE9B94 
  68      321D
  69 00f0 CEED33C8 		.ascii	"\316\3553\310=\2214\242k\214U\011\247z\371\314\271\212"
  69      3D9134A2 
  69      6B8C5509 
  69      A77AF9CC 
  69      B98A
  70 0102 62055640 		.ascii	"b\005V@\325\233t.>\362\213N\317\311\322\233\364U\177"
  70      D59B742E 
  70      3EF28B4E 
  70      CFC9D29B 
  70      F4557F
  71 0115 DB94B2E2 		.ascii	"\333\224\262\342\224/\210k\322\261Z\224\235\374v;^\227"
  71      942F886B 
  71      D2B15A94 
  71      9DFC763B 
  71      5E97
  72 0127 73684B0A 		.ascii	"shK\012\316Va\255O\270\363K\237\260\335\233\363\364"
  72      CE5661AD 
  72      4FB8F34B 
  72      9FB0DD9B 
  72      F3F4
  73 0139 5558613C 		.ascii	"UXa<k.\307\237\326\031\012\320\251L\021zRh\365J\225"
  73      6B2EC79F 
  73      D6190AD0 
  73      A94C117A 
  73      5268F54A 
  74 014e D4F742D9 		.ascii	"\324\367B\331\336\245\326\010\235\262+/\014ubM\036y"
ARM GAS  C:\cygwin\tmp\ccI2cloI.s 			page 5


  74      DEA5D608 
  74      9DB22B2F 
  74      0C75624D 
  74      1E79
  75 0160 31BF51F5 		.ascii	"1\277Q\365\327SU@\243\245\251\271oO|\031\244\307(\017"
  75      D7535540 
  75      A3A5A9B9 
  75      6F4F7C19 
  75      A4C7280F 
  76 0174 D842C72D 		.ascii	"\330B\307-2XR\006i3\367\274\366\3050\363r\234v\017\333"
  76      32585206 
  76      6933F7BC 
  76      F6C530F3 
  76      729C760F 
  77 0189 C2C06D64 		.ascii	"\302\300md\260E\207\340\011\023\300M\225\336\351\341"
  77      B04587E0 
  77      0913C04D 
  77      95DEE9E1 
  78 0199 82073865 		.ascii	"\202\0078e\013\037\356\300Dg\260\001\300<\302dL\271"
  78      0B1FEEC0 
  78      4467B001 
  78      C03CC264 
  78      4CB9
  79 01ab AA15DF5B 		.ascii	"\252\025\337[F\303\324\277H\372p\327\223D\243\342=\230"
  79      46C3D4BF 
  79      48FA70D7 
  79      9344A3E2 
  79      3D98
  80 01bd BFB7456F 		.ascii	"\277\267Eo\012\367\211\251\024\252\377\253\260\340)"
  80      0AF789A9 
  80      14AAFFAB 
  80      B0E029
  81 01cc F086C203 		.ascii	"\360\206\302\003O\341a\346\322\254\277\256\300Q&&]\365"
  81      4FE161E6 
  81      D2ACBFAE 
  81      C0512626 
  81      5DF5
  82 01de 72766DB7 		.ascii	"rvm\267\367H\324\225\2605X\316\353c*\367\356\262J\026"
  82      F748D495 
  82      B03558CE 
  82      EB632AF7 
  82      EEB24A16 
  83 01f2 E949D0D9 		.ascii	"\351I\320\331\354\015\205\314#\221\350@\364D\2179\034"
  83      EC0D85CC 
  83      2391E840 
  83      F4448F39 
  83      1C
  84 0203 3723FD31 		.ascii	"7#\37513>2\250b_<\021\032dF\377@<\021={FS\277C\177\203"
  84      333E32A8 
  84      625F3C11 
  84      1A6446FF 
  84      403C113D 
  85 021e CF0D8F24 		.ascii	"\317\015\217$\342fOo\367\301\003fW\327Q\263\367x\367"
  85      E2664F6F 
  85      F7C10366 
  85      57D751B3 
  85      F778F7
ARM GAS  C:\cygwin\tmp\ccI2cloI.s 			page 6


  86 0231 F97083DE 		.ascii	"\371p\203\336\027\213\015\205\"\354'\246\362\036\035"
  86      178B0D85 
  86      22EC27A6 
  86      F21E1D
  87              		.text
  88              		.section	.gnu.lto_stStopAlarm.2d26fbfa,"",%progbits
  89 0000 789C6550 		.ascii	"x\234eP\261K\202A\034\275w'\372Q\004M-\011\006M.\337"
  89      B14B8241 
  89      1CBD7727 
  89      FA51044D 
  89      2D09064D 
  90 0016 6911B4D7 		.ascii	"i\021\264\327\022(A\012\215R6(\010\206\237\264z\226"
  90      1228410A 
  90      8D523628 
  90      08869FB4 
  90      7A96
  91 0028 1FAD2DB6 		.ascii	"\037\255-\266\205C\204f\251\264\325P\210 \015\221\376"
  91      85438466 
  91      A9B4D550 
  91      88200D91 
  91      FE
  92 0039 0721410E 		.ascii	"\007!A\016\015\245d5\345\327\335gC\321\301\361\356w"
  92      0DA56435 
  92      E5D7DD67 
  92      43D1C1F1 
  92      EE77
  93 004b EFBDDFFB 		.ascii	"\357\275\337\373\3359\010\210Z\213\022\326%N\313\015"
  93      DD390888 
  93      5A8B12D6 
  93      254ECB0D 
  94 005b 46400F5A 		.ascii	"F@\017Z\204d5\012\250\203\320@2\024\031\274\323/\212"
  94      8464350A 
  94      A883D040 
  94      321419BC 
  94      D32F8A
  95 006e C67EF78A 		.ascii	"\306~\367\212z\213B\256\316\323\213O\224\3520\031!\026"
  95      7A8B42AE 
  95      CED38B4F 
  95      94EA3019 
  95      2116
  96 0080 B53B1114 		.ascii	"\265;\021\024\341%R\366x1\314O8sJ63\"Q\202S\305\325"
  96      E12552F6 
  96      7831CC4F 
  96      38734A36 
  96      33225182 
  97 0097 D6EAC2B2 		.ascii	"\326\352\302\262\366\204\350\373nf\245\263'I\025\323"
  97      F684E8FB 
  97      6E66A5B3 
  97      274915D3 
  98 00a7 A75421EB 		.ascii	"\247T!\353\2421\270<i7\307\377v\251\337=\370\355\036"
  98      A231B83C 
  98      6937C7FF 
  98      76A9DF3D 
  98      F8ED1E
  99 00ba 16C5BF00 		.ascii	"\026\305\277\000\234\302)\023\312pJ\346\320l\264]\003"
  99      9CC22913 
  99      CA704AE6 
ARM GAS  C:\cygwin\tmp\ccI2cloI.s 			page 7


  99      D06CB45D 
  99      03
 100 00cb 6A32D8C2 		.ascii	"j2\330\302V\345\26376*\225\330!\257\216\253\037\267"
 100      56E5B337 
 100      362A95D8 
 100      21AF8EAB 
 100      1FB7
 101 00dd 5A014759 		.ascii	"Z\001GYYO\232\214\342\034n\234\301M\224\276|?xs\361"
 101      594F9A8C 
 101      E21C6E9C 
 101      C14D94BE 
 101      7C3F7873 
 102 00f2 8AC86545 		.ascii	"\212\310eE'\177=\3451\031C\005\005\014\345\234v\016"
 102      277F3DE5 
 102      31194305 
 102      050CE59C 
 102      760E
 103 0104 AAE0BF63 		.ascii	"\252\340\277c\030\010j\322\374\214\335N\363US3\332_"
 103      18086AD2 
 103      FC8CDD4E 
 103      F3555333 
 103      DA5F
 104 0116 D19383CA 		.ascii	"\321\223\203\312\007I\233G\327\371R,\276\031_\015\361"
 104      07499B47 
 104      D7F9522C 
 104      BE195F0D 
 104      F1
 105 0127 A4C1631B 		.ascii	"\244\301c\033\011n\244\242\012#FZ\217\222\205\377\374"
 105      096EA4A2 
 105      0A23465A 
 105      8F9285FF 
 105      FC
 106 0138 76329536 		.ascii	"v2\2256x(\034\234\237\343\201\3002\017\257\004w\374"
 106      78281C9C 
 106      9FE381C0 
 106      320FAF04 
 106      77FC
 107 014a 3F8E4822 		.ascii	"?\216H\"\261\245\307\3107P\011\217\250"
 107      B1A5C7C8 
 107      3750098F 
 107      A8
 108              		.text
 109              		.section	.gnu.lto_stSetAlarm.2d26fbfa,"",%progbits
 110 0000 789C6550 		.ascii	"x\234eP=hSQ\024>\337\275\311K\210h3\012\006,\225R\332"
 110      3D685351 
 110      143EDFBD 
 110      C94B8868 
 110      330A062C 
 111 0017 21CF28CE 		.ascii	"!\317(\316\016\012\"\264\010\266\213S\355\217\220@\244"
 111      0E0A22B4 
 111      08B68B53 
 111      ED8F9040 
 111      A4
 112 0028 D204D7DE 		.ascii	"\322\004\327\336&}\204:\271\030u\210\035Jh\215\246i"
 112      267D843A 
 112      B9187588 
 112      1D4A688D 
ARM GAS  C:\cygwin\tmp\ccI2cloI.s 			page 8


 112      A669
 113 003a AC1D1C84 		.ascii	"\254\035\034\204GP\034\324\012.\016Z)\035\212(H\254"
 113      47501CD4 
 113      0A2E0E5A 
 113      291D8A28 
 113      48AC
 114 004c B541C43E 		.ascii	"\265A\304>\317y\255C\365\302{\347\236s\277\363\235\357"
 114      CF79AD43 
 114      F5C27BE7 
 114      9E73BFF3 
 114      9DEF
 115 005e 7C0102C9 		.ascii	"|\001\002\3119\242\210F%\362\007MP7W\210&\303\012\220"
 115      39A28846 
 115      25F2074D 
 115      50375788 
 115      26C30A90 
 116 0072 8B098326 		.ascii	"\213\011\203&\024&\360C\375Vh\0246\236\250\3569\303"
 116      1426F043 
 116      FD566814 
 116      369EA8EE 
 116      39C3
 117 0084 67ADBC7D 		.ascii	"g\255\274}\334\314\273p4\221\247|&\302\034\272\031\365"
 117      DCCCBB70 
 117      3491A77C 
 117      26C21CBA 
 117      19F5
 118 0096 DC6BB96D 		.ascii	"\334k\271m[\312\321\2004\275m\276*\035\220T!\312\351"
 118      5BCAD180 
 118      34BD6DBE 
 118      2A1D9054 
 118      21CAE9
 119 00a9 AFCAE287 		.ascii	"\257\312\342\2076\335\001\342\373\346=\267\243\253l"
 119      36DD01E2 
 119      FBE63DB7 
 119      A3AB6C
 120 00b8 4CCE98D6 		.ascii	"L\316\230\326e\023t\264F\005\232\351p\0371\314#F\\\""
 120      651374B4 
 120      46059AE9 
 120      701F31CC 
 120      23465C22 
 121 00cc 3C4097A0 		.ascii	"<@\227\240\327\353;\267\016ZS2\275}\372\357X<\204%\213"
 121      D7EB3BB7 
 121      0E5A5332 
 121      BD7DFAEF 
 121      583C8425 
 122 00e1 D42EBAC6 		.ascii	"\324.\272\306\363\362\306\334M|<\026d\365\334\024\340"
 122      F3F2C6DC 
 122      4D7C3C16 
 122      64F5DC14 
 122      E0
 123 00f2 F6005193 		.ascii	"\366\000Q\223q\262\3137\245$\352u\344\242\3027\355\336"
 123      71B2CB37 
 123      A524EA75 
 123      E4A2C237 
 123      EDDE
 124 0104 7816D13D 		.ascii	"x\026\321=\276\222w\357K\267#\235\263\"\305]*\350;\306"
 124      BE9277EF 
ARM GAS  C:\cygwin\tmp\ccI2cloI.s 			page 9


 124      4BB7239D 
 124      B322C55D 
 124      2AE83BC6 
 125 0118 CDB58B9C 		.ascii	"\315\265\213\234\352~9\376\226\013\350\314kE\033\310"
 125      EA7E39FE 
 125      960BE8CC 
 125      6B451BC8 
 126 0128 6D16BCE5 		.ascii	"m\026\274\345\325O\330\257\315}\3715!\030_\232\247\360"
 126      D54FD8AF 
 126      CD7DF935 
 126      21185F9A 
 126      A7F0
 127 013a AF74420D 		.ascii	"\257tB\015\026\323,\302\312\353\300.S\243\370\263\366"
 127      16D32CC2 
 127      CAEBC02E 
 127      53A3F8B3 
 127      F6
 128 014b C5392435 		.ascii	"\3059$5F\027\235\306\233\2208\026\364\233W\252\255f"
 128      46179DC6 
 128      9B903816 
 128      F49B57AA 
 128      AD66
 129 015d 64371582 		.ascii	"d7\025\202\000\227f\027\266_\204gP\232\344<\352h\013"
 129      00976617 
 129      B65F8467 
 129      509AE43C 
 129      EA680B
 130 0170 8F58605D 		.ascii	"\217X`]\004\362c\345\365\326\367\220]5S\374z\332\321"
 130      04F263E5 
 130      F5D6F790 
 130      5D3553FC 
 130      7ADAD1
 131 0183 212C6106 		.ascii	"!,a\006;l\202?\230\001^\261\276j%j>\340\222\243\303"
 131      3B6C823F 
 131      98015EB1 
 131      BE6A256A 
 131      3EE092A3 
 132 0198 780C1B3D 		.ascii	"x\014\033=\261=\000\226\221`a\3046\255\225[\207}\203"
 132      B13D0096 
 132      916061C4 
 132      36AD955B 
 132      877D83
 133 01ab 651DFA8C 		.ascii	"e\035\372\214\234\373\364\234\344\276\017M^\215\355"
 133      9CFBF49C 
 133      E4BE0F4D 
 133      5E8DED
 134 01ba 64DEA3F1 		.ascii	"d\336\243\361\270}&\231\032N]\350\267\3072vr(mg\306"
 134      B87D2699 
 134      1A4E5DE8 
 134      B7C73276 
 134      72286D67 
 135 01cf 47240E66 		.ascii	"G$\016f\262\361\021\012\015\015g\262\251\253W\002\362"
 135      B2F1110A 
 135      0D0D67B2 
 135      A9AB5702 
 135      F2
 136 01e0 3BF53FF8 		.ascii	";\365?\370\332\330x6c\367\017\364\235<a\367\366\236"
ARM GAS  C:\cygwin\tmp\ccI2cloI.s 			page 10


 136      DAD87836 
 136      63F70FF4 
 136      9D3C61F7 
 136      F69E
 137 01f2 B507CEF7 		.ascii	"\265\007\316\367]O\354\265\017\246\323\243\361$\375"
 137      5D4FECB5 
 137      0FA6D3A3 
 137      F124FD
 138 0201 01FC0CDA 		.ascii	"\001\374\014\332["
 138      5B
 139              		.text
 140              		.section	.gnu.lto_stGetAlarm.2d26fbfa,"",%progbits
 141 0000 789C6551 		.ascii	"x\234eQ\277K\243A\020\235\267\233\373\022\0249\301\342"
 141      BF4BA341 
 141      109DB79B 
 141      FB121439 
 141      C1E2
 142 0012 0A0327D8 		.ascii	"\012\003'\330\250E\326(\376\005w\215\220pp\012g'\376"
 142      A845D628 
 142      FE05778D 
 142      9070700A 
 142      6727FE
 143 0025 28220414 		.ascii	"(\"\004\024#\266\331$~\210]\032\355\202\034*\336y\027"
 143      23B6D924 
 143      7E885D1A 
 143      ED821C2A 
 143      DE7917
 144 0038 634A1B09 		.ascii	"cJ\033\011\202X\370\013\304V\010\026\026V\321\363\024"
 144      8258F80B 
 144      C4560816 
 144      1656D1F3 
 144      14
 145 0049 0BBFCF99 		.ascii	"\013\277\317\231h\243.\014\263o\346\355\314{l\200@r"
 145      68A32E0C 
 145      B36FE6ED 
 145      CC7B6C80 
 145      4072
 146 005b F29C7E70 		.ascii	"\362\234~pn\345\200&\250\3741Q&\244\000\271\330\020"
 146      6EE58026 
 146      A8FC3151 
 146      26A400B9 
 146      D810
 147 006d 28AD90C6 		.ascii	"(\255\220\306\177\365\250\260\347\337W>\336*Wh\014O"
 147      7FF5A8B0 
 147      E7DF573E 
 147      DE2A5768 
 147      0C4F
 148 007f 6B878546 		.ascii	"k\207\205F\201@3\303\215\325\322M\250s\335\332\254\255"
 148      814033C3 
 148      8DD5D24D 
 148      A873DDDA 
 148      ACAD
 149 0091 AE794399 		.ascii	"\256yC\231\234\333\341jE\276\"\374B\030\353\010\313"
 149      9CDBE16A 
 149      45BE22FC 
 149      4218EB08 
 149      CB
ARM GAS  C:\cygwin\tmp\ccI2cloI.s 			page 11


 150 00a2 8ADFE824 		.ascii	"\212\337\350$&_\224\275\305&g\316\362i[\320$,nn\300"
 150      265F94BD 
 150      C52667CE 
 150      F2695BD0 
 150      242C6E6E 
 151 00b7 1155A5EF 		.ascii	"\021U\245\357\025\353\3739k\037\272\275\366\200\"Wk"
 151      15EBFB39 
 151      6B1FBABD 
 151      F6802257 
 151      6B
 152 00c8 4D328B6A 		.ascii	"M2\213j\034\242\353Z)\311\372\022\273;\333k\376^\313"
 152      1CA2EB5A 
 152      29C9FA12 
 152      BB3BDB6B 
 152      FE5ECB
 153 00db EB919503 		.ascii	"\353\221\225\003\357'P\237\347+\274\335G\370\003\207"
 153      EF27509F 
 153      E72BBCDD 
 153      47F80387 
 154 00eb B7FD8593 		.ascii	"\267\375\205\223\323bd\311\335=\011\212\221@\235{\\"
 154      D36264C9 
 154      DD3D098A 
 154      91409D7B 
 154      5C
 155 00fc BCAF353C 		.ascii	"\274\2575<C\341\007\270\264\262y\267\037ZF!\303\270"
 155      43E107B8 
 155      B4B279B7 
 155      1F5A4621 
 155      C3B8
 156 010e D9D51FB0 		.ascii	"\331\325\037\260\311\216\212\342H\214\037\335\376\013"
 156      C98E8AE2 
 156      488C1FDD 
 156      FE0B
 157 011c 9AA29DCB 		.ascii	"\232\242\235\313\330\352\342\343\247~W;(a\031\036\213"
 157      D8EAE2E3 
 157      A77E573B 
 157      2861191E 
 157      8B
 158 012d ADAF628E 		.ascii	"\255\257b\216\277T>w\242%\341\330\002\\\035\304\026"
 158      BF543E77 
 158      A225E1D8 
 158      025C1DC4 
 158      16
 159 013e 0CBAC22F 		.ascii	"\014\272\302/\014\224\021\245Kdo\346\317\360\254K\263"
 159      0C9411A5 
 159      4B646FE6 
 159      CFF0AC4B 
 159      B3
 160 014f 34BA42B6 		.ascii	"4\272B\266\272\232\026\033\\\220\337\252\261\033\366"
 160      BA9A161B 
 160      5C90DFAA 
 160      B11BF6
 161 015e CD833F47 		.ascii	"\315\203?G\"\346Kbbt\342\333\200\231L\231\304H\322\244"
 161      22E64B62 
 161      6274E2DB 
 161      80994C99 
 161      C448D2A4 
ARM GAS  C:\cygwin\tmp\ccI2cloI.s 			page 12


 162 0172 A6C7240F 		.ascii	"\246\307$\017\247f\"c\324\367\276?59=\2232\003\203\361"
 162      A7662263 
 162      D4F7BE3F 
 162      35393D93 
 162      320383F1 
 163 0186 DE1E138B 		.ascii	"\336\036\023\213}5\203\375\361\331\350\313\213\341d"
 163      7D3583FD 
 163      F1D9E8CB 
 163      8BE164
 164 0195 723C92A0 		.ascii	"r<\222\240'\246e\252\311"
 164      27A665AA 
 164      C9
 165              		.text
 166              		.section	.gnu.lto_.symbol_nodes.2d26fbfa,"",%progbits
 167 0000 789C55C8 		.ascii	"x\234U\310\271\015\200@\014\005\321\371{\364\001E\022"
 167      B90D8040 
 167      0C05D1F9 
 167      7BF40145 
 167      12
 168 0011 DB255004 		.ascii	"\333%P\004UP\004\301r\245T\202X\221y\222\221^AL\364"
 168      555004C1 
 168      72A55482 
 168      58917992 
 168      915E414C 
 169 0026 5293C1BC 		.ascii	"R\223\301\274A\337\352c\227]\246(\207,E9e9\312%+At\313"
 169      41DFEA63 
 169      975DA628 
 169      872C4539 
 169      6539CA25 
 170 003e EA2FE03E 		.ascii	"\352/\340>@\246\262<\257\370\000\0016\035\261"
 170      40A6B23C 
 170      AFF80001 
 170      361DB1
 171              		.text
 172              		.section	.gnu.lto_.refs.2d26fbfa,"",%progbits
 173 0000 789C6361 		.ascii	"x\234ca`\004B \000\000\0009\000\007"
 173      60044220 
 173      00000039 
 173      0007
 174              		.text
 175              		.section	.gnu.lto_.decls.2d26fbfa,"",%progbits
 176 0000 789CB557 		.ascii	"x\234\265WkLTI\026\276u\253\301\246i\300m\215q\023\223"
 176      6B4C5449 
 176      16BE75AB 
 176      C1A669C0 
 176      6D8D7113 
 177 0015 351314F6 		.ascii	"5\023\024\366\207 2\343f\367\307\256\016\272\256\311"
 177      872032E3 
 177      66F7C7AE 
 177      0EBAAEC9 
 178 0025 383369DC 		.ascii	"83i\334\311&K\322A\304\201\004\321@;\033\177\354\354"
 178      C9264BD2 
 178      41C48104 
 178      D1403B1B 
 178      7FECEC
 179 0038 155A64D0 		.ascii	"\025Zd\320\031\236\242\202((OAD\020\020QiaiP\321ET\220"
 179      199EA282 
ARM GAS  C:\cygwin\tmp\ccI2cloI.s 			page 13


 179      28284F41 
 179      44101051 
 179      69616950 
 180 0050 87822FC6 		.ascii	"\207\202/\306\007\243\250\214\250\200\354\251\307\355"
 180      07A3A88C 
 180      A880ECA9 
 180      C7ED
 181 005e 7B691BC7 		.ascii	"{i\033\307\375\2617\034n\235\252\357|\347\3249U\267"
 181      FDB1371C 
 181      6E9DAAEF 
 181      7CE7D439 
 181      55B7
 182 0070 AA350212 		.ascii	"\2525\002\022\310\363\245A\020\276\025\005\241\014\324"
 182      C8F3A541 
 182      10BE1505 
 182      A10CD4
 183 007f 49785CA1 		.ascii	"Ix\\\241\357+Ay\210~\024\344,\210\025\244\021\244\031"
 183      EF2B4179 
 183      887E14E4 
 183      2C8815A4 
 183      11A419
 184 0092 A44578F7 		.ascii	"\244Ex\367!8\314\355[A\312x\277\310\307\234\331\020"
 184      2138CCED 
 184      5B41CA78 
 184      BFC8C79C 
 184      D910
 185 00a4 5E376E03 		.ascii	"^7n\003\241\010\263A\352A|H\033b2\200\334\203v'\347"
 185      A108B341 
 185      EA417C48 
 185      1B623280 
 185      DC837627 
 186 00b9 76035D07 		.ascii	"v\003]\007\202\020\343%\366s\210\016\357\005h*7\211"
 186      8210E325 
 186      F673880E 
 186      EF05682A 
 186      3789
 187 00cb 57C3B965 		.ascii	"W\303\271e.\302C`\262=\301\3708\330\011|\236\037\032"
 187      2EC24360 
 187      B23DC1F8 
 187      38D8097C 
 187      9E1F1A
 188 00de 17E27189 		.ascii	"\027\342q\211\334\356\267<\236\000\007^\2227\355\377"
 188      DCEEB73C 
 188      9E00075E 
 188      9237EDFF 
 189 00ee C8476C02 		.ascii	"\310Gl\0029\337'\016|\023\":su\354\262\246\027u#\300"
 189      39DF270E 
 189      7C13223A 
 189      7375ECB2 
 189      A6177523 
 190 0103 A299B417 		.ascii	"\242\231\264\027!\366\037Q\021\230P\025\032\242\200"
 190      21F61F51 
 190      11985015 
 190      1AA280
 191 0112 E4F9B32E 		.ascii	"\344\371\263.$\003\271.\312M\301NF\377\270=]#\364\241"
 191      2403B92E 
 191      CA4DC14E 
ARM GAS  C:\cygwin\tmp\ccI2cloI.s 			page 14


 191      46FFB83D 
 191      5D23F4A1 
 192 0126 240A3BE2 		.ascii	"$\012;\342FL\347\306\002\342\272\2508@L\225\015T|,\\"
 192      464CE7C6 
 192      02E2BAA8 
 192      38404C95 
 192      0D547C2C 
 193 013b 4EA7C46C 		.ascii	"N\247\304l\237\023\222'\275\243\362I\277\013\026\021"
 193      9F139227 
 193      BDA3F249 
 193      BF0B1611 
 194 014b 69F7BF2E 		.ascii	"i\367\277.\376\263_\231\004O\212$\211\277V2s\305R\261"
 194      FEB35F99 
 194      044F8A24 
 194      89BF5632 
 194      73C552B1 
 195 015f 1F8F88C8 		.ascii	"\037\217\210\310\240C\032P\237]\312\272\353\011\352"
 195      A0431A50 
 195      9F5DCABA 
 195      EB09EA
 196 016e 6C1D9A0F 		.ascii	"l\035\232\017\352\304\371\354,qn&\265\213\227\346k\320"
 196      EAC4F9EC 
 196      2C716E26 
 196      B58B97E6 
 196      6BD0
 197 0180 57735029 		.ascii	"WsP)\232\207\216\240y\340\250\014\315\205\377\3534\214"
 197      9A878EA0 
 197      79E0A80C 
 197      CD85FFEB 
 197      348C
 198 0192 6967FAA3 		.ascii	"ig\372\243\033n\037\345J\271\025\322\300\365\341\300"
 198      1B6E1FE5 
 198      4AB915D2 
 198      C0F5E1C0 
 199 01a2 7D92D502 		.ascii	"}\222\325\002f\"A\241b\204Q\011\362#\321A\223\274\212"
 199      662241A1 
 199      62845109 
 199      F223D141 
 199      93BC8A
 200 01b5 502F847D 		.ascii	"P/\204}\024}\004\226\361e=I.x\011\015\264\340\315\330"
 200      147D0496 
 200      F1653D49 
 200      2E78090D 
 200      B4E0CDD8 
 201 01c9 308967A1 		.ascii	"0\211g\241\016MNb\35086T\367\332\203u\220\361\206\213"
 201      0E4D4E62 
 201      E8383654 
 201      F7DA8375 
 201      90F1868B 
 202 01dd E70BF5F8 		.ascii	"\347\013\365\370O\264\335<9j\365b\261\213\240v\014\267"
 202      4FB4DD3C 
 202      396AF562 
 202      B18BA076 
 202      0CB7
 203 01ef E5B8B3D8 		.ascii	"\345\270\263\330gN\210b\2765n;B:\337DI\212\223\244x"
 203      674E8862 
 203      BE356E3B 
ARM GAS  C:\cygwin\tmp\ccI2cloI.s 			page 15


 203      423ADF44 
 203      498A93A4 
 204 0204 4957EC29 		.ascii	"IW\354)\240*\010\276\022\202G\325\310\227P\222\240P"
 204      A02A08BE 
 204      128247D5 
 204      C8975092 
 204      A050
 205 0216 05741E83 		.ascii	"\005t\036\203\316B2\317\201j\333\242:I\232\211N \035"
 205      CE4232CF 
 205      816ADBA2 
 205      3A499A89 
 205      4E201D
 206 0229 3AAEC4BD 		.ascii	":\256\304\275P\307\246y6\265wP\207-\210D \226\014\267"
 206      50C7A679 
 206      36B57750 
 206      872D8844 
 206      20960CB7 
 207 023d 95794DEB 		.ascii	"\225yM\353\343\344\264>\352\223\026\226\021\037\265"
 207      E3E4B43E 
 207      EA931696 
 207      111FB5
 208 024c E0A346F1 		.ascii	"\340\243F\361\001.\231\223\344\352\336q/|\2329I\275"
 208      012E9993 
 208      E4EADE71 
 208      2F7C9A39 
 208      49BD
 209 025e 95388691 		.ascii	"\2258\206\221\257\216\231\346\\^z\204\230\326\203i\235"
 209      AF8E99E6 
 209      5C5E7A84 
 209      98D68369 
 209      9D
 210 026f 625A4B4D 		.ascii	"bZKM\235\307q\312I\034\340\344BU\362\036\017\015\331"
 210      9DC771CA 
 210      491CE0E4 
 210      4255F21E 
 210      0F0DD9
 211 0282 11840BCA 		.ascii	"\021\204\013\312\010}\011\203}/\275\246-\370\031Z\360"
 211      087D0983 
 211      7D2FBDA6 
 211      2DF8195A 
 211      F0
 212 0293 D38857FC 		.ascii	"\323\210W\374i~{\217+T|\200T|D\237\031/\265\202\335"
 212      697E7B8F 
 212      2B547C80 
 212      547C449F 
 212      192FB582 
 213 02a8 7C0243E5 		.ascii	"|\002C\345Jh\345\352\212\237\245\025??V\351\211\177"
 213      4A68E5EA 
 213      8A9FA515 
 213      3F3F56E9 
 213      897F
 214 02ba A2D3433D 		.ascii	"\242\323C=\257\207\223]\030\213\365\245M/\245l\223\244"
 214      AF87935D 
 214      188BF5A5 
 214      4D2FA56C 
 214      93A4
 215 02cc 6574D534 		.ascii	"et\3254(\034\015j\016+\345H\253\032=\350\202_3\222\264"
ARM GAS  C:\cygwin\tmp\ccI2cloI.s 			page 16


 215      281C0D6A 
 215      0E2BE548 
 215      AB1A3DE8 
 215      825F3392 
 216 02e1 BB77B330 		.ascii	"\273w\2630'\251l\221IH \347\024\222sj\222FJR6\322^\351"
 216      27A96C91 
 216      494820E7 
 216      1492736A 
 216      92464A52 
 217 02f9 812D6C93 		.ascii	"\201-l\223\364\305\275\351\233\241\236<\311\2132\373"
 217      F4C5BDE9 
 217      9BA19E3C 
 217      C98B32FB 
 218 0309 7F4F59EE 		.ascii	"\177OY\356\267\237\332\2064\334\343\213\026\017\373"
 218      B79FDA86 
 218      34DCE38B 
 218      160FFB
 219 0318 7207146A 		.ascii	"r\007\024jR|6\251}6S\237\317v=\315\365\302\311\314g"
 219      527C36A9 
 219      7D36539F 
 219      CF763DCD 
 219      F5C2C9CC 
 220 032d EDE8F8A0 		.ascii	"\355\350\370\240\007\241\201\322\216v\374s\333\341\004"
 220      07A181D2 
 220      8E76FC73 
 220      DBE104
 221 033c 6B0AA25B 		.ascii	"k\012\242[\013\331\024\026\033e\201F\013e\030\273\177"
 221      0BD91416 
 221      1B658146 
 221      0B6518BB 
 221      7F
 222 034d EC47BD3E 		.ascii	"\354G\275>\211\024\033\0025\264zR\274\022i+\322\313"
 222      89141B02 
 222      35B47A52 
 222      BC12692B 
 222      D2CB
 223 035f 96D0245E 		.ascii	"\226\320$^n\357npc;\345\006\361\232U?r\301\205\351Z"
 223      6EEF6E70 
 223      633BE506 
 223      F19A553F 
 223      72C185E9 
 224 0374 32FCA4B4 		.ascii	"2\374\244\264\326\203\355\034+\031\276:\230g\321\263"
 224      D683ED1C 
 224      2B19BE3A 
 224      9867D1B3 
 225 0384 E176A237 		.ascii	"\341v\2427u\266\014k\360\025\026\361\315\326\222R\262"
 225      75B60C6B 
 225      F01516F1 
 225      CDD69252 
 225      B2
 226 0395 437DC80E 		.ascii	"C}\310\016\235\234\364R\355Q\037\266G;\222\237\347\317"
 226      9D9CF452 
 226      ED511FB6 
 226      473B929F 
 226      E7CF
 227 03a7 C05D142E 		.ascii	"\300]\024.\332\276\257\252t\267\257\336j\333\212\324"
 227      DABEAFAA 
ARM GAS  C:\cygwin\tmp\ccI2cloI.s 			page 17


 227      74B7AFDE 
 227      6ADB8AD4 
 228 03b7 1D244D1D 		.ascii	"\035$M\035\220\332ve\202>\366\325\313&$\330g\203\256"
 228      90DA7665 
 228      823EF6D5 
 228      CB2624D8 
 228      6783AE
 229 03ca C0EAF5E1 		.ascii	"\300\352\365\341\253\367?\320y\231\255\336\222\374\324"
 229      ABF73FD0 
 229      7999ADDE 
 229      92FCD4
 230 03d9 43AEF80E 		.ascii	"C\256\370\016s\262\357\304\221Q\235\335I}\322\307tw"
 230      73B2EFC4 
 230      91519DDD 
 230      497DD2C7 
 230      7477
 231 03eb 5D071F57 		.ascii	"]\007\037W\025\037\035hz'\327\234;i/Jl\307\272D\262"
 231      151F1D68 
 231      7A27D79C 
 231      3B692F4A 
 231      6CC7BA44 
 232 0400 A53ED4A4 		.ascii	"\245>\324\244\255m\354\222\013~\314r\265\263\271\332"
 232      AD6DEC92 
 232      0B7ECC72 
 232      B5B3B9DA 
 233 0410 C6BFAEAD 		.ascii	"\306\277\256\255D\3178\325T\357\216\237\260\301\273"
 233      44CF38D5 
 233      54EF8E9F 
 233      B0C1BB
 234 041f 49779A5C 		.ascii	"Iw\232\\\361\013\276\016x\011\014\274\004\007{\177\276"
 234      F10BBE0E 
 234      78090CBC 
 234      04077B7F 
 234      BE
 235 0430 80F0281B 		.ascii	"\200\360(\033\254\257=m\343\345Z\254\372\320\031\350"
 235      ACAF3D6D 
 235      E3E55AAC 
 235      FAD019E8 
 236 0440 870ED50C 		.ascii	"\207\016\325\014\236\267\351X\365$D\016\273\216\276"
 236      9EB7E958 
 236      F524440E 
 236      BB8EBE
 237 044f 65789C59 		.ascii	"ex\234Y6>\257(\342\225$\037\323\247\243\207\276\323"
 237      363EAF28 
 237      E295241F 
 237      D3A7A387 
 237      BED3
 238 0461 92F948F2 		.ascii	"\222\371H\362\3021\250W\370\035\222!\344?\017\335fs"
 238      C231A857 
 238      F81D9221 
 238      E43F0FDD 
 238      6673
 239 0473 D991D35F 		.ascii	"\331\221\323_\345bH\341\307\30623\315h?\300oQ\370]d"
 239      E56248E1 
 239      C7C63233 
 239      CD683FC0 
 239      6F51F85D 
ARM GAS  C:\cygwin\tmp\ccI2cloI.s 			page 18


 240 0488 908D08FA 		.ascii	"\220\215\010\372\326\370\376f\254Fw\276\017]~\270`\217"
 240      D6F8FE66 
 240      AC4677BE 
 240      0F5D7EB8 
 240      608F
 241 049a 0E4B9886 		.ascii	"\016K\230\206\231\375\342\346C\276>}A-|Y\037\257\305"
 241      99FDE2E6 
 241      43BE3E7D 
 241      412D7C59 
 241      1FAFC5
 242 04ad 1636967E 		.ascii	"\0266\226~6\347\322\014\234\310\024\371|2\260\363)\256"
 242      36E7D20C 
 242      9CC814F9 
 242      7C32B0F3 
 242      29AE
 243 04bf EB53BC8B 		.ascii	"\353S\274\213\2154\244\246\335D8\205)O,\367\007x\206"
 243      8D34A4A6 
 243      DD443885 
 243      294F2CF7 
 243      077886
 244 04d2 E682BAFB 		.ascii	"\346\202\272\373\342c\037\274\233\015\275mm\362\301"
 244      E2631FBC 
 244      9B0DBD6D 
 244      6DF2C1
 245 04e1 D9AC6DAB 		.ascii	"\331\254m\253).B8\217)\317\263l\217u\270\200)\271\035"
 245      292E4238 
 245      8F29CFB3 
 245      6C8F75B8 
 245      8029B91D 
 246 04f5 FB4F6A71 		.ascii	"\373Ojq1S\012_e\302\231s\224)\327\352\256'\272\343J"
 246      31530A5F 
 246      65C29973 
 246      9429D7EA 
 246      AE27BAE3 
 247 050a A6241E3F 		.ascii	"\246$\036?\276\327\035\3270%\256\276;\225\037G\003D"
 247      BED71DD7 
 247      3025AEBE 
 247      3B951F47 
 247      0344
 248 051c BF57702F 		.ascii	"\277Wp/\327\215\327\305\025\364\244\216\266Q\204O1p"
 248      D78DD7C5 
 248      15F4A48E 
 248      B651844F 
 248      3170
 249 052e 754EE701 		.ascii	"uN\347\001\367\351+\361J\256\304bZ\210\354\356\267\025"
 249      F7E92BF1 
 249      4AAEC462 
 249      5A88ECEE 
 249      B715
 250 0540 5E3CB556 		.ascii	"^<\265V\271\020\027\001}\201\242_\323\324\276\222S["
 250      B9101701 
 250      7D81A25F 
 250      D3D4BE92 
 250      535B
 251 0552 995E60D3 		.ascii	"\231^`\323\252\321\235\357A\317i\355\277W\356\206\274"
 251      AAD19DEF 
 251      41CF69ED 
ARM GAS  C:\cygwin\tmp\ccI2cloI.s 			page 19


 251      BF57EE86 
 251      BC
 252 0563 1D1E5F6F 		.ascii	"\035\036_o\357Y\336\336\207$K\27440\231\375MfQ\202\224"
 252      EF59DEDE 
 252      87244BBC 
 252      343099FD 
 252      4D665182 
 253 0578 124A892E 		.ascii	"\022J\211.\301\216\372A\234\245l\2046\312ZJ\376\013"
 253      C18EFA41 
 253      9CA56C84 
 253      36CA5A4A 
 253      FE0B
 254 058a D4C05AD9 		.ascii	"\324\300Z\331\253\227\321?9\242\207\336A\357U\320\317"
 254      AB97D13F 
 254      39A287DE 
 254      41EF55D0 
 254      CF
 255 059b 1DD12CE2 		.ascii	"\035\321,\342\000\005|B\001?v\004?t\004\267+\340>Gp"
 255      00057C42 
 255      013F7604 
 255      3F7404B7 
 255      2BE03E47 
 256 05b0 EF3B719C 		.ascii	"\357;q\234V\320\367\035\3217\035\251\263\024\3603\347"
 256      56D0F71D 
 256      D1371DA9 
 256      B314F033 
 256      E7
 257 05c1 41ABA9AF 		.ascii	"A\253\251\257)\350nG\364\215\251\350m\222\265\347\357"
 257      29E86E47 
 257      F48DA9E8 
 257      6D92B5E7 
 257      EF
 258 05d2 04FC0619 		.ascii	"\004\374\006\031\320(\007\313\305C\347\035\343\310P"
 258      D02807CB 
 258      C543E71D 
 258      E3C850
 259 05e1 98471C99 		.ascii	"\230G\034\231\375\035\260\035\012\266\307y\024*\360"
 259      FD1DB01D 
 259      0AB6C779 
 259      142AF0
 260 05f0 4905FCC0 		.ascii	"I\005\374\300\021<\350\010\256P\300O\234\027\\\005\356"
 260      113CE808 
 260      AE50C04F 
 260      9C175C05 
 260      EE
 261 0601 54C05DCE 		.ascii	"T\300]\316\327R\200\222\213\2634\027\367 \027\003\034"
 261      D7528092 
 261      8BB33417 
 261      F7201703 
 261      1C
 262 0612 2B7F5178 		.ascii	"+\177QxM\324i\336\2570\017;2\337R\230\351)aM\007\260"
 262      4DD469DE 
 262      AF300F3B 
 262      32DF5298 
 262      E929614D 
 263 0628 A4252081 		.ascii	"\244% \201\237\020\202\235\250\276w\0369\3201\245\372"
 263      9F10829D 
ARM GAS  C:\cygwin\tmp\ccI2cloI.s 			page 20


 263      A8BE771E 
 263      39D031A5 
 263      FA
 264 0639 D1F9F4D5 		.ascii	"\321\371\364\325\216k\024\307\217\234\257J\206N\345"
 264      8E6B14C7 
 264      8F9CAF4A 
 264      864EE5
 265 0648 1F470999 		.ascii	"\037G\011\231\005\364\022\020?\323A\202\207\020\320"
 265      05F41210 
 265      3FD34182 
 265      8710D0
 266 0657 4ED11759 		.ascii	"N\321\027YDo\224\0022\201\274\3216x'\201$\203\354\000"
 266      446F9402 
 266      3281BCD1 
 266      36782781 
 266      2483EC00 
 267 066b 1987BEB7 		.ascii	"\031\207\276\267 \337C;\001d\027\210\004\362\035\310"
 267      20DF433B 
 267      01641788 
 267      04F21DC8 
 268 067b 24F46F87 		.ascii	"$\364o\207w\034H\"\310\030\350\361\242\267jR\007\224"
 268      771C4822 
 268      C818E8F1 
 268      A2B76A52 
 268      0794
 269 068d 209F3ACF 		.ascii	" \237:\317\216zJ\231\012\372\205\323\205\305\300\344"
 269      8E7A4A99 
 269      0AFA85D3 
 269      85C5C0E4 
 270 069d 42D0D659 		.ascii	"B\320\326Y\354\211G\350wM\274\026\177\264\004\241Y\276"
 270      EC8947E8 
 270      774DBC16 
 270      7FB404A1 
 270      59BE
 271 06af 4E678AD2 		.ascii	"Ng\212\322a\202\377\357\311\262\352\336\354E\244\272"
 271      6182FFEF 
 271      C9B2EADE 
 271      EC45A4BA 
 272 06bf 69E02C55 		.ascii	"i\340,U\264_\001H\261i\314\322\366}]\236SnPi\252\011"
 272      B45F0148 
 272      B169CCD2 
 272      F67D5D9E 
 272      536E5069 
 273 06d5 0A2843D4 		.ascii	"\012(C\324\323\373\026\274\001\235W5\222\345\201%\015"
 273      D3FB16BC 
 273      019D5735 
 273      92E58125 
 273      0D
 274 06e6 FD72278F 		.ascii	"\375r'\2177\322\213\237\265\202\334\330B\032\013\022"
 274      37D28B9F 
 274      B582DCD8 
 274      421A0B12 
 275 06f6 C86D33F7 		.ascii	"\310m3\367/\364z\214v+\316\240\251\\\3752Erq\373\341"
 275      2FF47A8C 
 275      762BCEA0 
 275      A95CFD32 
 275      457271FB 
ARM GAS  C:\cygwin\tmp\ccI2cloI.s 			page 21


 276 070b 70668506 		.ascii	"pf\205\006\2473\242\303\217\352\232\370\251\356An\237"
 276      A733A2C3 
 276      8FEA9AF8 
 276      A9EE416E 
 276      9F
 277 071c 87320A34 		.ascii	"\2072\0124\354\270x@\206\363.\275\310\324\341<\206\035"
 277      ECB87840 
 277      86F32EBD 
 277      C8D4E13C 
 277      861D
 278 072e 7B90D18D 		.ascii	"{\220\321\215\030\226\004\224\260\327V\3536\375\351"
 278      18960494 
 278      B0D756EB 
 278      36FDE9
 279 073d B15FE4A7 		.ascii	"\261_\344\247G\266H\217\217\353\257\316\274\321\343"
 279      47B6488F 
 279      8FEBAFCE 
 279      BCD1E3
 280 074c 23944A53 		.ascii	"#\224JS\025\327\237\347\211|\347!\200#vc\"\277\011\005"
 280      15D79FE7 
 280      897CE721 
 280      80237663 
 280      22BF0905 
 281 0760 9427EA50 		.ascii	"\224'\352P\216\210\345\237\315Y\022\360\017\377\213"
 281      8E88E59F 
 281      CD5912F0 
 281      0FFF8B
 282 076f 74435B4B 		.ascii	"tC[K\337\364\3624|Hr\235+\240@z8\241\003P\306<\352/"
 282      DFF4F234 
 282      7C48729D 
 282      2BA0407A 
 282      38A10350 
 283 0787 579C870E 		.ascii	"W\234\207\0162\207#\267\356{+7\001D\251\367\301\360"
 283      328723B7 
 283      EE7B2B37 
 283      0144A9F7 
 283      C1F0
 284 0799 5E918477 		.ascii	"^\221\204wH4\310A\322\037\000-m\026W\035\247N\371%\352"
 284      4834C841 
 284      D21F002D 
 284      6D16571D 
 284      A74EF925 
 285 07ae FA537DDD 		.ascii	"\372S}\335.j\356\303\357\343\236L\333\373H\267\340\260"
 285      2E6AEEC3 
 285      EFE39E4C 
 285      DBFB48B7 
 285      E0B0
 286 07c0 D40E37EC 		.ascii	"\324\0167\354\353\343\372t\311\262\027\312\230/\032"
 286      EBE3FA74 
 286      C9B217CA 
 286      982F1A
 287 07cf 50       		.ascii	"P"
 288 07d0 16140A7E 		.ascii	"\026\024\012~\214\250L\367@\317Z\310C\201\270\000,{"
 288      8CA84CF7 
 288      40CF5AC8 
 288      4381B800 
 288      2C7B
ARM GAS  C:\cygwin\tmp\ccI2cloI.s 			page 22


 289 07e2 27EB723D 		.ascii	"'\353r=\3601\226\376\313\035\273j\265\366\232oP\325"
 289      F03196FE 
 289      CB1DBB6A 
 289      B5F69A6F 
 289      50D5
 290 07f4 9C5CBC0B 		.ascii	"\234\\\274\013\225\232\027\252k^Dk\336\3600?K\203\317"
 290      959A17AA 
 290      6B5E446B 
 290      DEF0303F 
 290      4B83CF
 291 0807 31A284FA 		.ascii	"1\242\204\372\306W\230\021Y;.\352\031\013]8\305\012"
 291      C6579811 
 291      593B2EEA 
 291      190B5D38 
 291      C50A
 292 0819 49B19AA4 		.ascii	"I\261\232\244\204\222\344O\264\305{\342\016F\322\325"
 292      8492E44F 
 292      B4C57BE2 
 292      0E46D2D5 
 293 0829 6DA9E38B 		.ascii	"m\251\343\213\301]u\271\237\315/\367\023\303\355\023"
 293      C15D75B9 
 293      9FCD2FF7 
 293      13C3ED13 
 294 0839 FCCEA723 		.ascii	"\374\316\247#\351-\235\254q\235~\255\224\313k\345(\313"
 294      E92D9DAC 
 294      719D7EAD 
 294      94CB6BE5 
 294      28CB
 295 084b 6FE7D09E 		.ascii	"o\347\320\236\035\310\261ve\220\244R\232\244c4\277\345"
 295      1DC8B176 
 295      6590A452 
 295      9AA46334 
 295      BFE5
 296 085d 727E474B 		.ascii	"r~GK\012\236y:VcZ\364\251\241\"\253\247\\\215!O^\215"
 296      0A9E793A 
 296      56635AF4 
 296      A9A122AB 
 296      A75C8D21 
 297 0874 0A5E0DF8 		.ascii	"\012^\015\370E\2462=\302\253q\234V\243f\317\356?\342"
 297      45A6323D 
 297      C2AB719C 
 297      56A366CF 
 297      EE3FE2
 298 0887 01367DCB 		.ascii	"\0016}\313\225k]^\366b|\233Vd/\006\371\355U\251\344"
 298      956B5D5E 
 298      F6627C9B 
 298      56642F06 
 298      F9ED55A9 
 299 089c B1529DC7 		.ascii	"\261R\235\307*\232\307\213\305\031\015\256\370\031#"
 299      2A9AC78B 
 299      C5190DAE 
 299      F81923
 300 08ab 2A3FD773 		.ascii	"*?\327s\333\325\036\216\227C8\315S\3029\301\303\251"
 300      DBD51E8E 
 300      974338CD 
 300      53C239C1 
 300      C3A9
ARM GAS  C:\cygwin\tmp\ccI2cloI.s 			page 23


 301 08bd 161708AE 		.ascii	"\026\027\010\256\261\346\325\321\221f\355\252\317\377"
 301      B1E6D5D1 
 301      9166EDAA 
 301      CFFF
 302 08cb 3A3F2820 		.ascii	":?( @\370\215\237\237\177PD\344\272\310/\202\3757\305"
 302      40F88D9F 
 302      9F7F5044 
 302      E4BAC82F 
 302      82FD37C5 
 303 08df FA478446 		.ascii	"\372G\204F\371\307\306\204\221\267)\326\354\027&\350"
 303      F9C7C684 
 303      91B729D6 
 303      EC1726E8 
 304 08ef 63CDC1E6 		.ascii	"c\315\301\346\320\030\363\362\250\320\230\215:\223i"
 304      D018F3F2 
 304      A8D0988D 
 304      3A9369
 305 08fe 4B64B439 		.ascii	"Kd\2649`\251\311\374\373\260?\204\204m\375\372\037\221"
 305      60A9C9FC 
 305      FBB03F84 
 305      846DFDFA 
 305      1F91
 306 0910 D12130B0 		.ascii	"\321!0\260(zSt\370\242\360\320u\221!\221\321aQ[\326"
 306      287A5374 
 306      F8A2F0D0 
 306      75912191 
 306      D161515B 
 307 0925 87876C0C 		.ascii	"\207\207l\014\015\213\210\214\016\0171\255\017\337\020"
 307      0D8B888C 
 307      0E0F31AD 
 307      0FDF10
 308 0934 BA25CA6C 		.ascii	"\272%\312l2o\335\034\036\353\027!he\012\277_\242\210"
 308      326FDD1C 
 308      1EEB1721 
 308      68650ABF 
 308      5FA288
 309 0947 DD1A1B02 		.ascii	"\335\032\033\002Q\254\007<\330\271\201j\216\334\030"
 309      51AC073C 
 309      D8B9816A 
 309      8EDC18
 310 0956 6E322F9C 		.ascii	"n2/\234\032s\214\331\237[\370\207E\020\020w\344NB\337"
 310      1A738CD9 
 310      9F5BF887 
 310      45101077 
 310      E44E42DF 
 311 096a B499450E 		.ascii	"\264\231E\016\355p\263\334\\\305\233\2000EE\2557EBF"
 311      ED70B3DC 
 311      5CC59B80 
 311      304545AD 
 311      37454246 
 312 097e 3E793711 		.ascii	">y7\021\2337\305\230c\375\203\327\256\011\\\342\377"
 312      9B37C598 
 312      63FD83D7 
 312      AE095CE2 
 312      FF
 313 098f D9672BFC 		.ascii	"\331g+\374\327\256^\363M\000O\015\261\003\037.AAk\214"
 313      D7AE5EF3 
ARM GAS  C:\cygwin\tmp\ccI2cloI.s 			page 24


 313      4D004F0D 
 313      B1031F2E 
 313      41416B8C 
 314 09a3 813C2F81 		.ascii	"\201</\201KLf\255\334\020\2770jV\254Yn\304+\202\214"
 314      4B4C66AD 
 314      DC10BF30 
 314      6A56AC59 
 314      6EC42B82 
 315 09b8 9A4F57AC 		.ascii	"\232OW\2545\342\240 #6\202,7\032\361\227\301A8\350\363"
 315      35E2A020 
 315      2336822C 
 315      371AF197 
 315      C14138E8 
 316 09cd B59AA0A0 		.ascii	"\265\232\240\240\225F\312\261\204\376\017\300+W\031"
 316      9546CAB1 
 316      84FE0FC0 
 316      2B5719
 317 09dc C560B05C 		.ascii	"\305`\260\\\275\322\250\011^\003\350 \343\022\220\000"
 317      BDD2A809 
 317      5E03E820 
 317      E3129000 
 318 09ec 40FECDF8 		.ascii	"@\376\315\370\361\207\306\030k\336Hb\210\334\310\322"
 318      F187C618 
 318      6BDE4862 
 318      88DCC8D2 
 319 09fc C01593D9 		.ascii	"\300\025\223\331\300'\034KJj\012%9\3600\2316l\211\016"
 319      C0271C4B 
 319      4A6A0A25 
 319      39F03099 
 319      366C890E 
 320 0a10 3399FC96 		.ascii	"3\231\374\226.]\274X+k\232\260\210\320\230_\331\341"
 320      2E5DBC58 
 320      2B6B9AB0 
 320      88D0985F 
 320      D9E1
 321 0a22 9B3633F4 		.ascii	"\23363\364L\271'\334\231\371\357\344\341\257\235\015"
 321      4CB927DC 
 321      99F9EFE4 
 321      E1AF9D0D 
 322 0a32 0704FC17 		.ascii	"\007\004\374\027\262]9\003"
 322      B25D3903 
 323              		.text
 324              		.section	.gnu.lto_.symtab.2d26fbfa,"",%progbits
 325 0000 7374496E 		.ascii	"stInit\000"
 325      697400
 326 0007 00       		.ascii	"\000"
 327 0008 00       		.ascii	"\000"
 328 0009 00       		.ascii	"\000"
 329 000a 00000000 		.ascii	"\000\000\000\000\000\000\000\000"
 329      00000000 
 330 0012 AD000000 		.ascii	"\255\000\000\000"
 331 0016 73745374 		.ascii	"stStartAlarm\000"
 331      61727441 
 331      6C61726D 
 331      00
 332 0023 00       		.ascii	"\000"
 333 0024 00       		.ascii	"\000"
ARM GAS  C:\cygwin\tmp\ccI2cloI.s 			page 25


 334 0025 00       		.ascii	"\000"
 335 0026 00000000 		.ascii	"\000\000\000\000\000\000\000\000"
 335      00000000 
 336 002e BE000000 		.ascii	"\276\000\000\000"
 337 0032 73745374 		.ascii	"stStopAlarm\000"
 337      6F70416C 
 337      61726D00 
 338 003e 00       		.ascii	"\000"
 339 003f 00       		.ascii	"\000"
 340 0040 00       		.ascii	"\000"
 341 0041 00000000 		.ascii	"\000\000\000\000\000\000\000\000"
 341      00000000 
 342 0049 C0000000 		.ascii	"\300\000\000\000"
 343 004d 73745365 		.ascii	"stSetAlarm\000"
 343      74416C61 
 343      726D00
 344 0058 00       		.ascii	"\000"
 345 0059 00       		.ascii	"\000"
 346 005a 00       		.ascii	"\000"
 347 005b 00000000 		.ascii	"\000\000\000\000\000\000\000\000"
 347      00000000 
 348 0063 C2000000 		.ascii	"\302\000\000\000"
 349 0067 73744765 		.ascii	"stGetAlarm\000"
 349      74416C61 
 349      726D00
 350 0072 00       		.ascii	"\000"
 351 0073 00       		.ascii	"\000"
 352 0074 00       		.ascii	"\000"
 353 0075 00000000 		.ascii	"\000\000\000\000\000\000\000\000"
 353      00000000 
 354 007d C5000000 		.ascii	"\305\000\000\000"
 355 0081 73745F6C 		.ascii	"st_lld_init\000"
 355      6C645F69 
 355      6E697400 
 356 008d 00       		.ascii	"\000"
 357 008e 02       		.ascii	"\002"
 358 008f 00       		.ascii	"\000"
 359 0090 00000000 		.ascii	"\000\000\000\000\000\000\000\000"
 359      00000000 
 360 0098 C7000000 		.ascii	"\307\000\000\000"
 361              		.text
 362              		.section	.gnu.lto_.opts,"",%progbits
 363 0000 272D666D 		.ascii	"'-fmath-errno' '-fsigned-zeros' '-ftrapping-math' '"
 363      6174682D 
 363      6572726E 
 363      6F272027 
 363      2D667369 
 364 0033 2D666E6F 		.ascii	"-fno-trapv' '-fno-openmp' '-fno-openacc' '-mcpu=cor"
 364      2D747261 
 364      70762720 
 364      272D666E 
 364      6F2D6F70 
 365 0066 7465782D 		.ascii	"tex-m3' '-mno-thumb-interwork' '-mthumb' '-ggdb' '-"
 365      6D332720 
 365      272D6D6E 
 365      6F2D7468 
 365      756D622D 
ARM GAS  C:\cygwin\tmp\ccI2cloI.s 			page 26


 366 0099 4F322720 		.ascii	"O2' '-fomit-frame-pointer' '-falign-functions=16' '"
 366      272D666F 
 366      6D69742D 
 366      6672616D 
 366      652D706F 
 367 00cc 2D666675 		.ascii	"-ffunction-sections' '-fdata-sections' '-fno-common"
 367      6E637469 
 367      6F6E2D73 
 367      65637469 
 367      6F6E7327 
 368 00ff 2720272D 		.ascii	"' '-flto'\000"
 368      666C746F 
 368      2700
 369              		.text
 370              		.comm	__gnu_lto_v1,1,1
 371              		.comm	__gnu_lto_slim,1,1
 372              		.ident	"GCC: (GNU Tools for ARM Embedded Processors) 5.4.1 20160919 (release) [ARM/embedded-5-bran
ARM GAS  C:\cygwin\tmp\ccI2cloI.s 			page 27


DEFINED SYMBOLS
                            *ABS*:00000000 hal_st.c
                            *COM*:00000001 __gnu_lto_v1
                            *COM*:00000001 __gnu_lto_slim

NO UNDEFINED SYMBOLS
