ARM GAS  C:\cygwin\tmp\ccOYmjwj.s 			page 1


   1              		.syntax unified
   2              		.cpu cortex-m3
   3              		.fpu softvfp
   4              		.eabi_attribute 20, 1
   5              		.eabi_attribute 21, 1
   6              		.eabi_attribute 23, 3
   7              		.eabi_attribute 24, 1
   8              		.eabi_attribute 25, 1
   9              		.eabi_attribute 26, 1
  10              		.eabi_attribute 30, 2
  11              		.eabi_attribute 34, 1
  12              		.eabi_attribute 18, 4
  13              		.thumb
  14              		.syntax unified
  15              		.file	"hal_st_lld.c"
  16              		.text
  17              	.Ltext0:
  18              		.section	.gnu.lto_.profile.2d26ebe7,"",%progbits
  19 0000 789C6361 		.ascii	"x\234ca`d`a`\000\222\2262\000\000\370\000`"
  19      60646061 
  19      60009296 
  19      320000F8 
  19      0060
  20              		.text
  21              		.section	.gnu.lto_.icf.2d26ebe7,"",%progbits
  22 0000 789C6361 		.ascii	"x\234ca`d\000\001>\006\004`bXun\311Z\026\306\337\263"
  22      60640001 
  22      3E060460 
  22      6258756E 
  22      C95A16C6 
  23 0016 26ACE663 		.ascii	"&\254\346c\000\000-\011\005\302"
  23      00002D09 
  23      05C2
  24              		.text
  25              		.section	.gnu.lto_.jmpfuncs.2d26ebe7,"",%progbits
  26 0000 789C6361 		.ascii	"x\234ca`d\000\001s\006\004`\002\223@q\026\306\277L\214"
  26      60640001 
  26      73060460 
  26      02934071 
  26      16C6BF4C 
  27 0015 4F4F4E6E 		.ascii	"OONn\343\371\302\324\312\314\300(\303\270\234Q\006("
  27      E3F9C2D4 
  27      CACCC028 
  27      C3B89C51 
  27      0628
  28 0027 0314EDFA 		.ascii	"\003\024\355\372u\275\217\003\"\312\301\270\002$\312"
  28      75BD8F03 
  28      22CAC1B8 
  28      0224CA
  29 0036 00005D34 		.ascii	"\000\000]4\014\267"
  29      0CB7
  30              		.text
  31              		.section	.gnu.lto_.inline.2d26ebe7,"",%progbits
  32 0000 789C6361 		.ascii	"x\234ca`d\000\001+\006\004`b`\340\021ed`\342\273\027"
  32      60640001 
  32      2B060460 
  32      6260E011 
ARM GAS  C:\cygwin\tmp\ccOYmjwj.s 			page 2


  32      656460E2 
  33 0016 C0C0B640 		.ascii	"\300\300\266@\236\011$\306\310\005'\030Dd\200\2222\017"
  33      9E0924C6 
  33      C8052718 
  33      44648092 
  33      320F
  34 0028 6E31C265 		.ascii	"n1\302e\231y\300\272\030\000\261\000\005b"
  34      9979C0BA 
  34      1800B100 
  34      0562
  35              		.text
  36              		.section	.gnu.lto_.pureconst.2d26ebe7,"",%progbits
  37 0000 789C6361 		.ascii	"x\234ca`d`c```b\330\305\310(\005\000\003\241\000\344"
  37      60646063 
  37      60606062 
  37      D8C5C828 
  37      050003A1 
  38              		.text
  39              		.section	.gnu.lto_VectorB0.2d26ebe7,"",%progbits
  40 0000 789C8554 		.ascii	"x\234\205T]L\223W\030>\317w\276\376Pp\343\326\205\230"
  40      5D4C9357 
  40      183ECF77 
  40      BEFE5070 
  40      E3D68598 
  41 0014 72411693 		.ascii	"rA\026\223\205\317M\215\273]\330\215\211\235\011\365"
  41      85CF4D8D 
  41      BB5DD88D 
  41      899D09F5 
  42 0024 9E606DD6 		.ascii	"\236`m\326&\2555\375\220\350\025\007Je\2117^l\206,n"
  42      26AD35FD 
  42      90E81507 
  42      4A658937 
  42      5E6C862C 
  43 0039 4D661651 		.ascii	"Mf\026Q\007\010\233\333\212\302*\370;~\314\022\267\230"
  43      07089BDB 
  43      8AC22AF8 
  43      3B7ECC12 
  43      B798
  44 004b 70831051 		.ascii	"p\203\020Q\026b\352\304u.\226\356}O\013\203\326\271"
  44      1662EAC4 
  44      752E96EE 
  44      7D4F0B83 
  44      D6B9
  45 005d 73F17DE7 		.ascii	"s\361}\347|\317\373\274\357s\336\347mM\001\301\253\316"
  45      7CCFFBBC 
  45      EF73DEE7 
  45      6D4D01C1 
  45      ABCE
  46 006f 210468BB 		.ascii	"!\004h\273\213\366p\010\030\247f\204\350t\033\206\034"
  46      8BF67008 
  46      18A76684 
  46      E8741B86 
  46      1C
  47 0080 D92694C7 		.ascii	"\331&\224\307\374\315\022\252F\302,~6\001\336(7D\207"
  47      FCCD12AA 
  47      46C22C7E 
  47      3601DE28 
ARM GAS  C:\cygwin\tmp\ccOYmjwj.s 			page 3


  47      374487
  48 0093 214D74E0 		.ascii	"!Mt\340\271\22170\336\263\2306\266\237S\264\346\036"
  48      B9913730 
  48      DEB39836 
  48      B69F53B4 
  48      E61E
  49 00a5 E6AA545F 		.ascii	"\346\252T_\006I)D\301\320%\004\316a\273\240\260\371"
  49      06492944 
  49      C1D02504 
  49      CE61BBA0 
  49      B0F9
  50 00b7 A1D5CFB6 		.ascii	"\241\325\317\2668\2739\314[\004\321\007'\353\030l\316"
  50      38BB39CC 
  50      5B04D107 
  50      27EB186C 
  50      CE
  51 00c8 A84221A1 		.ascii	"\250B!\241T~G\341m\217\024I\252\310\017!\262\024\306"
  51      547E47E1 
  51      6D8F1449 
  51      AAC80F21 
  51      B214C6
  52 00db 259F1A06 		.ascii	"%\237\032\006\277\345\"\306G\206r\023\016f&\244\244"
  52      BFE522C6 
  52      47867213 
  52      0E6626A4 
  52      A4
  53 00ec ACA793E3 		.ascii	"\254\247\223\343w]+FR\032\340\"3\375\271\254\247x\344"
  53      775D2B46 
  53      521AE022 
  53      33FDB9AC 
  53      A778E4
  54 00ff 42267D3A 		.ascii	"B&}:;\360\347-w\012_\220(\211\013\250\303y\324\011\216"
  54      3BF0E72D 
  54      770A5F90 
  54      28890BA8 
  54      C379D409 
  55 0114 BD30BDF2 		.ascii	"\2750\275\362\314e\365\253nBL\\D\012\253Z2\276\201%"
  55      CC65F5AB 
  55      6E424C5C 
  55      440AAB5A 
  55      32BE8125 
  56 0128 16917879 		.ascii	"\026\221xybJ\026\013\231\305Z7\012\271\314\233\234\034"
  56      624A160B 
  56      99C55A37 
  56      0AB9CC9B 
  56      9C1C
  57 013a 30D04F59 		.ascii	"0\320OY\036\240{6\361V)\206\002\006\227\323/\266\024"
  57      1EA07B36 
  57      F1562986 
  57      020697D3 
  57      2FB614
  58 014d 030406B8 		.ascii	"\003\004\006\270\214`\355R\214lc\351+\331\334\202\226"
  58      8C60ED52 
  58      8C6C63E9 
  58      2BD9DC82 
  58      96
  59 015e BE415527 		.ascii	"\276AU'\313\364\213\327k\033\374W\333%X\033omR\241!"
ARM GAS  C:\cygwin\tmp\ccOYmjwj.s 			page 4


  59      CBF48BD7 
  59      6B1BFC57 
  59      DB25581B 
  59      6F6D52A1 
  60 0173 E2CCA3AB 		.ascii	"\342\314\243\253\226y\277t_:#\031p\200\005=\235\376"
  60      9679BF74 
  60      5F3A2319 
  60      7080053D 
  60      9DFE
  61 0185 7CE10D3E 		.ascii	"|\341\015>:\341\245\343\243\253=\367 \337\327\235\272"
  61      3AE1A5E3 
  61      A3AB3DF7 
  61      20DFD79D 
  61      BA
  62 0196 3C76BFD7 		.ascii	"<v\277\327\323pV\251.5\227?\357\273\366\365\011u\252"
  62      D37056A9 
  62      2E35973F 
  62      EFBBF6F5 
  62      0975AA
  63 01a9 D39D942E 		.ascii	"\323\235\224.|\007I\366\340[\2223\\\272\003.\243\201"
  63      7C0749F6 
  63      E05B9233 
  63      5CBA032E 
  63      A381
  64 01bb 383D4B6A 		.ascii	"8=Kj\324\344t.x\361=a\217\3205?\3323\265k\263\275\231"
  64      D4E4742E 
  64      78F13D61 
  64      8FD0353F 
  64      DA33B56B 
  65 01d2 C9977E6D 		.ascii	"\311\227~mn\241h\312F\350\342\351\223\350u\012\374\300"
  65      6EA168CA 
  65      46E8E2E9 
  65      93E8750A 
  65      FCC0
  66 01e4 A8518E0E 		.ascii	"\250Q\216\016\235\271\015\002\177dP\226\203/fS\334\327"
  66      9DB90D02 
  66      7F645096 
  66      832F6653 
  66      DCD7
  67 01f6 34836619 		.ascii	"4\203f\031\250\226\246\301\"\005F\030vT\014\034\256"
  67      A896A6C1 
  67      22054618 
  67      76540C1C 
  67      AE
  68 0207 506281AB 		.ascii	"Pb\201\253<q w\011\377*5\374\227\247>\207\224\352\365"
  68      3C712077 
  68      09FF2A35 
  68      FC97A73E 
  68      8794EAF5 
  69 021b 26A59B29 		.ascii	"&\245\233)\375\013W\224\333\244Nc\024\365\332\210\354"
  69      FD0B5794 
  69      DBA44E63 
  69      14F5DA88 
  69      EC
  70 022c F2BD5983 		.ascii	"\362\275Y\203\276`\014\246\276\262\300O\272\265}c\023"
  70      BE600CA6 
  70      BEB2C04F 
ARM GAS  C:\cygwin\tmp\ccOYmjwj.s 			page 5


  70      BAB57D63 
  70      13
  71 023d 0F6BEAFF 		.ascii	"\017k\352\377.\261\2538\366\217\201\341_\2535;\303l"
  71      2EB1AB38 
  71      F68F81E1 
  71      5FAB353B 
  71      C36C
  72 024f 5CA3319E 		.ascii	"\\\2431\236\207\241\273'\304c$\346>\235\234\332Zv\253"
  72      87A1BB27 
  72      C46324E6 
  72      3E9D9CDA 
  72      5A76AB
  73 0262 93F9B55E 		.ascii	"\223\371\265^9+E\217k\321\023\320P:\275<\353\352\310"
  73      392B458F 
  73      6BD113D0 
  73      503ABD3C 
  73      EBEAC8
  74 0275 AB4F94AA 		.ascii	"\253O\224\252MJO\301pi\034\327\321A\363S\275>\003\233"
  74      4D4A4FC1 
  74      70691CD7 
  74      D141F353 
  74      BD3E039B 
  75 0289 9C5DFAE8 		.ascii	"\234]\372\350\177\234\275\241\235]\037(\027\265\347"
  75      7F9CBDA1 
  75      9D5D1F28 
  75      17B5E7
  76 0298 E66B9C5D 		.ascii	"\346k\234]W\353\256t\366K\355\354-F\253*\235}\302Zo"
  76      57EBAE74 
  76      F64BEDEC 
  76      2D46AB2A 
  76      9D7DC25A 
  77 02ad 33E8A970 		.ascii	"3\350\251p\366Y\037;{\207\301\352rg\237\317\200E\012"
  77      F6591F3B 
  77      7B87C1EA 
  77      72679FCF 
  77      80450A
  78 02c0 FCFC1FCE 		.ascii	"\374\374\037\316N\352&Mmpv5\365`\254z\315\264\233\332"
  78      4EEA264D 
  78      6D707635 
  78      F560AC7A 
  78      CDB49BDA 
  79 02d4 B4696D5A 		.ascii	"\264imZ\271C3k\016q\001\375[5\365\377\014{u\275\000"
  79      B943336B 
  79      0E7101FD 
  79      5B35F5FF 
  79      0C7B75BD 
  80 02e9 BEE92B3B 		.ascii	"\276\351+;_C\334\273\245\266\377\216\256La\277\016\345"
  80      5F43DCBB 
  80      A5B6FF8E 
  80      AE4C61BF 
  80      0EE5
  81 02fb 95A599A7 		.ascii	"\225\245\231\247\024Tcwc\243\325\024\012\037\014\357"
  81      14546377 
  81      63A3D514 
  81      0A1F0CEF 
  82 030b F75B31DB 		.ascii	"\367[1\333\012\265F\254#\261x\233m\371\017\370v\276"
  82      0AB546AC 
ARM GAS  C:\cygwin\tmp\ccOYmjwj.s 			page 6


  82      23B1789B 
  82      6DF90FF8 
  82      76BE
  83 031d 67EDDBF7 		.ascii	"g\355\333\367\241u`\257\257\375]FZ\354\266\226H\344"
  83      A17560AF 
  83      AFFD5D46 
  83      5AECB696 
  83      48E4
  84 032f 50634038 		.ascii	"Pc@8\332[#G\203\326fn \026\215\306\016\227\350\0374"
  84      DA5B2347 
  84      83D6666E 
  84      20168DC6 
  84      0E97E81F 
  85 0344 FB9A7CC7 		.ascii	"\373\232|\307\254@(\020\213\007[\332\367D\033Cb\347"
  85      AC402810 
  85      8B075BDA 
  85      F7441B43 
  85      62E7
  86 0356 2BE383C7 		.ascii	"+\343\203\307\332\254&\237\177\257\337\012\037\016D"
  86      DAAC269F 
  86      7FAFDF0A 
  86      1F0E44
  87 0365 8E1E0A5A 		.ascii	"\216\036\012Z\201\250\035\266[>\016\004\210S_\251/f"
  87      81A81DB6 
  87      5B3E0E04 
  87      88535FA9 
  87      2F66
  88 0377 D323DEA6 		.ascii	"\323#\336\246\337\225\021\004\254\347\011\331\307m\212"
  88      DF951104 
  88      ACE709D9 
  88      C76D8A
  89 0386 A8F5F99B 		.ascii	"\250\365\371\233\275\007[\355\340\221x\370\035o\303"
  89      BD075BED 
  89      E09178F8 
  89      1D6FC3
  90 0395 0E61C485 		.ascii	"\016a\304\205+\032\214\306\342\307\305?\013D!."
  90      2B1A8CC6 
  90      E2C7C53F 
  90      0B44212E 
  91              		.text
  92              		.section	.gnu.lto_st_lld_init.2d26ebe7,"",%progbits
  93 0000 789C9D94 		.ascii	"x\234\235\224KL\023A\030\307\347\277\273\335.\025\014"
  93      4B4C1341 
  93      18C7E7BF 
  93      BBDD2E15 
  93      0C
  94 0011 9EEDC12B 		.ascii	"\236\355\301+\036XA\015G\017z1\201\230\010\027O\304"
  94      1E58410D 
  94      470F7A31 
  94      81980817 
  94      4FC4
  95 0023 C7011212 		.ascii	"\307\001\022\022\214\020\257\035l\013\204\003b\210$"
  95      8C10AF1D 
  95      6C0B8403 
  95      628824
  96 0032 1E0C4613 		.ascii	"\036\014F\023@\024J\021\220\326W)hAy\031\025H\0204&"
  96      40144A11 
ARM GAS  C:\cygwin\tmp\ccOYmjwj.s 			page 7


  96      90D65729 
  96      68417919 
  96      15481034 
  97 0047 10E22329 		.ascii	"\020\342#)R\321\230\300:\337l)\350I:\311\316\356<\372"
  97      52D198C0 
  97      3ADF6C29 
  97      E8493AC9 
  97      CEEE3CFA 
  98 005b FB7DDF3C 		.ascii	"\373}\337<\25210*>\007c\005\342\275_<P\031\224\246I"
  98      AA31302A 
  98      3E076305 
  98      E2BD5F3C 
  98      501994A6 
  99 0070 C66A0C05 		.ascii	"\306j\014\005\240\017n\200y\024x\360C\331P\020\255["
  99      A00F6E80 
  99      791478F0 
  99      43D95010 
  99      AD5B
 100 0082 0E2939ED 		.ascii	"\016)9\355\\\224\217Km\371\274#\002\277\312\230\245"
 100      5C948F4B 
 100      6DF9BC23 
 100      02BFCA98 
 100      A5
 101 0093 4812433B 		.ascii	"H\022C;r\230\230\366)\270y=K\367\321\264\003\366 :\240"
 101      729898F6 
 101      29B8793D 
 101      4BF7D1B4 
 101      03F6203A 
 102 00a8 932E703A 		.ascii	"\223.p:\302-\313\313\371\352\241\225\234}\012\363\253"
 102      C22DCBCB 
 102      F9EAA195 
 102      9C7D0AF3 
 102      AB
 103 00b9 42292A07 		.ascii	"B)*\007U:U\214\305\305\017H\275\252(\364V\227\021\015"
 103      553A558C 
 103      C5C50F48 
 103      BDAA28F4 
 103      5697110D 
 104 00cd AFBE3D42 		.ascii	"\257\276=B\010\257JQ\264\370\243S\316\204\342W\025\220"
 104      08AF4A51 
 104      B4F8A353 
 104      CE84E257 
 104      1590
 105 00df 6D3E30F1 		.ascii	"m>0\361\305\260\233\374V=\327(\200\321\206\254V\334"
 105      C5B09BFC 
 105      563DD728 
 105      80D186AC 
 105      56DC
 106 00f1 14C1A9E8 		.ascii	"\024\301\251\350\204\033w\341f4u\250q\245-\313\354\342"
 106      841B77E1 
 106      663475A8 
 106      71A52DCB 
 106      ECE2
 107 0103 BE1A9EED 		.ascii	"\276\032\236\355W5\334C+6e\360\270\017\223-\303\373"
 107      5735DC43 
 107      2B3665F0 
 107      B80F932D 
ARM GAS  C:\cygwin\tmp\ccOYmjwj.s 			page 8


 107      C3FB
 108 0115 4BB73DAA 		.ascii	"K\267=\252\255\352\033\211\325J6D\351\022\024\021L\013"
 108      ADEA1B89 
 108      D54A3644 
 108      E9121411 
 108      4C0B
 109 0127 68CA2E2C 		.ascii	"h\312.,\335\333\226\000L\301&J\370\332\214f\253\034"
 109      DDDB9600 
 109      4CC1264A 
 109      F8DA8C66 
 109      AB1C
 110 0139 3B5372C8 		.ascii	";Sr\310\224\032\274C\275\206\335\344\221&\276WtM/\016"
 110      941ABC43 
 110      BD86DDE4 
 110      9126BE57 
 110      744D2F0E 
 111 014d CEB86C9B 		.ascii	"\316\270l\233\216\240\260\365$m\003k\337\257f\356\260"
 111      8EA0B0F5 
 111      246D036B 
 111      DFAF66EE 
 111      B0
 112 015e F54A1B2D 		.ascii	"\365J\033-6\036\374\235S\322\365m|\351\266f\347\304"
 112      361EFC9D 
 112      53D2F56D 
 112      7CE9B666 
 112      E7C4
 113 0170 B3D1F74F 		.ascii	"\263\321\367OR\377\355\351\337\366\014PV:a\022\361Y"
 113      52FFEDE9 
 113      DFF60C50 
 113      563A6112 
 113      F159
 114 0182 9F33494A 		.ascii	"\2373IJ\345\344\2249Mv\375\214\273\354&\035\014\332"
 114      E5E49439 
 114      4D76FD8C 
 114      BBEC261D 
 114      0CDA
 115 0194 A63BDDEB 		.ascii	"\246;\335\3531C\270j\250\343\230\330}\003\203\302\370"
 115      3143B86A 
 115      A8E398D8 
 115      7D0383C2 
 115      F8
 116 01a5 3069EC9C 		.ascii	"0i\354\234H\2549\311\010\362\205\244O\036\2460L1\034"
 116      48AC39C9 
 116      08F285A4 
 116      4F1EA630 
 116      4C311C
 117 01b8 1B5EF729 		.ascii	"\033^\367)\004\324\320zC\301#;\221D\317\373T\004\273"
 117      04D4D07A 
 117      43C1233B 
 117      9144CFFB 
 117      5404BB
 118 01cb E23F967C 		.ascii	"\342?\226|\225\370O$?<\367\256\300\306[\226\212\247"
 118      95F84F24 
 118      3F3CF7AE 
 118      C0C65B96 
 118      8AA7
 119 01dd 497C3C4D 		.ascii	"I|<M\3743\211\327\010\037\221\370\324\362h`\030\332"
ARM GAS  C:\cygwin\tmp\ccOYmjwj.s 			page 9


 119      FC3389D7 
 119      081F91F8 
 119      D4F26860 
 119      18DA
 120 01ef 0A7E211D 		.ascii	"\012~!\035z\006\242\222.n2\015Y-\301\005=/@;\305\317"
 120      7A06A292 
 120      2E6E320D 
 120      592DC105 
 120      3D2F403B 
 121 0205 107F1826 		.ascii	"\020\177\030&\016\272\345\001\034A^J\026OK\246\341\271"
 121      0EBAE501 
 121      1C415E4A 
 121      164F4BA6 
 121      E1B9
 122 0217 94E9847B 		.ascii	"\224\351\204{!\310\251\330\027\323\303\305$\316I\270"
 122      21C8A9D8 
 122      17D3C3C5 
 122      24CE49B8 
 123 0227 D11DB878 		.ascii	"\321\035\270x\232\2701\2113\010\367R.t\177\335x\320"
 123      9AB83189 
 123      3308F752 
 123      2E747FDD 
 123      78D0
 124 0239 652F34F0 		.ascii	"e/4\360j+\330\017\351\321\307%=\203\350\023\"X\302\255"
 124      6A2BD80F 
 124      E9D1C725 
 124      3D83E813 
 124      2258C2AD 
 125 024d C01F697E 		.ascii	"\300\037i~#\357\017\315\017\205\276\316;=\033\274\236"
 125      23EF0FCD 
 125      0F85BECE 
 125      3B3D1BBC 
 125      9E
 126 025e D33D7159 		.ascii	"\323=qYtE0\011\017\215-\2155\327fR({\204`\012n\272\352"
 126      74453009 
 126      0F8D2D8D 
 126      35D76652 
 126      287B8460 
 127 0276 BF671B0D 		.ascii	"\277g\033\015\273\313\3004\334~5\223}\306\225\310\353"
 127      BBCBC034 
 127      DC7E3593 
 127      7DC695C8 
 127      EB
 128 0287 6209A412 		.ascii	"b\011\244\022\027\010\361G(\216\376\321\334\\\363xY"
 128      1708F147 
 128      288EFED1 
 128      DC5CF378 
 128      59
 129 0298 F9B9F253 		.ascii	"\371\271\362S\305fe\225Yv\266\302\274Xy\251\272\312"
 129      C5666595 
 129      5976B6C2 
 129      BC5879A9 
 129      BACA
 130 02aa 2C2E293A 		.ascii	",.):\234o\026\026\2360KN\026]\316\243\221\322\252\352"
 130      9C6F1616 
 130      9E304B4E 
 130      165DCEA3 
ARM GAS  C:\cygwin\tmp\ccOYmjwj.s 			page 10


 130      91D2AAEA 
 131 02be D28A8A0B 		.ascii	"\322\212\212\013\271\347\331\037\0379\356\277"
 131      B9E7D91F 
 131      1F39EEBF 
 132              		.text
 133              		.section	.gnu.lto_.symbol_nodes.2d26ebe7,"",%progbits
 134 0000 789C6361 		.ascii	"x\234ca`d(d\000\002\246K\214\365\014\014\023\31610\000"
 134      60642864 
 134      0002A64B 
 134      8CF50C0C 
 134      13CE3130 
 135 0015 A95D0D8A 		.ascii	"\251]\015\212@\221\313\214\365\214(\"\214W\030\353\231"
 135      4091CB8C 
 135      F58C2822 
 135      8C5718EB 
 135      99
 136 0026 C0220C0C 		.ascii	"\300\"\014\014\015\015\012@\201\253\214\365\314(\002"
 136      0D0D0A40 
 136      81AB8CF5 
 136      CC2802
 137 0035 D718EB59 		.ascii	"\327\030\353Y\220\005\230\201\260\345\33016f\006&\206"
 137      90059881 
 137      B0E5D831 
 137      36660626 
 137      86
 138 0046 96F637F2 		.ascii	"\226\3667\362\314\214,\014O\2004\003\000A\331\033\313"
 138      CC8C2C0C 
 138      4F803403 
 138      0041D91B 
 138      CB
 139              		.text
 140              		.section	.gnu.lto_.refs.2d26ebe7,"",%progbits
 141 0000 789C6361 		.ascii	"x\234ca`\004B \000\000\0009\000\007"
 141      60044220 
 141      00000039 
 141      0007
 142              		.text
 143              		.section	.gnu.lto_.decls.2d26ebe7,"",%progbits
 144 0000 789CB558 		.ascii	"x\234\265X{LTW\032\237s\317\360~\271@\214\331\370\207"
 144      7B4C5457 
 144      1A9F73CF 
 144      F07EB940 
 144      8CD9F887 
 145 0014 6DC84A36 		.ascii	"m\310J6)#\322\315v\373Wu\300\312\246\250\031h\263\311"
 145      2923D2CD 
 145      76FB5775 
 145      C0CAA6A8 
 145      1968B3C9 
 146 0028 9A4C1047 		.ascii	"\232L\020G\235,\017\027F\253\311&{+\024\001\245\274"
 146      9D2C0F17 
 146      46ABC926 
 146      7B2B1401 
 146      A5BC
 147 003a 1479A980 		.ascii	"\024y\251\200\002\202\240<D\004T\006\250\200<\224\002"
 147      0282A03C 
 147      44045406 
 147      A8803C94 
ARM GAS  C:\cygwin\tmp\ccOYmjwj.s 			page 11


 147      02
 148 004b A21411AA 		.ascii	"\242\024\021\252\370\350\252\025E\036\276\367;\347\334"
 148      F8E8AA15 
 148      451EBEF7 
 148      3BE7DC
 149 005a E1DC1906 		.ascii	"\341\334\031\006\333d\263\023?\356\375\316\375}\277"
 149      DB64B313 
 149      3FEEFDCE 
 149      FD7DBF
 150 0069 F33DCE3D 		.ascii	"\363=\316=\347\273*\025HA~\216\213\025\212\001\254P"
 150      E7BB2A15 
 150      48417E8E 
 150      8B158A01 
 150      AC50
 151 007b AC05F51D 		.ascii	"\254\005\365\035\374\340V\361\025\010yZ\245`?\033\220"
 151      FCE056F1 
 151      1508795A 
 151      A5603F1B 
 151      90
 152 008c 5A903A90 		.ascii	"Z\220:\220z\220F\020\243b\376\217`\234%\373\345 J \021"
 152      7A904610 
 152      A362FE8F 
 152      609C25FB 
 152      E5204A20 
 153 00a1 40DAE0DE 		.ascii	"@\332\340\336\035\304S\342t\206\261\337\201\270\203"
 153      1DC453E2 
 153      7486B1DF 
 153      81B883
 154 00b0 9C91E67A 		.ascii	"\234\221\346z\011\342\"qx\302\300b\220% \277\007Y\006"
 154      09E22271 
 154      78C2C062 
 154      902520BF 
 154      075906
 155 00c3 F22162F3 		.ascii	"\362!b\363z\301\365\017 \336 \177D\314\037\313_\235"
 155      7AC1F50F 
 155      20DE207F 
 155      44CC1FCB 
 155      5F9D
 156 00d5 C465F223 		.ascii	"\304e\362#\000p\376\222\037\353\340\032\204\270o\003"
 156      0070FE92 
 156      1FEBE01A 
 156      84B86F03 
 157 00e5 30B61E31 		.ascii	"0\266\0361\277\232H>@>\001\375\257 \323p\377\032d\006"
 157      BF9A483E 
 157      403E01FD 
 157      AF20D370 
 157      FF1A6406 
 158 00f9 E405C853 		.ascii	"\344\005\310S\005s\366\035\\\236\203\010\322\\\326r"
 158      0573F61D 
 158      5C9E8308 
 158      D25CD672 
 159 0109 F1464023 		.ascii	"\361F@#\035\245'\361s\001-wD$\263n0t\372Q\375\013\027"
 159      1DA527F1 
 159      73012D77 
 159      4424B36E 
 159      3074FA51 
 160 0120 364410A3 		.ascii	"6D\020\243/N\254\361)\027\341\227*\212\202\300M\373"
ARM GAS  C:\cygwin\tmp\ccOYmjwj.s 			page 12


 160      2F4EACF1 
 160      2917E197 
 160      2A8A82C0 
 160      4DFB
 161 0132 529E1DB7 		.ascii	"R\236\035\267\303N\024\364C\\e\036\241qwDJP\237\366"
 161      C34E14F4 
 161      435C651E 
 161      A1717744 
 161      4A509FF6 
 162 0146 E4DC7105 		.ascii	"\344\334q\005\325\323\021-{#\010m\3115\325N\310\333"
 162      D5D3112D 
 162      7B23086D 
 162      C935D54E 
 162      C8DB
 163 0158 B198B08C 		.ascii	"\261\230\260\214\215\034w\256\027\305E\350\024rDe\010"
 163      8D1C77AE 
 163      17C545E8 
 163      14724465 
 163      08
 164 0169 A352E443 		.ascii	"\243R\344C\\^N\242J\020\305=bj\254\350\336\341\252@"
 164      5C5E4EA2 
 164      4A10C53D 
 164      626AACE8 
 164      DEE1AA40 
 165 017d E568293A 		.ascii	"\345h):\211\226*P\005\362&\336\020 :\001\203%0\010\263"
 165      89962A50 
 165      05F226DE 
 165      10203A01 
 165      83253008 
 166 0192 941E4F2B 		.ascii	"\224\036O+\264\305\033\210\003B\366\231\262\031\307"
 166      B4C51B88 
 166      0342F699 
 166      B219C7
 167 01a1 B92926E3 		.ascii	"\271)&\343?.'ST\301\024\247\371\0240\343\202sTZ\231"
 167      3F2E2753 
 167      54C114A7 
 167      F91430E3 
 167      8273545A 
 168 01b6 83D8C33C 		.ascii	"\203\330\303<\027\372_]Q\016\243!\004\301\243E4|\204"
 168      17FA5F5D 
 168      510EA321 
 168      04C1A345 
 168      347C84
 169 01c9 D85F4445 		.ascii	"\330_DE\301\204\252p#\320\277\012>\204L@I\027L\267\212"
 169      C184AA70 
 169      23D0BF0A 
 169      3E844C40 
 169      49174CB7 
 170 01de 3932FA4F 		.ascii	"92\372O\262\247k\234\376(\011gG\222\021\323%c\005\222"
 170      B2A76B9C 
 170      FE280967 
 170      479211D3 
 170      25630592 
 171 01f2 74814F80 		.ascii	"t\201O\200\230j2\220\3611w%:\356\363\\L\310T\335\307"
 171      986A3290 
 171      F1317725 
 171      3AEEF35C 
ARM GAS  C:\cygwin\tmp\ccOYmjwj.s 			page 13


 171      4CC854DD 
 172 0207 4F1E95B8 		.ascii	"O\036\225\270\342\004D\313\373\346rn\216\260$\223.\202"
 172      E20444CB 
 172      FBE6726E 
 172      8EB02493 
 172      2E82
 173 0219 58719912 		.ascii	"Xq\231\022}\265x.s\012t\006-\201\277\233\224\314\360"
 173      7DB5782E 
 173      730A7406 
 173      2D81BF9B 
 173      94CCF0
 174 022c 54437C92 		.ascii	"TC|\222\333\207\371b~\2458\326\337\031\225Q-\212\211"
 174      DB87F962 
 174      7EA538D6 
 174      DF199551 
 174      2D8A89
 175 023f 60A72430 		.ascii	"`\247$0T\303\213\001\267\344R\215\206\301\203Z\364!"
 175      54C38B01 
 175      B7E4528D 
 175      86C1835A 
 175      F421
 176 0251 5936FB9F 		.ascii	"Y6\373\237\344\273\341v6\347\376\366\332\014\304x\214"
 176      E4BBE176 
 176      36E7FEF6 
 176      DA0CC478 
 176      8C
 177 0262 75E9385B 		.ascii	"u\3518[4\306\001\215@i\316r\232\263r\232:J3:1\331\356"
 177      34C6018D 
 177      4069CE72 
 177      9AB3729A 
 177      3A4A333A 
 178 0279 84FB194D 		.ascii	"\204\373\031M\331\343\242)B3\006\313\342pJ\304\336c"
 178      D9E3A229 
 178      423306CB 
 178      E2704AC4 
 178      DE63
 179 028b F1C65444 		.ascii	"\361\306TD}F\3478\3139\312\0027\365\224!\261\2565\031"
 179      7D46E738 
 179      CB39CA02 
 179      37F59421 
 179      B1AE3519 
 180 029f E34C8132 		.ascii	"\343L\2012\210\027\206\353\224\022Cu\306\316\003\261"
 180      881786EB 
 180      94124375 
 180      C6CE03B1 
 181 02af F96BA979 		.ascii	"\371k\251y\0037o0\2317R\363\334\201\333\307\004\334"
 181      03376F30 
 181      993752F3 
 181      DC81DBC7 
 181      04DC
 182 02c1 C5CCF73E 		.ascii	"\305\314\367>:>((\311\322!\253\021\262\004c\3437\233"
 182      3A3E2828 
 182      C9D221AB 
 182      11B20463 
 182      E3379B
 183 02d4 87DCE6C6 		.ascii	"\207\334\346\306. :x(\363\340\224\335\202In\242I\276"
 183      2E203A78 
ARM GAS  C:\cygwin\tmp\ccOYmjwj.s 			page 14


 183      28F3E094 
 183      DD82496E 
 183      A249BE
 184 02e7 88A42C3F 		.ascii	"\210\244,?KL\350t\220\234\232\315\\\237F\234\002\010"
 184      4B4CE874 
 184      909C9ACD 
 184      5C9F469C 
 184      0208
 185 02f9 3ACF9D3A 		.ascii	":\317\235:or\312H\235\252\373\351`\223\003{Eo\020\206"
 185      6F72CA48 
 185      9DAAFBE9 
 185      6093037B 
 185      456F1086 
 186 030d 9CC6E79D 		.ascii	"\234\306\347\2356L\267'\217\1779Y\347\302^Y#y\334\177"
 186      364CB727 
 186      8F7F3959 
 186      E7C25E59 
 186      2379DC7F 
 187 0321 AF20CE99 		.ascii	"\257 \316\231=\356%z\353`\373\204\022'a\032SoIB/v\204"
 187      3DEE257A 
 187      EB60FB84 
 187      1227611A 
 187      536F4942 
 188 0338 1729F6B7 		.ascii	"\027)\366\267\275H`\322\335\375\252\307\006\2472\373"
 188      BD4860D2 
 188      DDFDAAC7 
 188      06A732FB 
 189 0348 7D976ADB 		.ascii	"}\227j\333\244\355\242\203\350\007\032Z\033\235p\006"
 189      A4EDA283 
 189      E8071A5A 
 189      1B9D7006 
 190 0358 7B7827E9 		.ascii	"{x'\351v\253-\316b\212\311-w\311\255\243\303S\235\010"
 190      76AB2DCE 
 190      628AC92D 
 190      77C9ADA3 
 190      C3539D08 
 191 036c E7B1878D 		.ascii	"\347\261\207\215u\347\333\244\020V\220\015i\242\373"
 191      75E7DBA4 
 191      1056900D 
 191      69A2FB
 192 037b B0135317 		.ascii	"\260\023S\027\201z\366\336\3456G\026\221\210\310k\334"
 192      817AF6DE 
 192      E5364716 
 192      9188C86B 
 192      DC
 193 038c 77F3335C 		.ascii	"w\3633\\\300,[\236U\226H\321aP\237\314\024&\332\223"
 193      C02C5B9E 
 193      559648D1 
 193      61509FCC 
 193      1426DA93 
 194 03a0 7844291E 		.ascii	"xD)\036\362\200\347\276\217\354\033H\265\024\375\300"
 194      F280E7BE 
 194      8FEC1B48 
 194      B514FDC0 
 195 03b0 62D97B78 		.ascii	"b\331{x\264\306\306=U\332\023?3\320*^\005\370\025\012"
 195      B4C6C63D 
 195      55DA133F 
ARM GAS  C:\cygwin\tmp\ccOYmjwj.s 			page 15


 195      33D02A5E 
 195      05F8150A 
 196 03c4 EF47EE26 		.ascii	"\357G\356&#\202\276\365:\357\022\226\243\333\336\207"
 196      2382BEF5 
 196      3AEF1296 
 196      A3DBDE87 
 197 03d4 3E75ACE8 		.ascii	">u\254\350\220#.bn\346N\216\374,\325\314\033\324\342"
 197      90232E62 
 197      6EE64E8E 
 197      FC2CD5CC 
 197      1BD4E2
 198 03e7 E9C6587B 		.ascii	"\351\306X{\\\312\236e\\<\334c\207+\230b\332p\335\351"
 198      5CCA9E65 
 198      5C3CDC63 
 198      872B9862 
 198      DA70DDE9 
 199 03fb 868BF65C 		.ascii	"\206\213\366\\_\215\253\330\223\246\264\364\021\204"
 199      5F8DABD8 
 199      93A6B4F4 
 199      1184
 200 0409 6B99F24B 		.ascii	"k\231\362K\334\3351)CK@=\330\365p9n`\217\336v\264.\307"
 200      DCDD3129 
 200      434B403D 
 200      D8F57039 
 200      6E608FDE 
 201 0421 4676DF76 		.ascii	"Fv\337v\366D\011\302mLy\226\323\366\320\021w2%\277/"
 201      F64409C2 
 201      6D4C7996 
 201      D3F6D011 
 201      773225BF 
 202 0436 EF9C3DEE 		.ascii	"\357\234=\356aJ\361lf\2613\356c\312@\375\265\004'|\235"
 202      614AF16C 
 202      66B133EE 
 202      63CA40FD 
 202      B504277C 
 203 044b 29095555 		.ascii	")\011UUYNx\230){\032\207\322\334\330\244ct\361\027\215"
 203      594E7898 
 203      297B1A87 
 203      D2DCD8A4 
 203      6374F117 
 204 0460 E73B4875 		.ascii	"\347;Hu\261\005=\251\257{\006\341Q\006\256=<x\304i\341"
 204      B1053DA9 
 204      AF7B06E1 
 204      5106AE3D 
 204      3C78C469 
 205 0475 4A3C3055 		.ascii	"J<0Ub\005-D\356\320\333J7)\265FS!Z\001\335B\321?\323"
 205      62052D44 
 205      EED0DB4A 
 205      3729B546 
 205      53215A01 
 206 048e D43E30A5 		.ascii	"\324>0\245\266:\243\250\315^\216n{\017zq\307\350\370"
 206      B63AA3A8 
 206      CD5E8E6E 
 206      7B0F7A71 
 206      C7E8F8
 207 04a1 2907E465 		.ascii	")\007\344e\361\363\366\362\362\360\362*\024\343b\305"
 207      F1F3F6F2 
ARM GAS  C:\cygwin\tmp\ccOYmjwj.s 			page 16


 207      F2F0F22A 
 207      14E362C5 
 208 04b1 B1ECA33B 		.ascii	"\261\354\243;3K\342\305\324PJt\011\336\274\267\310\203"
 208      334BE2C5 
 208      D4504A74 
 208      09DEBCB7 
 208      C883
 209 04c3 BF08DF53 		.ascii	"\277\010\337S\326r\362WA\015\214\325\303\316&\364\210"
 209      D672F257 
 209      410D8CD5 
 209      C3CE26F4 
 209      88
 210 04d4 25FAE63C 		.ascii	"%\372\346<t\026G\337\266D3\217}9\370\014\007\017[\202"
 210      741647DF 
 210      B644338F 
 210      7D39F80C 
 210      070F5B82 
 211 04e8 872CC1BD 		.ascii	"\207,\301\275\034\334m\011\356\232\347\307y\216\276"
 211      1CDC6D09 
 211      EE9AE7C7 
 211      798EBE
 212 04f7 6689EEB1 		.ascii	"f\211\356\261\244\316\341\340\237\254;-\247\036\340"
 212      A4CEE1E0 
 212      9FAC3B2D 
 212      A71EE0
 213 0506 E8CB96E8 		.ascii	"\350\313\226\350\016s\3647\242\361\307\277\023\360\177"
 213      0E73F437 
 213      A2F1C7BF 
 213      13F07F
 214 0515 903BBA2F 		.ascii	"\220;\272/\201M\305C\315\226~\034\340\314\343\226\314"
 214      814DC543 
 214      CD967E1C 
 214      E0CCE396 
 214      CC
 215 0526 2A0B6C1F 		.ascii	"*\013l\037\307vZ\367B\006>\307\3017,\301\203\226\340"
 215      C7765AF7 
 215      42063EC7 
 215      C1372CC1 
 215      8396E0
 216 0539 4A0EBE65 		.ascii	"J\016\276e\275\3402\360 \007\267[_K\276<\027\027i.\006"
 216      BDE032F0 
 216      2007B75B 
 216      5F4BBE3C 
 216      1717692E 
 217 054e 2017BD12 		.ascii	" \027\275\022\326\264\243H5\221\2479\2173\217Y2_\341"
 217      D6B4A348 
 217      3591A739 
 217      8F338F59 
 217      325FE1
 218 0561 CCB47732 		.ascii	"\314\264w2f\000X\264' \205t\222(\346\210\032\207\227"
 218      660058B4 
 218      27208574 
 218      9228E688 
 218      1A8797
 219 0574 92731853 		.ascii	"\222s\030S\252\353\326\303\227O|\226O\374\243\365U\311"
 219      AAEBD6C3 
 219      974F7C96 
ARM GAS  C:\cygwin\tmp\ccOYmjwj.s 			page 17


 219      4FFCA3F5 
 219      55C9
 220 0586 D069D2E6 		.ascii	"\320i\322\346(\"\203\002\335\003\304]\372\220\340\301"
 220      28228302 
 220      DD03C45D 
 220      FA90E0C1 
 221 0596 05F40A8E 		.ascii	"\005\364\012\216\224\347\310\013\211\202\027z\014\327"
 221      94E7C80B 
 221      8982177A 
 221      0CD7
 222 05a4 A7202F41 		.ascii	"\247 /A\336\201\314\200<\002\371\005\344\015\3104\310"
 222      DE81CC80 
 222      3C02F905 
 222      E40DC834 
 222      C8
 223 05b5 6B900990 		.ascii	"k\220\011\220\027 O@\246@\236\201\314\202<\004\231D"
 223      17204F40 
 223      A6409E81 
 223      CC823C04 
 223      9944
 224 05c7 5EB2A08E 		.ascii	"^\262\240\216p'G\255gG\036R&G\337\261\272\260\030\230"
 224      702747AD 
 224      67471E52 
 224      2647DFB1 
 224      BAB01898 
 225 05db B4D6DD83 		.ascii	"\264\326\335\203'\\q\266\222\366\247\003\261\025\245"
 225      275C71B6 
 225      92F6A703 
 225      B115A5
 226 05ea 0879785B 		.ascii	"\010yx[\215\024\305\012\336\377\367`YuG\206\021\251"
 226      8D14C50A 
 226      DEFFF760 
 226      59754786 
 226      11A9
 227 05fc EE1EC103 		.ascii	"\356\036\301\003}#\314\265\012\244\330\324g\361\333"
 227      7D23CCB5 
 227      0AA4D8D4 
 227      67F1DB
 228 060b ECEBAECE 		.ascii	"\354\353\256\316I\274C\246H\276\377\306\011\316\264"
 228      49BC43A6 
 228      48BEFFC6 
 228      09CEB4
 229 061a A5802BA0 		.ascii	"\245\200+\240/\275\2331J;\273 ;\177=\331\371{m\366\302"
 229      2FBD9B31 
 229      4A3BBB20 
 229      3B7F3DD9 
 229      F97B6DF6 
 230 062f 4B675C44 		.ascii	"Kg\\D\343W\326\354\031-pE\336K\021P!\326\245\223\317"
 230      E357D6EC 
 230      192D7045 
 230      DE4B1150 
 230      21D6A593 
 231 0644 0905DA27 		.ascii	"\011\005\332'8\242\275\0026}\222\344\210\260\367O\374"
 231      38A2BD02 
 231      367D92E4 
 231      88B0F74F 
 231      FC
ARM GAS  C:\cygwin\tmp\ccOYmjwj.s 			page 18


 232 0655 9B0CC3BD 		.ascii	"\233\014\303\275=\275\322\206}\242P\264]\242@~t\353"
 232      3DBDD286 
 232      7DA250B4 
 232      5DA2407E 
 232      74EB
 233 0667 47099030 		.ascii	"G\011\2200\362H\201\222\204\245(Q\240\247\301\215\231"
 233      F2488192 
 233      84A52851 
 233      A0A7C18D 
 233      99
 234 0678 D11917BE 		.ascii	"\321\031\027\276\277#\312\035\017\317\277\025\210\357"
 234      BF23CA1D 
 234      0FCFBF15 
 234      88EF
 235 0686 FB05BEBF 		.ascii	"\373\005\276\277\023\205\034E\257*\032\244c\223\234"
 235      13851C45 
 235      AF2A1AA4 
 235      63939C
 236 0695 444FEECC 		.ascii	"DO\356\314\334~O\033\360\235 \035>\311l\276\347I\337"
 236      DC7E4F1B 
 236      F09D201D 
 236      3EC96CBE 
 236      E749DF
 237 06a8 CE485D8C 		.ascii	"\316H]\214\035\250'\356\345}\347\314\302\377\004\324"
 237      1DA827EE 
 237      E57DE7CC 
 237      C2FF04D4 
 238 06b8 F8FCCC27 		.ascii	"\370\374\314'N\374\330g\336\244\2027)\324\2334\352\015"
 238      4EFCD867 
 238      DEA48237 
 238      29D49B34 
 238      EA0D
 239 06ca A5A40A58 		.ascii	"\245\244\012X\274\272{\372\276\263Y\362I\233\311\347"
 239      BCBA7BFA 
 239      BEB359F2 
 239      499BC9E7 
 240 06da 4F179C4D 		.ascii	"O\027\234M\005K\247\371\277_\"\316\270\3422\232a\324"
 240      054BA7F9 
 240      BF5F22CE 
 240      B8E2329A 
 240      61D4
 241 06ec 6CEC386D 		.ascii	"l\3548m\017\035\241\021\372\356Ww\326&\304v\355\027"
 241      0F1DA111 
 241      FAEE5777 
 241      D626C476 
 241      ED17
 242 06fe F3F7889F 		.ascii	"\363\367\210\237\261f5\203\027;C\220u\314\007\004\322"
 242      B1663583 
 242      173B4390 
 242      75CC0704 
 242      D2
 243 070f 1B4E4C77 		.ascii	"\033NLw\245a<\312\210\316\3075\246\332ID\325\031\332"
 243      A5613CCA 
 243      88CEC735 
 243      A6DA4944 
 243      D519DA
 244 0722 CC58B103 		.ascii	"\314X\261\003B\360\2424\0079\315A9M&\245i\235\036\254"
ARM GAS  C:\cygwin\tmp\ccOYmjwj.s 			page 19


 244      42F0A234 
 244      0739CD41 
 244      394D26A5 
 244      699D1EAC 
 245 0736 B0C3138C 		.ascii	"\260\303\023\214\346]\325\321\327&\177\362\256\376+"
 245      E65DD5D1 
 245      D7267FF2 
 245      AEFE2B
 246 0745 9B7D07B4 		.ascii	"\233}\007\264\260\357\200C\234\347\220\234'\213\362"
 246      B0EF8043 
 246      9CE7909C 
 246      278BF2
 247 0754 14CFCCEE 		.ascii	"\024\317\314\356s\305\2616\254\3778\322\231\205\031"
 247      73C5B136 
 247      ACFF38D2 
 247      998519
 248 0763 8F71600B 		.ascii	"\217q`\013\373\014(`\237\001\331\234%[\316\222CY\256"
 248      FB0C2860 
 248      9F01D99C 
 248      255BCE92 
 248      4359AE
 249 0776 DF6BD98C 		.ascii	"\337k\331\214\223\031IY\305\221JW\234\313\224}-\255"
 249      93194959 
 249      C5914A57 
 249      9CCB947D 
 249      2DAD
 250 0788 79B6D07D 		.ascii	"y\266\320}\243<j\264@\217>4X\350\267`7~T \335\370\021"
 250      A33C6AB4 
 250      408F3E34 
 250      58E8B760 
 250      377E5420 
 251 079f 41EAC66F 		.ascii	"A\352\306o>\232|\354 \305Z\363p{\307\263\273\242\230"
 251      3E9A7CEC 
 251      20C55AF3 
 251      707BC7B3 
 251      BBA298
 252 07b2 2E8A71C8 		.ascii	".\212q\310\223 Q\256\311OtXP\022\215\273\232O]\235\235"
 252      932051AE 
 252      C94F7458 
 252      50128DBB 
 252      9A4F5D9D 
 253 07c7 6A6EB6C7 		.ascii	"jn\266\307#\314\275\241\356"
 253      23CCBDA1 
 253      EE
 254 07d0 E949C7B9 		.ascii	"\351I\307\271B\356\3122/d\001\217\271@NTH\211\012o\014"
 254      42EECA32 
 254      2F64018F 
 254      B9404E54 
 254      48890A6F 
 255 07e5 55DBE2A7 		.ascii	"U\333\342\247\214\250\250\272\354\256TH\343\271Mf\231"
 255      8CA8A8BA 
 255      ECAE5448 
 255      E3B94D66 
 255      99
 256 07f6 3BC6598E 		.ascii	";\306Y\216\311Y\216S\226\003E\355\211J\034oKY\206'\223"
 256      C9598E53 
 256      960345ED 
ARM GAS  C:\cygwin\tmp\ccOYmjwj.s 			page 20


 256      894A1C6F 
 256      4B598627 
 257 080b BBD0DC72 		.ascii	"\273\320\334r\330a\266\034\2128M\221\234\246\230\322"
 257      D861B61C 
 257      8A384D91 
 257      9CA698D2 
 258 081b 5C1EAF68 		.ascii	"\\\036\257h\201\015\220\321t\025\2740\232h\362R\326"
 258      810D90D1 
 258      7415BC30 
 258      9A68F252 
 258      D6
 259 082c E4982D87 		.ascii	"\344\230-\207\022\316S\"\3479Ay\306\216\336\317p\301"
 259      12CE5322 
 259      E7394179 
 259      C68EDECF 
 259      70C1
 260 083e A7184F62 		.ascii	"\247\030Ob\362\303\011\033)\2503[\315\202*\345,\245"
 260      F2C3091B 
 260      29A8335B 
 260      CD822AE5 
 260      2CA5
 261 0850 729632CA 		.ascii	"r\2262\312\222\326:5\351\204\033\030KOb:\254\337&\246"
 261      92D63A35 
 261      E9841B18 
 261      4B4F623A 
 261      ACDF26A6 
 262 0864 3CED6D4D 		.ascii	"<\355mMr\300\355LIj\036\212w\300W\231R\360\240>\303"
 262      72C0ED4C 
 262      496A1E8A 
 262      77C05799 
 262      52F0A03E 
 263 0879 0D0F32E5 		.ascii	"\015\0172\345\374p\255\012\217\262\373\322\372\344\237"
 263      FC70AD0A 
 263      8FB2FBD2 
 263      FAE49F
 264 0888 6CF003A6 		.ascii	"l\360\003\246\334\251\213\233V\342GL\351m\030\273\353"
 264      DCA98B9B 
 264      56E2474C 
 264      E96D18BB 
 264      EB
 265 0899 8A9F3225 		.ascii	"\212\2372%\245\367\350\260\275\364QEv\310C\365\267'"
 265      A5F7E8B0 
 265      BDF45145 
 265      76C843F5 
 265      B727
 266 08ab 5CF173FA 		.ascii	"\\\361s\372\3209\275\374\330c\214x_\351\345\301\332"
 266      D039BDFC 
 266      D8638C78 
 266      5FE9E5C1 
 266      DA
 267 08bc CAA733DB 		.ascii	"\312\2473\333g\373\306a\0019\323S\246\026\242j\026\026"
 267      67FBC661 
 267      0139D353 
 267      A616A26A 
 267      1616
 268 08ce 3838D999 		.ascii	"88\331\231\224~k\356L:m\211\276b\331fdqp\271%x~\023"
 268      947E6BEE 
ARM GAS  C:\cygwin\tmp\ccOYmjwj.s 			page 21


 268      4C3A6D89 
 268      BE62D966 
 268      647170B9 
 269 08e6 FA9A1F77 		.ascii	"\372\232\037w\325\226h\225%\370\000\247>e\335\0179:"
 269      D5966895 
 269      25F800A7 
 269      3E65DD0F 
 269      393A
 270 08f8 95A32B2D 		.ascii	"\225\243+-\321\363[\305L\216\256\260\356\266\254\207"
 270      D1F35BC5 
 270      4C8EAEB0 
 270      EEB6AC87 
 271 0908 99613D0C 		.ascii	"\231a=\014\200\346\3670\271\267<y\017s\322zre\351z\313"
 271      80E6F730 
 271      B9B73C79 
 271      0F73D27A 
 271      7265E97A 
 272 091d 135065DD 		.ascii	"\023Pe\335K\031\370%\007\327X\315\226\357\274n\347\014"
 272      4B19F825 
 272      07D758CD 
 272      96EFBC6E 
 272      E70C
 273 092f 9C08AC71 		.ascii	"\234\010\254q\"h\322\000\\\200\263\315\010\207\177="
 273      2268D200 
 273      5C80B3CD 
 273      08877F3D 
 274 093f 48134823 		.ascii	"H\023H#H\035H\003\310y\220s \027A\316\012^\246\377\254"
 274      481D4803 
 274      C8799073 
 274      201741CE 
 274      0A5EA6FF 
 275 0954 992A2F1F 		.ascii	"\231*/\037q\3025v\264\325\310M\270\017\237\331\336\036"
 275      71C23576 
 275      B4D5C84D 
 275      B80F9FD9 
 275      DE1E
 276 0966 2C1535B7 		.ascii	",\0255\267\350\201\377=\220\267\360\367\203df\001GP"
 276      E881FF3D 
 276      90B7F0F7 
 276      83646601 
 276      4750
 277 0978 2BCCFF3F 		.ascii	"+\314\377?\3702\222\370,\337\306\354\024\373\336\254"
 277      F83292F8 
 277      2CDFC6EC 
 277      14FBDEAC 
 278 0988 85B824B5 		.ascii	"\205\270$\265\020\227\350\021\326:RYi\217\233\250\347"
 278      1097E811 
 278      D63A5259 
 278      698F9BA8 
 278      E7
 279 0999 CAF8FED9 		.ascii	"\312\370\376\331\024[\344\345\341\315>\260\214\027\372"
 279      145BE4E5 
 279      E1CD3EB0 
 279      8C17FA
 280 09a8 65A56A03 		.ascii	"e\245j\003\357;\336\227P#\213\203\177\320uHA\\\206 "
 280      EF3BDE97 
 280      50238B83 
ARM GAS  C:\cygwin\tmp\ccOYmjwj.s 			page 22


 280      7FD07548 
 280      415C8620 
 281 09bc DAC1C94E 		.ascii	"\332\301\311NA\336\011\325\367\3235\322am\2154\311'"
 281      41DE09D5 
 281      F7D335D2 
 281      616D8D34 
 281      C927
 282 09ce AEB13AF1 		.ascii	"\256\261:\361\\\233\2275\376\006\232\3526\226\373k\371"
 282      5C9B9735 
 282      FE069AEA 
 282      3696FB6B 
 282      F9
 283 09df C5D79473 		.ascii	"\305\327\224s\271\377!\203\346\276\007\214\273x\356"
 283      B9FF2183 
 283      E6BE078C 
 283      BB78EE
 284 09ee 3B64B9B7 		.ascii	";d\271\267\360\031u\203\253\013\271M\366\217\274\224"
 284      F0197583 
 284      AB0BB94D 
 284      F68FBC94 
 285 09fe 1E3BB3DC 		.ascii	"\036;\263\334\366\230\345\366\212\224\333+4\267c\311"
 285      F698E5F6 
 285      8A94DB2B 
 285      34B763C9 
 286 0a0e 8FEADCCC 		.ascii	"\217\352\334\314\320Mf\375\304U\011M\256\366\237\257"
 286      D04D66FD 
 286      C455094D 
 286      AEF69FAF 
 287 0a1e FB7299DA 		.ascii	"\373r\231\332\327W\341\250\325\356\320G\032\374Vj\015"
 287      D757E1A8 
 287      D5EED047 
 287      1AFC566A 
 287      0D
 288 0a2f 7F09FB74 		.ascii	"\177\011\373tc\330\356\255_\353#7\206FG|\024\031\025"
 288      63D8EEAD 
 288      5FEB2337 
 288      8646477C 
 288      141915
 289 0a42 A9FB4817 		.ascii	"\251\373H\027\272I\277Q\037\031\026\276c\263ncDh\330"
 289      BA49BF51 
 289      1F1916BE 
 289      63B36E63 
 289      4468D8
 290 0a55 367DA46E 		.ascii	"6}\244n\243v\263nK\350\216p\203\326\260{\273.\306g\233"
 290      A376B36E 
 290      4BE88E70 
 290      83D6B07B 
 290      BB2EC667 
 291 0a6a C2DE44E1 		.ascii	"\302\336D\341\363k\0241\273c6jc\014\233\001O\354\276"
 291      F36B1431 
 291      BB63366A 
 291      630C9B01 
 291      4FECBE
 292 0a7d D28519A2 		.ascii	"\322\205\031\242\242W\257\370\223\217\217J\275M\277"
 292      A257AFF8 
 292      938F8F4A 
 292      BD4DBF
ARM GAS  C:\cygwin\tmp\ccOYmjwj.s 			page 23


 293 0a8c 49BF3E58 		.ascii	"I\277>X\025\025\243\332\026\032\256\332\036\025m\210"
 293      1515A3DA 
 293      161AAEDA 
 293      1E156D88 
 294 0a9c 51058704 		.ascii	"Q\005\207\004\371\255T}\361\205\277*$0h\247/y\002\346"
 294      F9AD547D 
 294      F185BF2A 
 294      243068A7 
 294      2F7902E6 
 295 0ab0 DAF0F0CD 		.ascii	"\332\360\360\315>a\012'v\247\325G\352\015\356Zb\240"
 295      3E610A27 
 295      76A7D547 
 295      EA0DEE5A 
 295      62A0
 296 0ac2 D547FF53 		.ascii	"\325G\377S\253\333\256\017\217\332\272C\2472'\015\213"
 296      ABDBAE0F 
 296      8FDABA43 
 296      A732270D 
 296      8B
 297 0ad3 8A88888A 		.ascii	"\212\210\210\212\224xWi\202\324A\273Ta\333\302\242\242"
 297      94785769 
 297      82D441BB 
 297      5461DBC2 
 297      A2A2
 298 0ae5 75DA9D7F 		.ascii	"u\332\235\177\216\000o\334\303\266\005\357\216\011\321"
 298      8E006FDC 
 298      C3B605EF 
 298      8E09D1
 299 0af4 47E8A2D7 		.ascii	"G\350\242\327\206Fn\016\327E\007~`N\021mPI\201\200%"
 299      86466E0E 
 299      D745077E 
 299      604E116D 
 299      50498180 
 300 0b09 8402468B 		.ascii	"\204\002F\213\"w\352\303\002\"C7\205\353X0\037-\024"
 300      2277EAC3 
 300      02224337 
 300      85EB5830 
 300      1F2D14
 301 0b1c 8A34BF34 		.ascii	"\2124\277431\003s\033\265:H\343'\254\327(\375\203Vi"
 301      33310373 
 301      1BB53A48 
 301      E327ACD7 
 301      28FD8356 
 302 0b31 B0BF5AA3 		.ascii	"\260\277Z\243\\\355\037\242\301j\265\006k@Vi4xC\260"
 302      5CED1FA2 
 302      C16AB506 
 302      6B405669 
 302      347843B0 
 303 0b45 1AABD785 		.ascii	"\032\253\327\205(\325\352\000\015\305\257\244\177}q"
 303      28D5EA00 
 303      0DC5AFA4 
 303      7F7D71
 304 0b54 C0E71A21 		.ascii	"\300\347\032!\030,\003\0034\312\340 @\2535+A|\001\371"
 304      182C0303 
 304      34CAE020 
 304      40AB352B 
 304      417C01F9 
ARM GAS  C:\cygwin\tmp\ccOYmjwj.s 			page 24


 305 0b68 37CDC7BF 		.ascii	"7\315\307\2775\2451\206\010R:=I\201\323\234\2425(\303"
 305      35A53186 
 305      08523A3D 
 305      4981D39C 
 305      A23528C3 
 306 0b7c B68546BB 		.ascii	"\266\205F\273G\305\204\206CV\276\210\012\373\307\232"
 306      47C58486 
 306      4356BE88 
 306      0AFBC79A 
 307 0b8c E8A888C0 		.ascii	"\350\250\210\300`\315\007\363\211\011\210$\207\\INh"
 307      60CD07F3 
 307      89098824 
 307      875C494E 
 307      68
 308 0b9d 226526EE 		.ascii	"\"e&\356\2646\3410\240\335\002#Z}L\264\303\334\220\213"
 308      B436E130 
 308      A0DD0223 
 308      5A7D4CB4 
 308      C3DC908B 
 309 0bb1 561BA333 		.ascii	"V\033\2433hW\257\012\016\330\240\011t\011\015\377:t"
 309      6857AF0A 
 309      0ED8A009 
 309      74090DFF 
 309      3A74
 310 0bc3 770CD434 		.ascii	"w\014\3244\034\226\232\237\325\022\352v\031T\352\240"
 310      1C969A9F 
 310      D512EA76 
 310      1954EAA0 
 311 0bd3 E0C0605E 		.ascii	"\340\300`^\215\210\030}\214vk\030I\251\007\361b\275"
 311      8D88187D 
 311      8C766B18 
 311      49A907F1 
 311      62BD
 312 0be5 791D3DA5 		.ascii	"y\035=\2450\276\214\014\227yE\3354\033\362\244^\355"
 312      30BE8C0C 
 312      977945DD 
 312      341BF2A4 
 312      5EED
 313 0bf7 883473D5 		.ascii	"\2104s\325I6\010\325Qk\354VmX\355\033\260\216^W\302"
 313      493608D5 
 313      516BEC56 
 313      6D58ED1B 
 313      B08E5E57 
 314 0c0c D576D5DA 		.ascii	"\325v\325\332\325p\261'\303\232\340\020z\263\222\334"
 314      D570B127 
 314      C39AE010 
 314      7AB392DC 
 315 0c1c 6075A046 		.ascii	"`u\240F\251^\003e\"\305\011\326|\372+\341\004\207\260"
 315      A95E0365 
 315      22C509D6 
 315      7CFA2BE1 
 315      0487B0
 316 0c2f EAACF1DD 		.ascii	"\352\254\361\335\265\213\325e\213\357\012\277]\233H"
 316      B58BD565 
 316      8BEF0ABF 
 316      5D9B48
 317 0c3e 65346AB5 		.ascii	"e4j\2656\004\3367\177\335\026\333@\177\365z\377\000"
ARM GAS  C:\cygwin\tmp\ccOYmjwj.s 			page 25


 317      3604DE37 
 317      7FDD16DB 
 317      407FF57A 
 317      FF00
 318 0c50 57FFD59F 		.ascii	"W\377\325\237\007\251\2774\215\376\027Y.\301\306"
 318      07A9BF34 
 318      8DFE1759 
 318      2EC1C6
 319              		.text
 320              		.section	.gnu.lto_.symtab.2d26ebe7,"",%progbits
 321 0000 56656374 		.ascii	"VectorB0\000"
 321      6F724230 
 321      00
 322 0009 00       		.ascii	"\000"
 323 000a 00       		.ascii	"\000"
 324 000b 00       		.ascii	"\000"
 325 000c 00000000 		.ascii	"\000\000\000\000\000\000\000\000"
 325      00000000 
 326 0014 B5000000 		.ascii	"\265\000\000\000"
 327 0018 73745F6C 		.ascii	"st_lld_init\000"
 327      6C645F69 
 327      6E697400 
 328 0024 00       		.ascii	"\000"
 329 0025 00       		.ascii	"\000"
 330 0026 00       		.ascii	"\000"
 331 0027 00000000 		.ascii	"\000\000\000\000\000\000\000\000"
 331      00000000 
 332 002f B7000000 		.ascii	"\267\000\000\000"
 333 0033 5F706F72 		.ascii	"_port_irq_epilogue\000"
 333      745F6972 
 333      715F6570 
 333      696C6F67 
 333      756500
 334 0046 00       		.ascii	"\000"
 335 0047 02       		.ascii	"\002"
 336 0048 00       		.ascii	"\000"
 337 0049 00000000 		.ascii	"\000\000\000\000\000\000\000\000"
 337      00000000 
 338 0051 B9000000 		.ascii	"\271\000\000\000"
 339 0055 63685379 		.ascii	"chSysTimerHandlerI\000"
 339      7354696D 
 339      65724861 
 339      6E646C65 
 339      724900
 340 0068 00       		.ascii	"\000"
 341 0069 02       		.ascii	"\002"
 342 006a 00       		.ascii	"\000"
 343 006b 00000000 		.ascii	"\000\000\000\000\000\000\000\000"
 343      00000000 
 344 0073 BB000000 		.ascii	"\273\000\000\000"
 345 0077 6E766963 		.ascii	"nvicEnableVector\000"
 345      456E6162 
 345      6C655665 
 345      63746F72 
 345      00
 346 0088 00       		.ascii	"\000"
 347 0089 02       		.ascii	"\002"
ARM GAS  C:\cygwin\tmp\ccOYmjwj.s 			page 26


 348 008a 00       		.ascii	"\000"
 349 008b 00000000 		.ascii	"\000\000\000\000\000\000\000\000"
 349      00000000 
 350 0093 C0000000 		.ascii	"\300\000\000\000"
 351              		.text
 352              		.section	.gnu.lto_.opts,"",%progbits
 353 0000 272D666D 		.ascii	"'-fmath-errno' '-fsigned-zeros' '-ftrapping-math' '"
 353      6174682D 
 353      6572726E 
 353      6F272027 
 353      2D667369 
 354 0033 2D666E6F 		.ascii	"-fno-trapv' '-fno-openmp' '-fno-openacc' '-mcpu=cor"
 354      2D747261 
 354      70762720 
 354      272D666E 
 354      6F2D6F70 
 355 0066 7465782D 		.ascii	"tex-m3' '-mno-thumb-interwork' '-mthumb' '-ggdb' '-"
 355      6D332720 
 355      272D6D6E 
 355      6F2D7468 
 355      756D622D 
 356 0099 4F322720 		.ascii	"O2' '-fomit-frame-pointer' '-falign-functions=16' '"
 356      272D666F 
 356      6D69742D 
 356      6672616D 
 356      652D706F 
 357 00cc 2D666675 		.ascii	"-ffunction-sections' '-fdata-sections' '-fno-common"
 357      6E637469 
 357      6F6E2D73 
 357      65637469 
 357      6F6E7327 
 358 00ff 2720272D 		.ascii	"' '-flto'\000"
 358      666C746F 
 358      2700
 359              		.text
 360              		.comm	__gnu_lto_v1,1,1
 361              		.comm	__gnu_lto_slim,1,1
 362              		.ident	"GCC: (GNU Tools for ARM Embedded Processors) 5.4.1 20160919 (release) [ARM/embedded-5-bran
ARM GAS  C:\cygwin\tmp\ccOYmjwj.s 			page 27


DEFINED SYMBOLS
                            *ABS*:00000000 hal_st_lld.c
                            *COM*:00000001 __gnu_lto_v1
                            *COM*:00000001 __gnu_lto_slim

NO UNDEFINED SYMBOLS
