ARM GAS  C:\cygwin\tmp\ccQiJCsB.s 			page 1


   1              		.syntax unified
   2              		.cpu cortex-m3
   3              		.fpu softvfp
   4              		.eabi_attribute 20, 1
   5              		.eabi_attribute 21, 1
   6              		.eabi_attribute 23, 3
   7              		.eabi_attribute 24, 1
   8              		.eabi_attribute 25, 1
   9              		.eabi_attribute 26, 1
  10              		.eabi_attribute 30, 2
  11              		.eabi_attribute 34, 1
  12              		.eabi_attribute 18, 4
  13              		.thumb
  14              		.syntax unified
  15              		.file	"main.c"
  16              		.text
  17              	.Ltext0:
  18              		.section	.gnu.lto_.profile.2d2731f6,"",%progbits
  19 0000 789C6361 		.ascii	"x\234ca`d`e`\000\222\035L\371\000\002\211\001\005"
  19      60646065 
  19      6000921D 
  19      4CF90002 
  19      890105
  20              		.text
  21              		.section	.gnu.lto_.icf.2d2731f6,"",%progbits
  22 0000 789C6361 		.ascii	"x\234ca`d\000\001\016\006\004`d8w\345\312nF\006\000"
  22      60640001 
  22      0E060460 
  22      643877E5 
  22      CA6E4606 
  23 0015 0FC90341 		.ascii	"\017\311\003A"
  24              		.text
  25              		.section	.gnu.lto_.jmpfuncs.2d2731f6,"",%progbits
  26 0000 789C6361 		.ascii	"x\234ca`d\000\001^ %\301\000\001 \021&\306\277L\214"
  26      60640001 
  26      5E2025C1 
  26      00012011 
  26      26C6BF4C 
  27 0015 B3BAB65F 		.ascii	"\263\272\266_b\374\302\324\312\314\300\370\205\231q"
  27      62FCC2D4 
  27      CACCC0F8 
  27      859971
  28 0024 39A30C50 		.ascii	"9\243\014P\034(\315\002\221\235?c\3463\026\210\354\005"
  28      1C28CD02 
  28      919D3F63 
  28      E6331688 
  28      EC05
  29 0036 7EC615C8 		.ascii	"~\306\025\310\262\020\036\013\230\007Rz\271\371\310"
  29      B2101E0B 
  29      9807527A 
  29      B9F9C8
  30 0045 79669052 		.ascii	"yf\220RF\306\377\214\214+\301J\031\261i\301\317cgd\000"
  30      46C6FF8C 
  30      8C2BC14A 
  30      19B169C1 
  30      CF636764 
  31 005a 1A76F0C1 		.ascii	"\032v\360\301\246\217\334\020\303X\030W1\312p\200\014"
ARM GAS  C:\cygwin\tmp\ccQiJCsB.s 			page 2


  31      A68FDC10 
  31      C3581857 
  31      31CA7080 
  31      0C
  32 006b 54004A6C 		.ascii	"T\000Jl\337{\366\005\253\"\343\374\206\031\012\255\314"
  32      DF7BF605 
  32      AB22E3FC 
  32      86190AAD 
  32      CC
  33 007c 4C20A593 		.ascii	"L \245\223o\254\330\316Y\377\267aFC\203@+33\343jFE\240"
  33      6FACD8CE 
  33      59FFB761 
  33      46438340 
  33      2B3333E3 
  34 0094 916B18EB 		.ascii	"\221k\030\353\035\200\222\323Z\017\235g\207\230\303"
  34      1D8092D3 
  34      5A0F9D67 
  34      8798C3
  35 00a3 C0B89651 		.ascii	"\300\270\226Q\306\003D\004\200\210\010\020\001\264\031"
  35      C6034404 
  35      80880810 
  35      01B419
  36 00b2 04C41D8B 		.ascii	"\004\304\035\213\2223\022\363\322Ss\212\263\025\202"
  36      923312F3 
  36      D253738A 
  36      B31582
  37 00c1 52D34B73 		.ascii	"R\323Ks\022\213\024\014\215\030\000\\\352C\014"
  37      128B140C 
  37      8D18005C 
  37      EA430C
  38              		.text
  39              		.section	.gnu.lto_.inline.2d2731f6,"",%progbits
  40 0000 789C6361 		.ascii	"x\234ca`d\000\201Z\006\004`dX\303\364\221\341$\027#"
  40      60640081 
  40      5A060460 
  40      6458C3F4 
  40      91E12417 
  41 0015 03D33CC6 		.ascii	"\003\323<\306\015\2278\031X\030\230@\342L\334\214@9"
  41      0D973819 
  41      58189840 
  41      E24CDC8C 
  41      4039
  42 0027 266E06AC 		.ascii	"&n\006\254$3\017\003H\031.i\\$#\027\310F8\301\000\000"
  42      24330F03 
  42      48192E69 
  42      5C242317 
  42      C84638C1 
  43 003d 95BE0612 		.ascii	"\225\276\006\022"
  44              		.text
  45              		.section	.gnu.lto_.pureconst.2d2731f6,"",%progbits
  46 0000 789C6361 		.ascii	"x\234ca`d`f`\000\222&\000\000\214\000>"
  46      60646066 
  46      60009226 
  46      00008C00 
  46      3E
  47              		.text
  48              		.section	.gnu.lto_main.2d2731f6,"",%progbits
ARM GAS  C:\cygwin\tmp\ccQiJCsB.s 			page 3


  49 0000 789CA599 		.ascii	"x\234\245\231iP\024\351\031\307\373\355\036\356\271"
  49      695014E9 
  49      19C7FBED 
  49      1EEEB9
  50 000f 36EE6693 		.ascii	"6\356f\223\254\3112ILb\216\365\254T>\230\252\354\207"
  50      ACC93249 
  50      4C628EF5 
  50      AC543E98 
  50      AAEC87
  51 0022 D47E4DED 		.ascii	"\324~M\355\246R\251TR\033\313P\256\025!\025\321\252"
  51      A652A954 
  51      521BCB50 
  51      AE152115 
  51      D1AA
  52 0034 7C491884 		.ascii	"|I\030\204\001O\004E\344P\271TP\224K`8\024\206\373\022"
  52      014F0445 
  52      E450B954 
  52      50944B60 
  52      381486FB 
  53 0049 684450E4 		.ascii	"hDP\344\020qE\\\217\0059Ep\362\276\317\323=\323==3\371"
  53      1071455C 
  53      8F053945 
  53      70F2BECF 
  53      D33DD33D 
  54 0060 90A96AAB 		.ascii	"\220\251j\253\233\376\377\377\317\373\376\336g\336\231"
  54      9BFEFFFF 
  54      CFFBFEDE 
  54      67DE99
  55 006f 69751CE1 		.ascii	"iu\034\341\330\353\331\007\034\027CO\177I\317I\000G"
  55      D8EBD907 
  55      1C17434F 
  55      7F49CF49 
  55      0047
  56 0081 F8E45E8E 		.ascii	"\370\344^\216\213\015\346\211\200'\002\321\341\211\016"
  56      8B0DE689 
  56      802702D1 
  56      E1890E
  57 0090 FFF231E1 		.ascii	"\377\3621\341bxAG\350?\034\276\026\3705\236\364\307"
  57      62784147 
  57      E83F1CBE 
  57      16F8359E 
  57      F4C7
  58 00a2 979E15E6 		.ascii	"\227\236\025\346y\233\300\021\035\275\234\355\311|d"
  58      799BC011 
  58      1DBD9CED 
  58      C97C64
  59 00b1 64978484 		.ascii	"d\227\204\204\323\313\301\324\342\"\375\306\002+}M\330"
  59      D3CBC1D4 
  59      E222FDC6 
  59      022B7D4D 
  59      D8
  60 00c2 DAF98C42 		.ascii	"\332\371\214B\207\316&\360\234\223\347H!YO\012\310z"
  60      87CE26F0 
  60      9C93E748 
  60      21594F0A 
  60      C87A
  61 00d4 56FD32D9 		.ascii	"V\3752\331\310Q\361\355\231[\347\3020\312L/\253\246"
ARM GAS  C:\cygwin\tmp\ccQiJCsB.s 			page 4


  61      C851F1ED 
  61      995BE7C2 
  61      30CA4C2F 
  61      ABA6
  62 00e6 3ADB4231 		.ascii	":\333B1\312J\350\365Rn\326\325`!\2240\351|\336p\016"
  62      CA4AE8F5 
  62      526ED6D5 
  62      60219430 
  62      E97CDE70 
  63 00fb BF21DFEA 		.ascii	"\277!\337\352\260Z\035\247\023\014\261VG|\270M\020\310"
  63      B05A1DA7 
  63      130CB156 
  63      477CB84D 
  63      10C8
  64 010d 5522B0EC 		.ascii	"U\"\260\354\"\232}\005\2629\246\236]=g\017\301\340w"
  64      229A7D05 
  64      B239A69E 
  64      5D3D670F 
  64      C1E077
  65 0120 E9E5DA83 		.ascii	"\351\345\332\203\344\344 \014\316a\301\271\317\232\247"
  65      E4E4200C 
  65      CE61C1B9 
  65      CF9AA7
  66 012f 8DC23A08 		.ascii	"\215\302:\010N{\275\222+\007\247$\350\245`\035)\305"
  66      4E7BBD92 
  66      2B07A724 
  66      E8A5601D 
  66      29C5
  67 0141 E0121A5C 		.ascii	"\340\022\032\\\354\016.^\034j1\012\037\202\263$\263"
  67      EC0E2E5E 
  67      1C6A310A 
  67      1F82B324 
  67      B3
  68 0152 E38EEC9C 		.ascii	"\343\216\354\234\335#\031\003H\271WcO[E\211N\370\010"
  68      DD231903 
  68      48B95763 
  68      4F5B4589 
  68      4EF808
  69 0165 8C1D8DB9 		.ascii	"\214\035\215\271)\202d\034\333\351\252X\341\325\230"
  69      2982641C 
  69      DBE9AA58 
  69      E1D598
  70 0174 5937DF15 		.ascii	"Y7\337\025\200S\011\246\227\366\227Ev\003N\305\301n"
  70      805309A6 
  70      97F69745 
  70      76034EC5 
  70      C16E
  71 0186 E7978F56 		.ascii	"\347\227\217V\204\010; \367\340\205\354\341@)w@\036"
  71      84083B20 
  71      F7E085EC 
  71      E1402977 
  71      401E
  72 0198 5020A9C6 		.ascii	"P \251\306\\;\315\255r\347v'4=\012\023>\001\343\261"
  72      5C3BCDAD 
  72      72E77627 
  72      343D0A13 
  72      3E01E3B1 
ARM GAS  C:\cygwin\tmp\ccQiJCsB.s 			page 5


  73 01ac A1C45422 		.ascii	"\241\304T\"\031\033\334\003\252\365:\240\244\221\301"
  73      191BDC03 
  73      AAF53AA0 
  73      A491C1
  74 01bb DF09BF07 		.ascii	"\337\011\277\007\337X\327\343g\006\311w#\300z\3707\314"
  74      DF58D7E3 
  74      6706C977 
  74      23C07AF8 
  74      37CC
  75 01cd 75C3AB6B 		.ascii	"u\303\253k-\2550\327$\354\004\333\211\341\271\216\000"
  75      2DAD30D7 
  75      24EC04DB 
  75      89E1B98E 
  75      00
  76 01de C9562DDB 		.ascii	"\311V-\333\352\275\332\362\027Rw\010\377\004\327\322"
  76      EABDDAF2 
  76      17527708 
  76      FF04D7D2 
  77 01ee 91B63F48 		.ascii	"\221\266?H\246*\331\344\360jj\236\275\236D\204X\002"
  77      A62AD9E4 
  77      F06A6A9E 
  77      BD9E4484 
  77      5802
  78 0200 B6BA4B4F 		.ascii	"\266\272KOke(\025\262\257\311\253/\367\364\343$\243"
  78      6B652815 
  78      B2AFC9AB 
  78      2FF7F4E3 
  78      24A3
  79 0212 9082BEE5 		.ascii	"\220\202\276\345\242\331S\362 \313e_\213W\337\327)\363"
  79      A2D953F2 
  79      20CB655F 
  79      8B57DFD7 
  79      29F3
  80 0224 C3214236 		.ascii	"\303!B6\372\272F\316\034\226\231\234\227}m^}\003s\323"
  80      FABA46CE 
  80      1C96999C 
  80      977D6D5E 
  80      7D0373D3 
  81 0238 570285CB 		.ascii	"W\002\205\313\350k,\350\232\227\327\340\254\354\353"
  81      E86B2CE8 
  81      9A97D7E0 
  81      ACECEB
  82 0247 F0EA3B9A 		.ascii	"\360\352;\232\261J\307y\035}E#\213\377\221l\231\262"
  82      B14AC779 
  82      1D7D4523 
  82      8BFF916C 
  82      99B2
  83 0259 ADCBAB2D 		.ascii	"\255\313\253-\2537~R/\334D\333\342\213\276\277J\266"
  83      AB377E52 
  83      2FDC44DB 
  83      E28BBEBF 
  83      4AB6
  84 026b 659D64BB 		.ascii	"e\235d\273\345\325\326\335_R*\010\016\264\315\336=\374"
  84      E5D5D6DD 
  84      5F522A08 
  84      0EB4CDDE 
  84      3DFC
ARM GAS  C:\cygwin\tmp\ccQiJCsB.s 			page 6


  85 027d 9E645BFA 		.ascii	"\236d[\372\227\324(A\244\327\353\233p\262\354\355iC"
  85      97D42841 
  85      A4D7EB9B 
  85      70B2ECED 
  85      6943
  86 028f 603CDB0A 		.ascii	"`<\333\012\302I\037\331@z\350\321M\217Nz\264\323\243"
  86      C2491FD9 
  86      407AE8D1 
  86      4D8F4E7A 
  86      B4D3A3
  87 02a2 951ECDF4 		.ascii	"\225\036\315\364h\244G\003=n\322\243\216\0365\364\250"
  87      68A44703 
  87      3D6ED2A3 
  87      8E1E35F4 
  87      A8
  88 02b3 A4C7757A 		.ascii	"\244\307uz\224\321\343\032\331\3006\020\272o\210$\220"
  88      94D1E31A 
  88      D9C03610 
  88      BA6F8824 
  88      90
  89 02c4 6E60E6FF 		.ascii	"n`\346\3777\255\344S\207\325\351\214\263:j\302\233*"
  89      37ADE453 
  89      87D5E98C 
  89      B33A6AC2 
  89      9B2A
  90 02d6 3FD9C571 		.ascii	"?\331\305q34\235p\263<\235\2040M\342\034#zV\212M\242"
  90      33349D70 
  90      B33C9D84 
  90      304DE21C 
  90      237A568A 
  91 02ec A6E6F948 		.ascii	"\246\346\371HP\314\232\365\220\325j\266\011\301N\236"
  91      50CC9AF5 
  91      90D56AB6 
  91      09C14E9E 
  92 02fc D627FD24 		.ascii	"\326'\375$\206\263\011!\034\223\376\331\247\222e\336"
  92      86B30921 
  92      1C93FED9 
  92      A79265DE 
  93 030c 5628F7F9 		.ascii	"V(\367\371T\322\375\225\014H\312)rp%\361e\274\300\304"
  93      54D2FD95 
  93      0C48CA29 
  93      727025F1 
  93      65BCC0C4 
  94 0320 547BF1E4 		.ascii	"T{\361\344\310H\300\246k\014\"\325\206\262\031\277e"
  94      C848C0A6 
  94      6B0C22D5 
  94      86B219BF 
  94      65
  95 0331 28387287 		.ascii	"(8r\207l\242\367\307\255\265Y\304\322B\262\255\351t"
  95      6CA2F7C7 
  95      ADB559C4 
  95      D242B2AD 
  95      E974
  96 0343 29C258FC 		.ascii	")\302X\374\302XRK\030\215O\247\236 \233\240'\203\304"
  96      C258524B 
  96      188D4FA7 
  96      9E209BA0 
ARM GAS  C:\cygwin\tmp\ccQiJCsB.s 			page 7


  96      2783C4
  97 0356 42F543B4 		.ascii	"B\365C\264\000\015\237\317\321{\2156`4\373\250 w!:\315"
  97      000D9FCF 
  97      D17B8D36 
  97      6034FBA8 
  97      2077213A 
  98 036b D6D407BB 		.ascii	"\326\324\007\273f0\341\310=\272\256\324\275\337\253"
  98      6630E1C8 
  98      3DBAAED4 
  98      BDDFAB
  99 037a D7885E58 		.ascii	"\327\210^X\242a\265\327H\275\367\375yM\350e\0371dD\355"
  99      A261B5D7 
  99      48BDF7FD 
  99      794DE865 
  99      1F316444 
 100 038f 3551EFA8 		.ascii	"5Q\357\250?\257\031\275:\346\035\003o\311\363\232\327"
 100      3FAF19BD 
 100      3AE61D03 
 100      6FC9F39A 
 100      D7
 101 03a0 B03DBE43 		.ascii	"\260=\276C\275\343\350]I|\245\223\354m\307\253S\014"
 101      BDE3E85D 
 101      497CA593 
 101      EC6DC7AB 
 101      530C
 102 03b2 0A9A9D2E 		.ascii	"\012\232\235.\232\017\300^\3355\321\254\267\014(i\332"
 102      9A0FC05E 
 102      DD35D1AC 
 102      B70C2869 
 102      DA
 103 03c3 AE3FB487 		.ascii	"\256?\264\207(iN\000\315\207\2364\325\321\006\214\006"
 103      28694E00 
 103      CD879E34 
 103      D5D1068C 
 103      06
 104 03d4 9A936493 		.ascii	"\232\223d\223'>\265\330\210b\300\367\210\212\357\373"
 104      273EB5D8 
 104      8862C0F7 
 104      888AEFFB 
 105 03e4 139B500C 		.ascii	"\023\233P\014\274\276\244\342Q\177b3\212\001\320c*v"
 105      BCBEA4E2 
 105      517F6233 
 105      8A01D063 
 105      2A76
 106 03f6 11599189 		.ascii	"\021Y\221\2118\013\022\213\302\024D\332]D\246\200\310"
 106      380B128B 
 106      C21444DA 
 106      5D44A680 
 106      C8
 107 0407 99727124 		.ascii	"\231rq$\3042\251\352\257\231\333\275\301J\"O\200\310"
 107      C432A9EA 
 107      AF99DBBD 
 107      C14A224F 
 107      80C8
 108 0419 B4271175 		.ascii	"\264'\021u\264\001\243\201\310S-\021\265\330\210b \362"
 108      B401A381 
 108      C8532D11 
ARM GAS  C:\cygwin\tmp\ccQiJCsB.s 			page 8


 108      B5D88862 
 108      20F2
 109 042b 9596885A 		.ascii	"\225\226\210ZlB1\020y\246%\242\026\233Q\014D\236+\211"
 109      6C423110 
 109      79A625A2 
 109      169B510C 
 109      449E2B89 
 110 043f 740548FA 		.ascii	"t\005H\372\332\372\243\031&\005\221V\027\221\027@$5"
 110      DAFAA319 
 110      26059156 
 110      17911740 
 110      2435
 111 0451 3BE5386F 		.ascii	";\3458o\231\225\210|\203\021Y\255XjR\364\310:\362\022"
 111      9995887C 
 111      831159AD 
 111      586A52F4 
 111      C83AF212 
 112 0465 887CED49 		.ascii	"\210|\355ID\035m\300h 2\243%\242\026\033Q\014Df\265"
 112      441D6DC0 
 112      682032A3 
 112      25A2161B 
 112      510C4466 
 113 047a 44D46213 		.ascii	"D\324b\023\212\201\310+-\021\265\330\214b 2\247$r[&"
 113      8A81C82B 
 113      2D11B5D8 
 113      8C622032 
 113      A724725B 
 114 048f 722EA7EB 		.ascii	"r.\247\353\271r\017jv\021\231\007\"\0235\326\006\235"
 114      B9720F6A 
 114      76119907 
 114      221335D6 
 114      069D
 115 04a1 654D22F2 		.ascii	"eM\"\362.\364\310\362\304+\305\036\364\036Y\000\"\213"
 115      2EF4C8F2 
 115      C42BC51E 
 115      F41E5900 
 115      228B
 116 04b3 9E44D4D1 		.ascii	"\236D\324\321\006\214\006\"KZ\"j\261\021\305@dYKD-6"
 116      068C0622 
 116      4B5A226A 
 116      B111C540 
 116      64594B44 
 117 04c9 A11888BC 		.ascii	"\241\030\210\274\326\022Q\213\315(\006\"+J\"\367e\""
 117      D612518B 
 117      CD280622 
 117      2B4A22F7 
 117      6522
 118 04db 62FE7891 		.ascii	"b\376x\221QA\244\321E\344\015\020\311\033=\265\303\222"
 118      5141A4D1 
 118      45E40D10 
 118      C91B3DB5 
 118      C392
 119 04ed C823906F 		.ascii	"\310#\220o\302\327\220\207\265wMn \357\223U\000\262"
 119      C2D79087 
 119      B5774D6E 
 119      20EF9355 
 119      00B2
ARM GAS  C:\cygwin\tmp\ccQiJCsB.s 			page 9


 120 04ff E609449D 		.ascii	"\346\011D\235l\300d\000\362V\013D-6\242\030\2008\265"
 120      6CC06400 
 120      F2560B44 
 120      2D36A218 
 120      8038B5
 121 0512 40D46213 		.ascii	"@\324b\023\212\001\210\225\327\000Q\213\315(\006 \261"
 121      8A018895 
 121      D700518B 
 121      CD280620 
 121      B1
 122 0523 BC02C8A4 		.ascii	"\274\002\310\244\014d@\214\237Vn\254\015. \007y\006"
 122      0C64408C 
 122      9F566EAC 
 122      0D2E2007 
 122      7906
 123 0535 E4F97296 		.ascii	"\344\371r\226\223\267d(\211\244vZW\003\225D\342xF$\236"
 123      93B76428 
 123      89A4765A 
 123      57039544 
 123      E2784624 
 124 054a F720A28E 		.ascii	"\367 \242\2166`4\020\261\361\032\"j\261\021\305@$\201"
 124      36603410 
 124      B1F11A22 
 124      6AB111C5 
 124      402481
 125 055d D710518B 		.ascii	"\327\020Q\213M(\006\"\211Z\"j\261\031\305@\344\220\222"
 125      4D280622 
 125      895A226A 
 125      B119C540 
 125      E49092
 126 0570 C82B9948 		.ascii	"\310+\231H\325\320\351a\3456r\323E\3440\020Y>\237u&"
 126      D5D0E961 
 126      E53672D3 
 126      45E43010 
 126      593E9F75 
 127 0585 D0522411 		.ascii	"\320R$\021\371\026|\257;\235]/\270\211|\233\034\001"
 127      F9167CAF 
 127      3B9D5D2F 
 127      B8897C9B 
 127      1C01
 128 0597 22473D89 		.ascii	"\"G=\211\250\243\015\030\015D\216i\211\250\305F\024"
 128      A8A30D18 
 128      0D448E69 
 128      89A8C546 
 128      14
 129 05a8 0391E35A 		.ascii	"\003\221\343Z\"j\261\011\305@$IKD-6\243\030\210\234"
 129      226AB109 
 129      C5402449 
 129      4B442D36 
 129      A318889C 
 130 05bc 50125991 		.ascii	"P\022Y\221\211\244\277~\373\231\002H\235\013H2\000\261"
 130      89A4BF7E 
 130      FB990248 
 130      9D0B4832 
 130      00B1
 131 05ce 5E297FA1 		.ascii	"^)\177\241\267TH@\276\003\273\2105\353\211\316\015\344"
 131      B7544840 
ARM GAS  C:\cygwin\tmp\ccQiJCsB.s 			page 10


 131      BE03BB88 
 131      35EB89CE 
 131      0DE4
 132 05e0 03920240 		.ascii	"\003\222\002@Nz\002Q%\0330\031x\234\322\362Pi\215\250"
 132      4E7A0251 
 132      251B3019 
 132      789CD2F2 
 132      50698DA8 
 133 05f4 051CA95A 		.ascii	"\005\034\251Z\034*\255\011\265@\343\264\226\206JkF-"
 133      1C2AAD09 
 133      B540E3B4 
 133      96864A6B 
 133      462D
 134 0606 C04853C2 		.ascii	"\300HS\302\350\275$\177\261[\\\265/\204n)\221\014\353"
 134      E8BD247F 
 134      B15B5CB5 
 134      2F846E29 
 134      910CEB
 135 0619 E16BEA26 		.ascii	"\341k\352&\370\356L\316\360[\330/\351\374\244\004\266"
 135      F8EE4CCE 
 135      F05BD82F 
 135      E9FCA404 
 135      B6
 136 062a 63D09763 		.ascii	"c\320\227c\360\"\3174\2240\275\235\216\323\377_a\233"
 136      F022CF34 
 136      9430BD9D 
 136      8ED3FF5F 
 136      619B
 137 063c 312C03C2 		.ascii	"1,\003\302\234c\251\265z)\354.\206\325AX\246\034\266"
 137      9C63A9B5 
 137      7A29EC2E 
 137      86D54158 
 137      A61CB6
 138 064f 98208789 		.ascii	"\230 \207\211S\365yD\261P\225\256\205\312\202\205\272"
 138      53F57944 
 138      B15095AE 
 138      85CA8285 
 138      BA
 139 0660 969E9C16 		.ascii	"\226\236\234\026li\341\025\333\375\261c\345\237*w\373"
 139      6C69E115 
 139      DBFDB163 
 139      E59F2A77 
 139      FB
 140 0671 B3B04EE7 		.ascii	"\263\260N\347<\327I\235l\300dX\250\363\332\205R\213"
 140      3CD7499D 
 140      6CC06458 
 140      A8F3DA85 
 140      528B
 141 0683 8D288695 		.ascii	"\215(\206\225\312v\257\324J\220W\265\011\325\260V90"
 141      CA76AFD4 
 141      4A9057B5 
 141      09D5B056 
 141      3930
 142 0695 E863B92B 		.ascii	"\350c\271+\266@\004`\035$6\341\273\214\021\275\233\353"
 142      B6400460 
 142      1D2436E1 
 142      BB8C11BD 
ARM GAS  C:\cygwin\tmp\ccQiJCsB.s 			page 11


 142      9BEB
 143 06a7 7F8C660C 		.ascii	"\177\214f\014\202\205\314S.d[\201\214k(\241\2724L\301"
 143      8285CC53 
 143      2E645B81 
 143      8C6B28A1 
 143      BA344CC1 
 144 06bb FEBA7B21 		.ascii	"\376\272{!\363\201\375\205\216\246\247\301\022\373\271"
 144      F381FD85 
 144      8EA6A7C1 
 144      12FBB9
 145 06ca 4A60DF0A 		.ascii	"J`\337\012\265/\310\354\375\207I\013y\021\302\246\352"
 145      B52FC8EC 
 145      FD87490B 
 145      7911C2A6 
 145      EA
 146 06db 4F454A59 		.ascii	"OEJY\013\230\325\014Y\227\264Y\255\316%\207\011\237"
 146      0B98D50C 
 146      5997B459 
 146      ADCE2587 
 146      099F
 147 06ed 1CB0E736 		.ascii	"\034\260\3476\015Y\253=&\217\350\002\036\263\013!{\356"
 147      0D59AB3D 
 147      268FE802 
 147      1EB30B21 
 147      7BEE
 148 06ff D6627580 		.ascii	"\326bu\200\024\276\204\341\215\020~Y\033\336\364\252"
 148      14BE84E1 
 148      8D107E59 
 148      1BDEF4AA 
 149 070f B4408FE1 		.ascii	"\264@\217\341\002\013?Y\331\032\352\021~E\012/\202\360"
 149      020B3F59 
 149      D91AEA11 
 149      7E450A2F 
 149      82F0
 150 0721 81B4F3A3 		.ascii	"\201\264\363\243D\012\177\215\341\015\020~U\033>\273"
 150      440A7F8D 
 150      E10D107E 
 150      551B3EBB 
 151 0731 F2E2B0DE 		.ascii	"\362\342\260\336s\250\370\303\222\\\203\264\305\270"
 151      73A8F8C3 
 151      925C83B4 
 151      C5B8
 152 073f EE6539ED 		.ascii	"\356e9\355\015\246UBZ\261+-}\263\2246^xhR\331\317e\256"
 152      0DA65542 
 152      5AB12B2D 
 152      7DB39436 
 152      5E786852 
 153 0757 7E2E81D6 		.ascii	"~.\201\326x\320%\376\311\322+\265\363\367X;\217\306"
 153      78D025FE 
 153      C9D22BB5 
 153      F3F7583B 
 153      8FC6
 154 0769 3E5A0C75 		.ascii	">Z\014u\367\363\207\244\024\372\271\314\263W\324\311"
 154      F7F387A4 
 154      14FAB9CC 
 154      B357D4C9 
 155 0779 064C867E 		.ascii	"\006L\206~.w\367\263\253E\325j#\252\241\241\257\303"
ARM GAS  C:\cygwin\tmp\ccQiJCsB.s 			page 12


 155      2E77F7B3 
 155      AB45D56A 
 155      23AAA1A1 
 155      AFC3
 156 078b 38AE74DE 		.ascii	"8\256t\336\353\224\372\304:L\330\224z`J\025\362\224"
 156      EB94FAC4 
 156      3A4CD894 
 156      7A604A15 
 156      F294
 157 079d 5A88D724 		.ascii	"Z\210\327$\023&A\263WBR\335B\317#\271\331\347hR8#H\357"
 157      132641B3 
 157      574252DD 
 157      42CF23B9 
 157      D9E76852 
 158 07b5 56F99F80 		.ascii	"V\371\237\200\031\203\240\331\355\020\324y\241vU\217"
 158      1983A0D9 
 158      ED10D479 
 158      A176558F 
 159 07c5 3FA70248 		.ascii	"?\247\002H5/\365\376P\372v"
 159      352FF5FE 
 159      50FA76
 160 07d0 C9DFD97E 		.ascii	"\311\337\331~\342\010Q,\3245w\357\327\300:\215N\027"
 160      E208512C 
 160      D43577EF 
 160      D7C03A8D 
 160      4E17
 161 07e2 3F304823 		.ascii	"?0H#\211f\212n\030H\255<\245;\304O\222\324\370u\220"
 161      89668A6E 
 161      1848AD3C 
 161      A53BC44F 
 161      92D4F875 
 162 07f7 943C56FE 		.ascii	"\224<V\376FJr\234i[\3174\235\220uC\316r\017\253\266"
 162      464A729C 
 162      695BCF34 
 162      9D907543 
 162      CE720FAB 
 163 080c 756D50E7 		.ascii	"umP\347\021&\267\372MH;\234~(/HJ\313\300\264vH\253\327"
 163      1126B7FA 
 163      4D483B9C 
 163      7E282F48 
 163      4ACBC0B4 
 164 0824 A639DB13 		.ascii	"\2469\333\023*y\2174\271\267\033 \255\241=\341\276<"
 164      2A798F34 
 164      B9B71B20 
 164      ADA13DE1 
 164      BE3C
 165 0836 B62C4C2B 		.ascii	"\266,L+\2034\207\004|\246=W\376\024|r\356r\242\200\310"
 165      83348704 
 165      7CA63D57 
 165      FE147C72 
 165      EE72A280 
 166 084b AD618C79 		.ascii	"\255a\214y\217\213y#0o\234(\237\205\207\242f\242#M2"
 166      8F8B7923 
 166      306F9C28 
 166      9F8587A2 
 166      66A2234D 
 167 0860 F3B68C5F 		.ascii	"\363\266\214_y\017\010\305\000\030M3\004\244\305\212"
ARM GAS  C:\cygwin\tmp\ccQiJCsB.s 			page 13


 167      790F08C5 
 167      00184D33 
 167      04A4C58A 
 168 0870 05619649 		.ascii	"\005a\226I\251\241-\360\244\251\247\363\261\374\003"
 168      A9A12DF0 
 168      A4A9A7F3 
 168      B1FC03
 169 087f E5D736E1 		.ascii	"\345\3276\341\373\244\005\032\272U\036\336\2552\301"
 169      FBA4051A 
 169      BA551EDE 
 169      AD32C1
 170 088e 7BBA01D3 		.ascii	"{\272\001\323\241\247\333x\325\257s\003\375\205\335"
 170      A1A7DB78 
 170      D5AF7303 
 170      FD85DD
 171 089d 8EC39B2F 		.ascii	"\216\303\233/\355\361\025`\304\000h\363\016\305\276"
 171      EDF11560 
 171      C40068F3 
 171      0EC5BE
 172 08ac 9D38EE6B 		.ascii	"\2358\356kB&t@;wB\311\271b{\207 5\021\035\375\017\340"
 172      42267440 
 172      3B7742C9 
 172      B9627B87 
 172      2035111D 
 173 08c3 811047BA 		.ascii	"\201\020G\272\344\321\367\306\312p3\363\317o\221\222"
 173      E4D1F7C6 
 173      CA7033F3 
 173      CF6F9192 
 174 08d3 0C0C601F 		.ascii	"\014\014`\037K\012`I\335\264v\223<\332\276\024\277\206"
 174      4B0A6049 
 174      DDB47693 
 174      3CDABE14 
 174      BF86
 175 08e5 4066B805 		.ascii	"@f\270\005\245\007\342Z\372\004\\\014'!=\362j\274u\015"
 175      A507E25A 
 175      FA045C0C 
 175      27213DF2 
 175      6ABC750D 
 176 08f9 5E1D108A 		.ascii	"^\035\020\212\001A,\240\027\002\3547{\246\003,\323\322"
 176      01412CA0 
 176      1702EC37 
 176      7BA6032C 
 176      D3D2
 177 090b 62FC902D 		.ascii	"b\374\220-\306\251{\205v\305bl }\260\030\2424\235\322"
 177      C6A97B85 
 177      76C5626C 
 177      207DB018 
 177      A2349DD2 
 178 091f 3B2E965E 		.ascii	";.\226^G\027\314\302\373\325ka\246kq[\232\335\314\035"
 178      4717CCC2 
 178      FBD56B61 
 178      A66B715B 
 178      9ADDCC1D 
 179 0933 FF384298 		.ascii	"\3778B\230\177\200\342\220\015\245\203\215~\015\241"
 179      7F80E290 
 179      0DA5838D 
 179      7E0DA1
ARM GAS  C:\cygwin\tmp\ccQiJCsB.s 			page 14


 180 0942 F0B44961 		.ascii	"\360\264Ia\230\031L\011\362g\010c\206A\267a%q*\363\217"
 180      98194C09 
 180      F2670863 
 180      8641B761 
 180      25712AF3 
 181 0957 5E0D4634 		.ascii	"^\015F4\350\231aH\263\011\376\305\275\007\336\245p\246"
 181      E8996148 
 181      B309FEC5 
 181      BD07DEA5 
 181      70A6
 182 0969 49BC63AC 		.ascii	"I\274c\254\215x\177\212\366#'{\017\221{T\307>\036\016"
 182      8D787F8A 
 182      F623277B 
 182      0F917B54 
 182      C73E1E0E 
 183 097d 553D0C89 		.ascii	"U=\014\211\371\267M\3701<*d\0162\314\307\330\204\237"
 183      F9B74DF8 
 183      313C2A64 
 183      0E32CCC7 
 183      D8849F
 184 0990 40CA78A0 		.ascii	"@\312x\240\367\220\215N\326,\344>\206d\247gL\351\030"
 184      F7908D4E 
 184      D62CE43E 
 184      8664A767 
 184      4CE918
 185 09a3 DD9F12D1 		.ascii	"\335\237\022\321DFx\372\276\376\031\330g|\330\351\030"
 185      444678FA 
 185      BEFE19D8 
 185      677CD8E9 
 185      18
 186 09b4 68EB9051 		.ascii	"h\353\220Q\337c\030s\217\341\225\3771\214\323\020e\315"
 186      DF631873 
 186      8FE195FF 
 186      318CD310 
 186      65CD
 187 09c6 79FF351F 		.ascii	"y\3775\037\370\2569\341\256\271\350\277\346C\217\232"
 187      F8AE39E1 
 187      AEB9E8BF 
 187      E6438F9A 
 188 09d6 CBFE6B4E 		.ascii	"\313\376kN\372\256\371\310]s\305\177\315/U5m\216U\037"
 188      FAAEF9C8 
 188      5D73C57F 
 188      CD2F5535 
 188      6D8E551F 
 189 09ea F29F3BD9 		.ascii	"\362\237;\331\273\212<\366]s\212\217aoP\233\360\013"
 189      BB8A3CF6 
 189      5D738A8F 
 189      616F509B 
 189      F00B
 190 09fc A8FBD67F 		.ascii	"\250\373\326\177\335'\036sM\016\362;\327i\337u\237\272"
 190      DD271E73 
 190      4D0EF23B 
 190      D769DF75 
 190      9FBA
 191 0a0e E77AD247 		.ascii	"\347z\322G\210T\363+\217\232\351\276k\262^~\346\273"
 191      8854F32B 
 191      8F9AE9BE 
ARM GAS  C:\cygwin\tmp\ccQiJCsB.s 			page 15


 191      6BB25E7E 
 191      E6BB
 192 0a20 E673ACC9 		.ascii	"\346s\254\311q\263t\237L\356\345\004\026W\326\316\373"
 192      71B3749F 
 192      4CEEE504 
 192      1657D6CE 
 192      FB
 193 0a31 2DFF02F3 		.ascii	"-\377\002\3632\217\330o\023l\353y\201\274\304\341\260"
 193      328FD86F 
 193      136CEB79 
 193      81BCC4E1 
 193      B0
 194 0a42 47E03A96 		.ascii	"G\340:\226Dfx\374\337\302\240\310\235{\242>\332\305"
 194      446678FC 
 194      DFC2A0C8 
 194      9D7BA23E 
 194      DAC5
 195 0a54 0547467E 		.ascii	"\005GF~\276g\177Ddt\030=\211\216\330\277\177O\324\356"
 195      BE677F44 
 195      6474183D 
 195      898ED8BF 
 195      7F4FD4EE 
 196 0a68 68A37C82 		.ascii	"h\243|\202\267\014\256\313\275;\243v\207\262\177\360"
 196      B70CAECB 
 196      BD3BA376 
 196      87B27FF0 
 197 0a78 861E4EF7 		.ascii	"\206\036N\367\035\210\216\336\2633\012/\"\242v\357\335"
 197      1D888EDE 
 197      B3330A2F 
 197      22A276EF 
 197      DD
 198 0a89 13FD8549 		.ascii	"\023\375\205I\225\260y\273\307\3656\217\353\255\356"
 198      95B079BB 
 198      C7F5368F 
 198      EBADEE
 199 0a98 1291FFF8 		.ascii	"\022\221\377\370[D\2104\250\315\333\\g[]g[\370\310H"
 199      5B448834 
 199      A8CDDB5C 
 199      675B5D67 
 199      5BF8C848 
 200 0aac 213232DA 		.ascii	"!22\332(f\367\307\2117\305\332\376\203\341\233\267p"
 200      2866F7C7 
 200      8937C5DA 
 200      FE83E19B 
 200      B770
 201 0abe AACBADEA 		.ascii	"\252\313\255\352\313m\\\230\230#V\212Ub\265x\203\013"
 201      CB6D5C98 
 201      9823568A 
 201      5562B578 
 201      830B
 202 0ad0 11F3C4CA 		.ascii	"\021\363\304\312\376\330\376\203\334;\252\210\317\251"
 202      FED8FE83 
 202      DC3BAA88 
 202      CFA9
 203 0ade CEF32FDB 		.ascii	"\316\363/\333\271\340\337\342\2148\223\230\323\037G"
 203      B9E0DFE2 
 203      8C389398 
ARM GAS  C:\cygwin\tmp\ccQiJCsB.s 			page 16


 203      D31F47
 204 0aed 6DB1622D 		.ascii	"m\261b-\215\251\2411%\242\275\377\250X\313\255\023\317"
 204      8DA9A131 
 204      25A2BDFF 
 204      A858CBAD 
 204      13CF
 205 0aff 89A52CB0 		.ascii	"\211\245,\260\337*\326\2135\354>\027\020\031\021u\200"
 205      DF2AD68B 
 205      35EC3E17 
 205      10191175 
 205      80
 206 0b10 7BFFE37D 		.ascii	"{\377\343}\273\276\240X\"\366F\377=\374\323\210\335"
 206      BBBEA058 
 206      22F646FF 
 206      3DFCD388 
 206      DD
 207 0b21 07F6EEDC 		.ascii	"\007\366\356\334\027\276e+\367_rQ11"
 207      17BE652B 
 207      F75F7251 
 207      3131
 208              		.text
 209              		.section	.gnu.lto_.symbol_nodes.2d2731f6,"",%progbits
 210 0000 789C55CE 		.ascii	"x\234U\316;\016\3020\020\004\320\231\330I:\316\200\270"
 210      3B0EC230 
 210      1004D099 
 210      D8493ACE 
 210      80B8
 211 0012 11275A17 		.ascii	"\021'Z\027>\000\035\027H\311\011\250R\244\246\340O\227"
 211      3E001D17 
 211      48C909A8 
 211      52A4A6E0 
 211      4F97
 212 0024 C2159112 		.ascii	"\302\025\221\022\211\036\204\345\260\022\256f\3644\322"
 212      891E84E5 
 212      B012AE66 
 212      F434D2
 213 0033 AE05B122 		.ascii	"\256\005\261\"\200\342H\0016\007 \306\336\255\001\336"
 213      80E24801 
 213      360720C6 
 213      DEAD01DE 
 214 0043 284C0238 		.ascii	"(L\0028\267\214p\245\024\031\334)&\203\007\305fp\241"
 214      B78C70A5 
 214      1419DC29 
 214      268307C5 
 214      6670A1
 215 0056 94199C29 		.ascii	"\224\031\234)U\006'J\375\017\0065\232\376C\203\012]"
 215      5506274A 
 215      FD0F0635 
 215      9AFE4383 
 215      0A5D
 216 0068 CA122165 		.ascii	"\312\022!e\201\360l\337\306\304\227\375\220\212A3\374"
 216      81F06CDF 
 216      C6C497FD 
 216      908A4133 
 216      FC
 217 0079 A453092A 		.ascii	"\244S\011*~\324\315\250\233\271X\004\025?\351f\322\315"
 217      7ED4CDA8 
ARM GAS  C:\cygwin\tmp\ccQiJCsB.s 			page 17


 217      9BB95804 
 217      153FE966 
 217      D2CD
 218 008b 5CE22D15 		.ascii	"\\\342-\025\377jw\333\005\276\021\274W\302"
 218      FF6A77DB 
 218      05BE11BC 
 218      57C2
 219              		.text
 220              		.section	.gnu.lto_.refs.2d2731f6,"",%progbits
 221 0000 789C6361 		.ascii	"x\234ca`\004B \000\000\0009\000\007"
 221      60044220 
 221      00000039 
 221      0007
 222              		.text
 223              		.section	.gnu.lto_.decls.2d2731f6,"",%progbits
 224 0000 789C9558 		.ascii	"x\234\225XkP\024W\026\356\333=<f\030\300\200k\254\332"
 224      6B501457 
 224      16EEDB3D 
 224      3C6618C0 
 224      806BACDA 
 225 0014 D95D93A2 		.ascii	"\331]\223\242\\\376\010qS\225\315>~\304\315V\036[\233"
 225      5CFE0871 
 225      5395CD3E 
 225      7EC4CD56 
 225      1E5B9B
 226 0027 E8C6BC7E 		.ascii	"\350\306\274~P5\205\343\030\246\012\006\013\206\315"
 226      503585E3 
 226      18A60A06 
 226      0B86CD
 227 0036 5AB555DB 		.ascii	"Z\265U\333\362\012\240D\360\201\002*\210\240\274\221"
 227      F20AA044 
 227      F081022A 
 227      88A0BC91 
 228 0046 87022230 		.ascii	"\207\002\"0\"\210  JD\021\345\245\221\250\210<E\004"
 228      22882020 
 228      4A4411E5 
 228      A591A888 
 228      3C4504
 229 0059 64CF7DF4 		.ascii	"d\317}\364\36442nv\2123s\317\355\357\234\363\235sO\337"
 229      F434326E 
 229      768A3373 
 229      CFEDEF9C 
 229      F39D734F 
 230 006e DB8D8A43 		.ascii	"\333\215\212C\034\376\034^\305q\033x\216\023A]\204\017"
 230      1CFE1C5E 
 230      C5711B78 
 230      8E13415D 
 230      840F
 231 0080 0CB92F41 		.ascii	"\014\271/AT g@\352A.\203\264q\364\343\012\322\011\362"
 231      54206740 
 231      EA412E83 
 231      B471F4E3 
 231      0AD209F2 
 232 0094 0388066C 		.ascii	"\003\210\006l\264 \257\201x\203\374\002\344u\304\275"
 232      B420AF81 
 232      7883FC02 
 232      E475C4BD 
ARM GAS  C:\cygwin\tmp\ccQiJCsB.s 			page 18


 233 00a4 F4C1783F 		.ascii	"\364\301x?\020/\220\225 \233@~\005\270_\202\374\006"
 233      102F9095 
 233      209B407E 
 233      05B85F82 
 233      FC06
 234 00b6 E44D1027 		.ascii	"\344M\020'\220\2070\377\000\244\017\344\267\240\373"
 234      908730FF 
 234      00A40FE4 
 234      B7A0FB
 235 00c5 828CC0F8 		.ascii	"\202\214\300\370)\3104\343\242\003Y\007\363~ \277\003"
 235      29C834E3 
 235      A2035907 
 235      F37E20BF 
 235      03
 236 00d6 791BE4F7 		.ascii	"y\033\344\367 \357\202\374\011\344\317 \357\201l\000"
 236      20EF82FC 
 236      09E4CF20 
 236      EF816C00 
 237 00e6 D181FC05 		.ascii	"\321\201\374\005\344C\220\217@>\006\371;\310' \237\""
 237      E443908F 
 237      403E06F9 
 237      3BC82720 
 237      9F22
 238 00f8 39AF8D30 		.ascii	"9\257\2150v\001Q\203lB4\357.\220\177\300x\005\210;\214"
 238      76015183 
 238      6C4234EF 
 238      2E907FC0 
 238      7805883B 
 239 010d 67419E81 		.ascii	"gA\236\201\314\200L\201L\342\032\3015\004\262\000\343"
 239      CC804C81 
 239      4CE21AC1 
 239      3504B200 
 239      E3
 240 011e 1738515C 		.ascii	"\0278Q\\C\370\231\003\231\267\253\325\353\2546\270F"
 240      43F89903 
 240      99B7ABD5 
 240      EBAC36B8 
 240      46
 241 012f B866B876 		.ascii	"\270f\270vR\335\226~\026x\224\363|nL\230\342\321Z\015"
 241      52DD967E 
 241      167894F3 
 241      7C6E4C98 
 241      E2D15A0D 
 242 0143 5A5C1460 		.ascii	"Z\\\024`\242d\244z\326\235N\340\353\375\263\271\037"
 242      A264A47A 
 242      D69D4EE0 
 242      EBFDB3B9 
 242      1F
 243 0154 F8158AF0 		.ascii	"\370\025\212\360I\022E\236\227\015\353/\267\234\320"
 243      4912459E 
 243      970DEB2F 
 243      B79CD0
 244 0163 0A6E04D4 		.ascii	"\012n\004\324\2648c\365\004\033/\015\342A\2756\326v"
 244      B43863F5 
 244      041B2F0D 
 244      E241BD36 
 244      D676
ARM GAS  C:\cygwin\tmp\ccQiJCsB.s 			page 19


 245 0175 C40DD495 		.ascii	"\304\015\324\225\032\264b\201\347\263\255\2211\010i"
 245      1AB46281 
 245      E7B3AD91 
 245      310869
 246 0184 7CE34431 		.ascii	"|\343D1R\024\243DM\256\007\207\012\221\016\025 \035"
 246      5214A344 
 246      4DAE0787 
 246      0A910E15 
 246      201D
 247 0196 878A912F 		.ascii	"\207\212\221/\216\225\207\3748\224\013\223'a\362\004"
 247      8E9587FC 
 247      38940B93 
 247      2761F204 
 248 01a6 8E377067 		.ascii	"\2167pg\344oQ\242\210P\021\322\240|$\020\010\244\275"
 248      E46F51A2 
 248      885011D2 
 248      A07C2410 
 248      08A4BD
 249 01b9 564309D4 		.ascii	"VC\011\324%\367\336\327\010\2330\001>o\254\255\320\323"
 249      25F7DED7 
 249      089B3001 
 249      3E6FACAD 
 249      D0D3
 250 01cb 61885287 		.ascii	"a\210R\207!&c\327Bn+\320)\010Q\"\207\200\2104\306\236"
 250      212663D7 
 250      426E2BD0 
 250      29085122 
 250      87808834 
 251 01e1 D3BDF39E 		.ascii	"\323\275\363\236B\034\"A\222\373\342\346\004\344\253"
 251      421C2241 
 251      92FBE2E6 
 251      04E4AB
 252 01f0 A1A6D75B 		.ascii	"\241\246\327[\337\311\307\246\025`Z&\233\236\"\246\313"
 252      DFC9C7A6 
 252      15605A26 
 252      9B9E22A6 
 252      CB
 253 0201 F3285F86 		.ascii	"\363(_\206\007\004)\237\254\233q\027\252i\220\266\276"
 253      0704299F 
 253      AC9B7117 
 253      AA6990B6 
 253      BE
 254 0212 D878B5C3 		.ascii	"\330x\265\303L*\035f\222\376\275\177\001\246s\006\350"
 254      4C2A1D66 
 254      92FEBD7F 
 254      01A67306 
 254      E8
 255 0223 9C96E954 		.ascii	"\234\226\351T\020:x\026/m\314\275<WX\027\035\2545\262"
 255      103A7816 
 255      2F6DCCBD 
 255      3C575817 
 255      1DAC35B2 
 256 0237 5B6A1D5D 		.ascii	"[j\035]\352\012\353d\221J\270Gy\\-\357iR\333\222\275"
 256      EA0AEB64 
 256      914AB847 
 256      795C2DEF 
 256      6952DB92 
ARM GAS  C:\cygwin\tmp\ccQiJCsB.s 			page 20


 257 024c 33B5812C 		.ascii	"3\265\201,\3059\360~V\366\256\263\345:\226%:\257\346"
 257      C539F07E 
 257      56F6AEB3 
 257      E53A9625 
 257      3AAFE6
 258 025f D0DB3AF4 		.ascii	"\320\333:\364\026\320\254\001\232:F\263\032hV\321D\363"
 258      16D0AC01 
 258      9A3A46B3 
 258      1A6856D1 
 258      44F3
 259 0271 32721BDD 		.ascii	"2r\033\335\205Q\032\340\361\376Gqr5'cu\204~=\004\250"
 259      85511AE0 
 259      F1FE4771 
 259      72352763 
 259      75847E3D 
 260 0287 95039C43 		.ascii	"\225\003\234C\016\"\324-\023\001\033C\224\351\331\204"
 260      0E22D42D 
 260      13011B43 
 260      94E9D984 
 261 0297 51356DC6 		.ascii	"Q5m\306U\240^\215>uX\240\252\012\324\361\366\264\273"
 261      55A05E8D 
 261      3E7558A0 
 261      AA0AD4F1 
 261      F6B4BB
 262 02aa 1EB437D7 		.ascii	"\036\2647\327\200\372S\341\315ZgM\034\351\357(\321\353"
 262      80FA53E1 
 262      CD5A674D 
 262      1CE9EF28 
 262      D1EB
 263 02bc 9207C635 		.ascii	"\222\007\3065\200\303\363\340\220C\027p|\344\257CV\232"
 263      80C3F3E0 
 263      90431770 
 263      7CE4AF43 
 263      569A
 264 02ce C1E4C198 		.ascii	"\301\344\301\230xW\352\354uPS\343\343U\324W\025\256"
 264      7857EAEC 
 264      755053E3 
 264      E355D457 
 264      15AE
 265 02e0 E7F567B5 		.ascii	"\347\365g\265\317\265\302S\222\237\252<\262\377\230"
 265      CFB5C253 
 265      929FAA3C 
 265      B2FF98
 266 02ef 07F2D521 		.ascii	"\007\362\325!p\206h\226\370\016\342P+\244x\021\011\322"
 266      70866896 
 266      F80EE250 
 266      2BA47811 
 266      09D2
 267 0301 3D982642 		.ascii	"=\230&B\364\261\377\340i\030\273\222\337e\022n\206\204"
 267      F4B1FFE0 
 267      6918BB92 
 267      DF65126E 
 267      8684
 268 0313 B125C9B8 		.ascii	"\261%\311\270\005|^\242\214^\344\246g\273{%1\367\357"
 268      057C5EA2 
 268      8C5EE4A6 
 268      67BB7B25 
ARM GAS  C:\cygwin\tmp\ccQiJCsB.s 			page 21


 268      31F7EF
 269 0326 21026A82 		.ascii	"!\002j\202\353\215$\201\313\310KJ\203(`q\257\373Z\212"
 269      EB8D2481 
 269      CBC84B4A 
 269      83286071 
 269      AFFB5A8A 
 270 033a A7360187 		.ascii	"\2476\001\207`)\303\274]\316mHK\266\027\370\005tm\327"
 270      6029C3BC 
 270      5DCE6D48 
 270      4BB617F8 
 270      05746DD7 
 271 034e 5C87AA17 		.ascii	"\\\207\252\027\365 \270\365\321\012\302\030!\372\215"
 271      F520B8F5 
 271      D10AC218 
 271      21FA8D
 272 035d 88705488 		.ascii	"\210pT\210\012\003\236|s\362\024\222\200L\347\245!g"
 272      0A039E7C 
 272      73F21492 
 272      804CE7A5 
 272      2167
 273 036f 7346FE98 		.ascii	"sF\376\230=9\027\310\2078\221\275#fDuf\314!\246\363"
 273      3D3917C8 
 273      873891BD 
 273      23664475 
 273      66CC21A6 
 274 0384 72004455 		.ascii	"r\000DU\311\300\316\037\245\313\334\311\234m9!ioKm\273"
 274      C9C0CE1F 
 274      A5CBDCC9 
 274      9C6D3921 
 274      696F4B6D 
 275 0399 BC4F10E6 		.ascii	"\274O\020\346\310B\242\205\226\3644~u\012k\2215*\264"
 275      C842A285 
 275      96F4347E 
 275      750A6B91 
 275      352AB4
 276 03ac C9BE43AE 		.ascii	"\311\276C\256\240\325\360\275EE\015\273K\023GUof\212"
 276      A0D5F0BD 
 276      45450DBB 
 276      4B134755 
 276      6F668A
 277 03bf 99A5E240 		.ascii	"\231\245\342@\362^\217\003Q\342%0[\203Q\250Cn\353\016"
 277      F25E8F03 
 277      51E22530 
 277      5B8351A8 
 277      436EEB0E 
 278 03d3 B2FCA81D 		.ascii	"\262\374\250\035\365\002\201N\364&X\356\254h-\022\204"
 278      F502814E 
 278      F42658EE 
 278      AC682D12 
 278      84
 279 03e4 389E843C 		.ascii	"8\236\204<\274\353h\231J\305\323\033\027;\207\271\261"
 279      BCEB6899 
 279      4AC5D31B 
 279      173B87B9 
 279      B1
 280 03f5 67FBBFF7 		.ascii	"g\373\277\367\264\247\361\345*;\032]\204\3065\304x\034"
 280      B4A7F1E5 
ARM GAS  C:\cygwin\tmp\ccQiJCsB.s 			page 22


 280      2A3B1A5D 
 280      84C635C4 
 280      781C
 281 0407 8DE93D28 		.ascii	"\215\351=(\000\217\001\2743tD\014\226\211\321j\214A"
 281      008F01BC 
 281      3374440C 
 281      9689D16A 
 281      8C41
 282 0419 57651257 		.ascii	"We\022WY\017\242\037\010\201]\231\323w\334\204#\224"
 282      590FA21F 
 282      08815D99 
 282      D377DC84 
 282      2394
 283 042b 405ACD54 		.ascii	"@Z\315T\253\023\355sWPG\243\177\034`\033\372jP/\346"
 283      AB13ED73 
 283      575047A3 
 283      7F1C601B 
 283      FA6A502F 
 284 0440 B7976985 		.ascii	"\267\227i\205\223\024\332Y\265\330\242\021\252\251R"
 284      9314DA59 
 284      B5D8A211 
 284      AAA952
 285 044f 947B225B 		.ascii	"\224{\"[\020.R\345BL\314\347\302\025:\276\237\2207\256"
 285      102E52E5 
 285      424CCCE7 
 285      C2153ABE 
 285      9F9037AE 
 286 0463 15BAA872 		.ascii	"\025\272\250r\253\271-\232\334t\270\311\223~F\223?*"
 286      ABB92D9A 
 286      DC74B8C9 
 286      937E4693 
 286      3F2A
 287 0475 B8DFEDA1 		.ascii	"\270\337\355\241h\331;\310~\021\372h\313b\342\225\215"
 287      68D93BC8 
 287      7E11FA68 
 287      CB62E295 
 287      8D
 288 0486 B35AE126 		.ascii	"\263Z\341&\215S5\334:\353!\014Q\245\254\277$\305YxD"
 288      8D5335DC 
 288      3AEB210C 
 288      51A5ACBF 
 288      24C55978 
 289 049b 15E984F2 		.ascii	"\025\351\204\362\"'\024:s\277\345\242\206\346'\342\033"
 289      2227143A 
 289      73BFE5A2 
 289      86E627E2 
 289      1B
 290 04ac 79F871EE 		.ascii	"y\370q\356C7\341)\305f\237L>*\010Q\002Q\346\356wx\013"
 290      4337E129 
 290      C5669F4C 
 290      3E2A0851 
 290      0251E6EE 
 291 04c3 7BE838B3 		.ascii	"{\3508\263ap\235p\200\216\007\013\033\342\235\2054a"
 291      61709D70 
 291      808E070B 
 291      1BE29D85 
 291      3461
ARM GAS  C:\cygwin\tmp\ccQiJCsB.s 			page 23


 292 04d5 F98E512C 		.ascii	"\371\216Q,\325\003E\307\314\375X2\254U\244\006\327\355"
 292      D50345C7 
 292      CCFD5832 
 292      AC55A406 
 292      D7ED
 293 04e7 D00F9196 		.ascii	"\320\017\221\226-\030>\254S\363\253\\\205\014\022\205"
 293      2D183EAC 
 293      53F3AB5C 
 293      850C1285 
 294 04f7 8F9A2D9E 		.ascii	"\217\232-\236\026\220\326\327\221-z\014\325\224\315"
 294      1690D6D7 
 294      912D7A0C 
 294      D594CD
 295 0506 E93E5B9E 		.ascii	"\351>[\236\356\221\213\367\331\021\230\177$\367\302"
 295      EE918BF7 
 295      D911987F 
 295      24F7C2
 296 0515 43524088 		.ascii	"CR@\210\3608\275\361\220\247p\232\346Q\335\3230\240"
 296      F038BDF1 
 296      90A7709A 
 296      E651DDD3 
 296      30A0
 297 0527 116AA832 		.ascii	"\021j\2502>\177\244\222m\253+q\216\375II.\264d\231P"
 297      3E7FA492 
 297      6DAB2B71 
 297      8EFD4949 
 297      2EB46499 
 298 053c 32756372 		.ascii	"2ucr\346#\015\362\366\361\321j}|||\223\331\206$\"\013"
 298      E6230DF2 
 298      F6F1D16A 
 298      7D7C7C7C 
 298      93D98624 
 299 0552 87C681D1 		.ascii	"\207\306\201\321\030f\364\004\"N o\034\025=\007v\263"
 299      1866F404 
 299      224E206F 
 299      1C153D07 
 299      76B3
 300 0564 C8073D03 		.ascii	"\310\007=\003\231\001\231\002\231D>\244%\263pJ\326\236"
 300      99019902 
 300      99443EA4 
 300      25B3704A 
 300      D69E
 301 0576 A083A275 		.ascii	"\240\203\242u\247@\316\204\037\231%k\224!R\233\365:"
 301      A740CE84 
 301      1F99256B 
 301      9421529B 
 301      F53A
 302 0588 1BF64636 		.ascii	"\033\366F6J\025\255\321\002\232\206\304\3563\260\255"
 302      4A15ADD1 
 302      029A86C4 
 302      EE33B0AD 
 303 0598 12DD04DE 		.ascii	"\022\335\004\336\200\2779\373r=\005\260\\\352i\332E"
 303      80BF39FB 
 303      723D05B0 
 303      5CEA69DA 
 303      45
 304 05a9 F6007B2F 		.ascii	"\366\000{/\034\206\313\354\256g\262\210\330\311\360"
ARM GAS  C:\cygwin\tmp\ccQiJCsB.s 			page 24


 304      1C86CBEC 
 304      AE67B288 
 304      D8C9F0
 305 05b8 F211ED08 		.ascii	"\362\021\355\010vm\247h\\\370\237\226\242\375ez\024"
 305      766DA768 
 305      5CF89F96 
 305      A2FD657A 
 305      14
 306 05c9 7DF5DF14 		.ascii	"}\365\337\024\015\215\215F\227E\023\327dM\255\265\231"
 306      0D8D8D46 
 306      974513D7 
 306      644DADB5 
 306      99
 307 05da 48848303 		.ascii	"H\204\203\0030\034[Oz3h\366\244&\033\221\017\375\370"
 307      301C5B4F 
 307      7A3368F6 
 307      A4261B91 
 307      0FFDF8
 308 05ed 7AFB50D7 		.ascii	"z\373P\327\213vU\275\011\256\243x[U)\351\033v<\222\217"
 308      8B7655BD 
 308      09AEA378 
 308      5B5529E9 
 308      1B763C92 
 309 0602 D925798F 		.ascii	"\331%y\217\241\227-+\305\317\330\361\276\275\024\376"
 309      A1972D2B 
 309      C5CFD8F1 
 309      BEBD14FE 
 310 0612 5296B376 		.ascii	"R\226\263vTz\227\243bW\277\371\0001\312\231 {\226C\026"
 310      547A97A3 
 310      6257BFF9 
 310      0031CA99 
 310      207B9643 
 311 0627 DAB97D6E 		.ascii	"\332\271}n\203\336Z\016\372\266\214\234\262!\373\225"
 311      83DE5A0E 
 311      FAB68C9C 
 311      B221FB95 
 312 0637 487F1B90 		.ascii	"H\177\033\220\226\270\237\226\030\020\366%V4\371]H\023"
 312      96B89F96 
 312      1810F625 
 312      5634F95D 
 312      4813
 313 0649 B7251A64 		.ascii	"\267%\032d\256p\223G\362\276(\232\367A;A\026\240\301"
 313      AE709347 
 313      F2BE289A 
 313      F7413B41 
 313      16A0C1
 314 065c 5F808830 		.ascii	"_\200\2100^\204\3379\220yE\303O\332\325c`\031B\244\034"
 314      5E84DF39 
 314      907945C3 
 314      4FDAD563 
 314      601942A4 
 315 0671 70E70FE4 		.ascii	"p\347\017\344/D\272 o\337\345\343\307B\314\3777>\315"
 315      2F44BA20 
 315      6FDFE5E3 
 315      C742CCFF 
 315      373ECD
 316 0684 729FBBC8 		.ascii	"r\237\273\310\243\0300\035\224w\006\2342\331\031\236"
ARM GAS  C:\cygwin\tmp\ccQiJCsB.s 			page 25


 316      A318301D 
 316      9477069C 
 316      32D9199E 
 317 0694 A70CCC29 		.ascii	"\247\014\314)\037\033bx\373\233\343;^\332\203\317\215"
 317      1F1B6278 
 317      FB9BE33B 
 317      5EDA83CF 
 317      8D
 318 06a5 E764BA90 		.ascii	"\347d\272\220\323\013\346\330\351\2658\2678\342\342"
 318      D30BE6D8 
 318      E9B538B7 
 318      38E2E2
 319 06b4 704B8CE7 		.ascii	"pK\214\347\361\226\030\307\263=\261!\2574\315\203\236"
 319      F19618C7 
 319      B33DB121 
 319      AF34CD83 
 319      9E
 320 06c5 5ED68C1E 		.ascii	"^\326\214\036\2555\011a\004\272.\263\272.\235]\011<"
 320      AD350961 
 320      04BA2EB3 
 320      BA2E9D5D 
 320      093C
 321 06d7 3EBB5AA6 		.ascii	">\273Z\246+\342\324\202\225nT\207v\307\016\253\230\365"
 321      2BE2D482 
 321      956E5487 
 321      76C70EAB 
 321      98F5
 322 06e9 61239C7B 		.ascii	"a#\234{\330v\027o\263\205!\265\335Ml{\206\237\356\024"
 322      D876176F 
 322      B38521B5 
 322      DD4D6C7B 
 322      869FEE14 
 323 06fd 8456B68D 		.ascii	"\204V\266\215?\251M\245\324\353m\007oe\313d\273\223"
 323      3FA94DA5 
 323      D4EB6D07 
 323      6F65CB64 
 323      BB93
 324 070f 2D9DEF79 		.ascii	"-\235\357y29R\264;\337\335a>I$\237=R>5\365=\315\236"
 324      323952B4 
 324      3BDFDD61 
 324      3E49249F 
 324      3D523E35 
 325 0727 8CD121CC 		.ascii	"\214\321!\314\010\256\243D\231Q\242\304(\2310J\334s"
 325      08AEA344 
 325      9951A2C4 
 325      2899304A 
 325      DC73
 326 0739 2CD555E8 		.ascii	",\325U\350\246\214\262\307w\247i\331I\276\320\0272I"
 326      A68CB2C7 
 326      77A769D9 
 326      49BED017 
 326      3249
 327 074b 4E72BCCD 		.ascii	"Nr\274\315\357\225\355\367J\366\373\210}\355TS\223V"
 327      EF95EDF7 
 327      4AF6FB88 
 327      7DED5453 
 327      9356
ARM GAS  C:\cygwin\tmp\ccQiJCsB.s 			page 26


 328 075d 784CED73 		.ascii	"xL\355sR\373S\234\231}\177\277%\372x,\224\223\034Bh"
 328      52FB539C 
 328      997D7FBF 
 328      25FA782C 
 328      94931C42 
 329 0772 BFEC61BF 		.ascii	"\277\354a\277\344\341\000\3610V.\016i\204T\025\361\260"
 329      E4E100F1 
 329      30562E0E 
 329      69845415 
 329      F1B0
 330 0784 EFD8D00F 		.ascii	"\357\330\320\017.\314\303\336\273\037\325\332\030\244"
 330      2ECCC3DE 
 330      BB1FD5DA 
 330      18A4
 331 0792 C8F62992 		.ascii	"\310\366)\222\375Ab\3370q\352\244\226\236\025\370\225"
 331      FD4162DF 
 331      3071EAA4 
 331      969E15F8 
 331      95
 332 07a3 F2C94C56 		.ascii	"\362\311LV\274\253\343\207\354T\236=d\037\342\361i\317"
 332      BCABE387 
 332      EC549E3D 
 332      641FE2F1 
 332      69CF
 333 07b5 E7DEC9AF 		.ascii	"\347\336\311\257S!_ovb\365\256\"\257\036\351\320mO\344"
 333      53215F6F 
 333      7662F5AE 
 333      22AF1EE9 
 333      D06D4FE4 
 334 07c9 0EC0BBDD 		.ascii	"\016\300\273\335\222;\320"
 334      923BD0
 335 07d0 76CCA441 		.ascii	"v\314\244A\327\377\234c\006\277\035d\314_Q>Y\244+\272"
 335      D7FF9C63 
 335      06BF1D64 
 335      CC5F513E 
 335      59A42BBA 
 336 07e4 FAB0ADAB 		.ascii	"\372\260\255\253\017\364\027\357\345\345\007m\013\276"
 336      0FF417EF 
 336      E5E5076D 
 336      0BBE
 337 07f2 64BBE938 		.ascii	"d\273\3518t\204\367\222R!\012~u>U:\343\3448\355\243"
 337      7484F792 
 337      52210A7E 
 337      753E553A 
 337      E3E438ED 
 338 0807 52DAE7E9 		.ascii	"R\332\347\351CNIM\357.\227\245\001\244\2348\224A\002"
 338      434E494D 
 338      EF2E97A5 
 338      01A49C38 
 338      944102
 339 081a 1CA50132 		.ascii	"\034\245\0012H\200\323G\272\217\2729\016\220)\005x\213"
 339      4880D347 
 339      BA8FBA39 
 339      0E902905 
 339      788B
 340 082c F8AF1C2D 		.ascii	"\370\257\034-\250t\247'\266\025\353bv\237\033\013g\225"
 340      A874A727 
ARM GAS  C:\cygwin\tmp\ccQiJCsB.s 			page 27


 340      B615EB62 
 340      769F1B0B 
 340      6795
 341 083e C21DE375 		.ascii	"\302\035\343ul\227\314\"\3412i\270,\022\356\370\303"
 341      6C97CC22 
 341      E13269B8 
 341      2C12EEF8 
 341      C3
 342 084f EA0BECA1 		.ascii	"\352\013\354\241\320\035\324\370\313ms\257X\325l)\372"
 342      D01DD4F8 
 342      CB6D73AF 
 342      58D56C29 
 342      FA
 343 0860 71B2AA68 		.ascii	"q\262\252h\341\366\316\027<\265\366\300\033\302\203"
 343      E1F6CE17 
 343      3CB5F6C0 
 343      1BC283
 344 086f 9EE36ACA 		.ascii	"\236\343j\312f\014_\036N\217oU-}\2179\001trx\354\355"
 344      660C5F1E 
 344      4E8F6F55 
 344      2D7D8F39 
 344      01747278 
 345 0885 24A1934D 		.ascii	"$\241\223M\351\234$t\322\367\335(R+\226\016\346\355"
 345      E99C2474 
 345      D2F7DD28 
 345      522B960E 
 345      E6ED
 346 0897 08E4D2A5 		.ascii	"\010\344\322\245\303\2778\374X\347\002kI\374\222x\253"
 346      C3BF38FC 
 346      58E7026B 
 346      49FC9278 
 346      AB
 347 08a8 60F1CC2B 		.ascii	"`\361\314+\336\373\362%\362y\224\374\215\236\350jD\255"
 347      DEFBF225 
 347      F27994FC 
 347      8D9EE86A 
 347      44AD
 348 08ba DD702907 		.ascii	"\335p)\007\017\3243\3627\311c\377\310\301\357\320R\362"
 348      0FD433F2 
 348      37C963FF 
 348      C8C1EFD0 
 348      52F2
 349 08cc 8540BE80 		.ascii	"\205@\276\200\220/\"\344\363)\371\"B\276\333:1\244\354"
 349      902F22E4 
 349      F329F922 
 349      42BEDB3A 
 349      31A4EC
 350 08df BB2205F9 		.ascii	"\273\"\005\371bF\276\230\220o\231\350\351pw\314\266"
 350      6246BE98 
 350      906F99E8 
 350      E97077CC 
 350      B6
 351 08f0 4462DB4D 		.ascii	"Db\333M;\251\340L\316Y\306V\215\237\354\233N_\024(\333"
 351      3BA9E04C 
 351      CE59C656 
 351      8D9FEC9B 
 351      4E5F1428 
ARM GAS  C:\cygwin\tmp\ccQiJCsB.s 			page 28


 352 0905 4BE47261 		.ascii	"K\344ra\353\200\313R\266\245\300\366\024a[F\330\226"
 352      EB80CB52 
 352      B6A5C0F6 
 352      14615B46 
 352      D896
 353 0917 50B66584 		.ascii	"P\266e\204m\303\211\310\011\345\336_\246`[\316\330\226"
 353      6DC389C8 
 353      09E5DE5F 
 353      A6605BCE 
 353      D896
 354 0929 13B66962 		.ascii	"\023\266ibl\261\340\230m\205\304v\210\262\215k\356\273"
 354      6CB1E098 
 354      6D85C476 
 354      88B28D6B 
 354      EEBB
 355 093b CED8BE06 		.ascii	"\316\330\276\006ja{\363m\3066\016?\213\237?4\366\324"
 355      6A617BF3 
 355      6DC6360E 
 355      3F8B9F3F 
 355      34F6D4
 356 094e 6329DB33 		.ascii	"c)\3333\300\3664a[I\330VP\266\225\204m\3423\353\202"
 356      C0F63461 
 356      5B49D856 
 356      50B69584 
 356      6DE233EB 
 357 0963 BB826DA5 		.ascii	"\273\202m\245\202m\025c[E\330N%\304\314\260\377\017"
 357      826D1563 
 357      5B45D84E 
 357      25C4CCB0 
 357      FF0F
 358 0975 B8E0BD7A 		.ascii	"\270\340\275z\2503R\353\230\374Y\211|5m\214\322\252"
 358      A83352EB 
 358      98FC5989 
 358      7C356D8C 
 358      D2AA
 359 0987 E432B57C 		.ascii	"\3442\265|\027Qv\362]TC\330\235\245\354j\010\273\226"
 359      175176F2 
 359      5D5443D8 
 359      9DA5EC6A 
 359      08BB96
 360 099a C5893957 		.ascii	"\305\2119W\005\273\032\005\273s\214\3359\302.\371\247"
 360      05BB1A05 
 360      BB738CDD 
 360      39C22EF9 
 360      A7
 361 09ab 63631AC7 		.ascii	"cc\032\307tj%:9\224N\361\304T\2613M\306\023\227v\360"
 361      746A253A 
 361      39944EF1 
 361      C454B133 
 361      4DC61397 
 362 09c1 BB2EF65E 		.ascii	"\273.\366^\363\214\354a\303\235\365/\335d\365\300\266"
 362      F38CEC61 
 362      C39DF52F 
 362      DD64F5C0 
 362      B6
 363 09d2 8ED4D24A 		.ascii	"\216\324\322J\330\326R\266V\302\366V\355\256^\225\202"
 363      D8D652B6 
ARM GAS  C:\cygwin\tmp\ccQiJCsB.s 			page 29


 363      56C2F656 
 363      EDAE5E95 
 363      82
 364 09e3 AD55C1F6 		.ascii	"\255U\301\366<c{\236\260=^\226\220\357\254@g)\320\015"
 364      3C637B9E 
 364      B03D5E96 
 364      90EFAC40 
 364      6729D00D 
 365 09f7 0CDD40D0 		.ascii	"\014\335@\320\245\003\363\347T\224,\0165*^+~E\2237J"
 365      A503F3E7 
 365      54942C0E 
 365      352A5E2B 
 365      7E459337 
 366 0a0c A95EA0A9 		.ascii	"\251^\240\251NU\307>\367\240\326\336\270\254\221\211"
 366      4E55C73E 
 366      F7A0D6DE 
 366      B8AC9189 
 367 0a1c E4C88154 		.ascii	"\344\310\201T\017\341\266\351|\\\272\350\2744\325\213"
 367      0FE1B6E9 
 367      7C5CBAE8 
 367      BC34D58B 
 368 0a2c 906A1349 		.ascii	"\220j\023I\265\231\244\332HSm&\251\306\324%&8)\3107"
 368      B599A4DA 
 368      48536D26 
 368      A9C6D425 
 368      263829C8 
 369 0a41 2BC85F62 		.ascii	"+\310_b\344/\021\362C\315\213w\225\350\014\005\272\205"
 369      E42F11F2 
 369      43CD8B77 
 369      95E80C05 
 369      BA85
 370 0a53 A15BE80D 		.ascii	"\241[\350\015\234}v\236\355>Nx\353\232\274\363\200\355"
 370      9C7D769E 
 370      ED3E4E78 
 370      EB9ABCF3 
 370      80ED
 371 0a65 1FBEA0B6 		.ascii	"\037\276\240\266gv\306\276\324\342\227\201k+\341\332"
 371      6776C6BE 
 371      D4E29781 
 371      6B2BE1DA 
 372 0a75 66BFF3B7 		.ascii	"f\277\363\267\021\256\373sn\217\013\212\350m\212\350"
 372      11AEFB73 
 372      6E8F0B8A 
 372      E86D8AE8 
 373 0a85 ED2C7A3B 		.ascii	"\355,z;\211\3367\230\234\255\334l\216(\320\035\014\335"
 373      89DE3798 
 373      9CADDC6C 
 373      8E28D01D 
 373      0CDD
 374 0a97 41D0B5E2 		.ascii	"A\320\265\342\315\007\274\002\215\037\240\354\376\343"
 374      CD07BC02 
 374      8D1FA0EC 
 374      FEE3
 375 0aa5 C1D05708 		.ascii	"\301\320W\010:\253\256\350\232r\027\356R\274\277v2t"
 375      3AABAEE8 
 375      9A7217EE 
 375      52BCBF76 
ARM GAS  C:\cygwin\tmp\ccQiJCsB.s 			page 30


 375      3274
 376 0ab7 27418FF5 		.ascii	"'A\217\365\355\032U2IR\370\276\312\320\370\327\365\303"
 376      ED1A5532 
 376      4952F8BE 
 376      CAD0F8D7 
 376      F5C3
 377 0ac9 4FBF58F3 		.ascii	"O\277X\363\376\372\365\234F\257\2170\231-\353\337\321"
 377      FEFAF59C 
 377      46AF8F30 
 377      992DEBDF 
 377      D1
 378 0ada 5BFE60F8 		.ascii	"[\376`\370c\200a\3077\337\232\314\001\201a!\353\314"
 378      638061C7 
 378      37DF9ACC 
 378      01816121 
 378      EBCC
 379 0aec A166E33A 		.ascii	"\241f\343:c\340\026S\200\311l\010\216\330j\014\010\011"
 379      63E01653 
 379      80C96C08 
 379      8ED86A0C 
 379      0809
 380 0afe 340499CC 		.ascii	"4\004\231\314\306\000\375V\343\266\300\210`\213\336"
 380      C600FD56 
 380      E3B6C088 
 380      608BDE
 381 0b0d B263BB31 		.ascii	"\262c\2731\334/\210s\225\\\370\375/\027\341;\302\003"
 381      DC2F8873 
 381      955CF8FD 
 381      2F17E13B 
 381      C203
 382 0b1f F4E196AD 		.ascii	"\364\341\226\255\200\007;5\250\026S\210QoY\353\347\347"
 382      80073B35 
 382      A8165388 
 382      516F59EB 
 382      E7E7
 383 0b31 FF7E9069 		.ascii	"\377~\220i\213i\343f\377\320p\3770\213?\263\3607\004"
 383      8B69E366 
 383      FFD070FF 
 383      308B3FB3 
 383      F03704
 384 0b44 61100BE4 		.ascii	"a\020\013\344\266\325\030\034\270\203\232\374\032L\""
 384      B6D5181C 
 384      B8839AFC 
 384      1A4C22
 385 0b53 3EFCE06B 		.ascii	">\374\340k\377\3600\203\3777`\004\2427`\037\241\030"
 385      FFF03083 
 385      FF376004 
 385      A237601F 
 385      A118
 386 0b65 AAA689BD 		.ascii	"\252\246\211\275\253\267\270\260_\225!(0L\025\022h2"
 386      ABB7B8B0 
 386      5F952128 
 386      304C1512 
 386      6832
 387 0b77 BBE02F3F 		.ascii	"\273\340/?\003\267\362\233m\377\332\034l4n\377\304\024"
 387      03B7F29B 
 387      6DFFDA1C 
ARM GAS  C:\cygwin\tmp\ccQiJCsB.s 			page 31


 387      6C346EFF 
 387      C414
 388 0b89 1C6C0A37 		.ascii	"\034l\0127\032B\315[\303\325!Fs\204~kX\340\267\257\005"
 388      1A42CD5B 
 388      C3D52146 
 388      73847E6B 
 388      58E0B7AF 
 389 0b9e 07865BF4 		.ascii	"\007\206[\364\206\210\2600\243\331\2427Y\214!Z{\305"
 389      8688B030 
 389      A3D9A237 
 389      598C215A 
 389      7BC5
 390 0bb0 955CB684 		.ascii	"\225\\\266\204n\027@T\333B\315\026\365_?\333\360\225"
 390      6E174054 
 390      DB42CD16 
 390      F55F3FDB 
 390      F095
 391 0bc2 7EC3179F 		.ascii	"~\303\027\237ot\375d\303\327\372\3176~\265YC\274\205"
 391      6F74FD64 
 391      C3D7FACF 
 391      367EB559 
 391      43BC85
 392 0bd5 5B022D46 		.ascii	"[\002-F\2331\236r3\204F0?\341N\344[\265=\314\370O\325"
 392      9B319E72 
 392      33844630 
 392      3FE14EE4 
 392      5BB53DCC 
 393 0bec B608B381 		.ascii	"\266\010\263\2012\300#\267`\323\026\177\254ABN\301\201"
 393      32C023B7 
 393      60D3167F 
 393      AC41424E 
 393      C181
 394 0bfe 5B8CC12A 		.ascii	"[\214\301*\2541\212\241\337\232\335\250{c\260\321`q"
 394      AC318AA1 
 394      DF9ADDA8 
 394      7B63B0D1 
 394      6071
 395 0c10 816C3E36 		.ascii	"\201l>6\233,\036Ra@\307\2050\004m\336\021\216/\274\361"
 395      9B2C1E52 
 395      6140C785 
 395      30046DDE 
 395      118E2FBC 
 396 0c25 EA2203D6 		.ascii	"\352\"\003\326%(0\030#\327(\2210k\203\302\030\200\377"
 396      25283018 
 396      23D72891 
 396      306B83C2 
 396      1880FF
 397 0c38 0568165A 		.ascii	"\005h\026Z\004"
 397      04
 398              		.text
 399              		.section	.gnu.lto_.symtab.2d2731f6,"",%progbits
 400 0000 6D61696E 		.ascii	"main\000"
 400      00
 401 0005 00       		.ascii	"\000"
 402 0006 00       		.ascii	"\000"
 403 0007 00       		.ascii	"\000"
 404 0008 00000000 		.ascii	"\000\000\000\000\000\000\000\000"
ARM GAS  C:\cygwin\tmp\ccQiJCsB.s 			page 32


 404      00000000 
 405 0010 D0000000 		.ascii	"\320\000\000\000"
 406 0014 67667853 		.ascii	"gfxSleepMilliseconds\000"
 406      6C656570 
 406      4D696C6C 
 406      69736563 
 406      6F6E6473 
 407 0029 00       		.ascii	"\000"
 408 002a 02       		.ascii	"\002"
 409 002b 00       		.ascii	"\000"
 410 002c 00000000 		.ascii	"\000\000\000\000\000\000\000\000"
 410      00000000 
 411 0034 D4000000 		.ascii	"\324\000\000\000"
 412 0038 6D656E75 		.ascii	"menu_draw\000"
 412      5F647261 
 412      7700
 413 0042 00       		.ascii	"\000"
 414 0043 02       		.ascii	"\002"
 415 0044 00       		.ascii	"\000"
 416 0045 00000000 		.ascii	"\000\000\000\000\000\000\000\000"
 416      00000000 
 417 004d 0A010000 		.ascii	"\012\001\000\000"
 418 0051 6D656E75 		.ascii	"menu_down\000"
 418      5F646F77 
 418      6E00
 419 005b 00       		.ascii	"\000"
 420 005c 02       		.ascii	"\002"
 421 005d 00       		.ascii	"\000"
 422 005e 00000000 		.ascii	"\000\000\000\000\000\000\000\000"
 422      00000000 
 423 0066 0C010000 		.ascii	"\014\001\000\000"
 424 006a 6D656E75 		.ascii	"menu_select\000"
 424      5F73656C 
 424      65637400 
 425 0076 00       		.ascii	"\000"
 426 0077 02       		.ascii	"\002"
 427 0078 00       		.ascii	"\000"
 428 0079 00000000 		.ascii	"\000\000\000\000\000\000\000\000"
 428      00000000 
 429 0081 11010000 		.ascii	"\021\001\000\000"
 430 0085 67667849 		.ascii	"gfxInit\000"
 430      6E697400 
 431 008d 00       		.ascii	"\000"
 432 008e 02       		.ascii	"\002"
 433 008f 00       		.ascii	"\000"
 434 0090 00000000 		.ascii	"\000\000\000\000\000\000\000\000"
 434      00000000 
 435 0098 13010000 		.ascii	"\023\001\000\000"
 436 009c 63685379 		.ascii	"chSysInit\000"
 436      73496E69 
 436      7400
 437 00a6 00       		.ascii	"\000"
 438 00a7 02       		.ascii	"\002"
 439 00a8 00       		.ascii	"\000"
 440 00a9 00000000 		.ascii	"\000\000\000\000\000\000\000\000"
 440      00000000 
 441 00b1 15010000 		.ascii	"\025\001\000\000"
ARM GAS  C:\cygwin\tmp\ccQiJCsB.s 			page 33


 442 00b5 68616C49 		.ascii	"halInit\000"
 442      6E697400 
 443 00bd 00       		.ascii	"\000"
 444 00be 02       		.ascii	"\002"
 445 00bf 00       		.ascii	"\000"
 446 00c0 00000000 		.ascii	"\000\000\000\000\000\000\000\000"
 446      00000000 
 447 00c8 17010000 		.ascii	"\027\001\000\000"
 448              		.text
 449              		.section	.gnu.lto_.opts,"",%progbits
 450 0000 272D666D 		.ascii	"'-fmath-errno' '-fsigned-zeros' '-ftrapping-math' '"
 450      6174682D 
 450      6572726E 
 450      6F272027 
 450      2D667369 
 451 0033 2D666E6F 		.ascii	"-fno-trapv' '-fno-openmp' '-fno-openacc' '-mcpu=cor"
 451      2D747261 
 451      70762720 
 451      272D666E 
 451      6F2D6F70 
 452 0066 7465782D 		.ascii	"tex-m3' '-mno-thumb-interwork' '-mthumb' '-ggdb' '-"
 452      6D332720 
 452      272D6D6E 
 452      6F2D7468 
 452      756D622D 
 453 0099 4F322720 		.ascii	"O2' '-fomit-frame-pointer' '-falign-functions=16' '"
 453      272D666F 
 453      6D69742D 
 453      6672616D 
 453      652D706F 
 454 00cc 2D666675 		.ascii	"-ffunction-sections' '-fdata-sections' '-fno-common"
 454      6E637469 
 454      6F6E2D73 
 454      65637469 
 454      6F6E7327 
 455 00ff 2720272D 		.ascii	"' '-flto'\000"
 455      666C746F 
 455      2700
 456              		.text
 457              		.comm	__gnu_lto_v1,1,1
 458              		.comm	__gnu_lto_slim,1,1
 459              		.ident	"GCC: (GNU Tools for ARM Embedded Processors) 5.4.1 20160919 (release) [ARM/embedded-5-bran
ARM GAS  C:\cygwin\tmp\ccQiJCsB.s 			page 34


DEFINED SYMBOLS
                            *ABS*:00000000 main.c
                            *COM*:00000001 __gnu_lto_v1
                            *COM*:00000001 __gnu_lto_slim

NO UNDEFINED SYMBOLS
