ARM GAS  C:\cygwin\tmp\ccgqYSsN.s 			page 1


   1              		.syntax unified
   2              		.cpu cortex-m3
   3              		.fpu softvfp
   4              		.eabi_attribute 20, 1
   5              		.eabi_attribute 21, 1
   6              		.eabi_attribute 23, 3
   7              		.eabi_attribute 24, 1
   8              		.eabi_attribute 25, 1
   9              		.eabi_attribute 26, 1
  10              		.eabi_attribute 30, 2
  11              		.eabi_attribute 34, 1
  12              		.eabi_attribute 18, 4
  13              		.thumb
  14              		.syntax unified
  15              		.file	"menu.c"
  16              		.text
  17              	.Ltext0:
  18              		.section	.gnu.lto_.profile.2d272389,"",%progbits
  19 0000 789C6361 		.ascii	"x\234ca`d`c`\000\222\015L=\214\000\003\263\001\034"
  19      60646063 
  19      6000920D 
  19      4C3D8C00 
  19      03B3011C 
  20              		.text
  21              		.section	.gnu.lto_.icf.2d272389,"",%progbits
  22 0000 789C6361 		.ascii	"x\234ca`d\000\001\005\006\004`e8\271k\335wN\246\363"
  22      60640001 
  22      05060460 
  22      6538B96B 
  22      DD774EA6 
  23 0015 1B1ECEE0 		.ascii	"\033\036\316\340e\376\331\177\361\0047\313\223;G\317"
  23      65FED97F 
  23      F10437CB 
  23      933B47CF 
  24 0025 31B27ED9 		.ascii	"1\262~\331\364y/3\003\000\015\212\020H"
  24      F4792F33 
  24      03000D8A 
  24      1048
  25              		.text
  26              		.section	.gnu.lto_.jmpfuncs.2d272389,"",%progbits
  27 0000 789C6361 		.ascii	"x\234ca`d\000\201\325\014\010\300\312\300\310\310X\317"
  27      60640081 
  27      D50C08C0 
  27      CAC0C8C8 
  27      58CF
  28 0012 04648900 		.ascii	"\004d\211\0001\343_&\306i\255\207\316\263\177aje\006"
  28      31E35F26 
  28      C669AD87 
  28      CEB37F61 
  28      6A6506
  29 0025 AA665CCE 		.ascii	"\252f\\\316(\303\200\035\200\224nm?\263\221\013\244"
  29      28C3801D 
  29      80946E6D 
  29      3FB3910B 
  29      A4
  30 0036 146806E3 		.ascii	"\024h\006\343\012\220R\026tC\230\200\206\254\004\311"
  30      0A905216 
ARM GAS  C:\cygwin\tmp\ccgqYSsN.s 			page 2


  30      74439880 
  30      86AC04C9 
  31 0046 80AC8063 		.ascii	"\200\254\200c\260\235L\225 s\200*\030\231\353a<\206"
  31      B09D4C95 
  31      2073802A 
  31      1899EB61 
  31      3C86
  32 0058 7A011624 		.ascii	"z\001\026$IV$6\003\000\\\204\030s"
  32      49562436 
  32      03005C84 
  32      1873
  33              		.text
  34              		.section	.gnu.lto_.inline.2d272389,"",%progbits
  35 0000 789C7591 		.ascii	"x\234u\221\275J\003A\024\205\317\275\263?\223\335l\222"
  35      BD4A0341 
  35      1485CFBD 
  35      B33F93DD 
  35      6C92
  36 0012 D5882404 		.ascii	"\325\210$\004L\241\370\000\001\301n\261J\343\222F\260"
  36      4CA1F800 
  36      01C16EB1 
  36      4AE39246 
  36      B0
  37 0023 4C6D5E22 		.ascii	"Lm^\"\215!\210\310V\242`ec%\226\352+X-\251,\202\245"
  37      8D2188C8 
  37      56A26065 
  37      632596EA 
  37      2B582DA9 
  38 003a A610AB34 		.ascii	"\246\020\2534)\004gf\023\331\3703\305\271\3672\003\337"
  38      29046766 
  38      13D9F833 
  38      C5B9F732 
  38      03DF
  39 004c B9672C10 		.ascii	"\271g,\020\364\331g|\037\033\330\275b\002\267f/!\202"
  39      F4D9677C 
  39      1F1BD8BD 
  39      6202B766 
  39      2F2182
  40 005f CB273697 		.ascii	"\313'6\227\354\003\224\304~\225\340%1\222xT\037\325"
  40      EC0394C4 
  40      7E95E025 
  40      31927854 
  40      1FD5
  41 0071 B526B11A 		.ascii	"\265&\261\032EQ\275\230W\365j\2710\302\025r {\237Lw"
  41      4551BD98 
  41      57F56AB9 
  41      30C21572 
  41      207B9F4C 
  42 0086 EF8FB360 		.ascii	"\357\217\263`\312\307B\020\350\206\032BB\036\315\233"
  42      CAC74210 
  42      E8861A42 
  42      421ECD9B 
  43 0096 26417421 		.ascii	"&At!\225\266\215\036\032\225^\341u\017\205\363\026\203"
  43      95B68D1E 
  43      1A955EE1 
  43      750F85F3 
  43      1683
ARM GAS  C:\cygwin\tmp\ccgqYSsN.s 			page 3


  44 00a8 266E2553 		.ascii	"&n%S\320\310i\262Q-\221i#}\325'\206=\334\356\323\334"
  44      D0C869B2 
  44      512D9169 
  44      237DD527 
  44      863DDCEE 
  45 00be B4658C60 		.ascii	"\264e\214`\243F\016\311\236&\2012\"r\300\216\321\210"
  45      A3460EC9 
  45      9E268132 
  45      2272C08E 
  45      D188
  46 00d0 94A2D018 		.ascii	"\224\242\320\030\334\022\212\327\355e\340\304U@\361"
  46      DC128AD7 
  46      ED65E0C4 
  46      5540F1
  47 00df B0BE04B4 		.ascii	"\260\276\004\264\206\253?He5X\250\255\221\213\014\227"
  47      86AB3F48 
  47      653558A8 
  47      AD918B0C 
  47      97
  48 00f0 DFD0407E 		.ascii	"\337\320@~a\221\355Y*\275\035@\336o.\260\342\304[`\265"
  48      6191ED59 
  48      2ABD1D40 
  48      DE6F2EB0 
  48      E2C45B60 
  49 0105 82525B61 		.ascii	"\202R[a\3058\210\300\247\262\003\032XzYS`]TR2\373s\266"
  49      C53888C0 
  49      A7B2031A 
  49      587A5953 
  49      605D5452 
  50 011d 3FE75DD9 		.ascii	"?\347]\331\250\206\346\007\376\212<\312'\220Y\361\371"
  50      A886E607 
  50      FE8A3CCA 
  50      279059F1 
  50      F9
  51 012e C3863CDB 		.ascii	"\303\206<\333ZXq\237w\224\225\251\320\011\214\375\246"
  51      5A58719F 
  51      779495A9 
  51      D0098CFD 
  51      A6
  52 013f 6EB59589 		.ascii	"n\265\225\211\253\022H\313\335\177s\307\027>\273Z\203"
  52      AB1248CB 
  52      DD7F73C7 
  52      173EBB5A 
  52      83
  53              		.text
  54              		.section	.gnu.lto_.pureconst.2d272389,"",%progbits
  55 0000 789C6361 		.ascii	"x\234ca`d\340f```e\260d\222b\226b\221b\225\002\000\005"
  55      6064E066 
  55      60606065 
  55      B0649262 
  55      96629162 
  56 0018 2900C5   		.ascii	")\000\305"
  57              		.text
  58              		.section	.gnu.lto_menu_draw.2d272389,"",%progbits
  59 0000 789C9556 		.ascii	"x\234\225V\353OTW\020?s\317\336\275\313\276APP@| \""
  59      EB4F5457 
  59      103F73CF 
ARM GAS  C:\cygwin\tmp\ccgqYSsN.s 			page 4


  59      DEBDCBBE 
  59      41505040 
  60 0017 2828D667 		.ascii	"((\326g\232\330/\376\001\375\336\264U\251\220\370H*"
  60      9AD82FFE 
  60      01FDDEB4 
  60      55A990F8 
  60      482A
  61 0029 4DDB4F5C 		.ascii	"M\333O\\\331]\327Z\323P\023\011Z\2555\215\361Q\005\266"
  61      D95DD75A 
  61      D3501309 
  61      5AAD358D 
  61      F15105B6 
  62 003d 8A16B574 		.ascii	"\212\026\265t\361\205\225\345\245(m\265\255\257R5M\312"
  62      F18595E5 
  62      A5286DB5 
  62      ADAF5235 
  62      4DCA
  63 004f 128D8D55 		.ascii	"\022\215\215U\2663\347\334]/\260i\360&\367\3549sg~\363"
  63      B633E7DC 
  63      5D2FB069 
  63      F026F7EC 
  63      3973677E 
  64 0064 3B3373E6 		.ascii	";3s\346\254\205\001\243\247\317\311\3302\374}\007_\260"
  64      AC8501A3 
  64      A7CFC9D8 
  64      32FC7D07 
  64      5FB0
  65 0076 31506ABB 		.ascii	"1Pj\273\030\333lS\300*'\\\261\364Md\272]=\273\230\351"
  65      18DB6C53 
  65      C02A275C 
  65      B1F44D64 
  65      BA5D3DBB 
  66 008c 4E0BA852 		.ascii	"N\013\250R\254\312\357m6\253\302\267\2673T\320\374\032"
  66      ACCAEF6D 
  66      36ABC2B7 
  66      B73354D0 
  66      FC1A
  67 009e 2A680024 		.ascii	"*h\000$\327m\300\252\025nQ\255\032T+V&\237'\312\013"
  67      D76DC0AA 
  67      156E51AD 
  67      1A542B56 
  67      269F27CA 
  68 00b3 05CE0507 		.ascii	"\005\316\005\007Z\224\302\203:>\267\017|\311\365Ca\010"
  68      5A94C283 
  68      3A3EB70F 
  68      7CC9F543 
  68      6108
  69 00c5 70C6628A 		.ascii	"p\306b\212\324\201\203P\210Z\275\376\246=\374\261\022"
  69      D4818350 
  69      885ABDFE 
  69      A63DFCB1 
  69      12
  70 00d6 E000165C 		.ascii	"\340\000\026\\F;w\337s\323R\201<\\\236\210|\272\323"
  70      463B77DF 
  70      73D35281 
  70      3C5C9E88 
  70      7CBAD3
ARM GAS  C:\cygwin\tmp\ccgqYSsN.s 			page 5


  71 00e9 C9DDC070 		.ascii	"\311\335\300p>\020>r\315Sp@\327kt\375\3375zJ\200s8\002"
  71      3E103E72 
  71      CD537040 
  71      D76B74FD 
  71      DF357A4A 
  72 0101 1CF1E030 		.ascii	"\034\361\3400d\303!\310f(b\360\015\024\220\372\305\330"
  72      64C321C8 
  72      662862F0 
  72      0D1490FA 
  72      C5D8
  73 0113 D3B04702 		.ascii	"\323\260G\002\023\233\253\203\221\275\016\011\354\305"
  73      139BAB83 
  73      91BD0E09 
  73      ECC5
  74 0121 E5D96D1D 		.ascii	"\345\331m\035\317m<U\000\367\354\017\365j\371_\023\321"
  74      CF6D3C55 
  74      00F7EC0F 
  74      F56AF95F 
  74      13D1
  75 0133 F0175B5C 		.ascii	"\360\027[\\\365z\270&/\300-\320 \301\217!\370Q\004\247"
  75      F57AB826 
  75      2FC02DD0 
  75      20C18F21 
  75      F85104A7 
  76 0147 07B50F74 		.ascii	"\007\265\017t\234ou\363\011\3022\372UC\267\315\260\254"
  76      9C6F75F3 
  76      09C232FA 
  76      5543B7CD 
  76      B0AC
  77 0159 DFE2D47B 		.ascii	"\337\342\324{t\033\0316%5<\334\321\322\352\342\031\302"
  77      741B1936 
  77      25353CDC 
  77      D1D2EAE2 
  77      19C2
  78 016b F0616DF7 		.ascii	"\360am\367\015'\031\326\350\341\332K\016\275\211\014"
  78      0D2719D6 
  78      E8E1DA4B 
  78      0EBD890C 
  79 017b 55F8561A 		.ascii	"U\370V\032\226eCi\302\314\327\326\332\237\302s\205Y"
  79      96654369 
  79      C2CCD7D6 
  79      DA9FC273 
  79      8559
  80 018d 7FD7E5A0 		.ascii	"\177\327\345\240b\230\015\277\245\373V\220\321\211$"
  80      62980DBF 
  80      A5FB5690 
  80      D18924
  81 019c 46970F0E 		.ascii	"F\227\017\016m\003^(\214v|\326\034Q\014\222\317\336"
  81      6D035E28 
  81      8C767CD6 
  81      1C510C92 
  81      CFDE
  82 01ae D5032B88 		.ascii	"\325\003+\210\342\311\244\024\217\326\377\215\233.\025"
  82      E2C9A414 
  82      8FD6FF8D 
  82      9B2E15
  83 01bd 6683FDFD 		.ascii	"f\203\375\375;\270a\366O\334\354\273\244f\003\333\016"
ARM GAS  C:\cygwin\tmp\ccgqYSsN.s 			page 6


  83      3BB861F6 
  83      4FDCECBB 
  83      A46603DB 
  83      0E
  84 01ce 479D7C91 		.ascii	"G\235|\221\014\211\177{\320fP|Z\276K\017\3731\226V8"
  84      0C897F7B 
  84      D066507C 
  84      5ABE4B0F 
  84      FB319656 
  85 01e3 3D325186 		.ascii	"=2Q\206\341\335\320\360N\227\325O>\362\340\014\344C"
  85      E1DDD0F0 
  85      4E97D54F 
  85      3EF2E00C 
  85      E443
  86 01f5 0BBEA7F0 		.ascii	"\013\276\247\360m\306\3678\276!|\033!_\026\015\234\005"
  86      6DC6F738 
  86      BE217C1B 
  86      215F160D 
  86      9C05
  87 0207 2BD6B2F6 		.ascii	"+\326\262\366\177\232\215o\206\365X\314\247\207\237"
  87      7F9A8D6F 
  87      86F558CC 
  87      A7879F
  88 0216 A8C75CAF 		.ascii	"\250\307\\\257\003#9\372\305/V\254\016\015\353\036\015"
  88      032339FA 
  88      C52F56AC 
  88      0E0DEB1E 
  88      0D
  89 0227 5368EAC0 		.ascii	"Sh\352\300\301\346\304!\305\005T3n\234\332=\264\366"
  89      C1E6C421 
  89      C5055433 
  89      6E9CDA3D 
  89      B4F6
  90 0239 D290CA08 		.ascii	"\322\220\312\010>\015\247\216tF\0363\310h\022)e\012"
  90      3E0DA78E 
  90      74461E33 
  90      C8681229 
  90      650A
  91 024b D42CD29A 		.ascii	"\324,\322\232L\353)4\243\342\263\347\320,\227\206\251"
  91      4CEB2934 
  91      A3E2B3E7 
  91      D02C9786 
  91      A9
  92 025c 3838F348 		.ascii	"88\363H6\215\226\323i6\203f3qp\3453\342=\213\246\005"
  92      368D96D3 
  92      69368366 
  92      337170E5 
  92      33E23D8B 
  93 0272 8CE8CF26 		.ascii	"\214\350\317&\360B\372>\207\206\"\034\334\3054\314\245"
  93      F042FA3E 
  93      8786221C 
  93      DCC534CC 
  93      A5
  94 0283 611E512D 		.ascii	"a\036Q-\301\301S\212\203w>\015\013hYF^\026\022\307E"
  94      C1C1538A 
  94      83773E0D 
  94      0B685946 
ARM GAS  C:\cygwin\tmp\ccgqYSsN.s 			page 7


  94      5E1612C7 
  95 0298 A4B79886 		.ascii	"\244\267\230\206%b\267Ki\272\214\206\345\202-c\203\030"
  95      2562B74B 
  95      69BA8C86 
  95      E5822D63 
  95      8318
  96 02aa 423CB951 		.ascii	"B<\271QE\301\037>\0005u\241\3269\024R\037\267b*\352"
  96      45C11F3E 
  96      003575A1 
  96      D6391452 
  96      1FB7622A 
  97 02bf 02E7BA35 		.ascii	"\002\347\2725:\037\362L\264\264\374uS\253~\241o\325"
  97      3A1FF24C 
  97      B4B4FC75 
  97      53AB7EA1 
  97      6FD5
  98 02d1 752FCA3E 		.ascii	"u/\312>\3412a\217\"\327/\330\367\301\336\315\272\220"
  98      E132618F 
  98      22D72FD8 
  98      F7C1DECD 
  98      BA90
  99 02e3 6BD00AD5 		.ascii	"k\320\012\325\360=%\024~\200}\300\036\200_\177M\202"
  99      F03D2514 
  99      7E807DC0 
  99      1E805F7F 
  99      4D82
 100 02f5 DAC6A0A4 		.ascii	"\332\306\240\244\305\024L\037\204\241\232\241\317\000"
 100      C5144C1F 
 100      84A19AA1 
 100      CF00
 101 0303 9FC0EE82 		.ascii	"\237\300\356\202\"\222\2129A\003F\244\242\255E\322>"
 101      22928A39 
 101      410346A4 
 101      A2AD45D2 
 101      3E
 102 0314 E51558B4 		.ascii	"\345\025X\264%X\234\223,,\022\303\221\214\003\306\001"
 102      25589C93 
 102      2C2C12C3 
 102      918C03C6 
 102      01
 103 0325 CE0B0E29 		.ascii	"\316\013\016)\304\001\235\016\005\357\033\006N\264!"
 103      C4019D0E 
 103      05EF1B06 
 103      4EB421
 104 0334 C9E9FDC5 		.ascii	"\311\351\375\305R\3406\207\206\213\320<m\277\262\325"
 104      52E03687 
 104      868BD03C 
 104      6DBFB2D5 
 105 0344 89DEB19B 		.ascii	"\211\336\261\233\245\373\270\013.\220cj\014\367k\032"
 105      A5FBB80B 
 105      2E90636A 
 105      0CF76B1A 
 106 0354 B492B901 		.ascii	"\264\222\271\001<\342\027\221\305\260\350sp\011JF\272"
 106      3CE21791 
 106      C5B0E873 
 106      70094A46 
 106      BA
ARM GAS  C:\cygwin\tmp\ccgqYSsN.s 			page 8


 107 0365 F020284A 		.ascii	"\360 (J|MV\271\366\012\257\036\251\324\007R\230\212"
 107      7C4D56B9 
 107      F60AAF1E 
 107      A9D40752 
 107      988A
 108 0377 F244744E 		.ascii	"\362DtNQtRqY\023\036\026\337\251x\320as0\022\262\023"
 108      51745271 
 108      59131E16 
 108      DFA978D0 
 108      61733012 
 109 038d 2F1500DA 		.ascii	"/\025\000\332\221\005i\324\012X\252)3s\025O\302e\324"
 109      910569D4 
 109      0A58AA29 
 109      3373154F 
 109      C265D4
 110 03a0 A0AD852E 		.ascii	"\240\255\205.~\316\245\2274\323n(\226\372&\226tO\307"
 110      7ECEA597 
 110      34D36E28 
 110      96FA2696 
 110      744FC7
 111 03b3 E89B5E86 		.ascii	"\350\233^\206e\006?\212\235\321\215\002Wpg\224o\217"
 111      65063F8A 
 111      9DD18D02 
 111      57706794 
 111      6F8F
 112 03c5 044B1F13 		.ascii	"\004K\037\023\353\2111\005\023\006\035\"\326i\001>)"
 112      EB893105 
 112      13061D22 
 112      D669013E 
 112      29
 113 03d6 B1A333B4 		.ascii	"\261\2433\264\243t\301\027\033\256\0205\216$lA\302\021"
 113      A374C117 
 113      1BAE1035 
 113      8E246C41 
 113      C211
 114 03e8 49B82EDA 		.ascii	"I\270.\332>M\272\310x\205\222\350L\224D\227,\011\225"
 114      3E4DBAC8 
 114      788592E8 
 114      4C944497 
 114      2C0995
 115 03fb 30C69676 		.ascii	"0\306\226vfL\261\240R\267 \231AA\012\360,\021\247h\244"
 115      664CB1A0 
 115      52B72099 
 115      41410AF0 
 115      2C11A768 
 116 0410 D788D3A4 		.ascii	"\327\210\323\244\361e\275G\304Ft\252\336x\326#FB3}\246"
 116      F165BD47 
 116      C44674AA 
 116      DE78D623 
 116      4642337D 
 117 0425 ED8768FB 		.ascii	"\355\207h\373\231\250\027\305\000\341\245\312EZ:\333"
 117      99A817C5 
 117      00E1A5CA 
 117      455A3ADB 
 118 0435 0C7753C7 		.ascii	"\014wS\307\343\316\011W\205;\332?\\\223\356N\357\317"
 118      E3CE0957 
 118      853BDA3F 
ARM GAS  C:\cygwin\tmp\ccgqYSsN.s 			page 9


 118      5C93EE4E 
 118      EFCF
 119 0447 910879E6 		.ascii	"\221\010y\346P:GW\355dt\001}c\371_\027\200\026\002\274"
 119      503A4757 
 119      ED647401 
 119      7D63F95F 
 119      17801602 
 120 045c 11E77FC1 		.ascii	"\021\347\177\301\340?\015A\331\035\360w\371&JA\026\312"
 120      E03F0D41 
 120      D91DF077 
 120      F9264A41 
 120      16CA
 121 046e 441B8FA2 		.ascii	"D\033\217\242Ew\272\330B\264\263M\225_\247\217/b\375"
 121      4577BAD8 
 121      42B4B34D 
 121      955FA78F 
 121      2F62FD
 122 0481 C2A34A1E 		.ascii	"\302\243J\036\177JD\3148\0273\020\205\316\311IM\256"
 122      7F4A44CC 
 122      38173310 
 122      85CEC949 
 122      4DAE
 123 0493 670A9F33 		.ascii	"g\012\2373\244\322s\203\026\306qf\"\254\315\024\326"
 123      A4D27383 
 123      16C67166 
 123      22ACCD14 
 123      D6
 124 04a4 7CB23911 		.ascii	"|\2629\021\034\330u\325P\231\225\314\256\000\345\011"
 124      1CD875D5 
 124      509995CC 
 124      AE00E509 
 125 04b4 BBE36457 		.ascii	"\273\343dW K\255\353\015\2510\373\025J\355\347D\251"
 125      204BADEB 
 125      0DA930FB 
 125      154AEDE7 
 125      44A9
 126 04c6 FD42A546 		.ascii	"\375B\245F\216\014\316\205tn\221O\235\261\2479(\202"
 126      8E0CCE85 
 126      746E914F 
 126      9DB1A739 
 126      2882
 127 04d8 A26CB34A 		.ascii	"\242l\263J\021J\315\353b\037W\310d\267a2W\250\024\233"
 127      114ACDEB 
 127      621F57C8 
 127      64B76132 
 127      57A8149B 
 128 04ec 55E6A154 		.ascii	"U\346\241T\244\333\330L\311x\322\353\201\233\"\330\364"
 128      A4DBD84C 
 128      C978D2EB 
 128      819B22D8 
 128      F4
 129 04fd 170D6E19 		.ascii	"\027\015n\031\3016\000K}\034\314>\347\243\310\374\327"
 129      C136004B 
 129      7D1CCC3E 
 129      E7A3C8FC 
 129      D7
 130 050e CC8BFDF4 		.ascii	"\314\213\375\364Wq\030}{\014\225\005\350\026\025\011"
ARM GAS  C:\cygwin\tmp\ccgqYSsN.s 			page 10


 130      5771187D 
 130      7B0C9505 
 130      E8161509 
 131 051e E5995D8A 		.ascii	"\345\231]\212\312\314E\347\031]t\330\343\026\300o\""
 131      CACC45E7 
 131      195D74D8 
 131      E316C06F 
 131      22
 132 052f 4ABF1B51 		.ascii	"J\277\033Q\212\363_8\206\177\331X\376\016\270-\370k"
 132      8AF35F38 
 132      867FD958 
 132      FE0EB82D 
 132      F86B
 133 0541 C4FF8E68 		.ascii	"\304\377\216h=9\311O\364\224\030U\024\334\025'z6u\021"
 133      3D39C94F 
 133      F4941855 
 133      14DC1527 
 133      7A367511 
 134 0555 11329BE8 		.ascii	"\0212\233\350\252\013}T\214\224os\003\315\306\006z\217"
 134      AA0B7D54 
 134      8C946F73 
 134      03CDC606 
 134      7A8F
 135 0567 4E7E8E28 		.ascii	"N~\216(h5~(\207\202\317\262$\307EFZ\342\231\\\214\""
 135      68357E28 
 135      8782CFB2 
 135      24C74546 
 135      5AE2995C 
 136 057d 33821B11 		.ascii	"3\202\033\021\356\303\210\314.A\255D\2155R\215-\221"
 136      EEC388CC 
 136      2E41AD44 
 136      8D35528D 
 136      2D91
 137 058f 45D8B5AB 		.ascii	"E\330\265\253\307\330\371R#\360q\324e(\032\015\263\034"
 137      C7D8F952 
 137      23F071D4 
 137      65281A0D 
 137      B31C
 138 05a1 C5233BC7 		.ascii	"\305#;\307rA\322\312\360\3777\307\026\352e\022]ar!t"
 138      7241D2CA 
 138      F0FF37C7 
 138      16EA6512 
 138      5D617221 
 139 05b6 6419061F 		.ascii	"d\031\006\037+\211\323\012#:\304\344\361\035\320?^\266"
 139      2B89D30A 
 139      233AC4E4 
 139      F11DD03F 
 139      5EB6
 140 05c8 B481444B 		.ascii	"\264\201DK0.\262)\210\"1gIA\366\3700\377|y9>\030\215"
 140      302EB229 
 140      88223167 
 140      4941F6F8 
 140      30FF7C79 
 141 05e0 998328E6 		.ascii	"\231\203(\346\200\344\01279\262\363\330\023{\311%\353"
 141      80E40A37 
 141      39B2F3D8 
 141      137BC925 
ARM GAS  C:\cygwin\tmp\ccgqYSsN.s 			page 11


 141      EB
 142 05f1 2100ECA2 		.ascii	"!\000\354\242J=\307\210\250[]C\030\"\314\265r+T\201"
 142      4A3DC788 
 142      A85B5D43 
 142      1822CCB5 
 142      722B5481 
 143 0605 91569F1F 		.ascii	"\221V\237\037\367b\2204\372\257\203\227T\370\372\026"
 143      F7629034 
 143      FAAF8397 
 143      54F8FA16 
 144 0615 485E2DB9 		.ascii	"H^-\2711:\022\360PTKz\200Oe\217\360V\352_)\264\351\031"
 144      313A12F0 
 144      50544B7A 
 144      804F658F 
 144      F056EA5F 
 145 062d C4DBCEAF 		.ascii	"\304\333\316\257!_\307\272\312U%\353\3137|0o5S\326o"
 145      215FC7BA 
 145      CA5525EB 
 145      CB377C30 
 145      6F3553D6 
 146 0642 828FA1D2 		.ascii	"\202\217\241\322\266z\343\272\215\357\277\275j\255]"
 146      B67AE3BA 
 146      8DEFBFBD 
 146      6AAD5D
 147 0651 4EAACA3F 		.ascii	"N\252\312?\252\262V\224W\256\255\250R?\254\\SUayo\343"
 147      AAB25694 
 147      57AEADA8 
 147      523FAC5C 
 147      53556179 
 148 0667 86AAFF00 		.ascii	"\206\252\377\000\326m\363b"
 148      D66DF362 
 149              		.text
 150              		.section	.gnu.lto_menu_back.2d272389,"",%progbits
 151 0000 789C9592 		.ascii	"x\234\225\222\313kSA\024\306\31773\367\3466/\213\213"
 151      CB6B5341 
 151      14C6CF37 
 151      33F7E636 
 151      2F8B8B
 152 0013 82506A77 		.ascii	"\202Pjw\245\240\306\245\177\205\013wn},\004\353F\\g"
 152      A5A0C6A5 
 152      7F850B77 
 152      6E7D2C04 
 152      EB465C67 
 153 0027 9AE462F1 		.ascii	"\232\344b\361Q\335\264\213\242\224.J\265j\323h|$>\032"
 153      51DDB48B 
 153      A2942E4A 
 153      B56AD368 
 153      7C243E1A 
 154 003b B211C407 		.ascii	"\262\021\304\007EpS\027\306G\020\351\242\001ED\332x"
 154      45705317 
 154      C64710E9 
 154      A2014544 
 154      DA78
 155 004d CEDC604B 		.ascii	"\316\334`KEH\007\356\334;\347\236\371}\337\2313\206"
 155      454807EE 
 155      DC3BE79E 
 155      F97DDF99 
ARM GAS  C:\cygwin\tmp\ccgqYSsN.s 			page 12


 155      3386
 156 005f 40329634 		.ascii	"@2\2264Q/\277\017\363\203\030A]}M4\032(\245\313u\"\033"
 156      512FBF0F 
 156      F3831841 
 156      5D7D4D34 
 156      1A28A5CB 
 157 0076 37EF1364 		.ascii	"7\357\023d\223\032&\212\033\345U\0078\354\277\313p\330"
 157      931A268A 
 157      1BE55507 
 157      38ECBFCB 
 157      70D8
 158 0088 831F857D 		.ascii	"\203\037\205}@>l\000\312*m<\037Y\374P\353\012\365\363"
 158      403E6C00 
 158      CA2A6D3C 
 158      1F59FC50 
 158      EB0AF5F3 
 159 009c CD8A1A9E 		.ascii	"\315\212\032\236\263<>|\331s\341`\310rm\345\224\011"
 159      B33C3E7C 
 159      D973E160 
 159      C8726DE5 
 159      9409
 160 00ae 7318E694 		.ascii	"s\030\346\224\345\302\3425\375]\205\0320\274l\275\232"
 160      E5C2E235 
 160      FD5D851A 
 160      30BC6CBD 
 160      9A
 161 00bf FA9496A5 		.ascii	"\372\224\226\245\302 /\313//N$u\032\304\337\315\332"
 161      C2202FCB 
 161      2F2F4E24 
 161      751AC4DF 
 161      CDDA
 162 00d1 FCDB5D43 		.ascii	"\374\333]C\263\326\346\254\375}\302\366\204Zc\036\232"
 162      B3D6E6AC 
 162      FD7DC2F6 
 162      845A631E 
 162      9A
 163 00e2 79B8897E 		.ascii	"y\270\211~\334@?q\210p\013C\222\376\261\2641\221\362"
 163      DC403F71 
 163      88700B43 
 163      92FEB1B4 
 163      3191F2
 164 00f5 0BA23D18 		.ascii	"\013\242=\030\211\3426|)\273x\244f\333\355\274\255\225"
 164      89E2367C 
 164      29BB78A4 
 164      66DBEDBC 
 164      AD95
 165 0107 CC0CD206 		.ascii	"\314\014\322\006\262\303\343\275\306\227)\340\311\213"
 165      B2C3E3BD 
 165      C69729E0 
 165      C98B
 166 0115 CB949489 		.ascii	"\313\224\224\211h\215\367Jy-\245\344\255\233\310U[\227"
 166      688DF74A 
 166      792DA5E4 
 166      AD9BC855 
 166      5B97
 167 0127 6242CB6B 		.ascii	"bB\313k\217\225&\303\372\233\230x\326\316\347\317\347"
 167      8F9526C3 
ARM GAS  C:\cygwin\tmp\ccgqYSsN.s 			page 13


 167      FA9B9878 
 167      D6CEE7CF 
 167      E7
 168 0138 2FC692D3 		.ascii	"/\306\222\323\270\216Ps\202\301\0356&\361\331\317\271"
 168      B88E5073 
 168      82C11D36 
 168      26F1D9CF 
 168      B9
 169 0149 8558663F 		.ascii	"\205Xf?K`\001\323\330p\347\200\"2$\304F_\004\364\267"
 169      4B6001D3 
 169      D870E780 
 169      223224C4 
 169      465F04F4 
 170 015e 02CD7660 		.ascii	"\002\315v`\214\025\261\370/\260\344\200R\034\3562\260"
 170      8C15B1F8 
 170      2FB0E480 
 170      521CEE32 
 170      B0
 171 016f 81C24A7E 		.ascii	"\201\302J~w\007\030\345\223\024\240\211\333*\005L\266"
 171      770718E5 
 171      9314A089 
 171      DB2A054C 
 171      B6
 172 0180 2EEF93DF 		.ascii	".\357\223\337[\350\243rR\211\377{\276\267\351\271\214"
 172      5BE8A372 
 172      5289FF7B 
 172      BEB7E9B9 
 172      8C
 173 0191 0C739DED 		.ascii	"\014s\235\355\322\370\336H&\350\246\362\000\367\035"
 173      D2F8DE48 
 173      26E8A6F2 
 173      00F71D
 174 01a0 C575E341 		.ascii	"\305u\343AT\371d#\265#'\001\036:\206\026\306#q\0228"
 174      54F96423 
 174      B5232701 
 174      1E3A8616 
 174      C6237112 
 175 01b5 27ADF143 		.ascii	"'\255\361C\221\223xwN*\216b\204R\3558\231\351\333\241"
 175      91937877 
 175      4E2A8E62 
 175      8452ED38 
 175      99E9DBA1 
 176 01c9 93C78EE1 		.ascii	"\223\307\216\341\011\343\2118\211\273S6\233\327\344"
 176      09E38938 
 176      89BB5336 
 176      9BD7E4
 177 01d8 4AE79A24 		.ascii	"J\347\232$\273\363\364\324\361|\341=\333\326F!\024W"
 177      BBF3F4D4 
 177      F17CE13D 
 177      DBD64621 
 177      1457
 178 01ea 2BBF5272 		.ascii	"+\277Rr/<\020\226\376v\325\243\352\200\376\212\202="
 178      2F3C1096 
 178      FE76D5A3 
 178      EA80FE8A 
 178      823D
 179 01fc 2AA982AC 		.ascii	"*\251\202\254TVWb\331u;fmo\250{\332r3PC\226X7\354\270"
ARM GAS  C:\cygwin\tmp\ccgqYSsN.s 			page 14


 179      54565762 
 179      D9753B66 
 179      6D6FA87B 
 179      DA723350 
 180 0216 F49DCB6F 		.ascii	"\364\235\313o\310\325\226\215\333'c\21539\314\375I\234"
 180      C8D5968D 
 180      DB27638D 
 180      3339CCFD 
 180      499C
 181 0228 3E752C33 		.ascii	">u,3r\362\314\271\003\307I\215\234\375\003\325\2625"
 181      72F2CCB9 
 181      03C7498D 
 181      9CFD03D5 
 181      B235
 182 023a 84       		.ascii	"\204"
 183              		.text
 184              		.section	.gnu.lto_menu_select.2d272389,"",%progbits
 185 0000 789C9594 		.ascii	"x\234\225\224\337KTA\024\307\347\334\231\373cw\257k"
 185      DF4B5441 
 185      14C7E7DC 
 185      99FB6377 
 185      AF6B
 186 0012 699A9098 		.ascii	"i\232\220\230o\"\375\270A\020\364o\364\336Ce\017A\372"
 186      6F22FDB8 
 186      4110F46F 
 186      F4DE4365 
 186      0F41FA
 187 0025 50544FE1 		.ascii	"PTO\341\270?P\352\305\027\025D\021\037D\263R\267L[\263"
 187      B83F50EA 
 187      C5171544 
 187      111F44B3 
 187      52B74C5B 
 188 003a DAB6CC34 		.ascii	"\332\266\3144\177\020I=\350C\226H\205\204\033F(\350"
 188      7F10493D 
 188      E8439648 
 188      85841B46 
 188      28E8
 189 004c 76CE8CBA 		.ascii	"v\316\214\272\213\025\350\205\235\2359s\316g\276\347"
 189      8B15E885 
 189      9D9D3973 
 189      CE67BEE7 
 190 005c CCB95730 		.ascii	"\314\271W0`\364\034\261\030+\300\377\353\370\003?\003"
 190      60F41CB1 
 190      182BC0FF 
 190      EBF8033F 
 190      03
 191 006d A37E8AB1 		.ascii	"\243~\212\261\032\3070x\177\2221\351\027s\001&]\016"
 191      1AC73078 
 191      7F9231E9 
 191      17730126 
 191      5D0E
 192 007f 96B60BC3 		.ascii	"\226\266\013\303\034=\205fk\354 \232\315-\263e\3303"
 192      1C3D8566 
 192      6BEC209A 
 192      CD2DB365 
 192      D833
 193 0091 1E9A7DC3 		.ascii	"\036\232}\303%h\266\015g\250\204V\037\320\346:\340\323"
ARM GAS  C:\cygwin\tmp\ccgqYSsN.s 			page 15


 193      2568B60D 
 193      67A88456 
 193      1FD0E63A 
 193      E0D3
 194 00a3 4E3E009A 		.ascii	"N>\000\232H\007X\265\301\205i\331h\252\206_\306\272"
 194      480758B5 
 194      C18569D9 
 194      68AA865F 
 194      C6BA
 195 00b5 01C9DAC5 		.ascii	"\001\311\332\305\270Q\336)\361\3714r\213\313\256\004"
 195      B851DE29 
 195      F1F93472 
 195      8BCBAE04 
 196 00c5 44396369 		.ascii	"D9ciC\211d\320\011\345\350\365.\322\327\302W\214(\007"
 196      438964D0 
 196      09E5E8F5 
 196      2ED2D7C2 
 196      578C2807 
 197 00d9 10B84C4D 		.ascii	"\020\270LM6\177\011\322\322\200R\\\366O\334npy\020\030"
 197      367F09D2 
 197      D280525C 
 197      F64FDC6E 
 197      70791018 
 198 00ed CE1713DD 		.ascii	"\316\027\023\335\357s\313:\244\014I\231\256\220\276"
 198      EF73CB3A 
 198      A40C4999 
 198      AE90BE
 199 00fc 28E7D00D 		.ascii	"(\347\320\015\034yp\007\212\241\013\212\031\232\030"
 199      1C797007 
 199      8AA10B8A 
 199      199A18
 200 010b DC8532F4 		.ascii	"\334\2052\364\216v|\253\317\345\373Udc\377\332\017w"
 200      8E767CAB 
 200      CFE5FB55 
 200      6463FFDA 
 200      0F77
 201 011d 3372F0AC 		.ascii	"3r\360\254\344Q.\340\236\216<Y\014'(N0\270\017e\344"
 201      E4512EE0 
 201      9E8E3C59 
 201      0C27284E 
 201      30B80F65 
 202 0132 FC39B6D1 		.ascii	"\3749\266\321\220cEHv\251\026\013=`Qe{\317$d:\035\226"
 202      90634548 
 202      76A9160B 
 202      3D605165 
 202      7BCF2464 
 203 0149 898F621D 		.ascii	"\211\217b\035\212\004\320I&\306\232\026\016\226\215"
 203      8A04D049 
 203      26C69A16 
 203      0E968D
 204 0158 83EDE0E0 		.ascii	"\203\355\340\340\370h\360\223-@\273.\315\202\264\233"
 204      F868F093 
 204      2D40BB2E 
 204      CD82B49B 
 205 0168 8F83AF80 		.ascii	"\217\203\257\200f\205\240\216c\313\310\247\002\246\014"
 205      6685A08E 
 205      63CBC8A7 
ARM GAS  C:\cygwin\tmp\ccgqYSsN.s 			page 16


 205      02A60C
 206 0177 83FEF922 		.ascii	"\203\376\371\"\204\206b\2156\235\030\346&I\217&\247"
 206      8486628D 
 206      369D18E6 
 206      26498F26 
 206      A7
 207 0188 6DAA0757 		.ascii	"m\252\007W\231\374\036\035\257s\333\240\025+\351\017"
 207      99FC1E1D 
 207      AF73DBA0 
 207      152BE90F 
 208 0198 6316BD98 		.ascii	"c\026\275\2304\331;\026B=\266w\014O\203>h\203\015Uc"
 208      34D93B16 
 208      423DB677 
 208      0C4F833E 
 208      68830D55 
 209 01ad 8881C788 		.ascii	"\210\201\307\2108_\250\201V6\320\334\011\014\340\211"
 209      385FA881 
 209      5636D0DC 
 209      090CE089 
 210 01bd F06027D0 		.ascii	"\360`'\320\202\207\012H\005\200\376-\340a\015\264w#"
 210      82870A48 
 210      0580FE2D 
 210      E0610DB4 
 210      7723
 211 01cf 49C02345 		.ascii	"I\300#EP\245\034\320\204\237\265\013\\#\034\244\240"
 211      50A51CD0 
 211      849FB50B 
 211      5C231CA4 
 211      A0
 212 01e0 25DC6CE9 		.ascii	"%\334l\351\265\017M\331m\341\200\200AD\242K\313\246"
 212      B50F4DD9 
 212      6DE18080 
 212      4144A24B 
 212      CBA6
 213 01f2 0B1E438E 		.ascii	"\013\036C\216\304Y\363kS ;3kgf&\306\300c\322\005q\224"
 213      C459F36B 
 213      53203B33 
 213      6B676626 
 213      C6C063D2 
 214 0209 A25268F7 		.ascii	"\242Rh\367t\244\373W\021\002\377*\302P\246\010O0\205"
 214      74A4FB57 
 214      1102FF2A 
 214      C250A608 
 214      4F3085
 215 021c 7988CC86 		.ascii	"y\210\314\206\3636\011\032\315\350\0269\303W\214n\261"
 215      F336091A 
 215      CDE81639 
 215      C3578C6E 
 215      B1
 216 022d 31D67494 		.ascii	"1\326t\224\266\263\3505\324R\201\377_\334p\346\342\236"
 216      B6B3E835 
 216      D45281FF 
 216      5FDC70E6 
 216      E29E
 217 023f 82873A94 		.ascii	"\202\207:\224\316\224\346\204ypw\265~\246(\234(\317"
 217      CE94E684 
 217      797077B5 
ARM GAS  C:\cygwin\tmp\ccgqYSsN.s 			page 17


 217      7EA6289C 
 217      28CF
 218 0251 75AD1BDB 		.ascii	"u\255\033\333\017\354I\211\200\204b\010b\274 %A\205"
 218      0FEC4989 
 218      80846208 
 218      62BC2025 
 218      4185
 219 0263 89B59CDE 		.ascii	"\211\265\234\336#'\2518&q^\022\207.:\264\262\334rh\217"
 219      2327A938 
 219      26715E12 
 219      872E3AB4 
 219      B2DC7268 
 220 0278 9C57999C 		.ascii	"\234W\231\234F\300\313\276j\001\014^\253\356\010\255"
 220      46C0CBBE 
 220      6A010C5E 
 220      ABEE08AD 
 221 0288 F4B5EEAD 		.ascii	"\364\265\356\255\342\002F3}\371\006<\005\242K\024l."
 221      E2024633 
 221      7DF9063C 
 221      05A24B14 
 221      6C2E
 222 029a A0DEC454 		.ascii	"\240\336\304Tk\245\256}\376n\232\304\2051\305\263\210"
 222      6BA5AE7D 
 222      FE6E9AC4 
 222      8531C5B3 
 222      88
 223 02ab 37BED524 		.ascii	"7\276\325$U\031\302\266j\027U\277\335\356\031\22359"
 223      5519C2B6 
 223      6A1755BF 
 223      DDEE1993 
 223      3539
 224 02bd FC2B8413 		.ascii	"\374+\204\023\253.\3712t\306OD\216\332\2632_\205\266"
 224      AB2EF932 
 224      74C64F44 
 224      8EDAB332 
 224      5F85B6
 225 02d0 224D2AD8 		.ascii	"\"M*\330]\037L(-6i\231\334\321\260D\350]\212\257\346"
 225      5D1F4C28 
 225      2D366999 
 225      DCD1B044 
 225      E85D8AAF 
 226 02e5 90161BB5 		.ascii	"\220\026\033\265Lmk\261\331\214\307\225\357\000h\347"
 226      4C6D6BB1 
 226      D98CC795 
 226      EF0068E7 
 227 02f5 C2AC5D87 		.ascii	"\302\254]\207\215\347\241\322\210\274\251\204\"&\036"
 227      8DE7A1D2 
 227      88BCA984 
 227      22261E
 228 0304 5F9AB5AB 		.ascii	"_\232\265\253\327e\235\224\373\242<\230\2467\004\246"
 228      D7659D94 
 228      FBA23C98 
 228      A63704A6 
 229 0314 A11A9310 		.ascii	"\241\032\223\020Q\236\253\242|*\207\357\020J\244\205"
 229      519EABA2 
 229      7C2A87EF 
 229      104AA485 
ARM GAS  C:\cygwin\tmp\ccgqYSsN.s 			page 18


 230 0324 8AA36719 		.ascii	"\212\243g\031=\321\214\265\017\\\276t\336\253\274Xu"
 230      3DD18CB5 
 230      0F5CBE74 
 230      DEABBC58 
 230      75
 231 0335 EDF80566 		.ascii	"\355\370\005fT^\025\025W\316\335\370\003OG\364\214"
 231      545E1515 
 231      57CEDDF8 
 231      034F47F4 
 231      8C
 232              		.text
 233              		.section	.gnu.lto_menu_down.2d272389,"",%progbits
 234 0000 789C9D53 		.ascii	"x\234\235SKkSA\024>g\346\276\362h\222\246DEJ\351B\250"
 234      4B6B5341 
 234      143E67E6 
 234      BEF26892 
 234      A644454A 
 235 0017 5DB4D9F6 		.ascii	"]\264\331\366w\270s\353c!Z7\342:c\036\266\340F\204\026"
 235      77B873EB 
 235      63215A37 
 235      E23A631E 
 235      B6E04684 
 236 002c 11A57511 		.ascii	"\021\245u\021\253\265\257h\253&\276\256\245 HU\304\342"
 236      ABB5AF68 
 236      AB26BEAE 
 236      A5204855 
 236      C4E2
 237 003e C2225895 		.ascii	"\302\"X\225 R\244\021\037\210\266\361\234\231\333\007"
 237      2052A411 
 237      1F88B6F1 
 237      9C99DB07 
 238 004e 7561F0C2 		.ascii	"ua\360\302=w\346\314\231\357\373\3167s-@\340\347\215"
 238      3D77E6CC 
 238      99EFFBCE 
 238      37732D40 
 238      E0E78D
 239 0061 0590A0EF 		.ascii	"\005\220\240\357Qz1\004(\316>\0038\345\011!\207{@\205"
 239      517A3104 
 239      28CE3E03 
 239      38E50921 
 239      877B4085 
 240 0075 9D9514A8 		.ascii	"\235\225\024\250\250\024\326\226\231%l\376\206\035\316"
 240      A814D696 
 240      99256CFE 
 240      861DCE
 241 0084 456D74CC 		.ascii	"Emt\314\026G\270\2256J{\257\322\224v\3213i\017\221\007"
 241      1647B895 
 241      364A7BAF 
 241      D29476D1 
 241      33690F91 
 242 0099 CA43C808 		.ascii	"\312C\310\010i\331\216\353a\006\277\211U\201\263}\325"
 242      69D98EEB 
 242      6106BF89 
 242      5581B37D 
 242      D5
 243 00aa B2E81C51 		.ascii	"\262\350\034Q\364\274-\236\223\352\252\217\005\011P"
 243      F4BC2D9E 
ARM GAS  C:\cygwin\tmp\ccgqYSsN.s 			page 19


 243      93EAAA8F 
 243      050950
 244 00b9 175A19E0 		.ascii	"\027Z\031\340\010vR\325\213\374\324E\371U\024$\242E"
 244      087652D5 
 244      8BFCD445 
 244      F9551424 
 244      A245
 245 00cb D3DAD30B 		.ascii	"\323\332\323\013\357c<\025\330N\323\351\3713\003Q\031"
 245      EF633C15 
 245      D84ED3E9 
 245      F9330351 
 245      19
 246 00dc 43A071D5 		.ascii	"C\240q\325\037}\031\357(*\225U\352\327!\025*H\211\243"
 246      1F7D19EF 
 246      282A9555 
 246      EAD72115 
 246      2A4889A3 
 247 00f0 28090FAF 		.ascii	"(\011\017\257a+^\305V\240\024\340u\354\340\362w\245"
 247      612B5EC5 
 247      56A014E0 
 247      75ECE0F2 
 247      77A5
 248 0102 B5812627 		.ascii	"\265\201&'\317\364\355\206\024\307\320a[&\367\371\252"
 248      CFF4ED86 
 248      14C7D061 
 248      5B26F7F9 
 248      AA
 249 0113 5ECF297F 		.ascii	"^\317)\177\300\256\211\235\026\362\016\233\366Z\016"
 249      C0AE899D 
 249      16F20E9B 
 249      F65A0E
 250 0122 05DBE591 		.ascii	"\005\333\345\221\307!D\301\011s\210p\210r.\306\2438"
 250      C72144C1 
 250      09738870 
 250      88722EC6 
 250      A338
 251 0134 87048766 		.ascii	"\207\004\207f\316%y\324\302\243\024\007\200\025bcWj"
 251      CE2579D4 
 251      C2A31407 
 251      80156263 
 251      576A
 252 0146 42F05756 		.ascii	"B\360WV1[\251\025]\346\317I\233\264\015\026f\237\273"
 252      315BA915 
 252      5DE6CF49 
 252      9BB40D16 
 252      669FBB
 253 0159 DCA5D49D 		.ascii	"\334\245\324\235\375x\374\244?:\204\227\310\0377'-\034"
 253      FD78FCA4 
 253      3F3A8497 
 253      C81F3727 
 253      2D1C
 254 016b A756385F 		.ascii	"\247V8_\374\220\235p\323]\005\351\341\004\016\341\232"
 254      FC909D70 
 254      D35D05E9 
 254      E1040EE1 
 254      9A
 255 017c 760E2731 		.ascii	"v\016'1\015\214x9e\000\235F\020l\234\322\010\334?\226"
ARM GAS  C:\cygwin\tmp\ccgqYSsN.s 			page 20


 255      0D8C7839 
 255      65009D46 
 255      106C9CD2 
 255      08DC3F96 
 256 0190 D611F618 		.ascii	"\326\021\366\030\004w\253${\273\244\020Q\340\215\277"
 256      0477AB24 
 256      7BBBA410 
 256      51E08DBF 
 257 01a0 25DDD480 		.ascii	"%\335\324\200\332\330i\002\\\302\374b.\031\364H\230"
 257      DAD86902 
 257      5CC2FC62 
 257      2E19F448 
 257      98
 258 01b1 FA906B42 		.ascii	"\372\220kB\302p\2176\240te\227Y\364\032\353xF\303K\206"
 258      C2708F36 
 258      A0746597 
 258      59F41AEB 
 258      7846C34B 
 259 01c6 BF65F47E 		.ascii	"\277e\364~\351\373-\014\004I\362Lf.p5\314\214U\314\015"
 259      E9FB2D0C 
 259      0449F24C 
 259      662E7035 
 259      CC8C55CC 
 260 01db 3A661EA1 		.ascii	":f\036\241\024v\265\032U;6vE\002U\026\370{%\227\237"
 260      1476B51A 
 260      553B3676 
 260      45025516 
 260      F87B2597 
 261 01f0 FEBC609B 		.ascii	"\376\274`\233\325\250Q6\3237_\012\263\017t\263\3616"
 261      D5A85136 
 261      D3375F0A 
 261      B30F74B3 
 261      F136
 262 0202 C9229A41 		.ascii	"\311\"\232A\344\222\177\312\036\347\273\226\340\235"
 262      E4927FCA 
 262      1EE7BB96 
 262      E09D
 263 0210 7736B597 		.ascii	"w6\265\2271M\330F\354\367\351@ml=\025\314\343d\031\253"
 263      314DD846 
 263      ECF7E940 
 263      6D6C3D15 
 263      CCE36419 
 264 0225 3F1FA84F 		.ascii	"?\037\250O\350\222\270>\244\245n\223kn\314\266\212\246"
 264      E892B83E 
 264      A4A56E93 
 264      6B6ECCB6 
 264      8AA6
 265 0237 B698FAEE 		.ascii	"\266\230\372\356\272msA\213IBaG^\347vo\360$\003Gl\030"
 265      BA6D7341 
 265      8B494261 
 265      475EE776 
 265      6FF02403 
 266 024e 8B1847D6 		.ascii	"\213\030G\326\026\244Ym!U\377m\301\275\315\013{\237"
 266      16A4596D 
 266      2155FF6D 
 266      C1BDCD0B 
 266      7B9F
ARM GAS  C:\cygwin\tmp\ccgqYSsN.s 			page 21


 267 0260 2D68D12C 		.ascii	"-h\321,\316\346\3770\036\364\236j\254\257\007\032\317"
 267      CEE6FF30 
 267      1EF49E6A 
 267      ACAF071A 
 267      CF
 268 0271 66BC87DB 		.ascii	"f\274\207\333n\033#L.\227\1776\361\261Y\010\350\363"
 268      6E1B234C 
 268      2E977F36 
 268      F1B15908 
 268      E8F3
 269 0283 76CDE742 		.ascii	"v\315\347B\245M~\304\274\332\317\245\014Y.//\272\231"
 269      A54D7EC4 
 269      BCDACFA5 
 269      0C592E2F 
 269      2FBA99
 270 0296 55D5AF75 		.ascii	"U\325\257u\206\353\374G\340#\314\000\361\026\364\375"
 270      86EBFC47 
 270      E023CC00 
 270      F116F4FD 
 271 02a6 A8094FAB 		.ascii	"\250\011O\253\374\204Y\277\254\235\323`+TIij)r\354\310"
 271      FC8459BF 
 271      AC9DD360 
 271      2B544969 
 271      6A2972EC 
 272 02bb 8174EFE1 		.ascii	"\201t\357\341\343'\273\017\202\350=\361\007\011\027"
 272      E327BB0F 
 272      82E83DF1 
 272      070917
 273 02ca 8140     		.ascii	"\201@"
 274              		.text
 275              		.section	.gnu.lto_menu_up.2d272389,"",%progbits
 276 0000 789C9D54 		.ascii	"x\234\235T\333KTA\030\237\337\3149g\216\273\256JA\020"
 276      DB4B5441 
 276      189FDFCC 
 276      39678EBB 
 276      AE4A4110 
 277 0014 88F8B608 		.ascii	"\210\370\266\010\325\372\322?\322[\320S\227\207 {\211"
 277      D5FAD23F 
 277      D25BD053 
 277      9787207B 
 277      89
 278 0025 9E77F656 		.ascii	"\236w\366V\013\275\364\242A\024\222 \232\346emm\333"
 278      0BBDF4A2 
 278      41149220 
 278      9AE6656D 
 278      6DDB
 279 0037 4DF32056 		.ascii	"M\363 V\320E\013\241\207\204\356,\021\022\012\205\010"
 279      D0450BA1 
 279      8784EE2C 
 279      11120A85 
 279      08
 280 0048 EAF67D73 		.ascii	"\352\366}s6]z\351r`\277sf\3467\277\313|\303:\002\202"
 280      365D7AE9 
 280      7260BF73 
 280      66E637BF 
 280      CB7CC33A 
 281 005e 9F352544 		.ascii	"\2375%D\033\275O\320\017\276\200\274\272(D\312\227R"
ARM GAS  C:\cygwin\tmp\ccgqYSsN.s 			page 22


 281      1BBD4FD0 
 281      0FBE80BC 
 281      BA2844CA 
 281      9752
 282 0070 E5E3C244 		.ascii	"\345\343\302D\\\256\315J:\015#\007n\010r\245W\351\240"
 282      5CAECD4A 
 282      3A0D2307 
 282      6E0872A5 
 282      57E9A0
 283 0083 69FD3A41 		.ascii	"i\375:A\323\036t8\255\001\3760>DR*\307\3654\222\370"
 283      D31E7438 
 283      AD01FE30 
 283      3E44522A 
 283      C7F53492 
 284 0098 21B725E6 		.ascii	"!\267%\346/W\313\262k\310\320\363\376\3215e\206\003"
 284      2F57CBB2 
 284      6BC8D0F3 
 284      FED13565 
 284      8603
 285 00aa E448BF26 		.ascii	"\344H\277&\255\025\201!t\021\352Uv\362\206\372.s\012"
 285      AD158121 
 285      7411EA55 
 285      76F286FA 
 285      2E730A
 286 00bd 7068B8FE 		.ascii	"ph\270\376\342\372\247\026\036Jt\322\260\370\374Jo\263"
 286      E2FAA716 
 286      1E4A74D2 
 286      B0F8FC4A 
 286      6FB3
 287 00cf 6A81A0EF 		.ascii	"j\201\240\357j0\262\334\032\0374&m\314\306i\323\224"
 287      6A30B2DC 
 287      1A1F3426 
 287      6DCCC669 
 287      D394
 288 00e1 530A2350 		.ascii	"S\012#P\304\207\333h\3070\332\005M\011\214\"\316\360"
 288      C487DB68 
 288      C730DA05 
 288      4D098C22 
 288      CEF0
 289 00f3 8F859DDE 		.ascii	"\217\205\235\336\230\227e\371\316P\024w\340\3619L\034"
 289      989765F9 
 289      CE501477 
 289      E0F1394C 
 289      1C
 290 0104 0B4CAD96 		.ascii	"\013L\255\2261\301\234;\253Z\035\360\016\227\366:\036"
 290      31C19C3B 
 290      AB5A1DF0 
 290      0E97F63A 
 290      1E
 291 0115 174DC5F5 		.ascii	"\027M\305\365\271D\270D\271\304\270\320\361\021\013"
 291      B944B844 
 291      B9C4B8D0 
 291      F1110B
 292 0124 875D9792 		.ascii	"\207]\227\222\337\252\212\364L\241\3502oF\271\244Y\372"
 292      DFAA8AF4 
 292      4CA1E832 
 292      6F46B9A4 
ARM GAS  C:\cygwin\tmp\ccgqYSsN.s 			page 23


 292      59FA
 293 0136 365A8A85 		.ascii	"6Z\212\205\356\003\321\230\0066M_n~I\363P\331@\033O"
 293      EE03D198 
 293      06364D5F 
 293      6E7E49F3 
 293      50D9401B 
 294 014b 9EE69BFB 		.ascii	"\236\346\233\373q3\305\036\217\222\004\2618\230\240"
 294      7133C51E 
 294      8F9204B1 
 294      3898A0
 295 015a 1CBCFA6C 		.ascii	"\034\274\372l`j\315\357\036\3475\023%_\230D?0NI\307"
 295      606ACDEF 
 295      1EE73513 
 295      255F9844 
 295      3F304E49 
 296 016f 188102BA 		.ascii	"\030\201\002\272E\025\231-/\224\257;\030xy\353\215\307"
 296      4515992D 
 296      2F94AF3B 
 296      187879EB 
 296      8DC7
 297 0181 120E6AA9 		.ascii	"\022\016j\251-\215)\302~@v%\263\257\016#\314\304jy3"
 297      2D8D29C2 
 297      7E407625 
 297      B3AF0E23 
 297      CCC46A79 
 298 0196 166204EE 		.ascii	"\026b\004\3562\231\340LJ\344\343\034\251\262^<\024\202"
 298      3299E04C 
 298      4AE4E31C 
 298      A9B25E3C 
 298      1482
 299 01a8 758349FC 		.ascii	"u\203I\374fo\360sz\\'\306\330][Ni\024\311\335\216m-"
 299      666FF073 
 299      7A5C27C6 
 299      D85D5B4E 
 299      6914C9DD 
 300 01bf A6916067 		.ascii	"\246\221`g}ug~H\264\234YX\262\215\326\250\001\367\210"
 300      7D75677E 
 300      48B49C59 
 300      58B28DD6 
 300      A801F788 
 301 01d3 86B4FAC0 		.ascii	"\206\264\372\300\230\177\220)\355\311\334G\202\310\231"
 301      987F9029 
 301      EDC9DC47 
 301      82C899
 302 01e2 A552983E 		.ascii	"\245R\230>\030jE\376Hu\230Y\312\226\205\357\002*d\226"
 302      186A45FE 
 302      48759859 
 302      CA9685EF 
 302      022A6496 
 303 01f6 0E683173 		.ascii	"\016h1s`\327m\244~ \216X\330\2578\310\245\267\217U\270"
 303      60D76DA4 
 303      7E208E58 
 303      D8AF38C8 
 303      A5B78F55 
 304 020b 1AA5D5FF 		.ascii	"\032\245\325\377\366\376`Ou\206\275G\255\212\373\353"
 304      F6FE604F 
 304      7586BD47 
ARM GAS  C:\cygwin\tmp\ccgqYSsN.s 			page 24


 304      AD8AFBEB 
 305 021b 2A550A25 		.ascii	"*U\012%\035\252\304\376.\305\254\345\2637\373a\230b"
 305      1DAAC4FE 
 305      2EC5ACE5 
 305      B337FB61 
 305      9862
 306 022d B7CDB1C6 		.ascii	"\267\315\261\3066\273\324\346\271\3356{\242\322\241"
 306      36BBD4E6 
 306      B9DD367B 
 306      A2D2A1
 307 023c BE206B8E 		.ascii	"\276 k\2163\224)\313\345\325\025\235\3346y\353\323\257"
 307      339429CB 
 307      E5D5159D 
 307      DC3679EB 
 307      D3AF
 308 024e B1450448 		.ascii	"\261E\004H\012\322\315\251&\273K[\227_\221\016\336\331"
 308      0AD2CDA9 
 308      26BB4B5B 
 308      975F910E 
 308      DED9
 309 0260 FB1EFE9D 		.ascii	"\373\036\376\235\020\222\246\311A\364\334\331\223\211"
 309      1092A6C9 
 309      41F4DCD9 
 309      9389
 310 026e 9E33E72F 		.ascii	"\2363\347/\0369%d\317\205\237\277\222Ip"
 310      1E392564 
 310      CF859FBF 
 310      924970
 311              		.text
 312              		.section	.gnu.lto_.symbol_nodes.2d272389,"",%progbits
 313 0000 789C55CC 		.ascii	"x\234U\314\275j\302p\024\206\361\347\315I\342\327E\330"
 313      BD6AC270 
 313      1486F1E7 
 313      CD49E2D7 
 313      45D8
 314 0012 E275792D 		.ascii	"\342uy-'\203 89w\024\257\242\223\224\022\007\301\301"
 314      27832038 
 314      397714AF 
 314      A2939412 
 314      07C1C1
 315 0025 8F7EA885 		.ascii	"\217~\250\205Z3\006G\267\212\211\223\377\351\341\374"
 315      5A330647 
 315      B78A8993 
 315      FFE9E1FC 
 316 0035 5E3831A2 		.ascii	"^81\242' \372\220\303x\011U^\263gH>\305S\275\254\344"
 316      2720FA90 
 316      C3780955 
 316      5EB36748 
 316      3EC553BD 
 317 004b 0A96682D 		.ascii	"\012\226h-\217B\331\310-\224\255<\016D?\362\344.\220"
 317      8F42D9C8 
 317      2D94AD3C 
 317      0E443FF2 
 317      E42E90
 318 005e 65D5671D 		.ascii	"e\325g\035\344i\000{y#\200\235\274\031\300\267\274\025"
 318      E469007B 
 318      7923809D 
ARM GAS  C:\cygwin\tmp\ccgqYSsN.s 			page 25


 318      BC19C0B7 
 318      BC15
 319 0070 C097BCFD 		.ascii	"\300\227\274\375\010F\207\367\337\253\2146\323c\335"
 319      084687F7 
 319      DFAB8C36 
 319      D363DD
 320 007f 16C5B0EC 		.ascii	"\026\305\260\354\032M\212Q\335\006\203\227K\337H\031"
 320      1A4D8A51 
 320      DD068397 
 320      4BDF4819 
 321 008f 9C66FF66 		.ascii	"\234f\377f\021\374\345yj\006o\213\263\305\306zT\012"
 321      11FCE579 
 321      6A066F8B 
 321      B3C5C67A 
 321      540A
 322 00a1 8BEBBBF2 		.ascii	"\213\353\273\362\004&\363<\345\006\223BK\033"
 322      0426F33C 
 322      E5069342 
 322      4B1B
 323              		.text
 324              		.section	.gnu.lto_.refs.2d272389,"",%progbits
 325 0000 789C05C1 		.ascii	"x\234\005\301\301\011\000 \000\003\261\034\364/\270"
 325      C1090020 
 325      0003B11C 
 325      F42FB8
 326 000f 82FBEF68 		.ascii	"\202\373\357h29\030\245\351\352\371\002\312\000W"
 326      323918A5 
 326      E9EAF902 
 326      CA0057
 327              		.text
 328              		.section	.gnu.lto_.decls.2d272389,"",%progbits
 329 0000 789C9558 		.ascii	"x\234\225X{PT\347\025\337s\277\005v\227e1\242\035\247"
 329      7B5054E7 
 329      15DF73BF 
 329      05769765 
 329      31A21DA7 
 330 0014 B39D3119 		.ascii	"\263\2351\0312e\332\211\326I\3321\235d\246\306T\223"
 330      3265DA89 
 330      D649DA31 
 330      9D64A6C6 
 330      5493
 331 0026 99265835 		.ascii	"\231&X5\217?\350\354 \254J\213@a\251u\332I\257 \242"
 331      8F3FE8EC 
 331      20AC4A8B 
 331      4061A975 
 331      DA49AF20 
 332 003b C6545083 		.ascii	"\306TP\203\200!Y\021\025\220\227\"\342\003tA|\200\202"
 332      80215911 
 332      15909722 
 332      E2037441 
 332      7C8082
 333 004e 20BE880F 		.ascii	" \276\210\017\300 \370\3007 \010\270=\337c\367\336\245"
 333      C020F8C0 
 333      372008B8 
 333      3DDF63F7 
 333      DEA5
 334 0060 BB7DEC78 		.ascii	"\273}\354x\270\337\367\355\357\234\337\357\234\357\334"
ARM GAS  C:\cygwin\tmp\ccgqYSsN.s 			page 26


 334      B8DFF7ED 
 334      EF9CDFEF 
 334      9CEFDC
 335 006f EFEE55AB 		.ascii	"\357\356U\253\001\015\375|1U\243\371\233\244\321\350"
 335      010DFD7C 
 335      3155A3F9 
 335      9BA4D1E8 
 336 007f 8846E3C4 		.ascii	"\210F\343\304\217?\256}\212\246E\253D\253G;\207f\326"
 336      8F3FAE7D 
 336      8AA645AB 
 336      44AB473B 
 336      8766D6
 337 0092 F04F209A 		.ascii	"\360O \232\001]\215h\257\240\205\240ME{\025\355-\264"
 337      015D8D68 
 337      AFA085A0 
 337      4D457B15 
 337      ED2DB4
 338 00a5 B7D1DE45 		.ascii	"\267\321\336E\233\2036\027\215\262\374\0264\036\037"
 338      9B833617 
 338      8DB2FC16 
 338      341E1F
 339 00b4 EA3F5DF0 		.ascii	"\352?]\360LF\233\202\026\000\234\217r\375\004\307\263"
 339      4C469B82 
 339      16009C8F 
 339      72FD04C7 
 339      B3
 340 00c5 D0A6E178 		.ascii	"\320\246\341x\201\340\276\2116\2046\037\327?B\033\304"
 340      81E0BE89 
 340      3684361F 
 340      D73F421B 
 340      C4
 341 00d6 7138DAC7 		.ascii	"q8\332\3078\016G\373\015\232\037Z#\365\301\353;h\277"
 341      380E47FB 
 341      0D9A1F5A 
 341      23F5C1EB 
 341      3B68BF
 342 00e9 479B8DF6 		.ascii	"G\233\215\366\024\327\026\002\317\345M\274.\242\374"
 342      14D71602 
 342      CFE54DBC 
 342      2EA2FC
 343 00f8 683A9A27 		.ascii	"h:\232'^\307\361\372\022m\014\355\031\232\023m\000m"
 343      5EC7F1FA 
 343      126D0CED 
 343      199A136D 
 343      006D
 344 010a 84EA127A 		.ascii	"\204\352\022z\347\212\234\336\0259\276%r\366\226\037"
 344      E78A9CDE 
 344      1539BE25 
 344      72F6961F 
 345 011a AD4DA097 		.ascii	"\255M\240\227\374\206D.~B\023\325\272\030\307z\340<"
 345      FC86442E 
 345      7E4213D5 
 345      BA18C77A 
 345      E03C
 346 012c 94FF390D 		.ascii	"\224\3779\015\000\\\317\250\320\0028\227D\\\303\004"
 346      005CCFA8 
 346      D0023897 
ARM GAS  C:\cygwin\tmp\ccgqYSsN.s 			page 27


 346      445CC304 
 347 013c 2EFAA1FB 		.ascii	".\372\241\3730\311\013_\243\250\331\240\340\245\365"
 347      30C90B5F 
 347      A3A8D9A0 
 347      E0A5F5
 348 014b BAA7E2EF 		.ascii	"\272\247\342\357G\273\253\322\240\023\032\006\004\357"
 348      47BBABD2 
 348      A0131A06 
 348      04EF
 349 0159 4BA185EA 		.ascii	"K\241\205\352\030V\351x\305\207\016\332\013F/:\314B"
 349      1856E978 
 349      C5870EDA 
 349      0B462F3A 
 349      CC42
 350 016b C7028DB2 		.ascii	"\307\002\215\262GOU\274\376^\352O\367\305\305\027\342"
 350      474F55BC 
 350      FE5EEA4F 
 350      F7C5C517 
 350      E2
 351 017c 838FF69D 		.ascii	"\203\217\366\235\301\013_\270\252\316\352\032\023U^"
 351      C10B5FB8 
 351      AACEEA1A 
 351      13555E
 352 018b AED8537D 		.ascii	"\256\330S}\304\036\227\340\207\374\226\235\322\200\004"
 352      C41E97E0 
 352      87FC969D 
 352      D28004
 353 019a D30CE074 		.ascii	"\323\014\340t\002.\344:Z\377\300\347\262\374\005\316"
 353      022EE43A 
 353      5AFFC0E7 
 353      B2FC05CE 
 354 01aa 3B470AE7 		.ascii	";G\012\347\315(\221\361\223!\313\222\244xV^\033(\222"
 354      CD2891F1 
 354      9321CB92 
 354      A478565E 
 354      1B2892
 355 01bd 4820D0F1 		.ascii	"H \320\361I\347sG0zM6\200\204\323\013\217\317\345\005"
 355      49E77347 
 355      307A4D36 
 355      8084D30B 
 355      8FCFE505 
 356 01d1 E2748A01 		.ascii	"\342t\212\001&\215K\322\243}\233\262\202\301\020\266"
 356      268D4BD2 
 356      A37D9BB2 
 356      82C110B6 
 357 01e1 8E469153 		.ascii	"\216F\221SeC\241I\003%`\206\275`\326@\031\204Q\266\""
 357      6543A149 
 357      03256086 
 357      BD60D640 
 357      198451B6 
 358 01f6 98A18142 		.ascii	"\230\241\201B\\\334\203\213\273)\260\353Z\317{\251\262"
 358      5CDC838B 
 358      BB29B0EB 
 358      5ACF7BA9 
 358      B2
 359 0207 0C500A06 		.ascii	"\014P\012\006(\006\302 \230\3244\003\027P\225\335\274"
 359      2806C220 
ARM GAS  C:\cygwin\tmp\ccgqYSsN.s 			page 28


 359      98D43403 
 359      175095DD 
 359      BC
 360 0218 C544C2A9 		.ascii	"\305D\302\251\000\251\254\327\331\256\2070\003w\354"
 360      00A9ACD7 
 360      D9AE8730 
 360      0377EC
 361 0227 5C1BBA57 		.ascii	"\\\033\272W\226'\301>t,W\0341\016^\274\253\250\360\242"
 361      9627C13E 
 361      742C571C 
 361      310E5EBC 
 361      ABA8F0A2 
 362 023b 02399EA6 		.ascii	"\0029\236\246]_\027L\326\002#\271\322\321T\347\3473"
 362      5D5F174C 
 362      D60223B9 
 362      D2D154E7 
 362      E733
 363 024d 8F033EF3 		.ascii	"\217\003>\363\250m\372i\021\225S\211r\366+r\36619t\025"
 363      A86DFA69 
 363      11955389 
 363      72F62B72 
 363      F6313974 
 364 0262 89CAD37A 		.ascii	"\211\312\323z\212tX23\356\003\335\206\362\376\303#A"
 364      8A745832 
 364      33EE03DD 
 364      86F2FEC3 
 364      2341
 365 0274 7CAE2EF0 		.ascii	"|\256.\360\002^\340\272\324\364B\023)b\262\240\3161"
 365      025EE0BA 
 365      D4F44213 
 365      2962B2A0 
 365      CE31
 366 0286 7406B492 		.ascii	"t\006\264\222\006\016a\354jd\245\213}\3737\267\352\311"
 366      060E61EC 
 366      6A64A58B 
 366      7DFB37B7 
 366      EAC9
 367 0298 418E4873 		.ascii	"A\216Hs\234<h\242\210#\210\370\271\031\016\203\226."
 367      9C3C68A2 
 367      882388F8 
 367      B9190E83 
 367      962E
 368 02aa 3B77EFEC 		.ascii	";w\357\354\320\222\006\216\311\356y\334\357O15\210\371"
 368      D092068E 
 368      C9EE79DC 
 368      EF4F3135 
 368      88F9
 369 02bc 99198E72 		.ascii	"\231\031\216rLF\325p\217?i\345\005\270\365}E\025\001"
 369      4C46D570 
 369      8F3F69E5 
 369      05B8F57D 
 369      451501
 370 02cf 5DD85A59 		.ascii	"]\330ZYN\221\037\247\244\370gc\001\3364\303/0\375c\350"
 370      4E911FA7 
 370      A4F86763 
 370      01DE34C3 
 370      2F30FD63 
ARM GAS  C:\cygwin\tmp\ccgqYSsN.s 			page 29


 371 02e4 761C7434 		.ascii	"v\034t49p`)jA\013\007\261\014U\25628FV\311\262\216b"
 371      39706029 
 371      6A410B07 
 371      B10C55AE 
 371      32384656 
 372 02fc 34A202A2 		.ascii	"4\242\002\242\221\362\357\217\257$W9\303\315\333w6\006"
 372      91F2EF8F 
 372      AF245739 
 372      C3CDDB77 
 372      3606
 373 030e F9603881 		.ascii	"\371`8\201Q\3773C\346)\240\024\365\010\252S\352L\031"
 373      51FF3343 
 373      E629A014 
 373      F508AA53 
 373      EA4C19
 374 0321 F182AB48 		.ascii	"\361\202\253Hv\300\361\254TKnq\266\266\312\216\223J"
 374      76C0F1AC 
 374      544B6E71 
 374      B6B6CA8E 
 374      934A
 375 0333 D75C1B98 		.ascii	"\327\\\033\230\303\332\355\024nS\203\342n\026M\203z"
 375      C3DAED14 
 375      6E5383E2 
 375      6E164D83 
 375      7A
 376 0344 F265FF69 		.ascii	"\362e\377in9'Q\202Y\354\267K\006\022\024}W\330\020D"
 376      6E392751 
 376      8259ECB7 
 376      4B061214 
 376      7D57D810 
 377 0359 FA39C183 		.ascii	"\3729\301\203\255\367\327\021U[\232Y[6\"\301i\205\340"
 377      ADF7D711 
 377      555B9A59 
 377      5B3622C1 
 377      6985E0
 378 036c 14F86038 		.ascii	"\024\370`8\343\235a\323\306\261\266`2\300\031\206J\213"
 378      E39D61D3 
 378      C6B1B660 
 378      32C01986 
 378      4A8B
 379 037e 772B298C 		.ascii	"w+)\214lZ\334\233\206\267)\234C\212&\205\242\321\027"
 379      6C5ADC9B 
 379      86B7299C 
 379      438A2685 
 379      A2D117
 380 0391 C5592F14 		.ascii	"\305Y/\024\324\031ij\333G[\264\327\240\003\360\236\207"
 380      D419696A 
 380      DB475BB4 
 380      D7A003F0 
 380      9E87
 381 03a3 496CB300 		.ascii	"Il\263\000\370_`\246\341\306\2468\2204\342I\341Z\002"
 381      F85F60A6 
 381      E1C6A638 
 381      9034E249 
 381      E15A02
 382 03b6 1750CC25 		.ascii	"\027P\314%\327P\343\016\306\376\011\177\366df\037\026"
 382      D750E30E 
ARM GAS  C:\cygwin\tmp\ccgqYSsN.s 			page 30


 382      C6FE097F 
 382      F664661F 
 382      16
 383 03c7 44890EC2 		.ascii	"D\211\016\302\211\317\205\263\006\304\\R\010\200O]\016"
 383      89CF85B3 
 383      06C45C52 
 383      08804F5D 
 383      0E
 384 03d8 AA785CAE 		.ascii	"\252x\\\256\010\247hv\347\004\256^\374\322>x#\220|+"
 384      08A76876 
 384      E704AE5E 
 384      FCD23E78 
 384      23907C2B 
 385 03ec B15BA26D 		.ascii	"\261[\242mM\3057\204\237jZ\234>i\316\375\301\304O\265"
 385      4DC53784 
 385      9F6A5A9C 
 385      3E69CEFD 
 385      C1C44FB5 
 386 0400 E9F4A03C 		.ascii	"\351\364\240<:\320\344\307\277\245\215\365p\315\355"
 386      3AD0E4C7 
 386      BFA58DF5 
 386      70CDED
 387 040f 2E71E64D 		.ascii	".q\346M\303\351\251\342\346\375FR\310\003\265\036r6"
 387      C3E9A9E2 
 387      E6FD4652 
 387      C803B51E 
 387      7236
 388 0421 1AC8113E 		.ascii	"\032\310\021>)-\334]@\310i>9\221\226\266\230\264\362"
 388      292DDC5D 
 388      40C8693E 
 388      399196B6 
 388      98B4F2
 389 0434 71EF86A2 		.ascii	"q\357\206\242'Fr\221O.\015\327\2760\222\0166\321V\246"
 389      27467291 
 389      4F2E0DD7 
 389      BE30920E 
 389      36D156A6 
 390 0448 74EE3041 		.ascii	"t\3560A\230\031p\207\200o5=\2145p\035\267\371*\020\327"
 390      98197087 
 390      806F353D 
 390      8C35701D 
 390      B7F92A10 
 391 045d 799E2BE3 		.ascii	"y\236+\343\026?\376\007]\306\261\216]\275lz\007n:\365"
 391      163FFE07 
 391      5DC6B18E 
 391      5DBD6C7A 
 391      076E3AF5 
 392 0471 64BB7E0D 		.ascii	"d\273~\015c~\317\033\353\373\323\347\326\370\033\204"
 392      637ECF1B 
 392      EBFBD3E7 
 392      D6F81B84 
 393 0481 43C6FFE0 		.ascii	"C\306\377\340p\177o\357e\223q\003u\310H\225'\2371\301"
 393      707F6FEF 
 393      65937103 
 393      75C84895 
 393      279F31C1 
 394 0495 0D44B522 		.ascii	"\015D\265\"\340<=\206\340&\030E]s\253\033F\214\344&"
ARM GAS  C:\cygwin\tmp\ccgqYSsN.s 			page 31


 394      E03C3D86 
 394      E0261845 
 394      5D73AB1B 
 394      468CE426 
 395 04a9 CFED505F 		.ascii	"\317\355P_\323\210\211\334\341\223\375\235\345Y\376"
 395      D38889DC 
 395      E193FD9D 
 395      E559FE
 396 04b8 E4099FB8 		.ascii	"\344\011\237\270\036\034\223\331\203\003\016\3666\236"
 396      1E1C93D9 
 396      83030EF6 
 396      369E
 397 04c6 32F09ACA 		.ascii	"2\360\232\312\364P\354{Px/\220\214ql\301\236\314o\011"
 397      F450EC7B 
 397      50782F90 
 397      8C716CC1 
 397      9ECC6F09 
 398 04da 594FD864 		.ascii	"YO\330d\264\267%\204|\315\307\366\372\3567\310v>\356"
 398      B4B72584 
 398      7CCDC7F6 
 398      FAEE37C8 
 398      763EEE
 399 04ed 2EA95FEF 		.ascii	".\251_\357O\354|2\336\270=W\232\226\305\312\227*O\327"
 399      4FEC7C32 
 399      DEB83D57 
 399      9A96C5CA 
 399      972A4FD7 
 400 0501 C2A73F52 		.ascii	"\302\247?R\211\275\013\370S\014\226h\271\340\321\333"
 400      89BD0BF8 
 400      530C9668 
 400      B9E0D1DB 
 401 0511 E57D468F 		.ascii	"\345}F\217\324\360{\025\372\036\030\305\315\205\340"
 401      D4F07B15 
 401      FA1E18C5 
 401      CD85E0
 402 0520 5D39C587 		.ascii	"]9\305\207td\027c\221RG\312\006\011\030\303|\371\302"
 402      74641763 
 402      915247CA 
 402      060918C3 
 402      7CF9C2
 403 0533 03ACA6E2 		.ascii	"\003\254\246\342\316o\334\343\333M\205\364h\350\307"
 403      CE6FDCE3 
 403      DB4D85F4 
 403      68E8C7
 404 0542 F5FBCA7D 		.ascii	"\365\373\312}{\217\025\020\031\036lo\310\016&Gy\036"
 404      7B8F1510 
 404      191E6C6F 
 404      C80E2647 
 404      791E
 405 0554 873BEABB 		.ascii	"\207;\352\273\014\244\216O\236\214\345U\353y\311\246"
 405      0CA48E4F 
 405      9E8CE555 
 405      EB79C9A6 
 406 0564 D01C3B33 		.ascii	"\320\034;32\002x\311\354X2}C\246\375\276\001BBC\215"
 406      320278C9 
 406      EC58327D 
 406      43A6FDBE 
ARM GAS  C:\cygwin\tmp\ccgqYSsN.s 			page 32


 406      01424243 
 407 0579 C6D0D0D0 		.ascii	"\306\320\320\320\260L\321;2\3304\360\004\025=\246\212"
 407      B04CD13B 
 407      32D834F0 
 407      04153DA6 
 407      8A
 408 058a 1E21E353 		.ascii	"\036!\343S\010a'\353\013T7\002\2410\214\366\034m\000"
 408      086127EB 
 408      0B543702 
 408      A1308CF6 
 408      1C6D00
 409 059d ED1984B2 		.ascii	"\355\031\204\262\376\312\247)9:\226o\223\035\253\011"
 409      FECAA729 
 409      393A966F 
 409      931DAB09 
 410 05ad 3BC66E0B 		.ascii	";\306n\013O\321(\267Xmf\231\335\330+\005\220#;\326\020"
 410      4FD128B7 
 410      586D6699 
 410      DDD82B05 
 410      90233BD6 
 411 05c2 18C4C47A 		.ascii	"\030\304\304z\005\330]\2116\006o\245\1775\352r\015!"
 411      05D85D89 
 411      36066FA5 
 411      7F35EA72 
 411      0D21
 412 05d4 5829F520 		.ascii	"X)\365 \357\"5@\035EC\341\212\272Kv\301H\203\364ygT"
 412      EF223540 
 412      1D4543E1 
 412      8ABA4B76 
 412      C14883F4 
 413 05eb 096C4FE0 		.ascii	"\011lO\340hZ\370;\023\3213\025y\034\335\366w\216\306"
 413      685AF83B 
 413      13D13315 
 413      791CDDF6 
 413      778EC6
 414 05fe C686875E 		.ascii	"\306\206\207^\321,4\177\032\325\332\331\323\0101\236"
 414      D12C347F 
 414      1AD5DAD9 
 414      D308319E 
 415 060e 0F3CC3A6 		.ascii	"\017<\303\246\234L+\204\362OXH(\017\355TU\265\035C\247"
 415      9C4C2B84 
 415      F24F5848 
 415      280FED54 
 415      55B51D43 
 416 0623 4AEEAA72 		.ascii	"J\356\252r\321\027T:2w\250\222\354\021h\257e\345\370"
 416      D117543A 
 416      3277A892 
 416      EC1168AF 
 416      65E5F8
 417 0636 E72ADD57 		.ascii	"\347*\335W&\302\377-\313\021\225\224\313\336\244\250"
 417      26C2FF2D 
 417      CB119594 
 417      CBDEA4A8 
 418 0646 EA371621 		.ascii	"\3527\026!\247\3723\344Eo\310\022U\330\027n\350%o\320"
 418      A7FA33E4 
 418      456FC812 
 418      55D8176E 
ARM GAS  C:\cygwin\tmp\ccgqYSsN.s 			page 33


 418      E8256FD0 
 419 065a 3715E480 		.ascii	"7\025\344\200\033\331\351\211\234\351\006\362\022w\362"
 419      1BD9E989 
 419      9CE906F2 
 419      1277F2
 420 0669 1223425D 		.ascii	"\022#B]b\217&\377\001\323\244m\011\335\"\024m\362\024"
 420      628F26FF 
 420      01D3A46D 
 420      09DD2214 
 420      6DF214
 421 067c 290CD648 		.ascii	")\014\326H\241\260\032m\034\033\374%\232\214c'^G\321"
 421      A1B01A6D 
 421      1C1BFC25 
 421      9A8C6327 
 421      5E47D1
 422 068f C63C1AFE 		.ascii	"\306<\032\376\231\252\036]^\004\261r\340\235\337U<\236"
 422      99AA1E5D 
 422      5E04B172 
 422      E09DDF55 
 422      3C9E
 423 06a1 12002161 		.ascii	"\022\000!a\336\371\327\"\347\377\313\317\263\334\022"
 423      DEF9D722 
 423      E7FFCBCF 
 423      B3DC12
 424 06b0 844FF434 		.ascii	"\204O\3644t\355VN\006\2322;\031^du\215\006{\034Ti\222"
 424      74ED564E 
 424      069A323B 
 424      195E6475 
 424      8D067B1C 
 425 06c7 FAE64897 		.ascii	"\372\346H\227\\gp\315\223]\366\000\255\304\327\350A"
 425      5C6770CD 
 425      935DF600 
 425      ADC4D7E8 
 425      41
 426 06d8 477F028E 		.ascii	"G\177\002\216:\373\003|\036\211\353%z$\256\223\304\231"
 426      3AFB037C 
 426      1E89EB25 
 426      7A24AE93 
 426      C499
 427 06ea 3858D3BD 		.ascii	"8X\323\275&\3405\273\334U!w\345\335|'+U>\203~\323)\014"
 427      26E035BB 
 427      DC552177 
 427      E5DD7C27 
 427      2B553E83 
 428 0702 5A14692D 		.ascii	"Z\024i-\354\201\004\315\370\244\320\300\006\3515\364"
 428      EC8104CD 
 428      F8A4D0C0 
 428      06E935F4 
 429 0712 1CBA5C7D 		.ascii	"\034\272\\}\332\237\\\340'\326\036y\350\226\011\303"
 429      DA9F5CE0 
 429      27D61E79 
 429      E89609C3 
 430 0722 D82B6447 		.ascii	"\330+dG\231\277\022\342K\311\035\002\207J\210\215,D"
 430      99BF12E2 
 430      4BC91D02 
 430      874A888D 
 430      2C44
ARM GAS  C:\cygwin\tmp\ccgqYSsN.s 			page 34


 431 0734 47DFD06A 		.ascii	"G\337\320jB\256\213c\375Qm\016O\205\356\011O\245\272"
 431      42AE8B63 
 431      FD516D0E 
 431      4F85EE09 
 431      4FA5BA
 432 0747 F159B39F 		.ascii	"\361Y\263\237;\275\177Jl\261\277tcq\220\317\3742X~\233"
 432      3BBD7F4A 
 432      6CB1BF74 
 432      637190CF 
 432      FC32587E 
 433 075c 5CF9651C 		.ascii	"\\\371e\034\270\343\004!\354b\264\274\036\235\264\024"
 433      B8E30421 
 433      EC62B4BC 
 433      1E9DB414 
 434 076c 035F29CA 		.ascii	"\003_)\312\276R+\313d\312\032\007\017\254\323\223;\\"
 434      BE522BCB 
 434      64CA1A07 
 434      0FACD393 
 434      3B5C
 435 077e D9D3F64B 		.ascii	"\331\323\366K\263E\210\315V\021\202&\267Y\011\261Y\035"
 435      B34588CD 
 435      56118226 
 435      B75909B1 
 435      591D
 436 0790 620B0B71 		.ascii	"b\013\013q\377\313\301\331\344)\217pb\327\236#A\"D\215"
 436      FFCBC1D9 
 436      E4298F70 
 436      62D79E23 
 436      4122448D 
 437 07a4 3AC45625 		.ascii	":\304V%\304Vu\210\257Y\210\276\372\224Q-y\301c\354J"
 437      C4567588 
 437      AF5988BE 
 437      FA94512D 
 437      79C163EC 
 438 07b9 EFFF2559 		.ascii	"\357\377%Y\257e\317\243\247\345\025\005\304\325\225"
 438      AF65CFA3 
 438      A7E51505 
 438      C4D595
 439 07c8 F4237EC5 		.ascii	"\364#~\305m\303p\331"
 439      6DC370D9 
 440 07d0 A21F73A4 		.ascii	"\242\037s\2440\245\337\272j7|\332\315~EfK\023\216.x"
 440      30A5DFBA 
 440      6A377CDA 
 440      CD7E4566 
 440      4B138E2E 
 441 07e5 99DDB030 		.ascii	"\231\335\2600DDrx\211\344\006\356\277\\\370P\357\321"
 441      44447278 
 441      89E406EE 
 441      BF5CF850 
 441      EFD1
 442 07f7 96B91E6D 		.ascii	"\226\271\036m\271]R=?\253\353\252*\203\310\026\2567"
 442      B95D523D 
 442      3FABEBAA 
 442      2A83C816 
 442      AE37
 443 0809 EDF89A3A 		.ascii	"\355\370\232:\303\204\347\247\332\027\276\305\233Gq"
 443      C384E7A7 
ARM GAS  C:\cygwin\tmp\ccgqYSsN.s 			page 35


 443      DA17BEC5 
 443      9B4771
 444 0818 6792E52D 		.ascii	"g\222\345-0\011\362p\355\033\245F\333%\361\354\034~"
 444      3009F270 
 444      ED1BA546 
 444      DB25F1EC 
 444      1C7E
 445 082a F4758196 		.ascii	"\364u\201\2265F\236\273\357O\312)\033\375|\366\205\235"
 445      35469EBB 
 445      EF4FCA29 
 445      1BFD7CF6 
 445      859D
 446 083c F5C577AE 		.ascii	"\365\305w\256\276\370\252\365\300\025\272#]\230\363"
 446      BEF8AAF5 
 446      C015BA23 
 446      5D98F3
 447 084b A59D6FE7 		.ascii	"\245\235o\347\310\365Z\012\201,\205,K\342?\302`\007"
 447      C8F55A0A 
 447      812C852C 
 447      4BE23FC2 
 447      6007
 448 085d DB8CBA61 		.ascii	"\333\214\272a\307\036 \271,!\350\311.\254\016d\374\364"
 448      C71E20B9 
 448      2C21E8C9 
 448      2EAC0E64 
 448      FCF4
 449 086f C584F337 		.ascii	"\305\204\3637o\274\332\346\317\326\350/\365\235\274"
 449      6FBCDAE6 
 449      CFD6E82F 
 449      F59DBC
 450 087e 59F30672 		.ascii	"Y\363\006r\217\004\273\027\013\370\342\346\227\355\255"
 450      8F04BB17 
 450      0BF8E2E6 
 450      97EDAD
 451 088d 7AB7FA5D 		.ascii	"z\267\372]|q\365\332\341\013:\266HO\364\335|1\345b\315"
 451      7C71F5DA 
 451      E10B3AB6 
 451      484FF4DD 
 451      7C31E562 
 452 08a2 56235BA4 		.ascii	"V#[\244/\232{\370bN\306\365\035\006\367b\241\210\271"
 452      2F9A7BF8 
 452      624EC6F5 
 452      1D06F762 
 452      A188B9
 453 08b5 AD7A8B9F 		.ascii	"\255z\213\237{\261H\260\217f\035\014v/\026\363\305\202"
 453      7BB148B0 
 453      8F661D0C 
 453      762F16F3 
 453      C582
 454 08c7 D6C26123 		.ascii	"\326\302a#)\343;\223\273u}\266\336K'\225`\035JE'\225"
 454      29E33B93 
 454      BB757DB6 
 454      DE4B2795 
 454      601D4A45 
 455 08dd A93BC971 		.ascii	"\251;\311q%}\012=\237K'\366\221\224v\247\247\301\000"
 455      257D0A3D 
 455      9F4B27F6 
ARM GAS  C:\cygwin\tmp\ccgqYSsN.s 			page 36


 455      919476A7 
 455      A7C100
 456 08f0 61217CF7 		.ascii	"a!|\367\222'A\005\372\227(\365,e\307\333D\242r\334\371"
 456      92274105 
 456      FA9728F5 
 456      2C65C7DB 
 456      44A272DC 
 457 0905 894428F2 		.ascii	"\211D(\362\321\245\243iZ\217^\253\360\350\265}\356#"
 457      D1A5A369 
 457      5A8F5EAB 
 457      F0E8B57D 
 457      EE23
 458 0917 F04E7AD5 		.ascii	"\360Nz\3256\023\313\021\327`/\317\361VY\375C\337\275"
 458      3613CB11 
 458      D7602FCF 
 458      F15659FD 
 458      43DFBD
 459 092a 50C97A61 		.ascii	"P\311za\277\253\027\316\037]\335i\022\275\220\347\234"
 459      BFAB17CE 
 459      1F5DDD69 
 459      12BD90E7 
 459      9C
 460 093b CD7A0121 		.ascii	"\315z\001!\220\257h\317w\365\302\001\326\013\347\216"
 460      90AF68CF 
 460      77F5C201 
 460      D60BE78E 
 461 094b 37B6EA48 		.ascii	"7\266\352H5\357\205\312+y7$\367\026\363^\330\267m\233"
 461      35EF85CA 
 461      2B793724 
 461      F716F35E 
 461      D8B76D9B 
 462 095f 3DD82DEA 		.ascii	"=\330-\352 \027\265\365Fa\266\321\247\250CLT\265KT\356"
 462      2017B5F5 
 462      4661B6D1 
 462      A7A8434C 
 462      54B54B54 
 463 0974 89EC8B3A 		.ascii	"\211\354\213:\227\250\\\302D!\004\252\024QU.Q\207\231"
 463      97A85CC2 
 463      442104AA 
 463      1451552E 
 463      518799
 464 0987 A8F6B2BD 		.ascii	"\250\366\262\275%:r\202\213j<q6\205\270\273\211\213"
 464      253A7282 
 464      8B6A3C71 
 464      3685B8BB 
 464      898B
 465 0999 1A1AD9FD 		.ascii	"\032\032\331\375\330\343\340\244\335\247\010\250a\002"
 465      D8E3E0A4 
 465      DDA708A8 
 465      6102
 466 09a7 8EBA049C 		.ascii	"\216\272\004\234N\331\233\256\027\002\366\355\37403"
 466      4ED99BAE 
 466      1702F6ED 
 466      FC3033
 467 09b6 D5FE0185 		.ascii	"\325\376\001\205\300\021E\300\021\227\200Z& \253mg\223"
 467      C01145C0 
 467      1197805A 
ARM GAS  C:\cygwin\tmp\ccgqYSsN.s 			page 37


 467      2620AB6D 
 467      6793
 468 09c8 9EB47101 		.ascii	"\236\264q\001[w\254n\013pW\200\013(8s\277Y\253\026P"
 468      5B77AC6E 
 468      0B705780 
 468      0B283873 
 468      BF59AB16 
 469 09dd E9F16AE1 		.ascii	"\351\361j\341`\002\216\273\004\334Nm\316\017\024\002"
 469      60028EBB 
 469      04DC4E6D 
 469      CE0F1402 
 470 09ed AEB61B1D 		.ascii	"\256\266\033\035\031@\021pL\341?\346\342\257c\374\273"
 470      19401170 
 470      4CE13FE6 
 470      E2AF63FC 
 470      BB
 471 09fe 1C67D606 		.ascii	"\034g\326\006\222n\316\177\344\272}\265$\274+\024\357"
 471      926ECE7F 
 471      E4BA7DB5 
 471      24BC2B14 
 471      EF
 472 0a0f 7AC5BBDE 		.ascii	"z\305\273\336\345}\202y\247\227\336\373.\200<\346\336"
 472      E57D8279 
 472      A797DEFB 
 472      2E803CE6 
 472      DE
 473 0a20 77F78F0D 		.ascii	"w\367\217\015\006\274\276S\266\343O\205\301\364\251"
 473      06BCBE53 
 473      B6E34F85 
 473      C1F4A9
 474 0a2f ACFA348F 		.ascii	"\254\3724\217\006\356\256\022\335@\243\300I\351uz\002"
 474      06EEAE12 
 474      DD40A3C0 
 474      49E9757A 
 474      02
 475 0a40 9C6CCF0E 		.ascii	"\234l\317\016 C,\204\266\247\354\300e\002z\376\202\027"
 475      20432C84 
 475      B6A7ECC0 
 475      65027AFE 
 475      8217
 476 0a52 96CEFFF3 		.ascii	"\226\316\377\363\303>\375\317\3567\260&\354\374\323"
 476      C33EFDCF 
 476      EE37B026 
 476      ECFCD3
 477 0a61 921EBDCF 		.ascii	"\222\036\275\317Hfh\224\314\354\375\216\256\260w\276"
 477      48666894 
 477      CCECFD8E 
 477      AEB077BE 
 478 0a71 496CA87A 		.ascii	"Il\250z1\304)\234\222\334/\206t>.\221\242\324\372\313"
 478      31C4299C 
 478      92DC2F86 
 478      743E2E91 
 478      A2D4FACB 
 479 0a85 7E205E23 		.ascii	"~ ^#\371\313\242\323\031\014\315\022\177]\244W\366\366"
 479      F9CBA2D3 
 479      190CCD12 
 479      7F5DA457 
ARM GAS  C:\cygwin\tmp\ccgqYSsN.s 			page 38


 479      F6F6
 480 0a97 37F1FFB6 		.ascii	"7\361\377\2664\354+\354Y\344>\213\334t\212)\024_\031"
 480      34EC2BEC 
 480      59E43E8B 
 480      DC748A29 
 480      145F19
 481 0aaa 3F66F0B8 		.ascii	"?f\360\270\357\366y4I\013\277\357\350\225\036\203-\267"
 481      EFF67934 
 481      490BBFEF 
 481      E8951E83 
 481      2DB7
 482 0abc CE82079A 		.ascii	"\316\202\007\232\326XA\237\027\350\363\014\235\266%"
 482      D658419F 
 482      17E8F30C 
 482      9DB625
 483 0acb 65C4135D 		.ascii	"e\304\023]\343\201n\025\350V\206\356\252\031\353\226"
 483      E3816E15 
 483      E85686EE 
 483      AA19EB96 
 484 0adb 3CD0873C 		.ascii	"<\320\207<\320m\002\335\306\320\371\366\222\353:\017"
 484      D06D02DD 
 484      C6D0F9F6 
 484      92EB3A0F 
 485 0aeb 74A507FA 		.ascii	"t\245\007\372\202@_`\350\201\253G\235\236\261\355\036"
 485      82405F60 
 485      E881AB47 
 485      9D9EB1ED 
 485      1E
 486 0afc E876816E 		.ascii	"\350v\201ng\350Z\371\352]O\364z\017\364E\201\246W\335"
 486      67E85AF9 
 486      EA5D4FF4 
 486      7A0FF445 
 486      81A657DD 
 487 0b10 FC8F3F99 		.ascii	"\374\217?\231>w\326,\215\336b\211\211\263\315\372\225"
 487      3E77D62C 
 487      8DDE6289 
 487      89B3CDFA 
 487      95
 488 0b21 C5F676D4 		.ascii	"\305\366v\324\257#\242V-[\031\023\027\021\231\270\342"
 488      AF23A256 
 488      2D5B1913 
 488      171199B8 
 488      E2
 489 0b32 8DB8F838 		.ascii	"\215\270\3708\353\033\326\310%1\0211qQ\261\311\321\326"
 489      EB1BD6C8 
 489      25311131 
 489      7151B1C9 
 489      D1D6
 490 0b44 88159151 		.ascii	"\210\025\221Q\313c\342\254\021\226h\353\322\310\344"
 490      CB63E2AC 
 490      119668EB 
 490      D2C8E4
 491 0b53 589BC5B6 		.ascii	"X\233\305\266*\301\2324c\271&@D\230\361\337\"$\255J"
 491      2AC19A34 
 491      63B92640 
 491      4498F1DF 
 491      2224AD4A 
ARM GAS  C:\cygwin\tmp\ccgqYSsN.s 			page 39


 492 0b67 8AB024D9 		.ascii	"\212\260$\331\242\021O\335\242\342\343\023\243-\266"
 492      A2114FDD 
 492      A2E2E313 
 492      A32DB6
 493 0b76 1FCF9831 		.ascii	"\037\317\23013y\376\274\317g&%F\315\\\026\035\223\224"
 493      3379FEBC 
 493      CF672625 
 493      46CD5C16 
 493      1D9394
 494 0b89 C0FF22C4 		.ascii	"\300\377\"\304\370\307\344$[\314\322U\013c\226-\267"
 494      F8C7E424 
 494      5BCCD255 
 494      0B63962D 
 494      B7
 495 0b9a 0589C95C 		.ascii	"\005\211\311\\k\234\315\232\030(f\277\263.\265\005\210"
 495      6B9CCD9A 
 495      182866BF 
 495      B32EB505 
 495      88
 496 0bab B15E5C2D 		.ascii	"\261^\\-6L+\031Yf[l\001\256kT|l|\242\305\366\252\017"
 496      364C2B19 
 496      59665B6C 
 496      01AE6B54 
 496      7C6C7CA2 
 497 0bc3 360BFB9E 		.ascii	"6\013\373\236\246\243_a\215K\266D'F\256|%62\311f\211"
 497      A6A35F61 
 497      8D4BB644 
 497      2746AE7C 
 497      253632C9 
 498 0bd9 4A4E4C44 		.ascii	"JNLDJK\214\315\272\302\250\236\350\330\327\266\370\004"
 498      4A4B8CCD 
 498      BAC2A89E 
 498      E8D8D7B6 
 498      F804
 499 0beb 82A65D1A 		.ascii	"\202\246]\032\037g\323F-\217L\324\277\277p\316g\226"
 499      1F67D346 
 499      2D8F4CD4 
 499      BFBF70CE 
 499      6796
 500 0bfd 399F2C0E 		.ascii	"9\237,\016\327}4\347s\313\302\360\317\026\031X\310$"
 500      D77D34E7 
 500      73CBC2F0 
 500      CF161958 
 500      C824
 501 0c0f 5BA4CDEA 		.ascii	"[\244\315\352\216@\227\002\243\342\223E\260$?\366W\233"
 501      8E409702 
 501      A3E29345 
 501      B0243FF6 
 501      579B
 502 0c21 9068FD8B 		.ascii	"\220h\375\213vir\\\024\227AG\201\2611Kf\322\031\212"
 502      7669725C 
 502      14974147 
 502      81B1314B 
 502      66D2198A 
 503 0c35 F38B8D5C 		.ascii	"\363\213\215\\b\215\3252g\367r\224\320\274$2\352O\201"
 503      628DD532 
 503      67F77294 
ARM GAS  C:\cygwin\tmp\ccgqYSsN.s 			page 40


 503      D0BC2432 
 503      EA4F81
 504 0c48 9CCA1A6B 		.ascii	"\234\312\032k\215\262\211L\342W\306\005\260Qr\202\211"
 504      8DB2894C 
 504      E257C605 
 504      B0517282 
 504      89
 505 0c59 E53A3736 		.ascii	"\345:76>\311:\017\365\352W,\265P\335\226$\177v\261\205"
 505      3EC93A0F 
 505      F5EA572C 
 505      B550DD96 
 505      247F76B1 
 506 0c6e B0EFE7CF 		.ascii	"\260\357\347\317\213\211\215]dK\214\211[\366^\374_u"
 506      8B898D5D 
 506      644B8C89 
 506      5BF65EFC 
 506      5F75
 507 0c80 F3DFC7B5 		.ascii	"\363\337\307\265\330\310U\201\374\313\271\261\326\310"
 507      D8C85581 
 507      FCCBB9B1 
 507      D6C8
 508 0c8e C420360E 		.ascii	"\304 6\016O\260\306\3218\301\374\233\371V\333\007V\272"
 508      4FB0C6D1 
 508      38C1FC9B 
 508      F956DB07 
 508      56BA
 509 0ca0 5526F7FC 		.ascii	"U&\367\374\263\230h\333r\277\371\357\177\270h\201\237"
 509      B39868DB 
 509      72BFF9EF 
 509      7FB86881 
 509      9F
 510 0cb1 E5BDF8F8 		.ascii	"\345\275\370\370\330\177\001\233H1\314"
 510      D87F019B 
 510      4831CC
 511              		.text
 512              		.section	.gnu.lto_.symtab.2d272389,"",%progbits
 513 0000 6D656E75 		.ascii	"menu_draw\000"
 513      5F647261 
 513      7700
 514 000a 00       		.ascii	"\000"
 515 000b 00       		.ascii	"\000"
 516 000c 00       		.ascii	"\000"
 517 000d 00000000 		.ascii	"\000\000\000\000\000\000\000\000"
 517      00000000 
 518 0015 0A010000 		.ascii	"\012\001\000\000"
 519 0019 6D656E75 		.ascii	"menu_back\000"
 519      5F626163 
 519      6B00
 520 0023 00       		.ascii	"\000"
 521 0024 00       		.ascii	"\000"
 522 0025 00       		.ascii	"\000"
 523 0026 00000000 		.ascii	"\000\000\000\000\000\000\000\000"
 523      00000000 
 524 002e 0C010000 		.ascii	"\014\001\000\000"
 525 0032 6D656E75 		.ascii	"menu_select\000"
 525      5F73656C 
 525      65637400 
ARM GAS  C:\cygwin\tmp\ccgqYSsN.s 			page 41


 526 003e 00       		.ascii	"\000"
 527 003f 00       		.ascii	"\000"
 528 0040 00       		.ascii	"\000"
 529 0041 00000000 		.ascii	"\000\000\000\000\000\000\000\000"
 529      00000000 
 530 0049 11010000 		.ascii	"\021\001\000\000"
 531 004d 6D656E75 		.ascii	"menu_down\000"
 531      5F646F77 
 531      6E00
 532 0057 00       		.ascii	"\000"
 533 0058 00       		.ascii	"\000"
 534 0059 00       		.ascii	"\000"
 535 005a 00000000 		.ascii	"\000\000\000\000\000\000\000\000"
 535      00000000 
 536 0062 13010000 		.ascii	"\023\001\000\000"
 537 0066 6D656E75 		.ascii	"menu_up\000"
 537      5F757000 
 538 006e 00       		.ascii	"\000"
 539 006f 00       		.ascii	"\000"
 540 0070 00       		.ascii	"\000"
 541 0071 00000000 		.ascii	"\000\000\000\000\000\000\000\000"
 541      00000000 
 542 0079 15010000 		.ascii	"\025\001\000\000"
 543 007d 47444953 		.ascii	"GDISP\000"
 543      5000
 544 0083 00       		.ascii	"\000"
 545 0084 02       		.ascii	"\002"
 546 0085 00       		.ascii	"\000"
 547 0086 00000000 		.ascii	"\000\000\000\000\000\000\000\000"
 547      00000000 
 548 008e 45010000 		.ascii	"E\001\000\000"
 549 0092 67646973 		.ascii	"gdispCloseFont\000"
 549      70436C6F 
 549      7365466F 
 549      6E7400
 550 00a1 00       		.ascii	"\000"
 551 00a2 02       		.ascii	"\002"
 552 00a3 00       		.ascii	"\000"
 553 00a4 00000000 		.ascii	"\000\000\000\000\000\000\000\000"
 553      00000000 
 554 00ac 21010000 		.ascii	"!\001\000\000"
 555 00b0 67646973 		.ascii	"gdispGFillStringBox\000"
 555      70474669 
 555      6C6C5374 
 555      72696E67 
 555      426F7800 
 556 00c4 00       		.ascii	"\000"
 557 00c5 02       		.ascii	"\002"
 558 00c6 00       		.ascii	"\000"
 559 00c7 00000000 		.ascii	"\000\000\000\000\000\000\000\000"
 559      00000000 
 560 00cf 34010000 		.ascii	"4\001\000\000"
 561 00d3 67646973 		.ascii	"gdispGClear\000"
 561      7047436C 
 561      65617200 
 562 00df 00       		.ascii	"\000"
 563 00e0 02       		.ascii	"\002"
ARM GAS  C:\cygwin\tmp\ccgqYSsN.s 			page 42


 564 00e1 00       		.ascii	"\000"
 565 00e2 00000000 		.ascii	"\000\000\000\000\000\000\000\000"
 565      00000000 
 566 00ea 39010000 		.ascii	"9\001\000\000"
 567 00ee 67646973 		.ascii	"gdispOpenFont\000"
 567      704F7065 
 567      6E466F6E 
 567      7400
 568 00fc 00       		.ascii	"\000"
 569 00fd 02       		.ascii	"\002"
 570 00fe 00       		.ascii	"\000"
 571 00ff 00000000 		.ascii	"\000\000\000\000\000\000\000\000"
 571      00000000 
 572 0107 3D010000 		.ascii	"=\001\000\000"
 573 010b 67646973 		.ascii	"gdispGGetHeight\000"
 573      70474765 
 573      74486569 
 573      67687400 
 574 011b 00       		.ascii	"\000"
 575 011c 02       		.ascii	"\002"
 576 011d 00       		.ascii	"\000"
 577 011e 00000000 		.ascii	"\000\000\000\000\000\000\000\000"
 577      00000000 
 578 0126 41010000 		.ascii	"A\001\000\000"
 579 012a 67646973 		.ascii	"gdispGGetWidth\000"
 579      70474765 
 579      74576964 
 579      746800
 580 0139 00       		.ascii	"\000"
 581 013a 02       		.ascii	"\002"
 582 013b 00       		.ascii	"\000"
 583 013c 00000000 		.ascii	"\000\000\000\000\000\000\000\000"
 583      00000000 
 584 0144 43010000 		.ascii	"C\001\000\000"
 585              		.text
 586              		.section	.gnu.lto_.opts,"",%progbits
 587 0000 272D666D 		.ascii	"'-fmath-errno' '-fsigned-zeros' '-ftrapping-math' '"
 587      6174682D 
 587      6572726E 
 587      6F272027 
 587      2D667369 
 588 0033 2D666E6F 		.ascii	"-fno-trapv' '-fno-openmp' '-fno-openacc' '-mcpu=cor"
 588      2D747261 
 588      70762720 
 588      272D666E 
 588      6F2D6F70 
 589 0066 7465782D 		.ascii	"tex-m3' '-mno-thumb-interwork' '-mthumb' '-ggdb' '-"
 589      6D332720 
 589      272D6D6E 
 589      6F2D7468 
 589      756D622D 
 590 0099 4F322720 		.ascii	"O2' '-fomit-frame-pointer' '-falign-functions=16' '"
 590      272D666F 
 590      6D69742D 
 590      6672616D 
 590      652D706F 
 591 00cc 2D666675 		.ascii	"-ffunction-sections' '-fdata-sections' '-fno-common"
ARM GAS  C:\cygwin\tmp\ccgqYSsN.s 			page 43


 591      6E637469 
 591      6F6E2D73 
 591      65637469 
 591      6F6E7327 
 592 00ff 2720272D 		.ascii	"' '-flto'\000"
 592      666C746F 
 592      2700
 593              		.text
 594              		.comm	__gnu_lto_v1,1,1
 595              		.comm	__gnu_lto_slim,1,1
 596              		.ident	"GCC: (GNU Tools for ARM Embedded Processors) 5.4.1 20160919 (release) [ARM/embedded-5-bran
ARM GAS  C:\cygwin\tmp\ccgqYSsN.s 			page 44


DEFINED SYMBOLS
                            *ABS*:00000000 menu.c
                            *COM*:00000001 __gnu_lto_v1
                            *COM*:00000001 __gnu_lto_slim

NO UNDEFINED SYMBOLS
