ARM GAS  C:\cygwin\tmp\ccWLiNJj.s 			page 1


   1              		.syntax unified
   2              		.cpu cortex-m3
   3              		.fpu softvfp
   4              		.eabi_attribute 20, 1
   5              		.eabi_attribute 21, 1
   6              		.eabi_attribute 23, 3
   7              		.eabi_attribute 24, 1
   8              		.eabi_attribute 25, 1
   9              		.eabi_attribute 26, 1
  10              		.eabi_attribute 30, 2
  11              		.eabi_attribute 34, 1
  12              		.eabi_attribute 18, 4
  13              		.thumb
  14              		.syntax unified
  15              		.file	"mf_bwfont.c"
  16              		.text
  17              	.Ltext0:
  18              		.section	.gnu.lto_.profile.2d2711a6,"",%progbits
  19 0000 789C6361 		.ascii	"x\234ca`d`c`\000\222k\031;\031\001\004^\001E"
  19      60646063 
  19      6000926B 
  19      193B1901 
  19      045E0145 
  20              		.text
  21              		.section	.gnu.lto_.icf.2d2711a6,"",%progbits
  22 0000 789C6361 		.ascii	"x\234ca`d\000\001\021\006\004`f\230}\347\372o\026\306"
  22      60640001 
  22      11060460 
  22      66987DE7 
  22      FA6F16C6 
  23 0014 E6A6657B 		.ascii	"\346\246e{\370\230\266L|\367\225\215\001\000`\226\011"
  23      F898B64C 
  23      7CF7958D 
  23      01006096 
  23      09
  24 0025 10       		.ascii	"\020"
  25              		.text
  26              		.section	.gnu.lto_.jmpfuncs.2d2711a6,"",%progbits
  27 0000 789C6361 		.ascii	"x\234ca`d\000\201\016\006\004`f`c\004\003\373z `b\342"
  27      60640081 
  27      0E060460 
  27      66606304 
  27      03FB7A20 
  28 0017 82CB30FE 		.ascii	"\202\3130\376eb\274\334|\344<\363\027\246Vf\006\306"
  28      6562BCDC 
  28      7CE43CF3 
  28      17A65666 
  28      06C6
  29 0029 FF8C8CCB 		.ascii	"\377\214\214\313\031e\030\030\230*Y\201\222,\002H\012"
  29      19651818 
  29      982A5981 
  29      922C0248 
  29      0A
  30 003a 512518E1 		.ascii	"Q%\030\341\00622\002\021\017\003H\212\021L2A40U\262"
  30      06323202 
  30      110F0348 
  30      8A114C32 
ARM GAS  C:\cygwin\tmp\ccWLiNJj.s 			page 2


  30      41343055 
  31 004f 3082D583 		.ascii	"0\202\325\203H&FF\346\372z\006\000H\240\020j"
  31      48264646 
  31      E6FA7A06 
  31      0048A010 
  31      6A
  32              		.text
  33              		.section	.gnu.lto_.inline.2d2711a6,"",%progbits
  34 0000 789C4590 		.ascii	"x\234E\220\275JCA\020\205\317\314nrG\211\344J.hq\221"
  34      BD4A4341 
  34      1085CFCC 
  34      6E724789 
  34      E44A2E68 
  35 0016 ED621910 		.ascii	"\355b\031\020\301\362>\201\276\202\265\276\3046\001"
  35      C1F23E81 
  35      BE82B5BE 
  35      C43601
  36 0025 CB14826D 		.ascii	"\313\024\202m:\025\004\025l\"\"\361\005\304J[\013\013"
  36      3A150415 
  36      6C2222F1 
  36      05C44A5B 
  36      0B0B
  37 0037 0B6DC426 		.ascii	"\013m\304&\205\340\356L\214\273p\276\3719\263\013\343"
  37      85E0EE4C 
  37      8CBB70BE 
  37      F939B30B 
  37      E3
  38 0048 41C8E7D8 		.ascii	"A\310\347\330\240\307\001/\370\354P\007r\370\303t\371"
  38      A0C7012F 
  38      F8EC5007 
  38      72F8C374 
  38      F9
  39 0059 3199AD7C 		.ascii	"1\231\255|\363\320\021\201N\251v\015\344\340/ $\015"
  39      F3D01181 
  39      4EA9760D 
  39      E4E02F20 
  39      240D
  40 006b 49C7A488 		.ascii	"I\307\244\210\344\312\374Tn\014TwT7yQ\016\224\303\215"
  40      E4CAFC54 
  40      6E0C5477 
  40      54377951 
  40      0E94C38D 
  41 007f BDE9C319 		.ascii	"\275\351\303\031a\351q\213A\357E\311h\035\365K\320\314"
  41      61E9718B 
  41      41EF45C9 
  41      681DF54B 
  41      D0CC
  42 0091 056143D6 		.ascii	"\005aC\326\306\222F\320~^\213$\360o\335i\302\362m_\373"
  42      C69246D0 
  42      7E5E8B24 
  42      F06FDD69 
  42      C2F26D5F 
  43 00a6 91CD90A8 		.ascii	"\221\315\220\250C\336f=\370\253\030\221\267\226\237"
  43      43DE663D 
  43      F8AB1891 
  43      B7969F
  44 00b5 5BACEA14 		.ascii	"[\254\352\024W\011\351\337\310lP\365s\250\212%\002~"
ARM GAS  C:\cygwin\tmp\ccWLiNJj.s 			page 3


  44      5709E9DF 
  44      C86C50F5 
  44      73A88A25 
  44      027E
  45 00c7 EAC6758D 		.ascii	"\352\306u\215\203\225\202\226\366\221\214i\020R\021"
  45      83958296 
  45      F6918C69 
  45      105211
  46 00d6 5AA3DD7C 		.ascii	"Z\243\335|q\277-\025/\262\363\202PO\210l)\034.^{\220"
  46      71BF2D15 
  46      2FB2F382 
  46      504F886C 
  46      291C2E5E 
  47 00ec F109715E 		.ascii	"\361\011q^\263\254\002m3\332e\324\327\311\253\353\341"
  47      B3AC026D 
  47      33DA65D4 
  47      D7C9ABEB 
  47      E1
  48 00fd C1DD4DF5 		.ascii	"\301\335M\365\357\305/y%N\030"
  48      EFC52F79 
  48      254E18
  49              		.text
  50              		.section	.gnu.lto_.pureconst.2d2711a6,"",%progbits
  51 0000 789C6361 		.ascii	"x\234ca`d`g```f\220d\224db\005\000\001\217\000J"
  51      60646067 
  51      60606066 
  51      90649464 
  51      62050001 
  52              		.text
  53              		.section	.gnu.lto_render_char.2d2711a6,"",%progbits
  54 0000 789C9D58 		.ascii	"x\234\235X\011pUE\026\355\373\372\357K\366\005\024\025"
  54      09705545 
  54      16EDFBFA 
  54      EF4BF605 
  54      1415
  55 0012 058CAC01 		.ascii	"\005\214\254\001Q@\021E\024D\334\012DEt\204l,%[A\030"
  55      51401145 
  55      1444DC0A 
  55      44457484 
  55      6C2C255B 
  56 0028 619C2A3F 		.ascii	"a\234*?\371I\200Td@\034\010\014\210\353\010\012\003"
  56      F9498054 
  56      64401C08 
  56      0C88EB08 
  56      0A03
  57 003a 21062409 		.ascii	"!\006$\011\360\331\022\204\030&\010F\024dqD\020\020"
  57      F0D91284 
  57      18260846 
  57      14647144 
  57      1010
  58 004c 88480604 		.ascii	"\210H\006\0042\367\336\356\237\274\377\375V\341\244"
  58      32F7DEEE 
  58      9FBCFFFD 
  58      56E1A4
  59 005b EA75BAEF 		.ascii	"\352u\272\357\273\347\334\245o\337\367\376\263\010\020"
  59      BBE7DCA5 
  59      6FDFF7FE 
ARM GAS  C:\cygwin\tmp\ccWLiNJj.s 			page 4


  59      B30810
  60 006a F4373059 		.ascii	"\36470Y\2109\370\2777.\241\205\000cn\215\0203\034\206"
  60      8839F8BF 
  60      372EA185 
  60      00636E8D 
  60      10331C86 
  61 007e 2167A508 		.ascii	"!g\245\010\237\313B\243G\202U\211-\301\211\025\342\325"
  61      9FCB42A3 
  61      47825589 
  61      2DC18915 
  61      E2D5
  62 0090 C4061E35 		.ascii	"\304\006\0365\261\033\216\267{!\302}.\021\021\016\303"
  62      B11B8EB7 
  62      7B21C27D 
  62      2E11110E 
  62      C3
  63 00a1 C97837E3 		.ascii	"\311x7\343\235\206k_\022\255*z\342\312\005n\005q+\354"
  63      9D866B5F 
  63      12AD2A7A 
  63      E2CA056E 
  63      05712BEC 
  64 00b5 1687C7B0 		.ascii	"\026\207\307\260\027V\011T\360\346\332Q\301kD18\206"
  64      17560954 
  64      F0E6DA51 
  64      C16B4431 
  64      3886
  65 00c7 C1514634 		.ascii	"\301QF4\203c\030\034\0151\012\034c\304\262R\034+\305"
  65      8363181C 
  65      0D310A1C 
  65      63C4B252 
  65      1C2BC5
  66 00da 429C12C7 		.ascii	"B\234\022\307)\307\2668\342\015\233\342L`\316\004#\261"
  66      29C7B638 
  66      E20D9BE2 
  66      4C60CE04 
  66      23B1
  67 00ec E2665C25 		.ascii	"\342f\\%\355K\305U\"$+\365\244\340$\031\200&>\007\210"
  67      ED4BC555 
  67      22242BF5 
  67      A4E02419 
  67      80263E07 
  68 0101 D70C69B1 		.ascii	"\327\014i\261\332\354\016\247\313\355\361FE\307\304"
  68      DAEC0EA7 
  68      CBEDF146 
  68      45C7C4
  69 0110 C6C52724 		.ascii	"\306\305'$&%\303k2^@\300\002\215*s\036\363\342\027\343"
  69      2625C36B 
  69      325E40C0 
  69      028D2A73 
  69      1EF3E217 
  70 0125 AA01BB1B 		.ascii	"\252\001\273\033v\026\272\332\177\350\363\345\370\216"
  70      7616BADA 
  70      7FE8F3E5 
  70      F88E
  71 0133 EC5898B0 		.ascii	"\354X\230\260py\000\362\244\020\215\206\200\356\255"
  71      707900F2 
  71      A4108D86 
ARM GAS  C:\cygwin\tmp\ccWLiNJj.s 			page 5


  71      80EEAD
  72 0142 A06B2BD4 		.ascii	"\240k+\324\203\017\241=j\326\346\256Y\"/\030y\022\300"
  72      830FA13D 
  72      6AD6E6AE 
  72      59222F18 
  72      7912C0
  73 0155 82CBF39F 		.ascii	"\202\313\363\237/\376.\212\226\006\264\306\345\376O"
  73      2FFE2E8A 
  73      9606B4C6 
  73      E5FE4F
  74 0164 7655826C 		.ascii	"vU\202l\017\002\347\313\276\376\300\347I\371\2008}\363"
  74      0F02E7CB 
  74      BEFEC0E7 
  74      49F98038 
  74      7DF3
  75 0176 2B3DBEB9 		.ascii	"+=\276\271H)\341#\220\304\272\002Z\301rh%P$\340cHA\375"
  75      4829E123 
  75      90C4BA02 
  75      5AC17268 
  75      255024E0 
  76 018e 1D8D0D81 		.ascii	"\035\215\015\201h\305L.\355=W\275\324\255\230cpy\346"
  76      68C54C2E 
  76      ED3D57BD 
  76      D4AD9863 
  76      7079E6
  77 01a1 70DDBB56 		.ascii	"p\335\273V\331\221\231s\256T\357\005b\366\371\002\233"
  77      D9919973 
  77      AE54EF05 
  77      62F6F902 
  77      9B
  78 01b2 8B8D225F 		.ascii	"\213\215\"_\000\325,\360/E\275\012\251W2\265E\300j\246"
  78      00D52CF0 
  78      2F45BD0A 
  78      A95732B5 
  78      45C06AA6 
  79 01c6 3EBEAC78 		.ascii	">\276\254x\255Uva\360\3119o\324Y\025\330W\233\346\263"
  79      AD557661 
  79      F0C9396F 
  79      D45915D8 
  79      579BE6B3 
  80 01da 12724D04 		.ascii	"\022rM\004d1#\375'+7xd7F\276Q\262i\275W\007\364+#\255"
  80      643123FD 
  80      272B3778 
  80      643746BE 
  80      51B269BD 
  81 01f4 B0361C69 		.ascii	"\2606\034i\025P\302\310S\037}\275/J\366dd\341\242\362"
  81      1550C2C8 
  81      531F7DBD 
  81      2F4AF664 
  81      64E1A2F2 
  82 0208 05A09081 		.ascii	"\005\240\220\201\332w\344\"_\300\222'm\360Ix.l\002J"
  82      DA77E422 
  82      5FC09227 
  82      6DF04978 
  82      2E6C024A 
  83 021c 197C68E9 		.ascii	"\031|h\351\331\237-\262\257\212\266\344\352\334 \370"
  83      D99F2DB2 
ARM GAS  C:\cygwin\tmp\ccWLiNJj.s 			page 6


  83      AF8AB6E4 
  83      EADC20F8 
  84 022c 8B158602 		.ascii	"\213\025\206\002\333a]8\330.`=\244\020\342\350\311\306"
  84      DB615D38 
  84      D82E603D 
  84      A410E2E8 
  84      C9C6
  85 023e C36E3980 		.ascii	"\303n9\200\321g\266\346\354\360\266{\217\321\207\213"
  85      D167B6E6 
  85      ECF0B67B 
  85      8FD1878B 
  86 024e 61A12F30 		.ascii	"a\241/0\243u\236t\300\247\012\036\334]A\272\233j?\231"
  86      A3759E74 
  86      C0A70A1E 
  86      DC5D41BA 
  86      9B6A3F99 
  87 0262 ED924F31 		.ascii	"\355\222O1n~Y\345U\233\302\371J_\364\371\373\022\250"
  87      6E7E59E5 
  87      559BC2F9 
  87      4A5FF4F9 
  87      FB12A8
  88 0275 2C02A8F1 		.ascii	",\002\250\361\237kf;\3440\006m\275xd\236E\033;t4hL@"
  88      9F6B663B 
  88      E430066D 
  88      BD78649E 
  88      451B3B74 
  89 028d 4504DC85 		.ascii	"E\004\334\205\262u\015\036\371'\306\235>5k[\2246\266"
  89      B2750D1E 
  89      F927C69D 
  89      3E356B5B 
  89      9436B6
  90 02a0 5F1913B0 		.ascii	"_\031\023\260)\002\250p\306\212#R\2463h\311\274U[=\032"
  90      2902A870 
  90      C68A2352 
  90      A63368C9 
  90      BC555B3D 
  91 02b5 541E0405 		.ascii	"T\036\004\005\"\200\346\315>\276\307.G1h\361\266\023"
  91      2280E6CD 
  91      3EBEC72E 
  91      473168F1 
  91      B613
  92 02c7 0B9DDAC3 		.ascii	"\013\235\332\303o\3164{\2705\002n\347\207\365\005 '"
  92      6FCE347B 
  92      B835026E 
  92      E787F505 
  92      2027
  93 02d9 326EF3A5 		.ascii	"2n\363\245Ym\265\255\272\240\255\355\0210\025\005\273"
  93      596DB5AD 
  93      BAA0ADED 
  93      11301505 
  93      BB
  94 02ea AF38E49F 		.ascii	"\2578\344\237\0313g\307\334x\215\251\015b*#`\026\227"
  94      193367C7 
  94      DC788DA9 
  94      0D622A23 
  94      601697
  95 02fd CDCC71C9 		.ascii	"\315\314q\311i\214\361\177ZW\036\035\036\324\316\010"
ARM GAS  C:\cygwin\tmp\ccWLiNJj.s 			page 7


  95      698CF17F 
  95      5A571E1D 
  95      1ED4CE08 
  96 030d A033056F 		.ascii	"\2403\005o\235\366\312\277\250\275*\312?\253\367*p\240"
  96      9DF6CABF 
  96      A8BD2ACA 
  96      3FABF72A 
  96      70A0
  97 031f B439A85D 		.ascii	"\2649\250]\021p\307w-8$\345\014`\340G\0159\363!\334"
  97      1170C777 
  97      2D3824E5 
  97      0C60E047 
  97      0D39F321 
  98 0334 5A750454 		.ascii	"Zu\004Tu`\366j\227\234\245P\327\366\236<g\325\346\352"
  98      7560F66A 
  98      979CA550 
  98      D7F69E3C 
  98      67D5E6EA 
  99 0348 CE001664 		.ascii	"\316\000\026d.\232sBMhEj\350\307\027\253p\373\013\024"
  99      2E9A7342 
  99      4D68456A 
  99      E8C717AB 
  99      70FB0B14 
 100 035c B4F6AD37 		.ascii	"\264\366\2557\013\203\341\035\310\364\315\356K\270\177"
 100      0B83E11D 
 100      C8F4CDEE 
 100      4BB87F
 101 036b 47C41D2B 		.ascii	"G\304\035+\276\366w\257-\227\216ik\250\205v\260\007"
 101      BEF677AF 
 101      2D978E69 
 101      6BA88576 
 101      B007
 102 037d AFCFF1DA 		.ascii	"\257\317\361\332\215\327gxU\341\265\003\257mxm\301k"
 102      8DD76778 
 102      55E1B503 
 102      AF6D786D 
 102      C16B
 103 038f 335E1BF1 		.ascii	"3^\033\361*\307k\003\264\243\346\205]k/\330\260\317"
 103      2AC76B03 
 103      B4A3E685 
 103      5D6B2FD8 
 103      B0CF
 104 03a1 79FE28C3 		.ascii	"y\376(\303\352!\001_c\243\337\027\330o\375 z,\010\302"
 104      EA21015F 
 104      63A3DF17 
 104      D86FFD20 
 104      7A2C08C2 
 105 03b5 A38FC880 		.ascii	"\243\217\310\200\031B\274\205G<\354\310\203\247\026"
 105      1942BC85 
 105      473CECC8 
 105      83A716
 106 03c4 99F0F821 		.ascii	"\231\360\370!\217C\020\223\223G\227 F7\217\330r\221"
 106      8F431093 
 106      93479720 
 106      46378FD8 
 106      7291
 107 03d6 D5CB633C 		.ascii	"\325\313c<P\307K\300#\353J\304\301\231\204\203\033\273"
ARM GAS  C:\cygwin\tmp\ccWLiNJj.s 			page 8


 107      50C74BC0 
 107      23EB4AC4 
 107      C1998483 
 107      1BBB
 108 03e8 38F68D16 		.ascii	"8\366\215\0264mI\303\015t\373F\232\321\331v\337\204"
 108      346D49C3 
 108      0D74FB46 
 108      9AD1D976 
 108      DF84
 109 03fa 03DCCC6E 		.ascii	"\003\334\314n\334B\230\3268xn\305\301{\033\015mh\331"
 109      DC4298D6 
 109      38786EC5 
 109      C17B1B0D 
 109      6D68D9
 110 040d 1687A876 		.ascii	"\026\207\250v\244};\201Shv\007\015\355\011\334\201\301"
 110      A47D3B81 
 110      53687607 
 110      0DED09DC 
 110      81C1
 111 041f 1D69DA89 		.ascii	"\035i\332\211\206\316\004\351B\220T\322\356JC7\216\341"
 111      86CE04E9 
 111      429054D2 
 111      EE4A4337 
 111      8EE1
 112 0431 4E4159EA 		.ascii	"NAY\352.(7w\221\370n\034\242{\000\265\304\2364\355E"
 112      2E283777 
 112      91F86E1C 
 112      A27B00B5 
 112      C49E34ED 
 113 0446 C33D74E7 		.ascii	"\303=t\347^\232\365\006j\263\367\321\264\017\015\367"
 113      5E9AF506 
 113      6AB3F7D1 
 113      B40F0DF7 
 114 0456 93CD0768 		.ascii	"\223\315\007h\350+(\237\017\222\271~\234\274\207\010"
 114      E82B289F 
 114      0F92B97E 
 114      9CBC8708 
 115 0466 F4300DFD 		.ascii	"\3640\015\3759\025\003H\377\021\032\006\322\360(\015"
 115      39150348 
 115      FF111A06 
 115      D2F0280D 
 116 0476 83708879 		.ascii	"\203p\210y\214f\217\323\360\004-\237\004j\214O\001u"
 116      8C668FD3 
 116      F0042D9F 
 116      046A8C4F 
 116      0175
 117 0488 B8C19CFA 		.ascii	"\270\301\234\372!\234\372\247\211z(S?C\312\317\322\360"
 117      219CFAA7 
 117      897A2853 
 117      3F43CACF 
 117      D2F0
 118 049a 1C0DC368 		.ascii	"\034\015\303hx\236\260\303i\366\002\015/\322\362%\336"
 118      789EB0C3 
 118      69F6020D 
 118      2FD2F225 
 118      DE
 119 04ab 9B11BC2B 		.ascii	"\233\021\274+#y\347\322P\034\233NC\006\016\"\223\362"
ARM GAS  C:\cygwin\tmp\ccWLiNJj.s 			page 9


 119      2379E7D2 
 119      501C9B4E 
 119      43060E22 
 119      93F2
 120 04bd 9B45C4A3 		.ascii	"\233E\304\243h6\232dch\020\342\034\226\324\001!\316"
 120      68369A64 
 120      636810E2 
 120      1C96D401 
 120      21CE
 121 04cf 1B06FE93 		.ascii	"\033\006\376\223\307!\247\354|\305\015Tb~\231\200%\273"
 121      C721A7EC 
 121      7CC50D54 
 121      627E9980 
 121      25BB
 122 04e1 206FEB1E 		.ascii	" o\353\036;=\262$\027{C\325\256Y\236e\260\024\237{q"
 122      3B3DB224 
 122      177B43D5 
 122      AE599E65 
 122      B0149F7B 
 123 04f6 7E190F5F 		.ascii	"~\031\017_Pq\243\374\255\242O\177\216J]\345\213A\213"
 123      5071A3FC 
 123      ADA24F7F 
 123      8E4A5DE5 
 123      8B418B
 124 0509 B00F96C1 		.ascii	"\260\017\226\3015\252T\001\373!U\034\205\334o\374\351"
 124      35AA5401 
 124      FB21551C 
 124      85DC6FFC 
 124      E9
 125 051a CD94AB4F 		.ascii	"\315\224\253Oo\270\344%J\027\326\340\227\372t\2347\244"
 125      6FB8E425 
 125      4A17D6E0 
 125      97FA749C 
 125      37A4
 126 052c E8ACCC6F 		.ascii	"\350\254\314ol\257t\023\257\317^<\324\261=z\364\303"
 126      6CAF7413 
 126      AFCF5E3C 
 126      D4B13D7A 
 126      F4C3
 127 053e 57680F49 		.ascii	"Wh\017I\352gV[\025I\022\332d\211]\255[\370e2\256\375"
 127      EA67565B 
 127      154912DA 
 127      64895DAD 
 127      5BF86532 
 128 0554 8B6D6ADD 		.ascii	"\213mj\335\222UZ\220J\331;=\224\354\206\353\015\364"
 128      92555A90 
 128      4AD93B3D 
 128      94EC86EB 
 128      0DF4
 129 0566 001BE633 		.ascii	"\000\033\3463\371u\223aM|#\362\230\015\265b[7*\245\013"
 129      F9759361 
 129      4D7C23F2 
 129      980DB562 
 129      5B372AA5 
 130 057b 52096F42 		.ascii	"R\011oB9)-\311\277\000Jr3\306\215rq\014\014>\347X\337"
 130      39292DC9 
 130      BF004A72 
ARM GAS  C:\cygwin\tmp\ccWLiNJj.s 			page 10


 130      33C68D72 
 130      710C0C3E 
 131 0592 28C4654E 		.ascii	"(\304eN\340\322\012\326\241r\246\240(g\026\235\263\342"
 131      E0D20AD6 
 131      A172A6A0 
 131      2867169D 
 131      B3E2
 132 05a4 EDF374BC 		.ascii	"\355\363t\274\267\\o\322\276iN\332A\345{\331\321\266"
 132      B75C6FD2 
 132      BE694EDA 
 132      41E57BD9 
 132      D1B6
 133 05b6 8AA3F5F5 		.ascii	"\212\243\365\365q$\300!\346\240*\202o\203\361o\327\361"
 133      7124C021 
 133      E6A02A82 
 133      6F83F16F 
 133      D7F1
 134 05c8 DE1A96E8 		.ascii	"\336\032\226\350\333Pd~#\362b\200\207AE\257U\332\240"
 134      DB50647E 
 134      23F26280 
 134      874145AF 
 134      55DAA0
 135 05db 6954249E 		.ascii	"iT$\236\313.%jk.\301\204\360\022\304L\265\201#\344\031"
 135      CB2E256A 
 135      6B2EC184 
 135      F012C44C 
 135      B58123E4 
 136 05f0 1C4557B4 		.ascii	"\034EW\264\003z\2471ImUX}\224\340\366\353\335\326c\315"
 136      037AA731 
 136      496D5558 
 136      7D94E0F6 
 136      EBDDD663 
 137 0605 DBFA5D53 		.ascii	"\333\372]SX\2325\005y\314a\335\301\206RB\267\265=\312"
 137      589A3505 
 137      79CC61DD 
 137      C1865242 
 137      B7B53DCA 
 138 0619 43B7B503 		.ascii	"C\267\265\003\356\014\312C\267\265\003\351,\310\257"
 138      EE0CCA43 
 138      B7B503E9 
 138      2CC8AF
 139 0628 292AD25A 		.ascii	")*\322Z\0351G\364\2042\361wB)\277\206\231\362\324\231"
 139      1D3147F4 
 139      8432F177 
 139      4229BF86 
 139      99F2D499 
 140 063c F3D4C99C 		.ascii	"\363\324\311\234\247.\277ILg\235\230\3774%f\237\241"
 140      A72EBF49 
 140      4C679D98 
 140      FF342566 
 140      9FA1
 141 064e 745351DD 		.ascii	"tSQ\335|$\272\252D\371\2134}7V\351\332\344+\327[7\256"
 141      7C24BAAA 
 141      44F98B34 
 141      7D3756E9 
 141      DAE42BD7 
 142 0665 372BF508 		.ascii	"7+\365\010\254\305\030\241\244v\241\026\034\016\233"
ARM GAS  C:\cygwin\tmp\ccWLiNJj.s 			page 11


 142      ACC518A1 
 142      A476A116 
 142      1C0E9B
 143 0674 292BAEDC 		.ascii	")+\256\334\242\263p\247\311\247\031\364\314\243\376"
 143      A2B370A7 
 143      C9A719F4 
 143      CCA3FE
 144 0683 F9FB59FF 		.ascii	"\371\373Y\377\2769\353\3071\353H\354\273\207\355\177"
 144      BE39EBC7 
 144      31EB48EC 
 144      BB87ED7F 
 145 0693 4EE47732 		.ascii	"N\344w2ym\245\316T\367?\306\375\003s[\210\373D\010\367"
 145      796DA5CE 
 145      54F73FC6 
 145      FD03735B 
 145      88FB4408 
 146 06a8 0EE2EECE 		.ascii	"\016\342\356\316\334\363\2524\367]\327[''\231\325J\254"
 146      DCF3AA34 
 146      F75DD75B 
 146      272799D5 
 146      4AAC
 147 06ba 3F36D589 		.ascii	"?6\325\211&\271\033y\314I\356\351\227=x\273u\222{\261"
 147      26B91B79 
 147      CC49EEE9 
 147      973D78BB 
 147      75927BB1 
 148 06ce 4ACFA624 		.ascii	"J\317\246$\253W\363\037N\225\217{u:\276\253\243\002"
 148      AB57F31F 
 148      4E958F7B 
 148      753ABEAB 
 148      A302
 149 06e0 89059C82 		.ascii	"\211\005\234\202W\331\273\363U\301\264\336s\275\356"
 149      57D9BBF3 
 149      55C1B4DE 
 149      73BDEE
 150 06ef 9D66F76C 		.ascii	"\235f\367l\344\336\231p\367\356E\036\263{\367\371eo"
 150      E4DE9970 
 150      F7EE451E 
 150      B37BF7F9 
 150      656F
 151 0701 B37B7D58 		.ascii	"\263{}X\345\276&\367V\207\273\327G\271\367\023\272G"
 151      E5BE26F7 
 151      5687BBD7 
 151      47B9F713 
 151      BA47
 152 0713 BDA9B8D2 		.ascii	"\275\251\270\322\303z\370\0302\237X\374Y\013g\3217R"
 152      C37AF818 
 152      329F58FC 
 152      590B67D1 
 152      3752
 153 0725 29C9F7B2 		.ascii	")\311\367\262\012\275\221\004e\353\363\243XV\245e\242"
 153      0ABD9104 
 153      65EBF3A3 
 153      5856A565 
 153      A2
 154 0736 1E00DB9D 		.ascii	"\036\000\333\235\254\330c\307\343a\311\355V\0178I\220"
 154      ACD863C7 
ARM GAS  C:\cygwin\tmp\ccWLiNJj.s 			page 12


 154      E361C9ED 
 154      560F3849 
 154      90
 155 0747 D57B5C58 		.ascii	"\325{\\X\202\2267\273a\015\332D\256]r0?-zVy{\277_:\311"
 155      829637BB 
 155      610DDA44 
 155      AE5D7230 
 155      3F2D7A56 
 156 0761 FB73DAFB 		.ascii	"\373s\332\373\007\240#\266\333\373\365\241\324!\367"
 156      07A023B6 
 156      DBFBF5A1 
 156      D421F7
 157 0770 4579533C 		.ascii	"EyS<\033i\337\373\262\017\233\363\023YT\036\352:\376"
 157      1B69DFFB 
 157      B20F9BF3 
 157      1359541E 
 157      EA3AFE
 158 0783 F48473DA 		.ascii	"\364\204s\332\315\332\374\004V\331\255\335d\336\232"
 158      CDDAFC04 
 158      56D9ADDD 
 158      64DE9A
 159 0792 C54315F1 		.ascii	"\305C\025\361\203~\351V\247\375\2406\325\017\017\003"
 159      837EE956 
 159      A7FDA036 
 159      D50F0F03 
 160 07a2 CA9BACED 		.ascii	"\312\233\254\355!k\375\230j\277\246\372,\0301Fd\027"
 160      216BFD98 
 160      6ABFA6FA 
 160      2C183146 
 160      6417
 161 07b4 F8DB9842 		.ascii	"\370\333\230B\272\\p|\361$E\361\220\331\027gx\343\213"
 161      BA5C707C 
 161      F12445F1 
 161      90D91767 
 161      78E38B
 162 07c7 F5E34FC8 		.ascii	"\365\343O\310\363|\276\353\325"
 162      F37CBEEB 
 162      D5
 163 07d0 F9F65FC9 		.ascii	"\371\366_\311?\250\013\344a\216\365!\022\256\233yA\037"
 163      3FA80BE4 
 163      618EF521 
 163      12AE9B79 
 163      411F
 164 07e2 FAFE28E7 		.ascii	"\372\376(\347\207m\320\247\015\344S\177\365p^\377\372"
 164      876DD0A7 
 164      0DE4537F 
 164      F5705EFF 
 164      FA
 165 07f3 1D4ACB4B 		.ascii	"\035J\313K\"\3658v\210\242\356\222\357n~\275\223\276"
 165      22F53876 
 165      88A2EE92 
 165      EF6E7EBD 
 165      93BE
 166 0805 CB0951B7 		.ascii	"\313\011Q\267\235\242\272\245\272}Y\007m1=\313]b\235"
 166      9DA2BAA5 
 166      BA7D5907 
 166      6D313DCB 
ARM GAS  C:\cygwin\tmp\ccWLiNJj.s 			page 13


 166      5D629D
 167 0818 DEA39A7F 		.ascii	"\336\243\232\177\014W\267\007\370\361w\244\251\302\036"
 167      0C57B707 
 167      F8F177A4 
 167      A9C21E
 168 0827 E1221B60 		.ascii	"\341\"\033`.\302\201HbnD\217\262\326@\263\312 \224\232"
 168      2EC28148 
 168      626E448F 
 168      B2D640B3 
 168      CA20949A 
 169 083b D78FF9F1 		.ascii	"\327\217\371\361\007\246\211\365q>Y\217\231U\236@\251"
 169      07A689F5 
 169      713E598F 
 169      99559E40 
 169      A9
 170 084c 38012DB8 		.ascii	"8\001-\270`\375\362I\301,(\245\337\372_\370\267\357"
 170      60FDF249 
 170      C12C28A5 
 170      DFFA5FF8 
 170      B7EF
 171 085e 91AA521B 		.ascii	"\221\252R\033\001~\006,\233\247\362d\022\007\341\346"
 171      017E062C 
 171      9BA7F264 
 171      1207E1E6 
 172 086e 6D510DAE 		.ascii	"mQ\015\256\234\262\345\321\335n7-\244j\336\225Kt\015"
 172      9CB2E5D1 
 172      DD6E372D 
 172      A46ADE95 
 172      4B740D
 173 0881 0E461112 		.ascii	"\016F\021\022\226\316\254.v)B\200\013\246|3h\260\002"
 173      96CEAC2E 
 173      76294280 
 173      0BA67C33 
 173      68B002
 174 0894 7DB938D8 		.ascii	"}\2718\330\361\207`VB\324>#\265!\272a\353g\372\323\252"
 174      F1876056 
 174      42D43E23 
 174      B521BA61 
 174      EB67FAD3 
 175 08a9 FD35F5FF 		.ascii	"\3755\365\377\241\270\373(\015-\257\241tx$Fe\007*,\347"
 175      A1B8FB28 
 175      0D2DAFA1 
 175      74782446 
 175      65072A2C 
 176 08be C1F54778 		.ascii	"\301\365Gx\342\340\023\350\302\233\036\334A;\326e\177"
 176      E2E013E8 
 176      C29B1EDC 
 176      413BD665 
 176      7F
 177 08cf 67F5FA13 		.ascii	"g\365\372\023\364\337\201\251\350\357\242P=bnMH\250"
 177      F4DF81A9 
 177      E8EFA250 
 177      3D626E4D 
 177      48A8
 178 08e1 5E1D2ABB 		.ascii	"^\035*\273c5\307m\321\0136jP\375\324\370?~\275\245\362"
 178      6335C76D 
 178      D10B366A 
ARM GAS  C:\cygwin\tmp\ccWLiNJj.s 			page 14


 178      50FDD4F8 
 178      3F7EBDA5 
 179 08f6 CC4A8F04 		.ascii	"\314J\217\004A\236\240\203\375lKJ\307\241c\356\225\245"
 179      419EA083 
 179      FD6C4B4A 
 179      C7A163EE 
 179      95A5
 180 0908 278C7AB0 		.ascii	"'\214z\260\220\037\266\302\322\267\321\364`w\341\206"
 180      901FB6C2 
 180      D2B7D1F4 
 180      6077E186 
 181 0918 9558BA56 		.ascii	"\225X\272V\226\255d\331\020\367Ng=p\215\331\256\224"
 181      96AD64D9 
 181      10F74E67 
 181      3D708DD9 
 181      AE94
 182 092a 2C4789C7 		.ascii	",G\211\307\015\350\233\227\316;W\332\3529\255~[\210"
 182      0DE89B97 
 182      CE3B57DA 
 182      EA39AD7E 
 182      5B88
 183 093c 5162AB54 		.ascii	"Qb\253T\267\313\"\024b\264\310\001\335,\226\334\253"
 183      B7CB2214 
 183      62B4C801 
 183      DD2C96DC 
 183      AB
 184 094d 6E3F1356 		.ascii	"n?\023V\210\317r!>c.\231\347\302\012q\030k=gVy\036\245"
 184      88CF7221 
 184      3E632E99 
 184      E7C20A71 
 184      186B3D67 
 185 0965 E6F5F0B0 		.ascii	"\346\365\360\260B|\201\013q\270Y\345E\224\206\025\342"
 185      427C810B 
 185      71B859E5 
 185      45948615 
 185      E2
 186 0976 F32CB584 		.ascii	"\363,\265\204\025^\214\352pT]K{)\354K\330\341B\352d"
 186      155E8CEA 
 186      70545D4B 
 186      7B29EC4B 
 186      D8E142EA 
 187 098b 0BA5FF25 		.ascii	"\013\245\377%J\377W\376\357\243\264\022}\202(\310k\220"
 187      4AFF57FE 
 187      EFA3B412 
 187      7D8228C8 
 187      6B90
 188 099d EAE5DA0E 		.ascii	"\352\345\332\016\2774\345!\226\262\304\035\267*!\210"
 188      BF34E521 
 188      96B2C41D 
 188      B72A2188 
 189 09ad D7AD0CCD 		.ascii	"\327\255\014\315\034\273I\021\214\300N\026be3Y\031\301"
 189      1CBB4911 
 189      8CC04E16 
 189      62653359 
 189      19C1
 190 09bf 0C71E494 		.ascii	"\014q\344\224\332z\226\272t\035\260#\016\305\363\355"
 190      DA7A96BA 
ARM GAS  C:\cygwin\tmp\ccWLiNJj.s 			page 15


 190      741DB023 
 190      0EC5F3ED 
 191 09cf A2BF2AA2 		.ascii	"\242\277*\242\221\230\215\020\242*\322\032I\205\341"
 191      91988D10 
 191      A22AD21A 
 191      4985E1
 192 09de 403F630A 		.ascii	"@?c\012\313'\221\365\330\212\362\367\261\012\260\267"
 192      CB2791F5 
 192      D88AF2F7 
 192      B10AB0B7 
 193 09ee BB6370BF 		.ascii	"\273cp\277G\304n\357\215\226\342\305\241\020Kn\263%"
 193      47C46EEF 
 193      8D96E2C5 
 193      A1104B6E 
 193      B325
 194 0a00 A75E30A1 		.ascii	"\247^0\241M\225\337\331B}P\350\305@\225\237\215\350"
 194      4D95DFD9 
 194      427D50E8 
 194      C540959F 
 194      8DE8
 195 0a12 AD3BF13C 		.ascii	"\255;\361<\214\214;a\257\007'\257\013K2\321\32784\351"
 195      8C8C3B61 
 195      AF0727AF 
 195      0B4B32D1 
 195      D73834E9 
 196 0a26 E6F59292 		.ascii	"\346\365\222\2221\030H\034UY\202\376\365sy\020nK\032"
 196      3118481C 
 196      555982FE 
 196      F5737910 
 196      6E4B1A
 197 0a39 2672CB91 		.ascii	"&r\313\221\265\347\371[]2\177\024\\w\365\302\034\251"
 197      B5E7F95B 
 197      5D327F14 
 197      5C77F5C2 
 197      1CA9
 198 0a4b 5F3662B8 		.ascii	"_6b\270\001\307\303En\300\015\324\200\371)1\223\367"
 198      01C7C345 
 198      6EC00DD4 
 198      80F92931 
 198      93F7
 199 0a5d 0195EBDE 		.ascii	"\001\225\353\336\3354?\252\303r\376\230W;h\321\333\016"
 199      DD343FAA 
 199      C372FE98 
 199      573B68D1 
 199      DB0E
 200 0a6f FA24A8FE 		.ascii	"\372$\250\376\340\277\200\357\202\361\"h*\035\325\013"
 200      E0BF80EF 
 200      82F12268 
 200      2A1DD50B 
 201 0a7f 2ED7CD71 		.ascii	".\327\315q(S\016\372\240\260\361\335\005\321a\246.\261"
 201      28530EFA 
 201      A0B0F1DD 
 201      05D161A6 
 201      2EB1
 202 0a91 A9CB61A6 		.ascii	"\251\313a\246\202d\301,\207.\221\352\360\221\025\263"
 202      8264C12C 
 202      872E91EA 
ARM GAS  C:\cygwin\tmp\ccWLiNJj.s 			page 16


 202      F09115B3 
 203 0aa1 ECFAB3C6 		.ascii	"\354\372\263\306\306w\240\310\027\310i\035\341\023\037"
 203      C677A0C8 
 203      17C8691D 
 203      E1131F
 204 0ab0 3BF62B65 		.ascii	";\366+e4Y\245\027\241+\327\274_\246\277_\005\336\314"
 204      3459A517 
 204      A12BD7BC 
 204      5FA6BF5F 
 204      05DECC
 205 0ac3 E2CF1ABF 		.ascii	"\342\317\032\277\371\322\311\270+XIh8\022\320\267\326"
 205      F9D2C9B8 
 205      2B584968 
 205      3812D0B7 
 205      D6
 206 0ad4 E703FA90 		.ascii	"\347\003\372\220\022\031y\365\377F^\323H>\367%[!\364"
 206      121979F5 
 206      FF465ED3 
 206      483EF725 
 206      5B21F4
 207 0ae7 DB8AEFBD 		.ascii	"\333\212\357\275\277\265b\267\310\000\251bh\374\325"
 207      BFB562B7 
 207      C800A962 
 207      68FCD5
 208 0af6 A4D180F0 		.ascii	"\244\321\200\360\3170\324\367\361\025\011|\006\026O"
 208      CF30D4F7 
 208      F115097C 
 208      06164F
 209 0b05 BAA97324 		.ascii	"\272\251s$\2126\352\014^\314\265\252\273\031X\030\250"
 209      8A36EA0C 
 209      5ECCB5AA 
 209      BB195818 
 209      A8
 210 0b16 C3779344 		.ascii	"\303w\223D\017\365\303kU{u3\223>tm;P\314\373\330\002"
 210      0FF5C36B 
 210      557B7533 
 210      933E746D 
 210      3B50CCFB 
 211 0b2c 3CB85CBA 		.ascii	"<\270\\\272\2516\255y\033\343i\033g\030\264\2159F\360"
 211      A936AD79 
 211      1BE3691B 
 211      6718B48D 
 211      3946F0
 212 0b3f 95FC8A54 		.ascii	"\225\374\212T\350,\375c\011;<\257G!!J\271J\012\266\033"
 212      E82CFD63 
 212      093B3CAF 
 212      4721214A 
 212      B94A0AB6 
 213 0b54 4A38DAFC 		.ascii	"J8\332\374J\020\037\362J\320\\*\243\300\3176r\311\006"
 213      4A101FF2 
 213      4AD05C2A 
 213      A3C0CF36 
 213      72C906
 214 0b67 799AAC5F 		.ascii	"y\232\254_\331\233j\206\222!~\004\375^0\206\217\013"
 214      D99B6A86 
 214      92217E04 
 214      FD5E3086 
ARM GAS  C:\cygwin\tmp\ccWLiNJj.s 			page 17


 214      8F0B
 215 0b79 1E838CC4 		.ascii	"\036\203\214\304\323\263\361 \216Nz\337-\316a\236\016"
 215      D3B3F120 
 215      8E4E7ADF 
 215      2DCE619E 
 215      0E
 216 0b8a 087C15BF 		.ascii	"\010|\025\277\275K\227\324\251\217\014\030\226:erF\352"
 216      BD4B97D4 
 216      A98F0C18 
 216      963A6572 
 216      46EA
 217 0b9c E8CCB153 		.ascii	"\350\314\261S&\245\216\317\230:j\342\204\354\324\361"
 217      26A58ECF 
 217      983A6AE2 
 217      84ECD4F1 
 218 0bac A346A4BF 		.ascii	"\243F\244\277B\263.\031\002&\033\323\272\032\323\273"
 218      42B32E19 
 218      02261BD3 
 218      BA1AD3BB 
 219 0bbc 5AC74EC8 		.ascii	"Z\307N\310\314\232\346\310H\0337.=-\343e\353\224\354"
 219      CC9AE6C8 
 219      481B372E 
 219      3D2DE365 
 219      EB94EC
 220 0bcf B4EC2CC7 		.ascii	"\264\354,\307\204\254W\324d\342\270L\236X\306\247My"
 220      84AC57D4 
 220      64E2B84C 
 220      9E58C6A7 
 220      4D79
 221 0be1 D9923E3D 		.ascii	"\331\222>=;K\246\217\315vL\230:~D\306\304qSlc\262\306"
 221      3B4BA68F 
 221      CD764C98 
 221      3A7E44C6 
 221      C471536C 
 222 0bf8 8E1E930D 		.ascii	"\216\036\223\015\323a\232m\362\324\011\343\262&\330"
 222      D3619A6D 
 222      F2D409E3 
 222      B226D8
 223 0c07 A6644F1E 		.ascii	"\246dO\036\233\231\005\223,\231i\331i\377\003@\263E"
 223      9B990593 
 223      2C9969D9 
 223      69FF0340 
 223      B345
 224 0c19 B8       		.ascii	"\270"
 225              		.text
 226              		.section	.gnu.lto_mf_bwfont_render_character.2d2711a6,"",%progbits
 227 0000 789C9556 		.ascii	"x\234\225V[P\024W\020\275=wfg\366\301\356\252\210\250"
 227      5B501457 
 227      10BD3D77 
 227      6667F6C1 
 227      EEAA88A8 
 228 0014 6BE20FA1 		.ascii	"k\342\017\241\264*`*\371\360#\261\362\245)\253\362\223"
 228      B42A602A 
 228      F9F023B1 
 228      F2A529AB 
 228      F293
 229 0026 FC245F06 		.ascii	"\374$_\006\021\215\345#\026b\305|12\300\242e\024I$`"
ARM GAS  C:\cygwin\tmp\ccWLiNJj.s 			page 18


 229      118DE523 
 229      1662C57C 
 229      3132C0A2 
 229      65144924 
 230 003b E1BB8C8A 		.ascii	"\341\273\214\212O\320(\210\217\005\037K\000Q\024C\324"
 230      4FD02888 
 230      8F051F4B 
 230      00511443 
 230      D4
 231 004c 18500B0A 		.ascii	"\030P\013\012\023M\0045\004A7\335\367\316\362\222\244"
 231      134D0435 
 231      044137DD 
 231      F7CEF292 
 231      A4
 232 005d 2A53C5EC 		.ascii	"*S\305\354tO\237\323\247o\367\275\214\312\200\321\345"
 232      744F9FD3 
 232      A76FF7BD 
 232      8CCA80D1 
 232      E5
 233 006e 7431B604 		.ascii	"t1\266\004\1777\341\037\270\031(\371\215\214\2551\024"
 233      7F37E11F 
 233      B81928F9 
 233      8D8CAD31 
 233      14
 234 007f D0E50357 		.ascii	"\320\345\003W\324\274Df\272\034t\367\250\212V\303\311"
 234      D4BC4466 
 234      BA1C74F7 
 234      A88A56C3 
 234      C9
 235 0090 6AAC6368 		.ascii	"j\254chj`\310(\207\014\2576t\205\213W.\203\342<\206"
 235      6A60C828 
 235      870CAF36 
 235      74858B57 
 235      2E83E23C 
 236 00a5 E27AEA47 		.ascii	"\342z\352G\313Y\362\036ZNp\311p\027\000=\230\006\260"
 236      CB59F21E 
 236      5A4E70C9 
 236      7017003D 
 236      9806B0
 237 00b8 4C85AB9A 		.ascii	"L\205\253\232C7\234.\310Tt\006!\025\"x\371\204\270g"
 237      43379C2E 
 237      C8547406 
 237      21152278 
 237      F984B867 
 238 00cc CA0B05EA 		.ascii	"\312\013\005\352{j\327\273\246\3555\315,\263\255\375"
 238      7B6AD7BB 
 238      A6ED35CD 
 238      2CB3ADFD 
 239 00dc F9075D59 		.ascii	"\371\007]Y9\3619\234\261\210\302\340\355\000\314\010"
 239      39F1399C 
 239      B188C2E0 
 239      ED00CC08 
 240 00ec 90F0BD30 		.ascii	"\220\360\2750\015#\233\262\217\226\360\247J\016\007"
 240      0D239BB2 
 240      8F96F0A7 
 240      4A0E07
 241 00fb 50D1ECBA 		.ascii	"P\321\354\272\274\345\276\227L\005\246\242\331\261n"
ARM GAS  C:\cygwin\tmp\ccWLiNJj.s 			page 19


 241      BCE5BE97 
 241      4C05A6A2 
 241      D9B16E
 242 010a 7F97874F 		.ascii	"\177\227\207O\003\206\317\275;\3164\370\022\367\020"
 242      0386CFBD 
 242      3BCE34F8 
 242      12F710
 243 0119 A7D99B66 		.ascii	"\247\331\233f:s8\207R\340\304\271\037\002\260\017\002"
 243      3A733887 
 243      52E0C4B9 
 243      1F02B00F 
 243      02
 244 012a 0C5D0C0E 		.ascii	"\014]\014\016@\"F_\214\364\204|\222\227\004]{\334\260"
 244      4022465F 
 244      8CF4847C 
 244      9297045D 
 244      7BDCB0
 245 013d D52D79FD 		.ascii	"\325-y\375h>jm\331\245\361$\301\233\325\337p\015\210"
 245      683E6A6D 
 245      D9A5F124 
 245      C19BD5DF 
 245      700D88
 246 0150 D7344337 		.ascii	"\3274C7\203IEf\010\303T8,\251\017!\365AA\25528\"\250"
 246      83494566 
 246      08C35438 
 246      2CA90F21 
 246      F54141AD 
 247 0168 3BB69795 		.ascii	";\266\227\225k\374-\001~\260\241\240E\223`\263+\305"
 247      6BFC2D01 
 247      7EB0A1A0 
 247      459360B3 
 247      2BC5
 248 017a D4087974 		.ascii	"\324\010yt\024d\231@\326\225V\026\032\374\035\201l/"
 248      14649940 
 248      D6955616 
 248      1AFC1D81 
 248      6C2F
 249 018c 6BDCC465 		.ascii	"k\334\304e9\241\333a;\255\006\345#\301\032\203c\002"
 249      39A1DB61 
 249      3BAD06E5 
 249      23C11A83 
 249      6302
 250 019e FC7BE9AD 		.ascii	"\374{\351\255f/\237%\300\353\213\253\012\301\006\337"
 250      662F9F25 
 250      C0EB8BAB 
 250      0AC106DF 
 251 01ae 09BE5B6C 		.ascii	"\011\276[l\206\324\034\356\200\343#\227\303\301\340"
 251      86D41CEE 
 251      80E32397 
 251      C3C1E0
 252 01bd 0701BEB3 		.ascii	"\007\001\276\263\365\317'*\237#\013>\366\"?\012n\015"
 252      F5CF272A 
 252      9F230B3E 
 252      F6223F0A 
 252      6E0D
 253 01cf BE29C13A 		.ascii	"\276)\301:\234\030\011\306\316\236\204DBX\017.Uz\370"
 253      9C1809C6 
ARM GAS  C:\cygwin\tmp\ccWLiNJj.s 			page 20


 253      CE9E8444 
 253      42580F2E 
 253      557AF8
 254 01e2 8702DDDA 		.ascii	"\207\002\335\332\266?OO\330-\320=A\037\352\316\232J"
 254      B63F4F4F 
 254      D82DD03D 
 254      411FEACE 
 254      9A4A
 255 01f4 C22B860B 		.ascii	"\302+\206\013\247\013\2437\3274ls\360\217\005\362@\376"
 255      A70BA337 
 255      D7346C73 
 255      F08F05F2 
 255      40FE
 256 0206 B6D33E1B 		.ascii	"\266\323>\033\371L\344\315F\244\001\247\206'\266\221"
 256      F94CE4CD 
 256      46A401A7 
 256      8627B691 
 257 0216 BDBF5EC8 		.ascii	"\275\277^\310\327\371\247\002\271\316\372\272D\265\221"
 257      D7F9A702 
 257      B9CEFABA 
 257      44B591
 258 0225 4FC2AFDB 		.ascii	"O\302\257\333H'\234\036\025y\257\354\345\346\030G6\265"
 258      48279C1E 
 258      1579AFEC 
 258      E5E61847 
 258      36B5
 259 0237 642A9C81 		.ascii	"d*\234\201\004\250\302\277JH\240\361\303\271;\013\016"
 259      04A8C2BF 
 259      4A48A0F1 
 259      C3B93B0B 
 259      0E
 260 0248 DC462A79 		.ascii	"\334F*y0xO\375\371\263^\376\231H\323l\036\217\200\235"
 260      30784FFD 
 260      F9B35EFE 
 260      9948D36C 
 260      1E8F809D 
 261 025c E6C66A3B 		.ascii	"\346\306j;\213\013\316\275\232\005B\002\334r\265\247"
 261      8B0BCEBD 
 261      9A054202 
 261      DC72B5A7 
 262 026c DE2301E6 		.ascii	"\336#\001\346\365\005\346\332\367)\274b\224\360j\021"
 262      F505E6DA 
 262      F729BC62 
 262      94F06A11 
 263 027c 3E74015A 		.ascii	">t\001Z:\225\377Z\000\250\201\204#\037\205\314H\304"
 263      3A95FF5A 
 263      00A88184 
 263      231F85CC 
 263      48C4
 264 028e 32435D7A 		.ascii	"2C]z\365\267\256\327\000[\302p\234q\2765\240\231p\000"
 264      F5B7AED7 
 264      005BC270 
 264      9C71BE35 
 264      A0997000 
 265 02a2 0DA40E34 		.ascii	"\015\244\0164\\\006P\243\235@\035sS\240\207Q\2011\370"
 265      5C0650A3 
 265      9D401D73 
ARM GAS  C:\cygwin\tmp\ccWLiNJj.s 			page 21


 265      53A08751 
 265      8131F8
 266 02b5 E8F6E2CD 		.ascii	"\350\366\342\315\360\011\315~|t\215\021\354c\361\321"
 266      F009CD7E 
 266      7C748D11 
 266      EC63F1D1 
 267 02c5 330E6F31 		.ascii	"3\016o1\261\3644\236nqB\351\004r\306S\344DA2I@'\223"
 267      B1F4349E 
 267      6E7142E9 
 267      0472C653 
 267      E4444132 
 268 02dd 83C6C298 		.ascii	"\203\306\302\230\002b5\331c\\\316b\215u)\012\376\360"
 268      026235D9 
 268      635CCE62 
 268      8D75290A 
 268      FEF0
 269 02ef 7B9045BD 		.ascii	"{\220E\275\021\313\213\213n\341V\354\200\254\347s\231"
 269      11CB8B8B 
 269      6EE156EC 
 269      80ACE773 
 269      99
 270 0300 C563A89D 		.ascii	"\305c\250\235\333\233N\252\264\001\2750\005\315\374"
 270      DB9B4EAA 
 270      B401BD30 
 270      05CDFC
 271 030f FECEABB0 		.ascii	"\376\316\253\260\035\266\256\301&\371Q#\206\303y\252"
 271      1DB6AEC1 
 271      26F95123 
 271      86C379AA 
 272 031f 1D2EA09B 		.ascii	"\035.\240\233\021Y_8\206\310h\231w\235\375\306;}\237"
 272      11595F38 
 272      86C86899 
 272      779DFDC6 
 272      3B7D9F
 273 0332 D8A14D73 		.ascii	"\330\241Ms\213w\030\330{&/\270\010\323)\325\020\300"
 273      8B7718D8 
 273      7B262FB8 
 273      08D329D5 
 273      10C0
 274 0344 A04BB1F1 		.ascii	"\240K\261\361\365\255\005\337G\307\247%\354\031\030"
 274      F5AD05DF 
 274      47C7A725 
 274      EC1918
 275 0353 D9F25747 		.ascii	"\331\362WG\026.\221tm\204\200\334\346C\2751|\276\030"
 275      162E9174 
 275      6D8480DC 
 275      E643BD31 
 275      7CBE18
 276 0366 92BEE6EA 		.ascii	"\222\276\346\352*e\220\314n\242\017\302\2434\261V\264"
 276      2A6590CC 
 276      6EA20FC2 
 276      A334B156 
 276      B4
 277 0377 3D276F43 		.ascii	"='oC\201;\363\205\220\337\027\366R0\256\037Q3\370\021"
 277      813BF385 
 277      90DF17F6 
 277      5230AE1F 
ARM GAS  C:\cygwin\tmp\ccWLiNJj.s 			page 22


 277      5133F811 
 278 038b 3229979F 		.ascii	"2)\227\237\230\273\262\327\007\015\233\371\334Se`\312"
 278      98BBB2D7 
 278      070D9BF9 
 278      DC536560 
 278      CA
 279 039c 4B4761AE 		.ascii	"KGa\256C\002\254s4\254Yn\232\360\357\310z\033\311\260"
 279      4302AC73 
 279      34AC596E 
 279      9AF0EFC8 
 279      7A1BC9B0 
 280 03b0 719CE1C1 		.ascii	"q\234\341\301\317\261M\247\312\276K\032\276s\314\236"
 280      CFB14DA7 
 280      CABE4B1A 
 280      BE73CC9E 
 281 03c0 8D934516 		.ascii	"\215\223E\026\212\307:ha\304\336\211(\360\312&\303\361"
 281      8AC73A68 
 281      61C4DE89 
 281      28F0CA26 
 281      C3F1
 282 03d2 A0C1A1B1 		.ascii	"\240\301\241\261b\320\200u1\270\014\016\213{10\370\300"
 282      62D08075 
 282      31B80C0E 
 282      8B7B3130 
 282      F8C0
 283 03e4 3C231AEF 		.ascii	"<#\032\357\027'z\321\356G\035\356\301\306\217\241\306"
 283      17277AD1 
 283      EE471DEE 
 283      C1C68FA1 
 283      C6
 284 03f5 378AC65F 		.ascii	"7\212\306_\241\306w\200\265%\367\257r\247\304\373-\356"
 284      A1C67780 
 284      B525F7AF 
 284      72A7C4FB 
 284      2DEE
 285 0407 43CC1FD9 		.ascii	"C\314\037\331\355m\342\360vA<\\\305`\214*\311\355\007"
 285      ED6DE2F0 
 285      76413C5C 
 285      C5608C2A 
 285      C9ED07
 286 041a 1984145E 		.ascii	"\031\204\024^\014\025\375F\007\211@'\015_w\360e\271"
 286      0C15FD46 
 286      07894027 
 286      0D5F77F0 
 286      65B9
 287 042c 2E83C652 		.ascii	".\203\306RS\251\320\235\011\3221\016y\013sj\256\350"
 287      53A9D09D 
 287      09D2310E 
 287      790B736A 
 287      AEE8
 288 043e C46B8892 		.ascii	"\304k\210\222z\302uy\236Ai\010\031\003M$\015\337m+\252"
 288      7AC27579 
 288      9E416908 
 288      19034D24 
 288      0DDF6D2B 
 289 0453 78E24D3E 		.ascii	"x\342M>D\376qp\015\225\276\304\341\027\245\302uH\226"
 289      44FE7170 
ARM GAS  C:\cygwin\tmp\ccWLiNJj.s 			page 23


 289      0D95BEC4 
 289      E117A5C2 
 289      754896
 290 0466 C97EE192 		.ascii	"\311~\341\222:\026\331Ib\221C\332\343E\372X\031\024"
 290      3A16D949 
 290      629143DA 
 290      E345FA58 
 290      1914
 291 0478 551D87FE 		.ascii	"U\035\207\376\001\311\325$9\216\335\205\354\233\326"
 291      01C9D524 
 291      398EDD85 
 291      EC9BD6
 292 0487 FDBB7684 		.ascii	"\375\273v\204F4L\364Ie{\023D\233v\316\222\357&\374\037"
 292      46344CF4 
 292      49657B13 
 292      449B76CE 
 292      92EF26FC 
 293 049c B9CD422E 		.ascii	"\271\315B.\330roD\345>\264\345\305#\035\245n\264\272"
 293      D8726F44 
 293      E53EB4E5 
 293      C5231DA5 
 293      6EB4BA
 294 04af 95016DF1 		.ascii	"\225\001m\361vf\215\265\000\247Zf\343>\236h\213\242"
 294      76668DB5 
 294      00A75A66 
 294      E33E9E68 
 294      8BA2
 295 04c1 CDF1AC4D 		.ascii	"\315\361\254M\310\244I\306\027\"\326\301zji\232\254"
 295      C8A449C6 
 295      1722D6C1 
 295      7A6A699A 
 295      AC
 296 04d2 C2DC8E7B 		.ascii	"\302\334\216{nI5Iv\360\370\205p\256!;\010\360\023\212"
 296      6E493549 
 296      76F0F885 
 296      70AE213B 
 296      08F0138A 
 297 04e6 8C561E22 		.ascii	"\214V\036\"\370$\001\327\031~_p1\320\322\355\263\227"
 297      F82401D7 
 297      197E5F70 
 297      31D0D2ED 
 297      B397
 298 04f8 D5563519 		.ascii	"\325V5\031\017\022\2513N:|\350#\225\335@)\216<\254\354"
 298      0F12A933 
 298      4E3A7CE8 
 298      2395DD40 
 298      298E3CAC 
 299 050d 8D912918 		.ascii	"\215\221)\030\264@@\251\345\310\354\350t#\265a\037P"
 299      B44040A9 
 299      E5C8ECE8 
 299      7423B561 
 299      1F50
 300 051f 7E26F57A 		.ascii	"~&\365z\206\235\0274\331\321\323\202F}\320\010\0155"
 300      869D1734 
 300      D9D1D382 
 300      467DD008 
 300      0D35
ARM GAS  C:\cygwin\tmp\ccWLiNJj.s 			page 24


 301 0531 AA871A35 		.ascii	"\252\207\0325C\215*2P\331-\253oc<y,\036\220\255 q\001"
 301      438D2A32 
 301      50D92DAB 
 301      6F633C79 
 301      2C1E90AD 
 302 0548 6C8C763A 		.ascii	"l\214v:\350&\217\336\037\324\273\301\203+\246\035\014"
 302      E8268FDE 
 302      1FD4BBC1 
 302      832BA61D 
 302      0C
 303 0559 E2D44ED1 		.ascii	"\342\324N\321\001\3459\331Z\225wB\261Y\261\013\233/"
 303      01E539D9 
 303      5A957742 
 303      B159B10B 
 303      9B2F
 304 056b F06EACA8 		.ascii	"\360n\254\250\262\362\341m\035\317\215<\321\337\330"
 304      B2F2E16D 
 304      1DCF8D3C 
 304      D1DFD8
 305 057a 884223F7 		.ascii	"\210B#\3673\036\030Hoq\014\322\261\022\213\033\026\307"
 305      331E1848 
 305      6F710CD2 
 305      B1128B1B 
 305      16C7
 306 058c 6FA1F162 		.ascii	"o\241\361b\015]\321B\355\203\353\357HM\273c\340\344"
 306      0D5DD142 
 306      ED83EBEF 
 306      484DBB63 
 306      E0E4
 307 059e 2CA29353 		.ascii	",\242\223S\213\236\2347a:F\024\267\205\012\264\231'"
 307      8B9E9C37 
 307      613A4614 
 307      B7850AB4 
 307      9927
 308 05b0 CC3C109F 		.ascii	"\314<\020\237\032\267`&\213\342\305)\205Q\3547Z9\213"
 308      1AB76026 
 308      8BE2C529 
 308      8551EC37 
 308      5A398B
 309 05c3 83280786 		.ascii	"\203(\007\206n\034\374 \205\333\0200\372\317\355\000"
 309      6E1CFC20 
 309      85DB1030 
 309      FACFED00 
 310 05d3 14ED2C69 		.ascii	"\024\355,iZ\201\377\026\000U\240\3267\222\222\222W\315"
 310      5A81FF16 
 310      0055A0D6 
 310      37929292 
 310      57CD
 311 05e5 99FD49F2 		.ascii	"\231\375I\362\312\364\324\344E\013\026\257\\\221\274"
 311      CAF4D4E4 
 311      450B16AF 
 311      5C91BC
 312 05f4 2C75D5C2 		.ascii	",u\325\302/\226g$/[8o\376\227\364\224\224\312T\372U"
 312      2F966724 
 312      2F5B386F 
 312      FE97F494 
 312      94CA54FA 
ARM GAS  C:\cygwin\tmp\ccWLiNJj.s 			page 25


 313 0609 56CF50BE 		.ascii	"V\317P\276\232\341L\375<%=%5#-\335HMY\272t~J\352\022"
 313      9AE14CFD 
 313      3C253D25 
 313      35232DDD 
 313      484D59BA 
 314 0622 6D65464A 		.ascii	"meFJF\232\266x\371\202\264\325Zz\312\362Ei\016\211\204"
 314      469AB678 
 314      F982B4D5 
 314      5A7ACAF2 
 314      45690E89 
 315 0637 C54EE19C 		.ascii	"\305N\341\234\227\236\226\361\0175\007V\020"
 315      979E96F1 
 315      0F350756 
 315      10
 316              		.text
 317              		.section	.gnu.lto_mf_bwfont_character_width.2d2711a6,"",%progbits
 318 0000 789C9557 		.ascii	"x\234\225WYP\024W\024}\267_\367t\317\364,\240((\343"
 318      59501457 
 318      147DB75F 
 318      F774CFF4 
 318      2CA02828 
 319 0015 F24328AC 		.ascii	"\362C(\254\012\244*?~Y\371H\231\212\251\374\344'\376"
 319      0AA42A3F 
 319      7E59F948 
 319      998AA9FC 
 319      E427FE
 320 0028 5904D1F8 		.ascii	"Y\004\321\370\241\261P+\376\331\322lR\3062F\015\030"
 320      A1B1502B 
 320      FED9D26C 
 320      52C63246 
 320      0D18
 321 003a 7137EE0B 		.ascii	"q7\356\013\210\002.8 .\031\024A0\304%\212ZR\2322\211"
 321      88022E38 
 321      202E1914 
 321      4130C425 
 321      8A5A529A 
 322 0050 E04234E8 		.ascii	"\340B4\350\344\336\367z\206\001\307T\331U\364\274w\373"
 322      E4DEF77A 
 322      8601C754 
 322      D955F4BC 
 322      77FB
 323 0062 9E73EF7B 		.ascii	"\236s\357{\347\276\333\215\312\200\321u\311dl&\376\036"
 323      E7BEDB8D 
 323      CA80D175 
 323      C9646C26 
 323      FE1E
 324 0074 C53FF033 		.ascii	"\305?\3603PV\2671\266\334P@\227\003\256\250e\231\314"
 324      5056B731 
 324      B6DC5040 
 324      9703AEA8 
 324      6599CC
 325 0087 F2B8E8EE 		.ascii	"\362\270\350\356U\025\255\231\323\254-\314p\252\201"
 325      5515AD99 
 325      D3AC2DCC 
 325      70AA81
 326 0096 21BD5CD2 		.ascii	"!\275\\\322\275\311\320\025.\036y\014\362\363\032\212"
 326      BDC9D015 
ARM GAS  C:\cygwin\tmp\ccWLiNJj.s 			page 26


 326      2E1E790C 
 326      F2F31A8A 
 327 00a6 EFB98E33 		.ascii	"\357\271\2163\367\206s\344\357V<\202\314\024d\036\360"
 327      F78673E4 
 327      EF563C82 
 327      CC14641E 
 327      F0
 328 00b7 4AB4191D 		.ascii	"J\264\031\035x\301'\007>\000\032X\006\260e\012W5\227"
 328      78C12707 
 328      3E001A58 
 328      06B0650A 
 328      573597
 329 00ca 6EB83DA6 		.ascii	"n\270=\246\327\007\313\024\235AH\205\010^\001\261\200"
 329      D707CB14 
 329      9D414885 
 329      085E01B1 
 329      80
 330 00db 67CA2B05 		.ascii	"g\312+\005Z\007.\254\364d\355\262\254B\253\247x\373"
 330      5A072EAC 
 330      F464EDB2 
 330      AC42ABA7 
 330      78FB
 331 00ed A77D85C5 		.ascii	"\247}\205\305i\305\234\261\210\302\340\303 |\020\244"
 331      69C59CB1 
 331      88C2E0C3 
 331      207C10A4 
 332 00fd C5ED822C 		.ascii	"\305\355\202,\364\354(:\274\221?U\2129\200\212\323\276"
 332      F4EC283A 
 332      BC913F55 
 332      8A39808A 
 332      D3BE
 333 010f 4B1BEEF9 		.ascii	"K\033\356\371i\252\300d\234\366\226\357\351\363\362"
 333      69AAC064 
 333      9CF696EF 
 333      E9F3F2
 334 011e 2C60387E 		.ascii	",`8~\261\345\324\305@\346N\342\264\006\362-w1\347\260"
 334      B1E5D4C5 
 334      40E64EE2 
 334      B406F22D 
 334      7731E7B0 
 335 0132 173871EE 		.ascii	"\0278q\356\201 \354\206 C\023\203}\220\211\336g#\003"
 335      8120EC86 
 335      20431383 
 335      7D9089DE 
 335      672303
 336 0145 A180E4A5 		.ascii	"\241\200\344\245\204\256<\276XeJ\336$\234\206\3676\254"
 336      84AE3CBE 
 336      58654ADE 
 336      249C86F7 
 336      36AC
 337 0157 3778B6E0 		.ascii	"7x\266\340\275_\335\366=\227\274\241\237\312\263+\254"
 337      BD5FDDF6 
 337      3D97BCA1 
 337      9FCAB32B 
 337      AC
 338 0168 10BAA970 		.ascii	"\020\272\251pPR\037@\352\375\202Zep\0102\011a?<\327"
 338      50521F40 
ARM GAS  C:\cygwin\tmp\ccWLiNJj.s 			page 27


 338      EAFD825A 
 338      65700832 
 338      09613F3C 
 339 017d E0E55305 		.ascii	"\340\345S\005\372v\317\2362=c\273@\037)\017 \272p2\301"
 339      FA76CF9E 
 339      323D63BB 
 339      401F290F 
 339      20BA7032 
 340 0192 0F0F87D3 		.ascii	"\017\017\207\323\205\336\353\232/nr\361i\002\271o\365"
 340      85DEEB9A 
 340      2F6E72F1 
 340      6902B96F 
 340      F5
 341 01a3 A6930107 		.ascii	"\246\223\001\007Y]\376~\245\025*B\244\0065\303\327\344"
 341      595DFE7E 
 341      A5152A42 
 341      A40635C3 
 341      D7E4
 342 01b5 205FDC6A 		.ascii	" _\334jY\255\363\217\005\262\334\376n\243\352 7\207"
 342      59ADF38F 
 342      05B2DCFE 
 342      6EA3EA20 
 342      3787
 343 01c7 27394817 		.ascii	"'9H\027\324&D\336\255~\275\316\347*\262\360\232\014"
 343      D42644DE 
 343      AD7EBDCE 
 343      E72AB2F0 
 343      9A0C
 344 01d9 4721038E 		.ascii	"G!\003\216\340_5d\220\032(\3031pa\345\251dA\347\235"
 344      E05F3564 
 344      901A28C3 
 344      317061E5 
 344      A96441E7 
 345 01ee AD671AFD 		.ascii	"\255g\032\375\3743\021\246\313\252\215\200\023\346\352"
 345      FC3311A6 
 345      CBAA8D80 
 345      13E6EA
 346 01fd 52278A0E 		.ascii	"R'\212\016uoF\201z\001\356n\037h\365J\200\3259\333Z"
 346      756F4681 
 346      7A01EE6E 
 346      1F68F54A 
 346      80D539DB 
 347 0212 F111B91F 		.ascii	"\361\021\271\037N\340\336 \334\3437\240\373\201\362"
 347      4EE0DE20 
 347      DCE337A0 
 347      FB81F2
 348 0221 7F1B00C7 		.ascii	"\177\033\000\307!\343\320\027!+\022\261\255P\225\247"
 348      21E3D017 
 348      212B12B1 
 348      AD5095A7 
 349 0231 A9DD3309 		.ascii	"\251\3353\011P\022\246\000\311\255\002)\243\241As1Z"
 349      5012A600 
 349      C9AD0229 
 349      A3A14173 
 349      315A
 350 0243 888E43C3 		.ascii	"\210\216C\303\240\233\233n\036\221\240\211C\335+\250"
 350      A09B9B6E 
ARM GAS  C:\cygwin\tmp\ccWLiNJj.s 			page 28


 350      1E91A089 
 350      43DD2BA8 
 351 0253 7C3874FB 		.ascii	"|8t\373\361\346\011\320(\211n\311\"\255Qd\034M\236)"
 351      F1E609D0 
 351      28896EC9 
 351      22AD5164 
 351      1C4D9E29 
 352 0267 82698C80 		.ascii	"\202i\214\200\216%C*\361\247Q\324qx3\307\343\015\322"
 352      8E25432A 
 352      F1A751D4 
 352      717833C7 
 352      E30DD2
 353 027a 6944C5C1 		.ascii	"iD\305\301&\320m\"\210\215e\217qg+5\326\247(\370\303"
 353      26D06D22 
 353      888D658F 
 353      71672B35 
 353      D6A728F8 
 354 028f EF4221C9 		.ascii	"\357B!\311$v\032\367\337\346\012\353\205\302\2273\230"
 354      24761AF7 
 354      DFE60AEB 
 354      85C29733 
 354      98
 355 02a0 CD755276 		.ascii	"\315uRvsG\235J\245\351\205\0118]=\370\240\0356C\325"
 355      73479D4A 
 355      A5E98509 
 355      385D3DF8 
 355      A01D3643 
 356 02b5 72D42B09 		.ascii	"r\324+\011\223Gw8A\333\000'\321\314\210\254.\354#2\332"
 356      93477738 
 356      41DB0027 
 356      D1CC88AC 
 356      2EEC2332 
 357 02ca F16D8D3F 		.ascii	"\361m\215?\370\247\354&mC\0353*\267\030X\006L^p\012"
 357      F8A7EC26 
 357      6D431D33 
 357      2AB71858 
 357      064C5E70 
 358 02df A650A838 		.ascii	"\246P\2508\300\220Iq\360\255\267\327\374\034\255\244"
 358      C0904971 
 358      F0ADB7D7 
 358      FC1CADA4 
 359 02ef CAB03756 		.ascii	"\312\2607V\275\007\337\254^h\244\324\325\021\011\224"
 359      BD07DFAC 
 359      5E68A4D4 
 359      D5110994 
 360 02ff 741D78E1 		.ascii	"t\035x\341\343\237\213z\371\267\253\351\2042D\346\350"
 360      E39F8B7A 
 360      F9B7ABE9 
 360      843244E6 
 360      E8
 361 0310 E983D309 		.ascii	"\351\203\323\011\364\014\211\012(.[\265\306\\\366J\244"
 361      F40C890A 
 361      282E5BB5 
 361      C65CF64A 
 361      A4
 362 0321 5F17F693 		.ascii	"_\027\366\2233\356\037Q3h\202e\024+\211\230\373\212"
 362      33EE1F51 
ARM GAS  C:\cygwin\tmp\ccWLiNJj.s 			page 29


 362      33688265 
 362      142B8998 
 362      FB8A
 363 0333 56961A0E 		.ascii	"V\226\032\016\363\351\247J\254\340\367&`nF\002\\g\""
 363      F3E9A74A 
 363      ACE0F726 
 363      606E4602 
 363      5C6722
 364 0346 AC556359 		.ascii	"\254UcY\360v\344\031\007\311P8\316\260mr\224\351x\365"
 364      F076E419 
 364      07C95038 
 364      CEB06D72 
 364      94E978F5 
 365 035a 8FD9C30F 		.ascii	"\217\331\303\017\221\365\367\332t\021\205\374q\035\264"
 365      91F5F7DA 
 365      741185FC 
 365      711DB4
 366 0369 31E21845 		.ascii	"1\342\030E\024x\343\274a\361PYQ\3211h\301u18\013.\233"
 366      1478E3BC 
 366      61F15059 
 366      51D13168 
 366      C1753138 
 367 0380 6BE858FA 		.ascii	"k\350X\372\320:%\204\367\213^W\261\375\317^sH\370\000"
 367      D03A2584 
 367      F78B5E57 
 367      B1FDCF5E 
 367      7348F800 
 368 0394 097F4E08 		.ascii	"\011\177N\010\177\236\204\357\005{C\311\363\032\267"
 368      7F9E84EF 
 368      057B43C9 
 368      F31AB7
 369 03a3 C49B36F7 		.ascii	"\304\2336\367 \346\257\242\373=\242\255\351\220\006"
 369      20E6AFA2 
 369      FB3DA2AD 
 369      E99006
 370 03b2 17D019BD 		.ascii	"\027\320\031\2756\226\014\202t\362b\034t\025z\243\201"
 370      36960C82 
 370      74F2621C 
 370      74157AA3 
 370      81
 371 03c3 92402315 		.ascii	"\222@#\025_\177\351\353\032]:\371HTZ\350\326\014i\360"
 371      5F7FE9EB 
 371      1A5D3AF9 
 371      48545AE8 
 371      D60C69F0 
 372 03d7 23EFFAE2 		.ascii	"#\357\372\342\346\313:\361jbI\003\347\303e\336\241\324"
 372      E6CB3AF1 
 372      6A624903 
 372      E7C365DE 
 372      A1D4
 373 03e9 9290057E 		.ascii	"\222\220\005~\241\324\360\331\246\212\372'\376\234\003"
 373      A1D4F0D9 
 373      A68AFA27 
 373      FE9C03
 374 03f8 644F8630 		.ascii	"dO\2060f\372\032\213_,\025Z!G\006\273\311%5\256\311"
 374      66FA1A8B 
 374      5F2C155A 
ARM GAS  C:\cygwin\tmp\ccWLiNJj.s 			page 30


 374      214706BB 
 374      C92535AE 
 375 040d 4F2956B8 		.ascii	"O)V\270\344<I\204\017H\247h\326\311h\217\245\334@)'"
 375      E43C4984 
 375      0F48A768 
 375      D6C9688F 
 375      A5DC4029 
 376 0422 B33B5074 		.ascii	"\263;Pt\315\276w\307\361P\211\206\011\235T\266+C\310"
 376      CDBE77C7 
 376      F1508986 
 376      099D54B6 
 376      2B43C8
 377 0435 B4759A7C 		.ascii	"\264u\232|6\352]\322\275(\322\005'\335K\321t\0379\351"
 377      36EA5DD2 
 377      BD28D205 
 377      27DD4BD1 
 377      741F39E9 
 378 0449 8D463A0A 		.ascii	"\215F:\012\335f\367+\261\334F;\2215\326\015\234\326"
 378      DD66F72B 
 378      B1DC463B 
 378      9135D60D 
 378      9CD6
 379 045b 321DCF71 		.ascii	"2\035\317q\212\223\024\035\216g=\"M\252d| |]l\340\002"
 379      8A93141D 
 379      8E673D22 
 379      4DAA647C 
 379      207C5D6C 
 380 0471 5593BDBE 		.ascii	"U\223\275\276\244\367\256)\251\306H\005k[\316\227\030"
 380      A4F7AE29 
 380      A9C64805 
 380      6B5BCE97 
 380      18
 381 0482 52418036 		.ascii	"RA\2006L2\272\362z\202\217\021p\235\341\313\227\213"
 381      4C32BAF2 
 381      7A828F11 
 381      709DE1CB 
 381      978B
 382 0494 8296668F 		.ascii	"\202\226f\217\263\255NVc\261\221\310<\307J\203\007m"
 382      B3AD4E56 
 382      63B191C8 
 382      3CC74A83 
 382      076D
 383 04a6 94653F50 		.ascii	"\224e?P\210C\217\032^\370d\010\006\227!\250\\\340\310"
 383      88438F1A 
 383      5EF86408 
 383      069721A8 
 383      5CE0C8
 384 04b9 EC7A6022 		.ascii	"\354z`\"\265\3414\250$&\363u\015\353\027T\331\321nA"
 384      B5E134A8 
 384      2426F375 
 384      0DEB1754 
 384      D9D16E41 
 385 04cd A53E34A9 		.ascii	"\245>4\251\217\2374\304O\216\307O\216\320\0043\273n"
 385      8F9F34C4 
 385      4F8EC74F 
 385      8ED00433 
 385      BB6E
ARM GAS  C:\cygwin\tmp\ccWLiNJj.s 			page 31


 386 04df 3F599B46 		.ascii	"?Y\233F\026\233\247J)(\271T\024F;Yj\222E\037,\325\373"
 386      169BA74A 
 386      2928B954 
 386      14463B59 
 386      6A92451F 
 387 04f6 E9798AB6 		.ascii	"\351y\212\266\277\324o\363\211\230l\237\342fWU\036m"
 387      BFD46FF3 
 387      89986C9F 
 387      E2665755 
 387      1E6D
 388 0508 9606AEA5 		.ascii	"\226\006\256\245\251\247\246\317\224\315\222>\027\216"
 388      A9A7A6CF 
 388      94CD923E 
 388      178E
 389 0516 BD7ABA8A 		.ascii	"\275z\272\212\017k\226\251\320.\316L\207<3\022\351\246"
 389      0F6B96A9 
 389      D02ECE4C 
 389      873C3312 
 389      E9A6
 390 0528 97E6CBEE 		.ascii	"\227\346\313\356U\206D\022Q\307\251m\353\003#\220W\004"
 390      55864412 
 390      51C7A96D 
 390      EB032390 
 390      5704
 391 053a B233DA66 		.ascii	"\2623\332fO\227\373\235.\027\377\222\217o\223\011^\362"
 391      4F97FB9D 
 391      2E17FF92 
 391      8F6F9309 
 391      5EF2
 392 054c D015DB46 		.ascii	"\320\025\333F\321~\256\326\206\317\001\377R\034\243"
 392      D17EAED6 
 392      86CF01FF 
 392      521CA3
 393 055b FD87771C 		.ascii	"\375\207w\034\367;4\353\266B\354\205w5A3\372U\276Q\337"
 393      F73B34EB 
 393      B642EC85 
 393      77354133 
 393      FA55BE51 
 394 0570 ECEF5AB4 		.ascii	"\354\357Z\264\277w\3075\271wa\376\015\333\321[\260\261"
 394      BF77C735 
 394      B97761FE 
 394      0DDBD15B 
 394      B0B1
 395 0582 06991879 		.ascii	"\006\231\030y\315A\242\2407\354#\3150\242/F\326\006"
 395      CD41A2A0 
 395      37EC23CD 
 395      30A22F46 
 395      D606
 396 0594 296D1180 		.ascii	")m\021\200\\\273b}Q\031\331\027\031\\\027\275\360\006"
 396      5CBB627D 
 396      5119D917 
 396      195C17BD 
 396      F006
 397 05a6 29EE8EAF 		.ascii	")\356\216\257\321QX\2437\235\200}\212\207\355S\344\271"
 397      D15158A3 
 397      379D807D 
 397      8A87ED53 
ARM GAS  C:\cygwin\tmp\ccWLiNJj.s 			page 32


 397      E4B9
 398 05b8 795EA449 		.ascii	"y^\244I\3574\233\304r\213\307\246|\214M\372@\226|:\216"
 398      EF349BC4 
 398      728BC7A6 
 398      7C8C4DFA 
 398      40967C3A 
 399 05cd 3ECFCE5C 		.ascii	">\317\316\\\253\026J\217\006/N\253\032;r\207\204N!\241"
 399      AB164A8F 
 399      062F4EAB 
 399      1A3B7287 
 399      844E21A1 
 400 05e1 7F1742DF 		.ascii	"\177\027B\337rJ\004[\017\227\350\361\244\034\265P\227"
 400      724A045B 
 400      0F97E8F1 
 400      A41CB550 
 400      97
 401 05f2 9CA72321 		.ascii	"\234\247#!ZE\035\225\267(\322\030\214\357\217)\211\372"
 401      5A451D95 
 401      B728D218 
 401      8CEF8F29 
 401      89FA
 402 0604 23E6970E 		.ascii	"#\346\227\016\267E\214\036\212A\251z\251\222\343\252"
 402      B7458C1E 
 402      8A41A97A 
 402      A992E3AA 
 403 0614 4AEC0E1D 		.ascii	"J\354\016\035\202\011\270$\317\243\025xd\203\346\016"
 403      8209B824 
 403      CFA31578 
 403      6483E60E 
 404 0624 3A92BEE8 		.ascii	":\222\276\350\221t\212\357\237H\363}W\254\006*\250\006"
 404      91748AEF 
 404      9F48F37D 
 404      57AC062A 
 404      A806
 405 0636 D4680DDC 		.ascii	"\324h\015\334\201)\350Q\331\023Z\243M=f\225\201\370"
 405      8129E851 
 405      D9135AA3 
 405      4D3D6695 
 405      81F8
 406 0648 4ABD0B53 		.ascii	"J\275\013SY\024/\336\247\350\305\376 \265m\016\"&\304"
 406      59142FDE 
 406      A7E8C5FE 
 406      20B56D0E 
 406      2226C4
 407 065b 2F01FFF1 		.ascii	"/\001\377\361\200{\0204nvn\001\233O\360\016v.\304\017"
 407      807B1034 
 407      6E766E01 
 407      9B4FF00E 
 407      762EC40F 
 408 066f 18C02CB0 		.ascii	"\030\300,\260\221\277\227\235\235\263\344\223\3513s"
 408      91BF979D 
 408      9DB3E493 
 408      E93373
 409 067e 1615E4E5 		.ascii	"\026\025\344\345\314\235=o\321\302\234\371yK\346|\263"
 409      CC9D3D6F 
 409      D1C29CF9 
 409      794BE67C 
ARM GAS  C:\cygwin\tmp\ccWLiNJj.s 			page 33


 409      B3
 410 068f 6071CEFC 		.ascii	"`q\316\3749\263\276\372\226F\331yL\245_w\336\327\271"
 410      39B3BEFA 
 410      9646D979 
 410      4CA55F77 
 410      DED7B9
 411 06a2 05B9798B 		.ascii	"\005\271y\213\363\013\264y\013f\347/\325\012r\027\314"
 411      F30BB479 
 411      0B66E72F 
 411      D50A7217 
 411      CC
 412 06b3 CD774927 		.ascii	"\315wI'\230\347\026\306Y\005\371\213\241\340?\305t\332"
 412      98E716C6 
 412      5905F98B 
 412      A1E03FC5 
 412      74DA
 413 06c5 AE       		.ascii	"\256"
 414              		.text
 415              		.section	.gnu.lto_.symbol_nodes.2d2711a6,"",%progbits
 416 0000 789C6361 		.ascii	"x\234ca`d\010a\000\002\246+\214\365\014\014\023\316"
 416      60640861 
 416      0002A62B 
 416      8CF50C0C 
 416      13CE
 417 0012 313000A9 		.ascii	"10\000\251\235\015\013\033\230\201bW\031\353\031ab\273"
 417      9D0D0B1B 
 417      98816257 
 417      19EB1961 
 417      62BB
 418 0024 1A148122 		.ascii	"\032\024\201\"\327\030\353\231PDX\030\0306\277\272\360"
 418      D718EB99 
 418      50445818 
 418      1836BFBA 
 418      F0
 419 0035 2E12C498 		.ascii	".\022\304\230\374\353\301;V\006fF\006\206E\327\316\313"
 419      FCEBC13B 
 419      56066646 
 419      068645D7 
 419      CECB
 420 0047 300000EB 		.ascii	"0\000\000\353r\030\217"
 420      72188F
 421              		.text
 422              		.section	.gnu.lto_.refs.2d2711a6,"",%progbits
 423 0000 789C6361 		.ascii	"x\234ca`\004B \000\000\0009\000\007"
 423      60044220 
 423      00000039 
 423      0007
 424              		.text
 425              		.section	.gnu.lto_.decls.2d2711a6,"",%progbits
 426 0000 789CA558 		.ascii	"x\234\245X{P\224\327\025\377\356w\027\330]\026p4\265"
 426      7B5094D7 
 426      15FFEE77 
 426      17D85D16 
 426      7034B5
 427 0013 A4C34C9D 		.ascii	"\244\303L\235\014\303\360O$\326I&}\267i\233\314\364"
 427      0CC3F04F 
 427      24D64926 
ARM GAS  C:\cygwin\tmp\ccWLiNJj.s 			page 34


 427      7DB7699B 
 427      CCF4
 428 0025 8FB67FD4 		.ascii	"\217\266\177\3244\177\230nVX\036SX,\273$\362G\333\217"
 428      347F986E 
 428      56581E53 
 428      582CBB24 
 428      F247DB8F 
 429 0039 87209828 		.ascii	"\207 \230(\230(\017\321 \210B\344\015\212\310\303U\001"
 429      98280FD1 
 429      208842E4 
 429      0D8AC8C3 
 429      5501
 430 004b 9587020A 		.ascii	"\225\207\002\012\202\010\322\210\304g\004DEP\351\271"
 430      8208D288 
 430      C4670444 
 430      4550E9B9 
 431 005b 8FFD1EB0 		.ascii	"\217\375\036\260\304v\272\303\331\275\347~\277{\316"
 431      C476BAC3 
 431      D9BDE77E 
 431      BF7BCE
 432 006a B9E79EC7 		.ascii	"\271\347\236\307\375\320\011H \237\272\325\2020-\012"
 432      FDD00948 
 432      209FBAD5 
 432      82302D0A 
 433 007a C20CB00B 		.ascii	"\302\014\260\013\360\321\301\334\373@0%T\002\005\010"
 433      F0D1C1DC 
 433      FB403025 
 433      54020508 
 434 008a EC8381E6 		.ascii	"\354\203\201\346\201\326\001n=\022\226|\310\263W\371"
 434      81D6016E 
 434      3D12967C 
 434      C8B357F9 
 435 009a 9A9540AF 		.ascii	"\232\225@\257\000\315\002\235\002\352\001:\013\264\001"
 435      00CD029D 
 435      02EA013A 
 435      0BB401
 436 00a9 E84D587B 		.ascii	"\350MX{\215\313\375\023\320 \320\037\201\202\200~\012"
 436      8DCBFD13 
 436      D020D01F 
 436      8182807E 
 436      0A
 437 00ba CFFCE177 		.ascii	"\317\374\341w\030\350\011\320\317\200\3779\320\025\030"
 437      18E809D0 
 437      CF80FF39 
 437      D01518
 438 00c9 B702FD02 		.ascii	"\267\002\375\002\306\277\004\362\202\361\267@\323@\217"
 438      C6BF04F2 
 438      82F1B740 
 438      D3408F
 439 00d8 81EE034D 		.ascii	"\201\356\003M\002M\001\335\345\266\023{~\353\306Nb\377"
 439      024D01DD 
 439      E5B6137B 
 439      7EEBC64E 
 439      62FF
 440 00ea EA4576AE 		.ascii	"\352Ev\256AK\355$\266\377\0311\333\206\271\255A\334"
 440      414BED24 
 440      B6FF1931 
ARM GAS  C:\cygwin\tmp\ccWLiNJj.s 			page 35


 440      DB86B9AD 
 440      41DC
 441 00fc 860D407F 		.ascii	"\206\015@\177\001z\0371;\211}\037\300x\216\353~\000"
 441      017A1F31 
 441      3B897D1F 
 441      C0788EEB 
 441      7E00
 442 010e F490FB8C 		.ascii	"\364\220\373\214\350\373+b\366,\376\020?~\317\215-="
 442      E8FB2B62 
 442      F62CFE10 
 442      3F7ECF8D 
 442      2D3D
 443 0120 DFA1FFDA 		.ascii	"\337\241\377\332w\330@|J\374C\374\266\330\216\365\334"
 443      77D8407C 
 443      4AFC43FC 
 443      B6D88EF5 
 443      DC
 444 0131 0E773E79 		.ascii	"\016w>y.\242\312\255\343\245\372\031\021\005\030\321"
 444      2EA2CAAD 
 444      E3A5FA19 
 444      110518D1 
 445 0141 0222FCBD 		.ascii	"\002\"\374\275\206\247>\214'\217\257?-ywm\231\004\237"
 445      86A73E8C 
 445      278FAF3F 
 445      2D79776D 
 445      99049F
 446 0154 4C491245 		.ascii	"LI\022Ee]\235\363a\271\016{\023\220\330[;\324f@\301"
 446      655D9DF3 
 446      61B90E7B 
 446      1390D85B 
 446      3BD46640 
 447 0169 C6430437 		.ascii	"\306C\00476<\363\353dIB\250\014\031\321W\010\243R\264"
 447      363CF3EB 
 447      644942A8 
 447      0C19D157 
 447      08A352B4 
 448 017d 16968040 		.ascii	"\026\226\200@\370\336&II\322d\241\344\351/\240\365\001"
 448      F8DE2649 
 448      49D264A1 
 448      E4E92FA0 
 448      F501
 449 018f E88D0001 		.ascii	"\350\215\000\001\035A\301D\031A\241\022\024\200\016"
 449      1D41C144 
 449      1941A112 
 449      14800E
 450 019e A30022BF 		.ascii	"\243\000\"\277\364\313\222V\037\374G*\377\376\027w\267"
 450      F4CB9256 
 450      1FFC472A 
 450      FFFE1777 
 450      B7
 451 01af 6159FEF5 		.ascii	"aY\376\365\324\200#\222\264\002U\202\374rE>\250s\257"
 451      D4802392 
 451      B4025582 
 451      FC72453E 
 451      A873AF
 452 01c2 A0C28D02 		.ascii	"\240\302\215\002\262\030\2244_\232\277\240\033FC\010"
 452      B2189434 
ARM GAS  C:\cygwin\tmp\ccWLiNJj.s 			page 36


 452      5F9ABFA0 
 452      1B464308 
 453 01d2 368656D0 		.ascii	"6\206V\320\255!\304\276\021%\201\021ea \322oA\231B."
 453      AD21C4BE 
 453      11258111 
 453      656120D2 
 453      6F419942 
 454 01e7 20E745D7 		.ascii	" \347E\327P\220\205\321?\276\236&\032\375P!\212t\304"
 454      509085D1 
 454      3FBE9E26 
 454      1AFD5021 
 454      8A74C4
 455 01fa 17319E2F 		.ascii	"\0271\236/\026\020\347EE\001b\254k\201J\0363\227\213"
 455      1610E745 
 455      450162AC 
 455      6B814A1E 
 455      33978B
 456 020d 536C96F7 		.ascii	"Sl\226\367\204\\'\267+\255\271\307\007\247\"z\276\025"
 456      845C27B7 
 456      2BADB9C7 
 456      07A7227A 
 456      BE15
 457 021f 65F35546 		.ascii	"e\363UF\035\331\376\006\023\332\244#S\275)U\371\030"
 457      1DD9FE06 
 457      13DAA423 
 457      53BD2955 
 457      F918
 458 0231 2260A511 		.ascii	"\"`\245\021\351\200\235\352\316\273\341\013\354+F\264"
 458      E9809DEA 
 458      CEBBE10B 
 458      EC2B46B4 
 459 0241 C6FD82E1 		.ascii	"\306\375\202\341\324\303\235\336t\212\034\311QD'\373"
 459      D4C39DDE 
 459      748A1CC9 
 459      514427FB 
 460 0251 0747FB0D 		.ascii	"\007G\373\015\362\34416y\243\360B\221\010\262\374!\330"
 460      F2E43136 
 460      79A3F042 
 460      9108B2FC 
 460      21D8
 461 0263 68B4E539 		.ascii	"h\264\3459{>d\274$\375\023\370\332\341\231R\021\357"
 461      7B3E64BC 
 461      24FD13F8 
 461      DAE19952 
 461      11EF
 462 0275 62B6B52D 		.ascii	"b\266\265-<q\3721CD`\373&\273\366y3CV@P<\250\336\271"
 462      3C71FA31 
 462      434460FB 
 462      26BBF679 
 462      33435640 
 463 028e C70F1983 		.ascii	"\307\017\031\203\267\221\240\220\222%c\211\257\200\232"
 463      B791A090 
 463      92256389 
 463      AF809A
 464 029d E07C1BC9 		.ascii	"\340|\033\311\371\266\300\241\373\363Co\200\311\343"
 464      F9B6C0A1 
 464      FBF3436F 
ARM GAS  C:\cygwin\tmp\ccWLiNJj.s 			page 37


 464      80C9E3
 465 02ac 30C9C373 		.ascii	"0\311\303s\374\035\032\236\315`\326\011%|\374\215\314"
 465      FC1D1A9E 
 465      CD60D609 
 465      257CFC8D 
 465      CC
 466 02bd 3B4773BA 		.ascii	";Gs\272?\367\305\371\324\002\261bb\341\222A\025x\201"
 466      3FF7C5F9 
 466      D402B162 
 466      62E19241 
 466      157881
 467 02d0 34F04EC1 		.ascii	"4\360N\301\312\223\312\312fW\340\2711\303\351\306\014"
 467      CA93CACA 
 467      6657E0B9 
 467      31C3E9C6 
 467      0C
 468 02e1 5032BEB3 		.ascii	"P2\276\263\371\262\027u\016\221U\317\234\323S>\270\315"
 468      F9B21775 
 468      0E9155CF 
 468      9CD3533E 
 468      B8CD
 469 02f3 4F9E3CCD 		.ascii	"O\236<\315&\253\317\347\246\213\376{h\002&Kkt\350\375"
 469      26ABCFE7 
 469      A68BFE7B 
 469      6802264B 
 469      6B74E8FD 
 470 0307 D5A80E04 		.ascii	"\325\250\016\004\325\202 \001\265\"\250\232\350\014"
 470      D5822001 
 470      B522A89A 
 470      E80C
 471 0315 D2F15C96 		.ascii	"\322\361\\\226\332\016#S\006I\001\000\257<\347K\000"
 471      DA0E2353 
 471      06490100 
 471      AF3CE74B 
 471      00
 472 0326 2A781B32 		.ascii	"*x\0332q\243\001\274m\352\341^\023>\3106:\223u\3641"
 472      71A301BC 
 472      6DEAE15E 
 472      133EC836 
 472      3A9375F4 
 473 033b 46A6E0E5 		.ascii	"F\246\340\345\326\242s\260\021e9\363\307Tg@\011\361"
 473      D6A273B0 
 473      116539F3 
 473      C7546740 
 473      09F1
 474 034d C759986F 		.ascii	"\307Y\230oW\374\0010\246\341xMG\036\242\033\"\210\032"
 474      57FC0130 
 474      A6E1784D 
 474      471EA21B 
 474      22881A
 475 0360 B6A1E2B9 		.ascii	"\266\241\342\271\371I\022]A$\004\260\252\340\004\261"
 475      F949125D 
 475      412404B0 
 475      AAE004B1 
 476 0370 8273B2F3 		.ascii	"\202s\262\363\374!\023\036af\035t&mE\354\214\223\226"
 476      FC21131E 
 476      61661D74 
ARM GAS  C:\cygwin\tmp\ccWLiNJj.s 			page 38


 476      266D45EC 
 476      8C9396
 477 0383 3AF702D8 		.ascii	":\367\002\330\024\304\235\333\011\223\035\312\031\337"
 477      14C49DDB 
 477      09931DCA 
 477      19DF
 478 0391 FB3D3DE3 		.ascii	"\373==\343npd\227bY\020?\343\226\254\341\011#\276\305"
 478      6E706497 
 478      6259103F 
 478      E396ACE1 
 478      0923BEC5 
 479 03a5 74944E76 		.ascii	"t\224Nv\225\371-\253\243wY\035\327S\203\312\310\356"
 479      95F92DAB 
 479      A377591D 
 479      D75383CA 
 479      C8EE
 480 03b7 7B40C745 		.ascii	"{@\307EEG7\342J\332\362\316T\353\351\356\011\342<\333"
 480      454737E2 
 480      4ADAF2CE 
 480      54EBE9EE 
 480      09E23CDB 
 481 03cb FD587E51 		.ascii	"\375X~Q\276Q>\343>69\222\236\264\335W\236\274\304&]"
 481      BE513EE3 
 481      3E363992 
 481      9EB4DD57 
 481      9EBCC426 
 482 03e0 D1BE9246 		.ascii	"\321\276\222F;\232=x;\315\200\247Xb\014\347\235*\367"
 482      3B9A3D78 
 482      3BCD80A7 
 482      58620CE7 
 482      9D2AF7
 483 03f3 35728333 		.ascii	"5r\2033_n0,\271\366yb\211\267&4\256\200.%4\006\351\241"
 483      5F6E302C 
 483      B9F67962 
 483      89B72634 
 483      AE802E25 
 484 040b 11645EE3 		.ascii	"\021d^\343L\207\007S\254\007\2660\377Y,^`z\367\365\177"
 484      4C870753 
 484      AC07B630 
 484      FF592C5E 
 484      607AF7F5 
 485 0420 9D6930F2 		.ascii	"\235i0\362\022\233\371\222\022\013\370\333\327\352\237"
 485      129BF992 
 485      120BF8DB 
 485      D7EA9F
 486 042f 99344A87 		.ascii	"\2314J\2075J\257\311J\313r\036T \374\251H\325\224L\344"
 486      354AAFC9 
 486      4ACB721E 
 486      5420FCA9 
 486      48D5944C 
 487 0444 EF30B144 		.ascii	"\3570\261D\177\033\330\213i\271\035^x\027{\326X\337"
 487      7F1BD88B 
 487      69B91D5E 
 487      78177BD6 
 487      58DF
 488 0456 D4EEC19E 		.ascii	"\324\356\301\236\275\001l\315\203\311:_\\\300\236\355"
 488      BD016CCD 
ARM GAS  C:\cygwin\tmp\ccWLiNJj.s 			page 39


 488      83C93A5F 
 488      5CC09EED 
 489 0466 7D3872DB 		.ascii	"}8r\333\300\236\005\003{\260mvR\217\313\331\263\371"
 489      C09E0503 
 489      7BB06D76 
 489      528FCBD9 
 489      B3F9
 490 0478 DEC4335E 		.ascii	"\336\3043^\370\030c\332\022\253o\372\342\223\2149\332"
 490      F81863DA 
 490      12AB6FFA 
 490      E2938C39 
 490      DA
 491 0489 5799A7C7 		.ascii	"W\231\247\307\035\214\351\272\223t\302\017\3673\346"
 491      1D8CE9BA 
 491      9374C20F 
 491      F733E6
 492 0498 DB949B63 		.ascii	"\333\224\233c\374\010\374\201\255jJ\271\317\013\241"
 492      FC08FC81 
 492      AD6A4AB9 
 492      CF0BA1
 493 04a7 93D4AE9A 		.ascii	"\223\324\256\232\246\3473z|\217bMO\3677\264\372\240"
 493      A6E7337A 
 493      7C8F624D 
 493      4FF737B4 
 493      FAA0
 494 04b9 40D76755 		.ascii	"@\327gUp`!\331\366\330\365+?\334W\001\247\344I\313\340"
 494      706021D9 
 494      F6D8F52B 
 494      3FDC5701 
 494      A7E449CB 
 495 04ce 38C4C90C 		.ascii	"8\304\311\014Z\345r[\010qB\035q\205@\321\316\372j\224"
 495      5AE5725B 
 495      0871421D 
 495      718540D1 
 495      CEFA6A94 
 496 04e2 2B395330 		.ascii	"+9S0\361\014\272\312\301r\016\016\241\305\370\336\243"
 496      F10CBACA 
 496      C1720E0E 
 496      A1C5F8DE 
 496      A3
 497 04f3 1C0FC787 		.ascii	"\034\017\307\207\006\026\343\373)~\235\002\257\216\317"
 497      0616E3FB 
 497      297E9D02 
 497      AF8ECF
 498 0502 969C8998 		.ascii	"\226\234\211\230\2322\2425eh1vjK\216\344L\3024x'8V\016"
 498      9A32A235 
 498      65683176 
 498      6A4B8EE4 
 498      4CC23478 
 499 051a B29045E0 		.ascii	"\262\220E\340\\\225\340\353n\3668\252\2629\363C\227"
 499      5C95E0EB 
 499      6EF638AA 
 499      B239F343 
 499      97
 500 052b 376EB841 		.ascii	"7n\270A~\255B\216\250\275q\307\375\356\324\336x\242"
 500      7EAD428E 
 500      A8BD71C7 
ARM GAS  C:\cygwin\tmp\ccWLiNJj.s 			page 40


 500      FDEED4DE 
 500      78A2
 501 053d 32F9A65B 		.ascii	"2\371\246[\223\233(:\213_g$\344\020\320m\000\334\"\200"
 501      939B283A 
 501      8B5F6724 
 501      E410D06D 
 501      00DC2280 
 502 0551 6FF80A08 		.ascii	"o\370\012\010b\364\010\342\371\001\012D\017\201\356"
 502      62F408E2 
 502      F9010A44 
 502      0F81EE
 503 0560 024D013D 		.ascii	"\002M\001=\006\232\004\372\026\350\036\320}\240i\024"
 503      069A04FA 
 503      16E81ED0 
 503      7DA06914 
 504 0570 48BB2AAD 		.ascii	"H\273*\255\010\316\341\217$IOd\010\274\030\010\262i"
 504      08CEE18F 
 504      24494F64 
 504      08BC1808 
 504      B269
 505 0582 D92A07FD 		.ascii	"\331*\007\375\333\315\266\307\250a\020TI\031\205w|V"
 505      DBCDB6C7 
 505      A8611054 
 505      49198577 
 505      7C56
 506 0594 710B9DCB 		.ascii	"q\013\235\313Z(\374O\346\221\254\316\227Z\264\255\341"
 506      5A28FC4F 
 506      E691ACCE 
 506      975AB4AD 
 506      E1
 507 05a5 89CA9902 		.ascii	"\211\312\231\002\232\225S\261\276,\347\005kC0\207.\263"
 507      9A9553B1 
 507      BE2CE705 
 507      6B433087 
 507      2EB3
 508 05b7 6A5459D8 		.ascii	"jTY\330z\321\244nC\225\232D\236\243}\350\251\253\017"
 508      7AD1A46E 
 508      43959A44 
 508      9EA37DE8 
 508      A9AB0F
 509 05ca DDCB7891 		.ascii	"\335\313x\221\353\375Z\201\344\254\222\306\236\347\205"
 509      EBFD5A81 
 509      E4AC92C6 
 509      9EE785
 510 05d9 94D44852 		.ascii	"\224\324HR:\254\324\021\034\252Vj%\014\311O\025\224"
 510      3AACD411 
 510      1CAA566A 
 510      250CC94F 
 510      1594
 511 05eb 0501CDA3 		.ascii	"\005\001\315\243\327H\317\030\031\231\326\3416\274\334"
 511      D748CF18 
 511      1999D6E1 
 511      36BCDC
 512 05fa E544DB53 		.ascii	"\345D\333S\2363\353\264\245\366\205\273R\273\340\256"
 512      9E33EBB4 
 512      A5F685BB 
 512      52BBE0AE 
ARM GAS  C:\cygwin\tmp\ccWLiNJj.s 			page 41


 513 060a D44A229D 		.ascii	"\324J\"\235\334\361\274\364\206\001\2171\235\017\206"
 513      DCF1BCF4 
 513      86018F31 
 513      9D0F86
 514 0619 53E78DB2 		.ascii	"S\347\215\262,\246t\242\256k\007\302\223\014\260;o\302"
 514      2CA674A2 
 514      AE6B07C2 
 514      930CB03B 
 514      6FC2
 515 062b 1F27EBB8 		.ascii	"\037'\353\270\2013c^8\2351Mm\351\245\336x7c\022oT\355"
 515      8133635E 
 515      389D314D 
 515      6DE9A5DE 
 515      78376312 
 516 0642 F7C6053A 		.ascii	"\367\306\005:M!y\205\025\222\212\356\266R\023>\302\236"
 516      4D217985 
 516      15928AEE 
 516      B652133E 
 516      C29E
 517 0654 3DBC98F3 		.ascii	"=\274\230\363\017\334\300\306\347\016Og |\2261\375%"
 517      0FDCC0C6 
 517      E70E4F67 
 517      207C9631 
 517      FD25
 518 0666 C5167C81 		.ascii	"\305\026|\201\217g\233\347Lx\2102\272\332\244\353\007"
 518      8F679BE7 
 518      4C788832 
 518      BADAA4EB 
 518      07
 519 0677 7C517000 		.ascii	"|Qp\000\002\367#v5!ws\001\355\022\215h\207\210]\227"
 519      02F72376 
 519      35217773 
 519      01ED128D 
 519      6887885D 
 520 068c FB3C092A 		.ascii	"\373<\011*\365\344\277\3104\214\365\364\327\315\365"
 520      F5E4BFC8 
 520      348CF5F4 
 520      D7CDF5
 521 069b 78A7184C 		.ascii	"x\247\030LW\322\250\312\022\003P\246H\213\367\325\263"
 521      57D2A8CA 
 521      120350A6 
 521      488BF7D5 
 521      B3
 522 06ac 5D299EEE 		.ascii	"])\236\356\212\375r\013\356\036\231\030\360\325\204"
 522      8AFD720B 
 522      EE1E9918 
 522      F0D584
 523 06bb D8E7A23A 		.ascii	"\330\347\242:H\276\020U\267\217\344\256\361\006=\036"
 523      48BE1055 
 523      B78FE4AE 
 523      F1063D1E 
 524 06cb 65DB2B4E 		.ascii	"e\333+N\273\367&\276\305\306\307\233\357\377\210\325"
 524      BBF726BE 
 524      C5C6C79B 
 524      EFFF88D5 
 525 06db DC00E04E 		.ascii	"\334\000\340N\214L9\271\347\306H\315\035\270\3754U\217"
 525      8C4C39B9 
ARM GAS  C:\cygwin\tmp\ccWLiNJj.s 			page 42


 525      E7C648CD 
 525      1DB8FD34 
 525      558F
 526 06ed A729F4FB 		.ascii	"\247)\364\373;Z\213\006|Q\340\252@\223\277\316D\277"
 526      3B5A8B06 
 526      7C51E0AA 
 526      4093BFCE 
 526      44BF
 527 06ff E5FA1B18 		.ascii	"\345\372\033\030\314\312\357T\347[\252\362\273U\304"
 527      CCCAEF54 
 527      E75BAAF2 
 527      BB55C4
 528 070e 68AFB8A8 		.ascii	"h\257\270\250\346\215.\255\0119\260\251l\330\024\332"
 528      E68D2EAD 
 528      0939B0A9 
 528      6CD814DA 
 529 071e C317909A 		.ascii	"\303\027\220\232P\005\333\256\024\003Q\005P9P\031\320"
 529      5005DBAE 
 529      14035105 
 529      50395019 
 529      D0
 530 072f 11A0AF80 		.ascii	"\021\240\257\200J\201J\200\016\003\345\001\035\002*"
 530      4A814A80 
 530      0E03E501 
 530      1D022A
 531 073e 04CA1703 		.ascii	"\004\312\027\003UE \253\335\217\325\263}\340\211\\."
 531      554520AB 
 531      DD8FD5B3 
 531      7DE0895C 
 531      2E
 532 074f 5AAE67B7 		.ascii	"Z\256g\267\224\012\254\366\341~Q}\203\203\225D\336\262"
 532      940AACF6 
 532      E17E517D 
 532      83839544 
 532      DEB2
 533 0761 890868F8 		.ascii	"\211\010h\370\376R$\211Hb\270\0004%\002\247\226x@T'"
 533      FE522489 
 533      4862B800 
 533      342502A7 
 533      96784054 
 534 0776 7E817C2A 		.ascii	"~\201|*\232\242\343\316\005\302\377\271\377Y\253\224"
 534      9AA2E3CE 
 534      05C2FFB9 
 534      FF59AB94 
 535 0786 EE898A40 		.ascii	"\356\211\212@a\322\342\315\253\213\271\332\326\203\232"
 535      61D2E2CD 
 535      AB8BB9DA 
 535      D6839A
 536 0795 DD17BD64 		.ascii	"\335\027\275d\367\007\351\356\2135\273O\006\216w\264"
 536      F707E9EE 
 536      8B35BB4F 
 536      068E77B4 
 537 07a5 04A53DA4 		.ascii	"\004\245=\244p\003\344\366\260\244W\366\253*v\252\273"
 537      7003E4F6 
 537      B0A457F6 
 537      AB2A76AA 
 537      BB
ARM GAS  C:\cygwin\tmp\ccWLiNJj.s 			page 43


 538 07b6 B8195375 		.ascii	"\270\031Su\236\026\271\247\245\271\203\252\233Z\223"
 538      9E16B9A7 
 538      A5B983AA 
 538      9B5A93
 539 07c5 0CDDE60E 		.ascii	"\014\335\346\016\252\356g\307dh\206"
 539      AAEE67C7 
 539      646886
 540 07d0 3B68BAA8 		.ascii	";h\272\250@\353d\350vw\320&\225\324\3752\364Sw\320\365"
 540      40EB64E8 
 540      7677D026 
 540      95D4FD32 
 540      F45377D0 
 541 07e5 0A325F46 		.ascii	"\0122_F\222\313\302\022\244\312Y\331\305\274S\223\034"
 541      92CBC212 
 541      A4CA59D9 
 541      C5BC5393 
 541      1C
 542 07f6 FF6CF1E1 		.ascii	"\377l\361\341.\271\346d\322@ \330\335n\261T2\353\251"
 542      2EB9E664 
 542      D24020D8 
 542      DD6EB154 
 542      32EBA9
 543 0809 F3B4A702 		.ascii	"\363\264\247\002D\335SII\336\376bZ\204\026S@Z\314\325"
 543      44DD5349 
 543      49DEFE62 
 543      5A841653 
 543      405ACCD5 
 544 081d F8ACA254 		.ascii	"\370\254\242T)3Q\222~ES\000=Sz\3143u\217\251\026I\217"
 544      29335192 
 544      7E455300 
 544      3D537ACC 
 544      33758FA9 
 545 0834 39309B91 		.ascii	"90\233\221\346\201\223=X\241\036\270#y0A\316\234\016"
 545      E681933D 
 545      58A11EB8 
 545      23793041 
 545      CE9C0E
 546 0847 1395E2D4 		.ascii	"\023\225\342\324\321\300\253\021e)5\242JJ-\225\322\335"
 546      D1C0AB11 
 546      652935A2 
 546      4A4A2D95 
 546      D2DD
 547 0859 7629C70B 		.ascii	"v)\307\013\357\243Rt\343\025u\003\030\031XM\016N\243"
 547      EFA35274 
 547      E3157503 
 547      1819584D 
 547      0E4EA3
 548 086c 4533A960 		.ascii	"E3\251`\315\337\345\242y\034\252\307Q\321\0002\216A"
 548      CDDFE5A2 
 548      791CAAC7 
 548      51D10032 
 548      8E41
 549 087e 66D5C3D1 		.ascii	"f\325\303\321\221\222Lfh\231^A\207\252Z\016,\252Sj9"
 549      91924C66 
 549      68995E41 
 549      87AA5A0E 
 549      2CAA536A 
ARM GAS  C:\cygwin\tmp\ccWLiNJj.s 			page 44


 550 0893 E19F8BB8 		.ascii	"\341\237\213\2704\371\364\200\007\342\225\237\325\367"
 550      34F9F480 
 550      07E2959F 
 550      D5F7
 551 08a1 85053FD4 		.ascii	"\205\005?\324\310+|\243\253\302/~\215\021\350#\001\235"
 551      C82B7CA3 
 551      ABC22F7E 
 551      8D11E823 
 551      019D
 552 08b3 00DD0D24 		.ascii	"\000\335\015$\253\201%\227\351\321\366\255:W\305\316"
 552      AB812597 
 552      E9D1F6AD 
 552      3A57C5CE 
 553 08c3 5CF67E8E 		.ascii	"\\\366~\216\232D\023y\0059w&\337W\203v\373\012\201\232"
 553      9A441379 
 553      05397726 
 553      DF578376 
 553      FB0A819A 
 554 08d7 29FAD9DC 		.ascii	")\372\331\334\350\220\366\205#@\015na\251L~I\003xR<"
 554      E890F685 
 554      23400D6E 
 554      61A94C7E 
 554      49037852 
 555 08ec EBA30183 		.ascii	"\353\243\001\203J\025\372$G\237\244\350/\207\016u\351"
 555      4A15FA24 
 555      479FA4E8 
 555      2F870E75 
 555      E9
 556 08fd 7091C7B2 		.ascii	"p\221\307\262\375\372\321\327u{\260|\2059\305\272|\376"
 556      FDFAD1D7 
 556      757BB07C 
 556      8539C5BA 
 556      7CFE
 557 090f 89EA23FA 		.ascii	"\211\352#\372\345\2570gh\3558-\362+\314xQ\376\202\310"
 557      E5AF3067 
 557      68ED382D 
 557      F22BCC78 
 557      51FE82C8 
 558 0923 AE30CEDD 		.ascii	"\2560\316\335\007htKR\242H`\310\251\304\205S\035\027"
 558      0768744B 
 558      52A24860 
 558      C8A9C485 
 558      531D17
 559 0936 AD342E5C 		.ascii	"\2554.\\\377/Y\311\377_\222}h\014\343rf\354\376\205"
 559      FF2F59C9 
 559      FF5F927D 
 559      680CE372 
 559      66ECFE85 
 560 094a C73B0DB8 		.ascii	"\307;\015\270\2051\023\031\245S&\334\316\230K\247\373"
 560      85311319 
 560      A55326DC 
 560      CE984BA7 
 560      FB
 561 095b EA3D7027 		.ascii	"\352=p'cf\233z\013E&\"\020\330\257\234\333\317a\326"
 561      63669B7A 
 561      0B452622 
 561      10D8AF9C 
ARM GAS  C:\cygwin\tmp\ccWLiNJj.s 			page 45


 561      DBCF61D6 
 562 096f 040BC83F 		.ascii	"\004\013\310?B\262\246\012'<\361\025\212\365\254m\034"
 562      42B2A60A 
 562      273CF115 
 562      8AF5AC6D 
 562      1C
 563 0980 BCCF5E3C 		.ascii	"\274\317^<\202W\025J\231\344\225#\373w\3257\267JU\037"
 563      8257154A 
 563      99E49523 
 563      FB77D537 
 563      B74A551F 
 564 0994 D1D36C07 		.ascii	"\321\323l\007c\373\224\324\275\245-H\020\353O\033P\""
 564      63FB94D4 
 564      BDA52D48 
 564      10EB4F1B 
 564      5022
 565 09a6 CD5D9287 		.ascii	"\315]\222\207\3478Z.\377\213o\372{S_g\231N<\333\305"
 565      E7385A2E 
 565      FF8B6FFA 
 565      7B535F67 
 565      994E3CDB 
 566 09bb D172F6B6 		.ascii	"\321r\366\266\211*8\330\342\\(G\254\214\022S\316\272"
 566      892A38D8 
 566      E25C2847 
 566      AC8C1253 
 566      CEBA
 567 09cd 3385D505 		.ascii	"3\205\325\005\226\354\217,$\331\373\264\311\256\351"
 567      96EC8F2C 
 567      24D9FBB4 
 567      C9AEE9
 568 09dc CC9D6057 		.ascii	"\314\235`W\007\261\353<\227E:s/\344\326\005\3506=@\335"
 568      07B1EB3C 
 568      97453A73 
 568      2FE4D605 
 568      E8363D40 
 569 09f1 401745F9 		.ascii	"@\027E\371\332[^\322\177\010i\257\323\356D\010\313\255"
 569      DA5B5ED2 
 569      7F0869AF 
 569      D3EE4408 
 569      CBAD
 570 0a03 AFADEF6A 		.ascii	"\257\255\357j7j\002\363\222\246{^\346\201y\231\006\346"
 570      376A02F3 
 570      92A67B5E 
 570      E6817999 
 570      06E6
 571 0a15 CD96B962 		.ascii	"\315\226\271b\355\373n\217&\306\3729\272\237\005\375"
 571      EDFB6E8F 
 571      26C6FA39 
 571      BA9F05FD 
 572 0a25 D985524F 		.ascii	"\331\205ROM>-w%\377l\377\205\323\006\215\334\001Mz\\"
 572      4D3E2D77 
 572      25FF6CFF 
 572      85D3068D 
 572      DC014D7A 
 573 0a3a E172AF50 		.ascii	"\341r\257P\271Y\243\323\333\2754\3509\315\177\201\006"
 573      B959A3D3 
 573      DBBD34E8 
ARM GAS  C:\cygwin\tmp\ccWLiNJj.s 			page 46


 573      39CD7F81 
 573      06
 574 0a4b 397A90A2 		.ascii	"9z\220\242\263\017\177Sn\3007X\340}\2233\222\343I\023"
 574      B30F7F53 
 574      6EC03758 
 574      E07D9333 
 574      92E34913 
 575 0a5f 074CE4C9 		.ascii	"\007L\344\311T\335\370,W''\330U\226L=\307\367\244\260"
 575      54DDF82C 
 575      572727D8 
 575      55964C3D 
 575      C7F7A4B0 
 576 0a73 0C839DA3 		.ascii	"\014\203\235\243a69T\372\250\317W\235a$F\024\275#4\303"
 576      61363954 
 576      FAA8CF57 
 576      9D612446 
 576      14BD2334 
 577 0a88 AEB9326C 		.ascii	"\256\2712l*\355@\251\247\353%\341\252\337\010{IH\322"
 577      2AED40A9 
 577      A7EB25E1 
 577      AADF087B 
 577      4948D2
 578 0a9b 111C1A52 		.ascii	"\021\034\032RRlH\235b\243\342k\202\376\275?lX\363\233"
 578      526C489D 
 578      62A3E26B 
 578      82FEBD3F 
 578      6C58F39B 
 579 0aaf 75EB0483 		.ascii	"u\353\004\203\331\034\037es\274mv\3748\364'\033C\023"
 579      D91C1F65 
 579      73BC6D76 
 579      FC38F427 
 579      1B4313
 580 0ac2 223E89B2 		.ascii	"\">\211\262m\264\304\305\274n\213\265Y_\267Z6Em\214"
 580      6DB4C4C5 
 580      BC6E8BB5 
 580      595FB75A 
 580      36456D8C 
 581 0ad6 B28546C7 		.ascii	"\262\205F\307\207Y7\306XB#\243l\326\215\3460k\270%>"
 581      875937C6 
 581      584223A3 
 581      6CD68DE6 
 581      306BB825 
 582 0aeb DA617624 		.ascii	"\332av$l\266\332\327F\012^\\\302\332\227I\260'\3307"
 582      6CB6DAD7 
 582      460A5E5C 
 582      C2DA9749 
 582      B027D837 
 583 0aff 9AED8E30 		.ascii	"\232\355\2160\200\3032\3578\253-\314\032g\016\215\264"
 583      80C332EF 
 583      38AB2DCC 
 583      1A670E8D 
 583      B4
 584 0b10 C4811930 		.ascii	"\304\201\0310\271\356-\263\303\213\377\256\212\0117"
 584      B9EE2DB3 
 584      C38BFFAE 
 584      8A0937
 585 0b1f 6F8EDA62 		.ascii	"o\216\332b\2156\207Z\242\2437YB\377fv\004\256]\033\022"
ARM GAS  C:\cygwin\tmp\ccWLiNJj.s 			page 47


 585      8D36875A 
 585      A2A33759 
 585      42FF6676 
 585      04AE5D1B 
 586 0b34 FFDEBB1F 		.ascii	"\377\336\273\037\204\330\343BC\"\302\242\354\233CbB"
 586      84D8E342 
 586      4322C2A2 
 586      EC9B4362 
 586      42
 587 0b45 E3C3636D 		.ascii	"\343\303cm\216\020@\223_\020kd;\"2\364\256\201ODt\302"
 587      8E104093 
 587      5F106B64 
 587      3B2232F4 
 587      AE814F44 
 588 0b5b E648736C 		.ascii	"\346Hslx\270\335\352\260\233\030\367IT\230#\322\356"
 588      78B8DDEA 
 588      B09B18F7 
 588      49549823 
 588      D2EE
 589 0b6d 417F7C22 		.ascii	"A\177|\"\255Q\021\221\016\246\321n\342\334\246\004\207"
 589      AD511191 
 589      0EA6D16E 
 589      E2DCA604 
 589      87
 590 0b7e D5AE67AB 		.ascii	"\325\256g\253\314\011\256\301\026#\261\330\034\032\033"
 590      CC09AEC1 
 590      1623B1D8 
 590      1C1A1B
 591 0b8d 6F7318C3 		.ascii	"os\030\303\243\342\354\016\272\205\325`\302\246O\210"
 591      A3E2EC0E 
 591      BA85D560 
 591      C2A64F88 
 592 0b9d 119435C7 		.ascii	"\021\2245\307Yl\021V\263\335\310\224\205Y\034\226\240"
 592      596C1156 
 592      B3DDC894 
 592      85591C96 
 592      A0
 593 0bae EF349FAD 		.ascii	"\3574\237\255\205\015\374W\260P\341\007\212>\225#-\241"
 593      850DFC57 
 593      B050E107 
 593      8A3E9523 
 593      2DA1
 594 0bc0 0E6B9C9F 		.ascii	"\016k\234\237<b\233\\\031\356r\241\374\300#<\332\022"
 594      3C629B5C 
 594      19EE72A1 
 594      FCC0233C 
 594      DA12
 595 0bd2 61F78E86 		.ascii	"a\367\216\206\0035\263\335\0327Y\354V\312'(\303->1\226"
 595      0335B3DD 
 595      1A3759EC 
 595      56CA2728 
 595      C32D3E31 
 596 0be7 2DE62D66 		.ascii	"-\346-fK\330\307\026[\250\325'&\312\246p\236|\241=2"
 596      4BD8C716 
 596      5BA8D527 
 596      26CAA670 
 596      9E7CA13D 
ARM GAS  C:\cygwin\tmp\ccWLiNJj.s 			page 48


 597 0bfc 36CE61B6 		.ascii	"6\316a\266Yb\254:z\226\341\361\321\321\2245\360S1\333"
 597      5962AC3A 
 597      7A96E1F1 
 597      D1D19435 
 597      F05331DB 
 598 0c10 572C36F1 		.ascii	"W,6\361U\255\267T\306z\230\337\211\215\2156D\200\247"
 598      55ADB754 
 598      C67A98DF 
 598      898D8D36 
 598      4480A7
 599 0c23 29BF42E5 		.ascii	")\277B\345M\352s\257\217\255q\366\250X\233\216\254\366"
 599      4DEA73AF 
 599      8FAD71F6 
 599      A8589B8E 
 599      ACF6
 600 0c35 56E4D8BD 		.ascii	"V\344\330\275\025\244\335/<\312\026\246:\210\377\000"
 600      15A4DD2F 
 600      3CCA16A6 
 600      3A88FF00 
 601 0c45 A70A9BEF 		.ascii	"\247\012\233\357"
 602              		.text
 603              		.section	.gnu.lto_.symtab.2d2711a6,"",%progbits
 604 0000 6D665F62 		.ascii	"mf_bwfont_render_character\000"
 604      77666F6E 
 604      745F7265 
 604      6E646572 
 604      5F636861 
 605 001b 00       		.ascii	"\000"
 606 001c 00       		.ascii	"\000"
 607 001d 00       		.ascii	"\000"
 608 001e 00000000 		.ascii	"\000\000\000\000\000\000\000\000"
 608      00000000 
 609 0026 31010000 		.ascii	"1\001\000\000"
 610 002a 6D665F62 		.ascii	"mf_bwfont_character_width\000"
 610      77666F6E 
 610      745F6368 
 610      61726163 
 610      7465725F 
 611 0044 00       		.ascii	"\000"
 612 0045 00       		.ascii	"\000"
 613 0046 00       		.ascii	"\000"
 614 0047 00000000 		.ascii	"\000\000\000\000\000\000\000\000"
 614      00000000 
 615 004f 33010000 		.ascii	"3\001\000\000"
 616              		.text
 617              		.section	.gnu.lto_.opts,"",%progbits
 618 0000 272D666D 		.ascii	"'-fmath-errno' '-fsigned-zeros' '-ftrapping-math' '"
 618      6174682D 
 618      6572726E 
 618      6F272027 
 618      2D667369 
 619 0033 2D666E6F 		.ascii	"-fno-trapv' '-fno-openmp' '-fno-openacc' '-mcpu=cor"
 619      2D747261 
 619      70762720 
 619      272D666E 
 619      6F2D6F70 
 620 0066 7465782D 		.ascii	"tex-m3' '-mno-thumb-interwork' '-mthumb' '-ggdb' '-"
ARM GAS  C:\cygwin\tmp\ccWLiNJj.s 			page 49


 620      6D332720 
 620      272D6D6E 
 620      6F2D7468 
 620      756D622D 
 621 0099 4F322720 		.ascii	"O2' '-fomit-frame-pointer' '-falign-functions=16' '"
 621      272D666F 
 621      6D69742D 
 621      6672616D 
 621      652D706F 
 622 00cc 2D666675 		.ascii	"-ffunction-sections' '-fdata-sections' '-fno-common"
 622      6E637469 
 622      6F6E2D73 
 622      65637469 
 622      6F6E7327 
 623 00ff 2720272D 		.ascii	"' '-flto'\000"
 623      666C746F 
 623      2700
 624              		.text
 625              		.comm	__gnu_lto_v1,1,1
 626              		.comm	__gnu_lto_slim,1,1
 627              		.ident	"GCC: (GNU Tools for ARM Embedded Processors) 5.4.1 20160919 (release) [ARM/embedded-5-bran
ARM GAS  C:\cygwin\tmp\ccWLiNJj.s 			page 50


DEFINED SYMBOLS
                            *ABS*:00000000 mf_bwfont.c
                            *COM*:00000001 __gnu_lto_v1
                            *COM*:00000001 __gnu_lto_slim

NO UNDEFINED SYMBOLS
