ARM GAS  C:\cygwin\tmp\ccB37Mmc.s 			page 1


   1              		.syntax unified
   2              		.cpu cortex-m3
   3              		.fpu softvfp
   4              		.eabi_attribute 20, 1
   5              		.eabi_attribute 21, 1
   6              		.eabi_attribute 23, 3
   7              		.eabi_attribute 24, 1
   8              		.eabi_attribute 25, 1
   9              		.eabi_attribute 26, 1
  10              		.eabi_attribute 30, 2
  11              		.eabi_attribute 34, 1
  12              		.eabi_attribute 18, 4
  13              		.thumb
  14              		.syntax unified
  15              		.file	"mf_encoding.c"
  16              		.text
  17              	.Ltext0:
  18              		.section	.gnu.lto_.profile.2d271367,"",%progbits
  19 0000 789C6361 		.ascii	"x\234ca`d`a`\000\222V\026\000\001\026\000}"
  19      60646061 
  19      60009256 
  19      16000116 
  19      007D
  20              		.text
  21              		.section	.gnu.lto_.icf.2d271367,"",%progbits
  22 0000 789C6361 		.ascii	"x\234ca`d\000\001>\006\004`bx?\351X/\017\343\365gO."
  22      60640001 
  22      3E060460 
  22      62783FE9 
  22      582F0FE3 
  23 0018 72320000 		.ascii	"r2\000\0000\201\006r"
  23      30810672 
  24              		.text
  25              		.section	.gnu.lto_.jmpfuncs.2d271367,"",%progbits
  26 0000 789C6361 		.ascii	"x\234ca`d\000\001\036\006\004`b`dd\254g\004\021\014"
  26      60640001 
  26      1E060460 
  26      62606464 
  26      AC670411 
  27 0015 00069A01 		.ascii	"\000\006\232\001\031"
  27      19
  28              		.text
  29              		.section	.gnu.lto_.inline.2d271367,"",%progbits
  30 0000 789C6361 		.ascii	"x\234ca`d\000\001?\006\004`b`\320\025dddP`d`f`\361\236"
  30      60640001 
  30      3F060460 
  30      6260D015 
  30      64646450 
  31 001b 749A9181 		.ascii	"t\232\221\201\373\2136\023\003\343\013v\026&\006\346"
  31      FB8B3613 
  31      03E30B76 
  31      162606E6 
  32 002b 35822C20 		.ascii	"5\202, U\214\014\374/\030\340\252\004\237=\341b\340"
  32      558C0CFC 
  32      2F18E0AA 
  32      049F3DE1 
  32      62E0
ARM GAS  C:\cygwin\tmp\ccB37Mmc.s 			page 2


  33 003d 7C768111 		.ascii	"|v\201\021\256l\2078X\031\003\000\314Z\013\342"
  33      AE6C8738 
  33      58190300 
  33      CC5A0BE2 
  34              		.text
  35              		.section	.gnu.lto_.pureconst.2d271367,"",%progbits
  36 0000 789C6361 		.ascii	"x\234ca`d`e```b\220b\224\002\000\000\355\000B"
  36      60646065 
  36      60606062 
  36      90629402 
  36      0000ED00 
  37              		.text
  38              		.section	.gnu.lto_mf_getchar.2d271367,"",%progbits
  39 0000 789C7D55 		.ascii	"x\234}UiLTW\024\276\347\3357\333\233\031\026q\305\021"
  39      694C5457 
  39      14BEE7DD 
  39      37DB9B19 
  39      1671C511 
  40 0014 514444C4 		.ascii	"QDD\304\021\025\025S\273\245\261\377\373\253?L\232\024"
  40      11151553 
  40      BBA5B1FF 
  40      FBAB3F4C 
  40      9A14
  41 0026 D198285A 		.ascii	"\321\230(Z\301\246\215I}\362`lZ\2336M\013\304j\260\255"
  41      C1A68D49 
  41      7DF2606C 
  41      5A9B364D 
  41      0BC46AB0 
  42 003b D6A5D811 		.ascii	"\326\245\330\021\027\250\012:\350\000j\021\265j\027"
  42      17A80A3A 
  42      E8006A11 
  42      B56A17
  43 004a 6C5A6B09 		.ascii	"lZk\011\306\245\006\246\266\324\226J\317\271\367\316"
  43      C6A506A6 
  43      B6D4964A 
  43      CFB9F7CE 
  44 005a 30E032C9 		.ascii	"0\3402\311;\363\316\362\235{\356\371\316\275Og\300\350"
  44      3BF3CEF2 
  44      9D7BEEF9 
  44      CEBD4F67 
  44      C0E8
  45 006c F782C1D8 		.ascii	"\367\202\301\330\363\370\337\204\017$2\320>\350`l\243"
  45      F3F8DF84 
  45      0F2432D0 
  45      3EE8606C 
  45      A3
  46 007d 53D3121A 		.ascii	"S\323\022\032\323\230i\360\313~fz\270\246\237\310C\315"
  46      D39869F0 
  46      CB7E667A 
  46      B8A69FC8 
  46      43CD
  47 008f 76D1879A 		.ascii	"v\321\207\232\016\0112\310\246\331\333\022\321\3548"
  47      0E0932C8 
  47      A6D9DB12 
  47      D1EC38
  48 009e F3349AED 		.ascii	"\3634\232\355Q\263Cs\011\263S\230\235\340&3\270\242"
  48      51B34373 
ARM GAS  C:\cygwin\tmp\ccB37Mmc.s 			page 3


  48      09B35398 
  48      9DE02633 
  48      B8A2
  49 00b0 6E431A9A 		.ascii	"nC\032\232\235n\315\323q\226a\240\367$\307@\217f\264"
  49      9D6ECDD3 
  49      719661A0 
  49      F724C740 
  49      8F66B4
  50 00c3 2F242D9C 		.ascii	"/$-\234\202\2327\032\236\000@/\246\023\330\006\215\353"
  50      829A371A 
  50      9E00402F 
  50      A613D806 
  50      8DEB
  51 00d5 36BBC3E9 		.ascii	"6\273\303\3512\334\036o\002l\320\334\014B:p\261\221"
  51      32DC1E6F 
  51      026CD0DC 
  51      0C423A70 
  51      B191
  52 00e7 3FB5FF34 		.ascii	"?\265\3774h\031\350\013%\336\323*8n\004\325o{\332\267"
  52      6819E80B 
  52      25DED32A 
  52      386E04D5 
  52      6F7BDAB7 
  53 00fb B9490548 		.ascii	"\271I\005HBu\357\216`\304\231\275\3134\313\314k-m\236"
  53      4275EF8E 
  53      60C499BD 
  53      CB34CBCC 
  53      6B2D6D9E 
  54 010f EADD2174 		.ascii	"\352\335!til@c\260\033|\260\013|\324\204=\220\215\261"
  54      696C4063 
  54      B01B7CB0 
  54      0B7CD484 
  54      3D908DB1 
  55 0123 17CBF76F 		.ascii	"\027\313\367o\3452\223\216j\357\271-\277%\310L\351\250"
  55      E532938E 
  55      6AEFB92D 
  55      BF25C84C 
  55      E9A8
  56 0135 5EE9FB3E 		.ascii	"^\351\373>\350\3419\300\360\275l\373\346\333\366\254"
  56      E8E139C0 
  56      F0BD6CFB 
  56      E6DBF6AC 
  57 0145 9D94D5BC 		.ascii	"\235\224\325\274\277\324tUp\016\265\300)\353\227\230"
  57      BFD47455 
  57      700EB5C0 
  57      29EB9798 
  58 0155 752F6645 		.ascii	"u/fE\023\203}\220E\341\335\357\266\034wp\277\200\336"
  58      13837D90 
  58      45E1DDEF 
  58      B61C7770 
  58      BF80DE
  59 0168 ECF9B437 		.ascii	"\354\371\26471\363s\202\206\256\274Qm\206\312\322+\270"
  59      31F37382 
  59      86AEBC51 
  59      6D86CAD2 
  59      2BB8
  60 017a 0E5F49F4 		.ascii	"\016_I\364`M\214\202\353\317T\205m|\236\004\326}q\300"
ARM GAS  C:\cygwin\tmp\ccB37Mmc.s 			page 4


  60      604D8C82 
  60      EBCF5485 
  60      6D7C9E04 
  60      D67D71C0 
  61 018e A3809776 		.ascii	"\243\200\227vC\225\031\332\210H\033\354\227\3109>\230"
  61      439519DA 
  61      88481BEC 
  61      97C8393E 
  61      98
  62 019f 15C3DDEA 		.ascii	"\025\303\335\352\274Z\357\346\213\004\256\366\364\207"
  62      BC5AEFE6 
  62      8B04AEF6 
  62      F487
  63 01ad CB25CC3C 		.ascii	"\313%\314<\266\304\264\236%\314\201G`:v\355\374\310"
  63      B6C4B49E 
  63      25CC8147 
  63      603A76ED 
  63      FCC8
  64 01bf E0CF094C 		.ascii	"\340\317\011LM\345\321\037\\j\255\013Q\320\241G\200"
  64      4DE5D11F 
  64      5C6AAD0B 
  64      51D0A147 
  64      80
  65 01d0 AED73DF8 		.ascii	"\256\327=\370\330k/7\361\227\016\207!\023\016\342S\207"
  65      D86B2F37 
  65      F1970E87 
  65      21130EE2 
  65      5387
  66 01e2 4F1032A9 		.ascii	"O\0202\251\311\330\333z\260\343\330\351\303\275\301"
  66      C9D8DB7A 
  66      B0E3D8E9 
  66      C3BDC1
  67 01f1 9742E6C0 		.ascii	"\227B\346\300\200e\206N\350u\236\205\300\310\207\331"
  67      8065864E 
  67      E8759E85 
  67      C0C887D9 
  68 0201 D18B7D43 		.ascii	"\321\213}C\277\216\035\324\234@-t\341\253\335`\224\301"
  68      BF8E1DD4 
  68      9C402D74 
  68      E1ABDD60 
  68      94C1
  69 0213 8DAF368F 		.ascii	"\215\2576\217\010\366\2225\021\205#\211B\223Q8G\320"
  69      08F69235 
  69      11852389 
  69      42935138 
  69      47D0
  70 0225 5B8AC832 		.ascii	"[\212\3102\222\364Q$F\223q\014\275\215E\341\032'\322"
  70      92F45124 
  70      4693710C 
  70      BD8D45E1 
  70      1A27D2
  71 0238 A78AA0F1 		.ascii	"\247\212\240\361\"\023\221eL \221\206\302=\221\022\247"
  71      22139165 
  71      4C209186 
  71      C23D9112 
  71      A7
  72 0249 53FC2452 		.ascii	"S\374$R'\223\310\020\240)\344\231J\201Y$\246\221'\233"
ARM GAS  C:\cygwin\tmp\ccB37Mmc.s 			page 5


  72      2793C810 
  72      A029E499 
  72      4A815924 
  72      A691279B 
  73 025d 6CD3293A 		.ascii	"l\323):\207\324\031$r\311\346\247\220Y$\362H\314&1\207"
  73      87D41924 
  73      72C9E6A7 
  73      905924F2 
  73      48CC2631 
  74 0272 C45C12F9 		.ascii	"\304\\\022\371$\346\221\230O\210\005$\012\304\"\214"
  74      24E69198 
  74      4F880524 
  74      0AC4228C 
  75 0282 F560DF68 		.ascii	"\365`\337h\376{5\215\376y7\224\375\363N\367g\234Ziq"
  75      FE7B358D 
  75      FE793794 
  75      FDF34EF7 
  75      679C5A69 
  76 0297 17B6BDB2 		.ascii	"\027\266\275\262\342\344y\007\215&\027t\365\265\235"
  76      E2E47907 
  76      8D261774 
  76      F5B59D
  77 02a6 7DDB5303 		.ascii	"}\333S\003\333\240\202{,\356\204\006\232 \370\032j\200"
  77      DBA0827B 
  77      2CEE8406 
  77      9A20F81A 
  77      6A80
  78 02b8 09EC5312 		.ascii	"\011\354S\022i\304#=\303\221^L\015G\004\362(!\257\203"
  78      69C4233D 
  78      C3915E4C 
  78      0D4704F2 
  78      2821AF83 
  79 02cc 26B8C3AE 		.ascii	"&\270\303\256#\224\375\012\345\235VC3\014\246\012\336"
  79      2394FD0A 
  79      E59D5643 
  79      330CA60A 
  79      DE
  80 02dd 3972DF4B 		.ascii	"9r\337K\251\\\310\33615\264\275\032g\227\375X\262\265"
  80      A95CC8DE 
  80      3135B4BD 
  80      1A6797FD 
  80      58B2B5
  81 02f0 35D07A50 		.ascii	"5\320zP\225,R\343\320`1\225\"A\334\312\033iv\274C\012"
  81      952C52E3 
  81      D0603195 
  81      2241DCCA 
  81      1B6976BC 
  82 0306 6FC4E511 		.ascii	"o\304\345\021D\341\221M\337\235\262\311$\211\252\212"
  82      44E1914D 
  82      DF9DB2C9 
  82      2489AA8A 
  83 0316 1FAD5795 		.ascii	"\037\255W\225!~;\016\254\241)V\203\316\252\323\270\200"
  83      217E3B0E 
  83      ACA12956 
  83      83CEAAD3 
  83      B880
  84 0328 DFB5143C 		.ascii	"\337\265\024<\211\340\344\263\261\306d\252\257\1771"
ARM GAS  C:\cygwin\tmp\ccB37Mmc.s 			page 6


  84      89E0E4B3 
  84      B1C664AA 
  84      AF7F31
  85 0337 B3B85B6E 		.ascii	"\263\270[n\345\223\355\375\255\342\344\333 \004p\034"
  85      E593EDFD 
  85      ADE2E4DB 
  85      2004701C 
  86 0347 F388ED0E 		.ascii	"\363\210\355\016\334T\333uc\314\037;\267V9e\214\011"
  86      DC54DB75 
  86      63CC1F3B 
  86      B7563965 
  86      8C09
  87 0359 7022B696 		.ascii	"p\"\266\226\2355q\271Vw\271ZkDt-\007\033\360J\372\376"
  87      9D3571B9 
  87      5677B95A 
  87      6B44742D 
  87      071BF04A 
  88 036f BAA77A31 		.ascii	"\272\247z1\362\241\256{U\327C\222/YX\262\214\214\025"
  88      F2A1AE7B 
  88      55D74392 
  88      2F5958B2 
  88      8C8C15
  89 0382 E6A4C29A 		.ascii	"\346\244\302\232\243\205\275.s%\013\213,\303\311\266"
  89      A385BD2E 
  89      73250B8B 
  89      2CC3C9B6 
  90 0392 B8398B80 		.ascii	"\2709\213\200\007Q\233n\232M\272,5\035N\202\317q\310"
  90      07519B6E 
  90      9A4DBA2C 
  90      351D4E82 
  90      CF71C8
  91 03a5 1B811474 		.ascii	"\033\201\024t4\326l\336cH\207\006\247\320Q\373\236\021"
  91      34D66CDE 
  91      63488706 
  91      A7D051FB 
  91      9E11
  92 03b7 8171F18D 		.ascii	"\201q\361\215\324\261\221a\364\204\275\230\324\305\272"
  92      D4B19161 
  92      F484BD98 
  92      D4C5BA
  93 03c6 34B9B74E 		.ascii	"4\271\267N\265\265\321\321\255\031l\207\217\332X\031"
  93      B5B5D1D1 
  93      AD196C87 
  93      8FDA5819 
  94 03d6 7850AF7C 		.ascii	"xP\257|\251\026\247\033\370\360\246\366:\265\010@\013"
  94      A916A71B 
  94      F8F0A6F6 
  94      3AB50840 
  94      0B
  95 03e7 16189DA4 		.ascii	"\026\030\235\244:\232\244T\332b$\320Z\245@\343-\274"
  95      3A9AA454 
  95      DA6224D0 
  95      5AA540E3 
  95      2DBC
  96 03f9 5F730683 		.ascii	"_s\006\203\016R\320x\305\375\015\207\014\362Yx\233\""
  96      0E52D078 
  96      C5FD0D87 
ARM GAS  C:\cygwin\tmp\ccB37Mmc.s 			page 7


  96      0CF25978 
  96      9B22
  97 040b AEC72EF5 		.ascii	"\256\307.\365\011h\302\225\272\376\335wT\334\320\006"
  97      0968C295 
  97      BAFEDD77 
  97      54DCD006 
  98 041b 025BC127 		.ascii	"\002[\301'Q]\232\014J\30389\377a\265\326\304\307\236"
  98      515D9A0C 
  98      4AC33839 
  98      FF61B5D6 
  98      C4C79E
  99 042e 95B6D859 		.ascii	"\225\266\330Y\351\327el\372C<MT<\235\216\347i\224\214"
  99      E9D7656C 
  99      FA433C4D 
  99      543C9D8E 
  99      E769948C 
 100 0442 FC25D4D8 		.ascii	"\374%\324\330\351\224<=\003g\206W2\011\343\010\361\267"
 100      E9943C3D 
 100      03678657 
 100      3209E308 
 100      F1B7
 101 0454 2A7FB228 		.ascii	"*\177\262(n\222\010R;\314@k\254\007A\352A\006\023\207"
 101      6E920852 
 101      3BCC406B 
 101      AC0741EA 
 101      41061387 
 102 0468 E8E70655 		.ascii	"\350\347\006U\374\024\252\340I\207h\021\033\262\245"
 102      FC14AAE0 
 102      49876811 
 102      1BB2A5
 103 0477 B3E2144D 		.ascii	"\263\342\024M\021d\271\331\361,\270\016eIL\346\346L"
 103      1164B9D9 
 103      F12CB80E 
 103      65494CE6 
 103      E64C
 104 0489 2A82114D 		.ascii	"*\202\021M)\242\363rg\201\273\001\265\352X4\251\203"
 104      29A2F372 
 104      6781BB01 
 104      B5EA5834 
 104      A983
 105 049b 77D57A4B 		.ascii	"w\325zK\331\242\247=\002\350\303\257=\022fl\016\342"
 105      D9A2A73D 
 105      02E8C3AF 
 105      3D12666C 
 105      0EE2
 106 04ad 2469164F 		.ascii	"$i\026O!5\325\350\377\035Un\361q\244f\030\265\357\273"
 106      2135D5E8 
 106      FF1D556E 
 106      F171A466 
 106      18B5EFBB 
 107 04c1 B10C0FEB 		.ascii	"\261\014\017\353\314\344\230\351\274\325pI\035\007\032"
 107      CCE498E9 
 107      BCD57049 
 107      1D071A
 108 04d0 98E66B07 		.ascii	"\230\346k\007z\335r`t\370&6\321^\232h\321\307h\223\246"
 108      7ADD7260 
 108      74F82636 
ARM GAS  C:\cygwin\tmp\ccB37Mmc.s 			page 8


 108      D15E9A68 
 108      D1C76893 
 109 04e5 0E1B832C 		.ascii	"\016\033\203,4\015\362\036V\335\236\206\016\311e\227"
 109      340DF21E 
 109      56DD9E86 
 109      0EC96597 
 110 04f5 E232FBB1 		.ascii	"\3422\373\261\274\267\307x\377I\305N\177\210\367l\305"
 110      BCB7C778 
 110      FF49C54E 
 110      7F88F76C 
 110      C5
 111 0506 FBB978DE 		.ascii	"\373\271x\336\307`\344 \321\321\245s\320\021O\364\014"
 111      C760E420 
 111      D1D1A573 
 111      D0114FF4 
 111      0C
 112 0517 514D4E3C 		.ascii	"QMN<\261\230\376\306\355c+\327\277\211G\015\003\310"
 112      B198FEC6 
 112      ED632BD7 
 112      BF89470D 
 112      03C8
 113 0529 CCA003D6 		.ascii	"\314\240\003\326K\266\037\364\251\276\344\322\272Ob"
 113      4BB61FF4 
 113      A9BEE4D2 
 113      BA4F62
 114 0538 3B7F28DB 		.ascii	";\177(\333\347\005\333\271\262\234\216\352%2\213\237"
 114      E705DBB9 
 114      B29C8EEA 
 114      25328B9F 
 115 0548 A813A63B 		.ascii	"\250\023\246;*\357,Eq\245\2520\017M\220\353\223\254"
 115      2AEF2C45 
 115      71A5AA30 
 115      0F4D90EB 
 115      93AC
 116 055a DF53DB98 		.ascii	"\337S\333\230-\220y\022\331\257&a\016MJ\034r.\232\024"
 116      2D907912 
 116      D9AF2661 
 116      0E4D4A1C 
 116      722E9A14 
 117 056e 724BA04B 		.ascii	"rK\240K\031\363\321\256\030\261z\002\321\236\316\023"
 117      19F3D1AE 
 117      18B17A02 
 117      D19ECE13 
 118 057e 29F387F6 		.ascii	")\363\207\366j>\332\343{\265@\264k~\374\241(@\353\320"
 118      6A3EDAE3 
 118      7BB540B4 
 118      6B7EFCA1 
 118      2840EBD0 
 119 0592 43512026 		.ascii	"CQ &#A|\026o\321\324Z\\\027\203\250\307\337a\032\336"
 119      23417C16 
 119      6FD1D45A 
 119      5C1783A8 
 119      C7DF611A 
 120 05a7 6117C0A7 		.ascii	"a\027\300\247u\331\360\336\327/;\360F\266\207]xy\271"
 120      75D9F0DE 
 120      D72F3BF0 
 120      46B6875D 
ARM GAS  C:\cygwin\tmp\ccB37Mmc.s 			page 9


 120      7879B9
 121 05ba 0EE1855F 		.ascii	"\016\341\205_\340\335\221\207\337X\240$\370\245\235"
 121      E0DD9187 
 121      DF58A024 
 121      F8A59D
 122 05c9 3673A67F 		.ascii	"6s\246\177\335\213\213_\366\227\254-\364/_\272\242d"
 122      DD8B8B5F 
 122      F697AC2D 
 122      F42F5FBA 
 122      A264
 123 05db 8D7F55E1 		.ascii	"\215\177U\341\272e\253\213K\375\253\226\275RT\\\270"
 123      BA65AB8B 
 123      4BFDAB96 
 123      BD52545C 
 123      B8
 124 05ec 7AE98AE2 		.ascii	"z\351\212\342\3453\013\031/)]k_[T\262ne\251\275\244"
 124      E5330B19 
 124      2F295D6B 
 124      5F5B54B2 
 124      6E65A9BD 
 125 0601 E8B59545 		.ascii	"\350\265\225E\305\274t\325\032(\374\0377s/\351"
 125      C5BC74D5 
 125      1A28FC1F 
 125      37732FE9 
 126              		.text
 127              		.section	.gnu.lto_mf_rewind.2d271367,"",%progbits
 128 0000 789C7D52 		.ascii	"x\234}R\317O\023Q\020\236\357\275\335\267\333f\253\377"
 128      CF4F1351 
 128      109EEFBD 
 128      DDB7DB66 
 128      ABFF
 129 0012 00076E48 		.ascii	"\000\007nHLZ/\336\214\307z\367\2427\017\255\020\016"
 129      4C5A2FDE 
 129      8CC77AF7 
 129      A2370FAD 
 129      100E
 130 0024 1443E1CC 		.ascii	"\024C\341\314\243\333\2121\036\274H\202b\332\213\001"
 130      A3DB8A31 
 130      1EBC4882 
 130      62DA8B01 
 131 0034 4429F82B 		.ascii	"D)\370+r+M\004Cb\215&\352A4*I\017\352\2415\032\022\203"
 131      722B4D04 
 131      43628D26 
 131      EA41342A 
 131      490FEAA1 
 132 004c D679FB7A 		.ascii	"\326y\373z(&:\311\276}3;\3377\337\314\254C c/\005Q\222"
 132      28263AC9 
 132      BE7D333B 
 132      DF37DFCC 
 132      AC432063 
 133 0064 DF67F881 		.ascii	"\337g\370\201G\020W\033D\323\276\200c/\322^6|G\270\215"
 133      4710571B 
 133      44D3BE80 
 133      632FD25E 
 133      367C47B8 
 134 0079 6D221D57 		.ascii	"m\"\035WuI:p\205\354u\025`\322\264\017\232\022\322q"
 134      75493A70 
ARM GAS  C:\cygwin\tmp\ccB37Mmc.s 			page 10


 134      85EC7515 
 134      60D2B40F 
 134      9A12D271 
 135 008d 15A68443 		.ascii	"\025\246\204C\326~\210_\002\365\231\346\272\030\\\320"
 135      D67E885F 
 135      02F599E6 
 135      BA185CD0 
 136 009d 6C1F9EEC 		.ascii	"l\037\236\354\036\323\2135\224$QG\330\034,`\220\263"
 136      1ED38B35 
 136      94245147 
 136      D81C2C60 
 136      90B3
 137 00af 5E1457E7 		.ascii	"^\024W\347\345wQ\222\200\303n\373\331\365\335C\306\025"
 137      E5775192 
 137      80C36EFB 
 137      D9F5DD43 
 137      C615
 138 00c1 E867F7D5 		.ascii	"\350g\367\325\336\233j \217\202\370^\250\\\371\242\006"
 138      DE9B6A20 
 138      8F82F85E 
 138      A85CF9A2 
 138      06
 139 00d2 6E695DD0 		.ascii	"ni]\320\272\235\325\261\222\224\270\015\311|XB\037\026"
 139      BA9DD5B1 
 139      9294B80D 
 139      C97C5842 
 139      1F16
 140 00e4 D1471C22 		.ascii	"\321G\034\",c\300\244\177Z\373}-\241\212\246|\277-\212"
 140      2C63C0A4 
 140      7F5AFB7D 
 140      2DA18AA6 
 140      7CBF2D8A 
 141 00f8 3B506604 		.ascii	";Pf\004\325\3235\335\351\204\272VV\033\217U\202+3\304"
 141      D5D335DD 
 141      E984BA56 
 141      561B8F55 
 141      822B33C4 
 142 010c 61B0E39A 		.ascii	"a\260\343\232\3033\207\317\207\033\343C\305\215\033"
 142      C33387CF 
 142      871BE343 
 142      C58D1B
 143 011b 1897A8C5 		.ascii	"\030\227\250\3054-Em!\370%\233(\374\274\2749\027\030"
 143      342D456D 
 143      21F8259B 
 143      28FCBCBC 
 143      391718
 144 012e DE501AF5 		.ascii	"\336P\032\365\263\245\372s\317\250\227\221\342\275\255"
 144      B3A5FA73 
 144      CFA89791 
 144      E2BDAD
 145 013d ED4B4119 		.ascii	"\355KA\0317\271o/\344\330]\226HXA\031\324D8\177q\007"
 145      37B96F2F 
 145      E4D85D96 
 145      48584119 
 145      D444387F 
 146 0153 16EA5AF4 		.ascii	"\026\352Z\364\273\247K\313\335Qt\330\016\243\312\371"
 146      BBA74BCB 
ARM GAS  C:\cygwin\tmp\ccB37Mmc.s 			page 11


 146      DD5174D8 
 146      0EA3CAF9 
 147 0163 5C64364A 		.ascii	"\\d6J\353\341\2336M%\016\220\2562ih$\2628I\225-\222"
 147      EBE19B36 
 147      4D250E90 
 147      AE326968 
 147      24B23849 
 148 017a 5185F773 		.ascii	"Q\205\367s'm\211x(\275\377\363\035\247\003\204k\021"
 148      276D8978 
 148      28BDFFF3 
 148      1DA70384 
 148      6B11
 149 018c 613C2274 		.ascii	"a<\"t\2107m\333}=w\302\022z\377\354\357\236\355\217"
 149      88376DDB 
 149      7D3D77C2 
 149      127AFFEC 
 149      EF9EED8F 
 150 01a0 93BF76FB 		.ascii	"\223\277v\373\363{G\343\375=\032\337H\273\037A\037t"
 150      F37B47E3 
 150      FD3D1ADF 
 150      48BB1F41 
 150      1F74
 151 01b2 A1DF6676 		.ascii	"\241\337fv\244\205\306\030M\037Ql\204\271n\240\227\213"
 151      A485C618 
 151      4D1F516C 
 151      84B96EA0 
 151      978B
 152 01c4 D7898706 		.ascii	"\327\211\207\006\031\311t\211\377O\323\367~\232B\031"
 152      19C97489 
 152      FF4FD3F7 
 152      7E9A4219 
 153 01d4 D8BA372A 		.ascii	"\330\2727*\373\233\321P]\324\200G\234\314lo\303\025"
 153      FB9BD150 
 153      5DD48047 
 153      9CCC6C6F 
 153      C315
 154 01e6 61E98228 		.ascii	"a\351\202(d\361\312,\3653\012\265\365\264\371\030E["
 154      64F1CA2C 
 154      F5330AB5 
 154      F5B4F918 
 154      455B
 155 01f8 021CE5B5 		.ascii	"\002\034\345\265\037I&S\223\247\322gS\371\361Lj8;\222"
 155      1F492653 
 155      93A7D267 
 155      53F9F14C 
 155      6A383B92 
 156 020c BF901ACD 		.ascii	"\277\220\032\315L\016\215\345&R\243C\347\316\3472c\331"
 156      4C0E8DE5 
 156      2652A343 
 156      E7CEE732 
 156      63D9
 157 021e 91DC7032 		.ascii	"\221\334p2C2?1\376\007\266K\376F"
 157      43323F31 
 157      FE07B64B 
 157      FE46
 158              		.text
 159              		.section	.gnu.lto_.symbol_nodes.2d271367,"",%progbits
ARM GAS  C:\cygwin\tmp\ccB37Mmc.s 			page 12


 160 0000 789C6361 		.ascii	"x\234ca`dPc\000\002\246K\214\365\014\014\023\31610\000"
 160      60645063 
 160      0002A64B 
 160      8CF50C0C 
 160      13CE3130 
 161 0015 A95D0D8A 		.ascii	"\251]\015\212@\221\313\214\365\214(\"\014\000\300\273"
 161      4091CB8C 
 161      F58C2822 
 161      0C00C0BB 
 162 0025 0946     		.ascii	"\011F"
 163              		.text
 164              		.section	.gnu.lto_.refs.2d271367,"",%progbits
 165 0000 789C6361 		.ascii	"x\234ca`\004B \000\000\0009\000\007"
 165      60044220 
 165      00000039 
 165      0007
 166              		.text
 167              		.section	.gnu.lto_.decls.2d271367,"",%progbits
 168 0000 789C8D54 		.ascii	"x\234\215ToL[U\024\277\347\275g\241\317R\010!\013\211"
 168      6F4C5B55 
 168      14BFE7BD 
 168      67A1CF52 
 168      08210B89 
 169 0014 D5907D20 		.ascii	"\325\220} \375B+11jL\374`\262}01~q\321\244I\323\265"
 169      FD422B31 
 169      316A4CFC 
 169      60B27D30 
 169      317E71D1 
 170 002c 059A8CB2 		.ascii	"\005\232\214\262\364O\014\237\274)\335\262\241\270\262"
 170      F44F0C9F 
 170      BC29DDB2 
 170      A1B8B2
 171 003b 30E370CB 		.ascii	"0\343p\313&\331f\021\220\362G\034n\260\352\370\267\215"
 171      26D96611 
 171      90F2471C 
 171      6EB0EAF8 
 171      B78D
 172 004d 6DC00441 		.ascii	"m\300\004A\2460\235|\231&5,Q6\227z\356\275\357\361:"
 172      A6309D7C 
 172      9926352C 
 172      5136977A 
 172      EEBDEFF1 
 173 0062 A47137EF 		.ascii	"\244q7\357\274w\317y\347\374~\277s\357}O!@\3308b\"\244"
 173      BC77CF79 
 173      E7FC7EBF 
 173      73EF7D4F 
 173      2140D838 
 174 0079 0CA73338 		.ascii	"\014\24738\317\342\220\361\271\207\030CB\233@\273J\376"
 174      CFE290F1 
 174      B9871843 
 174      429B40BB 
 174      4AFE
 175 008b 3B58DC8A 		.ascii	";X\334\212V\212V\206v\031m\010-\2156\207\326\2176\217"
 175      568A5686 
 175      76196D08 
 175      2D8D3687 
 175      D68F368F 
ARM GAS  C:\cygwin\tmp\ccB37Mmc.s 			page 13


 176 009f 9642B3A1 		.ascii	"\226B\263\241\275\205\266\2106\210\326\247a\200\206"
 176      BD85B688 
 176      3688D6A7 
 176      618086
 177 00ae B375303E 		.ascii	"\263u0>\263\246E\307\037\3220S\032\356V\234\3554>\222"
 177      B3A645C7 
 177      1FD23053 
 177      1AEE569C 
 177      ED343E92 
 178 00c2 60E4D6C3 		.ascii	"`\344\326\303\033\3122,\001\366\002%\"\033\304\035\270"
 178      1BCA322C 
 178      01F60225 
 178      221BC41D 
 178      B8
 179 00d3 1161DCC5 		.ascii	"\021a\334\305\211\304\357\304\010\201\236\250\371\222"
 179      89C4EFC4 
 179      08819EA8 
 179      F992
 180 00e1 3E259B60 		.ascii	">%\233`\374\322\352\371:\362\301A\014t\320\212\204\257"
 180      FCD2EAF9 
 180      3AF2C141 
 180      0C74D08A 
 180      84AF
 181 00f3 EB06CD97 		.ascii	"\353\006\315\227\014\002\020\256^\220\203'\344jp\206"
 181      0C0210AE 
 181      5E908327 
 181      E46A7086 
 182 0103 E6CD9E40 		.ascii	"\346\315\236@o:\363\341z\213,K\300\346+\033\311]\216"
 182      6F3AF3E1 
 182      7A8B2C4B 
 182      C0E62B1B 
 182      C95D8E
 183 0116 6E8A2341 		.ascii	"n\212#A\251\364\254\2612\263\361\324\011\371\276\004"
 183      A9F4ACB1 
 183      32B3F1D4 
 183      09F9BE04 
 184 0126 A52A28E8 		.ascii	"\245*(\350\376y\275\375W+\272e*T\240;\377\367\310\003"
 184      FE79BDFD 
 184      572BBA65 
 184      2A54A03B 
 184      FFF7C803 
 185 013a 8BBC8341 		.ascii	"\213\274\203A(\003\261\225\317\254`\267\001\340\245"
 185      2803B195 
 185      CFAC60B7 
 185      01E0A5
 186 0149 9ED3B108 		.ascii	"\236\323\261\010\244@\205n\220\365\345n\247\207(\315"
 186      A440856E 
 186      90F5E56E 
 186      A78728CD 
 187 0159 BCCFC238 		.ascii	"\274\317\3028/\344O\214\304h\246\203\232\312\011\274"
 187      2FE44F8C 
 187      C468A683 
 187      9ACA09BC 
 188 0169 6083E76D 		.ascii	"`\203\347m\004z\300\316+;\301A\240\0271\277\004\033"
 188      047AC0CE 
 188      2B3BC141 
 188      A01731BF 
ARM GAS  C:\cygwin\tmp\ccB37Mmc.s 			page 14


 188      041B
 189 017b 13F4E3E4 		.ascii	"\023\364\343\344t\334\244j\005\211'(\270\327\265\266"
 189      74DCA46A 
 189      05892728 
 189      B8D7B5B6 
 190 018b 60B534B3 		.ascii	"`\2654\263\202D\023-\235\262B\037fua\302\027\230@\240"
 190      8244132D 
 190      9DB2421F 
 190      667561C2 
 190      179840A0 
 191 019f 1F2CBC86 		.ascii	"\037,\274\206\267{\347\350\375EI~\2065$\305[\357&\237"
 191      B77BE7E8 
 191      FD45497E 
 191      863524C5 
 191      5BEF269F 
 192 01b3 028B3D5F 		.ascii	"\002\213=_)|\205\214F5\357x\365\330\331P\214R\200A\214"
 192      297C858C 
 192      4635EF78 
 192      F5D8D950 
 192      8C528041 
 193 01c8 0F80ACBD 		.ascii	"\017\200\254\275ci\202\340`\333\344\317\246\307\324"
 193      636982E0 
 193      60DBE4CF 
 193      A6C7D4
 194 01d7 B04C43CD 		.ascii	"\260LC\315\020Od\231\247F\227Z\255\212$b\260Wa\261\263"
 194      104F6499 
 194      A746975A 
 194      AD8A2462 
 194      B05761B1 
 195 01ec 0F1E66D8 		.ascii	"\017\036f\330nT\252\200\337!\006z\177\037\336(\022\001"
 195      6E54AA80 
 195      DF21067A 
 195      7F1FDE28 
 195      1201
 196 01fe F6FED2B5 		.ascii	"\366\376\322\265+\347,\362\033|>\236\375+],vNBw.3}\362"
 196      2BE72CF2 
 196      1B7C3E9E 
 196      FD2B5D2C 
 196      764E4277 
 197 0216 69B17325 		.ascii	"i\261s%\330\334\231t\354\000n\223\235/$m\242j\322J\340"
 197      D8DC9974 
 197      EC006E93 
 197      9D2F246D 
 197      A26AD24A 
 198 022b 22CAB8C0 		.ascii	"\"\312\270\300:\033\305\316*\265\245\034\306\340y\014"
 198      3A1BC5CE 
 198      2AB5A51C 
 198      C6E0790C 
 199 023b 8AFE7E9A 		.ascii	"\212\376~\232\250\032\246\264\004Fp!\2761\372\253T\205"
 199      A81AA6B4 
 199      04467021 
 199      BE31FAAB 
 199      5485
 200 024d E8D1D6E5 		.ascii	"\350\321\326\3455UN\000_\300\316\314twq^\216o\363r\254"
 200      35554E00 
 200      5FC0CECC 
 200      7477715E 
ARM GAS  C:\cygwin\tmp\ccB37Mmc.s 			page 15


 200      8E6FF372 
 201 0262 37577633 		.ascii	"7Wv3\2164r\\28\220R\220\334\216\255\376#\313S\202\244"
 201      8E34725C 
 201      32389052 
 201      90DC8EAD 
 201      FE23CB53 
 202 0278 6DE69758 		.ascii	"m\346\227X\376F\306\362\222\034\373\355]\276Q\227\221"
 202      FE46C6F2 
 202      921CFBED 
 202      5DBE5197 
 202      91
 203 0289 E43B8324 		.ascii	"\344;\203$\255\223,\366u|`*\377\230\037\343&Z\241\360"
 203      AD932CF6 
 203      757C602A 
 203      FF981FE3 
 203      265AA1F0 
 204 029d 44639FC6 		.ascii	"Dc\237\306\241\034\357_\203\"\262\217f\317\264\024\354"
 204      A11CEF5F 
 204      8322B28F 
 204      66CFB414 
 204      EC
 205 02ae 3C4D4FA7 		.ascii	"<MO\247\350\352\354G\305\307\373)=\214\225\012\313\203"
 205      E8EAEC47 
 205      C5C7FB29 
 205      3D8C950A 
 205      CB83
 206 02c0 A4019FE4 		.ascii	"\244\001\237\344\337\001|\016\313\370QN\300N,M\254\264"
 206      DF017C0E 
 206      CBF8514E 
 206      C04E2C4D 
 206      ACB4
 207 02d2 B517C91B 		.ascii	"\265\027\311\033\274\233m7}\370vO\302\234\253d\317\216"
 207      BC9B6D37 
 207      7DF8764F 
 207      C29CAB64 
 207      CF8E
 208 02e4 1C2157B8 		.ascii	"\034!W\270\220)]\310\330\302\332\035\263\020\222>yP"
 208      90295DC8 
 208      D8C2DA1D 
 208      B310923E 
 208      7950
 209 02f6 3E4ED371 		.ascii	">N\323q\254\223X\032L\032:&su\\\345:z\017\334\355,\304"
 209      AC93581A 
 209      4C1A3A26 
 209      73755CE5 
 209      3A7A0FDC 
 210 030d 0362C3B3 		.ascii	"\003b\303\263\0059G\313&\216\326`z\275G\221\233\370"
 210      053947CB 
 210      268ED660 
 210      7ABD4791 
 210      9BF8
 211 031f EF429A1D 		.ascii	"\357B\232\035X\0327\203]\325\317\304s\347\331~\335\304"
 211      581A3783 
 211      5DD5CFC4 
 211      73E7D97E 
 211      DDC4
 212 0331 15BA6E70 		.ascii	"\025\272np\330\330Jn\363e\337\300=\261i{2\215}\\\023"
ARM GAS  C:\cygwin\tmp\ccB37Mmc.s 			page 16


 212      D8D84A6E 
 212      F365DFC0 
 212      3DB1697B 
 212      328D7D5C 
 213 0346 DF69E7A9 		.ascii	"\337i\347\251\344X\221\334\"\010\376h\273wH\336$Xo\266"
 213      E45891DC 
 213      2208FE68 
 213      BB7748DE 
 213      24586FB6 
 214 035a 75318239 		.ascii	"u1\2029$\2301\010nB\036\206\331m\030X\361#I\276\270"
 214      24983108 
 214      6E421E86 
 214      D96D1858 
 214      F12349BE 
 215 036f F0E90919 		.ascii	"\360\351\011\031\264\237\024\377\025\321Y\200y\376/"
 215      B49F14FF 
 215      15D15980 
 215      79FE2F
 216 037e 62FFA5D7 		.ascii	"b\377\245\327\370\234\205i&FM\237XuP\302_\020\270\205"
 216      F89C8569 
 216      26464D9F 
 216      587550C2 
 216      5F10B885 
 217 0392 95DF33BC 		.ascii	"\225\3373\274y\216w\370H\274\305\362\030^&\233-\200"
 217      798E77F8 
 217      48BCC5F2 
 217      185E269B 
 217      2D80
 218 03a4 451D90B6 		.ascii	"E\035\220\266v\274\312=\016\271\365|\022\376\212\300"
 218      76BCCA3D 
 218      0EB9F57C 
 218      12FE8AC0 
 219 03b4 0FE82F30 		.ascii	"\017\350/0P\346\252\3655\356Z\177\304[\347\011\025\356"
 219      50E6AAF5 
 219      35EE5A7F 
 219      C45BE709 
 219      15EE
 220 03c6 7EF3ED8A 		.ascii	"~\363\355\212\327\253\253\211\302<\023\276\010GBv\207"
 220      D7ABAB89 
 220      C23C13BE 
 220      08474276 
 220      87
 221 03d7 C319DDBD 		.ascii	"\303\031\335\275\353\035g8\344u\326\372\002\341\375"
 221      EB1D6738 
 221      E475D6FA 
 221      02E1FD
 222 03e6 CE7A6FB4 		.ascii	"\316zo\264\246!\030qb\202?\350m\360\005\202\265\216"
 222      A6211871 
 222      62823FE8 
 222      6DF00582 
 222      B58E
 223 03f8 3AA2BADD 		.ascii	":\242\272\335\321@0R\375\242;\362\262\367\025\227\267"
 223      D1403052 
 223      FDA23BF2 
 223      B2F71597 
 223      B7
 224 0409 B1F6BD40 		.ascii	"\261\366\275@\320\345\011\325W\005\033\202\376*\277"
ARM GAS  C:\cygwin\tmp\ccB37Mmc.s 			page 17


 224      D0E509D5 
 224      57051B82 
 224      FE2ABF
 225 0418 676FC015 		.ascii	"go\300\025\010z\367E}~W\275\307[\027\010\372]n\237\277"
 225      087AF745 
 225      7D7E57BD 
 225      C75B1708 
 225      FA5D6E9F 
 226 042d C613DD17 		.ascii	"\306\023\335\027qG\032\367\373\303\010R\250C8\376\017"
 226      71471AF7 
 226      FBC30852 
 226      A84338FE 
 226      0F
 227 043e 22DC1876 		.ascii	"\"\334\030v\241>$\217`]\001ja\242\237P\255\227\230\321"
 227      A13E248F 
 227      605D016A 
 227      61A29F50 
 227      AD9798D1 
 228 0452 0DF911DE 		.ascii	"\015\371\021\336g\026\272_rG\012\264\347\277\013\312"
 228      6716BA5F 
 228      72470AB4 
 228      E7BF0BCA 
 229 0462 39DC     		.ascii	"9\334"
 230              		.text
 231              		.section	.gnu.lto_.symtab.2d271367,"",%progbits
 232 0000 6D665F67 		.ascii	"mf_getchar\000"
 232      65746368 
 232      617200
 233 000b 00       		.ascii	"\000"
 234 000c 00       		.ascii	"\000"
 235 000d 00       		.ascii	"\000"
 236 000e 00000000 		.ascii	"\000\000\000\000\000\000\000\000"
 236      00000000 
 237 0016 C6000000 		.ascii	"\306\000\000\000"
 238 001a 6D665F72 		.ascii	"mf_rewind\000"
 238      6577696E 
 238      6400
 239 0024 00       		.ascii	"\000"
 240 0025 00       		.ascii	"\000"
 241 0026 00       		.ascii	"\000"
 242 0027 00000000 		.ascii	"\000\000\000\000\000\000\000\000"
 242      00000000 
 243 002f CA000000 		.ascii	"\312\000\000\000"
 244              		.text
 245              		.section	.gnu.lto_.opts,"",%progbits
 246 0000 272D666D 		.ascii	"'-fmath-errno' '-fsigned-zeros' '-ftrapping-math' '"
 246      6174682D 
 246      6572726E 
 246      6F272027 
 246      2D667369 
 247 0033 2D666E6F 		.ascii	"-fno-trapv' '-fno-openmp' '-fno-openacc' '-mcpu=cor"
 247      2D747261 
 247      70762720 
 247      272D666E 
 247      6F2D6F70 
 248 0066 7465782D 		.ascii	"tex-m3' '-mno-thumb-interwork' '-mthumb' '-ggdb' '-"
 248      6D332720 
ARM GAS  C:\cygwin\tmp\ccB37Mmc.s 			page 18


 248      272D6D6E 
 248      6F2D7468 
 248      756D622D 
 249 0099 4F322720 		.ascii	"O2' '-fomit-frame-pointer' '-falign-functions=16' '"
 249      272D666F 
 249      6D69742D 
 249      6672616D 
 249      652D706F 
 250 00cc 2D666675 		.ascii	"-ffunction-sections' '-fdata-sections' '-fno-common"
 250      6E637469 
 250      6F6E2D73 
 250      65637469 
 250      6F6E7327 
 251 00ff 2720272D 		.ascii	"' '-flto'\000"
 251      666C746F 
 251      2700
 252              		.text
 253              		.comm	__gnu_lto_v1,1,1
 254              		.comm	__gnu_lto_slim,1,1
 255              		.ident	"GCC: (GNU Tools for ARM Embedded Processors) 5.4.1 20160919 (release) [ARM/embedded-5-bran
ARM GAS  C:\cygwin\tmp\ccB37Mmc.s 			page 19


DEFINED SYMBOLS
                            *ABS*:00000000 mf_encoding.c
                            *COM*:00000001 __gnu_lto_v1
                            *COM*:00000001 __gnu_lto_slim

NO UNDEFINED SYMBOLS
