ARM GAS  C:\cygwin\tmp\ccUgb6Fz.s 			page 1


   1              		.syntax unified
   2              		.cpu cortex-m3
   3              		.fpu softvfp
   4              		.eabi_attribute 20, 1
   5              		.eabi_attribute 21, 1
   6              		.eabi_attribute 23, 3
   7              		.eabi_attribute 24, 1
   8              		.eabi_attribute 25, 1
   9              		.eabi_attribute 26, 1
  10              		.eabi_attribute 30, 2
  11              		.eabi_attribute 34, 1
  12              		.eabi_attribute 18, 4
  13              		.thumb
  14              		.syntax unified
  15              		.file	"mf_scaledfont.c"
  16              		.text
  17              	.Ltext0:
  18              		.section	.gnu.lto_.profile.2d27101c,"",%progbits
  19 0000 789C6361 		.ascii	"x\234ca`d`e`\000\222m\214q\000\002p\000\361"
  19      60646065 
  19      6000926D 
  19      8C710002 
  19      7000F1
  20              		.text
  21              		.section	.gnu.lto_.icf.2d27101c,"",%progbits
  22 0000 789C6361 		.ascii	"x\234ca`d\000\001)\006\004`a\350]~\366\"\023\343\225"
  22      60640001 
  22      29060460 
  22      61E85D7E 
  22      F62213E3 
  23 0015 7553BFB1 		.ascii	"uS\277\2613}o\234\371\233\237\371\376\231\003\017X\031"
  23      337D6F9C 
  23      F99B9FF9 
  23      FE99030F 
  23      5819
  24 0027 00A6920C 		.ascii	"\000\246\222\014}"
  24      7D
  25              		.text
  26              		.section	.gnu.lto_.jmpfuncs.2d27101c,"",%progbits
  27 0000 789C6361 		.ascii	"x\234ca`d\000\201\271\014\010\300\302\300\312\010\002"
  27      60640081 
  27      B90C08C0 
  27      C2C0CA08 
  27      02
  28 0011 F2F5F5F5 		.ascii	"\362\365\365\365\214\365\\pq\246Jf\010\243^\200\221"
  28      8CF55C70 
  28      71A64A66 
  28      08A35E80 
  28      91
  29 0022 899191B9 		.ascii	"\211\221\221\271\236\221\005,\312\010\026bb\003kb\264"
  29      9E91052C 
  29      CA081662 
  29      62036B62 
  29      B4
  30 0033 07EBAAE7 		.ascii	"\007\353\252\347\001\0122\376eb\234\326z\350<\373\027"
  30      010A32FE 
  30      65629CD6 
ARM GAS  C:\cygwin\tmp\ccUgb6Fz.s 			page 2


  30      7AE83CFB 
  30      17
  31 0044 A65666A0 		.ascii	"\246Vf\240E\214\313\031e\200\242\020\012b\032H\311\316"
  31      458CCB19 
  31      6580A210 
  31      0A621A48 
  31      C9CE
  32 0056 9D6F6EB3 		.ascii	"\235on\263\327\377m\350hh\020hef\374\317\004\022_\301"
  32      D7FF6DE8 
  32      68681068 
  32      6566FCCF 
  32      04125FC1 
  33 006a 580FB20A 		.ascii	"X\017\262\012hE\275\0003\013\310`~\240\301\365\014\000"
  33      6845BD00 
  33      330BC860 
  33      7EA0C1F5 
  33      0C00
  34 007c 99DE1CBE 		.ascii	"\231\336\034\276"
  35              		.text
  36              		.section	.gnu.lto_.inline.2d27101c,"",%progbits
  37 0000 789C654E 		.ascii	"x\234eN1j\303@\020\234\335;\345\316\211\215/\306\030"
  37      316AC340 
  37      109CDD3B 
  37      E5CE898D 
  37      2FC618
  38 0013 9B340EC8 		.ascii	"\2334\016\310\010\227\201<@\245+\221'\370)*l\020\270"
  38      0897813C 
  38      40A52B91 
  38      27F8292A 
  38      6C10B8
  39 0026 51E1C29D 		.ascii	"Q\341\302\235[?CO\360\007\004)U\247\017d\367dCB\006"
  39      5B3F434F 
  39      F0070429 
  39      55A70F64 
  39      F7644342 
  40 003b 6E667697 		.ascii	"nfv\227\275\035\013\202\342\255\227\010\013\274\234"
  40      BD1D0B82 
  40      E2AD9708 
  40      0BBC9C
  41 004a 999CF504 		.ascii	"\231\234\365\004\223\2630l\020\373\201p\267\3338\333"
  41      93B3306C 
  41      10FB8170 
  41      B7DB38DB 
  42 005a 9036C64F 		.ascii	"\2206\306O\337\007\207\301\376\310\014\352\234\355\031"
  42      DF0787C1 
  42      FEC80CEA 
  42      9CED19
  43 0069 7C1D0FD5 		.ascii	"|\035\017\325\205X\007\255S\245w-\363\330\314\225J\342"
  43      855807AD 
  43      53A5772D 
  43      F3D8CC95 
  43      4AE2
  44 007b 5E74581A 		.ascii	"^tX\032\345\306h\014?%$\255\253\213\326)\023Fs\",\345"
  44      E5C6680C 
  44      3F2524AD 
  44      AB8BD629 
  44      13467322 
ARM GAS  C:\cygwin\tmp\ccUgb6Fz.s 			page 3


  45 0091 EE27D9A4 		.ascii	"\356'\331\244\312\340\252\354\317E\301\303\004\340\272"
  45      CAE0AAEC 
  45      CF45C1C3 
  45      04E0BA
  46 00a0 A80B0E8B 		.ascii	"\250\013\016\213\224\0144e\311Q*\276\355\372\347nG\377"
  46      940C3465 
  46      C9512ABE 
  46      EDFAE76E 
  46      47FF
  47 00b2 96857CB4 		.ascii	"\226\205|\264\376wh\301\343L\276\255\013@\237\301*\225"
  47      FE7768C1 
  47      E34CBEAD 
  47      0B409FC1 
  47      2A95
  48 00c4 A0EB4BC3 		.ascii	"\240\353K\303x=}It\305\017\2038/\267"
  48      783D7D49 
  48      74C50F83 
  48      382FB7
  49              		.text
  50              		.section	.gnu.lto_.pureconst.2d27101c,"",%progbits
  51 0000 789C6361 		.ascii	"x\234ca`d\340d```a\260d\224d\222d\226\002\000\003\202"
  51      6064E064 
  51      60606061 
  51      B0649464 
  51      92649602 
  52 0017 009E     		.ascii	"\000\236"
  53              		.text
  54              		.section	.gnu.lto_scaled_pixel_callback.2d27101c,"",%progbits
  55 0000 789C8D55 		.ascii	"x\234\215UML\\U\024\276\347\336\367\336\374\362\323"
  55      4D4C5C55 
  55      14BEE7DE 
  55      F7DEFCF2 
  55      D3
  56 0011 1F28A553 		.ascii	"\037(\245S\034\023\011\251\261LM\027nte\322n\\\271r"
  56      1C1309A9 
  56      B14C4D17 
  56      6E7465D2 
  56      6E5CB972 
  57 0025 67260355 		.ascii	"g&\003U\023\372\2232$\222&\3661o\006\214\032\2451bJ"
  57      13FA9332 
  57      249226F6 
  57      316F068C 
  57      1AA53162 
  58 003a A4E00F29 		.ascii	"\244\340\017)\265\3222\326\026\241\255NQ\240\302X\305"
  58      B5D232D6 
  58      16A1AD4E 
  58      51A0C258 
  58      C5
  59 004b 9531925A 		.ascii	"\2251\222Z0\265iM\312\024k7\016x\316\271\257\365\211"
  59      30B5694D 
  59      CA146B37 
  59      0E78CEB9 
  59      AFF589
  60 005e 2EE6255C 		.ascii	".\346%\\\356=\234\357;\337\371\271\027C\200\240\257"
  60      EE3D9CEF 
  60      3BDFF9B9 
  60      174380A0 
ARM GAS  C:\cygwin\tmp\ccUgb6Fz.s 			page 4


  60      AF
  61 006f 6809F10C 		.ascii	"h\011\361\014\376\336\215?`\011\220\335W\204\350\360"
  61      FEDE8D3F 
  61      600990DD 
  61      5784E8F0 
  62 007f 4B30F446 		.ascii	"K0\364F\351\315%\277!\325\033\323B\330A3\355\023v\330"
  62      E9CD25BF 
  62      21D51BD3 
  62      42D84133 
  62      ED1376D8 
  63 0093 0420BBED 		.ascii	"\004 \273\355\007qX*\303\204\303\322\020\372\273+\213"
  63      0771582A 
  63      C384C3D2 
  63      10FABB2B 
  63      8B
  64 00a4 1226BAAE 		.ascii	"\022&\272\256\217\311m\307m\374~\231\234-\267\207r\220"
  64      8FC96DC7 
  64      6DFC7E99 
  64      9C2DB787 
  64      7290
  65 00b6 5142AC4A 		.ascii	"QB\254J\355\003\307a\033zM\256\336\313U\374!3\012\200"
  65      ED03C761 
  65      1B7A4DAE 
  65      DECB55FC 
  65      21330A80 
  66 00ca 403F2CE5 		.ascii	"@?,\345\373Bt\224P\211\307\336\361\256TPm\007\201\373"
  66      FB427494 
  66      5089C7DE 
  66      F1AE5450 
  66      6D0781FB 
  67 00de D48981B7 		.ascii	"\324\211\201\267\002\015\203\304g\217\306m3\243\024"
  67      020D83C4 
  67      678FC66D 
  67      33A314
  68 00ed 7C0C0AF9 		.ascii	"|\014\012\371\340\004D`\010\"\002M\002NB\003z_xm\366"
  68      E0044460 
  68      0822024D 
  68      024E4203 
  68      7A5F786D 
  69 0102 2FBF8A31 		.ascii	"/\277\2121\322)v\337P.r\336E~\362?\310aF\246V:\347\244"
  69      D22976DF 
  69      502E72DE 
  69      457EF23F 
  69      C86146A6 
  70 011a 7A9C91C5 		.ascii	"z\234\221\305\341\345\333&!S\266\375\366T\310\336\221"
  70      E1E5DB26 
  70      2153B6FD 
  70      F654C8DE 
  70      91
  71 012b 51069CD2 		.ascii	"Q\006\234\322\320\235\021\330A@C\300i\006N.\316\334"
  71      D09D11D8 
  71      414043C0 
  71      69064E2E 
  71      CEDC
  72 013d 02F50403 		.ascii	"\002\365\004\003G\336\374\251hi`\356\352\357\362]\233"
  72      47DEFCA9 
  72      686960EE 
ARM GAS  C:\cygwin\tmp\ccUgb6Fz.s 			page 5


  72      EAEFF25D 
  72      9B
  73 014e 923760E4 		.ascii	"\2227`\344?\320,C\347\322#\357)]\005\003\217\205o{\027"
  73      3FD02C43 
  73      E7D223EF 
  73      295D0503 
  73      8F856F7B 
  74 0163 CB7515A2 		.ascii	"\313u\025\242x\234\357\273\275l\250\247t\025\316\024"
  74      789CEFBB 
  74      BD6CA8A7 
  74      7415CE14 
  75 0173 BBC15554 		.ascii	"\273\301UTh\266\003\031e\302g\232\365\014\346\362)\347"
  75      68B60319 
  75      65C2679A 
  75      F50CE6F2 
  75      29E7
  76 0185 620A380B 		.ascii	"b\0128\013\015\344\276pu \345SO3tx\356\365\017\254\372"
  76      0DE4BE70 
  76      7520E553 
  76      4F337478 
  76      EEF50FAC 
  77 019a 0F59D3DD 		.ascii	"\017Y\323\335$J\352\210\222\246s^M<\020\022\376\034"
  77      244AEA88 
  77      92A6735E 
  77      4D3C1012 
  77      FE1C
  78 01ac BBF98ADA 		.ascii	"\273\371\212\332\305\250#\337_\316\203\213Z\036\220"
  78      C5A823DF 
  78      5FCE838B 
  78      5A1E90
  79 01bb 47ED5C1A 		.ascii	"G\355\\\032a\026|\376\357\240.p!\273\362N\231\225\246"
  79      61167CFE 
  79      EFA02E70 
  79      21BBF24E 
  79      9995A6
  80 01ce 4A47610C 		.ascii	"JGa\014\352a\024\352u\313a\034,\0348 \313\351gs\366"
  80      EA6114EA 
  80      75CB611C 
  80      2C1C3820 
  80      CBE96773 
  81 01e3 EAAA63E7 		.ascii	"\352\252c\347\012FV>\014\202l\230:j6Q\275\317\002\252"
  81      0A46563E 
  81      0C826C98 
  81      3A6A3651 
  81      BDCF02AA 
  82 01f7 A88FEBEA 		.ascii	"\250\217\353\352G\203?\200K HK\010\250\277a\332\226"
  82      47833F80 
  82      4B20484B 
  82      08A8BF61 
  82      DA96
  83 0209 D1524E4B 		.ascii	"\321RNK\0057\275\222<\327\321y=\221l\240\335F\240\246"
  83      0537BD92 
  83      3CD7D179 
  83      3D916CA0 
  83      DD46A0A6 
  84 021d 56D1B69A 		.ascii	"V\321\266\232\226M\264\324\320\2377\343\022\254\245"
  84      964DB4D4 
ARM GAS  C:\cygwin\tmp\ccUgb6Fz.s 			page 6


  84      D09F37E3 
  84      12ACA5
  85 022c E3165AA8 		.ascii	"\343\026Z\250j\376\255T\272:\240\236DY\223\020K(\035"
  85      6AFEAD54 
  85      BA3AA09E 
  85      44599310 
  85      4B281D
  86 023f A7BD2025 		.ascii	"\247\275 %\376R\013\220\242\032p*\230\234\203Cs\035"
  86      FE520B90 
  86      A21A702A 
  86      989C8343 
  86      731D
  87 0251 52E3D963 		.ascii	"R\343\331c\217\221\311Q&V\240'3\361\235\217zgq\371\356"
  87      8F91C951 
  87      2656A027 
  87      33F19D8F 
  87      7A6771F9 
  88 0266 4DCFBC1A 		.ascii	"M\317\274\032\356\207>l\177\010\375\341<\325\012\355"
  88      EE873E6C 
  88      7F08FDE1 
  88      3CD50AED 
  89 0276 83BFA64E 		.ascii	"\203\277\246N\371b\333\251\001\027\240\037V\370V\300"
  89      F962DBA9 
  89      0117A01F 
  89      56F856C0 
  90 0286 458821A3 		.ascii	"E\210!\243\323\333\3713hF\037\222:\312\022\013\240\243"
  90      D3DBF933 
  90      68461F92 
  90      3ACA120B 
  90      A0A3
  91 0298 6245D0C8 		.ascii	"bE\320\310Q\013\307\036\322>\376R\302(\370\202\303\320"
  91      510BC71E 
  91      D23EFE52 
  91      C228F882 
  91      C3D0
  92 02aa 9D872F39 		.ascii	"\235\207/9L\352N\327\223\232!\200$l\360\351s\020\243"
  92      4CEA4ED7 
  92      939A2180 
  92      246CF0E9 
  92      7310A3
  93 02bd 7ACF6147 		.ascii	"z\317aG\205X\227\245\317e\354\022&S\217k*g\2262/\252"
  93      855897A5 
  93      CF65EC12 
  93      26538F6B 
  93      2A679632 
  94 02d3 02AD0F84 		.ascii	"\002\255\017\204\237$\341\025\272\\\375\256\360\312"
  94      9F24E115 
  94      BA5CFDAE 
  94      F0CA
  95 02e1 D284E758 		.ascii	"\322\204\347X8\317\320\2455\302\327!\011s\276\377\210"
  95      38CFD0A5 
  95      35C2D721 
  95      0973BEFF 
  95      88
  96 02f2 36AC2FAD 		.ascii	"6\254/\255\344\023L\251\210\362\2535\224\033\220\304"
  96      E4134CA9 
  96      88F2AB35 
ARM GAS  C:\cygwin\tmp\ccUgb6Fz.s 			page 7


  96      941B90C4 
  97 0302 9B4595A3 		.ascii	"\233E\225\2436zs\257f\227*o\356\233XH\365\203\\\365"
  97      367A73AF 
  97      66972A6F 
  97      EE9B5848 
  97      F5835CF5 
  98 0316 3BF2DBAD 		.ascii	";\362\333\255\363-\207\3321\001t \263\200\257\341\220"
  98      F32D87DA 
  98      31017420 
  98      B380AFE1 
  98      90
  99 0327 A0113AD2 		.ascii	"\240\021:\322\306n8`\336y1\360\036L\362M*\2402|i\025"
  99      C66E3860 
  99      DE7931F0 
  99      1E4CF24D 
  99      2AA0327C 
 100 033d 176BD02D 		.ascii	"\027k\320-\326\346R2\013\303\024gF\0171L\337\317,\357"
 100      D6E65232 
 100      0BC31467 
 100      460F314C 
 100      DFCF2CEF 
 101 0351 0E53ADA3 		.ascii	"\016S\255\243\300\253{\013K\257\365f\033A+\027\324\205"
 101      C0AB7B0B 
 101      4BAFF566 
 101      1B412B17 
 101      D485
 102 0363 6CF544ED 		.ascii	"l\365D\355\240[]\004\261&\370\374\305\305s*6\314\257"
 102      A05B5D04 
 102      B126F8FC 
 102      C5C5732A 
 102      36CCAF
 103 0376 EB4E7A8E 		.ascii	"\353Nz\216.\263\004\223$|\203\022n@\015\247\217)\010"
 103      2EB30493 
 103      247C8312 
 103      6E400DA7 
 103      8F2908
 104 0389 1E8A088F 		.ascii	"\036\212\010\217u\035\222gx`\234\236\316\251\217B:^"
 104      751D9267 
 104      78609C9E 
 104      CEA98F42 
 104      3A5E
 105 039b 142522E7 		.ascii	"\024%\"\347\331\256|6\250\213\0020\203\201\356\227v"
 105      D9AE7C36 
 105      A88B0230 
 105      8381EE97 
 105      76
 106 03ac 946E5D94 		.ascii	"\224n]\224kd\010\374\367CW\262Rh3\260\360ku\232\251"
 106      6B6408FC 
 106      F74357B2 
 106      526833B0 
 106      F06B759A 
 107 03c1 A6B44998 		.ascii	"\246\264I\230\375g\022\362(\366\032\244\2578\325\232"
 107      FD6712F2 
 107      28F61AA4 
 107      AF38D59A 
 108 03d1 0190846E 		.ascii	"\001\220\204n\345\035\324\200\215\221?b'\243j(\204\261"
 108      E51DD480 
ARM GAS  C:\cygwin\tmp\ccUgb6Fz.s 			page 8


 108      8D913F62 
 108      27A36A28 
 108      84B1
 109 03e3 4D7A0D6E 		.ascii	"Mz\015nb+\217\232\234\033}Kx\267\322>\034\323G\033\033"
 109      622B8F9A 
 109      9C1B7D4B 
 109      78B7D23E 
 109      1CD3471B 
 110 03f8 636DBB77 		.ascii	"cm\273w=\027k=\230\210\275\320\364R\353\201\330\336"
 110      3D176B3D 
 110      9888BDD0 
 110      F452EB81 
 110      D8DE
 111 040a 44DB9EFD 		.ascii	"D\333\236\375\373\222\261\275{\236oM\304[\232\233\350"
 111      FB92B1BD 
 111      7B9E6F4D 
 111      C45B9A9B 
 111      E8
 112 041b D49810F0 		.ascii	"\324\230\020\3602\264\233\211\375m\373\222f\274\345"
 112      32B49B89 
 112      FD6DFB92 
 112      66BCE5
 113 042a C08B71B3 		.ascii	"\300\213q\2635\031O6\313\246v\353 \357\376\006a\035"
 113      35194F36 
 113      CBA676EB 
 113      20EFFE06 
 113      611D
 114 043c 2734     		.ascii	"'4"
 115              		.text
 116              		.section	.gnu.lto_mf_scaled_character_width.2d27101c,"",%progbits
 117 0000 789C8D92 		.ascii	"x\234\215\222ML\023Q\020\307\337\177\337\266\335B\005"
 117      4D4C1351 
 117      10C7DF7F 
 117      DFB6DD42 
 117      05
 118 0011 EEF6C041 		.ascii	"\356\366\300A\322\324\204\256\321+\2117<x\363\344\315"
 118      D2D484AE 
 118      D12B8937 
 118      3C78F3E4 
 118      CD
 119 0022 D4528444 		.ascii	"\324R\204D\324\264\020\217<\332\2561\352AM\004$\"\022"
 119      D4B4108F 
 119      3CDAAE31 
 119      EA414D04 
 119      242212
 120 0035 43F8500A 		.ascii	"C\370P\012\025Q@L6&\250A\254Q\023\343\321 \242\341\004"
 120      1551404C 
 120      3626A841 
 120      AC5113E3 
 120      D120A2E1 
 121 004a 51523940 		.ascii	"QR9@\235y\213\211zr\223\335\2673;\377\337|\255) \370"
 121      9D798B89 
 121      7A7293DD 
 121      B7333BFF 
 121      DF7CAD29 
 122 0060 AA96421C 		.ascii	"\252\226B\034\245s/\335\220\002\306\325\242\020]\226"
 122      A5732FDD 
ARM GAS  C:\cygwin\tmp\ccUgb6Fz.s 			page 9


 122      9002C6D5 
 122      A2105D96 
 123 0070 01F08BB2 		.ascii	"\001\360\213\262 :\015tb\323\3306\360\252\364\362JE"
 123      203A0D74 
 123      62D3D836 
 123      F0AAF4F2 
 123      4A45
 124 0082 7458A98C 		.ascii	"tX\251\214\372\264\360>\3243\342\302!y\331\0208\024"
 124      FAB4F03E 
 124      D433E2C2 
 124      2179D910 
 124      3814
 125 0094 C6813023 		.ascii	"\306\2010#\206\021\245\310\267\271\311[\362\207\341"
 125      8611A5C8 
 125      B7B9C95B 
 125      F287E1
 126 00a3 48C02473 		.ascii	"H\300$s\343u\337\347*6\015\324\222\271zit#$\353!\350"
 126      E375DFE7 
 126      2A360DD4 
 126      92B97A69 
 126      742324EB 
 127 00b9 7DEBCED3 		.ascii	"}\353\316\323\245\352\310\0203U)\251\202\216\224\030"
 127      A5EAC810 
 127      335529A9 
 127      828E9418 
 128 00c9 8364E628 		.ascii	"\203d\346(\302\030AX\220K\340\036\"\024\275P.\271\325"
 128      C2184158 
 128      904BE01E 
 128      2214BD50 
 128      2EB9D5
 129 00dc 1E970B7A 		.ascii	"\036\227\013z\267\276\324_\351qk\310\\\034\233\355\266"
 129      B7BED45F 
 129      E9716BC8 
 129      5C1C9BED 
 129      B6
 130 00ed E441CDFD 		.ascii	"\344A\315\375R(^\223\036\327\035\030\224\275\312\245"
 130      52285E93 
 130      1ED71D18 
 130      94BDCAA5 
 131 00fd 3013790F 		.ascii	"0\023y\017=N\350\373\032m\012L \302\212\265\217\227"
 131      3D4EE8FB 
 131      1A6D0A4C 
 131      20C28AB5 
 131      8F97
 132 010f E74DD9A0 		.ascii	"\347M\331\240\325\223\317\235\206\272\273Z<\335\321"
 132      D593CF9D 
 132      86BABB5A 
 132      3CDDD1
 133 011e A3DCAE5A 		.ascii	"\243\334\256Zj\024\223\236\370w\257\202#?\270_\177V"
 133      6A14939E 
 133      F877AF82 
 133      233FB85F 
 133      7F56
 134 0130 C946AD5A 		.ascii	"\311F\255Z\273^\334\362\357\312\2466qS\2719\322\371"
 134      BB5EDCF2 
 134      EFCAA636 
 134      7153B939 
ARM GAS  C:\cygwin\tmp\ccUgb6Fz.s 			page 10


 134      D2F9
 135 0142 F0E0EF7E 		.ascii	"\360\340\357~v\225\313\205\235\033{\3749EW-\246P\207"
 135      7695CB85 
 135      9D1B7BFC 
 135      3945572D 
 135      A65087
 136 0155 02EA7896 		.ascii	"\002\352x\2264\304\207\360\323v\300\236\211c\256*\227"
 136      34C487F0 
 136      D376C09E 
 136      8963AE2A 
 136      97
 137 0166 B3CA2DF8 		.ascii	"\263\312-\370\266\215\012\200\007!y$&=\374>p\365\001"
 137      B68D0A80 
 137      07217924 
 137      263DFC3E 
 137      70F501
 138 0179 C1911639 		.ascii	"\301\221\0269\002A\301\033\021\353\204\341\375m\030"
 138      0241C11B 
 138      11EB84E1 
 138      FD6D18
 139 0188 069F7219 		.ascii	"\006\237r\031\031\256H\203)UVB\254\"3W\310\307\330\225"
 139      19AE4883 
 139      29555642 
 139      AC223357 
 139      C8C7D895 
 140 019c 9592EAE9 		.ascii	"\225\222\352\351v\236\275\011\3600}\272\231\322\213"
 140      769EBD09 
 140      F0307DBA 
 140      99D28B
 141 01ab C58BA101 		.ascii	"\305\213\241\001\364\323\212-\212\3074WN\376\241\225"
 141      F4D38A2D 
 141      8AC73457 
 141      4EFEA195 
 142 01bb 4C3E60D7 		.ascii	"L>`\327\363\236\036a\000;\\\260\300c\330\2328\270\317"
 142      F39E1E61 
 142      003B5CB0 
 142      C063D89A 
 142      38B8CF
 143 01ce 039A7F02 		.ascii	"\003\232\177\002\345\277\300 e\304\314.\360v\357\314"
 143      E5BFC020 
 143      65C4CC2E 
 143      F076EFCC 
 144 01de F72A7B5C 		.ascii	"\367*{\\\3258\262\002\263\032\311\277&\346\010\371\015"
 144      D538B202 
 144      B31AC9BF 
 144      26E608F9 
 144      0D
 145 01ef 8E3AEC11 		.ascii	"\216:\354\021\003\004\025\244\313J\237#+\3052\014\335"
 145      030415A4 
 145      CB4A9F23 
 145      2BC5320C 
 145      DD
 146 0200 4D81BB09 		.ascii	"M\201\273\011x\335LD\275P\353\177\312\027x\242s\351"
 146      78DD4C44 
 146      BD50EB7F 
 146      CA1778A2 
 146      73E9
ARM GAS  C:\cygwin\tmp\ccUgb6Fz.s 			page 11


 147 0212 81CFEBF2 		.ascii	"\201\317\353\362\263}\027V\340!\202:\241%\326\2744\344"
 147      B37D1756 
 147      E021823A 
 147      A125D6BC 
 147      34E4
 148 0224 107AACE0 		.ascii	"\020z\254\340q\222d\177,fw\034i<n\247S\011\373TSk\372"
 148      7192647F 
 148      2C66771C 
 148      693C6EA7 
 148      5309FB54 
 149 023b 9CDD96E8 		.ascii	"\234\335\226\350h>{\246\335nk>\221N\304O'\233\330\212"
 149      683E7BA6 
 149      DD6E6B3E 
 149      914EC44F 
 149      279BD88A 
 150 024f 2584C967 		.ascii	"%\204\311g0\321\022O\305\023\355\311T\360d<\235<\337"
 150      30D1124F 
 150      C513EDC9 
 150      54F0643C 
 150      9D3CDF
 151 0262 DAD4DEE2 		.ascii	"\332\324\336\342K\363\227_\003\233\017\266"
 151      4BF3975F 
 151      039B0FB6 
 152              		.text
 153              		.section	.gnu.lto_mf_scaled_render_character.2d27101c,"",%progbits
 154 0000 789C8D54 		.ascii	"x\234\215T]L[e\030\376\336\363\235\323\323BiK`z!\211"
 154      5D4C5B65 
 154      18FEDEF3 
 154      9DD3D342 
 154      694B607A 
 155 0016 5C48C84C 		.ascii	"\\H\310L\306!\032#Q\023\023/\364\302+\365\306\304\013"
 155      C6211A23 
 155      5113132F 
 155      F4C22BF5 
 155      C6C40B
 156 0029 534AF713 		.ascii	"SJ\367\0237\267\320\022\365\306\236\266\034Ct1\2148"
 156      37B7D012 
 156      F5C69EB6 
 156      1C437431 
 156      8C38
 157 003b 18648868 		.ascii	"\030d\210h\310\006\312F\231\342\312\006\034\331\350"
 157      C806CA46 
 157      99E2CA06 
 157      1CD9E8
 158 004a 36C698C3 		.ascii	"6\306\230\303m\350\346\2629':\324H\203\210M\204\372"
 158      6DE8E6B2 
 158      39273AD4 
 158      4883884D 
 158      84FA
 159 005c BEDF57B6 		.ascii	"\276\337W\266I\210\241\311\371\371\276\363<\317\367"
 159      4988A1C9 
 159      F9F9BEF3 
 159      3CCFF7
 160 006b BC7F5519 		.ascii	"\274\177U\0310\372u;\030\333\202\317\007\360\002\316"
 160      30FA753B 
 160      18DB82CF 
 160      07F002CE 
ARM GAS  C:\cygwin\tmp\ccUgb6Fz.s 			page 12


 161 007b 40699C64 		.ascii	"@i\234d,\352T\000\350\305t\002\213(\020\201\005eI\201"
 161      2CEA5400 
 161      E8C57402 
 161      8B281081 
 161      05654981 
 162 008f B38BA777 		.ascii	"\263\213\247w\347m<`\2321\363F\327\025w\313A\033,\316"
 162      E76D3C60 
 162      9A31F346 
 162      D71577CB 
 162      411B2CCE 
 163 00a3 585661F0 		.ascii	"XVa\360h\011T\226\220\304\001\330\210\310\013\365}\373"
 163      68095496 
 163      90C401D8 
 163      88C80BF5 
 163      7DFB
 164 00b5 F99F8AC5 		.ascii	"\371\237\212\305\001T\\\246\317\265\375\350\241\245"
 164      01545CA6 
 164      CFB5FDE8 
 164      A1A5
 165 00c3 02A5B89C 		.ascii	"\002\245\270\234y\267;\355\346\233\200\341{\346\243"
 165      79B73BED 
 165      E69B80E1 
 165      7BE6A3
 166 00d2 A1096F79 		.ascii	"\241\011oy\027i\232\231\240\351\2628\207\036\340\244"
 166      17699A99 
 166      A0E9B238 
 166      871EE0A4 
 167 00e2 D90D2570 		.ascii	"\331\015%p\020J\030n1\370\024\312\021=\226]\264\275"
 167      104A186E 
 167      31F814CA 
 167      113D965D 
 167      B4BD
 168 00f4 52970C4D 		.ascii	"R\227\014M\315M\264\347K]\037.\177\277>\375\261\306"
 168      CD4DB4E7 
 168      4B5D1F2E 
 168      7FBF3EFD 
 168      B1C6
 169 0106 1F11BAB1 		.ascii	"\037\021\272\261\177&\246\200tM\323\276\324\311\367"
 169      7F26A680 
 169      744DD3BE 
 169      D4C9F7
 170 0115 9936C254 		.ascii	"\2316\302T8$\245{Q\3723!\25528,\244g:\022\375\032\177"
 170      3824A57B 
 170      51FA3321 
 170      AD32382C 
 170      A4673A12 
 171 012c 4C906FBF 		.ascii	"L\220o\277\3374\255I\262\231\361\233\0321\373\326`&"
 171      DF34AD49 
 171      B299F19B 
 171      1A31FBD6 
 171      6026
 172 013e 0473BC27 		.ascii	"\004s\274'\331\354\344U\202\371Sbr\017\227\341\330\323"
 172      D9ECE455 
 172      82F95362 
 172      720F97E1 
 172      D8D3
 173 0150 5DB96335 		.ascii	"]\271c5\350_M\326\030\034\021\344_{\256\\\364\360g\004"
ARM GAS  C:\cygwin\tmp\ccUgb6Fz.s 			page 13


 173      E85F4DD6 
 173      181C11E4 
 173      5F7BAE5C 
 173      F4F06704 
 174 0164 7977EBB1 		.ascii	"yw\353\261f\310\221\277K\363V\323V-\356\200\317W\247"
 174      66C891BF 
 174      4BF356D3 
 174      562DEE80 
 174      CF57A7
 175 0177 C3C1E00B 		.ascii	"\303\301\340\013A\276\326\376\307\274\312\237\227\001"
 175      41BED6FE 
 175      C7BCCA9F 
 175      9701
 176 0185 1F596A5C 		.ascii	"\037Yj\\!_\315(\222\254\303\300j\262\316\340K('\306"
 176      215FCD28 
 176      92ACC3C0 
 176      6AB2CEE0 
 176      4B2827C6 
 177 0199 ECB7EF1D 		.ascii	"\354\267\357\035W\371\013\202\335\227\262\236*\373D"
 177      57F90B82 
 177      DD97B29E 
 177      2AFB44
 178 01a8 90E7EB5A 		.ascii	"\220\347\353ZL;Z\212\225\205\243\222\274R\\\306\356"
 178      4C3B5A8A 
 178      9585A392 
 178      BC525CC6 
 178      EE
 179 01b9 CD39889C 		.ascii	"\3159\210\234\017\314\234I\345\311\022\230\200\353\277"
 179      0FCC9C49 
 179      E5C91298 
 179      80EBBF
 180 01c8 92B36FF3 		.ascii	"\222\263o\363W\204f\252\275\267QAQ\033K\220^\202\250"
 180      578466AA 
 180      BDB75141 
 180      511B4B90 
 180      5E82A8
 181 01db 69D7A3AA 		.ascii	"i\327\243\252\023\216K\325chi\020\356\350^\266\177\376"
 181      138E4BD5 
 181      63686910 
 181      EEE85EB6 
 181      7FFE
 182 01ed DBC3AB05 		.ascii	"\333\303\253\005s\266i2\343\310\331\271\276\000\255"
 182      73B66932 
 182      E3C8D9B9 
 182      BE00AD
 183 01fc 92E982E1 		.ascii	"\222\351\202\341\377\006\223c\336L,\357-p\324S\261J"
 183      FF069363 
 183      DE4C2CEF 
 183      2D70D453 
 183      B14A
 184 020e 6104CA60 		.ascii	"a\004\312`\010\257$\224QcbG\332\340\300VWVv\017\277"
 184      08AF2494 
 184      51636247 
 184      DAE0C056 
 184      5756760F 
 185 0223 689BD96C 		.ascii	"h\233\331l\334\264\257iI\367\375\000\324Y\030\013&T"
 185      DCB4AF69 
ARM GAS  C:\cygwin\tmp\ccUgb6Fz.s 			page 14


 185      49F7FD00 
 185      D459180B 
 185      2654
 186 0235 03CA8C8E 		.ascii	"\003\312\214\2169\312s\321-\037\2505\012\200\312\354"
 186      39CA73D1 
 186      2D1FA835 
 186      0A80CAEC 
 187 0245 A52EF4E1 		.ascii	"\245.\364\341-\277\020\250rE\214\264\212\011\266\201"
 187      2DBF10A8 
 187      72458CB4 
 187      8A09B681 
 188 0255 D110B039 		.ascii	"\321\020\2609<\214F&\255(\364\3447!F\336\305\361h*\316"
 188      3C8C4626 
 188      AD28F4E4 
 188      372146DE 
 188      C5F1682A 
 189 026a 81CD40AC 		.ascii	"\201\315@\254-=\364\004m\241\355\376h|A1zE\223=NuF\203"
 189      2D3DF404 
 189      6DA1EDFE 
 189      687C4131 
 189      7A45933D 
 190 0282 CBE498C1 		.ascii	"\313\344\230\301W`\304\261\351\011\237\0306r\370\271"
 190      5760C4B1 
 190      E9099F18 
 190      3672F8B9 
 191 0292 131F8C7B 		.ascii	"\023\037\214{\357\342u\211\247)\206Q\302k\204\037L\017"
 191      EFE27589 
 191      A7298651 
 191      C26B841F 
 191      4C0F
 192 02a4 3F49F838 		.ascii	"?I\3708\327\221\322l\215\236\327\2518.\221\326\305S"
 192      D791D26C 
 192      8D9ED7A9 
 192      382E91D6 
 192      C553
 193 02b6 E30DEE0E 		.ascii	"\343\015\356\016h\307\251u\243\0378A9\304\375\256[\261"
 193      68C7A975 
 193      A31F3841 
 193      39C4FDAE 
 193      5BB1
 194 02c8 43BAB189 		.ascii	"C\272\261\211*~\022:`Y\021y\033\003\203\024\233;\357"
 194      2A7E123A 
 194      60591179 
 194      1B038314 
 194      9B3BEF
 195 02db 5BDB3093 		.ascii	"[\3330\223\006(vH\221\001]\030H\214\344\014\270\326"
 195      06287648 
 195      91015D18 
 195      488CE40C 
 195      B8D6
 196 02ed 77E22971 		.ascii	"w\342)q\242J*\247\327w\242F\3303t\242K\246t\344\301"
 196      A24A2AA7 
 196      D777A246 
 196      D83374A2 
 196      4BA674E4 
 197 0302 B5F1AAC4 		.ascii	"\265\361\252\304;\010?N\370|\231\322\223i\376\277\004"
 197      3B083F4E 
ARM GAS  C:\cygwin\tmp\ccUgb6Fz.s 			page 15


 197      F87C99D2 
 197      9369FEBF 
 197      04
 198 0313 9D086789 		.ascii	"\235\010g\211P C\032\373A\2231y\327\023\023\207\011"
 198      5020431A 
 198      FB419331 
 198      79D71313 
 198      8709
 199 0325 11939364 		.ascii	"\021\223\223d\316\311\230\006;\037\222\012\276{\313"
 199      CEC99806 
 199      3B1F920A 
 199      BE7BCB
 200 0334 C25797A5 		.ascii	"\302W\227\245\000\217\200\311\234\340\207\373\216\316"
 200      008F80C9 
 200      9CE087FB 
 200      8ECE
 201 0342 7BD09CCF 		.ascii	"{\320\234\317\342\0368/$]$\3715J\376\202C1\247K\311"
 201      E21E382F 
 201      245D24F9 
 201      354AFE82 
 201      4331A74B 
 202 0357 225465D2 		.ascii	"\"Te\322\333\035e\025\030\\\3001\301+\316\013\361K2"
 202      DB1D6515 
 202      185CC031 
 202      C12BCE0B 
 202      F14B32
 203 036a F9DB553D 		.ascii	"\371\333U=\262d6`\244/Y\334\233UDk2\230\202\010~\216"
 203      B2643660 
 203      A42F59DC 
 203      9B55446B 
 203      32988208 
 204 0380 9AB7F7E3 		.ascii	"\232\267\367\343\213\370\273lI=mq\237\230\027\201\370"
 204      8BF8BB6C 
 204      493D6D71 
 204      9F981781 
 204      F8
 205 0391 0622162F 		.ascii	"\006\"\026/d\324\320{S^\321\320Ij\350\"\331p\251=\271"
 205      64D4D07B 
 205      535ED1D0 
 205      496AE822 
 205      D970A93D 
 206 03a6 E414AFAF 		.ascii	"\344\024\257\257\340\027\357\266\330%\221\234x\333;"
 206      E017EFB6 
 206      D825919C 
 206      78DB3B
 207 03b5 B7404A6C 		.ascii	"\267@Jl\020\321\024\343\346\350\367B\225\\ \275\365"
 207      10D114E3 
 207      E6E8F742 
 207      955C20BD 
 207      F5
 208 03c6 86DDA455 		.ascii	"\206\335\244U\015\230\015\250\353dp\031\252\330,(9\016"
 208      0D980DA8 
 208      EB647019 
 208      AAD82C28 
 208      390E
 209 03d8 13D30734 		.ascii	"\023\323\0074u\250\372pE\205Q\367\334\263/\033\241\332"
 209      75A8FA70 
ARM GAS  C:\cygwin\tmp\ccUgb6Fz.s 			page 16


 209      458551F7 
 209      DCB32F1B 
 209      A1DA
 210 03ea 80B1A566 		.ascii	"\200\261\245f[h\227\261#P\267y\347\353ac\307\346WC\001"
 210      5B6897B1 
 210      2350B779 
 210      E7EB6163 
 210      C7E65743 
 211 03ff FFF6600D 		.ascii	"\377\366`\015\255*\002L\245\247\362f\245\362V\245+\260"
 211      AD2A024C 
 211      A5A7F266 
 211      A5F256A5 
 211      2BB0
 212 0411 D55FEB0F 		.ascii	"\325_\353\017\204\203\265NDl\257\366\007^\323Ba\177"
 212      8483B54E 
 212      446CAFF6 
 212      075ED342 
 212      617F
 213 0423 38E8AAF6 		.ascii	"8\350\252\366\207\202ol\253\011ou\324\212\015-D\254"
 213      87826F6C 
 213      AB096F75 
 213      D48A0D2D 
 213      44AC
 214 0435 7F016C77 		.ascii	"\177\001lwL\252"
 214      4CAA
 215              		.text
 216              		.section	.gnu.lto_mf_scale_font.2d27101c,"",%progbits
 217 0000 789C9D96 		.ascii	"x\234\235\226Kl\023W\024\206\357\231k{\374\252\003Q"
 217      4B6C1357 
 217      1486EF99 
 217      6B7BFCAA 
 217      0351
 218 0012 A2444954 		.ascii	"\242DIT\321U\004\022\231H\210\005\233.\272\010+6H $"
 218      D1550412 
 218      99488805 
 218      9B2EBA08 
 218      2B364820 
 219 0027 84100D01 		.ascii	"\204\020\015\001U*\0245\240\266\253\014q\014\0106\311"
 219      552A1435 
 219      A0B6AB0C 
 219      710C0836 
 219      C9
 220 0038 A23C0C28 		.ascii	"\242<\014(b\201x%@hy\030hk\322\206\224W\002%/\010\264"
 220      62817825 
 220      40687918 
 220      686BD286 
 220      94570225 
 221 004f 84A46E79 		.ascii	"\204\244ny\024p\305KH\304\234\377\2165\302\004\006\306"
 221      1470C54B 
 221      48C49CFF 
 221      8E35C204 
 221      06C6
 222 0061 967CE68E 		.ascii	"\226|\346\216\347\236\377;\3779\266\256=\202\004^\237"
 222      E79EFF3B 
 222      FF39B6AE 
 222      3D82045E 
 222      9F
ARM GAS  C:\cygwin\tmp\ccUgb6Fz.s 			page 17


 223 0072 058598C3 		.ascii	"\005\205\230\303\327r~\223\024\2445\367\010\261\326"
 223      D7727E93 
 223      14A435F7 
 223      08B1D6
 224 0081 AF116161 		.ascii	"\257\021aa\372I4h\324@O\264\227\032u\256O%\264\251{"
 224      FA493468 
 224      D4404FB4 
 224      971A75AE 
 224      4F25B4A9 
 225 0096 4C7EDD8A 		.ascii	"L~\335\212\245\252\315\275I\212I!2\232R\022\264\207"
 225      A5AACDBD 
 225      498A4921 
 225      329A5212 
 225      B487
 226 00a8 A6F2AE2B 		.ascii	"\246\362\256+M\207w\310\307ZL\022y\3706})>\032\301\255"
 226      4D8777C8 
 226      C75A4C12 
 226      79F8367D 
 226      293E1AC1 
 227 00bd 4653F876 		.ascii	"FS\370v\313\330\272\256\220\234N\202\327\303;OwF*w\233"
 227      CBD8BAAE 
 227      909C4E82 
 227      D7C33B4F 
 227      77462A77 
 228 00d2 66A36926 		.ascii	"f\243i&\352\314@LJ\332O\222\365h\037U\320^\252\020\374"
 228      EACC404C 
 228      4ADA4F92 
 228      F5681F55 
 228      D05EAA10 
 229 00e7 91A00354 		.ascii	"\221\240\003T\311\273\207Z\342\355!9Se>|\274i_\300\312"
 229      C9BB875A 
 229      E2ED2139 
 229      53653E7C 
 229      BC695FC0 
 230 00fc 4C1E391B 		.ascii	"L\0369\0336\233\271\020\017\265\275\231\353\021\324"
 230      369BB910 
 230      0FB5BD99 
 230      EB11D4
 231 010b AE729BBA 		.ascii	"\256r\233\272\207\376\017\312OU\356\203\301\256\264"
 231      87FE0FCA 
 231      4F55EE83 
 231      C1AEB4
 232 011a 279B7B74 		.ascii	"'\233{t\335\307[L\270\360\322A+yF\005U#\325+\350\220"
 232      DDC75B4C 
 232      B8F0D241 
 232      2B794605 
 232      5523D52B 
 233 0130 4A6D7D9E 		.ascii	"Jm}\236\330_ kT\352\366\266\266\321`\266\340S\213L\211"
 233      D85F206B 
 233      54EAF6B6 
 233      B6D160B6 
 233      E0538B4C 
 234 0145 BCC313F2 		.ascii	"\274\303\023\362:\250\022\233ow\214\177\377\221\257"
 234      3AA8129B 
 234      6F778C7F 
 234      FF91AF
 235 0154 09DD9A62 		.ascii	"\011\335\232b\365\210\216\220\017]?47if2Q3y\334w\346"
ARM GAS  C:\cygwin\tmp\ccUgb6Fz.s 			page 18


 235      F5888E90 
 235      0F5D3F34 
 235      37696632 
 235      513379DC 
 236 016a A9EF13EE 		.ascii	"\251\357\023\3565;\344vq\255>\226\360\351\004\266\037"
 236      353BE476 
 236      71AD3E96 
 236      F0E904B6 
 236      1F
 237 017b CB204288 		.ascii	"\313 B\210\240\031\3062\202P\2000\031\241\020\241\010"
 237      A019C632 
 237      82508030 
 237      19A110A1 
 237      08
 238 018c A118A104 		.ascii	"\241\030\241\004\241\024\241\014\241\034A\210G\314\306"
 238      A114A10C 
 238      A11C4188 
 238      47CCC6
 239 019b 30D39A86 		.ascii	"0\323\232\206\253LQ\343\213\215\251m\363Q\016\327\271"
 239      AB4C51E3 
 239      8B8DA96D 
 239      F3510ED7 
 239      B9
 240 01ac 39D6D9AB 		.ascii	"9\326\331\253c@Ry|\326}~C\270\225v\256E\341\263XA\217"
 240      63405279 
 240      7CD67D7E 
 240      43B89576 
 240      AE45E1B3 
 241 01c3 F2E87EE0 		.ascii	"\362\350~\340~\342\351\356\261\306\203\2721=&\375\364"
 241      7EE2E9EE 
 241      B1C683BA 
 241      313D26FD 
 241      F4
 242 01d4 23B5D2B8 		.ascii	"#\265\322\270\032=\035%\343u!\317D\241\205,\024\210"
 242      1A3D1D25 
 242      E37521CF 
 242      44A1852C 
 242      1488
 243 01e6 32E21884 		.ascii	"2\342\030\204\3508\347\012\256#\236\356I{\263u| \330"
 243      E838E70A 
 243      AE239EEE 
 243      497BB375 
 243      7C20D8
 244 01f9 43271418 		.ascii	"C'\024\030\215\244\004\031,\012\245\223\351\336\026"
 244      8DA40419 
 244      2C0AA593 
 244      E9DE16
 245 0208 1D4A51F9 		.ascii	"\035JQ\371\272\030\275U\246\035\210I0q\3226\301\017"
 245      BA18BD55 
 245      A61D8849 
 245      3071D236 
 245      C10F
 246 021a AF369B5B 		.ascii	"\2576\233[\311~\350\245Sd\214kjp\247\311`H4\356\263"
 246      C97EE8A5 
 246      53648C6B 
 246      6A70A7C9 
 246      604834EE 
ARM GAS  C:\cygwin\tmp\ccUgb6Fz.s 			page 19


 247 022f 087E8644 		.ascii	"\010~\206D\245\016\356fz\243\374\367\021\177r\"\376"
 247      A50EEE66 
 247      7AA3FCF7 
 247      117F7222 
 247      FE
 248 0240 6C137F81 		.ascii	"l\023\177\2013\277r\326\321\267+\353,\350\202\223t\342"
 248      33BF72D6 
 248      D1B72BEB 
 248      2CE88293 
 248      74E2
 249 0252 9C014782 		.ascii	"\234\001G\202\323\231\353,\314\220\250\014\345\345\354"
 249      D399EB2C 
 249      CC90A80C 
 249      E5E5EC
 250 0261 5727E26F 		.ascii	"W'\342o6\261\013\316\302\326\314\372F\262\316\".8g\235"
 250      36B10BCE 
 250      C2D6CCFA 
 250      46B2CE22 
 250      2E38679D 
 251 0275 38DDE078 		.ascii	"8\335\340x\300\371=\327YA\024\252\221\274\234\235s\""
 251      C0F93DD7 
 251      594114AA 
 251      91BC9C9D 
 251      7322
 252 0287 9EB78917 		.ascii	"\236\267\211\027\340\254@9k\351'\013;\331\005\346\242"
 252      E0AC4039 
 252      6BE9270B 
 252      3BD905E6 
 252      A2
 253 0298 13E61230 		.ascii	"\023\346\0220^`zr\215\025\362\274\230\223\227\261^'"
 253      5E607A72 
 253      8D15F2BC 
 253      989397B1 
 253      5E27
 254 02aa E2659B78 		.ascii	"\342e\233x\005\306\012\255\221\365\267\004,n\221\013"
 254      05C60AAD 
 254      91F5B704 
 254      2C6E910B 
 255 02ba CE1F4E9C 		.ascii	"\316\037N\234\253\340\370\300\351\313uV\254FV\224\227"
 255      ABE0F8C0 
 255      E9CB7556 
 255      AC465694 
 255      97
 256 02cb B37E27E2 		.ascii	"\263~'\342\200M\034\204\263bkd\003\331\221\225\270\300"
 256      804D1C84 
 256      B3626B64 
 256      03D99195 
 256      B8C0
 257 02dd 0C3961AE 		.ascii	"\0149a\256\001\243\003s=\327X\2512V\222\227\261a'\342"
 257      01A30373 
 257      3DD758A9 
 257      32569297 
 257      B16127E2 
 258 02f1 0D9B7813 		.ascii	"\015\233x\023\306J\255\221\015\244\263\277\2622\027"
 258      C64AAD91 
 258      0DA4B3BF 
 258      B23217
ARM GAS  C:\cygwin\tmp\ccUgb6Fz.s 			page 20


 259 0300 9C3F9D38 		.ascii	"\234?\2358\177\201\343\007\347V\256\263r\365e,\313\313"
 259      7F81E307 
 259      E756AEB3 
 259      72F5652C 
 259      CBCB
 260 0312 D98813F1 		.ascii	"\331\210\023\361\266M\034\205\263r\020^\254\177\032"
 260      B64D1C85 
 260      B372105E 
 260      AC7F1A
 261 0321 9F4079EF 		.ascii	"\237@y\357\2715\366\016\2149/&\203\36478\001pR\352P"
 261      B935F60E 
 261      8C392F26 
 261      83F43738 
 261      017052EA 
 262 0336 4B24EE0F 		.ascii	"K$\356\017\353\015/\315\015\274a;;\010fp\362\320?\324"
 262      EB0D2FCD 
 262      0DBC613B 
 262      3B086670 
 262      F2D03FD4 
 263 034a 6055301E 		.ascii	"`U0\036\337\352\272\202\177\035*\010\321\035T\020D\005"
 263      DFEABA82 
 263      7F1D2A08 
 263      D11D5410 
 263      4405
 264 035c 77275480 		.ascii	"w'T\200\036\20628!\350\236UA<}c\304\345\011\352\245"
 264      1E863238 
 264      21E89E55 
 264      413C7D63 
 264      C4E509EA 
 265 0371 FBAA8010 		.ascii	"\373\252\200\020\030\377\241\233\352$\213w\334t\257"
 265      18FFA19B 
 265      EA248B77 
 265      DC74AF
 266 0380 F4402985 		.ascii	"\364@)\205\241\364\020J!q\227\032\223\317j\240\243\376"
 266      A1F4104A 
 266      2171971A 
 266      93CF6AA0 
 266      A3FE
 267 0392 143EE276 		.ascii	"\024>\342v\361\237\016\256xZU\225\261fv\315\002\243"
 267      F19F0EAE 
 267      785A5595 
 267      B16676CD 
 267      02A3
 268 03a4 FEEB5A63 		.ascii	"\376\353Zc\371\322/\352W\031+j\327,\373j\345jc\305\262"
 268      F9D22FEA 
 268      57192B6A 
 268      D72CFB6A 
 268      E56A63C5 
 269 03b9 C5F5B54B 		.ascii	"\305\365\265K\276\254[\212\273\252Z\241\257\254\373"
 269      BEAC5B8A 
 269      BBAA5AA1 
 269      AFACFB
 270 03c8 064BFFE7 		.ascii	"\006K\377\347K\352\353\260\320\277\2656\350\337Y\327"
 270      4BEAEBB0 
 270      D0BFB536 
 270      E8DF59D7 
 271 03d8 57C11055 		.ascii	"W\301\020U\325"
ARM GAS  C:\cygwin\tmp\ccUgb6Fz.s 			page 21


 271      D5
 272              		.text
 273              		.section	.gnu.lto_.symbol_nodes.2d27101c,"",%progbits
 274 0000 789C6361 		.ascii	"x\234ca`dHe\000\002\246K\214\365\014\014\023\31610\000"
 274      60644865 
 274      0002A64B 
 274      8CF50C0C 
 274      13CE3130 
 275 0015 A91D0B16 		.ascii	"\251\035\013\02660\003\305.3\3263\302\304v-P\004\212"
 275      363003C5 
 275      2E33D633 
 275      C2C4762D 
 275      50048A
 276 0028 5C61AC67 		.ascii	"\\a\254gB\025\271\312X\317\014\027i\000\212\26000|>"
 276      4215B9CA 
 276      58CF0C17 
 276      69008AB0 
 276      30307C3E 
 277 003c F77F2F2B 		.ascii	"\367\177/+\003\013#\303\344\207\377\030\031X\230\030"
 277      030B23C3 
 277      E487FF18 
 277      19589818 
 278 004c 26B7BF91 		.ascii	"&\267\277\221g`\000\000\234d\0341"
 278      67600000 
 278      9C641C31 
 279              		.text
 280              		.section	.gnu.lto_.refs.2d27101c,"",%progbits
 281 0000 789C6361 		.ascii	"x\234ca`d\340c```dbb\340abfb\224`b\222d\000\000\003"
 281      6064E063 
 281      60606064 
 281      6262E061 
 281      62666294 
 282 001b 2C0062   		.ascii	",\000b"
 283              		.text
 284              		.section	.gnu.lto_.decls.2d27101c,"",%progbits
 285 0000 789CA517 		.ascii	"x\234\245\027kP\224\327\365;\337]`Y\026\260h\033\332"
 285      6B5094D7 
 285      F53BDF5D 
 285      605916B0 
 285      681BDA
 286 0013 D9768CB3 		.ascii	"\331v\214\263\261L'\202&}\230\376k;\223\314t:\355/3"
 286      B14C2782 
 286      267D98FE 
 286      6B3B93CC 
 286      743AED2F 
 287 0028 FD4166B3 		.ascii	"\375Af\263.\2130\001t\330\245\201\037m?\001Q4U0>\000"
 287      2E8B3001 
 287      74D8A581 
 287      1F6D3F01 
 287      51345530 
 288 003e F1118C0A 		.ascii	"\361\021\214\012\312S|\021A\327\007(\212\017P\020%\012"
 288      CA537C11 
 288      41D70728 
 288      8A0F5010 
 288      250A
 289 0050 1624F509 		.ascii	"\026$\365\011\010\206\227\270=\367\261\337\367\201K"
 289      088697B8 
ARM GAS  C:\cygwin\tmp\ccUgb6Fz.s 			page 22


 289      3DF7B1DF 
 289      F7814B
 290 005f 93997EC3 		.ascii	"\223\231~\303\331{\317\275\347}\316=\367b\220@\242\337"
 290      D97BCFBD 
 290      E77DCE3D 
 290      F7629040 
 290      A2DF
 291 0071 9E1F4852 		.ascii	"\236\037HR\261,IK\021\274\370\005\340\332\207\010\210"
 291      B12C494B 
 291      11BCF805 
 291      E0DA8708 
 291      88
 292 0082 4A350867 		.ascii	"J5\010g%\376\031\020\032\021B\221-\034\341-\220^\373"
 292      25FE1910 
 292      1A114291 
 292      2D1CE12D 
 292      905EFB
 293 0095 E87E98E0 		.ascii	"\350~\230\340\217@\230'd\324#,C\370%\362Xp\214D\370"
 293      8F409827 
 293      64D4232C 
 293      43F825F2 
 293      58708C44 
 294 00aa 0D70D94B 		.ascii	"\015p\331Kp\034\304\361\014B \302\333\210\307 \274\203"
 294      701CC4F1 
 294      0C4220C2 
 294      DB88C720 
 294      BC83
 295 00bc B0086131 		.ascii	"\260\010a1B4\002\010\3713?j\217Y\350\360\351|\211p\005"
 295      42340208 
 295      F9333F6A 
 295      8F59E8F0 
 295      E97C8970 
 296 00d1 6101EE79 		.ascii	"a\001\356y%\256\363g8\237\302q)\025\204@p\230\217\343"
 296      25AEF367 
 296      389FC271 
 296      29158440 
 296      70988FE3 
 297 00e5 2BBA2FE4 		.ascii	"+\272/\344\207\372\361\211\372\032\341G~\215\3201(|"
 297      87FAF189 
 297      FA1AE147 
 297      7E8DD031 
 297      287C
 298 00f7 A37E2C10 		.ascii	"\243~,\020\376\215\353\364\275'\374\244\276O\340h\222"
 298      FE8DEBF4 
 298      BD27FCA4 
 298      BE4FE068 
 298      92
 299 0108 349FA85E 		.ascii	"4\237\250^\352\357\233\302W\237\337\324\2561\221\003"
 299      EAEF9BC2 
 299      579FDFD4 
 299      AE319103 
 300 0118 AADF9FDF 		.ascii	"\252\337\237\337o\011\277\365\261\246\372_\012[}>\217"
 300      6F09BFF5 
 300      B1A6FA5F 
 300      0A5B7D3E 
 300      8F
 301 0129 4ADC0EAF 		.ascii	"J\334\016\257\260+\024\341\247BG0\202\021!\000\301\200"
ARM GAS  C:\cygwin\tmp\ccUgb6Fz.s 			page 23


 301      B02B14E1 
 301      A7424730 
 301      82112100 
 301      C180
 302 013b 10841048 		.ascii	"\020\204\020Hc#\3422&b\363\246\210\027\325\351\313\377"
 302      6323E232 
 302      2662F3A6 
 302      8817D5E9 
 302      CBFF
 303 014d CC6F4A86 		.ascii	"\314oJ\206\336\222\253{\345\021\031\"M\340\365\002."
 303      DE92AB7B 
 303      E5111922 
 303      4DE0F502 
 303      2E
 304 015e 1479AE7F 		.ascii	"\024y\256\177\304qE\371\007\342\335\343\245\357G\227"
 304      C47145F9 
 304      07E2DDE3 
 304      A5EF4797 
 305 016e 2BF8E529 		.ascii	"+\370\345)\212,k\234\265]#e2\011\001:o\364\216z\302"
 305      8A2C6B9C 
 305      B55D2365 
 305      3209013A 
 305      6FF48E7A 
 306 0183 912BC204 		.ascii	"\221+\302\0042\242m\203-;C\020\235g\2029S\262<P\263"
 306      32A26D83 
 306      2D3B4310 
 306      9D678239 
 306      53B23C50 
 307 0198 695B3898 		.ascii	"i[8\230\242\326Q)J\226b*\015\223\240\034,p\010,\022"
 307      A2D65129 
 307      4A96622A 
 307      0D93A01C 
 307      2C70082C 
 308 01ad 544214D5 		.ascii	"TB\024\325V\006\321\022\224\342\342\001\\\334O\011{"
 308      5606D112 
 308      94E2E201 
 308      5CDC4F09 
 308      7B
 309 01be BAFA7E9F 		.ascii	"\272\372~\237\245(\000\025`\202\203@\030\011&=\322\304"
 309      A5280015 
 309      60828340 
 309      1809263D 
 309      D2C4
 310 01d0 0D385A70 		.ascii	"\0158Zp\345\3630\362\027j\200\\\331\357\275\021\014"
 310      E5F330F2 
 310      176A805C 
 310      D9EFBD11 
 310      0C
 311 01e1 5126CED8 		.ascii	"Q&\316\330\235c=\244(s\240\006\031\2534F\224\203\203"
 311      9D633DA4 
 311      2873A006 
 311      19AB3446 
 311      948383
 312 01f4 7F2BAAFD 		.ascii	"\177+\252\375XA\371QOkvu1\341\316\031\020\035\272R\324"
 312      5841F951 
 312      4F6B7675 
 312      31E1CE19 
ARM GAS  C:\cygwin\tmp\ccUgb6Fz.s 			page 24


 312      101DBA52 
 313 0209 1BC69D9B 		.ascii	"\033\306\235\233\217he\371d\265\311\200q\201efXn\240"
 313      8F6865F9 
 313      64B5C980 
 313      71816566 
 313      586EA0
 314 021c 8655ADE9 		.ascii	"\206U\255\351+3\"\205\005cJCZ\365\244n<\224\343t\373"
 314      2B332285 
 314      05634A43 
 314      5AF5A46E 
 314      3C94E374 
 315 0231 8867B8C2 		.ascii	"\210g\270\302@r\200\031\336Z{\273Q3\274k\344w\314\343"
 315      40728019 
 315      DE5A7BBB 
 315      5133BC6B 
 315      E477CCE3 
 316 0245 3A34FCB8 		.ascii	":4\374\270f\270E\330\235\251\014\226(\201\221\022\274"
 316      66B845D8 
 316      9DA90C96 
 316      28819112 
 316      BC
 317 0256 6B81C568 		.ascii	"k\201\305h\337\0114\332\"\214>\206F\037E\243QA\331\356"
 317      DF0934DA 
 317      228C3E86 
 317      461F45A3 
 317      5141D9EE 
 318 026a D2F3A124 		.ascii	"\322\363\241$\217+x\272\345\361:\242\213\214\205E\246"
 318      8F2B78BA 
 318      E5F13AA2 
 318      8B8C8545 
 318      A6
 319 027b 1E157CA5 		.ascii	"\036\025|\245)\250\203Y4\234\364\257\241+\347\300\345"
 319      29A88359 
 319      349CF4AF 
 319      A12BE7C0 
 319      E5
 320 028c 10E63415 		.ascii	"\020\3464\025t\004\230\333\355\235\367\332\203\325\305"
 320      740498DB 
 320      ED9DF7DA 
 320      83D5C5
 321 029b 06BED8B7 		.ascii	"\006\276\330\267\251\341f\020[\244\3118\305\027\257"
 321      A9E16610 
 321      5BA4C938 
 321      C517AF
 322 02aa 5774AE0B 		.ascii	"Wt\256\013W\027O\363\305\232\346\302\\9r\033\253\264"
 322      57174FF3 
 322      C59AE6C2 
 322      5C39721B 
 322      ABB4
 323 02bc 2C65BE01 		.ascii	",e\276\001>\374\021\324\242\312\303\250R\2023\200\015"
 323      3EFC11D4 
 323      A2CAC3A8 
 323      52823380 
 323      0D
 324 02cd 083C60E0 		.ascii	"\010<`\340\271\257R\032\017\200y=5\030\211#.\206Q\002"
 324      B9AF521A 
 324      0F80793D 
ARM GAS  C:\cygwin\tmp\ccUgb6Fz.s 			page 25


 324      35188923 
 324      2E865102 
 325 02e1 1DF95930 		.ascii	"\035\371Y0\373|\303)24\334\230\274j\350\202\333@\265"
 325      FB7CC329 
 325      3234DC98 
 325      BC6AE882 
 325      DB40B5
 326 02f4 CE61350C 		.ascii	"\316a5\014\300\177\201\201\304\201\2418\221%\321_|K"
 326      C07F8181 
 326      C481A138 
 326      9125D15F 
 326      7C4B
 327 0306 E02314B8 		.ascii	"\340#\024\270\354\233J\2520\366'\370Y_f\037\357]\252"
 327      EC9B4AAA 
 327      30F627F8 
 327      595F661F 
 327      EF5DAA
 328 0319 74104C1C 		.ascii	"t\020L\034\027\314\022\010\\\326\024\000G}\014:y\334"
 328      17CC1208 
 328      5CD61400 
 328      477D0C3A 
 328      79DC
 329 032b 5C214EB3 		.ascii	"\\!N\263Y\365\011|GtpK\233\307L\012X!\300\243\212\372"
 329      59F5097C 
 329      4774704B 
 329      9BC74C0A 
 329      5821C0A3 
 330 0341 66F3823D 		.ascii	"f\363\202=\212\247Z\351i\330\360\306\316\303\212\222"
 330      8AA75AE9 
 330      69D8F0C6 
 330      CEC38A92 
 331 0351 8BB136B0 		.ascii	"\213\2616\260\310\235\327j\001\247t8\007](\265\021\026"
 331      C89DD76A 
 331      01A77438 
 331      075D28B5 
 331      1116
 332 0363 20EB8BF1 		.ascii	" \353\213\361\272\265&r\233\313\331719H\217\303B\332"
 332      BAB52672 
 332      9BCBD937 
 332      3139488F 
 332      C342DA
 333 0376 3188AEBC 		.ascii	"1\210\256\274\027\362\362>}\271y\277\231\014\363\352"
 333      17F2F23E 
 333      7DB979BF 
 333      990CF3EA 
 334 0386 FBD293B9 		.ascii	"\373\322\223\271\006\370\321\317|\375\320]\306\352Z"
 334      06F8D1CF 
 334      7CFDD05D 
 334      C6EA5A
 335 0395 28AAEB22 		.ascii	"(\252\353\".^\320\216\376\223?\262\203p\011\353\243"
 335      2E5ED08E 
 335      FE933FB2 
 335      837009EB 
 335      A3
 336 03a6 59B36DA1 		.ascii	"Y\263m\2418\372\247\362\273\372M\344\025\327Q6\330R"
 336      38FAA7F2 
 336      BBFA4DE4 
ARM GAS  C:\cygwin\tmp\ccUgb6Fz.s 			page 26


 336      15D75136 
 336      D852
 337 03b8 1E3EAB8E 		.ascii	"\036>\253\216\253\263\352\350\316YXN\317\302\025\324"
 337      ABB3EAE8 
 337      CE59584E 
 337      CFC215D4 
 338 03c8 D1A2E9B8 		.ascii	"\321\242\351\270\004B\311@W\316$?\331\224\202\037\355"
 338      0442C940 
 338      57CE243F 
 338      D994821F 
 338      ED
 339 03d9 67D90F7A 		.ascii	"g\331\017zBx/\210\3245\272\010\326\350`\343TYo0Y+\263"
 339      42782F88 
 339      D435BA08 
 339      D6E860E3 
 339      54596F30 
 340 03f0 38F41F69 		.ascii	"8\364\037i\331\010d;GJ\373\2137\232y\323XJ\233\354\311"
 340      D908643B 
 340      474AFB8B 
 340      379A79D3 
 340      584A9BEC 
 341 0405 914B019C 		.ascii	"\221K\001\234\317\210\350\326\242\376Hr\220S\236<^\337"
 341      CF88E8D6 
 341      A2FE4872 
 341      90539E3C 
 341      5EDF
 342 0417 14C02917 		.ascii	"\024\300)\027\263\3662\322\023D\252\371\336\216\341"
 342      B3F632D2 
 342      1344AAF9 
 342      DE8EE1
 343 0426 BB0F83F9 		.ascii	"\273\017\203\371^\024\242\365\215\271e!\244\236\357"
 343      5E14A2F5 
 343      8DB96521 
 343      A49EEF
 344 0435 ADEEADDE 		.ascii	"\255\356\255\336\025B.p\304g\346<nf\345\225\30623i\343"
 344      15422E70 
 344      C467E63C 
 344      6E66E595 
 344      C6323369 
 345 044a 7BC3D70A 		.ascii	"{\303\327\012\376Nz\370\374\342\201\347\353\201<\343"
 345      FE4E7AF8 
 345      FCE281E7 
 345      EB813CE3 
 346 045a 4879C140 		.ascii	"Hy\301@%\220\027\034i/\335g'\223b>\3260a&9\204\"\206"
 346      2590171C 
 346      692FDD67 
 346      2793623E 
 346      D6306126 
 347 0472 DACCEE2F 		.ascii	"\332\314\356/\302 \312\002\030K\340]\205^\014\022\364"
 347      C220CA02 
 347      184BE05D 
 347      855E0C12 
 347      F4
 348 0483 6390FECD 		.ascii	"c\220\376\315j\207}E\012\346c\360\237t\031\347F6\372"
 348      6A877D45 
 348      0AE663F0 
 348      9F7419E7 
ARM GAS  C:\cygwin\tmp\ccUgb6Fz.s 			page 27


 348      4636FA
 349 0496 6930BD98 		.ascii	"i0\275\230\036\312\311\362\363\000e\366\361\016s\347"
 349      1ECAC9F2 
 349      F30065F6 
 349      F10E73E7 
 350 04a6 424B76A0 		.ascii	"BKv\240I0\344}\017\206\307\207\372;\302\246u\204o\220"
 350      4930E47D 
 350      0F86C787 
 350      FA3BC2A6 
 350      75846F90 
 351 04ba 4AEB08FF 		.ascii	"J\353\010\377Q;\002\022g\265\364\325\031\311\006\302"
 351      513B0212 
 351      67B5F4D5 
 351      19C906C2 
 352 04ca 0B7AED93 		.ascii	"\013z\355\223_\221\255|~\242\341\351;</\026\304\276"
 352      5F91AD7C 
 352      7EA2E1E9 
 352      3B3C2F16 
 352      C4BE
 353 04dc BA3BE411 		.ascii	"\272;\344\021a\354\241\215\274\343\341x\216\221\354"
 353      61ECA18D 
 353      BCE3E178 
 353      8E91EC
 354 04eb E6A47E1A 		.ascii	"\346\244~\032\377\272\241\341\035fR\315\366\345\221"
 354      FFBAA1E1 
 354      1D6652CD 
 354      F6E591
 355 04fa FCA3DF12 		.ascii	"\374\243\337\0220G\315\326\244`\010=\321\372\024\257"
 355      3047CDD6 
 355      A460083D 
 355      D1FA14AF 
 356 050a C9C27B96 		.ascii	"\311\302{\226RZ\223\203\270>\240\325$\222q\303O\034"
 356      525A9383 
 356      B83EA0D5 
 356      249271C3 
 356      4F1C
 357 051c BE54044C 		.ascii	"\276T\004L)\245x\306;gc\321\271\032\243Z\250\317\371"
 357      29A578C6 
 357      3B6763D1 
 357      B91AA35A 
 357      A8CFF9
 358 052f 624FF1DE 		.ascii	"bO\361\336b\223\332c\207\371\342\335\334\314\015a\352"
 358      6293DA63 
 358      87F9E2DD 
 358      DCCC0D61 
 358      EA
 359 0540 E2085B7C 		.ascii	"\342\010[|c\343\371\275\035a`\235k5G\032\314\354\327"
 359      63E3F9BD 
 359      1D61609D 
 359      6B35471A 
 359      CCECD7
 360 0553 AA7E5125 		.ascii	"\252~Q%\324zOW\332v\305\263\232\260\306\336\201f\215"
 360      D47A4F57 
 360      DA76C5B3 
 360      9AB0C6DE 
 360      81668D
 361 0566 C25C5F3E 		.ascii	"\302\\_>\332Yto\322_)_T\203\002n\011\236\240\237\217"
ARM GAS  C:\cygwin\tmp\ccUgb6Fz.s 			page 28


 361      DA59746F 
 361      D25F295F 
 361      5483026E 
 361      099EA09F 
 362 057b A99F8F04 		.ascii	"\251\237\217\004\003\372\002\237\311Q\260A\266\302z"
 362      03FA029F 
 362      C951B041 
 362      B6C27A
 363 058a 845C8475 		.ascii	"\204\\\204u\010k\021r\020\326 d#d!|\013V\310\304\361"
 363      086B1172 
 363      10D62064 
 363      2364217C 
 363      0B56C8C4 
 364 059f 158E6360 		.ascii	"\025\216c`e\025\305M\311o\012/T<\331\004\3061\000O\205"
 364      6515C54D 
 364      C96F0A2F 
 364      543CD904 
 364      C631004F 
 365 05b4 6835A6D7 		.ascii	"h5\246\327\2315K\2501\372\270OL\273\034\306Y4%\335U"
 365      99354BA8 
 365      31FAB84F 
 365      4CBB1CC6 
 365      593425DD 
 366 05c9 533FAD54 		.ascii	"S?\255T&\330]3\311\356\032\032\253\227\250\351\005b"
 366      26D85D33 
 366      C9EE1A1A 
 366      AB97A8E9 
 366      0562
 367 05db 7A89533A 		.ascii	"z\211S:\255\234\202\247J\204\3003k\010\244\377\323\377"
 367      AD9C82A7 
 367      4A84C033 
 367      6B08A4FF 
 367      D3FF
 368 05ed 31A7921B 		.ascii	"1\247\222\033\210\357\0123\264\315t\276\225\331R\013"
 368      88EF0A33 
 368      B4CD74BE 
 368      95D9520B 
 369 05fd 33BD5764 		.ascii	"3\275Wd\275\367\336\357\360\036\251\361w\265\254\367"
 369      BDF7DEEF 
 369      F01EA9F1 
 369      77B5ACF7 
 370 060d FE1A7ACF 		.ascii	"\376\032z\317\325\017e\024(\236L\302*\355\2060@\355"
 370      D50F6514 
 370      289E4CC2 
 370      2AED8630 
 370      40ED
 371 061f B5AD5AF4 		.ascii	"\265\255Z\3649u\273\256n:\375\325\315-\320\210O}\244"
 371      3975BBAE 
 371      6E3AFDD5 
 371      CD2DD088 
 371      4F7DA4
 372 0632 640532D2 		.ascii	"d\0052\322;\376Ho\353H\353U\322.\177\244\265:\322c*"
 372      3BFE486F 
 372      EB48EB55 
 372      D22E7FA4 
 372      B53AD263 
 373 0647 E95D7FA4 		.ascii	"\351]\177\244_\353H\217\250\244\367\374\221\226\353"
ARM GAS  C:\cygwin\tmp\ccUgb6Fz.s 			page 29


 373      5FEB488F 
 373      A8A4F7FC 
 373      9196EB
 374 0656 4877A9A4 		.ascii	"Hw\251\244\335\376H\337\325(\213U\312\036\177\224\272"
 374      DDFE48DF 
 374      D5288B55 
 374      CA1E7F94 
 374      BA
 375 0667 606DDF07 		.ascii	"`m\337\007\274\262i\253\272?3\27113\035\313c\205@i\037"
 375      BCB269AB 
 375      BA3F33B9 
 375      31331DCB 
 375      63854069 
 376 067c FAA56592 		.ascii	"\372\245e\222YW\361L~\254`\007F\022IT\251x\037\214d"
 376      5957F14C 
 376      7EAC6007 
 376      46124954 
 376      A9781F8C 
 377 0691 95971AF1 		.ascii	"\225\227\032\361I\320\303\236\004?/T\237\004\264b\232"
 377      49D0C39E 
 377      043F2F54 
 377      9F04B462 
 377      9A
 378 06a2 B4F6D3A4 		.ascii	"\264\366\323\244\177\022\374K\246O\202\336\333\315\235"
 378      7F12FC4B 
 378      A64F82DE 
 378      DBCD9D
 379 06b1 66F290B7 		.ascii	"f\362\220\267\302\226\236\355\2312\227\343is\012\031"
 379      C2969EED 
 379      993297E3 
 379      69730A19 
 380 06c1 F4CC6D94 		.ascii	"\364\314m\224U\0318\325dlb2\256\2559\227\037L\262\015"
 380      551938D5 
 380      646C6232 
 380      AEAD3997 
 380      1F4CB20D 
 381 06d5 4CC6FD81 		.ascii	"L\306\375\201\206\302 \365\365\310\373i\307D\356f\203"
 381      86C220F5 
 381      F5C8FB69 
 381      C744EE66 
 381      83
 382 06e6 BA962FB3 		.ascii	"\272\226/\263\305\272\257G?\343=\214V\346f\276\350{"
 382      C5BAAF47 
 382      3FE33D8C 
 382      56E666BE 
 382      E87B
 383 06f8 9447F047 		.ascii	"\224G\360G\371\356\261\272\203\341d3\227\234}\241\363"
 383      F9EEB1BA 
 383      83E16433 
 383      979C7DA1 
 383      F3
 384 0709 B9891471 		.ascii	"\271\211\024q\2443\277\250\"\204\224p\244\177}\331\220"
 384      A433BFA8 
 384      22849470 
 384      A47F7DD9 
 384      90
 385 071a 991CE248 		.ascii	"\231\034\342H\307\351\207U2\251\346\310X}k\211\314\345"
ARM GAS  C:\cygwin\tmp\ccUgb6Fz.s 			page 30


 385      C7E98755 
 385      32A9E6C8 
 385      587D6B89 
 385      CCE5
 386 072c 59113DE8 		.ascii	"Y\021=\350\331p\221\360\213`\017\376\203\023\270\371"
 386      D97091F0 
 386      8B600FFE 
 386      8313B8F9 
 387 073c D1995A23 		.ascii	"\321\231Z#X\255s\243\254V\226\215\236\374\376Um\275"
 387      58AD73A3 
 387      AC56968D 
 387      9EFCFE55 
 387      6DBD
 388 074e 6B94EA8F 		.ascii	"k\224\352\217\231\251\333\320\357]\262\232\352-\262"
 388      99A9DBD0 
 388      EF5DB29A 
 388      EA2DB2
 389 075d 3ED59890 		.ascii	">\325\230\220['`5K5M[\201 V\273\205\226\276i\015u\207"
 389      5B276035 
 389      4B354D5B 
 389      812056BB 
 389      8596BE69 
 390 0774 6C812294 		.ascii	"l\201\"\224\004\205\202\2016\324\335\330Pwb\243\330"
 390      04858281 
 390      36D4DDD8 
 390      507762A3 
 390      D8
 391 0785 83508CF0 		.ascii	"\203P\214\360\205\314\233\005O\374\015\226x\244\325"
 391      85CC9B05 
 391      4FFC0D96 
 391      78A4D5
 392 0794 275EB4F4 		.ascii	"'^\264\364\021Qm4\212\333\205\304\031}T_n\335n\355("
 392      11516D34 
 392      8ADB85C4 
 392      197D545F 
 392      6EDD6EED 
 393 07a9 6FF5E71E 		.ascii	"o\365\347\036\253y\214Uf\356\365\342\351\027\261^\262"
 393      AB798C55 
 393      66EEF5E2 
 393      E917B15E 
 393      B2
 394 07ba 0425B259 		.ascii	"\004%\262Y\224\337\265k\2059\201,\223\270\006\237\363"
 394      94DFB56B 
 394      8539812C 
 394      93B8069F 
 394      F3
 395 07cb 4C7AF295 		.ascii	"Lz\362\225\247"
 395      A7
 396 07d0 E1B3FE1B 		.ascii	"\341\263\376\033\360%kN{e\361o\300\235\266\222\251\020"
 396      F0256B4E 
 396      7B65F16F 
 396      C09DB692 
 396      A910
 397 07e2 2CBC3DAC 		.ascii	",\274=\254\200\377t_-`\244\203<\255\370\362\364\305"
 397      80FF745F 
 397      2D60A483 
 397      3CADF8F2 
ARM GAS  C:\cygwin\tmp\ccUgb6Fz.s 			page 31


 397      F4C5
 398 07f4 B78F155F 		.ascii	"\267\217\025_\377\356\232\303\001\3441O\367\323\356"
 398      FFEE9AC3 
 398      01E4314F 
 398      F7D3EE
 399 0803 5B2501E4 		.ascii	"[%\001\344\031G\2665_\274\021L\2068\322\374`\352\231"
 399      1947B635 
 399      5FBC114C 
 399      8638D2FC 
 399      60EA99
 400 0816 81BCE488 		.ascii	"\201\274\344\210w\264\356^ Y\037\300\220c\375\315M&"
 400      77B4EE5E 
 400      20591FC0 
 400      9063FDCD 
 400      4D26
 401 0828 5E130A3E 		.ascii	"^\023\012>\016\214\307ny\263\360\032\245\337\\\337\275"
 401      0E8CC76E 
 401      79B3F01A 
 401      A5DF5CDF 
 401      BD
 402 0839 D9AA0B1A 		.ascii	"\331\252\013\032\255\211\032y\366\343\337\026\353k\024"
 402      AD891A79 
 402      F6E3DF16 
 402      EB6B14
 403 0848 5BFD51EA 		.ascii	"[\375Q\352Z\312\351$\2369|w\224\012\322Y\332\004\226"
 403      5ACAE924 
 403      9E397C77 
 403      940AD259 
 403      DA0496
 404 085b 40BB9B37 		.ascii	"@\273\2337lz\341\037\020\324j\303~\275\2615\364\211"
 404      6C7AE11F 
 404      10D46AC3 
 404      7EBDB135 
 404      F489
 405 086d B2A0EF8B 		.ascii	"\262\240\357\2132\277\322_\257\314CX\231\264\367\303"
 405      32BFD25F 
 405      AFCC4358 
 405      99B4F7C3 
 406 087d 41C1402B 		.ascii	"A\301@+\263\026+\263\032+\262\022\241\034\241\002\241"
 406      B3162BB3 
 406      1A2BB212 
 406      A11CA102 
 406      A1
 407 088e 0AE1B0AC 		.ascii	"\012\341\260\254^g\364$\350\314\333\357\337<\356\015"
 407      5E67F424 
 407      E8CCDBEF 
 407      DF3CEE0D 
 408 089e 2FE83A56 		.ascii	"/\350:V\3205\362\314N\366` \267\311<\255\350j\246\025"
 408      D035F2CC 
 408      4EF66020 
 408      B7C93CAD 
 408      E86AA615 
 409 08b2 DD115E74 		.ascii	"\335\021^tt\234\222IY\326\331\216\000\020OX\376P\365"
 409      749C9249 
 409      59D6D98E 
 409      00104F58 
 409      FE50F5
ARM GAS  C:\cygwin\tmp\ccUgb6Fz.s 			page 32


 410 08c5 7AC3E1B8 		.ascii	"z\303\341\270\314\237\252t\364\373\317\204\304\266\360"
 410      CC9FAA74 
 410      F4FBCF84 
 410      C4B6F0
 411 08d4 3F61F4F7 		.ascii	"?a\364\367(=\211\210\242\362o\036\215\026\032|\312\363"
 411      283D8988 
 411      A2F26F1E 
 411      8D161A7C 
 411      CAF3
 412 08e6 66BD71E1 		.ascii	"f\275q\341\004U\016\336\346\276\233\201\323\250\375"
 412      04550EDE 
 412      E6BE9B81 
 412      D3A8FD
 413 08f5 BE4EA00E 		.ascii	"\276N\240\016M6~\360\347e\363\377\260d\211\024l\263"
 413      4D367EF0 
 413      E765F3FF 
 413      B0648914 
 413      6CB3
 414 0907 25A6B897 		.ascii	"%\246\270\227\374\332\346~\317\361\333XG\306\212O\023"
 414      FCDAE67E 
 414      CFF1DB58 
 414      47C68A4F 
 414      13
 415 0918 5362EDA9 		.ascii	"Sb\355\251\311\213RV\2468\0279\355\313\023c\023S\034"
 415      C98B5256 
 415      A6381739 
 415      EDCB1363 
 415      13531C
 416 092b 496971CE 		.ascii	"Iiq\316\330d\273#!1\305\031k\213s\306\333\323\222\334"
 416      D864BB23 
 416      2131C519 
 416      6B8B73C6 
 416      DBD392DC 
 417 093f 3677C62A 		.ascii	"6w\306*\247+:A\012\022\022\242\277K\202+\303\025ks\271"
 417      A72B3A41 
 417      0A1212A2 
 417      BF4B822B 
 417      C3156B73 
 418 0954 E3901ED9 		.ascii	"\343\220\036\331Pu\032\316\226\332\334Ab\374\241\313"
 418      50751ACE 
 418      96DADC41 
 418      62FCA1CB 
 419 0964 614F72C6 		.ascii	"aOr\306\331V%\246;\223l8OZnw|\362\213\350\350\230\264"
 419      D95625A6 
 419      3B936C38 
 419      4F5A6E77 
 419      7CF28BE8 
 420 097b 0FDEFF6B 		.ascii	"\017\336\377k\214+\325\021\263\".\321\265*&\331\221"
 420      8C2BD511 
 420      B3222ED1 
 420      B52A26D9 
 420      91
 421 098c 16BF32C5 		.ascii	"\026\2772\305\035\223\034o\343,\024\213vH?V\027l\216"
 421      1D931C6F 
 421      E32C148B 
 421      76483F56 
 421      176C8E
ARM GAS  C:\cygwin\tmp\ccUgb6Fz.s 			page 33


 422 099f 047BAADD 		.ascii	"\004{\252\335\341v\246\332>M\214s'\230\2702j\246\321"
 422      E176A6DA 
 422      3E4D8C73 
 422      2798B832 
 422      6AA6D1
 423 09b2 37099F41 		.ascii	"7\011\237A\023\021/4j\314\001\361I\366\025\256\220$"
 423      13112F34 
 423      6ACC01F1 
 423      49F615AE 
 423      9024
 424 09c4 F4DB96E0 		.ascii	"\364\333\226\340L\\\221\3406-\267\273\234\014\317\320"
 424      4C5C91E0 
 424      362DB7BB 
 424      9C0CCFD0 
 425 09d4 A6E9A1C9 		.ascii	"\246\351\241\311\366t[\272\315\036\3677{\212\303\031"
 425      F6745BBA 
 425      CD1EF737 
 425      7B8AC319 
 426 09e4 9A9C98A2 		.ascii	"\232\234\230\242a\201\2341\200\333\341JX\231\352\266"
 426      61819C31 
 426      80DBE14A 
 426      5899EAB6 
 427 09f4 A5D8939D 		.ascii	"\245\330\223\235\006\252%8>-)\211\241\301h;u\303\346"
 427      06AA2538 
 427      3E2D2989 
 427      A1C1683B 
 427      75C3E6
 428 0a07 9A93EA4C 		.ascii	"\232\223\352L\211C\243T+\346\342\326\364\230\330\334"
 428      8943A354 
 428      2BE6E2D6 
 428      F498D8DC 
 429 0a17 D6FF1915 		.ascii	"\326\377\031\025\026\217\004\351'Z<f\312\014\365m1\332"
 429      168F04E9 
 429      275A3C66 
 429      CA0CF56D 
 429      31DA
 430 0a29 A00C8E04 		.ascii	"\240\014\216\004\245\363\321H]\243\033\006\372\023>"
 430      A5F3D148 
 430      5DA31B06 
 430      FA133E
 431 0a38 2DCE36D7 		.ascii	"-\3166\327\367\316H\202$g,\226\323\027\233V\246&\256"
 431      F7CE4882 
 431      24672C96 
 431      D3179B56 
 431      A626AE
 432 0a4b C0CCDBDD 		.ascii	"\300\314\333\335\316P6\365\371\0211\315:F\360_h\320"
 432      CE5036F5 
 432      F91131CD 
 432      3A46F05F 
 432      68D0
 433 0a5d 00F5     		.ascii	"\000\365"
 434              		.text
 435              		.section	.gnu.lto_.symtab.2d27101c,"",%progbits
 436 0000 6D665F73 		.ascii	"mf_scaled_character_width\000"
 436      63616C65 
 436      645F6368 
 436      61726163 
ARM GAS  C:\cygwin\tmp\ccUgb6Fz.s 			page 34


 436      7465725F 
 437 001a 00       		.ascii	"\000"
 438 001b 00       		.ascii	"\000"
 439 001c 00       		.ascii	"\000"
 440 001d 00000000 		.ascii	"\000\000\000\000\000\000\000\000"
 440      00000000 
 441 0025 0D010000 		.ascii	"\015\001\000\000"
 442 0029 6D665F73 		.ascii	"mf_scaled_render_character\000"
 442      63616C65 
 442      645F7265 
 442      6E646572 
 442      5F636861 
 443 0044 00       		.ascii	"\000"
 444 0045 00       		.ascii	"\000"
 445 0046 00       		.ascii	"\000"
 446 0047 00000000 		.ascii	"\000\000\000\000\000\000\000\000"
 446      00000000 
 447 004f 0F010000 		.ascii	"\017\001\000\000"
 448 0053 6D665F73 		.ascii	"mf_scale_font\000"
 448      63616C65 
 448      5F666F6E 
 448      7400
 449 0061 00       		.ascii	"\000"
 450 0062 00       		.ascii	"\000"
 451 0063 00       		.ascii	"\000"
 452 0064 00000000 		.ascii	"\000\000\000\000\000\000\000\000"
 452      00000000 
 453 006c 25010000 		.ascii	"%\001\000\000"
 454              		.text
 455              		.section	.gnu.lto_.opts,"",%progbits
 456 0000 272D666D 		.ascii	"'-fmath-errno' '-fsigned-zeros' '-ftrapping-math' '"
 456      6174682D 
 456      6572726E 
 456      6F272027 
 456      2D667369 
 457 0033 2D666E6F 		.ascii	"-fno-trapv' '-fno-openmp' '-fno-openacc' '-mcpu=cor"
 457      2D747261 
 457      70762720 
 457      272D666E 
 457      6F2D6F70 
 458 0066 7465782D 		.ascii	"tex-m3' '-mno-thumb-interwork' '-mthumb' '-ggdb' '-"
 458      6D332720 
 458      272D6D6E 
 458      6F2D7468 
 458      756D622D 
 459 0099 4F322720 		.ascii	"O2' '-fomit-frame-pointer' '-falign-functions=16' '"
 459      272D666F 
 459      6D69742D 
 459      6672616D 
 459      652D706F 
 460 00cc 2D666675 		.ascii	"-ffunction-sections' '-fdata-sections' '-fno-common"
 460      6E637469 
 460      6F6E2D73 
 460      65637469 
 460      6F6E7327 
 461 00ff 2720272D 		.ascii	"' '-flto'\000"
 461      666C746F 
ARM GAS  C:\cygwin\tmp\ccUgb6Fz.s 			page 35


 461      2700
 462              		.text
 463              		.comm	__gnu_lto_v1,1,1
 464              		.comm	__gnu_lto_slim,1,1
 465              		.ident	"GCC: (GNU Tools for ARM Embedded Processors) 5.4.1 20160919 (release) [ARM/embedded-5-bran
ARM GAS  C:\cygwin\tmp\ccUgb6Fz.s 			page 36


DEFINED SYMBOLS
                            *ABS*:00000000 mf_scaledfont.c
                            *COM*:00000001 __gnu_lto_v1
                            *COM*:00000001 __gnu_lto_slim

NO UNDEFINED SYMBOLS
