ARM GAS  C:\cygwin\tmp\cccemj6K.s 			page 1


   1              		.syntax unified
   2              		.cpu cortex-m3
   3              		.fpu softvfp
   4              		.eabi_attribute 20, 1
   5              		.eabi_attribute 21, 1
   6              		.eabi_attribute 23, 3
   7              		.eabi_attribute 24, 1
   8              		.eabi_attribute 25, 1
   9              		.eabi_attribute 26, 1
  10              		.eabi_attribute 30, 2
  11              		.eabi_attribute 34, 1
  12              		.eabi_attribute 18, 4
  13              		.thumb
  14              		.syntax unified
  15              		.file	"mf_wordwrap.c"
  16              		.text
  17              	.Ltext0:
  18              		.section	.gnu.lto_.profile.2d2705f0,"",%progbits
  19 0000 789C6361 		.ascii	"x\234ca`d`a`\000\222\301&\000\001D\000\222"
  19      60646061 
  19      600092C1 
  19      26000144 
  19      0092
  20              		.text
  21              		.section	.gnu.lto_.icf.2d2705f0,"",%progbits
  22 0000 789C6361 		.ascii	"x\234ca`d\000\001\016\006\004`d\230{p\332\007&\006\000"
  22      60640001 
  22      0E060460 
  22      64987B70 
  22      DA072606 
  23 0015 0DED02F5 		.ascii	"\015\355\002\365"
  24              		.text
  25              		.section	.gnu.lto_.jmpfuncs.2d2705f0,"",%progbits
  26 0000 789C6361 		.ascii	"x\234ca`d\000\001=\006\004`d`e\004\001y\306\372zFF\026"
  26      60640001 
  26      3D060460 
  26      64606504 
  26      0179C6FA 
  27 0018 A64AA838 		.ascii	"\246J\2508\023P\212\205\201\015\312\251d\001\222\314"
  27      13508A85 
  27      810DCAA9 
  27      640192CC 
  28 0028 020C0049 		.ascii	"\002\014\000I\372\002}"
  28      FA027D
  29              		.text
  30              		.section	.gnu.lto_.inline.2d2705f0,"",%progbits
  31 0000 789C6361 		.ascii	"x\234ca`d\000\001[\006\004\000\212\230\275PaddR\000"
  31      60640001 
  31      5B060400 
  31      8A98BD50 
  31      61646452 
  32 0015 B298DD7A 		.ascii	"\262\230\335z\216}fd\340\230\327\303\310\304\300t\201"
  32      8E7D6664 
  32      E098D7C3 
  32      C8C4C074 
  32      81
  33 0026 9F8509A4 		.ascii	"\237\205\011\244\204\205\027\310\011\232\340\307\314"
ARM GAS  C:\cygwin\tmp\cccemj6K.s 			page 2


  33      848517C8 
  33      099AE0C7 
  33      CC
  34 0033 C30454CE 		.ascii	"\303\004T\316.\314\310\300<\301o\202\337\024v\006\000"
  34      2ECCC8C0 
  34      3CC16F82 
  34      DF147606 
  34      00
  35 0044 4C5B0A22 		.ascii	"L[\012\""
  36              		.text
  37              		.section	.gnu.lto_.pureconst.2d2705f0,"",%progbits
  38 0000 789C6361 		.ascii	"x\234ca`d`f`\000\222\226\000\000\221\000C"
  38      60646066 
  38      60009296 
  38      00009100 
  38      43
  39              		.text
  40              		.section	.gnu.lto_mf_wordwrap.2d2705f0,"",%progbits
  41 0000 789C6D56 		.ascii	"x\234mV{PT\347\025\377\316\375\356\356\335\367.\373"
  41      7B5054E7 
  41      15FFCEFD 
  41      EEEEDDF7 
  41      2EFB
  42 0012 00C76C94 		.ascii	"\000\307l\224\004\221(\012:j\315L3\323v\246\323\316"
  42      0491280A 
  42      3A6ACD4C 
  42      33D376A6 
  42      D3CE
  43 0024 E4CF74A6 		.ascii	"\344\317t\246\315\344\037K\221$N\3258\210%\177\264\365"
  43      CDE41F4B 
  43      91244ED5 
  43      3888257F 
  43      B4F5
  44 0036 9665AB93 		.ascii	"\226e\253\2231\203\217\202\201b\2141\024\343\013\211"
  44      31838F82 
  44      81628C31 
  44      14E30B89 
  45 0046 454390B8 		.ascii	"EC\220\270\"\342\013EQ\023\253\211\223&V\255\261\015"
  45      22E20B45 
  45      5113AB89 
  45      932656AD 
  45      B10D
  46 0058 F8284DE3 		.ascii	"\370(M\343\272=\347|w\227\005\2713\373\335{\316\375"
  46      BA3DE77C 
  46      779705B9 
  46      33FBDD7B 
  46      CEFD
  47 006a FDCEFB7E 		.ascii	"\375\316\373~\337\352\002\004]\322+\304\037\360\376"
  47      DFEA0204 
  47      5DD22BC4 
  47      1FF0FE
  48 0079 1C8A3049 		.ascii	"\034\2120I\200\266\376,*\034\032D\324\203\324\364\335"
  48      80B6FE2C 
  48      2A1C1A44 
  48      D483D4F4 
  48      DD
  49 008a 9A305DB6 		.ascii	"\2320]\266\353\247\2050=:\344(\275M\263\263\336Pz{Z"
ARM GAS  C:\cygwin\tmp\cccemj6K.s 			page 3


  49      EBA78530 
  49      3D3AE428 
  49      BD4DB3B3 
  49      DE507A7B 
  50 009f 6F68DEA1 		.ascii	"oh\336\241\010\352\035\357<\213j\207%9YrZ\222\213%\227"
  50      08EA1DEF 
  50      3C8B6A87 
  50      25395972 
  50      5A928B25 
  51 00b4 25B95972 		.ascii	"%\271Yr[\222\207%\017x\2259\257\346[[\204j?\255\036"
  51      5B928725 
  51      0F789539 
  51      AFE65B5B 
  51      846A3FAD 
  52 00c9 1FF895DA 		.ascii	"\037\370\225\332\017\001z\370Q@\223\354\337\225C\301"
  52      0F017AF8 
  52      514093EC 
  52      DF9543C1 
  53 00d9 7872B420 		.ascii	"xr\264 \243C\214\016BH\241CZ^\217DE\370\354)\302\206"
  53      A3438C0E 
  53      4248A143 
  53      5A5E8F44 
  53      45F8EC29 
  54 00ef 556E471C 		.ascii	"UnG\034\021-Wi\324\353\\e\024\362\000\350n:@\254\326"
  54      112D5769 
  54      D4EB5C65 
  54      14F200E8 
  54      6E3A40AC 
  55 0104 A46EB31B 		.ascii	"\244n\263\033\016\247\313\355\361\372\374\201\234`("
  55      0EA7CBED 
  55      F1FAFC81 
  55      9C6028
  56 0113 1CC9CD83 		.ascii	"\034\311\315\203\3252\"\324\025\260\356\017\264\244"
  56      D53222D4 
  56      15B0EE0F 
  56      B4A4
  57 0121 063D6B6E 		.ascii	"\006=kntj3ZM\274\276\210\337\233k\356H@\\\012\221\322"
  57      746A335A 
  57      4DBCBE88 
  57      DF9B6BEE 
  57      48405C0A 
  58 0137 14065A61 		.ascii	"\024\006Za\006\242\316\327\356k\226\367\265\270\004"
  58      06A2CED7 
  58      EE6B96F7 
  58      B5B804
  59 0146 D0511C3E 		.ascii	"\320Q\034>\323\364\225\217D\015\362Q\274\361\306\373"
  59      D3F4958F 
  59      440DF251 
  59      BCF1C6FB 
  60 0156 C31E590C 		.ascii	"\303\036Y\014\002\237\277}\247\273\337_\324b\2325\246"
  60      029FBF7D 
  60      A7BBDF5F 
  60      D4629A35 
  60      A6
  61 0167 D951613A 		.ascii	"\331Qa:\343R\302N\220h\017\336\207(\354\200\250@\225"
  61      E352C24E 
  61      90680FDE 
ARM GAS  C:\cygwin\tmp\cccemj6K.s 			page 4


  61      8728EC80 
  61      A84095
  62 017a 805D5084 		.ascii	"\200]P\204\350c\251\221\204_\331\245`\006\207\372\267"
  62      E863A991 
  62      845FD9A5 
  62      600687FA 
  62      B7
  63 018b B895DD00 		.ascii	"\270\225\335\000\212\273\337\372f/\3109l\267s\177\363"
  63      8ABBDFFA 
  63      662FC839 
  63      6CB7737F 
  63      F3
  64 019c 6EB68BD7 		.ascii	"n\266\213\327p\231i\213K\035\366*\273{\320\356n\266"
  64      7099698B 
  64      4B1DF62A 
  64      BB7BD0EE 
  64      6EB6
  65 01ae AB0B6863 		.ascii	"\253\013hc\273\315\207\336\336\347\224\337cfK*\266\315"
  65      BBCD87DE 
  65      DEE794DF 
  65      63664B2A 
  65      B6CD
  66 01c0 4066A2C6 		.ascii	"@f\242\306L\374y \332h&\364\270\264\301\276\361A\331"
  66      4CFC7920 
  66      DA6826F4 
  66      B8B4C1BE 
  66      F141D9
  67 01d3 04B433F9 		.ascii	"\004\2643\371\353\235W.\372\344\367\231\274\256\261"
  67      EB9D572E 
  67      FAE4F799 
  67      BCAEB1
  68 01e2 AB01AC74 		.ascii	"\253\001\254t.q:v\370`<\323.`?3?\337\362\315=]\376\230"
  68      2E713A76 
  68      F8603CD3 
  68      2E603F33 
  68      3FDFF2CD 
  69 01fa 9935FB93 		.ascii	"\2315\373\223\353\323\314\372>\217\271\036\353j\300"
  69      EBD3CCFA 
  69      3E8FB91E 
  69      EB6AC0
  70 0209 5FC7730D 		.ascii	"_\307s\015\001\035PD\204\317\356o\353\320\344\363L\336"
  70      011D5044 
  70      84CFEE6F 
  70      EBD0E4F3 
  70      4CDE
  71 021b FBDF8F6F 		.ascii	"\373\337\217o\271\013\267\0239\321]\347\303\230k\363"
  71      B90BB713 
  71      39D15DE7 
  71      C3986BF3 
  72 022b 29E80363 		.ascii	")\350\003c\351tQ\220\273\266\375B\276\300\304\346\313"
  72      E9745190 
  72      BBB6FD42 
  72      BEC0C4E6 
  72      CB
  73 023c EFF66A44 		.ascii	"\357\366jD4\315D\327\200\357-\314:\237J\365\341\330"
  73      34CD44D7 
  73      80EF2DCC 
ARM GAS  C:\cygwin\tmp\cccemj6K.s 			page 5


  73      3A9F4AF5 
  73      E1D8
  74 024e 5259C486 		.ascii	"RY\304\206\277lN9\345K\314\334\272\356\304M\217\305"
  74      BF6C4E39 
  74      E54BCCDC 
  74      BAEEC44D 
  74      8FC5
  75 0260 EC188866 		.ascii	"\354\030\210f\230\037M\310\274\270\341\301+\262\214"
  75      981F4DC8 
  75      BCB8E1C1 
  75      2BB28C
  76 026f 89231FB6 		.ascii	"\211#\037\266\235\367+\242\331\365K3\376Cb\035\232\220"
  76      9DF72BA2 
  76      D9F54B33 
  76      FE43621D 
  76      9A90
  77 0281 F5E6A564 		.ascii	"\365\346\245d\235[\276\312\264\276\344\231\3174+\305"
  77      9D5BBECA 
  77      B4BEE499 
  77      CF342BC5 
  78 0291 AD59297E 		.ascii	"\255Y)~<a\212_\266?\252\367\332k\311G>\034\206B\350"
  78      3C618A5F 
  78      B63FAAF7 
  78      DA6BC947 
  78      3E1C8642 
  79 02a6 C65F17FE 		.ascii	"\306_\027\376:\361w\020\012\325\300B\002\354\270)\350"
  79      3AF17710 
  79      0AD5C042 
  79      02ECB829 
  79      E8
  80 02b7 1904BE45 		.ascii	"\031\004\276E\362\331\326\226?\271d%\273\335d\036h3"
  80      F2D9D696 
  80      3FB96425 
  80      BBDD641E 
  80      6833
  81 02c9 2CB7F706 		.ascii	",\267\367\006r\2554\035p\344\361\200\241\007\012\333"
  81      72AD341D 
  81      70E4F180 
  81      A1070ADB 
  82 02d9 5E4898A9 		.ascii	"^H\230\251T\314Ll\361\037y;\364,\0102\21584\216C\214"
  82      54CC4C6C 
  82      F11F793B 
  82      F42C0832 
  82      8D38348E 
  83 02ef E6755E6D 		.ascii	"\346u^m\274\332y5\030\343\340\325\311\253\237\327\000"
  83      BCDA7935 
  83      18E3E0D5 
  83      C9AB9FD7 
  83      00
  84 0300 76DB9983 		.ascii	"v\333\231\203\213+\310\374\020\311a\222#\314\313c\207"
  84      8B2BC8FC 
  84      10C96192 
  84      23CCCB63 
  84      87
  85 0311 93803E8D 		.ascii	"\223\200>\215\311\250v?\201\213\207f\304\363$-S\230"
  85      C9A8763F 
  85      818B8766 
ARM GAS  C:\cygwin\tmp\cccemj6K.s 			page 6


  85      C4F3242D 
  85      5398
  86 0323 351568C4 		.ascii	"5\025h\304\363\231\361\024\251\237\246\245\200\345i"
  86      F399F114 
  86      A99FA6A5 
  86      80E569
  87 0332 ECA71015 		.ascii	"\354\247\020\025\336\351\014.b\305\014B\314\244\245"
  87      DEE90C2E 
  87      62C50C42 
  87      CCA4A5
  88 0341 9861B358 		.ascii	"\230a\263X;\233\237K\370\271\024_\372\346\000M\361\\"
  88      3B9B9F4B 
  88      F8B9145F 
  88      FAE6004D 
  88      F15C
  89 0353 A0799C87 		.ascii	"\240y\234\207\012\377|~\267\200q\013I!\304\020V\371"
  89      0AFF7C7E 
  89      B780710B 
  89      4921C410 
  89      56F9
  90 0365 9C10C39A 		.ascii	"\234\020\303\232\2067\371%\324\340\250\370\270\352\335"
  90      8637F925 
  90      D4E0A8F8 
  90      B8EADD
  91 0374 5CE98678 		.ascii	"\\\351\206x\317\200A\037\260\216\225:\212uD\210\271"
  91      CF80411F 
  91      B08E953A 
  91      8A754488 
  91      B9
  92 0385 9201D42C 		.ascii	"\222\001\324,\322\334\200\232\246\366\373\367$)c\322"
  92      D2DC809A 
  92      A6F6FBF7 
  92      242963D2 
  93 0395 4FDF1CA2 		.ascii	"O\337\034\2424\306\240\273\030\271A\007R\340.\311\036"
  93      34C6A0BB 
  93      18B94107 
  93      52E02EC9 
  93      1E
  94 03a6 BE1B08A3 		.ascii	"\276\033\010\243\345\333W\256\036p\313*\356\341\233"
  94      E5DB57AE 
  94      1E70CB2A 
  94      EEE19B
  95 03b5 3B3EE84B 		.ascii	";>\350K\217\316H]nftz'\034\235\3177\036n\360\311\327"
  95      8FCE485D 
  95      6E66747A 
  95      271C9DCF 
  95      371E6EF0 
  96 03cb 99F9F5BA 		.ascii	"\231\371\365\272\235\177t[C\376 \323}\035\372&\034\327"
  96      9D7F745B 
  96      43FE20D3 
  96      7D1DFA26 
  96      1CD7
  97 03dd 314387BD 		.ascii	"1C\207\275\201\343\370;\206\303F\301\342|\234\300\220"
  97      81E3F83B 
  97      86C346C1 
  97      E27C9CC0 
  97      90
ARM GAS  C:\cygwin\tmp\cccemj6K.s 			page 7


  98 03ee 8F51C821 		.ascii	"\217Q\310!q\013j\023\311\001?\251b2\217\366\253\316"
  98      710B6A13 
  98      C9013FA9 
  98      62328FF6 
  98      ABCE
  99 0400 3B578DD5 		.ascii	";W\215\325Is\255i\006\3422\220\322\350\260:\011\253"
  99      4973AD69 
  99      06E23290 
  99      D2E8B03A 
  99      09AB
 100 0412 C96E53F3 		.ascii	"\311nS\363\256\177\323;\272~\026\2279T\003b\0128\005"
 100      AE7FD33B 
 100      BA7E1697 
 100      39540362 
 100      0A3805
 101 0425 ABE332C8 		.ascii	"\253\3432\310U\373\001\233\357!\363yh>\236H\325\025"
 101      55FB019B 
 101      EF21F379 
 101      683E9E48 
 101      D515
 102 0437 2AF3931F 		.ascii	"*\363\223\0373\037JaC\004\234F\36319\011\011q\031\246"
 102      331F4A61 
 102      43049C46 
 102      F3313909 
 102      097119A6 
 103 044b 42DF5DF3 		.ascii	"B\337]\363PS\234'\220\306\032C\311\321\230\324P\216"
 103      50539C27 
 103      90C61A43 
 103      C9D198D4 
 103      508E
 104 045d 35D895FC 		.ascii	"5\330\225\374$C\242\331\220)\250\345\316P\034\307)\216"
 104      2443A2D9 
 104      9029A8E5 
 104      CE501CC7 
 104      298E
 105 046f 29E2EF50 		.ascii	")\342\357P{%\326\372\3363\243y&\207\316%=\324q\037\270"
 105      7B25D6FA 
 105      DE33A379 
 105      2687CE25 
 105      3DD4711F 
 106 0484 A0DFAADD 		.ascii	"\240\337\252\335\260\246\213\355\232\344\010\256\235"
 106      B0A68BED 
 106      9AE408AE 
 106      9D
 107 0491 A854E819 		.ascii	"\250T\350\0311\334\367\263\\\316D\025\032\350X\323\337"
 107      31DCF7B3 
 107      5CCE4415 
 107      1AE858D3 
 107      DF
 108 04a2 EE22031E 		.ascii	"\356\"\003\036\0008\003cB(FT&\204N\012\241\230\347g"
 108      00380363 
 108      42284654 
 108      26844E0A 
 108      A198E767 
 109 04b6 439FAE00 		.ascii	"C\237\256\000\2632\343C\210\203\204\230\305\376m\342"
 109      B332E343 
 109      88838498 
ARM GAS  C:\cygwin\tmp\cccemj6K.s 			page 8


 109      C5FE6DE2 
 110 04c6 C8492131 		.ascii	"\310I!1\334\313\261\257\322\341bBS\255\360\354\242\211"
 110      DCCBB1AF 
 110      D2E16242 
 110      53ADF0EC 
 110      A289
 111 04d8 C36B683F 		.ascii	"\303kh?s\335\306\\\264C}\244\227\206h=.T\360\3779\371"
 111      73DDC65C 
 111      B4437DA4 
 111      9786683D 
 111      2E54F0FF 
 112 04ee 73C57D6A 		.ascii	"s\305}j\\\360O\243j|\264\005\250\316\304\322E\261\024"
 112      5CF04FA3 
 112      6A7CB405 
 112      A8CEC4D2 
 112      45B114
 113 0501 50271387 		.ascii	"P'\023\2077\346\262\252[\325\320B\214\333\213\032\353"
 113      37E6B2AA 
 113      5BD5D042 
 113      8CDB8B1A 
 113      EB
 114 0512 A4358D91 		.ascii	"\2445\215\221\011\367\242\263j\020\270\001\251/\214"
 114      09F7A2B3 
 114      6A10B801 
 114      A92F8C
 115 0521 B1D369B6 		.ascii	"\261\323i\266\266\314 \004\217d\012\277\235q\303+`\200"
 115      B6CC2004 
 115      8F640ABF 
 115      9D71C32B 
 115      6080
 116 0533 07F65CBA 		.ascii	"\007\366\\\272k\231\003\334\007\371p>\3235\207\3305"
 116      6B9903DC 
 116      07F9703E 
 116      D33587D8 
 116      35
 117 0544 4F2A17B7 		.ascii	"O*\027\2674\013\235\325T\247\370n\232z\275S\033\265"
 117      340B9DD5 
 117      54A7F86E 
 117      9A7ABD53 
 117      1BB5
 118 0556 B5EB40CB 		.ascii	"\265\353@\313G\240l9a0\003v\211\201\311\012\374(\013"
 118      47A06C39 
 118      61300376 
 118      8981C90A 
 118      FC280B
 119 0569 BCFD76E7 		.ascii	"\274\375v\347Q\233\002{\341B\006\354\026\365!\005\276"
 119      519B027B 
 119      E14206EC 
 119      16F52105 
 119      BE
 120 057a 2B47C1F7 		.ascii	"+G\301\367n\036\374\227T\340\331p\321\002\017i\036q"
 120      6E1EFC97 
 120      54E0D970 
 120      D1020F69 
 120      1E71
 121 058c C32B8735 		.ascii	"\303+\2075\357h\233\256\203\"-\214\311B.\371\205\301"
 121      EF689BAE 
ARM GAS  C:\cygwin\tmp\cccemj6K.s 			page 9


 121      83222D8C 
 121      C9422EF9 
 121      85C1
 122 059e 30979C6A 		.ascii	"0\227\234jB5\273\032{\027T\223\026f\357R~\334\245.)"
 122      4235BB1A 
 122      7B175493 
 122      1666EF52 
 122      7EDCA52E 
 123 05b3 BB77F1D3 		.ascii	"\273w\361\323.\216\032\017cS\361\206\233wq\324I\213"
 123      2E8E1A0F 
 123      6353F186 
 123      9B7771D4 
 123      498B
 124 05c5 8B16B780 		.ascii	"\213\026\267\200\231Q\017\305\351\023\027\012xS\372"
 124      99510FC5 
 124      E913170A 
 124      7853FA
 125 05d4 74303A3A 		.ascii	"t0::\224\005j(?\261\206\262\350\361\241,\342,\375\034"
 125      94056A28 
 125      3FB186B2 
 125      E8F1A12C 
 125      E22CFD1C 
 126 05e8 31BA0AE2 		.ascii	"1\272\012\342\034\370\036nj\007\274{Q\216\240\015\337"
 126      1CF81E6E 
 126      6A07BC7B 
 126      518EA00D 
 126      DF
 127 05f9 9D4D7B50 		.ascii	"\235M{P. 9\237\344C\365\377@Y\367\302]\230\206\026|"
 127      2E20399F 
 127      E443F5FF 
 127      4059F7C2 
 127      5D988616 
 128 060e BDF5281A 		.ascii	"\275\365(\032^@C\001\201\377\366\000\343\010\010e\337"
 128      5E404301 
 128      81FFF600 
 128      E3080865 
 128      DF
 129 061f 104AE070 		.ascii	"\020J\340ptK\340\021\224\226\300\303\247q\240\303#1"
 129      744BE011 
 129      9496C0C3 
 129      A771A0C3 
 129      2331
 130 0631 9BDA7D43 		.ascii	"\233\332}C\034)\352\376\347R\212pvul\352x?~j\255g+l"
 130      1C29EAFE 
 130      E7528A70 
 130      76756CEA 
 130      783F7E6A 
 131 0649 C1BF2FB9 		.ascii	"\301\277/\271\304\370\204\352\005\237\302VP\205\375"
 131      C4F884EA 
 131      059FC256 
 131      5085FD
 132 0658 FD28B3ED 		.ascii	"\375(\263\355N\347\267^b\272\261\256\227\323u\325br"
 132      4EE7B75E 
 132      62BAB1AE 
 132      97D375D5 
 132      6272
 133 066a 7A2E861E 		.ascii	"z.\206\036\364c&2&g\223\020!A\217\311\005$\344\223`"
ARM GAS  C:\cygwin\tmp\cccemj6K.s 			page 10


 133      F4632632 
 133      26679310 
 133      21418FC9 
 133      0524E493 
 134 067f C4E47C12 		.ascii	"\304\344|\022\246\371)\303\034\361O\273\314J\320\221"
 134      A6F929C3 
 134      1CF14FBB 
 134      CC4AD091 
 135 068f 9DA04D7D 		.ascii	"\235\240M}\0067[\242\312\267-\333w\036\372\376[\332"
 135      06375BA2 
 135      CAB72DDB 
 135      771EFAFE 
 135      5BDA
 136 06a1 B70D770C 		.ascii	"\267\015w\014\375\320\006.\244\235\226\000zr\340&\241"
 136      FDD0062E 
 136      A49D9600 
 136      7A72E026 
 136      A1
 137 06b2 F76EA06A 		.ascii	"\367n\240j\222\316\010\220\303\240\350\220\334\331\221"
 137      92CE0890 
 137      C3A0E890 
 137      DCD991
 138 06c1 C15C3E8B 		.ascii	"\301\\>\213:U\365\270\263\327t\345\250d\314i\305\201"
 138      3A55F5B8 
 138      B3D774E5 
 138      A864CC69 
 138      C581
 139 06d3 95706743 		.ascii	"\225pgC\343\302uf\207kW[\361\243\323\317)+\245\244\272"
 139      E3C27566 
 139      876B575B 
 139      F1A3D3CF 
 139      292BA5A4 
 140 06e8 8506589A 		.ascii	"\205\006X\232\027\223sp\327\006\326\317\215\313I\252"
 140      17937370 
 140      D706D6CF 
 140      8DCB49AA 
 141 06f8 AC95D6DB 		.ascii	"\254\225\326\333\321\371\244Ds\020&\203\2076w`\032N"
 141      D1F9A444 
 141      73102683 
 141      87367760 
 141      1A4E
 142 070a AC0AC925 		.ascii	"\254\012\311%\301\336\315\224AX\364p\014\211\372\013"
 142      C1DECD94 
 142      4158F470 
 142      0C89FA0B 
 143 071a 91D1D3D4 		.ascii	"\221\321\323\324I\316\007\337\270\326\317\316\3256\307"
 143      49CE07DF 
 143      B8D6CFCE 
 143      D536C7
 144 0729 D1251A37 		.ascii	"\321%\0327\205\323'w\372\250N4\205\306\234\325\224Z"
 144      85D32777 
 144      FAA84E34 
 144      85C69CD5 
 144      945A
 145 073b 446C3464 		.ascii	"Dl4df\240\322H5QY\022;\003u\272?8j\235\356\201\361\363"
 145      66A0D248 
 145      35515912 
ARM GAS  C:\cygwin\tmp\cccemj6K.s 			page 11


 145      3B0375BA 
 145      3F386A9D 
 146 0753 95F3D840 		.ascii	"\225\363\330@\005\254\201\272\222\031\250\345\026tt"
 146      05AC81BA 
 146      9219A8E5 
 146      167474
 147 0762 823049BF 		.ascii	"\2020I\277\266.\371[\214<\274\273q\017%\233\213\005"
 147      B62EF95B 
 147      8C3CBCBB 
 147      710F259B 
 147      8B05
 148 0774 077C359D 		.ascii	"\007|5\235B\210`5f\247\037\026\360C\177\362=|\236\217"
 148      42886035 
 148      66A71F16 
 148      F0437FF2 
 148      3D7C9E8F 
 149 0788 F623177F 		.ascii	"\366#\027\177\207\370<\372\277r\233\"\2656\021@\005"
 149      87F83CFA 
 149      BF729B22 
 149      B5361140 
 149      05
 150 0799 9E99CF94 		.ascii	"\236\231\317\224\224\224\256\372\351O^,]YY^\372\312"
 150      9494AEFA 
 150      E94F5E2C 
 150      5D59595E 
 150      FACA
 151 07ab E2252B57 		.ascii	"\342%+W\224.+_\365\362k\313\253J\227\275\274\250\372"
 151      942E2B5F 
 151      F5F26BCB 
 151      AB4A97BD 
 151      BCA8FA
 152 07be B5CAC5D5 		.ascii	"\265\312\305\325\225e+J\312\205N:[\365\222\305U\257"
 152      95652B4A 
 152      CA854E3A 
 152      5BF592C5 
 152      55AF
 153 07d0 EA5515AF 		.ascii	"\352U\025\257W9\312\313\226.\375UY\371\257m+\253\312"
 153      5739CACB 
 153      962EFD55 
 153      59F9AF6D 
 153      2BABCA
 154 07e3 AA2A8CA5 		.ascii	"\252*\214\245+\027\255\250\254\370\215Q^\316w;\336\313"
 154      2B17ADA8 
 154      ACF88D51 
 154      5ECE773B 
 154      DECB
 155 07f5 5755DA97 		.ascii	"WU\332\227V\323\315\271t\311\362\012\304UVA\271\254"
 155      56D3CDB9 
 155      74C9F20A 
 155      C4555641 
 155      B9AC
 156 0807 5AB6C2B9 		.ascii	"Z\266\302\271\274\242z\021\333\372??33\344"
 156      BCA27A11 
 156      DBFA3F3F 
 156      3333E4
 157              		.text
 158              		.section	.gnu.lto_.symbol_nodes.2d2705f0,"",%progbits
ARM GAS  C:\cygwin\tmp\cccemj6K.s 			page 12


 159 0000 789C6361 		.ascii	"x\234ca`d\010d\000\002\246\313\214\365\014\014\023\316"
 159      60640864 
 159      0002A6CB 
 159      8CF50C0C 
 159      13CE
 160 0012 313000A9 		.ascii	"10\000\251]\015\212\014\014\214W\031\353\031\301\"\014"
 160      5D0D8A0C 
 160      0C8C5719 
 160      EB19C122 
 160      0C
 161 0023 0C0D0D0A 		.ascii	"\014\015\015\012@\201+\214\365L\310\002\314\014L\014"
 161      40812B8C 
 161      F54CC802 
 161      CC0C4C0C 
 162 0033 47165EEB 		.ascii	"G\026^\353fg\006\232\322\322\366dW!\013\003\303\346"
 162      6667069A 
 162      D2D2F664 
 162      57210B03 
 162      C3E6
 163 0045 C707D644 		.ascii	"\307\007\326D30\000\000Gr\025\336"
 163      33300000 
 163      477215DE 
 164              		.text
 165              		.section	.gnu.lto_.refs.2d2705f0,"",%progbits
 166 0000 789C6361 		.ascii	"x\234ca`\004B \000\000\0009\000\007"
 166      60044220 
 166      00000039 
 166      0007
 167              		.text
 168              		.section	.gnu.lto_.decls.2d2705f0,"",%progbits
 169 0000 789CA557 		.ascii	"x\234\245WkP\024W\026\356\323=\300\320\014\340\242\265"
 169      6B501457 
 169      16EED33D 
 169      C0D00CE0 
 169      A2B5
 170 0012 61AB66B7 		.ascii	"a\253f\267\334\024eMjK\210q\037\331\375\225\315V%[\373"
 170      DC14654D 
 170      6A4B8871 
 170      1FD9FD95 
 170      CD56255B 
 171 0027 636BFF98 		.ascii	"ck\377\230\332\037\244&\3430<jap\231a\325\037\273\333"
 171      DA1FA426 
 171      E3303C6A 
 171      61709961 
 171      D51FBBDB 
 172 003b 022248E4 		.ascii	"\002\"H\344a\000\001Q\021\2020:\274\361\0158QQy)H$("
 172      61000151 
 172      1182303A 
 172      BCF10D38 
 172      51517929 
 173 0052 510191C4 		.ascii	"Q\001\221\304(\021\004\343\203\030\366\334{{\272\033"
 173      281104E3 
 173      8318F6DC 
 173      7B7BBA1B 
 174 0062 3298546D 		.ascii	"2\230Tm\027\207\276\347\364w\3569\347\353{\317\235\326"
 174      1787BEE7 
 174      F477EE39 
ARM GAS  C:\cygwin\tmp\cccemj6K.s 			page 13


 174      E7EB7BCF 
 174      9DD6
 175 0074 71C0912B 		.ascii	"q\300\221+\342'\034\027\317s\334y\034/\340\205C\356"
 175      E2271C17 
 175      CF73DC79 
 175      1C2FE085 
 175      43EE
 176 0086 3D4EBD04 		.ascii	"=N\275\004\224_\"\3645\224H\340\276w\221g?\223}\302"
 176      945F22F4 
 176      359448E0 
 176      BE779167 
 176      3F937DC2 
 177 009a 5056A184 		.ascii	"PV\241\204\240\3553\274\177\202\322\213\262\201\304"
 177      A0ED33BC 
 177      7F82D28B 
 177      B281C4
 178 00a9 41DB19BC 		.ascii	"A\333\031\274\267\243\030Q\326\241\3767\274\257A\351"
 178      B7A31851 
 178      D6A1FE37 
 178      BCAF41E9 
 179 00b9 447903F5 		.ascii	"Dy\003\365_\241\254EY\217bB9\206\366\016\224p\224.9"
 179      5FA1AC45 
 179      598F6242 
 179      3986F60E 
 179      9470942E 
 180 00ce 9E4E8E19 		.ascii	"\236N\216\031)\347\364;\0379\275\340\241}p\376\262n"
 180      29E7F43B 
 180      1F39BDE0 
 180      A17D70FE 
 180      B26E
 181 00e0 04AE03D6 		.ascii	"\004\256\003\326\003+\250\025\200\375\007*\034\023\252"
 181      032BA815 
 181      80FD072A 
 181      1C13AA
 182 00ef E280A7FF 		.ascii	"\342\200\247\3779\325\004^\240\254\363\336!\247LF\377"
 182      39D5045E 
 182      A0ACF3DE 
 182      21A74C46 
 182      FF
 183 0100 647FCA1D 		.ascii	"d\177\312\035\275\350$\352\354 ;1]v\346@\326y5\0000"
 183      BDE824EA 
 183      EC203B31 
 183      5D76E640 
 183      D6793500 
 184 0115 D5EBA099 		.ascii	"\325\353\240\231\217\245+O\247\346\254\324\004\336\242"
 184      8FA52B4F 
 184      A7E6ACD4 
 184      04DEA2
 185 0124 A527BBFA 		.ascii	"\245'\273\372B\005\036\310\370\366\263\332w\"\335\022"
 185      42051EC8 
 185      F8F6B3DA 
 185      7722DD12 
 186 0134 5EF992C4 		.ascii	"^\371\222\304\377Be\246\336=\337(\352\010-\033\014\260"
 186      FF4265A6 
 186      DE3DDF28 
 186      EA082D1B 
 186      0CB0
ARM GAS  C:\cygwin\tmp\cccemj6K.s 			page 14


 187 0146 51474C03 		.ascii	"QGL\003\031\215\345\302\034\017a\"\350P\235\351+\273"
 187      198DE5C2 
 187      1C0F6122 
 187      E8509DE9 
 187      2BBB
 188 0158 1382EA2A 		.ascii	"\023\202\352*\021V\373v\250~>?M\034\326\210\260\260"
 188      1156FB76 
 188      A87E3E3F 
 188      4D1CD688 
 188      B0B0
 189 016a 20A0A1E1 		.ascii	" \240\241\341\301\311g\301\314@\236\237\351\351:d\020"
 189      C1C967C1 
 189      CC409E9F 
 189      E9E93A64 
 189      10
 190 017b 5EA1E3CE 		.ascii	"^\241\343\316\205'\236P69\217\352\325\351\336}Al\362"
 190      85279E50 
 190      36398FEA 
 190      D5E9DE7D 
 190      416CF2
 191 018e 152F78FE 		.ascii	"\025/x\376cO\332v\000\321\224%Ii\222\224.\211\265!\034"
 191      634FDA76 
 191      00D19425 
 191      49699294 
 191      2E89B521 
 192 01a3 3483119A 		.ascii	"4\203\021\232\300\310A+\230\310\224.\210\344\240\001"
 192      C0C8412B 
 192      98C8942E 
 192      88E4A001 
 193 01b3 8DF5683C 		.ascii	"\215\365h<Dj\032-\232\372K\272$\001\264\200\010\215"
 193      446A1A2D 
 193      9AFA4BBA 
 193      2401B480 
 193      088D
 194 01c5 20500866 		.ascii	" P\010f\270FdEv\024\214L\212B4I\200wM\367\272C\227\015"
 194      B8466445 
 194      76148C4C 
 194      8A423449 
 194      80774DF7 
 195 01dd 717CD910 		.ascii	"q|\331\020{w\254A\376V\3001\014qT\015\201\021Y\214\274"
 195      7B77AC41 
 195      FE56C031 
 195      0C71540D 
 195      8111598C 
 196 01f2 2F5A1B82 		.ascii	"/Z\033\202)/\004Q\007\224\231kO\333\237\033\204B \221"
 196      292F0451 
 196      0794996B 
 196      4FDB9F1B 
 196      84422091 
 197 0206 752D69B7 		.ascii	"u-i\267\017\206\200\311\0108/\210\207\274/\203\203v"
 197      0F8680C9 
 197      08382F88 
 197      87BC2F83 
 197      8376
 198 0218 74380982 		.ascii	"t8\011\202w\275\226I\230\333\364\177\211\031\307zz\247"
 198      77BD9649 
 198      98DBF47F 
ARM GAS  C:\cygwin\tmp\cccemj6K.s 			page 15


 198      8919C77A 
 198      7AA7
 199 022a D94E574A 		.ascii	"\331NWJ\376\341\034\2547\302\353\230\352)L\225x\322"
 199      FEE11CAC 
 199      37C2EB98 
 199      EA294C95 
 199      78D2
 200 023c 5CDB70CE 		.ascii	"\\\333p\316\323\230+\306\274q\2617\303_\224\035\362"
 200      D3982BC6 
 200      BC71B137 
 200      C35F941D 
 200      F2
 201 024d 7F84C3FD 		.ascii	"\177\204\303\375#\223C!\206\235\304!?]\012\273\024\002"
 201      23934321 
 201      869DC421 
 201      3F5D0ABB 
 201      1402
 202 025f 1D887223 		.ascii	"\035\210r#\340\010\00288\003\006\271Z\004\217\355\236"
 202      E0080238 
 202      380306B9 
 202      5A048FED 
 202      9E
 203 0270 1BE68552 		.ascii	"\033\346\205RZ\021\237Q0Q\353\007\006\323r\276p\026"
 203      5A119F51 
 203      3051EB07 
 203      06D372BE 
 203      7016
 204 0282 43AAEE8C 		.ascii	"C\252\356\214\310\202\236\210zB\344'h\367\250D\"\214"
 204      C8829E88 
 204      7A42E427 
 204      68F7A844 
 204      228C
 205 0294 45C8DE7E 		.ascii	"E\310\336~\352\261\236\022I\020'\030\221}\235\203%\001"
 205      EAB19E12 
 205      49102718 
 205      917D9D83 
 205      2501
 206 02a6 42172372 		.ascii	"B\027#r\242\276uH\200@F\244i\007\2554\255b\365?\225"
 206      A2BE7548 
 206      804046A4 
 206      6907AD34 
 206      AD62F53F 
 207 02bb 4A2F61D8 		.ascii	"J/a\330N\010\304). \344\"fBx$\026\312\355\012:\324\274"
 207      4E08C429 
 207      2E20E422 
 207      66427824 
 207      16CAED0A 
 208 02d2 0054E1BC 		.ascii	"\000T\341\274\372\0020\336\366\274\212\352\320\360b"
 208      FA0230DE 
 208      F6BC8AEA 
 208      D0F062
 209 02e1 0A499756 		.ascii	"\012I\227V\353(D\245\244\013\260\011\3019\3201\264\273"
 209      EB2844A5 
 209      A40BB009 
 209      C139D031 
 209      B4BB
 210 02f3 B2693078 		.ascii	"\262i0x\021\203\010\320\300\273\265\014\316\014\024"
ARM GAS  C:\cygwin\tmp\cccemj6K.s 			page 16


 210      118308D0 
 210      C0BBB50C 
 210      CE0C14
 211 0302 7589C215 		.ascii	"u\211\302\025\306\340\324\310w\347\202\2260\250\365"
 211      C6E0D4C8 
 211      77E78296 
 211      30A8F5
 212 0311 853E2CA5 		.ascii	"\205>,\245{\011\203Ey?\257%U\364\242\275Ge\260\333\313"
 212      7B098345 
 212      793FAF25 
 212      55F4A2BD 
 212      4765B0DB 
 213 0326 607EC7D8 		.ascii	"`~\307\330n\306 A\034f\014f\214\366\216\033\024Z/3\343"
 213      6EC62041 
 213      1C660C66 
 213      8CF68E1B 
 213      145A2F33 
 214 033b 9DCACB55 		.ascii	"\235\312\313U<n\277p\262s\001\015e\236\376\367\231."
 214      3C6EBF70 
 214      B273010D 
 214      659EFEF7 
 214      992E
 215 034d 49FF41BD 		.ascii	"I\377A\275ed\316\305\0139\264\211\360\017\233\362\212"
 215      6564CEC5 
 215      0B39B489 
 215      F00F9BF2 
 215      8A
 216 035e E5AD237D 		.ascii	"\345\255#}\177\353|\212\231\206\313\253k\000\215\375"
 216      7FEB7C8A 
 216      9986CBAB 
 216      6B008DFD 
 217 036e EAEEBCFB 		.ascii	"\352\356\274\3736\335\235\203\2704\256\252\371\206\313"
 217      36DD9D83 
 217      B834AEAA 
 217      F986CB
 218 037d 3BE76849 		.ascii	";\347hI\337G!B\021\213Q?\2710\030\010&\321\273\351\""
 218      DF472142 
 218      118B513F 
 218      B9301808 
 218      26D1BBE9 
 219 0392 8E904A3F 		.ascii	"\216\220J?C\317k\252\347 \335t\276\323\030\362\221\006"
 219      43CF6BAA 
 219      E720DD74 
 219      BED318F2 
 219      9106
 220 03a4 0669BEF5 		.ascii	"\006i\276\365\274\020h\371d\256+\254\374\2573\356\216"
 220      BC1068F9 
 220      64AE2BAC 
 220      FCAF33EE 
 220      8E
 221 03b5 06B16614 		.ascii	"\006\261f\024\256iFa\264\031A\356\013\327\235@a\037"
 221      AE694661 
 221      B41941EE 
 221      0BD79D40 
 221      611F
 222 03c7 6BA00F47 		.ascii	"k\240\017G2\347Ee{\263\276\327\260}\302\245G\274\021"
 222      32E74565 
ARM GAS  C:\cygwin\tmp\cccemj6K.s 			page 17


 222      7BB3BED7 
 222      B07DC2A5 
 222      47BC11
 223 03da D9034DDB 		.ascii	"\331\003M\3333\262\266\327\352\231\255\323\011u\254"
 223      33B2B6D7 
 223      EA99ADD3 
 223      0975AC
 224 03e9 AE8196EB 		.ascii	"\256\201\226\353\235j]E\217\377H\031\031\303\271n\253"
 224      9D6A5D45 
 224      8FFF4819 
 224      19C3B96E 
 224      AB
 225 03fa 7519E5B2 		.ascii	"u\031\345\262\226n\365Q\254\311(\327t\013k\272\311j"
 225      966EF551 
 225      ACC928D7 
 225      740B6BBA 
 225      C96A
 226 040c 721DA83D 		.ascii	"r\035\250=\037,\034g\001\246\012\357g\011\032\342\214"
 226      1F2C1C67 
 226      01A60AEF 
 226      67091AE2 
 226      8C
 227 041d 94B8090C 		.ascii	"\224\270\011\0140\256\006\030\203e\"\334\361\035a\262"
 227      30AE0618 
 227      836522DC 
 227      F11D61B2 
 228 042d B5371784 		.ascii	"\2657\027\2043\214\202\332\311\362\\\003\353\325o\222"
 228      338C82DA 
 228      C9F25C03 
 228      EBD56F92 
 229 043d A5727AAE 		.ascii	"\245rz\256\333\217\261\245G\265\250l2\\\270\312\220"
 229      DB8FB1A5 
 229      47B5A86C 
 229      325CB8CA 
 229      90
 230 044e A78FB75D 		.ascii	"\247\217\267]\360c\310\327\351\22117\032 \014\263g{"
 230      F063C8D7 
 230      E9913137 
 230      1A200CB3 
 230      677B
 231 0460 676FDE0B 		.ascii	"go\336\013d\317L\250\266uf\273\202\204\011\366l\333"
 231      64CF4CA8 
 231      B67566BB 
 231      828409F6 
 231      6CDB
 232 0472 9DC6FD41 		.ascii	"\235\306\375A\302C\246x_\316*\366r\352\373:]\006\341"
 232      C243A678 
 232      5FCE2AF6 
 232      72EAFB3A 
 232      5D06E1
 233 0485 397B367B 		.ascii	"9{6{\245\344\337\002\226K\306\227j\036\355\004\241\230"
 233      A5E4DF02 
 233      964BC697 
 233      6A1EED04 
 233      A198
 234 0497 29EE9287 		.ascii	")\356\222\207\365 \354c\312\265\332j\213P\305\306\351"
 234      F520EC63 
ARM GAS  C:\cygwin\tmp\cccemj6K.s 			page 18


 234      CAB5DA6A 
 234      8B50C5C6 
 234      E9
 235 04a8 BD1327F5 		.ascii	"\275\023'\365B=S\252w<\370\215p\202\215O\264O\275\301"
 235      423D53AA 
 235      773CF88D 
 235      70828D4F 
 235      B44FBDC1 
 236 04bc AA30A276 		.ascii	"\2520\242v\352\346\214G\016:J^\351\320\275g\231z\341"
 236      EAE68C47 
 236      0E3A4A5E 
 236      E9D0BD67 
 236      997AE1
 237 04cf 2C83FA38 		.ascii	",\203\3728\372|\230F2kz\202\250\211\220\377\\>\010\206"
 237      FA7C9846 
 237      326B7A82 
 237      A88990FF 
 237      5C3E0886 
 238 04e3 6F5D0B54 		.ascii	"o]\013T\214\363\3148\221\327\376i\200\262&\277e\306"
 238      8CF3CC38 
 238      91D7FE69 
 238      80B226BF 
 238      65C6
 239 04f5 FEBAE1AC 		.ascii	"\376\272\341\254P\305\370\202\031\233\272J\263ym;z\357"
 239      50C5F882 
 239      199BBA4A 
 239      B3796D3B 
 239      7AEF
 240 0507 A79AF6B2 		.ascii	"\247\232\366\262@\273\321w\336n\324 u\326\300\242n\264"
 240      40BBD177 
 240      DE6ED420 
 240      75D6C0A2 
 240      6EB4
 241 0519 B0A81B49 		.ascii	"\260\250\033I\274\246\033e\315\314\3565\010\203\264"
 241      BCA61B65 
 241      CDCCEE35 
 241      0883B4
 242 0528 407EAEE0 		.ascii	"@~\256\340\3507\302\222n\244\365\205t\336\244qgK\355"
 242      E837C292 
 242      6EA4F585 
 242      74DEA471 
 242      674BED
 243 053b C06D23ED 		.ascii	"\300m#\355Fih\337\306+K\015a,\302\211\346\3562\266\363"
 243      466968DF 
 243      C62B4B0D 
 243      612CC289 
 243      E6EE32B6 
 244 0550 08E2192B 		.ascii	"\010\342\031+\250\263\354\\\223^\331N\031<5\216\226"
 244      A8B3EC5C 
 244      935ED94E 
 244      193C358E 
 244      96
 245 0561 57958B4A 		.ascii	"W\225\213J\351\333\231\361fvZN\210b\314\244\306Wr\317"
 245      E9DB99F1 
 245      66765A4E 
 245      8862CCA4 
 245      C65772CF 
ARM GAS  C:\cygwin\tmp\cccemj6K.s 			page 19


 246 0575 570D8540 		.ascii	"W\015\205@\304\312\010C\270\316@\377G(\227\251\222d"
 246      C4CA0843 
 246      B8CE40FF 
 246      472897A9 
 246      9264
 247 0587 EF1949DD 		.ascii	"\357\031I\335#y\266\011\224\357/q\007d\363+\275\213"
 247      2379B609 
 247      94EF2F71 
 247      0764F32B 
 247      BD8B
 248 0599 FD0B4AC3 		.ascii	"\375\013J\303$\371\317\025\310\247\200\004N\016\236"
 248      24F9CF15 
 248      C8A78004 
 248      4E0E9E
 249 05a8 609DDF90 		.ascii	"`\235\337\220:\037\313\016X\013\354\307\232\367\361"
 249      3A1FCB0E 
 249      580BECC7 
 249      9AF7F1
 250 05b7 11508EB2 		.ascii	"\021P\216\262\027\245\014\245\024\245\004e\017J1J\021"
 250      17A50CA5 
 250      14A50465 
 250      0F4A314A 
 250      11
 251 05c8 4A164A21 		.ascii	"J\026J!J>\312N>\202\236$,\225\202\013\241\245\222'C"
 251      4A3ECA4E 
 251      3E829E24 
 251      2C95820B 
 251      A1A59227 
 252 05dd 801C24E0 		.ascii	"\200\034$\340\251<\265\302\351u\232\315:\222\214\226"
 252      A93CB5C2 
 252      E9759ACD 
 252      3A928C96 
 253 05ed F70F79ED 		.ascii	"\367\017y\355;\313\241lr\232\0250\261\350\214F4\376"
 253      3BCBA16C 
 253      729A1530 
 253      B1E88C46 
 253      34FE
 254 05ff DFC59325 		.ascii	"\337\305\223%@\270\312\305H;P\323\316\230\247\211\312"
 254      40B8CAC5 
 254      483B50D3 
 254      CE98A789 
 254      CA
 255 0610 10EC55C9 		.ascii	"\020\354U\311\024x\226\245\200\373?\353\177j\223\262"
 255      147896A5 
 255      80FB3FEB 
 255      7F6A93B2 
 256 0620 FDA10003 		.ascii	"\375\241\000\003\216,-\376\006\315\305\015K\253\337"
 256      8E2C2DFE 
 256      06CDC50D 
 256      4BABDF
 257 062f BDA8FA82 		.ascii	"\275\250\372\202\037\250~7\255\376\243E\325\177\216"
 257      1FA87E37 
 257      ADFEA345 
 257      D57F8E
 258 063e 0B8D859F 		.ascii	"\013\215\205\237\331Z\"y\322\004\272\322\356\312\011"
 258      D95A2279 
 258      D204BAD2 
ARM GAS  C:\cygwin\tmp\cccemj6K.s 			page 20


 258      EECA09
 259 064d 28C7C50D 		.ascii	"(\307\305\015\225}\206\276\246Y7_\371Z7\367@\005w\274"
 259      957D86BE 
 259      A659375F 
 259      F95A37F7 
 259      400577BC 
 260 0661 2FA5FB53 		.ascii	"/\245\373S\350\003_\320\373\032h\233\002\235\362\005"
 260      E8035FD0 
 260      FB1A689B 
 260      029DF205 
 261 0671 756BA0C7 		.ascii	"uk\240\307\024\350C_\320\2575\320V\005:\355\013\332"
 261      14E8435F 
 261      D0AF35D0 
 261      56053AED 
 261      0BDA
 262 0683 AC81EE57 		.ascii	"\254\201\356W\2403\276\240\353Ud\271\202|\344\013\251"
 262      A033BEA0 
 262      EB5564B9 
 262      827CE40B 
 262      A9
 263 0694 216B4F35 		.ascii	"!kO5\260\225M~\344\315.}\271QK\013\313\247\013\201`"
 263      B0954D7E 
 263      E4CD2E7D 
 263      B9514B0B 
 263      CBA70B81 
 264 06a9 E77C62E9 		.ascii	"\347|b\351\314\264\253x\346?\220\360'\033B8y\225z\277"
 264      CCB4AB78 
 264      E63F90F0 
 264      271B4238 
 264      79957ABF 
 265 06bd E4063A77 		.ascii	"\344\006:w\370\351\274/y\230u\223\306/\037\315\030\226"
 265      F8E9BC2F 
 265      79987593 
 265      C62F1FCD 
 265      1896
 266 06cf 6D8F1574 		.ascii	"m\217\025tu\034\340\345\366x\343\206k.\340\325\012\251"
 266      751CE0E5 
 266      F678E386 
 266      6B2EE0D5 
 266      0AA9
 267 06e1 A2511A3D 		.ascii	"\242Q\032=9\376A\233;S\312\337&IoQ \324\252\207e-\375"
 267      39FE419B 
 267      3B53CADF 
 267      26496F51 
 267      20D4AA87 
 268 06f8 450835B8 		.ascii	"E\0105\270j98\310\277J\332\275k\240T\024\216\352\350"
 268      6A3938C8 
 268      BF4ADABD 
 268      6BA05414 
 268      8EEAE8
 269 070b 71F079DA 		.ascii	"q\360y\332\350\267\202p\211*|a\377x\332\362_.\325\374"
 269      E8B78270 
 269      892A7C61 
 269      FF78DAF2 
 269      5F2ED5FC 
 270 071f 729F1505 		.ascii	"r\237\025\005=\354\240\376\230\027\241J\355\236\307"
 270      3DECA0FE 
ARM GAS  C:\cygwin\tmp\cccemj6K.s 			page 21


 270      9817A14A 
 270      ED9EC7
 271 072e BC9F1539 		.ascii	"\274\237\0259\363\227\262X\367$\010v\302\354\037\033"
 271      F397B258 
 271      F7240876 
 271      C2EC1F1B 
 272 073e CBD52B1C 		.ascii	"\313\325+\034\034b}r\247\324uP\037\276\354\026\251\245"
 272      1C627D72 
 272      A7D47550 
 272      1FBEEC16 
 272      A9A5
 273 0750 24D47849 		.ascii	"$\324xI\250i.;OH\030\305\024\366\037\260\027\244W\374"
 273      A8692E3B 
 273      4F4818C5 
 273      14F61FB0 
 273      17A457FC 
 274 0764 9940A052 		.ascii	"\231@\240RM\001\207\354\243\322EK\237\376pv\227 \364"
 274      4D0187EC 
 274      A3D2454B 
 274      9FFE7076 
 274      9720F4
 275 0777 B3D2330B 		.ascii	"\263\3223\013/\336\362_t\304\220\037\225j\264#l\303"
 275      2FDEF25F 
 275      74C4901F 
 275      956AB423 
 275      6CC3
 276 0789 22F240C7 		.ascii	"\"\362@\307\365\002\326\276\321&\347?\334T\231\343\257"
 276      F502D6BE 
 276      D126E73F 
 276      DC5499E3 
 276      AF
 277 079a 4D9594A6 		.ascii	"M\225\224\246:\327\321T\335\336T\333\212\307O\204\310"
 277      3AD7D154 
 277      DDDE54DB 
 277      8AC74F84 
 277      C8
 278 07ab A9E6F7FC 		.ascii	"\251\346\367\374\272T:\253#\0208\254\246z\330\233j="
 278      BA543AAB 
 278      231038AC 
 278      A67AD89B 
 278      6A3D
 279 07bd 495570A5 		.ascii	"IUp\245\237\035\362\003\371;\213}M-,\204B\023\317"
 279      9F1DF203 
 279      F93B8B7D 
 279      4D2D2C84 
 279      4213CF
 280 07d0 BEA7C8DD 		.ascii	"\276\247\310\335\347k\342\350#\016\032y#4\360F\252b"
 280      E76BE2E8 
 280      230E1A79 
 280      2334F046 
 280      AA62
 281 07e2 02F379E3 		.ascii	"\002\363y\343y\213\317\323\272E\335\251\231\025K\356"
 281      798BCFD3 
 281      BA45DDA9 
 281      99154BEE 
 282 07f2 E44759F1 		.ascii	"\344GY\361\365\005\277E\350\332E\350\026\031\335B\321"
 282      F505BF45 
ARM GAS  C:\cygwin\tmp\cccemj6K.s 			page 22


 282      E8DA45E8 
 282      1619DD42 
 282      D1
 283 0803 8767BBF3 		.ascii	"\207g\273\363EaD\267\354o\314\316\214\251\252\227|\210"
 283      456144B7 
 283      EC6FCCCE 
 283      8CA9AA97 
 283      7C88
 284 0815 1CA35C1D 		.ascii	"\034\243\\\035\365r\225\335\367\225[\217\\\365\323\265"
 284      F57295DD 
 284      F7955B8F 
 284      5CF5D3B5 
 285 0825 1D3F5045 		.ascii	"\035?PE\327v\305[\024\010\255*c\255\274fm\037\347_\345"
 285      D776C55B 
 285      1408AD2A 
 285      63ADBC66 
 285      6D1FE75F 
 286 083a 829262CD 		.ascii	"\202\222b\315\233\223Sb6\247X6\351\337\375\353\206\325"
 286      9B935362 
 286      36A75836 
 286      E9DFFDEB 
 286      86D5
 287 084c 7F5AB78E 		.ascii	"\177Z\267\216\023\315\346\324\004\273s\335o\315\316"
 287      13CDE6D4 
 287      04BB73DD 
 287      6FCDCE
 288 085b DF5BFF10 		.ascii	"\337[\377\020m\335\032\2679\301\036mIIZkO\266\333\326"
 288      6DDD1AB7 
 288      39C11E6D 
 288      49495A6B 
 288      4FB6DBD6 
 289 086f DA2C1B13 		.ascii	"\332,\033\023\242\023\354\326\304\324\030[t\222\305"
 289      A213ECD6 
 289      C4D4185B 
 289      7492C5
 290 087e 1A9F60B7 		.ascii	"\032\237`\267E\233cl\261\226\324D\247\331\271u\223\315"
 290      459B636C 
 290      B196D444 
 290      A7D9B975 
 290      93CD
 291 0890 1119CFE9 		.ascii	"\021\031\317\351\275SD\376\320\024\216\255\216h\263"
 291      BD5344FE 
 291      D0148EAD 
 291      8E68B3
 292 089f C3198378 		.ascii	"\303\031\203x\364\323Y\343-)\376\230\226\303\231b\212"
 292      F4D359E3 
 292      2D29FE98 
 292      96C39962 
 292      8A
 293 08b0 8C8C4A7D 		.ascii	"\214\214J}\367\235\277G9R\254Qq1\011\216MQI\326\324"
 293      F79DBF47 
 293      3952AC51 
 293      7131098E 
 293      4D5149D6 
 294 08c5 D864BB33 		.ascii	"\330d\2733\012\0016\2735\031\235\342\320\311\317\374"
 294      0A0136BB 
 294      35199DE2 
ARM GAS  C:\cygwin\tmp\cccemj6K.s 			page 23


 294      D0C9CFFC 
 295 08d5 76727262 		.ascii	"vrrb\030\032\0231\031\263\325\222\230\270\321b\375\207"
 295      181A1331 
 295      19B3D592 
 295      98B8D162 
 295      FD87
 296 08e7 D9F9F219 		.ascii	"\331\371\362\031\274\225\343\014\201f\263\234o\200|"
 296      BC95E30C 
 296      8166B39C 
 296      6F807C
 297 08f6 0F258958 		.ascii	"\017%\211X\254N[\212ysB\2143>\220\261\362&\"\344{X\254"
 297      AC4E5B8A 
 297      7973428C 
 297      333E90B1 
 297      F22622E4 
 298 090d 378E02F5 		.ascii	"7\216\002\365\213M\264\3049\202h\026\361\266\204\270"
 298      8B4DB4C4 
 298      39826816 
 298      F1B684B8 
 299 091d 78A7B8D1 		.ascii	"x\247\270\321\342\260Q}\253:\334\022\234d\331b\336b"
 299      E2B0517D 
 299      AB3ADC12 
 299      9C64D962 
 299      DE62
 300 092f B6C4FCCB 		.ascii	"\266\304\374\313b\267\332\202\223\022\354\252\346\317"
 300      62B7DA82 
 300      9312ECAA 
 300      E6CF
 301 093d 1CFD6854 		.ascii	"\034\375hT\321\021\237\234\3424\333-I\266\300\330\324"
 301      D1119F9C 
 301      E234DB2D 
 301      49B6C0D8 
 301      D4
 302 094e C44436C2 		.ascii	"\304D6\302\334I\015f\307\212\024\233=\0063T\022X\211"
 302      DC490D66 
 302      C78A149B 
 302      3D063354 
 302      125889
 303 0961 8F36256C 		.ascii	"\2176%l\261%jH\210x)\011\344\216\004\374H\246\254\034"
 303      B1256A48 
 303      88782909 
 303      E48E04FC 
 303      48A6AC1C 
 304 0975 61790935 		.ascii	"ay\0115\001\262I\304{\234\315I\206\301\011\0163q0;6"
 304      01B249C4 
 304      7B9CCD49 
 304      86C1090E 
 304      3371303B 
 305 098a 59ACB6FF 		.ascii	"Y\254\266\377\001\377\255\226\257"
 305      01FFAD96 
 305      AF
 306              		.text
 307              		.section	.gnu.lto_.symtab.2d2705f0,"",%progbits
 308 0000 6D665F77 		.ascii	"mf_wordwrap\000"
 308      6F726477 
 308      72617000 
 309 000c 00       		.ascii	"\000"
ARM GAS  C:\cygwin\tmp\cccemj6K.s 			page 24


 310 000d 00       		.ascii	"\000"
 311 000e 00       		.ascii	"\000"
 312 000f 00000000 		.ascii	"\000\000\000\000\000\000\000\000"
 312      00000000 
 313 0017 21010000 		.ascii	"!\001\000\000"
 314 001b 6D665F63 		.ascii	"mf_character_width\000"
 314      68617261 
 314      63746572 
 314      5F776964 
 314      746800
 315 002e 00       		.ascii	"\000"
 316 002f 02       		.ascii	"\002"
 317 0030 00       		.ascii	"\000"
 318 0031 00000000 		.ascii	"\000\000\000\000\000\000\000\000"
 318      00000000 
 319 0039 29010000 		.ascii	")\001\000\000"
 320 003d 6D665F67 		.ascii	"mf_getchar\000"
 320      65746368 
 320      617200
 321 0048 00       		.ascii	"\000"
 322 0049 02       		.ascii	"\002"
 323 004a 00       		.ascii	"\000"
 324 004b 00000000 		.ascii	"\000\000\000\000\000\000\000\000"
 324      00000000 
 325 0053 2E010000 		.ascii	".\001\000\000"
 326              		.text
 327              		.section	.gnu.lto_.opts,"",%progbits
 328 0000 272D666D 		.ascii	"'-fmath-errno' '-fsigned-zeros' '-ftrapping-math' '"
 328      6174682D 
 328      6572726E 
 328      6F272027 
 328      2D667369 
 329 0033 2D666E6F 		.ascii	"-fno-trapv' '-fno-openmp' '-fno-openacc' '-mcpu=cor"
 329      2D747261 
 329      70762720 
 329      272D666E 
 329      6F2D6F70 
 330 0066 7465782D 		.ascii	"tex-m3' '-mno-thumb-interwork' '-mthumb' '-ggdb' '-"
 330      6D332720 
 330      272D6D6E 
 330      6F2D7468 
 330      756D622D 
 331 0099 4F322720 		.ascii	"O2' '-fomit-frame-pointer' '-falign-functions=16' '"
 331      272D666F 
 331      6D69742D 
 331      6672616D 
 331      652D706F 
 332 00cc 2D666675 		.ascii	"-ffunction-sections' '-fdata-sections' '-fno-common"
 332      6E637469 
 332      6F6E2D73 
 332      65637469 
 332      6F6E7327 
 333 00ff 2720272D 		.ascii	"' '-flto'\000"
 333      666C746F 
 333      2700
 334              		.text
 335              		.comm	__gnu_lto_v1,1,1
ARM GAS  C:\cygwin\tmp\cccemj6K.s 			page 25


 336              		.comm	__gnu_lto_slim,1,1
 337              		.ident	"GCC: (GNU Tools for ARM Embedded Processors) 5.4.1 20160919 (release) [ARM/embedded-5-bran
ARM GAS  C:\cygwin\tmp\cccemj6K.s 			page 26


DEFINED SYMBOLS
                            *ABS*:00000000 mf_wordwrap.c
                            *COM*:00000001 __gnu_lto_v1
                            *COM*:00000001 __gnu_lto_slim

NO UNDEFINED SYMBOLS
