ARM GAS  C:\cygwin\tmp\ccFg3sdR.s 			page 1


   1              		.syntax unified
   2              		.cpu cortex-m3
   3              		.fpu softvfp
   4              		.eabi_attribute 20, 1
   5              		.eabi_attribute 21, 1
   6              		.eabi_attribute 23, 3
   7              		.eabi_attribute 24, 1
   8              		.eabi_attribute 25, 1
   9              		.eabi_attribute 26, 1
  10              		.eabi_attribute 30, 2
  11              		.eabi_attribute 34, 1
  12              		.eabi_attribute 18, 4
  13              		.thumb
  14              		.syntax unified
  15              		.file	"nvic.c"
  16              		.text
  17              	.Ltext0:
  18              		.section	.gnu.lto_.profile.2d26e06a,"",%progbits
  19 0000 789C6361 		.ascii	"x\234ca`d`a`\000\222Rb\000\000\264\000;"
  19      60646061 
  19      60009252 
  19      620000B4 
  19      003B
  20              		.text
  21              		.section	.gnu.lto_.icf.2d26e06a,"",%progbits
  22 0000 789C6361 		.ascii	"x\234ca`d\000\001)\006\004`ax:\377\316>f\306eS\316t"
  22      60640001 
  22      29060460 
  22      61783AFF 
  22      CE3E66C6 
  23 0018 73303D58 		.ascii	"s0=X\362l\001/\363\266\357\013\237\2613\000\000\245"
  23      F26C012F 
  23      F3B6EF0B 
  23      9FB13300 
  23      00A5
  24 002a D30C36   		.ascii	"\323\0146"
  25              		.text
  26              		.section	.gnu.lto_.jmpfuncs.2d26e06a,"",%progbits
  27 0000 789C6361 		.ascii	"x\234ca`d\000\001)\006\004`a`bdd\256\257g\004\202z&"
  27      60640001 
  27      29060460 
  27      61606264 
  27      64AEAF67 
  28 0018 089B19C4 		.ascii	"\010\233\031\304f\000\000)n\0038"
  28      66000029 
  28      6E0338
  29              		.text
  30              		.section	.gnu.lto_.inline.2d26e06a,"",%progbits
  31 0000 789C4D8C 		.ascii	"x\234M\214\301\021\200 \020\003\223#\002\372\261\004"
  31      C1118020 
  31      10039323 
  31      02FAB104 
  32 0010 ACC0266D 		.ascii	"\254\300&m\204\222,\305\022<pD\363\270\231\233\315F"
  32      84922CC5 
  32      123C7044 
  32      F3B8999B 
  32      CD46
ARM GAS  C:\cygwin\tmp\ccFg3sdR.s 			page 2


  33 0022 205A0E7C 		.ascii	" Z\016|\021\260\3144n\015\265\243x\355\210\265\030\354"
  33      11B0CC34 
  33      6E0DB5A3 
  33      78ED88B5 
  33      18EC
  34 0034 5C05FFB2 		.ascii	"\\\005\377\262\223\354jNd\257\004\325\362T\234\252\217"
  34      93EC6A4E 
  34      64AF04D5 
  34      F2549CAA 
  34      8F
  35 0045 1826917D 		.ascii	"\030&\221}%\270\367\033\360\004\244\370\252\003\016"
  35      25B8F71B 
  35      F004A4F8 
  35      AA030E
  36 0054 153795B3 		.ascii	"\0257\225\263\015\243"
  36      0DA3
  37              		.text
  38              		.section	.gnu.lto_.pureconst.2d26e06a,"",%progbits
  39 0000 789C6361 		.ascii	"x\234ca`d\340d```a\220b\224b\222b\226\002\000\002\261"
  39      6064E064 
  39      60606061 
  39      90629462 
  39      92629602 
  40 0017 0081     		.ascii	"\000\201"
  41              		.text
  42              		.section	.gnu.lto_nvicEnableVector.2d26e06a,"",%progbits
  43 0000 789C9D53 		.ascii	"x\234\235S\317k\023A\030\2357\223M6\232\244G\017\006"
  43      CF6B1341 
  43      189D3793 
  43      4D369AA4 
  43      470F06
  44 0013 2C78083D 		.ascii	",x\010=\2305\036\024\361$\005oE\251\177\201\006\241"
  44      98351E14 
  44      F124056F 
  44      45A97F81 
  44      06A1
  45 0025 019B9456 		.ascii	"\001\233\224V\304[\247\331l\212x\251?\032\177\240\026"
  45      C45BA7D9 
  45      6C8A78A9 
  45      3F1A7FA0 
  45      16
  46 0036 A1A5B1B5 		.ascii	"\241\245\261\265MS\2536U!\004EzhE\320\223 jK\004\241"
  46      4D53AB36 
  46      55210445 
  46      7A6845D0 
  46      93206A4B 
  47 004c 92848A1E 		.ascii	"\222\204\212\036\232\304ov\003\012*\210\003;;\337\314"
  47      9AC46F76 
  47      030A2A88 
  47      033B3BDF 
  47      CC
  48 005d F7BEF7DE 		.ascii	"\367\276\367\3367\273.\006\246\306A\301\330~z\357\244"
  48      37BB2E06 
  48      A6C641C1 
  48      D87E7AEF 
  48      A4
  49 006e 0782818F 		.ascii	"\007\202\201\217\25426\244s@-\244\0166\3101\210\257"
ARM GAS  C:\cygwin\tmp\ccFg3sdR.s 			page 3


  49      AC3236A4 
  49      73402DA4 
  49      0E36C831 
  49      88AF
  50 0080 BCCE511A 		.ascii	"\274\316Q\032.\027x\307\244\244\361~\342\266\220\331"
  50      2E1778C7 
  50      A4A4F17E 
  50      E2B690D9 
  51 0090 222C8237 		.ascii	"\",\2027\271]\211a\022\035\224\365*5wSlrK\000.\012\253"
  51      B95D8961 
  51      121D94F5 
  51      2A357753 
  51      6C724B00 
  52 00a7 2B37D602 		.ascii	"+7\326\002*\344h\247\260.\257d\002b/\030\255\257\227"
  52      2AE468A7 
  52      B02EAF64 
  52      02622F18 
  52      ADAF97
  53 00ba 46DFFA43 		.ascii	"F\337\372C\023R&\245\274xJz-!0\005A\365p\027Ad\021d"
  53      135226A5 
  53      BC784A7A 
  53      2D213005 
  53      41F57017 
  54 00d2 B4C5308D 		.ascii	"\264\3050\215\020eO'?m\010\261\317F\236_\256\257yZ\310"
  54      10654F27 
  54      3F6D08B1 
  54      CF469E5F 
  54      AEAF795A 
  55 00e7 420B79EF 		.ascii	"B\013y\357\017\310\031\204T\372\307|c\324\357N)\341"
  55      0FC81984 
  55      54FAC77C 
  55      63D4EF4E 
  55      29E1
  56 00f9 ED8E5CCC 		.ascii	"\355\216\\\314\302\255\032\220\353.\312f\323\224\362"
  56      C2AD1A90 
  56      EB2ECA66 
  56      D394F2
  57 0108 4DE4C26E 		.ascii	"M\344\302n\037\240\020\234\260.\241&\015\212\333CKM"
  57      1FA0109C 
  57      B02EA126 
  57      0D8ADB43 
  57      4B4D
  58 011a 57939726 		.ascii	"W\223\227&7c\025\252\240\272S\345\\\275E\031\311\332"
  58      376315AA 
  58      A0BA53E5 
  58      5CBD4519 
  58      C9DA
  59 012c 70E39B50 		.ascii	"p\343\233PEM\301M\001V\206Yq;\261\240\255_\333\342\206"
  59      454DC14D 
  59      01568659 
  59      713BB1A0 
  59      AD5FDBE2 
  60 0141 0B391258 		.ascii	"\0139\022XF)\003\225B\207\031\253\364\322\243\016=\266"
  60      46290395 
  60      428719AB 
  60      F4D2A30E 
  60      3DB6
ARM GAS  C:\cygwin\tmp\ccFg3sdR.s 			page 4


  61 0153 BD853B5F 		.ascii	"\275\205;_\276\373\234P\226L\031\240\255K\033\265\305"
  61      BEFB9C50 
  61      964C19A0 
  61      AD4B1BB5 
  61      C5
  62 0164 C0186E0D 		.ascii	"\300\030n\015)\023m\226\320\221'\243sTG\001V\336\315"
  62      29136D96 
  62      D09127A3 
  62      73544701 
  62      56DECD
  63 0177 8FB41933 		.ascii	"\217\264\03132E\027\342\305<\306\320\260/E\325\232\332"
  63      324517E2 
  63      C53CC6D0 
  63      B02F45D5 
  63      9ADA
  64 0189 CC8A484E 		.ascii	"\314\212HN\246\010y\300\022\333p\037\206)4\373\302\026"
  64      A60879C0 
  64      12DB701F 
  64      862934FB 
  64      C216
  65 019b 10217D4A 		.ascii	"\020!}Jl-\275z\355\230\243\327C\247\204[\036_\332\362"
  65      6C2DBD7A 
  65      ED98A3D7 
  65      43A7845B 
  65      1E5FDAF2 
  66 01af 397A353C 		.ascii	"9z5<\260\365\232[\351\327.'Iw\222.\217\317\026\374*"
  66      B0F59A5B 
  66      E9D72E27 
  66      4977922E 
  66      8FCF16FC 
  67 01c4 49C32E3C 		.ascii	"I\303.<t\222*\351\365V'\274\212\376\331\213\264\356"
  67      74922AE9 
  67      F55627BC 
  67      8AFED98B 
  67      B4EE
  68 01d6 94011E21 		.ascii	"\224\001\036!HP\333\371\207\035-\353\377nl;\026mc\370"
  68      4850DBF9 
  68      871D2DEB 
  68      FF6E6C3B 
  68      166D63F8 
  69 01ea DDD8214B 		.ascii	"\335\330!K\370PP\306<\266\261%e\314k\023\345\237W\265"
  69      F85050C6 
  69      3CB6B125 
  69      65CC6B13 
  69      E59F57B5 
  70 01fe FFA07A6C 		.ascii	"\377\240zlS\361\277P=\371I\365\324\241\372\214d\361"
  70      53F1BF50 
  70      3DF949F5 
  70      D4A1FA8C 
  70      64F1
  71 0210 EA114564 		.ascii	"\352\021Ed\377\013\025RI\237\006\341\367\204\303FgO"
  71      FF0B1552 
  71      499F06E1 
  71      F784C346 
  71      674F
  72 0222 EC64ECE8 		.ascii	"\354d\354\350q#1`\364\2348m\364%\372\317\014\030\321"
  72      71233160 
ARM GAS  C:\cygwin\tmp\ccFg3sdR.s 			page 5


  72      F49C386D 
  72      F425FACF 
  72      0C18D1
  73 0235 446F6F22 		.ascii	"Doo\"n\034\356\356\352\354:g\304\317\306\242\341(C\334"
  73      6E1CEEEE 
  73      EAEC3A67 
  73      C4CFC6A2 
  73      E12843DC 
  74 0249 D5D71F4B 		.ascii	"\325\327\037K\374\000'+\034\337"
  74      FC00272B 
  74      1CDF
  75              		.text
  76              		.section	.gnu.lto_nvicDisableVector.2d26e06a,"",%progbits
  77 0000 789C8D52 		.ascii	"x\234\215R\275kSQ\024\277\277{^\322W\333\244\243\203"
  77      BD6B5351 
  77      14BFBF7B 
  77      5ED257DB 
  77      A4A383
  78 0013 010B0EA5 		.ascii	"\001\013\016\245\203y}\223\203\223\024\334\212R\377"
  78      83797D93 
  78      839314DC 
  78      8A52FF
  79 0022 821A8406 		.ascii	"\202\032\204\006l\"V\304\255\267M^\\\213\265\201\210"
  79      6C2256C4 
  79      ADB74D5E 
  79      5C8BB581 
  79      88
  80 0033 52844A63 		.ascii	"R\204Jc\264MZ\243\266N\341\241\210C\025\241N\202\370"
  80      B44D5AA3 
  80      B64EE1A1 
  80      884315A1 
  80      4E82F8
  81 0046 45064149 		.ascii	"E\006AIJ\004\207\266\361\234\367\034\004\027/\334\217"
  81      4A0487B6 
  81      F19CF71C 
  81      04172FDC 
  81      8F
  82 0057 73F97D9C 		.ascii	"s\371}\234s\317\265\024\224\214\011\255\224\313\373"
  82      73CFB514 
  82      948C09AD 
  82      94CBFB
  83 0066 119E2005 		.ascii	"\021\236 \005=\377Z\251Y[\003r06\324\214\306\014~\352"
  83      3DFF5AA9 
  83      595B0372 
  83      3036D48C 
  83      C60C7EEA 
  84 007a 7D0DFF7A 		.ascii	"}\015\377zsK\017\257\030\036\037_4GL\271\001\217\224"
  84      734B0FAF 
  84      181E1F5F 
  84      34474CB9 
  84      018F94
  85 008d EAEA4049 		.ascii	"\352\352@Ia\005\303\214z\233\257\335\246\216\366\010"
  85      6105C38C 
  85      7A9BAFDD 
  85      A68EF608 
  86 009d B0386C6F 		.ascii	"\2608lo\337\372\022\227Pc\220\303}s\263\030\247\021"
  86      DFFA1297 
ARM GAS  C:\cygwin\tmp\ccFg3sdR.s 			page 6


  86      506390C3 
  86      7D73B318 
  86      A711
  87 00af 283E97FC 		.ascii	"(>\227\374\305\367\261\241{\306\314\031\263p\301\364"
  87      C5F7B1A1 
  87      7BC6CC19 
  87      B370C1F4 
  88 00bf 7A44A880 		.ascii	"zD\250\200X\017\367\221@\031\011\305W\012\0170$\360"
  88      580FF791 
  88      401909C5 
  88      570A0F30 
  88      24F0
  89 00d1 CFEB078B 		.ascii	"\317\353\007\213\261h^\354\007CS<DT\312\250\2167L\267"
  89      B1685EEC 
  89      0743533C 
  89      4454CAA8 
  89      8E374CB7 
  90 00e5 9B33A6E4 		.ascii	"\2333\246\344V\216\331\20004s-\222\305\342%\242T\213"
  90      568ED980 
  90      3034732D 
  90      92C5E225 
  90      A2548B
  91 00f8 1952535B 		.ascii	"\031RS[k\331\251\211\334n\241Y:+\"9\3229\002{\274Z~"
  91      6BD9A989 
  91      DC6EA159 
  91      3A2B2239 
  91      D239027B 
  92 010f B6D72FD9 		.ascii	"\266\327/\331F\020\301*'\300\250\275\302\216\025\202"
  92      4610C12A 
  92      27C0A8BD 
  92      C28E1582 
  93 011f 28042D2C 		.ascii	"(\004-,\257m\305\004d\341(\326BP\253\360\225B\220\024"
  93      AF6DC504 
  93      64E128D6 
  93      4250ABF0 
  93      95429014 
  94 0133 5D7FFEB2 		.ascii	"]\177\376\262`\2072@\025\011\2462\310/~:,\030\006\024"
  94      60873240 
  94      1509A632 
  94      C82F7E3A 
  94      2C180614 
  95 0147 3DFF4D8F 		.ascii	"=\377M\217\000\242\301K\324\357\376\370\325\037\206"
  95      00A2C14B 
  95      D4EFFEF8 
  95      D51F86
  96 0156 C6CF9938 		.ascii	"\306\317\2318_\335\370\276\273\031_\302\235Y\251w\300"
  96      5FDDF8BE 
  96      BB195FC2 
  96      9D59A977 
  96      C0
  97 0167 A31EACF3 		.ascii	"\243\036\254\363\233\324\330M\010\333\0376\346\007\234"
  97      9BD4D84D 
  97      08DB1F36 
  97      E6079C
  98 0176 5593E70E 		.ascii	"U\223\347\016\330\330\300\022\016\202.\210V\245S&\267"
  98      D8D8C012 
  98      0E822E88 
ARM GAS  C:\cygwin\tmp\ccFg3sdR.s 			page 7


  98      56A55326 
  98      B7
  99 0187 6AF2CC3C 		.ascii	"j\362\314<\351Q/\036\301\341\372\202\016\325\341r\202"
  99      E9512F1E 
  99      C1E1FA82 
  99      0ED5E172 
  99      82
 100 0198 924AA7B6 		.ascii	"\222J\247\266\323\246?\311\374\277\325!<\016\254\360"
 100      D3A63FC9 
 100      FCBFD521 
 100      3C0EACF0 
 101 01a8 AFD5098F 		.ascii	"\257\325\011\217\372\360D\254\202\217\205\247p\377\256"
 101      FAF044AC 
 101      828F85A7 
 101      70FFAE
 102 01b7 B30F0A9B 		.ascii	"\263\017\012\233\254\370\015s\215w\247\3058\3703-\226"
 102      ACF80D73 
 102      8D77A7C5 
 102      38F8332D 
 102      96
 103 01c8 E2667076 		.ascii	"\342fpv\307\223Igt2}>}\346\234\223\235v&'.:\227\262"
 103      C7934967 
 103      74327D3E 
 103      7DE69C93 
 103      9D762627 
 104 01e0 97AF4C3B 		.ascii	"\227\257L;\251\354\324T6\343\234\032\037\033\035\273"
 104      A9ECD454 
 104      36E39C1A 
 104      1F1B1DBB 
 105 01f0 E664AEA6 		.ascii	"\346d\256\246S\311\224B\3467/L\333\023"
 105      53C99442 
 105      E6372F4C 
 105      DB13
 106              		.text
 107              		.section	.gnu.lto_nvicSetSystemHandlerPriority.2d26e06a,"",%progbits
 108 0000 789C6D91 		.ascii	"x\234m\221\261k\024Q\020\306\337\367fow#$\377\200)\322"
 108      B16B1451 
 108      10C6DFF7 
 108      666F7723 
 108      24FF8029 
 109 0015 1D29BC97 		.ascii	"\035)\274\227TZ\330\310\025VA\210\235]<\003w\220\334"
 109      545AD8C8 
 109      15564188 
 109      9D5D3C03 
 109      7790DC
 110 0028 868B885D 		.ascii	"\206\213\210]\336\355\336\022\322\210\250\011*9R\210"
 110      DEEDDE12 
 110      D288A809 
 110      2A395288 
 111 0038 2426C64B 		.ascii	"$&\306K\324\3460\310q \230B\305\326J\015\254(F.\242"
 111      D4E630C8 
 111      71209842 
 111      C5D64A0D 
 111      AC28462E 
 112 004d E5E59CD9 		.ascii	"\345\345\234\331D\260\360\301\333y\363f~\263\337\274"
 112      44B0F0C1 
 112      DB79F366 
ARM GAS  C:\cygwin\tmp\ccFg3sdR.s 			page 8


 112      7EB3DFBC 
 113 005d 711494AC 		.ascii	"q\024\224\254\257l\316\262=\311\033\244\240o\276U\252"
 113      AF6CCEB2 
 113      3DC91BA4 
 113      A06FBE55 
 113      AA
 114 006e EA6B400E 		.ascii	"\352k@\016\326\207\232\323\230\303o\335\325h\317'M="
 114      D6879AD3 
 114      98C36FDD 
 114      D568CF27 
 114      4D3D
 115 0080 BC6A797D 		.ascii	"\274jy}|\365c\304\256\265\020\223R=\235VRX\3050g\275"
 115      7CF563C4 
 115      AEB51093 
 115      523D9D56 
 115      5258C530 
 116 0096 AF6D2DD3 		.ascii	"\257m-\323/\035\023\340\260{\360\346\376\336\200\270"
 116      2F1D13E0 
 116      B07BF0E6 
 116      FEDE80B8 
 117 00a6 1A43EC46 		.ascii	"\032C\354F\267_\356\3704\002\305\347}\273[u\263\017"
 117      B75FEEF8 
 117      3402C5E7 
 117      7DBB5B75 
 117      B30F
 118 00b8 AD0DAD6D 		.ascii	"\255\015\255mN\332\276\230\010\353 \256\207G\030\304"
 118      4EDABE98 
 118      08EB20AE 
 118      874718C4 
 119 00c8 1A06155F 		.ascii	"\032\006\025_)l \313\331\033\341\227}\2423)\271\260"
 119      296C20CB 
 119      D91BE197 
 119      7DA23329 
 119      B9B0
 120 00da DBDDF38E 		.ascii	"\333\335\363\216\311\3561\371\370?\344&\262\222\376"
 120      C9EE31F9 
 120      F83FE426 
 120      B292FE
 121 00e9 79FB70B1 		.ascii	"y\373p\261\337\255\211\360\241\205\277\212\361\004\256"
 121      DFAD89F0 
 121      A185BF8A 
 121      F104AE
 122 00f8 BC4163BC 		.ascii	"\274Ac\274e{\275\310\332{\356\213\033\360\000\2414\363"
 122      657BBDC8 
 122      DA7BEE8B 
 122      1BF000A1 
 122      34F3
 123 010a 0EC92703 		.ascii	"\016\311'\003\371\277R\035f\344I\016\264\026K\011\302"
 123      F9BF521D 
 123      66E4490E 
 123      B4164B09 
 123      C2
 124 011b 9FF3C9F2 		.ascii	"\237\363\311\362%)\023\221\216\010*A\324q\217|\342\253"
 124      25291391 
 124      8E082A41 
 124      D4718F7C 
 124      E2AB
ARM GAS  C:\cygwin\tmp\ccFg3sdR.s 			page 9


 125 012d 7FDF2203 		.ascii	"\177\337\"\003\007\015V\225\240\275\004I\341\340R\334"
 125      070D5695 
 125      A0BD0449 
 125      E1E052DC 
 126 013d 7EE749D0 		.ascii	"~\347I\320M{\2526w\356d\216\\\373!\262\003\202\337\015"
 126      4D7BAA36 
 126      77EE648E 
 126      5CFB21B2 
 126      0382DF0D 
 127 0151 3FF92BA8 		.ascii	"?\371+\250WEy\177L\036\266\271\273-\256#\300\367\305"
 127      5745797F 
 127      4C1EB6B9 
 127      BB2DAE23 
 127      C0F7C5
 128 0164 D7EB27CC 		.ascii	"\327\353'\314\246\255\361\024|<\305\012\016\323Ip\350"
 128      A6ADF114 
 128      7C3CC50A 
 128      0ED34970 
 128      E8
 129 0175 C1AD7A7E 		.ascii	"\301\255z~\264ak\014\236\216\251\017\317`\"\312\244"
 129      B4616B0C 
 129      9E8EA90F 
 129      CF6022CA 
 129      A4
 130 0186 437A8E51 		.ascii	"Cz\216Q\226\247\276!l\325\317\213\222tv\035\015\351"
 130      96A7BE21 
 130      6CD5CF8B 
 130      9274761D 
 130      0DE9
 131 0198 8AF953B9 		.ascii	"\212\371S\271\234\311\027K\227K\027.\232`\326\024'\246"
 131      9CC9174B 
 131      974B172E 
 131      9A60D614 
 131      27A6
 132 01aa CC4C50B9 		.ascii	"\314LP\271:k\012\301\364tP6\347\306\307\362c\327M\371"
 132      3A6B0AC1 
 132      F4745036 
 132      E7C6C7F2 
 132      63D74DF9 
 133 01be 5AA9902B 		.ascii	"Z\251\220+(\2578Q\27625Yqf*\245\340\017\202\277\263"
 133      28AF3851 
 133      BE323559 
 133      71662AA5 
 133      E00F82BF 
 134 01d3 C5       		.ascii	"\305"
 135              		.text
 136              		.section	.gnu.lto_nvicClearPending.2d26e06a,"",%progbits
 137 0000 789C2551 		.ascii	"x\234%QAKTQ\024\276\337=\357\215#8\343\017h \241\205"
 137      414B5451 
 137      14BEDF3D 
 137      EF8D2338 
 137      E30F6820 
 138 0016 4838D759 		.ascii	"H8\327Y\267\012\027\255\244\320_PC\340@\316HF\264\363"
 138      B70A17AD 
 138      A4D05F50 
 138      43E040CE 
 138      4846B4F3 
ARM GAS  C:\cygwin\tmp\ccFg3sdR.s 			page 10


 139 002a 3A6FDEB8 		.ascii	":o\336\2705\313\211B\221@q\262t\324Z\250\253\341\321"
 139      35CB8942 
 139      914071B2 
 139      74D45AA8 
 139      ABE1D1
 140 003d A68585D0 		.ascii	"\246\205\205\320.\210P\220\010\215q\230\250\205\316"
 140      2E885090 
 140      088D7198 
 140      A885CE
 141 004c 74CE7B17 		.ascii	"t\316{\027\356=\347||\347;\347\334\343((9\247l2l\257"
 141      EE3DE77C 
 141      7CE73BE7 
 141      DCE32828 
 141      39A76C32 
 142 0062 F00529E8 		.ascii	"\360\005)\350\271\317J\315\3045 \216\215CMkL\343\217"
 142      B9CF4ACD 
 142      C435208E 
 142      8D434D6B 
 142      4CE38F
 143 0075 BED40866 		.ascii	"\276\324\010fO\366\364\300\232\345\363c\365\357\220"
 143      4FF6F4C0 
 143      9AE5F363 
 143      F5EF90
 144 0084 ADD6E193 		.ascii	"\255\326\341\223R\035\035*)\254a\200Y\207\245\255Ej"
 144      521D1D2A 
 144      29AC6180 
 144      5987A5AD 
 144      456A
 145 0096 699F0087 		.ascii	"i\237\000\207\303\363\203W\307I\0115\3728\274\264\317"
 145      C3F38357 
 145      C7490935 
 145      FA38BCB4 
 145      CF
 146 00a7 2B491A82 		.ascii	"+I\032\202b\377e\260\360-\321\277jm\321\332\247\367"
 146      62FF65B0 
 146      F02DD1BF 
 146      6A6DD1DA 
 146      A7F7
 147 00b9 6DB74F84 		.ascii	"m\267O\204u\020\353\341\015R\250\"\245\030Rx\213~\241"
 147      7510EBE1 
 147      0D52A822 
 147      A5185278 
 147      8B7EA1
 148 00cc 1F6DB717 		.ascii	"\037m\267\027\022\261\222\224\357\213\212\342\035b2"
 148      12B19294 
 148      EF8B8AE2 
 148      1D6232
 149 00db 466DB46E 		.ascii	"Fm\264n;\035\317\332\027\231\237\327\342\200dh\316u"
 149      3B1DCFDA 
 149      17999FD7 
 149      E2806468 
 149      CE75
 150 00ed 481E871F 		.ascii	"H\036\207\037\327\025O\251\006\247\311`\347Z\213\245"
 150      D7154FA9 
 150      06A7C960 
 150      E75A8BA5 
 151 00fd 1378CD72 		.ascii	"\023x\315r{\351\216(y\244=\002\027\372\264\262\177\321"
ARM GAS  C:\cygwin\tmp\ccFg3sdR.s 			page 11


 151      7BE98E28 
 151      79A43D02 
 151      17FAB4B2 
 151      7FD1
 152 010f 232DBB70 		.ascii	"#-\273p\261\301]0\353\242\374\321\211H\024\221\236\255"
 152      B1C15D30 
 152      EBA2FCD1 
 152      89481491 
 152      9EAD
 153 0121 6CEE2584 		.ascii	"l\356%\204\344\340*6#R\243\374\225\"\222\203\353)\246"
 153      E4E02A36 
 153      2352A3FC 
 153      95229283 
 153      EB29A6
 154 0134 32586CCE 		.ascii	"2Xl\316\266t\004\272\2143\022T 1kT\374\340K\227h\304"
 154      B67404BA 
 154      8C331254 
 154      20316B54 
 154      FCE04B97 
 155 014a C2FFF8F0 		.ascii	"\302\377\370\360\372\367\277\236(\264\201g\223\014\315"
 155      FAF7BF9E 
 155      28B48167 
 155      930CCD
 156 0159 9F357793 		.ascii	"\2375w\223\313X\232\221\251{}\352\302\026\377L\215\313"
 156      CB589A91 
 156      A97B7DEA 
 156      C216FF4C 
 156      8DCB
 157 016b 49C2C1F7 		.ascii	"I\302\301\367\235\271^\263aK\274\2078\266\261\214v\270"
 157      9DB95EB3 
 157      614BBC87 
 157      38B6B18C 
 157      76B8
 158 017d 0BD15A6F 		.ascii	"\013\321ZoU)S\263%\316\274\341S7v`x\300pO\357\221\341"
 158      552953B3 
 158      25CEBCE1 
 158      53377660 
 158      78C0704F 
 159 0194 66D42F14 		.ascii	"f\324/\024\353\207\267\244\225p}\015\015\371\022\246"
 159      EB87B7A4 
 159      95707D0D 
 159      0DF912A6 
 160 01a4 0CA6D366 		.ascii	"\014\246\323fx<w/w{\314\024\246\314\370\335\007f\262"
 160      783C772F 
 160      777BCC14 
 160      A6CCF8DD 
 160      0766B2
 161 01b7 F0F0D194 		.ascii	"\360\360\321\224\311\026&&\012ysstdx\344\211\311?\316"
 161      C9162626 
 161      0A797373 
 161      746478E4 
 161      89C93FCE 
 162 01cb 65D35985 		.ascii	"e\323Y\205\374\177?X\261\312"
 162      FC7F3F58 
 162      B1CA
 163              		.text
 164              		.section	.gnu.lto_.symbol_nodes.2d26e06a,"",%progbits
ARM GAS  C:\cygwin\tmp\ccFg3sdR.s 			page 12


 165 0000 789C6361 		.ascii	"x\234ca`d\360b\000\002\246K\214\365\014\014\023\316"
 165      6064F062 
 165      0002A64B 
 165      8CF50C0C 
 165      13CE
 166 0012 313000A9 		.ascii	"10\000\251]\015\212@\221\313\214\365\214\250\"W\030"
 166      5D0D8A40 
 166      91CB8CF5 
 166      8CA82257 
 166      18
 167 0023 EB995045 		.ascii	"\353\231PE\2562\3263\243\2100\000\000\323\342\022\214"
 167      AE32D633 
 167      A3883000 
 167      00D3E212 
 167      8C
 168              		.text
 169              		.section	.gnu.lto_.refs.2d26e06a,"",%progbits
 170 0000 789C6361 		.ascii	"x\234ca`\004B \000\000\0009\000\007"
 170      60044220 
 170      00000039 
 170      0007
 171              		.text
 172              		.section	.gnu.lto_.decls.2d26e06a,"",%progbits
 173 0000 789CBD58 		.ascii	"x\234\275X{PT\327\031\337s\317\002\313\272\200A\322"
 173      7B5054D7 
 173      19DF73CF 
 173      02CBBA80 
 173      41D2
 174 0012 389DED8C 		.ascii	"8\235\355\214\223!\2433m\300G\222&\235N\033\262je\246"
 174      9321A333 
 174      6DC04792 
 174      269D4E1B 
 174      B26A65A6 
 175 0026 26CC62EC 		.ascii	"&\314b\354L\342\224\"n\"\035\305\024\260\215\177\365"
 175      4CE29422 
 175      6E221DC5 
 175      14B08D7F 
 175      F5
 176 0037 2A6B7818 		.ascii	"*kx\030\315\242(\210\200<DPT@\236\212+\370BD!\210\362"
 176      CDA22888 
 176      803C4450 
 176      54409E8A 
 176      2BF84244 
 177 004e 580179F8 		.ascii	"X\001y\370B\005\004\361E|\320\357<\356\336\365\272k"
 177      420504F1 
 177      457CD0EF 
 177      3CEEDEF5 
 177      BA6B
 178 0060 F347A777 		.ascii	"\363G\247w\370\366\336\357\236\337\371\235\337\371\316"
 178      F8F6DEEF 
 178      9EDFF99D 
 178      DFF9CE
 179 006f 39DF3917 		.ascii	"9\3379\027\265\012\251\310uq\272J\365\221\240R\245\201"
 179      B50AA9C8 
 179      7571BA4A 
 179      F591A052 
 179      A581
ARM GAS  C:\cygwin\tmp\ccFg3sdR.s 			page 13


 180 0081 3B09971B 		.ascii	";\011\227\033\274[\252\222/5X\025X\015\230\025\254V"
 180      BC5BAA92 
 180      2F355815 
 180      580D9815 
 180      AC56
 181 0093 F5EA45CA 		.ascii	"\365\352E\312\275x=_0?\26020=\330L\260\317\300\336\000"
 181      BD783D5F 
 181      303FB032 
 181      303DD84C 
 181      B0CFC0DE 
 182 00a8 7E1FB04E 		.ascii	"~\037\260Nx\356\000\033\004\273\005\206I\033\360\336"
 182      78EE001B 
 182      04BB0586 
 182      491BF0DE 
 183 00b8 1DCC130C 		.ascii	"\035\314\023\014q>\345E\332\3279iC\311/\361J\355\010"
 183      713EE545 
 183      DAD73969 
 183      43C92FF1 
 183      4AED08
 184 00cb 441B626D 		.ascii	"D\033bm \316\243\274H\277\264.\364\023\356\345P1\034"
 184      20CEA3BC 
 184      48BFB42E 
 184      F413EEE5 
 184      50311C
 185 00de EC0F8871 		.ascii	"\354\017\210q\022\236\277p>+\367\377\201^\346\254u\301"
 185      129EBF70 
 185      3E2BF7FF 
 185      815EE6AC 
 185      75C1
 186 00f0 49F48638 		.ascii	"I\364\2068\321K\252\273sNg1~. \353\245\247\315\352."
 186      D14BAABB 
 186      734E6731 
 186      7E2E20EB 
 186      A5A7CDEA 
 187 0105 6443D027 		.ascii	"dC\320'4\225\276E\210\375\"j*f\324\205\007A\305\371"
 187      3495BE45 
 187      88FD226A 
 187      2A66D485 
 187      0741C5F9 
 188 0119 A4574802 		.ascii	"\244WH\002r_\220\036Uv2\372\307\353\323\371@/J\"\263"
 188      725F901E 
 188      557632FA 
 188      C7EBD3F9 
 188      402F4A22 
 189 012e 235E89F9 		.ascii	"#^\211\371\274\262\012q_\220\033@\314\225*8\3601\271"
 189      BCB20A71 
 189      5F901B40 
 189      CC952A38 
 189      F031B9
 190 0141 9C4ED66C 		.ascii	"\234N\326l\357\023\222:\275\353\362@\236\200\005D\236"
 190      EF13923A 
 190      BDEBF240 
 190      9E800544 
 190      9E
 191 0152 7B270A17 		.ascii	"{'\012\027\006\034\020\341\262\210\242\360k92=\015\373"
 191      061C10E1 
 191      B288A2F0 
ARM GAS  C:\cygwin\tmp\ccFg3sdR.s 			page 14


 191      6B39323D 
 191      0DFB
 192 0164 8AF00301 		.ascii	"\212\360\003\001\315\324\"B\357\003\257\212\207\216"
 192      CDD42242 
 192      EF03AF8A 
 192      878E
 193 0172 4C78B157 		.ascii	"Lx\261W\004\321\372\303\375=\036XO\237/\232K2\010\332"
 193      04D1FAC3 
 193      FD3D1E58 
 193      4F9F2F9A 
 193      4B3208DA 
 194 0186 578BD4E0 		.ascii	"W\213\324\340\2165\245_\363\006\327O\213f<\027\204\372"
 194      8E35A55F 
 194      F306D74F 
 194      8B663C17 
 194      84FA
 195 0198 CD6587A7 		.ascii	"\315e\207\247\240Y\332\275\244\235\276\335\371\272#"
 195      A059DABD 
 195      A49DBEDD 
 195      F9BA23
 196 01a7 A2381595 		.ascii	"\2428\025\225 -:\2000\332\207\002\210\272\231dh\023"
 196      202D3A80 
 196      30DA8702 
 196      88BA9964 
 196      6813
 197 01b9 44718368 		.ascii	"Dq\203h\211\023}\033\274U\350\020\322\243\203H\257B"
 197      89137D1B 
 197      BC55E810 
 197      D2A38348 
 197      AF42
 198 01cb C5681669 		.ascii	"\305h\026i\224\000Q\021\274\334\017/\241\225}{\222s"
 198      94005111 
 198      BCDC0F2F 
 198      A1957D7B 
 198      9273
 199 01dd DD713811 		.ascii	"\335q8\021 \354,\337\377Xko\242\"\376\275\003\244\211"
 199      20EC2CDF 
 199      FF586B6F 
 199      A222FEBD 
 199      03A489
 200 01f0 3268A254 		.ascii	"2h\242Tn\002Zt\331\306a\347m\304\017\355i\027\324dv"
 200      6E025A74 
 200      D9C661E7 
 200      6DC40FED 
 200      6917D464 
 201 0205 10AEE56A 		.ascii	"\020\256\345j\362\356z\367\011\233\217\375]9\242/Sw"
 201      F2EE7AF7 
 201      099B8FFD 
 201      5D39A22F 
 201      5377
 202 0217 6C7FE831 		.ascii	"l\177\3501}\007\215d\2348C\215\226\376\302N\256B\225"
 202      7D078D64 
 202      9C38438D 
 202      96FEC24E 
 202      AE4295
 203 022a 087202AA 		.ascii	"\010r\002\252@j\026\334\244\033\373\342\334\336\316"
 203      406A16DC 
ARM GAS  C:\cygwin\tmp\ccFg3sdR.s 			page 15


 203      A41BFBE2 
 203      DCDECE
 204 0239 16B34BC4 		.ascii	"\026\263K\304\276\361\306\337\357\210\023\033\240\336"
 204      BEF1C6DF 
 204      EF88131B 
 204      A0DE
 205 0247 0C024385 		.ascii	"\014\002C\205\262^x$\267\002\324\005#Y\205\336\206\232"
 205      B25E7824 
 205      B702D405 
 205      235985DE 
 205      869A
 206 0259 6D57ADA3 		.ascii	"mW\255\243\030\237E\310\2258[{\356<\2272\216R\031G$"
 206      189F45C8 
 206      95385B7B 
 206      EE3C9732 
 206      8E521947 
 207 026e 1927F7D6 		.ascii	"\031'\367\326=\361a2\352\312\353u\242e\275(~L@\250Z"
 207      3DF16132 
 207      EACAEB75 
 207      A265BD28 
 207      7E4C40A8 
 208 0283 1651ED28 		.ascii	"\026Q\355(\242\206\212(}r7\016c\033\023\221x\3132\241"
 208      A2868A28 
 208      7D72370E 
 208      631B1391 
 208      78CB32A1 
 209 0297 E5240FEC 		.ascii	"\345$\017\354$\244'\307d\222c\216$VJb-H\015\306\217"
 209      24A427C7 
 209      6492638E 
 209      24564A62 
 209      2D480DC6 
 210 02ac 18C7A96A 		.ascii	"\030\307\251js\262\216s\034=\353(\344\270\314q\334\221"
 210      73B28E73 
 210      1C3DEB28 
 210      E4B8CC71 
 210      DC91
 211 02be A396721C 		.ascii	"\243\226r\034h\333]\243c\323N\324\223yw\"\276\234\373"
 211      68DB5DA3 
 211      63D34ED4 
 211      93797722 
 211      BE9CFB
 212 02d1 A31EE0A7 		.ascii	"\243\036\340\247\034\274V\205\230o\361\003\177\260\255"
 212      1CBC5685 
 212      986FF103 
 212      7FB0AD
 213 02e0 20DD8BCD 		.ascii	" \335\213\315K1\007\301\213\314g\317\314j\034\317\326"
 213      4B3107C1 
 213      8BCC67CF 
 213      CC6A1CCF 
 213      D6
 214 02f1 427FFB8B 		.ascii	"B\177\373\213\363|\022\307\271\201\377\2543\356\261"
 214      F37C12C7 
 214      B981FFAC 
 214      33EEB1
 215 0300 B73681C7 		.ascii	"\2676\201\307\022\246\013)\221\203YOf\023\012\324\243"
 215      12A60B29 
 215      9183594F 
ARM GAS  C:\cygwin\tmp\ccFg3sdR.s 			page 16


 215      66130AD4 
 215      A3
 216 0311 336CAAD4 		.ascii	"3l\252\324\266u\024\272\371Z\370Z\3728\226\016\312)"
 216      B67514BA 
 216      F95AF85A 
 216      FA38960E 
 216      CA29
 217 0323 809FA4F0 		.ascii	"\200\237\244\360\263\310W\252D'Q\376\365lO.\335\035"
 217      B3C857AA 
 217      442751FE 
 217      F56C4F2E 
 217      DD1D
 218 0335 FCEF9207 		.ascii	"\374\357\222\007\362\274\271t\242\254%\371\373mj.\225"
 218      F2BCB974 
 218      A2AC25F9 
 218      FB6D6A2E 
 218      95
 219 0346 2CBE2D1D 		.ascii	",\276-\035\311\177\304\311Lhg\351\266\0227\206\275G"
 219      C97FC4C9 
 219      4C6867E9 
 219      B6123786 
 219      BD47
 220 0358 B00FDA47 		.ascii	"\260\017\332G\033}\\\013m\222\204^`B\2137^\337\247\201"
 220      1B7D5C0B 
 220      6D92845E 
 220      60428B37 
 220      5EDFA781 
 221 036c EA7A58DA 		.ascii	"\352zX\332\310a]\353\331\272.\257\033?\250\306)\264"
 221      C8615DEB 
 221      D9BA2EAF 
 221      1B3FA8C6 
 221      29B4
 222 037e 29E16299 		.ascii	")\341b\231\355\214\247\274t\037\006\305\211\"B\255\320"
 222      ED8CA7BC 
 222      741F06C5 
 222      892242AD 
 222      D0
 223 038f B3167964 		.ascii	"\263\026yd\364\366e5\232+\272OW\241yz4\033\326\324E"
 223      F4F66535 
 223      9A2BBA4F 
 223      57A1797A 
 223      341BD6D4 
 224 03a4 58537ABE 		.ascii	"XSz\276\246~\0049\315|\335\356.<\355\205\263X\003\303"
 224      A67E0439 
 224      CD7CDDEE 
 224      2E3CED85 
 224      B35803C3 
 225 03b8 297713B0 		.ascii	")w\023\260\303\302\325\027\221\205\333\006\015\\\222"
 225      C3C2D517 
 225      9185DB06 
 225      0D5C92
 226 03c7 1B68452E 		.ascii	"\033hE.Z\270\354\274\205\246\234\252K\356\362P \312"
 226      5AB8ECBC 
 226      85A69CAA 
 226      4BEEF250 
 226      20CA
 227 03d9 D708E5E7 		.ascii	"\327\010\345\347h@\332\351P4IC\221\223Xf\321\222\360"
ARM GAS  C:\cygwin\tmp\ccFg3sdR.s 			page 17


 227      6840DAE9 
 227      50344943 
 227      91935866 
 227      D192F0
 228 03ec C5FD3CF6 		.ascii	"\305\375<\366\352\332'\233\325\216\354\035\257c\257"
 228      EADA279B 
 228      D58EEC1D 
 228      AF63AF
 229 03fb EC4D49E4 		.ascii	"\354MI\344s2\233\344\306\243=cuS\230\337G\242?1\224"
 229      73329BE4 
 229      C6A33D63 
 229      755398DF 
 229      47A23F31 
 230 0410 D6A6E103 		.ascii	"\326\246\341\003\355M\326\302x\306\230\016\357e#}\262"
 230      ED4DD6C2 
 230      78C6980E 
 230      EF65237D 
 230      B2
 231 0421 CB9AC047 		.ascii	"\313\232\300G\372\267d\2726\025\327Mq=\320W\245\201"
 231      FAB764BA 
 231      3615D74D 
 231      713DD057 
 231      A581
 232 0433 EE61427B 		.ascii	"\356aB{.W\336\367T\316\310.\200_\241\360^*\364\252$"
 232      2E57DEF7 
 232      54CEC82E 
 232      805FA1F0 
 232      5E2AF4AA 
 233 0448 347578E2 		.ascii	"4ux\342\227|B:\346p_\232\303\321\241\301\332\014-\227"
 233      977C423A 
 233      E6705F9A 
 233      C3D1A1C1 
 233      DA0C2D97 
 234 045c 29109997 		.ascii	")\020\231\227v\025y\340\022&\363A\322\306\307|\345\220"
 234      761579E0 
 234      1226F341 
 234      D2C6C77C 
 234      E590
 235 046e 655733D0 		.ascii	"eW3\320\262A\347Z\346\015I\346u&\363fOZ\241\227R\346"
 235      B241E75A 
 235      E60D49E6 
 235      7526F366 
 235      4F5AA197 
 236 0484 00C0FB29 		.ascii	"\000\300\373)\374&\225yC\222\331R\220\320\202\331h\375"
 236      FC269579 
 236      4392D952 
 236      90D082D9 
 236      68FD
 237 0496 DC24DE96 		.ascii	"\334$\336\226\221?\342\343\330\300\255\3275\360\270"
 237      913FE2E3 
 237      D8C0ADD7 
 237      35F0B8
 238 04a5 F26917EF 		.ascii	"\362i\027\357x6\006\177C\215-\331\207\017\230\343\312"
 238      7836067F 
 238      438D2DD9 
 238      870F98E3 
 238      CA
ARM GAS  C:\cygwin\tmp\ccFg3sdR.s 			page 18


 239 04b6 F5E32B77 		.ascii	"\365\343+w\375`I<\306\025,\022\343\251\033\0235\014"
 239      FD60493C 
 239      C6152C12 
 239      E3A91B13 
 239      350C
 240 04c8 FC16B8ED 		.ascii	"\374\026\270\355\371\331\371\202\353H\214H\221\030f"
 240      F9D9F982 
 240      EB488C48 
 240      911866
 241 04d7 429BD306 		.ascii	"B\233\323\006m\032e$\356\002\374\016\205\337\243BG$"
 241      6D1A6524 
 241      EE02FC0E 
 241      85DFA342 
 241      4724
 242 04e9 A1E5D6B1 		.ascii	"\241\345\326\261|)\205\020\2417\212\006\362\264\270"
 242      7C298510 
 242      A1378A06 
 242      F2B4B8
 243 04f8 9609D95F 		.ascii	"\226\011\331_\267\251\201\017I6\031\257\311]\243\231"
 243      B7A9810F 
 243      493619AF 
 243      C95DA399 
 244 0508 3A7C9A15 		.ascii	":|\232\025J\203\351\313\007\363\307\333\225\245\002"
 244      4A83E9CB 
 244      07F3C7DB 
 244      95A502
 245 0517 6E6685CF 		.ascii	"nf\205\317{-\026\017^\223L\320^[[\251\016_b\205\225"
 245      7B2D160F 
 245      5E934CD0 
 245      5E5B5BA9 
 245      0E5F6285 
 246 052c 37CFD54B 		.ascii	"7\317\325K5Iab\361\300&7\334\315\023h\317\255$o\334"
 246      35496162 
 246      F1C02637 
 246      DCCD1368 
 246      CFAD246F 
 247 0541 CF9CB3F5 		.ascii	"\317\234\263\365\033\376\216\357\262\347\363\327\314"
 247      1BFE8EEF 
 247      B2E7F3D7 
 247      CC
 248 054e BF6195CC 		.ascii	"\277a\225\314$M\237\331S\272\033\263\010f\3235Pv\")"
 248      244D9FD9 
 248      53BA1BB3 
 248      0866D335 
 248      50762229 
 249 0562 CE078F52 		.ascii	"\316\007\217R\260OMC\361)\037\344?\315\337~\315\362"
 249      B04F4D43 
 249      F1291FE4 
 249      3FCDDF7E 
 249      CDF2
 250 0574 F7CFA5E9 		.ascii	"\367\317\245\351\241+\365\317{\363!6\341$\024h\010\022"
 250      A12BF5CF 
 250      7BF32136 
 250      E1241468 
 250      0812
 251 0586 84284CB3 		.ascii	"\204(L\263\007\010\335\246Q\232C\316\230\311<\206\""
 251      0708DDA6 
ARM GAS  C:\cygwin\tmp\ccFg3sdR.s 			page 19


 251      519A43CE 
 251      98C93C86 
 251      22
 252 0597 8A55A1E7 		.ascii	"\212U\241\347\000xF\313\010\034f\007\332$\314B\211\202"
 252      007846CB 
 252      081C6607 
 252      DA24CC42 
 252      8982
 253 05a9 3F4A00DB 		.ascii	"?J\000\333\014\226\004\026\007\366=\330w`\223\310\037"
 253      0C960416 
 253      07F63DD8 
 253      776093C8 
 253      1F
 254 05ba C5C37D23 		.ascii	"\305\303}#\230\031l\003\330z\301\237\036\216rEs\034"
 254      98196C03 
 254      D87AC19F 
 254      1E8E7245 
 254      731C
 255 05cc 6C535774 		.ascii	"lSWtD\007\231I/\270\016\3734\254\223uP\335u\325_\020"
 255      44079949 
 255      2FB80EFB 
 255      34AC9375 
 255      50DD75D5 
 256 05e2 2CEC00E8 		.ascii	",\354\000\3504\307J\373\002:\341\2105\257\027\353\322"
 256      34C74AFB 
 256      023AE188 
 256      35AF17EB 
 256      D2
 257 05f3 297610B0 		.ascii	")v\020\260\0179V\232\251\350\201\022[\371\205X\3627"
 257      0F39569A 
 257      A9E88112 
 257      5BF98558 
 257      F237
 258 0605 D409D8F3 		.ascii	"\324\011\330\363\034+\245!\324\240\324PNya\315\243n"
 258      1C2BA521 
 258      D4A0D450 
 258      4E7961CD 
 258      A36E
 259 0617 8E953201 		.ascii	"\216\2252\001\034\177\025\274Yv\015cJ\015\243J\354a"
 259      1C7F15BC 
 259      59760D63 
 259      4A0DA34A 
 259      EC61
 260 0629 3BF69A12 		.ascii	";\366\232\022\333\247\324\220\362\2054v?)\307\256_\311"
 260      DBA7D490 
 260      F2853476 
 260      3F29C7AE 
 260      5FC9
 261 063b BBD5CEFB 		.ascii	"\273\325\316\373T\311\033\250\240M\263\323>V\322>\222"
 261      54C91BA8 
 261      A04DB3D3 
 261      3E56D23E 
 261      92
 262 064c 69E90E53 		.ascii	"i\351\016S7\331\241\023E\015\001\251\370\356\242\262"
 262      37D9A113 
 262      450D01A9 
 262      F8EEA2B2 
ARM GAS  C:\cygwin\tmp\ccFg3sdR.s 			page 20


 263 065c F364A6BF 		.ascii	"\363d\246\277\011\015\2331\245\032WR\335W*\334aW8\241"
 263      090D9B31 
 263      A51A5752 
 263      DD572ADC 
 263      615738A1 
 264 0670 54F844C6 		.ascii	"T\370D\306\302\364~\321\336\013\343^\210\351\206w\244"
 264      C2F47ED1 
 264      DE0BE35E 
 264      88E98677 
 264      A4
 265 0681 698FCD13 		.ascii	"i\217\315\023M\233\345t\206\"\013L\314\377\305$e\235"
 265      4D9BE574 
 265      86220B4C 
 265      CCFFC524 
 265      659D
 266 0693 B5A60BA4 		.ascii	"\265\246\013\244\263?\000\341\026\301\276\233\222\276"
 266      B33F00E1 
 266      16C1BE9B 
 266      92BE
 267 06a1 B30F81A7 		.ascii	"\263\017\201\247\331\245:]\222|\036\246H9=%\013:\372"
 267      D9A53A5D 
 267      927C1EA6 
 267      48393D25 
 267      0B3AFA
 268 06b4 F5007772 		.ascii	"\365\000wr\330j:\333\3153J\002Y\264\223\267my<\375\214"
 268      D86A3ADB 
 268      CD334A02 
 268      59B493B7 
 268      6D793CFD 
 269 06c9 12B6B167 		.ascii	"\022\266\261g\231U\334\367sH#~R\032))}\354\346:\025"
 269      9955DCF7 
 269      7348237E 
 269      521A2929 
 269      7DECE63A 
 270 06de EE10782A 		.ascii	"\356\020x*<\310Ra\341\206\234\024\2652\025n\027\364"
 270      3CC85261 
 270      E1869C14 
 270      B532156E 
 270      17F4
 271 06f0 284520F0 		.ascii	"(E \360T\301W\252D\320\025\255\035\217<\361a\032at\260"
 271      54C157AA 
 271      44D015AD 
 271      1D8F3CF1 
 271      611A6174 
 272 0705 534CF494 		.ascii	"SL\364\224v\010\313\317\332!\222_t\265\274tv\333)\274"
 272      7608CBCF 
 272      DA21925F 
 272      74B5BC74 
 272      76DB29BC 
 273 0719 A6B54B37 		.ascii	"\246\265K7s\314|Ko\241_B\243\0272\371\226>\325!G\372"
 273      73CC7C4B 
 273      6FA15F42 
 273      A31732F9 
 273      963ED521 
 274 072f F11C5953 		.ascii	"\361\034YS\337z\016\341*&\356\344\375\222\002^\227\344"
 274      DF7A0EE1 
 274      2A26EEE4 
ARM GAS  C:\cygwin\tmp\ccFg3sdR.s 			page 21


 274      FD92025E 
 274      97E4
 275 0741 EC7B8F73 		.ascii	"\354{\217s\0235\256\243\222-Ee\267\300>G2{\313^9cf\202"
 275      1335AEA3 
 275      922D4565 
 275      B7C03E47 
 275      327BCB5E 
 276 0759 CE0CAA33 		.ascii	"\316\014\2523\207\352\314\226t6l\254M}\245W.\321\233"
 276      87EACC96 
 276      74366CAC 
 276      4D7DA557 
 276      2ED19B
 277 076c CE54D4F3 		.ascii	"\316T\324\363\361m\240\333\362\213\262F\017|\214\311"
 277      F16DA0DB 
 277      F28BB246 
 277      0F7C8CC9 
 278 077c DEB6F549 		.ascii	"\336\266\365I\243\006\3271\247j\244\250\312\213!\353"
 278      A306D731 
 278      A76AA4A8 
 278      CA8B21EB 
 279 078c 889F5EF3 		.ascii	"\210\237^\363\240\221\237R4\016\305~\274x\274h4\337"
 279      A0919F52 
 279      340EC57E 
 279      BC78BC68 
 279      34DF
 280 079e 1D9F6675 		.ascii	"\035\237fu+2\333\263^s\204\331/ux6\355\357.\333\213"
 280      2B32DBB3 
 280      5E7384D9 
 280      2F757836 
 280      EDEF2EDB 
 281 07b3 1269E7AE 		.ascii	"\022i\347\256\223\372[\010=(\240=(\242=\330/\365\300"
 281      93FA5B08 
 281      3D28A03D 
 281      28A23DD8 
 281      2FF5C0
 282 07c6 36DE1C8F 		.ascii	"6\336\034\217\035\321\244\277.\321"
 282      1DD1A4BF 
 282      2ED1
 283 07d0 853733B6 		.ascii	"\20573\266\360\221\370\020\334\264\211\234;^\270\201"
 283      F091F810 
 283      DCB4899C 
 283      3B5EB881 
 284 07e0 A91C1E79 		.ascii	"\251\034\036yV\354\215\233\230SSu\254\236wo6\270E\007"
 284      56EC8D9B 
 284      98535375 
 284      AC9E776F 
 284      36B84507 
 285 07f4 4E344FC1 		.ascii	"N4O\301\255\254\354\231ew\231'\356d\316\256\361\236"
 285      ADACEC99 
 285      65779927 
 285      EE64CEAE 
 285      F19E
 286 0806 DB7C05CC 		.ascii	"\333|\005\314\"C\235\227\265\325\023\367\260\262IK\302"
 286      22439D97 
 286      B5D513F7 
 286      B0B2494B 
 286      C2
ARM GAS  C:\cygwin\tmp\ccFg3sdR.s 			page 22


 287 0817 4E0F3CC0 		.ascii	"N\017<\300\234\224\346\224\274)\370\026sF\3147\372\370"
 287      9C94E694 
 287      BC29F816 
 287      7346CC37 
 287      FAF8
 288 0829 EC990EEE 		.ascii	"\354\231\016\356\323\301\024\033\377f\3219\234>\374"
 288      D3C1141B 
 288      FF66D139 
 288      9C3EFC
 289 0838 F8E9E3D0 		.ascii	"\370\351\343\320\243-\251S\3600\253\332a3\037\341\330"
 289      A32DA953 
 289      F030ABDA 
 289      61331FE1 
 289      D8
 290 0849 29E0C675 		.ascii	")\340\306u\2758\371\232\357\200cRlk\330d\252M\250\311"
 290      BD38F99A 
 290      EF806352 
 290      6C6BD864 
 290      AA4DA8C9 
 291 085d F0509E92 		.ascii	"\360P\236\222\217@\270\252i\270\2544\\\307\244p\345"
 291      8F40B8AA 
 291      69B8AC34 
 291      5CC7A470 
 291      E5
 292 086e 0E741F17 		.ascii	"\016t\037\027\224\247^\227hkk\367\307x\214\251|\330"
 292      94A75E97 
 292      686B6BF7 
 292      C7788CA9 
 292      7CD8
 293 0880 DCDD8FF0 		.ascii	"\334\335\217\360C\346\230\317\237+\360\300\023\314\031"
 293      43E698CF 
 293      9F2BF0C0 
 293      13CC19
 294 088f DAD7D4E0 		.ascii	"\332\327\324\340\216'\231s\375\346O\325\030\233\325"
 294      8E279973 
 294      FDE64FD5 
 294      189BD5
 295 089e D4D93B94 		.ascii	"\324\331;\224\273\331\023'2\307|}\244\231G\350{\262"
 295      BBD91327 
 295      32C77C7D 
 295      A49947E8 
 295      7BB2
 296 08b0 A09E8E56 		.ascii	"\240\236\216V^\226bB&\334\235\2077&5\370\007\012~\253"
 296      5E966242 
 296      26DC9D87 
 296      372635F8 
 296      070A7EAB 
 297 08c4 2F2BAD51 		.ascii	"/+\255Q\207\330\301\301\341\014AO\021\376l\357\256\332"
 297      87D8C1C1 
 297      E10C414F 
 297      11FE6CEF 
 297      AEDA
 298 08d6 F5E64E9A 		.ascii	"\365\346N\232\347\311\356]\001\211\261\331q\367.\023"
 298      E7C9EE5D 
 298      0189B1D9 
 298      71F72E13 
 299 08e6 14DB4BF7 		.ascii	"\024\333K\367\227$\317C\016\240\273\026\301J\231\001"
ARM GAS  C:\cygwin\tmp\ccFg3sdR.s 			page 23


 299      9724CF43 
 299      0EA0BB16 
 299      C14A9901 
 300 08f6 6DA3D843 		.ascii	"m\243\330CH/\237\013\272\354\347\202\303J\346\022Gf"
 300      482F9F0B 
 300      BAECE782 
 300      C34AE612 
 300      4766
 301 0908 02AE96C1 		.ascii	"\002\256\226\301\345\316e8R_\225\321g\225\350\255J\352"
 301      E5CE6538 
 301      525F95D1 
 301      6795E8AD 
 301      4AEA
 302 091a E332B858 		.ascii	"\3432\270X\011>(\203_\332\205\352\241[ghY3\337\202\272"
 302      093E2883 
 302      5FDA85EA 
 302      A15B6768 
 302      5933DF82 
 303 092f 600BBA0C 		.ascii	"`\013\272\014\333\312U\260+`\255`?\202u\202u\200\265"
 303      DBCA55B0 
 303      2B60AD60 
 303      3F827582 
 303      7580B5
 304 0942 8335809D 		.ascii	"\2035\200\235\007k\004k\001k\002\273\004v\021\254\033"
 304      076B046B 
 304      016B02BB 
 304      047611AC 
 304      1B
 305 0953 AC0DCC06 		.ascii	"\254\015\314\006\326\003v\016\354\302K\347\250,Yg\235"
 305      D603760E 
 305      ECC24BE7 
 305      A82C5967 
 305      9D
 306 0964 526786B2 		.ascii	"Rg\206\262S\307dp\251\363\340J\361J\201\375\271\225"
 306      53C76470 
 306      A9F3E04A 
 306      F14A81FD 
 306      B995
 307 0976 8EDB0118 		.ascii	"\216\333\001\030\267}\034,\345\002\264W\311\234!3\237"
 307      B77D1C2C 
 307      E502B457 
 307      C99C2133 
 307      9F
 308 0987 503217BC 		.ascii	"P2\027\2742\022-2\372\220\363\340\332u\000z\007C\223"
 308      32122D32 
 308      FA90F3E0 
 308      DA75007A 
 308      074393
 309 099a 64745A89 		.ascii	"dtZ\211v<\312\020l\273\214\335\243\304\346\275\242\243"
 309      763CCA10 
 309      6CBB8CDD 
 309      A3C4E6BD 
 309      A2A3
 310 09ac 5CD651A9 		.ascii	"\\\326Q\251D\263\003\225\035MNj_\222\323\",bt\224\203"
 310      44B30395 
 310      1D4D4E6A 
 310      5F92D322 
ARM GAS  C:\cygwin\tmp\ccFg3sdR.s 			page 24


 310      2C627494 
 311 09c1 A5E58BAA 		.ascii	"\245\345\213\252\224\361(\221\231k\235\017\213c\244"
 311      94F12891 
 311      996B9D0F 
 311      8B63A4
 312 09d0 3B69A473 		.ascii	";i\244s\2019\213\203\245]\006\355R2\247\313\314'\235"
 312      81398B83 
 312      A55D06ED 
 312      5232A7CB 
 312      CC279D
 313 09e3 47DAE1B4 		.ascii	"G\332\341\264\266\255\213\236\326\232\225\2475\022\252"
 313      B6AD8B9E 
 313      D69A95A7 
 313      3512AA
 314 09f2 36691593 		.ascii	"6i\025\223`\345;\017\326\034Y\343\025\2521\0354\246"
 314      60E53B0F 
 314      D61C59E3 
 314      15AA311D 
 314      34A6
 315 0a04 098A557C 		.ascii	"\011\212U|\007)4\246\311\032O9\0351\326y\362\305\326"
 315      072934A6 
 315      C91A4F39 
 315      1D31D679 
 315      F2C5D6
 316 0a17 BBBD598D 		.ascii	"\273\275Y\215\267\323\324#\\;]<\004\251\177\032\323"
 316      B7D3D423 
 316      5C3B5D3C 
 316      04A97F1A 
 316      D3
 317 0a28 3ED68588 		.ascii	">\326\205\210\366~\250\334+\037\276\232\351\341\313"
 317      F67EA8DC 
 317      2B1FBE9A 
 317      E9E1CB
 318 0a37 E9B2437D 		.ascii	"\351\262C}\260\332\376\037+\017tg\217\014n\363y\351"
 318      B0DAFE1F 
 318      2B0F7467 
 318      8F0C6EF3 
 318      79E9
 319 0a49 E8D7FFD2 		.ascii	"\350\327\377\322\321o\200\037\375\006\350\321/\251\350"
 319      D16F801F 
 319      FD06E8D1 
 319      2FA9E8
 320 0a58 688E37CE 		.ascii	"h\2167\316b\3318w\260\351\034\337\016\177E>\256\267"
 320      62D93877 
 320      B0E91CDF 
 320      0E7F453E 
 320      AEB7
 321 0a6a 0D6D412C 		.ascii	"\015mA,\031\017\222\344\234\3234\276C\213\0170l\265"
 321      190F92E4 
 321      9CD334BE 
 321      438B0F30 
 321      6CB5
 322 0a7c 75782E83 		.ascii	"ux.\203\222\357\276\203w\223g\272\336\236\006\245\355"
 322      92EFBE83 
 322      779367BA 
 322      DE9E06A5 
 322      ED
ARM GAS  C:\cygwin\tmp\ccFg3sdR.s 			page 25


 323 0a8d E916DB9E 		.ascii	"\351\026\333\236\332\236X\177\322\341\012J\244.\333"
 323      DA9E587F 
 323      D2E10A4A 
 323      A42EDB
 324 0a9c D09BE38D 		.ascii	"\320\233\343\215f\351\021\300\021\373g\021\371\207\265"
 324      66E911C0 
 324      11FB6711 
 324      F987B5
 325 0aab 0A0DC3E0 		.ascii	"\012\015\303\340\337\0260\237\031\252t\021\370G\377"
 325      DF16309F 
 325      19AA7411 
 325      F847FF
 326 0aba 4D5EC3B3 		.ascii	"M^\303\263\206\336\235\374\337\350\016Dw\230\2667\004"
 326      86DE9DFC 
 326      DFE80E44 
 326      7798B637 
 326      04
 327 0acb C1BFCB1A 		.ascii	"\301\277\313\032\264\234;i\305\216;\034\341\276\001"
 327      B49C3B69 
 327      C58E3B1C 
 327      E1BE01
 328 0ada E5D7E95C 		.ascii	"\345\327\351\\\032\241;\334\240\264\303]9{\301\354\256"
 328      1AA13BDC 
 328      A0B4C35D 
 328      397BC1EC 
 328      AE
 329 0aeb E5DC96FF 		.ascii	"\345\334\226\377\306\275%;>\325\323\221\373\336\353"
 329      C6BD253B 
 329      3ED5D391 
 329      FBDEEB
 330 0afa B8FBDB4B 		.ascii	"\270\373\333Ks\265\357\344\211-\331b\337\375\244\277"
 330      73B5EFE4 
 330      892DD962 
 330      DFFDA4BF 
 331 0b0a 268BE634 		.ascii	"&\213\3464Q\215Fa\356\336\204\231dEo;T\275\006o\226"
 331      518D4661 
 331      EEDE8499 
 331      64456F3B 
 331      54BD066F 
 332 0b1f 4020C684 		.ascii	"@ \306\204wTS\243\376\031\031\261 *|\371*\323RSD\354"
 332      775453A3 
 332      FE1919B1 
 332      202A7CF9 
 332      2AD35253 
 333 0b35 9A68CD9F 		.ascii	"\232h\315\237>\375|\206a\316\034\2256,lmdT\354\274\271"
 333      3EFD7C86 
 333      61CE1C95 
 333      362C6C6D 
 333      6454ECBC 
 334 0b4a 61B11F45 		.ascii	"a\261\037E\374nY\304\272\257\377\025\031\265,<z\365"
 334      FC6E59C4 
 334      BAAFFF15 
 334      19B52C3C 
 334      7AF5
 335 0b5c BB516BA2 		.ascii	"\273Qk\242L\357\232\302\227G.\213\214\212X\265v\205"
 335      4CEF9AC2 
 335      97472E8B 
ARM GAS  C:\cygwin\tmp\ccFg3sdR.s 			page 26


 335      8C8A58B5 
 335      7685
 336 0b6e 69D9EAF0 		.ascii	"i\331\352\360\210\225\221Q\246ea+L_\205\257]\025\033"
 336      88959151 
 336      A665612B 
 336      4C5F85AF 
 336      5D151B
 337 0b81 16BBEE1B 		.ascii	"\026\273\356\033SL\300J\225F\242\010\370o\0241\353b"
 337      534CC04A 
 337      9546A208 
 337      F86F1431 
 337      EB62
 338 0b93 9685C5C4 		.ascii	"\226\205\305\304\256\000<\324{7  \320\2602ry\344g\241"
 338      AE003CD4 
 338      7B372020 
 338      D0B03272 
 338      79E467A1 
 339 0ba7 816B6202 		.ascii	"\201kb\002W\206\257\012\374fMtlL`\304\232\325\253\327"
 339      5786AF0A 
 339      FC664D74 
 339      6C4C60C4 
 339      9AD5ABD7 
 340 0bbb 44050619 		.ascii	"D\005\006\031\027\033\026\177\033H\304\007D\250\336"
 340      171B167F 
 340      1B48C407 
 340      44A8DE
 341 0bca 20F7F991 		.ascii	" \367\371\2211r/\364\344M\250)6t]L\254i\365\242\360"
 341      31722FF4 
 341      E44DA829 
 341      36745D4C 
 341      AC69F5A2 
 342 0bdf A815AB4C 		.ascii	"\250\025\253L\321!\321\221k\242#c\327\321>\033V\231"
 342      D121D191 
 342      6BA22363 
 342      D7D13E1B 
 342      5699
 343 0bf1 C2A3434C 		.ascii	"\302\243CLQ\320\340\327\236\306\005\241\013\214K\027"
 343      51D0E0D7 
 343      9EC605A1 
 343      0B8C4B17 
 344 0c01 CC7F5F08 		.ascii	"\314\177_\010\016\361d\375\3760,\326\203\337\355\305"
 344      0EF164FD 
 344      FE302CD6 
 344      83DFEDC5 
 345 0c11 EFA98383 		.ascii	"\357\251\203\203>1\332\335y\352`C\210\354\316U\007\207"
 345      3E31DADD 
 345      79EA6043 
 345      88ECCE55 
 345      0787
 346 0c23 86183546 		.ascii	"\206\0305F\346\315\201\302\005r\341l(\\`T\207.\0116"
 346      E6CD81C2 
 346      0572E16C 
 346      285C6054 
 346      872E0936 
 347 0c37 CE7DB96F 		.ascii	"\316}\271o\274G\246oc\003\015\213C\203C\003yD\240 \332"
 347      BC47A66F 
 347      63030D8B 
ARM GAS  C:\cygwin\tmp\ccFg3sdR.s 			page 27


 347      43834303 
 347      7944A020 
 348 0c4c 1416B17A 		.ascii	"\024\026\261z\036\204\303\363\323\245\301\206\260%\020"
 348      1E84C3F3 
 348      D3A5C186 
 348      B02510
 349 0c5b 54A00932 		.ascii	"T\240\0112\252\027/^h\304A\363\215x>\334C\026\032\325"
 349      AA172F5E 
 349      68C441F3 
 349      8D783EDC 
 349      43161AD5 
 350 0c6f 410B438D 		.ascii	"A\013C\215\352O\026\006\031\335\240\010\000\363\211"
 350      EA4F1606 
 350      19DDA008 
 350      00F389
 351 0c7e BF88FC18 		.ascii	"\277\210\374\030\340\307-t\221!\324\210C\027\205`\203"
 351      E0C72D74 
 351      9121D488 
 351      43178560 
 351      83
 352 0c8f 01EE06A3 		.ascii	"\001\356\006\243[P\260\321`T/]\362\231\021t\002\302"
 352      5B50B0D1 
 352      60542F5D 
 352      F2991174 
 352      02C2
 353 0ca1 10F279F0 		.ascii	"\020\362y\360|\370\0152\0305\241\206Oh[^aa_\255\215"
 353      7CF80D32 
 353      1835A186 
 353      4F685B5E 
 353      61615FAD 
 354 0cb6 8A080B0B 		.ascii	"\212\010\013\013\370\340\203\331\357k$O\035\2612<\372"
 354      F8E083D9 
 354      EF6B244F 
 354      1DB1323C 
 354      FA
 355 0cc7 3FB926EF 		.ascii	"?\271&\357\011"
 355      09
 356              		.text
 357              		.section	.gnu.lto_.symtab.2d26e06a,"",%progbits
 358 0000 6E766963 		.ascii	"nvicEnableVector\000"
 358      456E6162 
 358      6C655665 
 358      63746F72 
 358      00
 359 0011 00       		.ascii	"\000"
 360 0012 00       		.ascii	"\000"
 361 0013 00       		.ascii	"\000"
 362 0014 00000000 		.ascii	"\000\000\000\000\000\000\000\000"
 362      00000000 
 363 001c B7000000 		.ascii	"\267\000\000\000"
 364 0020 6E766963 		.ascii	"nvicDisableVector\000"
 364      44697361 
 364      626C6556 
 364      6563746F 
 364      7200
 365 0032 00       		.ascii	"\000"
 366 0033 00       		.ascii	"\000"
ARM GAS  C:\cygwin\tmp\ccFg3sdR.s 			page 28


 367 0034 00       		.ascii	"\000"
 368 0035 00000000 		.ascii	"\000\000\000\000\000\000\000\000"
 368      00000000 
 369 003d BB000000 		.ascii	"\273\000\000\000"
 370 0041 6E766963 		.ascii	"nvicSetSystemHandlerPriority\000"
 370      53657453 
 370      79737465 
 370      6D48616E 
 370      646C6572 
 371 005e 00       		.ascii	"\000"
 372 005f 00       		.ascii	"\000"
 373 0060 00       		.ascii	"\000"
 374 0061 00000000 		.ascii	"\000\000\000\000\000\000\000\000"
 374      00000000 
 375 0069 BD000000 		.ascii	"\275\000\000\000"
 376 006d 6E766963 		.ascii	"nvicClearPending\000"
 376      436C6561 
 376      7250656E 
 376      64696E67 
 376      00
 377 007e 00       		.ascii	"\000"
 378 007f 00       		.ascii	"\000"
 379 0080 00       		.ascii	"\000"
 380 0081 00000000 		.ascii	"\000\000\000\000\000\000\000\000"
 380      00000000 
 381 0089 BF000000 		.ascii	"\277\000\000\000"
 382              		.text
 383              		.section	.gnu.lto_.opts,"",%progbits
 384 0000 272D666D 		.ascii	"'-fmath-errno' '-fsigned-zeros' '-ftrapping-math' '"
 384      6174682D 
 384      6572726E 
 384      6F272027 
 384      2D667369 
 385 0033 2D666E6F 		.ascii	"-fno-trapv' '-fno-openmp' '-fno-openacc' '-mcpu=cor"
 385      2D747261 
 385      70762720 
 385      272D666E 
 385      6F2D6F70 
 386 0066 7465782D 		.ascii	"tex-m3' '-mno-thumb-interwork' '-mthumb' '-ggdb' '-"
 386      6D332720 
 386      272D6D6E 
 386      6F2D7468 
 386      756D622D 
 387 0099 4F322720 		.ascii	"O2' '-fomit-frame-pointer' '-falign-functions=16' '"
 387      272D666F 
 387      6D69742D 
 387      6672616D 
 387      652D706F 
 388 00cc 2D666675 		.ascii	"-ffunction-sections' '-fdata-sections' '-fno-common"
 388      6E637469 
 388      6F6E2D73 
 388      65637469 
 388      6F6E7327 
 389 00ff 2720272D 		.ascii	"' '-flto'\000"
 389      666C746F 
 389      2700
 390              		.text
ARM GAS  C:\cygwin\tmp\ccFg3sdR.s 			page 29


 391              		.comm	__gnu_lto_v1,1,1
 392              		.comm	__gnu_lto_slim,1,1
 393              		.ident	"GCC: (GNU Tools for ARM Embedded Processors) 5.4.1 20160919 (release) [ARM/embedded-5-bran
ARM GAS  C:\cygwin\tmp\ccFg3sdR.s 			page 30


DEFINED SYMBOLS
                            *ABS*:00000000 nvic.c
                            *COM*:00000001 __gnu_lto_v1
                            *COM*:00000001 __gnu_lto_slim

NO UNDEFINED SYMBOLS
